AMAK;August_2013
# styr
1
# endyr
30
# rec_age
1
# oldest_age
12
# nlength
81
# len_bins
 10 11 12 13 14 15 16 17 18 19 20 21 22 23 24 25 26 27 28 29 30 31 32 33 34 35 36 37 38 39 40 41 42 43 44 45 46 47 48 49 50 51 52 53 54 55 56 57 58 59 60 61 62 63 64 65 66 67 68 69 70 71 72 73 74 75 76 77 78 79 80 81 82 83 84 85 86 87 88 89 90
# datafile_name
amak_data.dat
# model_name
OM_1
# styr
1
# endyr
30
# rec_age
1
# oldest_age
12
# nfsh
1
# fshname
OM1
# catch_bio_in
 162.155 467.554 762.569 995.067 766.212 1320.41 1289.58 2488.92 1328.12 1523.78 1610.91 1613.52 1106.35 1532.67 1496.29 1259.87 2269.06 1592.39 1449.16 1316.02 1618.81 1085.46 1644.64 1200.76 1112.97 975.991 922.67 1210.17 878.544 1266.68
# catch_bio_sd_in
 0.01 0.01 0.01 0.01 0.01 0.01 0.01 0.01 0.01 0.01 0.01 0.01 0.01 0.01 0.01 0.01 0.01 0.01 0.01 0.01 0.01 0.01 0.01 0.01 0.01 0.01 0.01 0.01 0.01 0.01
# nyrs_fsh_age
 30
# nyrs_fsh_length
 0
# yrs_fsh_age_in
 1 2 3 4 5 6 7 8 9 10 11 12 13 14 15 16 17 18 19 20 21 22 23 24 25 26 27 28 29 30
# yrs_fsh_length_in

# n_sample_fsh_length_in

# olc_fsh_in

# nind
1
# indname
survey_index1
# nyrs_ind
 30
# yrs_ind_in
 1 2 3 4 5 6 7 8 9 10 11 12 13 14 15 16 17 18 19 20 21 22 23 24 25 26 27 28 29 30
# mo_ind
 1
# obs_ind_in
 1.66898 1.51618 1.47683 1.30387 1.49587 1.51304 1.45272 1.41014 1.21151 1.06139 1.37793 1.20706 0.945099 0.971977 0.879936 1.04477 1.01904 0.903608 0.798812 0.664876 0.727066 0.71774 0.732756 0.542644 0.614559 0.585883 0.537794 0.532299 0.562678 0.560157
# obs_se_ind_in
 0.333796 0.303237 0.295366 0.260774 0.299175 0.302609 0.290544 0.282028 0.242302 0.212278 0.275586 0.241411 0.18902 0.194395 0.175987 0.208955 0.203809 0.180722 0.159762 0.132975 0.145413 0.143548 0.146551 0.108529 0.122912 0.117177 0.107559 0.10646 0.112536 0.112031
# nyrs_ind_age
 30
# nyrs_ind_length
 0
# yrs_ind_age_in
 1 2 3 4 5 6 7 8 9 10 11 12 13 14 15 16 17 18 19 20 21 22 23 24 25 26 27 28 29 30
# yrs_ind_length_in

# yrs_ind_age_in
 1 2 3 4 5 6 7 8 9 10 11 12 13 14 15 16 17 18 19 20 21 22 23 24 25 26 27 28 29 30
# n_sample_ind_length_in

# olc_ind_in

# oac_ind_in
 0.055 0.195 0.12 0.14 0.075 0.07 0.08 0.04 0.045 0.045 0.03 0.105
 0.085 0.125 0.165 0.125 0.07 0.07 0.06 0.095 0.025 0.03 0.03 0.12
 0.045 0.17 0.165 0.13 0.105 0.07 0.055 0.05 0.04 0.03 0.02 0.12
 0.055 0.165 0.145 0.11 0.07 0.07 0.09 0.045 0.045 0.02 0.04 0.145
 0.065 0.13 0.12 0.13 0.08 0.075 0.055 0.05 0.07 0.05 0.04 0.135
 0.085 0.17 0.12 0.14 0.095 0.04 0.07 0.055 0.05 0.04 0.01 0.125
 0.055 0.2 0.225 0.055 0.07 0.09 0.04 0.035 0.035 0.03 0.02 0.145
 0.07 0.155 0.17 0.21 0.07 0.055 0.06 0.04 0.02 0.035 0.025 0.09
 0.045 0.175 0.165 0.15 0.125 0.045 0.045 0.06 0.04 0.05 0.015 0.085
 0.07 0.185 0.15 0.1 0.14 0.07 0.035 0.05 0.02 0.045 0.035 0.1
 0.12 0.17 0.13 0.165 0.075 0.1 0.08 0.03 0.01 0.025 0.025 0.07
 0.06 0.23 0.145 0.13 0.14 0.065 0.095 0.03 0.02 0.02 0.01 0.055
 0.075 0.22 0.18 0.105 0.095 0.09 0.035 0.025 0.04 0.02 0.015 0.1
 0.135 0.13 0.17 0.135 0.13 0.05 0.07 0.035 0.045 0.03 0 0.07
 0.085 0.26 0.135 0.115 0.12 0.06 0.06 0.04 0.025 0.035 0.02 0.045
 0.075 0.21 0.2 0.135 0.095 0.105 0.05 0.035 0.035 0.015 0.005 0.04
 0.105 0.235 0.175 0.13 0.11 0.065 0.03 0.025 0.025 0.015 0.03 0.055
 0.095 0.19 0.21 0.135 0.105 0.085 0.02 0.04 0.015 0.015 0.03 0.06
 0.1 0.15 0.245 0.18 0.115 0.05 0.035 0.015 0.02 0.015 0.02 0.055
 0.095 0.14 0.215 0.155 0.135 0.085 0.065 0.03 0.03 0.015 0.02 0.015
 0.13 0.225 0.19 0.11 0.14 0.07 0.03 0.045 0.02 0 0.015 0.025
 0.14 0.26 0.225 0.09 0.08 0.105 0.04 0.015 0.025 0.01 0.005 0.005
 0.065 0.235 0.285 0.15 0.1 0.045 0.065 0.015 0.02 0.015 0 0.005
 0.1 0.255 0.225 0.13 0.115 0.04 0.025 0.06 0.02 0.005 0.005 0.02
 0.105 0.25 0.175 0.175 0.115 0.06 0.03 0.03 0.025 0.02 0.005 0.01
 0.095 0.25 0.235 0.155 0.11 0.07 0.025 0.015 0.025 0 0 0.02
 0.1 0.235 0.27 0.13 0.125 0.055 0.025 0.02 0.015 0 0 0.025
 0.125 0.315 0.18 0.18 0.08 0.02 0.03 0.03 0.015 0.01 0.015 0
 0.12 0.365 0.215 0.085 0.085 0.055 0.02 0.015 0.005 0.015 0 0.02
 0.105 0.315 0.235 0.135 0.075 0.045 0.03 0.04 0.015 0 0 0.005
# wt_ind
 1 1 1 1 1 1 1 1 1 1 1 1
 1 1 1 1 1 1 1 1 1 1 1 1
 1 1 1 1 1 1 1 1 1 1 1 1
 1 1 1 1 1 1 1 1 1 1 1 1
 1 1 1 1 1 1 1 1 1 1 1 1
 1 1 1 1 1 1 1 1 1 1 1 1
 1 1 1 1 1 1 1 1 1 1 1 1
 1 1 1 1 1 1 1 1 1 1 1 1
 1 1 1 1 1 1 1 1 1 1 1 1
 1 1 1 1 1 1 1 1 1 1 1 1
 1 1 1 1 1 1 1 1 1 1 1 1
 1 1 1 1 1 1 1 1 1 1 1 1
 1 1 1 1 1 1 1 1 1 1 1 1
 1 1 1 1 1 1 1 1 1 1 1 1
 1 1 1 1 1 1 1 1 1 1 1 1
 1 1 1 1 1 1 1 1 1 1 1 1
 1 1 1 1 1 1 1 1 1 1 1 1
 1 1 1 1 1 1 1 1 1 1 1 1
 1 1 1 1 1 1 1 1 1 1 1 1
 1 1 1 1 1 1 1 1 1 1 1 1
 1 1 1 1 1 1 1 1 1 1 1 1
 1 1 1 1 1 1 1 1 1 1 1 1
 1 1 1 1 1 1 1 1 1 1 1 1
 1 1 1 1 1 1 1 1 1 1 1 1
 1 1 1 1 1 1 1 1 1 1 1 1
 1 1 1 1 1 1 1 1 1 1 1 1
 1 1 1 1 1 1 1 1 1 1 1 1
 1 1 1 1 1 1 1 1 1 1 1 1
 1 1 1 1 1 1 1 1 1 1 1 1
 1 1 1 1 1 1 1 1 1 1 1 1
# wt_pop
 0.000530656 0.00119633 0.00205827 0.00303499 0.00405521 0.0050647 0.00602623 0.00691692 0.00772489 0.00844611 0.00908185 0.0096367
# maturity
 0.0229774 0.320821 0.904651 0.99478 0.999739 0.999987 0.999999 1 1 1 1 1
# spawnmo
1
# age_err
 1 0 0 0 0 0 0 0 0 0 0 0
 0 1 0 0 0 0 0 0 0 0 0 0
 0 0 1 0 0 0 0 0 0 0 0 0
 0 0 0 1 0 0 0 0 0 0 0 0
 0 0 0 0 1 0 0 0 0 0 0 0
 0 0 0 0 0 1 0 0 0 0 0 0
 0 0 0 0 0 0 1 0 0 0 0 0
 0 0 0 0 0 0 0 1 0 0 0 0
 0 0 0 0 0 0 0 0 1 0 0 0
 0 0 0 0 0 0 0 0 0 1 0 0
 0 0 0 0 0 0 0 0 0 0 1 0
 0 0 0 0 0 0 0 0 0 0 0 1
# cntrlfile_name
C:\Users\bai.li\Desktop\s1_test\AMAK\s136\amak.dat
# Map shared selectivity: 
# sel_map
 1 2
 1 1
# datafile_name
amak_data.dat
# model_name
OM_1
# SrType
2
# use_age_err
0
# retro
0
# sigmarprior
0.2
# cvsigmarprior
0.25
# phase_sigmar
-3
# styr_rec_est
1
# endyr_rec_est
30
# Linfprior
80
# cvLinfprior
0.25
# kprior
0.18
# cvkprior
0.25
# Loprior
27.688
# cvLoprior
0.25
# sdageprior
0.1
# cvsdageprior
0.25
# natmortprior
0.2
# cvnatmortprior
0.25
# phase_M
-4
# npars_Mage
0
# ages_M_changes

# Mage_in

# phase_Mage
-5
# phase_rw_M
0
# npars_rw_M
0
# yrs_rw_M

# sigma_rw_M

# qprior
 3.48998e-007
# cvqprior
 1
# phase_q
 1
# q_power_prior
 1
# cvq_power_prior
 0.2
# phase_q_power
 -4
# phase_rw_q
 -1
# npars_rw_q
 0
# yrs_rw_q

# sigma_rw_q

# q_age_min
 1
# q_age_max
 12
# q_age_min
 1
# q_age_max
 12
# fsh_sel_opt(k)
2
# phase_sel_fsh(k)
-2
# n_sel_ch_fsh(k)
1
# sel_slp_in_fsh(k)(1,n_sel_ch_fsh(k))
 1
# sel_inf_in_fsh(k)(1,n_sel_ch_fsh(k))
 2
# logsel_slp_in_fsh(k)(1,n_sel_ch_fsh(k))
 0
# yrs_sel_ch_fsh(k)(1,n_sel_ch_fsh(k))
 1

Survey survey_index1
# ind_sel_opt(k)
2
# indname(k)
survey_index1
# nselages_in_ind(k)
11
# phase_sel_ind(k)
-2
# sel_change_in_ind(k)
 1 0 0 0 0 0 0 0 0 0 0 0 0 0 0 0 0 0 0 0 0 0 0 0 0 0 0 0 0 0
# n_sel_ch_ind(k)
1
# yrs_sel_ch_ind(k)(1,n_sel_ch_ind(k))
 1
# sel_slp_in_ind(k,1)
2
# sel_inf_in_ind(k,1)
1.5
# logsel_slp_in_ind(k,1)
0.693147
# logsel_slp_in_indv(k)
0.693147
survey_index1 ind sel opt 2  1 0 0 0 0 0 0 0 0 0 0 0 0 0 0 0 0 0 0 0 0 0 0 0 0 0 0 0 0 0
Phase indices Sel_Coffs:  -1
 Test: 1.23457e+008
# Fshry Selages:  11
# Srvy  Selages:  11
# Phase for age-spec fishery  -1
# Phase for logistic fishery  -2
# Phase for dble logistic fishery  -1
# Phase for age-spec indices   -1
# Phase for logistic indices   -2
# Phase for dble logistic ind  -1
# Curv_pen_fsh: 
 0
# Curv_pen_ind: 
 0
# styr_fut
31
# endyr_fut
35
# nyrs_fsh_age
 30
# nyrs_fsh_age
 30
# yrs_fsh_age
 1 2 3 4 5 6 7 8 9 10 11 12 13 14 15 16 17 18 19 20 21 22 23 24 25 26 27 28 29 30
# n_sample_fsh_age
 200 200 200 200 200 200 200 200 200 200 200 200 200 200 200 200 200 200 200 200 200 200 200 200 200 200 200 200 200 200
# oac_fsh
 0.09 0.105 0.12 0.13 0.12 0.085 0.04 0.055 0.05 0.05 0.03 0.125
 0.055 0.12 0.095 0.165 0.115 0.035 0.08 0.055 0.05 0.035 0.02 0.175
 0.065 0.145 0.16 0.125 0.085 0.105 0.065 0.06 0.05 0.035 0.025 0.08
 0.04 0.115 0.13 0.1 0.08 0.105 0.095 0.085 0.05 0.03 0.03 0.14
 0.1 0.08 0.09 0.16 0.135 0.055 0.09 0.06 0.035 0.045 0.02 0.13
 0.065 0.145 0.095 0.135 0.125 0.075 0.065 0.065 0.035 0.04 0.035 0.12
 0.09 0.15 0.185 0.11 0.075 0.105 0.05 0.015 0.05 0.05 0.015 0.105
 0.11 0.1 0.155 0.175 0.09 0.075 0.065 0.045 0.03 0.025 0.025 0.105
 0.05 0.135 0.16 0.13 0.15 0.045 0.065 0.055 0.035 0.035 0.015 0.125
 0.075 0.15 0.14 0.135 0.125 0.08 0.04 0.05 0.045 0.03 0.01 0.12
 0.085 0.175 0.155 0.155 0.095 0.095 0.09 0.02 0.015 0.025 0.02 0.07
 0.075 0.115 0.15 0.14 0.11 0.12 0.08 0.08 0.01 0.03 0.015 0.075
 0.1 0.125 0.155 0.125 0.11 0.125 0.045 0.055 0.06 0.03 0.01 0.06
 0.09 0.105 0.17 0.21 0.11 0.065 0.06 0.035 0.04 0.025 0 0.09
 0.13 0.16 0.16 0.135 0.125 0.035 0.08 0.065 0.02 0.04 0.01 0.04
 0.135 0.17 0.145 0.105 0.11 0.075 0.07 0.045 0.055 0.01 0.02 0.06
 0.08 0.175 0.17 0.16 0.105 0.085 0.07 0.045 0.03 0.02 0.005 0.055
 0.095 0.19 0.27 0.07 0.1 0.075 0.045 0.04 0.045 0 0.015 0.055
 0.145 0.15 0.145 0.185 0.11 0.07 0.08 0.02 0.025 0.01 0.015 0.045
 0.11 0.18 0.15 0.18 0.12 0.06 0.05 0.045 0.015 0.03 0.02 0.04
 0.135 0.175 0.18 0.12 0.1 0.08 0.06 0.04 0.015 0.025 0.03 0.04
 0.145 0.225 0.16 0.21 0.07 0.06 0.05 0.03 0.01 0 0.01 0.03
 0.105 0.255 0.24 0.08 0.095 0.035 0.045 0.06 0.025 0.005 0.03 0.025
 0.095 0.175 0.26 0.185 0.095 0.065 0.05 0.035 0.025 0 0.01 0.005
 0.22 0.185 0.15 0.18 0.11 0.05 0.025 0.045 0.01 0 0 0.025
 0.13 0.19 0.135 0.195 0.14 0.08 0.04 0.035 0.025 0.015 0 0.015
 0.115 0.185 0.27 0.115 0.09 0.075 0.055 0.03 0.02 0.01 0.01 0.025
 0.22 0.205 0.12 0.185 0.095 0.04 0.025 0.04 0.025 0.02 0.01 0.015
 0.15 0.245 0.145 0.145 0.115 0.08 0.02 0.035 0.025 0.005 0.01 0.025
 0.21 0.25 0.21 0.12 0.075 0.07 0.01 0.015 0.025 0.005 0 0.01
# olc_fsh

# wt_fsh
 0.000530656 0.00119633 0.00205827 0.00303499 0.00405521 0.0050647 0.00602623 0.00691692 0.00772489 0.00844611 0.00908185 0.0096367
 0.000530656 0.00119633 0.00205827 0.00303499 0.00405521 0.0050647 0.00602623 0.00691692 0.00772489 0.00844611 0.00908185 0.0096367
 0.000530656 0.00119633 0.00205827 0.00303499 0.00405521 0.0050647 0.00602623 0.00691692 0.00772489 0.00844611 0.00908185 0.0096367
 0.000530656 0.00119633 0.00205827 0.00303499 0.00405521 0.0050647 0.00602623 0.00691692 0.00772489 0.00844611 0.00908185 0.0096367
 0.000530656 0.00119633 0.00205827 0.00303499 0.00405521 0.0050647 0.00602623 0.00691692 0.00772489 0.00844611 0.00908185 0.0096367
 0.000530656 0.00119633 0.00205827 0.00303499 0.00405521 0.0050647 0.00602623 0.00691692 0.00772489 0.00844611 0.00908185 0.0096367
 0.000530656 0.00119633 0.00205827 0.00303499 0.00405521 0.0050647 0.00602623 0.00691692 0.00772489 0.00844611 0.00908185 0.0096367
 0.000530656 0.00119633 0.00205827 0.00303499 0.00405521 0.0050647 0.00602623 0.00691692 0.00772489 0.00844611 0.00908185 0.0096367
 0.000530656 0.00119633 0.00205827 0.00303499 0.00405521 0.0050647 0.00602623 0.00691692 0.00772489 0.00844611 0.00908185 0.0096367
 0.000530656 0.00119633 0.00205827 0.00303499 0.00405521 0.0050647 0.00602623 0.00691692 0.00772489 0.00844611 0.00908185 0.0096367
 0.000530656 0.00119633 0.00205827 0.00303499 0.00405521 0.0050647 0.00602623 0.00691692 0.00772489 0.00844611 0.00908185 0.0096367
 0.000530656 0.00119633 0.00205827 0.00303499 0.00405521 0.0050647 0.00602623 0.00691692 0.00772489 0.00844611 0.00908185 0.0096367
 0.000530656 0.00119633 0.00205827 0.00303499 0.00405521 0.0050647 0.00602623 0.00691692 0.00772489 0.00844611 0.00908185 0.0096367
 0.000530656 0.00119633 0.00205827 0.00303499 0.00405521 0.0050647 0.00602623 0.00691692 0.00772489 0.00844611 0.00908185 0.0096367
 0.000530656 0.00119633 0.00205827 0.00303499 0.00405521 0.0050647 0.00602623 0.00691692 0.00772489 0.00844611 0.00908185 0.0096367
 0.000530656 0.00119633 0.00205827 0.00303499 0.00405521 0.0050647 0.00602623 0.00691692 0.00772489 0.00844611 0.00908185 0.0096367
 0.000530656 0.00119633 0.00205827 0.00303499 0.00405521 0.0050647 0.00602623 0.00691692 0.00772489 0.00844611 0.00908185 0.0096367
 0.000530656 0.00119633 0.00205827 0.00303499 0.00405521 0.0050647 0.00602623 0.00691692 0.00772489 0.00844611 0.00908185 0.0096367
 0.000530656 0.00119633 0.00205827 0.00303499 0.00405521 0.0050647 0.00602623 0.00691692 0.00772489 0.00844611 0.00908185 0.0096367
 0.000530656 0.00119633 0.00205827 0.00303499 0.00405521 0.0050647 0.00602623 0.00691692 0.00772489 0.00844611 0.00908185 0.0096367
 0.000530656 0.00119633 0.00205827 0.00303499 0.00405521 0.0050647 0.00602623 0.00691692 0.00772489 0.00844611 0.00908185 0.0096367
 0.000530656 0.00119633 0.00205827 0.00303499 0.00405521 0.0050647 0.00602623 0.00691692 0.00772489 0.00844611 0.00908185 0.0096367
 0.000530656 0.00119633 0.00205827 0.00303499 0.00405521 0.0050647 0.00602623 0.00691692 0.00772489 0.00844611 0.00908185 0.0096367
 0.000530656 0.00119633 0.00205827 0.00303499 0.00405521 0.0050647 0.00602623 0.00691692 0.00772489 0.00844611 0.00908185 0.0096367
 0.000530656 0.00119633 0.00205827 0.00303499 0.00405521 0.0050647 0.00602623 0.00691692 0.00772489 0.00844611 0.00908185 0.0096367
 0.000530656 0.00119633 0.00205827 0.00303499 0.00405521 0.0050647 0.00602623 0.00691692 0.00772489 0.00844611 0.00908185 0.0096367
 0.000530656 0.00119633 0.00205827 0.00303499 0.00405521 0.0050647 0.00602623 0.00691692 0.00772489 0.00844611 0.00908185 0.0096367
 0.000530656 0.00119633 0.00205827 0.00303499 0.00405521 0.0050647 0.00602623 0.00691692 0.00772489 0.00844611 0.00908185 0.0096367
 0.000530656 0.00119633 0.00205827 0.00303499 0.00405521 0.0050647 0.00602623 0.00691692 0.00772489 0.00844611 0.00908185 0.0096367
 0.000530656 0.00119633 0.00205827 0.00303499 0.00405521 0.0050647 0.00602623 0.00691692 0.00772489 0.00844611 0.00908185 0.0096367
# nyrs_ind_age
 30
# yrs_ind_age
 1 2 3 4 5 6 7 8 9 10 11 12 13 14 15 16 17 18 19 20 21 22 23 24 25 26 27 28 29 30
# n_sample_ind_age
 200 200 200 200 200 200 200 200 200 200 200 200 200 200 200 200 200 200 200 200 200 200 200 200 200 200 200 200 200 200
# oac_ind
 0.055 0.195 0.12 0.14 0.075 0.07 0.08 0.04 0.045 0.045 0.03 0.105
 0.085 0.125 0.165 0.125 0.07 0.07 0.06 0.095 0.025 0.03 0.03 0.12
 0.045 0.17 0.165 0.13 0.105 0.07 0.055 0.05 0.04 0.03 0.02 0.12
 0.055 0.165 0.145 0.11 0.07 0.07 0.09 0.045 0.045 0.02 0.04 0.145
 0.065 0.13 0.12 0.13 0.08 0.075 0.055 0.05 0.07 0.05 0.04 0.135
 0.085 0.17 0.12 0.14 0.095 0.04 0.07 0.055 0.05 0.04 0.01 0.125
 0.055 0.2 0.225 0.055 0.07 0.09 0.04 0.035 0.035 0.03 0.02 0.145
 0.07 0.155 0.17 0.21 0.07 0.055 0.06 0.04 0.02 0.035 0.025 0.09
 0.045 0.175 0.165 0.15 0.125 0.045 0.045 0.06 0.04 0.05 0.015 0.085
 0.07 0.185 0.15 0.1 0.14 0.07 0.035 0.05 0.02 0.045 0.035 0.1
 0.12 0.17 0.13 0.165 0.075 0.1 0.08 0.03 0.01 0.025 0.025 0.07
 0.06 0.23 0.145 0.13 0.14 0.065 0.095 0.03 0.02 0.02 0.01 0.055
 0.075 0.22 0.18 0.105 0.095 0.09 0.035 0.025 0.04 0.02 0.015 0.1
 0.135 0.13 0.17 0.135 0.13 0.05 0.07 0.035 0.045 0.03 0 0.07
 0.085 0.26 0.135 0.115 0.12 0.06 0.06 0.04 0.025 0.035 0.02 0.045
 0.075 0.21 0.2 0.135 0.095 0.105 0.05 0.035 0.035 0.015 0.005 0.04
 0.105 0.235 0.175 0.13 0.11 0.065 0.03 0.025 0.025 0.015 0.03 0.055
 0.095 0.19 0.21 0.135 0.105 0.085 0.02 0.04 0.015 0.015 0.03 0.06
 0.1 0.15 0.245 0.18 0.115 0.05 0.035 0.015 0.02 0.015 0.02 0.055
 0.095 0.14 0.215 0.155 0.135 0.085 0.065 0.03 0.03 0.015 0.02 0.015
 0.13 0.225 0.19 0.11 0.14 0.07 0.03 0.045 0.02 0 0.015 0.025
 0.14 0.26 0.225 0.09 0.08 0.105 0.04 0.015 0.025 0.01 0.005 0.005
 0.065 0.235 0.285 0.15 0.1 0.045 0.065 0.015 0.02 0.015 0 0.005
 0.1 0.255 0.225 0.13 0.115 0.04 0.025 0.06 0.02 0.005 0.005 0.02
 0.105 0.25 0.175 0.175 0.115 0.06 0.03 0.03 0.025 0.02 0.005 0.01
 0.095 0.25 0.235 0.155 0.11 0.07 0.025 0.015 0.025 0 0 0.02
 0.1 0.235 0.27 0.13 0.125 0.055 0.025 0.02 0.015 0 0 0.025
 0.125 0.315 0.18 0.18 0.08 0.02 0.03 0.03 0.015 0.01 0.015 0
 0.12 0.365 0.215 0.085 0.085 0.055 0.02 0.015 0.005 0.015 0 0.02
 0.105 0.315 0.235 0.135 0.075 0.045 0.03 0.04 0.015 0 0 0.005
# olc_ind

# obs_lse_ind
 0.198042 0.198042 0.198042 0.198042 0.198042 0.198042 0.198042 0.198042 0.198042 0.198042 0.198042 0.198042 0.198042 0.198042 0.198042 0.198042 0.198042 0.198042 0.198042 0.198042 0.198042 0.198042 0.198042 0.198042 0.198042 0.198042 0.198042 0.198042 0.198042 0.198042
# xages_fsh
 0 0 0 0 0 0 0 0 0 0 0 0
# xages_fsh
 0 0.0909091 0.181818 0.272727 0.363636 0.454545 0.545455 0.636364 0.727273 0.818182 0.909091 1
# xnodes_fsh

Yrs fsh_sel change:  1 0 0 0 0 0 0 0 0 0 0 0 0 0 0 0 0 0 0 0 0 0 0 0 0 0 0 0 0
Yrs ind_sel change:  1 0 0 0 0 0 0 0 0 0 0 0 0 0 0 0 0 0 0 0 0 0 0 0 0 0 0 0 0
# steepnessprior
0.75
# sigmarprior
0.2
#  SSB estimated in styr endyr: -12 28 
#  Rec estimated in styr endyr: -10 30 
#  SR Curve fit  in styr endyr: 1 30 
#             Model styr endyr: 1 30 
# qprior
 3.48998e-007
# q_power_prior 
 1 
# cv_catchbiomass 
0.05 
# CatchbiomassPen 
200 
# Number of projection years 
5 
# offset_fsh
 13461.2
# offset_ind
 13094.9
Mean Catch
1275.58
R_guess 
13.8155
# nfsh
1
# n_sel_ch_fsh
 1
# nselages_fsh
 11
# phase_selcoff_fsh
 -1
logRzero 13.8155
logmeanrec 13.8155
exp(log_sigmarprior 0.2
Fish sel phase: -1 OM1
Fixing fishery sel to
1
Fixing fishery sel to
1
Srvy sel phase: -1
Fixing survey_index1 indices sel to
1
Fixing index sel to
1
# logsel_slp_in_indv
 0.693147
Leaving parameter init secton
# M
 0.2 0.2 0.2 0.2 0.2 0.2 0.2 0.2 0.2 0.2 0.2 0.2
 0.2 0.2 0.2 0.2 0.2 0.2 0.2 0.2 0.2 0.2 0.2 0.2
 0.2 0.2 0.2 0.2 0.2 0.2 0.2 0.2 0.2 0.2 0.2 0.2
 0.2 0.2 0.2 0.2 0.2 0.2 0.2 0.2 0.2 0.2 0.2 0.2
 0.2 0.2 0.2 0.2 0.2 0.2 0.2 0.2 0.2 0.2 0.2 0.2
 0.2 0.2 0.2 0.2 0.2 0.2 0.2 0.2 0.2 0.2 0.2 0.2
 0.2 0.2 0.2 0.2 0.2 0.2 0.2 0.2 0.2 0.2 0.2 0.2
 0.2 0.2 0.2 0.2 0.2 0.2 0.2 0.2 0.2 0.2 0.2 0.2
 0.2 0.2 0.2 0.2 0.2 0.2 0.2 0.2 0.2 0.2 0.2 0.2
 0.2 0.2 0.2 0.2 0.2 0.2 0.2 0.2 0.2 0.2 0.2 0.2
 0.2 0.2 0.2 0.2 0.2 0.2 0.2 0.2 0.2 0.2 0.2 0.2
 0.2 0.2 0.2 0.2 0.2 0.2 0.2 0.2 0.2 0.2 0.2 0.2
 0.2 0.2 0.2 0.2 0.2 0.2 0.2 0.2 0.2 0.2 0.2 0.2
 0.2 0.2 0.2 0.2 0.2 0.2 0.2 0.2 0.2 0.2 0.2 0.2
 0.2 0.2 0.2 0.2 0.2 0.2 0.2 0.2 0.2 0.2 0.2 0.2
 0.2 0.2 0.2 0.2 0.2 0.2 0.2 0.2 0.2 0.2 0.2 0.2
 0.2 0.2 0.2 0.2 0.2 0.2 0.2 0.2 0.2 0.2 0.2 0.2
 0.2 0.2 0.2 0.2 0.2 0.2 0.2 0.2 0.2 0.2 0.2 0.2
 0.2 0.2 0.2 0.2 0.2 0.2 0.2 0.2 0.2 0.2 0.2 0.2
 0.2 0.2 0.2 0.2 0.2 0.2 0.2 0.2 0.2 0.2 0.2 0.2
 0.2 0.2 0.2 0.2 0.2 0.2 0.2 0.2 0.2 0.2 0.2 0.2
 0.2 0.2 0.2 0.2 0.2 0.2 0.2 0.2 0.2 0.2 0.2 0.2
 0.2 0.2 0.2 0.2 0.2 0.2 0.2 0.2 0.2 0.2 0.2 0.2
 0.2 0.2 0.2 0.2 0.2 0.2 0.2 0.2 0.2 0.2 0.2 0.2
 0.2 0.2 0.2 0.2 0.2 0.2 0.2 0.2 0.2 0.2 0.2 0.2
 0.2 0.2 0.2 0.2 0.2 0.2 0.2 0.2 0.2 0.2 0.2 0.2
 0.2 0.2 0.2 0.2 0.2 0.2 0.2 0.2 0.2 0.2 0.2 0.2
 0.2 0.2 0.2 0.2 0.2 0.2 0.2 0.2 0.2 0.2 0.2 0.2
 0.2 0.2 0.2 0.2 0.2 0.2 0.2 0.2 0.2 0.2 0.2 0.2
 0.2 0.2 0.2 0.2 0.2 0.2 0.2 0.2 0.2 0.2 0.2 0.2
# mean_log_rec
13.7617
# log_Rzero
13.8048
# rec_dev
 -0.0774968 -0.0142796 0.0150558 -0.0302647 -0.0469069 0.0232315 0.0395894 -0.0290188 0.115632 0.0748823 0.0163939 0.0568372 0.178545 -0.0172102 -0.234177 0.360373 0.283132 0.0289494 0.203672 -0.0157656 -0.0142215 0.119386 -0.0813343 -0.101239 0.062689 -0.0321825 0.141731 0.0342681 -0.239989 -0.179058 -0.198278 -0.00608121 -0.049339 -0.322625 -0.384175 -0.165849 -0.476085 -0.337849 -0.084166 -0.15115 -0.174495
# fmort
 0.00920218 0.0268352 0.0449297 0.0611232 0.0490595 0.0885452 0.0912223 0.192124 0.112285 0.136343 0.154677 0.167465 0.121377 0.177129 0.186118 0.165264 0.327954 0.261378 0.258758 0.254014 0.346076 0.251005 0.411693 0.335408 0.332912 0.30728 0.298943 0.416523 0.315232 0.467428
# rec_dev_future
 0 0 0 0 0
