AMAK;August_2013
# styr
1
# endyr
30
# rec_age
1
# oldest_age
12
# nlength
81
# len_bins
 10 11 12 13 14 15 16 17 18 19 20 21 22 23 24 25 26 27 28 29 30 31 32 33 34 35 36 37 38 39 40 41 42 43 44 45 46 47 48 49 50 51 52 53 54 55 56 57 58 59 60 61 62 63 64 65 66 67 68 69 70 71 72 73 74 75 76 77 78 79 80 81 82 83 84 85 86 87 88 89 90
# datafile_name
amak_data.dat
# model_name
OM_1
# styr
1
# endyr
30
# rec_age
1
# oldest_age
12
# nfsh
1
# fshname
OM1
# catch_bio_in
 160.272 466.702 761.281 999.657 768.423 1326.06 1285.03 2491.81 1319.66 1512.49 1611.44 1614.68 1105.39 1541.9 1519 1275.37 2258.66 1599.97 1451.65 1313.78 1629.44 1073.14 1625.01 1201.02 1114.59 968.597 920.427 1208.6 872.166 1270.42
# catch_bio_sd_in
 0.01 0.01 0.01 0.01 0.01 0.01 0.01 0.01 0.01 0.01 0.01 0.01 0.01 0.01 0.01 0.01 0.01 0.01 0.01 0.01 0.01 0.01 0.01 0.01 0.01 0.01 0.01 0.01 0.01 0.01
# nyrs_fsh_age
 30
# nyrs_fsh_length
 0
# yrs_fsh_age_in
 1 2 3 4 5 6 7 8 9 10 11 12 13 14 15 16 17 18 19 20 21 22 23 24 25 26 27 28 29 30
# yrs_fsh_length_in

# n_sample_fsh_length_in

# olc_fsh_in

# nind
1
# indname
survey_index1
# nyrs_ind
 30
# yrs_ind_in
 1 2 3 4 5 6 7 8 9 10 11 12 13 14 15 16 17 18 19 20 21 22 23 24 25 26 27 28 29 30
# mo_ind
 1
# obs_ind_in
 1.68385 1.32278 1.57674 1.52869 1.53972 1.55047 1.39936 1.47069 0.995785 1.46163 1.35218 1.20599 1.12062 1.0283 0.920961 1.03987 0.991541 1.07002 0.62991 0.824288 0.663625 0.700815 0.723525 0.665454 0.539637 0.511617 0.559002 0.614471 0.587552 0.504762
# obs_se_ind_in
 0.336771 0.264555 0.315348 0.305737 0.307944 0.310094 0.279872 0.294137 0.199157 0.292326 0.270436 0.241199 0.224124 0.205661 0.184192 0.207974 0.198308 0.214005 0.125982 0.164858 0.132725 0.140163 0.144705 0.133091 0.107927 0.102323 0.1118 0.122894 0.11751 0.100952
# nyrs_ind_age
 30
# nyrs_ind_length
 0
# yrs_ind_age_in
 1 2 3 4 5 6 7 8 9 10 11 12 13 14 15 16 17 18 19 20 21 22 23 24 25 26 27 28 29 30
# yrs_ind_length_in

# yrs_ind_age_in
 1 2 3 4 5 6 7 8 9 10 11 12 13 14 15 16 17 18 19 20 21 22 23 24 25 26 27 28 29 30
# n_sample_ind_length_in

# olc_ind_in

# oac_ind_in
 0.07 0.155 0.09 0.11 0.12 0.07 0.085 0.035 0.065 0.05 0.02 0.13
 0.09 0.165 0.1 0.115 0.1 0.075 0.065 0.035 0.025 0.055 0.035 0.14
 0.07 0.13 0.14 0.155 0.085 0.095 0.03 0.07 0.055 0.025 0.02 0.125
 0.04 0.085 0.21 0.125 0.12 0.055 0.09 0.03 0.05 0.045 0.025 0.125
 0.1 0.11 0.11 0.16 0.125 0.09 0.05 0.04 0.02 0.035 0.035 0.125
 0.12 0.2 0.135 0.08 0.095 0.07 0.06 0.05 0.055 0.025 0.01 0.1
 0.055 0.16 0.245 0.08 0.11 0.065 0.06 0.03 0.055 0.04 0.02 0.08
 0.035 0.16 0.14 0.175 0.065 0.095 0.06 0.045 0.045 0.01 0.045 0.125
 0.075 0.185 0.15 0.095 0.165 0.08 0.04 0.055 0.015 0.01 0.025 0.105
 0.07 0.175 0.185 0.135 0.12 0.09 0.035 0 0.05 0.015 0.02 0.105
 0.065 0.145 0.17 0.16 0.09 0.095 0.1 0.02 0.02 0.03 0.015 0.09
 0.065 0.18 0.175 0.16 0.1 0.065 0.065 0.075 0.03 0.01 0.02 0.055
 0.1 0.15 0.22 0.125 0.125 0.1 0.05 0.02 0.04 0.01 0.01 0.05
 0.095 0.185 0.18 0.175 0.105 0.08 0.05 0.02 0.02 0.035 0.01 0.045
 0.13 0.205 0.185 0.085 0.125 0.065 0.06 0.035 0.02 0.01 0.03 0.05
 0.08 0.145 0.325 0.115 0.095 0.075 0.045 0.02 0.005 0.005 0.04 0.05
 0.11 0.2 0.17 0.1 0.1 0.08 0.1 0.025 0.045 0.015 0.01 0.045
 0.075 0.255 0.185 0.125 0.115 0.095 0.03 0.035 0.02 0.02 0.005 0.04
 0.055 0.15 0.21 0.225 0.105 0.05 0.035 0.045 0.03 0.03 0.01 0.055
 0.09 0.22 0.175 0.175 0.095 0.085 0.04 0.025 0.03 0.03 0.005 0.03
 0.1 0.18 0.215 0.105 0.13 0.11 0.045 0.025 0.015 0.02 0.01 0.045
 0.15 0.3 0.13 0.105 0.1 0.065 0.05 0.03 0.03 0.01 0.015 0.015
 0.11 0.29 0.285 0.075 0.065 0.03 0.02 0.035 0.01 0.015 0.03 0.035
 0.155 0.195 0.245 0.14 0.075 0.065 0.04 0.03 0.03 0.005 0.01 0.01
 0.135 0.21 0.205 0.19 0.12 0.025 0.025 0.02 0.02 0.015 0 0.035
 0.105 0.3 0.22 0.13 0.11 0.06 0.02 0.005 0.005 0.01 0.02 0.015
 0.12 0.23 0.265 0.16 0.08 0.06 0.055 0.01 0.015 0 0 0.005
 0.14 0.225 0.19 0.215 0.055 0.085 0.045 0.015 0.005 0.01 0.005 0.01
 0.135 0.29 0.18 0.12 0.125 0.04 0.03 0.045 0.015 0.005 0 0.015
 0.14 0.345 0.22 0.125 0.06 0.07 0.005 0.01 0.015 0 0 0.01
# wt_ind
 1 1 1 1 1 1 1 1 1 1 1 1
 1 1 1 1 1 1 1 1 1 1 1 1
 1 1 1 1 1 1 1 1 1 1 1 1
 1 1 1 1 1 1 1 1 1 1 1 1
 1 1 1 1 1 1 1 1 1 1 1 1
 1 1 1 1 1 1 1 1 1 1 1 1
 1 1 1 1 1 1 1 1 1 1 1 1
 1 1 1 1 1 1 1 1 1 1 1 1
 1 1 1 1 1 1 1 1 1 1 1 1
 1 1 1 1 1 1 1 1 1 1 1 1
 1 1 1 1 1 1 1 1 1 1 1 1
 1 1 1 1 1 1 1 1 1 1 1 1
 1 1 1 1 1 1 1 1 1 1 1 1
 1 1 1 1 1 1 1 1 1 1 1 1
 1 1 1 1 1 1 1 1 1 1 1 1
 1 1 1 1 1 1 1 1 1 1 1 1
 1 1 1 1 1 1 1 1 1 1 1 1
 1 1 1 1 1 1 1 1 1 1 1 1
 1 1 1 1 1 1 1 1 1 1 1 1
 1 1 1 1 1 1 1 1 1 1 1 1
 1 1 1 1 1 1 1 1 1 1 1 1
 1 1 1 1 1 1 1 1 1 1 1 1
 1 1 1 1 1 1 1 1 1 1 1 1
 1 1 1 1 1 1 1 1 1 1 1 1
 1 1 1 1 1 1 1 1 1 1 1 1
 1 1 1 1 1 1 1 1 1 1 1 1
 1 1 1 1 1 1 1 1 1 1 1 1
 1 1 1 1 1 1 1 1 1 1 1 1
 1 1 1 1 1 1 1 1 1 1 1 1
 1 1 1 1 1 1 1 1 1 1 1 1
# wt_pop
 0.000530656 0.00119633 0.00205827 0.00303499 0.00405521 0.0050647 0.00602623 0.00691692 0.00772489 0.00844611 0.00908185 0.0096367
# maturity
 0.0229774 0.320821 0.904651 0.99478 0.999739 0.999987 0.999999 1 1 1 1 1
# spawnmo
1
# age_err
 1 0 0 0 0 0 0 0 0 0 0 0
 0 1 0 0 0 0 0 0 0 0 0 0
 0 0 1 0 0 0 0 0 0 0 0 0
 0 0 0 1 0 0 0 0 0 0 0 0
 0 0 0 0 1 0 0 0 0 0 0 0
 0 0 0 0 0 1 0 0 0 0 0 0
 0 0 0 0 0 0 1 0 0 0 0 0
 0 0 0 0 0 0 0 1 0 0 0 0
 0 0 0 0 0 0 0 0 1 0 0 0
 0 0 0 0 0 0 0 0 0 1 0 0
 0 0 0 0 0 0 0 0 0 0 1 0
 0 0 0 0 0 0 0 0 0 0 0 1
# cntrlfile_name
C:\Users\bai.li\Desktop\s1_test\AMAK\s86\amak.dat
# Map shared selectivity: 
# sel_map
 1 2
 1 1
# datafile_name
amak_data.dat
# model_name
OM_1
# SrType
2
# use_age_err
0
# retro
0
# sigmarprior
0.2
# cvsigmarprior
0.25
# phase_sigmar
-3
# styr_rec_est
1
# endyr_rec_est
30
# Linfprior
80
# cvLinfprior
0.25
# kprior
0.18
# cvkprior
0.25
# Loprior
27.688
# cvLoprior
0.25
# sdageprior
0.1
# cvsdageprior
0.25
# natmortprior
0.2
# cvnatmortprior
0.25
# phase_M
-4
# npars_Mage
0
# ages_M_changes

# Mage_in

# phase_Mage
-5
# phase_rw_M
0
# npars_rw_M
0
# yrs_rw_M

# sigma_rw_M

# qprior
 3.48998e-007
# cvqprior
 1
# phase_q
 1
# q_power_prior
 1
# cvq_power_prior
 0.2
# phase_q_power
 -4
# phase_rw_q
 -1
# npars_rw_q
 0
# yrs_rw_q

# sigma_rw_q

# q_age_min
 1
# q_age_max
 12
# q_age_min
 1
# q_age_max
 12
# fsh_sel_opt(k)
2
# phase_sel_fsh(k)
-2
# n_sel_ch_fsh(k)
1
# sel_slp_in_fsh(k)(1,n_sel_ch_fsh(k))
 1
# sel_inf_in_fsh(k)(1,n_sel_ch_fsh(k))
 2
# logsel_slp_in_fsh(k)(1,n_sel_ch_fsh(k))
 0
# yrs_sel_ch_fsh(k)(1,n_sel_ch_fsh(k))
 1

Survey survey_index1
# ind_sel_opt(k)
2
# indname(k)
survey_index1
# nselages_in_ind(k)
11
# phase_sel_ind(k)
-2
# sel_change_in_ind(k)
 1 0 0 0 0 0 0 0 0 0 0 0 0 0 0 0 0 0 0 0 0 0 0 0 0 0 0 0 0 0
# n_sel_ch_ind(k)
1
# yrs_sel_ch_ind(k)(1,n_sel_ch_ind(k))
 1
# sel_slp_in_ind(k,1)
2
# sel_inf_in_ind(k,1)
1.5
# logsel_slp_in_ind(k,1)
0.693147
# logsel_slp_in_indv(k)
0.693147
survey_index1 ind sel opt 2  1 0 0 0 0 0 0 0 0 0 0 0 0 0 0 0 0 0 0 0 0 0 0 0 0 0 0 0 0 0
Phase indices Sel_Coffs:  -1
 Test: 1.23457e+008
# Fshry Selages:  11
# Srvy  Selages:  11
# Phase for age-spec fishery  -1
# Phase for logistic fishery  -2
# Phase for dble logistic fishery  -1
# Phase for age-spec indices   -1
# Phase for logistic indices   -2
# Phase for dble logistic ind  -1
# Curv_pen_fsh: 
 0
# Curv_pen_ind: 
 0
# styr_fut
31
# endyr_fut
35
# nyrs_fsh_age
 30
# nyrs_fsh_age
 30
# yrs_fsh_age
 1 2 3 4 5 6 7 8 9 10 11 12 13 14 15 16 17 18 19 20 21 22 23 24 25 26 27 28 29 30
# n_sample_fsh_age
 200 200 200 200 200 200 200 200 200 200 200 200 200 200 200 200 200 200 200 200 200 200 200 200 200 200 200 200 200 200
# oac_fsh
 0.05 0.105 0.135 0.135 0.11 0.095 0.07 0.05 0.04 0.04 0.025 0.145
 0.08 0.13 0.08 0.125 0.085 0.09 0.085 0.04 0.065 0.04 0.025 0.155
 0.07 0.11 0.1 0.105 0.135 0.1 0.09 0.06 0.075 0.045 0.015 0.095
 0.045 0.095 0.155 0.135 0.11 0.085 0.09 0.035 0.055 0.045 0.03 0.12
 0.05 0.08 0.175 0.17 0.07 0.065 0.065 0.06 0.05 0.04 0.02 0.155
 0.09 0.1 0.14 0.14 0.075 0.125 0.06 0.045 0.05 0.04 0 0.135
 0.045 0.13 0.175 0.105 0.07 0.105 0.06 0.045 0.05 0.03 0.025 0.16
 0.06 0.115 0.145 0.135 0.115 0.06 0.075 0.06 0.015 0.045 0.045 0.13
 0.07 0.18 0.15 0.15 0.12 0.07 0.055 0.055 0.015 0.025 0.035 0.075
 0.065 0.115 0.165 0.08 0.14 0.105 0.04 0.04 0.055 0.025 0.04 0.13
 0.095 0.105 0.145 0.15 0.06 0.125 0.07 0.045 0.035 0.05 0.04 0.08
 0.065 0.175 0.13 0.15 0.135 0.05 0.075 0.07 0.035 0.02 0.005 0.09
 0.1 0.125 0.135 0.18 0.12 0.09 0.06 0.045 0.02 0.025 0.025 0.075
 0.105 0.16 0.14 0.155 0.1 0.055 0.08 0.04 0.045 0.025 0.01 0.085
 0.12 0.125 0.185 0.095 0.11 0.08 0.085 0.045 0.01 0.08 0.025 0.04
 0.11 0.195 0.17 0.095 0.125 0.07 0.045 0.02 0.045 0.035 0.03 0.06
 0.17 0.135 0.12 0.175 0.14 0.075 0.03 0.03 0.03 0.015 0.015 0.065
 0.11 0.13 0.18 0.15 0.145 0.06 0.055 0.04 0.055 0.01 0.01 0.055
 0.12 0.135 0.24 0.185 0.045 0.11 0.04 0.035 0.035 0.02 0.005 0.03
 0.09 0.19 0.16 0.205 0.135 0.075 0.035 0.025 0.025 0.005 0.015 0.04
 0.185 0.16 0.16 0.105 0.13 0.075 0.035 0.04 0.025 0.005 0.02 0.06
 0.135 0.23 0.175 0.13 0.09 0.09 0.07 0.01 0.02 0.01 0.005 0.035
 0.13 0.21 0.22 0.16 0.075 0.075 0.04 0.045 0 0.01 0.01 0.025
 0.1 0.135 0.255 0.215 0.1 0.065 0.01 0.035 0.02 0.02 0.015 0.03
 0.2 0.14 0.22 0.19 0.115 0.04 0.035 0.025 0.01 0.005 0.005 0.015
 0.14 0.195 0.21 0.14 0.15 0.09 0.01 0.015 0.005 0.015 0.01 0.02
 0.175 0.22 0.23 0.11 0.075 0.065 0.035 0.015 0.02 0.025 0.01 0.02
 0.165 0.245 0.13 0.195 0.105 0.045 0.04 0.035 0.015 0.02 0 0.005
 0.185 0.22 0.205 0.14 0.135 0.05 0.035 0.005 0.01 0.005 0 0.01
 0.15 0.25 0.215 0.175 0.06 0.05 0.03 0.03 0.02 0.015 0 0.005
# olc_fsh

# wt_fsh
 0.000530656 0.00119633 0.00205827 0.00303499 0.00405521 0.0050647 0.00602623 0.00691692 0.00772489 0.00844611 0.00908185 0.0096367
 0.000530656 0.00119633 0.00205827 0.00303499 0.00405521 0.0050647 0.00602623 0.00691692 0.00772489 0.00844611 0.00908185 0.0096367
 0.000530656 0.00119633 0.00205827 0.00303499 0.00405521 0.0050647 0.00602623 0.00691692 0.00772489 0.00844611 0.00908185 0.0096367
 0.000530656 0.00119633 0.00205827 0.00303499 0.00405521 0.0050647 0.00602623 0.00691692 0.00772489 0.00844611 0.00908185 0.0096367
 0.000530656 0.00119633 0.00205827 0.00303499 0.00405521 0.0050647 0.00602623 0.00691692 0.00772489 0.00844611 0.00908185 0.0096367
 0.000530656 0.00119633 0.00205827 0.00303499 0.00405521 0.0050647 0.00602623 0.00691692 0.00772489 0.00844611 0.00908185 0.0096367
 0.000530656 0.00119633 0.00205827 0.00303499 0.00405521 0.0050647 0.00602623 0.00691692 0.00772489 0.00844611 0.00908185 0.0096367
 0.000530656 0.00119633 0.00205827 0.00303499 0.00405521 0.0050647 0.00602623 0.00691692 0.00772489 0.00844611 0.00908185 0.0096367
 0.000530656 0.00119633 0.00205827 0.00303499 0.00405521 0.0050647 0.00602623 0.00691692 0.00772489 0.00844611 0.00908185 0.0096367
 0.000530656 0.00119633 0.00205827 0.00303499 0.00405521 0.0050647 0.00602623 0.00691692 0.00772489 0.00844611 0.00908185 0.0096367
 0.000530656 0.00119633 0.00205827 0.00303499 0.00405521 0.0050647 0.00602623 0.00691692 0.00772489 0.00844611 0.00908185 0.0096367
 0.000530656 0.00119633 0.00205827 0.00303499 0.00405521 0.0050647 0.00602623 0.00691692 0.00772489 0.00844611 0.00908185 0.0096367
 0.000530656 0.00119633 0.00205827 0.00303499 0.00405521 0.0050647 0.00602623 0.00691692 0.00772489 0.00844611 0.00908185 0.0096367
 0.000530656 0.00119633 0.00205827 0.00303499 0.00405521 0.0050647 0.00602623 0.00691692 0.00772489 0.00844611 0.00908185 0.0096367
 0.000530656 0.00119633 0.00205827 0.00303499 0.00405521 0.0050647 0.00602623 0.00691692 0.00772489 0.00844611 0.00908185 0.0096367
 0.000530656 0.00119633 0.00205827 0.00303499 0.00405521 0.0050647 0.00602623 0.00691692 0.00772489 0.00844611 0.00908185 0.0096367
 0.000530656 0.00119633 0.00205827 0.00303499 0.00405521 0.0050647 0.00602623 0.00691692 0.00772489 0.00844611 0.00908185 0.0096367
 0.000530656 0.00119633 0.00205827 0.00303499 0.00405521 0.0050647 0.00602623 0.00691692 0.00772489 0.00844611 0.00908185 0.0096367
 0.000530656 0.00119633 0.00205827 0.00303499 0.00405521 0.0050647 0.00602623 0.00691692 0.00772489 0.00844611 0.00908185 0.0096367
 0.000530656 0.00119633 0.00205827 0.00303499 0.00405521 0.0050647 0.00602623 0.00691692 0.00772489 0.00844611 0.00908185 0.0096367
 0.000530656 0.00119633 0.00205827 0.00303499 0.00405521 0.0050647 0.00602623 0.00691692 0.00772489 0.00844611 0.00908185 0.0096367
 0.000530656 0.00119633 0.00205827 0.00303499 0.00405521 0.0050647 0.00602623 0.00691692 0.00772489 0.00844611 0.00908185 0.0096367
 0.000530656 0.00119633 0.00205827 0.00303499 0.00405521 0.0050647 0.00602623 0.00691692 0.00772489 0.00844611 0.00908185 0.0096367
 0.000530656 0.00119633 0.00205827 0.00303499 0.00405521 0.0050647 0.00602623 0.00691692 0.00772489 0.00844611 0.00908185 0.0096367
 0.000530656 0.00119633 0.00205827 0.00303499 0.00405521 0.0050647 0.00602623 0.00691692 0.00772489 0.00844611 0.00908185 0.0096367
 0.000530656 0.00119633 0.00205827 0.00303499 0.00405521 0.0050647 0.00602623 0.00691692 0.00772489 0.00844611 0.00908185 0.0096367
 0.000530656 0.00119633 0.00205827 0.00303499 0.00405521 0.0050647 0.00602623 0.00691692 0.00772489 0.00844611 0.00908185 0.0096367
 0.000530656 0.00119633 0.00205827 0.00303499 0.00405521 0.0050647 0.00602623 0.00691692 0.00772489 0.00844611 0.00908185 0.0096367
 0.000530656 0.00119633 0.00205827 0.00303499 0.00405521 0.0050647 0.00602623 0.00691692 0.00772489 0.00844611 0.00908185 0.0096367
 0.000530656 0.00119633 0.00205827 0.00303499 0.00405521 0.0050647 0.00602623 0.00691692 0.00772489 0.00844611 0.00908185 0.0096367
# nyrs_ind_age
 30
# yrs_ind_age
 1 2 3 4 5 6 7 8 9 10 11 12 13 14 15 16 17 18 19 20 21 22 23 24 25 26 27 28 29 30
# n_sample_ind_age
 200 200 200 200 200 200 200 200 200 200 200 200 200 200 200 200 200 200 200 200 200 200 200 200 200 200 200 200 200 200
# oac_ind
 0.07 0.155 0.09 0.11 0.12 0.07 0.085 0.035 0.065 0.05 0.02 0.13
 0.09 0.165 0.1 0.115 0.1 0.075 0.065 0.035 0.025 0.055 0.035 0.14
 0.07 0.13 0.14 0.155 0.085 0.095 0.03 0.07 0.055 0.025 0.02 0.125
 0.04 0.085 0.21 0.125 0.12 0.055 0.09 0.03 0.05 0.045 0.025 0.125
 0.1 0.11 0.11 0.16 0.125 0.09 0.05 0.04 0.02 0.035 0.035 0.125
 0.12 0.2 0.135 0.08 0.095 0.07 0.06 0.05 0.055 0.025 0.01 0.1
 0.055 0.16 0.245 0.08 0.11 0.065 0.06 0.03 0.055 0.04 0.02 0.08
 0.035 0.16 0.14 0.175 0.065 0.095 0.06 0.045 0.045 0.01 0.045 0.125
 0.075 0.185 0.15 0.095 0.165 0.08 0.04 0.055 0.015 0.01 0.025 0.105
 0.07 0.175 0.185 0.135 0.12 0.09 0.035 0 0.05 0.015 0.02 0.105
 0.065 0.145 0.17 0.16 0.09 0.095 0.1 0.02 0.02 0.03 0.015 0.09
 0.065 0.18 0.175 0.16 0.1 0.065 0.065 0.075 0.03 0.01 0.02 0.055
 0.1 0.15 0.22 0.125 0.125 0.1 0.05 0.02 0.04 0.01 0.01 0.05
 0.095 0.185 0.18 0.175 0.105 0.08 0.05 0.02 0.02 0.035 0.01 0.045
 0.13 0.205 0.185 0.085 0.125 0.065 0.06 0.035 0.02 0.01 0.03 0.05
 0.08 0.145 0.325 0.115 0.095 0.075 0.045 0.02 0.005 0.005 0.04 0.05
 0.11 0.2 0.17 0.1 0.1 0.08 0.1 0.025 0.045 0.015 0.01 0.045
 0.075 0.255 0.185 0.125 0.115 0.095 0.03 0.035 0.02 0.02 0.005 0.04
 0.055 0.15 0.21 0.225 0.105 0.05 0.035 0.045 0.03 0.03 0.01 0.055
 0.09 0.22 0.175 0.175 0.095 0.085 0.04 0.025 0.03 0.03 0.005 0.03
 0.1 0.18 0.215 0.105 0.13 0.11 0.045 0.025 0.015 0.02 0.01 0.045
 0.15 0.3 0.13 0.105 0.1 0.065 0.05 0.03 0.03 0.01 0.015 0.015
 0.11 0.29 0.285 0.075 0.065 0.03 0.02 0.035 0.01 0.015 0.03 0.035
 0.155 0.195 0.245 0.14 0.075 0.065 0.04 0.03 0.03 0.005 0.01 0.01
 0.135 0.21 0.205 0.19 0.12 0.025 0.025 0.02 0.02 0.015 0 0.035
 0.105 0.3 0.22 0.13 0.11 0.06 0.02 0.005 0.005 0.01 0.02 0.015
 0.12 0.23 0.265 0.16 0.08 0.06 0.055 0.01 0.015 0 0 0.005
 0.14 0.225 0.19 0.215 0.055 0.085 0.045 0.015 0.005 0.01 0.005 0.01
 0.135 0.29 0.18 0.12 0.125 0.04 0.03 0.045 0.015 0.005 0 0.015
 0.14 0.345 0.22 0.125 0.06 0.07 0.005 0.01 0.015 0 0 0.01
# olc_ind

# obs_lse_ind
 0.198042 0.198042 0.198042 0.198042 0.198042 0.198042 0.198042 0.198042 0.198042 0.198042 0.198042 0.198042 0.198042 0.198042 0.198042 0.198042 0.198042 0.198042 0.198042 0.198042 0.198042 0.198042 0.198042 0.198042 0.198042 0.198042 0.198042 0.198042 0.198042 0.198042
# xages_fsh
 0 0 0 0 0 0 0 0 0 0 0 0
# xages_fsh
 0 0.0909091 0.181818 0.272727 0.363636 0.454545 0.545455 0.636364 0.727273 0.818182 0.909091 1
# xnodes_fsh

Yrs fsh_sel change:  1 0 0 0 0 0 0 0 0 0 0 0 0 0 0 0 0 0 0 0 0 0 0 0 0 0 0 0 0
Yrs ind_sel change:  1 0 0 0 0 0 0 0 0 0 0 0 0 0 0 0 0 0 0 0 0 0 0 0 0 0 0 0 0
# steepnessprior
0.75
# sigmarprior
0.2
#  SSB estimated in styr endyr: -12 28 
#  Rec estimated in styr endyr: -10 30 
#  SR Curve fit  in styr endyr: 1 30 
#             Model styr endyr: 1 30 
# qprior
 3.48998e-007
# q_power_prior 
 1 
# cv_catchbiomass 
0.05 
# CatchbiomassPen 
200 
# Number of projection years 
5 
# offset_fsh
 13429
# offset_ind
 13081.2
Mean Catch
1275.55
R_guess 
13.8155
# nfsh
1
# n_sel_ch_fsh
 1
# nselages_fsh
 11
# phase_selcoff_fsh
 -1
logRzero 13.8155
logmeanrec 13.8155
exp(log_sigmarprior 0.2
Fish sel phase: -1 OM1
Fixing fishery sel to
1
Fixing fishery sel to
1
Srvy sel phase: -1
Fixing survey_index1 indices sel to
1
Fixing index sel to
1
# logsel_slp_in_indv
 0.693147
Leaving parameter init secton
# M
 0.2 0.2 0.2 0.2 0.2 0.2 0.2 0.2 0.2 0.2 0.2 0.2
 0.2 0.2 0.2 0.2 0.2 0.2 0.2 0.2 0.2 0.2 0.2 0.2
 0.2 0.2 0.2 0.2 0.2 0.2 0.2 0.2 0.2 0.2 0.2 0.2
 0.2 0.2 0.2 0.2 0.2 0.2 0.2 0.2 0.2 0.2 0.2 0.2
 0.2 0.2 0.2 0.2 0.2 0.2 0.2 0.2 0.2 0.2 0.2 0.2
 0.2 0.2 0.2 0.2 0.2 0.2 0.2 0.2 0.2 0.2 0.2 0.2
 0.2 0.2 0.2 0.2 0.2 0.2 0.2 0.2 0.2 0.2 0.2 0.2
 0.2 0.2 0.2 0.2 0.2 0.2 0.2 0.2 0.2 0.2 0.2 0.2
 0.2 0.2 0.2 0.2 0.2 0.2 0.2 0.2 0.2 0.2 0.2 0.2
 0.2 0.2 0.2 0.2 0.2 0.2 0.2 0.2 0.2 0.2 0.2 0.2
 0.2 0.2 0.2 0.2 0.2 0.2 0.2 0.2 0.2 0.2 0.2 0.2
 0.2 0.2 0.2 0.2 0.2 0.2 0.2 0.2 0.2 0.2 0.2 0.2
 0.2 0.2 0.2 0.2 0.2 0.2 0.2 0.2 0.2 0.2 0.2 0.2
 0.2 0.2 0.2 0.2 0.2 0.2 0.2 0.2 0.2 0.2 0.2 0.2
 0.2 0.2 0.2 0.2 0.2 0.2 0.2 0.2 0.2 0.2 0.2 0.2
 0.2 0.2 0.2 0.2 0.2 0.2 0.2 0.2 0.2 0.2 0.2 0.2
 0.2 0.2 0.2 0.2 0.2 0.2 0.2 0.2 0.2 0.2 0.2 0.2
 0.2 0.2 0.2 0.2 0.2 0.2 0.2 0.2 0.2 0.2 0.2 0.2
 0.2 0.2 0.2 0.2 0.2 0.2 0.2 0.2 0.2 0.2 0.2 0.2
 0.2 0.2 0.2 0.2 0.2 0.2 0.2 0.2 0.2 0.2 0.2 0.2
 0.2 0.2 0.2 0.2 0.2 0.2 0.2 0.2 0.2 0.2 0.2 0.2
 0.2 0.2 0.2 0.2 0.2 0.2 0.2 0.2 0.2 0.2 0.2 0.2
 0.2 0.2 0.2 0.2 0.2 0.2 0.2 0.2 0.2 0.2 0.2 0.2
 0.2 0.2 0.2 0.2 0.2 0.2 0.2 0.2 0.2 0.2 0.2 0.2
 0.2 0.2 0.2 0.2 0.2 0.2 0.2 0.2 0.2 0.2 0.2 0.2
 0.2 0.2 0.2 0.2 0.2 0.2 0.2 0.2 0.2 0.2 0.2 0.2
 0.2 0.2 0.2 0.2 0.2 0.2 0.2 0.2 0.2 0.2 0.2 0.2
 0.2 0.2 0.2 0.2 0.2 0.2 0.2 0.2 0.2 0.2 0.2 0.2
 0.2 0.2 0.2 0.2 0.2 0.2 0.2 0.2 0.2 0.2 0.2 0.2
 0.2 0.2 0.2 0.2 0.2 0.2 0.2 0.2 0.2 0.2 0.2 0.2
# mean_log_rec
13.7783
# log_Rzero
13.817
# rec_dev
 -0.024222 -0.0954456 0.0290761 0.0385929 -0.053647 0.0793796 0.0369772 -0.03332 0.132762 0.0168491 -0.0021724 0.0669463 0.211736 -0.0526127 -0.109406 0.341995 0.235253 -0.0783922 0.134909 0.0436726 -0.0329587 0.0873608 -0.126181 -0.0241226 0.0849172 -0.105257 0.0636235 0.0624605 -0.340657 -0.272795 -0.421069 0.00933772 -0.0282438 -0.326043 -0.395821 -0.116234 -0.441312 -0.289205 -0.212581 -0.10233 -0.264194
# fmort
 0.00889769 0.0262384 0.0439467 0.0600972 0.0480662 0.0866713 0.0885542 0.187823 0.109391 0.133215 0.152603 0.16551 0.119876 0.176008 0.186274 0.165045 0.322581 0.260447 0.25881 0.25644 0.360098 0.261702 0.432501 0.3579 0.355333 0.322474 0.310606 0.428759 0.320809 0.481787
# rec_dev_future
 0 0 0 0 0
