AMAK;August_2013
# styr
1
# endyr
30
# rec_age
1
# oldest_age
12
# nlength
81
# len_bins
 10 11 12 13 14 15 16 17 18 19 20 21 22 23 24 25 26 27 28 29 30 31 32 33 34 35 36 37 38 39 40 41 42 43 44 45 46 47 48 49 50 51 52 53 54 55 56 57 58 59 60 61 62 63 64 65 66 67 68 69 70 71 72 73 74 75 76 77 78 79 80 81 82 83 84 85 86 87 88 89 90
# datafile_name
amak_data.dat
# model_name
OM_1
# styr
1
# endyr
30
# rec_age
1
# oldest_age
12
# nfsh
1
# fshname
OM1
# catch_bio_in
 159.487 466.566 761.172 986.413 769.75 1314.97 1272.75 2479.36 1320.59 1524.76 1625.26 1611.06 1110.62 1531.45 1503.7 1267.14 2210.99 1612.62 1465.55 1331.69 1635.59 1081.26 1641.7 1215.03 1111.98 960.074 921.355 1206.12 873.47 1265.09
# catch_bio_sd_in
 0.01 0.01 0.01 0.01 0.01 0.01 0.01 0.01 0.01 0.01 0.01 0.01 0.01 0.01 0.01 0.01 0.01 0.01 0.01 0.01 0.01 0.01 0.01 0.01 0.01 0.01 0.01 0.01 0.01 0.01
# nyrs_fsh_age
 30
# nyrs_fsh_length
 0
# yrs_fsh_age_in
 1 2 3 4 5 6 7 8 9 10 11 12 13 14 15 16 17 18 19 20 21 22 23 24 25 26 27 28 29 30
# yrs_fsh_length_in

# n_sample_fsh_length_in

# olc_fsh_in

# nind
1
# indname
survey_index1
# nyrs_ind
 30
# yrs_ind_in
 1 2 3 4 5 6 7 8 9 10 11 12 13 14 15 16 17 18 19 20 21 22 23 24 25 26 27 28 29 30
# mo_ind
 1
# obs_ind_in
 1.6826 1.53082 1.65719 1.45334 1.57153 1.65406 1.43622 1.41565 1.28715 1.17191 1.25247 1.24636 0.953679 1.00827 0.869592 0.946119 0.884461 0.940732 0.779236 0.77919 0.753101 0.727467 0.727228 0.731953 0.704191 0.491484 0.54711 0.567125 0.479075 0.515861
# obs_se_ind_in
 0.33652 0.306163 0.331438 0.290669 0.314307 0.330811 0.287244 0.28313 0.257429 0.234383 0.250495 0.249273 0.190736 0.201654 0.173918 0.189224 0.176892 0.188146 0.155847 0.155838 0.15062 0.145493 0.145446 0.146391 0.140838 0.0982967 0.109422 0.113425 0.095815 0.103172
# nyrs_ind_age
 30
# nyrs_ind_length
 0
# yrs_ind_age_in
 1 2 3 4 5 6 7 8 9 10 11 12 13 14 15 16 17 18 19 20 21 22 23 24 25 26 27 28 29 30
# yrs_ind_length_in

# yrs_ind_age_in
 1 2 3 4 5 6 7 8 9 10 11 12 13 14 15 16 17 18 19 20 21 22 23 24 25 26 27 28 29 30
# n_sample_ind_length_in

# olc_ind_in

# oac_ind_in
 0.04 0.125 0.15 0.09 0.115 0.085 0.06 0.055 0.04 0.045 0.04 0.155
 0.065 0.135 0.125 0.115 0.1 0.105 0.08 0.05 0.065 0.04 0.015 0.105
 0.055 0.125 0.11 0.15 0.155 0.09 0.05 0.03 0.045 0.02 0.03 0.14
 0.075 0.13 0.165 0.12 0.1 0.06 0.04 0.045 0.075 0.04 0.015 0.135
 0.12 0.11 0.145 0.115 0.09 0.085 0.025 0.06 0.05 0.06 0.035 0.105
 0.08 0.18 0.1 0.12 0.115 0.065 0.035 0.06 0.065 0.025 0.025 0.13
 0.05 0.16 0.245 0.085 0.08 0.08 0.045 0.05 0.045 0.05 0.035 0.075
 0.08 0.185 0.155 0.105 0.055 0.115 0.05 0.05 0.025 0.04 0.02 0.12
 0.06 0.15 0.145 0.14 0.18 0.06 0.01 0.035 0.035 0.015 0.025 0.145
 0.08 0.185 0.165 0.1 0.125 0.075 0.03 0.035 0.05 0.04 0.03 0.085
 0.075 0.215 0.135 0.175 0.095 0.085 0.055 0.015 0.015 0.025 0.01 0.1
 0.08 0.165 0.125 0.19 0.115 0.085 0.055 0.055 0.025 0.005 0.03 0.07
 0.095 0.155 0.23 0.155 0.06 0.075 0.065 0.035 0.035 0.02 0.01 0.065
 0.1 0.17 0.115 0.155 0.115 0.085 0.06 0.045 0.035 0.03 0.005 0.085
 0.09 0.225 0.19 0.115 0.08 0.085 0.06 0.03 0.03 0.035 0.01 0.05
 0.12 0.225 0.16 0.14 0.09 0.06 0.06 0.03 0.04 0.01 0.015 0.05
 0.125 0.21 0.19 0.14 0.11 0.07 0.025 0.035 0.03 0.02 0.01 0.035
 0.075 0.265 0.195 0.1 0.11 0.1 0.03 0.03 0.02 0.015 0.005 0.055
 0.07 0.2 0.255 0.155 0.08 0.045 0.045 0.035 0.035 0.02 0.015 0.045
 0.085 0.17 0.185 0.145 0.16 0.06 0.065 0.05 0.015 0.015 0.015 0.035
 0.125 0.19 0.175 0.14 0.11 0.1 0.04 0.025 0.02 0.025 0.025 0.025
 0.165 0.21 0.16 0.13 0.085 0.085 0.06 0.02 0.025 0.02 0.02 0.02
 0.04 0.3 0.285 0.11 0.085 0.055 0.04 0.025 0.005 0.02 0.01 0.025
 0.075 0.25 0.24 0.185 0.105 0.055 0.03 0.04 0.005 0 0.005 0.01
 0.13 0.19 0.2 0.215 0.095 0.05 0.03 0.03 0.03 0.02 0 0.01
 0.075 0.295 0.175 0.13 0.115 0.105 0.03 0.03 0.02 0.015 0.01 0
 0.14 0.185 0.31 0.125 0.065 0.105 0.025 0.015 0.015 0.005 0 0.01
 0.125 0.3 0.155 0.19 0.08 0.04 0.04 0.03 0.015 0.01 0 0.015
 0.13 0.25 0.23 0.14 0.13 0.055 0.03 0.01 0.01 0 0.015 0
 0.13 0.26 0.245 0.165 0.095 0.04 0.035 0.015 0.005 0.005 0 0.005
# wt_ind
 1 1 1 1 1 1 1 1 1 1 1 1
 1 1 1 1 1 1 1 1 1 1 1 1
 1 1 1 1 1 1 1 1 1 1 1 1
 1 1 1 1 1 1 1 1 1 1 1 1
 1 1 1 1 1 1 1 1 1 1 1 1
 1 1 1 1 1 1 1 1 1 1 1 1
 1 1 1 1 1 1 1 1 1 1 1 1
 1 1 1 1 1 1 1 1 1 1 1 1
 1 1 1 1 1 1 1 1 1 1 1 1
 1 1 1 1 1 1 1 1 1 1 1 1
 1 1 1 1 1 1 1 1 1 1 1 1
 1 1 1 1 1 1 1 1 1 1 1 1
 1 1 1 1 1 1 1 1 1 1 1 1
 1 1 1 1 1 1 1 1 1 1 1 1
 1 1 1 1 1 1 1 1 1 1 1 1
 1 1 1 1 1 1 1 1 1 1 1 1
 1 1 1 1 1 1 1 1 1 1 1 1
 1 1 1 1 1 1 1 1 1 1 1 1
 1 1 1 1 1 1 1 1 1 1 1 1
 1 1 1 1 1 1 1 1 1 1 1 1
 1 1 1 1 1 1 1 1 1 1 1 1
 1 1 1 1 1 1 1 1 1 1 1 1
 1 1 1 1 1 1 1 1 1 1 1 1
 1 1 1 1 1 1 1 1 1 1 1 1
 1 1 1 1 1 1 1 1 1 1 1 1
 1 1 1 1 1 1 1 1 1 1 1 1
 1 1 1 1 1 1 1 1 1 1 1 1
 1 1 1 1 1 1 1 1 1 1 1 1
 1 1 1 1 1 1 1 1 1 1 1 1
 1 1 1 1 1 1 1 1 1 1 1 1
# wt_pop
 0.000530656 0.00119633 0.00205827 0.00303499 0.00405521 0.0050647 0.00602623 0.00691692 0.00772489 0.00844611 0.00908185 0.0096367
# maturity
 0.0229774 0.320821 0.904651 0.99478 0.999739 0.999987 0.999999 1 1 1 1 1
# spawnmo
1
# age_err
 1 0 0 0 0 0 0 0 0 0 0 0
 0 1 0 0 0 0 0 0 0 0 0 0
 0 0 1 0 0 0 0 0 0 0 0 0
 0 0 0 1 0 0 0 0 0 0 0 0
 0 0 0 0 1 0 0 0 0 0 0 0
 0 0 0 0 0 1 0 0 0 0 0 0
 0 0 0 0 0 0 1 0 0 0 0 0
 0 0 0 0 0 0 0 1 0 0 0 0
 0 0 0 0 0 0 0 0 1 0 0 0
 0 0 0 0 0 0 0 0 0 1 0 0
 0 0 0 0 0 0 0 0 0 0 1 0
 0 0 0 0 0 0 0 0 0 0 0 1
# cntrlfile_name
C:\Users\bai.li\Desktop\s1_test\AMAK\s73\amak.dat
# Map shared selectivity: 
# sel_map
 1 2
 1 1
# datafile_name
amak_data.dat
# model_name
OM_1
# SrType
2
# use_age_err
0
# retro
0
# sigmarprior
0.2
# cvsigmarprior
0.25
# phase_sigmar
-3
# styr_rec_est
1
# endyr_rec_est
30
# Linfprior
80
# cvLinfprior
0.25
# kprior
0.18
# cvkprior
0.25
# Loprior
27.688
# cvLoprior
0.25
# sdageprior
0.1
# cvsdageprior
0.25
# natmortprior
0.2
# cvnatmortprior
0.25
# phase_M
-4
# npars_Mage
0
# ages_M_changes

# Mage_in

# phase_Mage
-5
# phase_rw_M
0
# npars_rw_M
0
# yrs_rw_M

# sigma_rw_M

# qprior
 3.48998e-007
# cvqprior
 1
# phase_q
 1
# q_power_prior
 1
# cvq_power_prior
 0.2
# phase_q_power
 -4
# phase_rw_q
 -1
# npars_rw_q
 0
# yrs_rw_q

# sigma_rw_q

# q_age_min
 1
# q_age_max
 12
# q_age_min
 1
# q_age_max
 12
# fsh_sel_opt(k)
2
# phase_sel_fsh(k)
-2
# n_sel_ch_fsh(k)
1
# sel_slp_in_fsh(k)(1,n_sel_ch_fsh(k))
 1
# sel_inf_in_fsh(k)(1,n_sel_ch_fsh(k))
 2
# logsel_slp_in_fsh(k)(1,n_sel_ch_fsh(k))
 0
# yrs_sel_ch_fsh(k)(1,n_sel_ch_fsh(k))
 1

Survey survey_index1
# ind_sel_opt(k)
2
# indname(k)
survey_index1
# nselages_in_ind(k)
11
# phase_sel_ind(k)
-2
# sel_change_in_ind(k)
 1 0 0 0 0 0 0 0 0 0 0 0 0 0 0 0 0 0 0 0 0 0 0 0 0 0 0 0 0 0
# n_sel_ch_ind(k)
1
# yrs_sel_ch_ind(k)(1,n_sel_ch_ind(k))
 1
# sel_slp_in_ind(k,1)
2
# sel_inf_in_ind(k,1)
1.5
# logsel_slp_in_ind(k,1)
0.693147
# logsel_slp_in_indv(k)
0.693147
survey_index1 ind sel opt 2  1 0 0 0 0 0 0 0 0 0 0 0 0 0 0 0 0 0 0 0 0 0 0 0 0 0 0 0 0 0
Phase indices Sel_Coffs:  -1
 Test: 1.23457e+008
# Fshry Selages:  11
# Srvy  Selages:  11
# Phase for age-spec fishery  -1
# Phase for logistic fishery  -2
# Phase for dble logistic fishery  -1
# Phase for age-spec indices   -1
# Phase for logistic indices   -2
# Phase for dble logistic ind  -1
# Curv_pen_fsh: 
 0
# Curv_pen_ind: 
 0
# styr_fut
31
# endyr_fut
35
# nyrs_fsh_age
 30
# nyrs_fsh_age
 30
# yrs_fsh_age
 1 2 3 4 5 6 7 8 9 10 11 12 13 14 15 16 17 18 19 20 21 22 23 24 25 26 27 28 29 30
# n_sample_fsh_age
 200 200 200 200 200 200 200 200 200 200 200 200 200 200 200 200 200 200 200 200 200 200 200 200 200 200 200 200 200 200
# oac_fsh
 0.06 0.125 0.11 0.115 0.145 0.085 0.065 0.075 0.055 0.045 0.025 0.095
 0.12 0.08 0.125 0.1 0.14 0.09 0.045 0.075 0.045 0.045 0.025 0.11
 0.05 0.125 0.125 0.085 0.16 0.09 0.05 0.07 0.03 0.06 0.025 0.13
 0.085 0.065 0.185 0.145 0.12 0.085 0.065 0.045 0.05 0.04 0.005 0.11
 0.115 0.1 0.105 0.125 0.11 0.09 0.07 0.07 0.03 0.055 0.02 0.11
 0.115 0.185 0.105 0.045 0.125 0.08 0.055 0.05 0.05 0.07 0.015 0.105
 0.09 0.115 0.2 0.115 0.075 0.1 0.055 0.065 0.03 0.035 0.01 0.11
 0.125 0.095 0.17 0.21 0.055 0.09 0.07 0.04 0.03 0.035 0.01 0.07
 0.09 0.135 0.175 0.135 0.135 0.06 0.05 0.045 0.04 0.03 0.015 0.09
 0.12 0.1 0.125 0.15 0.125 0.095 0.055 0.05 0.07 0.025 0.015 0.07
 0.1 0.15 0.115 0.145 0.1 0.105 0.085 0.04 0.02 0.035 0.02 0.085
 0.1 0.16 0.16 0.07 0.12 0.05 0.1 0.055 0.025 0.025 0.055 0.08
 0.065 0.12 0.19 0.155 0.175 0.115 0.025 0.045 0.03 0.01 0.015 0.055
 0.135 0.095 0.19 0.16 0.12 0.09 0.045 0.045 0.035 0.03 0 0.055
 0.12 0.185 0.165 0.095 0.135 0.085 0.07 0.025 0.02 0.025 0.02 0.055
 0.125 0.13 0.18 0.18 0.08 0.095 0.045 0.035 0.03 0.025 0.015 0.06
 0.13 0.215 0.14 0.155 0.07 0.07 0.04 0.05 0.04 0.025 0.04 0.025
 0.12 0.21 0.175 0.155 0.1 0.08 0.04 0.03 0.02 0.015 0.015 0.04
 0.085 0.115 0.18 0.17 0.1 0.105 0.06 0.05 0.04 0.04 0.01 0.045
 0.1 0.21 0.14 0.175 0.135 0.075 0.065 0.04 0.005 0.025 0.015 0.015
 0.165 0.095 0.225 0.155 0.155 0.075 0.03 0.05 0.015 0.005 0.005 0.025
 0.175 0.235 0.09 0.13 0.075 0.1 0.08 0.04 0.02 0.02 0.01 0.025
 0.14 0.18 0.245 0.135 0.08 0.055 0.06 0.03 0.01 0.025 0.015 0.025
 0.095 0.21 0.21 0.23 0.095 0.045 0.015 0.025 0.005 0.02 0.02 0.03
 0.165 0.155 0.205 0.225 0.09 0.04 0.045 0.025 0.01 0.025 0 0.015
 0.09 0.255 0.185 0.17 0.08 0.085 0.025 0.015 0.02 0.03 0.01 0.035
 0.195 0.145 0.265 0.105 0.095 0.085 0.05 0.025 0.005 0.02 0 0.01
 0.18 0.17 0.175 0.225 0.055 0.085 0.05 0.025 0.025 0.005 0 0.005
 0.15 0.28 0.22 0.12 0.11 0.04 0.02 0.025 0.02 0.01 0 0.005
 0.14 0.295 0.215 0.12 0.06 0.075 0.06 0.015 0.015 0.005 0 0
# olc_fsh

# wt_fsh
 0.000530656 0.00119633 0.00205827 0.00303499 0.00405521 0.0050647 0.00602623 0.00691692 0.00772489 0.00844611 0.00908185 0.0096367
 0.000530656 0.00119633 0.00205827 0.00303499 0.00405521 0.0050647 0.00602623 0.00691692 0.00772489 0.00844611 0.00908185 0.0096367
 0.000530656 0.00119633 0.00205827 0.00303499 0.00405521 0.0050647 0.00602623 0.00691692 0.00772489 0.00844611 0.00908185 0.0096367
 0.000530656 0.00119633 0.00205827 0.00303499 0.00405521 0.0050647 0.00602623 0.00691692 0.00772489 0.00844611 0.00908185 0.0096367
 0.000530656 0.00119633 0.00205827 0.00303499 0.00405521 0.0050647 0.00602623 0.00691692 0.00772489 0.00844611 0.00908185 0.0096367
 0.000530656 0.00119633 0.00205827 0.00303499 0.00405521 0.0050647 0.00602623 0.00691692 0.00772489 0.00844611 0.00908185 0.0096367
 0.000530656 0.00119633 0.00205827 0.00303499 0.00405521 0.0050647 0.00602623 0.00691692 0.00772489 0.00844611 0.00908185 0.0096367
 0.000530656 0.00119633 0.00205827 0.00303499 0.00405521 0.0050647 0.00602623 0.00691692 0.00772489 0.00844611 0.00908185 0.0096367
 0.000530656 0.00119633 0.00205827 0.00303499 0.00405521 0.0050647 0.00602623 0.00691692 0.00772489 0.00844611 0.00908185 0.0096367
 0.000530656 0.00119633 0.00205827 0.00303499 0.00405521 0.0050647 0.00602623 0.00691692 0.00772489 0.00844611 0.00908185 0.0096367
 0.000530656 0.00119633 0.00205827 0.00303499 0.00405521 0.0050647 0.00602623 0.00691692 0.00772489 0.00844611 0.00908185 0.0096367
 0.000530656 0.00119633 0.00205827 0.00303499 0.00405521 0.0050647 0.00602623 0.00691692 0.00772489 0.00844611 0.00908185 0.0096367
 0.000530656 0.00119633 0.00205827 0.00303499 0.00405521 0.0050647 0.00602623 0.00691692 0.00772489 0.00844611 0.00908185 0.0096367
 0.000530656 0.00119633 0.00205827 0.00303499 0.00405521 0.0050647 0.00602623 0.00691692 0.00772489 0.00844611 0.00908185 0.0096367
 0.000530656 0.00119633 0.00205827 0.00303499 0.00405521 0.0050647 0.00602623 0.00691692 0.00772489 0.00844611 0.00908185 0.0096367
 0.000530656 0.00119633 0.00205827 0.00303499 0.00405521 0.0050647 0.00602623 0.00691692 0.00772489 0.00844611 0.00908185 0.0096367
 0.000530656 0.00119633 0.00205827 0.00303499 0.00405521 0.0050647 0.00602623 0.00691692 0.00772489 0.00844611 0.00908185 0.0096367
 0.000530656 0.00119633 0.00205827 0.00303499 0.00405521 0.0050647 0.00602623 0.00691692 0.00772489 0.00844611 0.00908185 0.0096367
 0.000530656 0.00119633 0.00205827 0.00303499 0.00405521 0.0050647 0.00602623 0.00691692 0.00772489 0.00844611 0.00908185 0.0096367
 0.000530656 0.00119633 0.00205827 0.00303499 0.00405521 0.0050647 0.00602623 0.00691692 0.00772489 0.00844611 0.00908185 0.0096367
 0.000530656 0.00119633 0.00205827 0.00303499 0.00405521 0.0050647 0.00602623 0.00691692 0.00772489 0.00844611 0.00908185 0.0096367
 0.000530656 0.00119633 0.00205827 0.00303499 0.00405521 0.0050647 0.00602623 0.00691692 0.00772489 0.00844611 0.00908185 0.0096367
 0.000530656 0.00119633 0.00205827 0.00303499 0.00405521 0.0050647 0.00602623 0.00691692 0.00772489 0.00844611 0.00908185 0.0096367
 0.000530656 0.00119633 0.00205827 0.00303499 0.00405521 0.0050647 0.00602623 0.00691692 0.00772489 0.00844611 0.00908185 0.0096367
 0.000530656 0.00119633 0.00205827 0.00303499 0.00405521 0.0050647 0.00602623 0.00691692 0.00772489 0.00844611 0.00908185 0.0096367
 0.000530656 0.00119633 0.00205827 0.00303499 0.00405521 0.0050647 0.00602623 0.00691692 0.00772489 0.00844611 0.00908185 0.0096367
 0.000530656 0.00119633 0.00205827 0.00303499 0.00405521 0.0050647 0.00602623 0.00691692 0.00772489 0.00844611 0.00908185 0.0096367
 0.000530656 0.00119633 0.00205827 0.00303499 0.00405521 0.0050647 0.00602623 0.00691692 0.00772489 0.00844611 0.00908185 0.0096367
 0.000530656 0.00119633 0.00205827 0.00303499 0.00405521 0.0050647 0.00602623 0.00691692 0.00772489 0.00844611 0.00908185 0.0096367
 0.000530656 0.00119633 0.00205827 0.00303499 0.00405521 0.0050647 0.00602623 0.00691692 0.00772489 0.00844611 0.00908185 0.0096367
# nyrs_ind_age
 30
# yrs_ind_age
 1 2 3 4 5 6 7 8 9 10 11 12 13 14 15 16 17 18 19 20 21 22 23 24 25 26 27 28 29 30
# n_sample_ind_age
 200 200 200 200 200 200 200 200 200 200 200 200 200 200 200 200 200 200 200 200 200 200 200 200 200 200 200 200 200 200
# oac_ind
 0.04 0.125 0.15 0.09 0.115 0.085 0.06 0.055 0.04 0.045 0.04 0.155
 0.065 0.135 0.125 0.115 0.1 0.105 0.08 0.05 0.065 0.04 0.015 0.105
 0.055 0.125 0.11 0.15 0.155 0.09 0.05 0.03 0.045 0.02 0.03 0.14
 0.075 0.13 0.165 0.12 0.1 0.06 0.04 0.045 0.075 0.04 0.015 0.135
 0.12 0.11 0.145 0.115 0.09 0.085 0.025 0.06 0.05 0.06 0.035 0.105
 0.08 0.18 0.1 0.12 0.115 0.065 0.035 0.06 0.065 0.025 0.025 0.13
 0.05 0.16 0.245 0.085 0.08 0.08 0.045 0.05 0.045 0.05 0.035 0.075
 0.08 0.185 0.155 0.105 0.055 0.115 0.05 0.05 0.025 0.04 0.02 0.12
 0.06 0.15 0.145 0.14 0.18 0.06 0.01 0.035 0.035 0.015 0.025 0.145
 0.08 0.185 0.165 0.1 0.125 0.075 0.03 0.035 0.05 0.04 0.03 0.085
 0.075 0.215 0.135 0.175 0.095 0.085 0.055 0.015 0.015 0.025 0.01 0.1
 0.08 0.165 0.125 0.19 0.115 0.085 0.055 0.055 0.025 0.005 0.03 0.07
 0.095 0.155 0.23 0.155 0.06 0.075 0.065 0.035 0.035 0.02 0.01 0.065
 0.1 0.17 0.115 0.155 0.115 0.085 0.06 0.045 0.035 0.03 0.005 0.085
 0.09 0.225 0.19 0.115 0.08 0.085 0.06 0.03 0.03 0.035 0.01 0.05
 0.12 0.225 0.16 0.14 0.09 0.06 0.06 0.03 0.04 0.01 0.015 0.05
 0.125 0.21 0.19 0.14 0.11 0.07 0.025 0.035 0.03 0.02 0.01 0.035
 0.075 0.265 0.195 0.1 0.11 0.1 0.03 0.03 0.02 0.015 0.005 0.055
 0.07 0.2 0.255 0.155 0.08 0.045 0.045 0.035 0.035 0.02 0.015 0.045
 0.085 0.17 0.185 0.145 0.16 0.06 0.065 0.05 0.015 0.015 0.015 0.035
 0.125 0.19 0.175 0.14 0.11 0.1 0.04 0.025 0.02 0.025 0.025 0.025
 0.165 0.21 0.16 0.13 0.085 0.085 0.06 0.02 0.025 0.02 0.02 0.02
 0.04 0.3 0.285 0.11 0.085 0.055 0.04 0.025 0.005 0.02 0.01 0.025
 0.075 0.25 0.24 0.185 0.105 0.055 0.03 0.04 0.005 0 0.005 0.01
 0.13 0.19 0.2 0.215 0.095 0.05 0.03 0.03 0.03 0.02 0 0.01
 0.075 0.295 0.175 0.13 0.115 0.105 0.03 0.03 0.02 0.015 0.01 0
 0.14 0.185 0.31 0.125 0.065 0.105 0.025 0.015 0.015 0.005 0 0.01
 0.125 0.3 0.155 0.19 0.08 0.04 0.04 0.03 0.015 0.01 0 0.015
 0.13 0.25 0.23 0.14 0.13 0.055 0.03 0.01 0.01 0 0.015 0
 0.13 0.26 0.245 0.165 0.095 0.04 0.035 0.015 0.005 0.005 0 0.005
# olc_ind

# obs_lse_ind
 0.198042 0.198042 0.198042 0.198042 0.198042 0.198042 0.198042 0.198042 0.198042 0.198042 0.198042 0.198042 0.198042 0.198042 0.198042 0.198042 0.198042 0.198042 0.198042 0.198042 0.198042 0.198042 0.198042 0.198042 0.198042 0.198042 0.198042 0.198042 0.198042 0.198042
# xages_fsh
 0 0 0 0 0 0 0 0 0 0 0 0
# xages_fsh
 0 0.0909091 0.181818 0.272727 0.363636 0.454545 0.545455 0.636364 0.727273 0.818182 0.909091 1
# xnodes_fsh

Yrs fsh_sel change:  1 0 0 0 0 0 0 0 0 0 0 0 0 0 0 0 0 0 0 0 0 0 0 0 0 0 0 0 0
Yrs ind_sel change:  1 0 0 0 0 0 0 0 0 0 0 0 0 0 0 0 0 0 0 0 0 0 0 0 0 0 0 0 0
# steepnessprior
0.75
# sigmarprior
0.2
#  SSB estimated in styr endyr: -12 28 
#  Rec estimated in styr endyr: -10 30 
#  SR Curve fit  in styr endyr: 1 30 
#             Model styr endyr: 1 30 
# qprior
 3.48998e-007
# q_power_prior 
 1 
# cv_catchbiomass 
0.05 
# CatchbiomassPen 
200 
# Number of projection years 
5 
# offset_fsh
 13392.3
# offset_ind
 13169
Mean Catch
1274.59
R_guess 
13.8155
# nfsh
1
# n_sel_ch_fsh
 1
# nselages_fsh
 11
# phase_selcoff_fsh
 -1
logRzero 13.8155
logmeanrec 13.8155
exp(log_sigmarprior 0.2
Fish sel phase: -1 OM1
Fixing fishery sel to
1
Fixing fishery sel to
1
Srvy sel phase: -1
Fixing survey_index1 indices sel to
1
Fixing index sel to
1
# logsel_slp_in_indv
 0.693147
Leaving parameter init secton
# M
 0.2 0.2 0.2 0.2 0.2 0.2 0.2 0.2 0.2 0.2 0.2 0.2
 0.2 0.2 0.2 0.2 0.2 0.2 0.2 0.2 0.2 0.2 0.2 0.2
 0.2 0.2 0.2 0.2 0.2 0.2 0.2 0.2 0.2 0.2 0.2 0.2
 0.2 0.2 0.2 0.2 0.2 0.2 0.2 0.2 0.2 0.2 0.2 0.2
 0.2 0.2 0.2 0.2 0.2 0.2 0.2 0.2 0.2 0.2 0.2 0.2
 0.2 0.2 0.2 0.2 0.2 0.2 0.2 0.2 0.2 0.2 0.2 0.2
 0.2 0.2 0.2 0.2 0.2 0.2 0.2 0.2 0.2 0.2 0.2 0.2
 0.2 0.2 0.2 0.2 0.2 0.2 0.2 0.2 0.2 0.2 0.2 0.2
 0.2 0.2 0.2 0.2 0.2 0.2 0.2 0.2 0.2 0.2 0.2 0.2
 0.2 0.2 0.2 0.2 0.2 0.2 0.2 0.2 0.2 0.2 0.2 0.2
 0.2 0.2 0.2 0.2 0.2 0.2 0.2 0.2 0.2 0.2 0.2 0.2
 0.2 0.2 0.2 0.2 0.2 0.2 0.2 0.2 0.2 0.2 0.2 0.2
 0.2 0.2 0.2 0.2 0.2 0.2 0.2 0.2 0.2 0.2 0.2 0.2
 0.2 0.2 0.2 0.2 0.2 0.2 0.2 0.2 0.2 0.2 0.2 0.2
 0.2 0.2 0.2 0.2 0.2 0.2 0.2 0.2 0.2 0.2 0.2 0.2
 0.2 0.2 0.2 0.2 0.2 0.2 0.2 0.2 0.2 0.2 0.2 0.2
 0.2 0.2 0.2 0.2 0.2 0.2 0.2 0.2 0.2 0.2 0.2 0.2
 0.2 0.2 0.2 0.2 0.2 0.2 0.2 0.2 0.2 0.2 0.2 0.2
 0.2 0.2 0.2 0.2 0.2 0.2 0.2 0.2 0.2 0.2 0.2 0.2
 0.2 0.2 0.2 0.2 0.2 0.2 0.2 0.2 0.2 0.2 0.2 0.2
 0.2 0.2 0.2 0.2 0.2 0.2 0.2 0.2 0.2 0.2 0.2 0.2
 0.2 0.2 0.2 0.2 0.2 0.2 0.2 0.2 0.2 0.2 0.2 0.2
 0.2 0.2 0.2 0.2 0.2 0.2 0.2 0.2 0.2 0.2 0.2 0.2
 0.2 0.2 0.2 0.2 0.2 0.2 0.2 0.2 0.2 0.2 0.2 0.2
 0.2 0.2 0.2 0.2 0.2 0.2 0.2 0.2 0.2 0.2 0.2 0.2
 0.2 0.2 0.2 0.2 0.2 0.2 0.2 0.2 0.2 0.2 0.2 0.2
 0.2 0.2 0.2 0.2 0.2 0.2 0.2 0.2 0.2 0.2 0.2 0.2
 0.2 0.2 0.2 0.2 0.2 0.2 0.2 0.2 0.2 0.2 0.2 0.2
 0.2 0.2 0.2 0.2 0.2 0.2 0.2 0.2 0.2 0.2 0.2 0.2
 0.2 0.2 0.2 0.2 0.2 0.2 0.2 0.2 0.2 0.2 0.2 0.2
# mean_log_rec
13.7316
# log_Rzero
13.7707
# rec_dev
 -0.129034 -0.0626538 -0.0456165 0.00243377 0.000258842 -0.00529013 0.075708 0.0800673 0.0840797 0.0769186 0.0440865 0.00917636 0.233103 -0.102285 -0.153197 0.410851 0.245648 0.0836323 0.153175 0.0353227 0.13045 0.106646 -0.105647 0.0229398 0.129472 -0.0492323 0.163614 0.160891 -0.211663 -0.207981 -0.365816 0.0440148 0.0143897 -0.26908 -0.473726 -0.0746355 -0.54527 -0.242709 -0.20168 -0.217272 -0.349821
# fmort
 0.00928815 0.027452 0.045993 0.0621855 0.0506152 0.0905914 0.0924299 0.196742 0.115082 0.140761 0.160961 0.172154 0.12511 0.18116 0.190616 0.168801 0.322256 0.264884 0.261 0.257223 0.354838 0.257866 0.427517 0.356096 0.351767 0.321399 0.317867 0.44636 0.343068 0.531278
# rec_dev_future
 0 0 0 0 0
