AMAK;August_2013
# styr
1
# endyr
30
# rec_age
1
# oldest_age
12
# nlength
81
# len_bins
 10 11 12 13 14 15 16 17 18 19 20 21 22 23 24 25 26 27 28 29 30 31 32 33 34 35 36 37 38 39 40 41 42 43 44 45 46 47 48 49 50 51 52 53 54 55 56 57 58 59 60 61 62 63 64 65 66 67 68 69 70 71 72 73 74 75 76 77 78 79 80 81 82 83 84 85 86 87 88 89 90
# datafile_name
amak_data.dat
# model_name
OM_1
# styr
1
# endyr
30
# rec_age
1
# oldest_age
12
# nfsh
1
# fshname
OM1
# catch_bio_in
 161.291 467.227 759.455 1001.22 762.229 1321.68 1279.67 2488.03 1319.64 1532.26 1606.27 1611.19 1105.63 1536.7 1521.03 1268.45 2250.36 1615.36 1465.65 1320.42 1637.12 1079.94 1646 1198.42 1118.51 977.107 924.823 1199.56 868.993 1267.8
# catch_bio_sd_in
 0.01 0.01 0.01 0.01 0.01 0.01 0.01 0.01 0.01 0.01 0.01 0.01 0.01 0.01 0.01 0.01 0.01 0.01 0.01 0.01 0.01 0.01 0.01 0.01 0.01 0.01 0.01 0.01 0.01 0.01
# nyrs_fsh_age
 30
# nyrs_fsh_length
 0
# yrs_fsh_age_in
 1 2 3 4 5 6 7 8 9 10 11 12 13 14 15 16 17 18 19 20 21 22 23 24 25 26 27 28 29 30
# yrs_fsh_length_in

# n_sample_fsh_length_in

# olc_fsh_in

# nind
1
# indname
survey_index1
# nyrs_ind
 30
# yrs_ind_in
 1 2 3 4 5 6 7 8 9 10 11 12 13 14 15 16 17 18 19 20 21 22 23 24 25 26 27 28 29 30
# mo_ind
 1
# obs_ind_in
 1.46653 1.42229 1.44914 1.44864 1.3854 1.34139 1.41183 1.53821 1.31764 1.1656 1.07337 1.04038 1.09267 1.05726 0.926161 0.937848 0.882737 0.92263 0.769758 0.631691 0.624591 0.843727 0.623597 0.519074 0.523317 0.634135 0.442457 0.519312 0.526911 0.530536
# obs_se_ind_in
 0.293306 0.284458 0.289827 0.289728 0.277079 0.268278 0.282367 0.307642 0.263528 0.23312 0.214673 0.208076 0.218535 0.211452 0.185232 0.18757 0.176547 0.184526 0.153952 0.126338 0.124918 0.168745 0.124719 0.103815 0.104663 0.126827 0.0884913 0.103862 0.105382 0.106107
# nyrs_ind_age
 30
# nyrs_ind_length
 0
# yrs_ind_age_in
 1 2 3 4 5 6 7 8 9 10 11 12 13 14 15 16 17 18 19 20 21 22 23 24 25 26 27 28 29 30
# yrs_ind_length_in

# yrs_ind_age_in
 1 2 3 4 5 6 7 8 9 10 11 12 13 14 15 16 17 18 19 20 21 22 23 24 25 26 27 28 29 30
# n_sample_ind_length_in

# olc_ind_in

# oac_ind_in
 0.075 0.125 0.205 0.12 0.095 0.09 0.035 0.06 0.025 0.025 0.015 0.13
 0.065 0.12 0.205 0.105 0.1 0.075 0.065 0.07 0.04 0.03 0.035 0.09
 0.045 0.13 0.145 0.13 0.105 0.085 0.06 0.05 0.055 0.045 0.02 0.13
 0.04 0.18 0.135 0.13 0.11 0.085 0.065 0.05 0.035 0.04 0.02 0.11
 0.105 0.145 0.115 0.18 0.105 0.06 0.05 0.06 0.045 0.005 0.02 0.11
 0.055 0.185 0.11 0.155 0.125 0.065 0.055 0.05 0.04 0.035 0.025 0.1
 0.065 0.12 0.25 0.11 0.085 0.095 0.065 0.035 0.05 0.02 0.025 0.08
 0.045 0.135 0.175 0.145 0.105 0.095 0.085 0.03 0.03 0.03 0.02 0.105
 0.05 0.145 0.17 0.185 0.16 0.05 0.05 0.045 0.025 0.02 0.02 0.08
 0.08 0.135 0.205 0.115 0.15 0.095 0.03 0.04 0.035 0.025 0.015 0.075
 0.085 0.2 0.135 0.175 0.08 0.07 0.07 0.04 0.01 0.04 0.02 0.075
 0.045 0.205 0.21 0.08 0.14 0.065 0.06 0.075 0.01 0.025 0.02 0.065
 0.065 0.205 0.175 0.175 0.08 0.075 0.025 0.06 0.045 0.025 0.015 0.055
 0.055 0.21 0.2 0.105 0.115 0.07 0.11 0.05 0.01 0.01 0.015 0.05
 0.105 0.16 0.175 0.09 0.135 0.085 0.065 0.045 0.04 0.035 0.025 0.04
 0.075 0.2 0.25 0.145 0.09 0.055 0.06 0.025 0.02 0.015 0.015 0.05
 0.1 0.16 0.21 0.135 0.11 0.075 0.085 0.015 0.025 0.01 0.015 0.06
 0.08 0.195 0.23 0.16 0.09 0.06 0.055 0.025 0.015 0.01 0.005 0.075
 0.06 0.16 0.31 0.145 0.11 0.075 0.025 0.01 0.035 0.025 0.01 0.035
 0.095 0.205 0.16 0.19 0.13 0.065 0.065 0.02 0.025 0.02 0.005 0.02
 0.12 0.235 0.225 0.095 0.1 0.095 0.035 0.03 0.015 0.01 0.01 0.03
 0.14 0.27 0.23 0.1 0.09 0.055 0.05 0.015 0.01 0.01 0.015 0.015
 0.06 0.275 0.26 0.12 0.1 0.035 0.05 0.05 0.01 0.015 0.005 0.02
 0.1 0.23 0.235 0.165 0.11 0.045 0.03 0.03 0.01 0.01 0.01 0.025
 0.105 0.205 0.24 0.15 0.115 0.07 0.03 0.035 0.01 0.025 0 0.015
 0.065 0.29 0.195 0.115 0.145 0.08 0.03 0.04 0.01 0.015 0 0.015
 0.095 0.21 0.265 0.175 0.065 0.065 0.06 0.02 0.015 0.01 0.015 0.005
 0.12 0.235 0.185 0.18 0.085 0.11 0.03 0.02 0.015 0 0.005 0.015
 0.165 0.33 0.22 0.11 0.065 0.04 0.035 0.01 0.01 0.01 0 0.005
 0.09 0.33 0.21 0.125 0.085 0.055 0.025 0.03 0.015 0.015 0.005 0.015
# wt_ind
 1 1 1 1 1 1 1 1 1 1 1 1
 1 1 1 1 1 1 1 1 1 1 1 1
 1 1 1 1 1 1 1 1 1 1 1 1
 1 1 1 1 1 1 1 1 1 1 1 1
 1 1 1 1 1 1 1 1 1 1 1 1
 1 1 1 1 1 1 1 1 1 1 1 1
 1 1 1 1 1 1 1 1 1 1 1 1
 1 1 1 1 1 1 1 1 1 1 1 1
 1 1 1 1 1 1 1 1 1 1 1 1
 1 1 1 1 1 1 1 1 1 1 1 1
 1 1 1 1 1 1 1 1 1 1 1 1
 1 1 1 1 1 1 1 1 1 1 1 1
 1 1 1 1 1 1 1 1 1 1 1 1
 1 1 1 1 1 1 1 1 1 1 1 1
 1 1 1 1 1 1 1 1 1 1 1 1
 1 1 1 1 1 1 1 1 1 1 1 1
 1 1 1 1 1 1 1 1 1 1 1 1
 1 1 1 1 1 1 1 1 1 1 1 1
 1 1 1 1 1 1 1 1 1 1 1 1
 1 1 1 1 1 1 1 1 1 1 1 1
 1 1 1 1 1 1 1 1 1 1 1 1
 1 1 1 1 1 1 1 1 1 1 1 1
 1 1 1 1 1 1 1 1 1 1 1 1
 1 1 1 1 1 1 1 1 1 1 1 1
 1 1 1 1 1 1 1 1 1 1 1 1
 1 1 1 1 1 1 1 1 1 1 1 1
 1 1 1 1 1 1 1 1 1 1 1 1
 1 1 1 1 1 1 1 1 1 1 1 1
 1 1 1 1 1 1 1 1 1 1 1 1
 1 1 1 1 1 1 1 1 1 1 1 1
# wt_pop
 0.000530656 0.00119633 0.00205827 0.00303499 0.00405521 0.0050647 0.00602623 0.00691692 0.00772489 0.00844611 0.00908185 0.0096367
# maturity
 0.0229774 0.320821 0.904651 0.99478 0.999739 0.999987 0.999999 1 1 1 1 1
# spawnmo
1
# age_err
 1 0 0 0 0 0 0 0 0 0 0 0
 0 1 0 0 0 0 0 0 0 0 0 0
 0 0 1 0 0 0 0 0 0 0 0 0
 0 0 0 1 0 0 0 0 0 0 0 0
 0 0 0 0 1 0 0 0 0 0 0 0
 0 0 0 0 0 1 0 0 0 0 0 0
 0 0 0 0 0 0 1 0 0 0 0 0
 0 0 0 0 0 0 0 1 0 0 0 0
 0 0 0 0 0 0 0 0 1 0 0 0
 0 0 0 0 0 0 0 0 0 1 0 0
 0 0 0 0 0 0 0 0 0 0 1 0
 0 0 0 0 0 0 0 0 0 0 0 1
# cntrlfile_name
C:\Users\bai.li\Desktop\s1_test\AMAK\s6\amak.dat
# Map shared selectivity: 
# sel_map
 1 2
 1 1
# datafile_name
amak_data.dat
# model_name
OM_1
# SrType
2
# use_age_err
0
# retro
0
# sigmarprior
0.2
# cvsigmarprior
0.25
# phase_sigmar
-3
# styr_rec_est
1
# endyr_rec_est
30
# Linfprior
80
# cvLinfprior
0.25
# kprior
0.18
# cvkprior
0.25
# Loprior
27.688
# cvLoprior
0.25
# sdageprior
0.1
# cvsdageprior
0.25
# natmortprior
0.2
# cvnatmortprior
0.25
# phase_M
-4
# npars_Mage
0
# ages_M_changes

# Mage_in

# phase_Mage
-5
# phase_rw_M
0
# npars_rw_M
0
# yrs_rw_M

# sigma_rw_M

# qprior
 3.48998e-007
# cvqprior
 1
# phase_q
 1
# q_power_prior
 1
# cvq_power_prior
 0.2
# phase_q_power
 -4
# phase_rw_q
 -1
# npars_rw_q
 0
# yrs_rw_q

# sigma_rw_q

# q_age_min
 1
# q_age_max
 12
# q_age_min
 1
# q_age_max
 12
# fsh_sel_opt(k)
2
# phase_sel_fsh(k)
-2
# n_sel_ch_fsh(k)
1
# sel_slp_in_fsh(k)(1,n_sel_ch_fsh(k))
 1
# sel_inf_in_fsh(k)(1,n_sel_ch_fsh(k))
 2
# logsel_slp_in_fsh(k)(1,n_sel_ch_fsh(k))
 0
# yrs_sel_ch_fsh(k)(1,n_sel_ch_fsh(k))
 1

Survey survey_index1
# ind_sel_opt(k)
2
# indname(k)
survey_index1
# nselages_in_ind(k)
11
# phase_sel_ind(k)
-2
# sel_change_in_ind(k)
 1 0 0 0 0 0 0 0 0 0 0 0 0 0 0 0 0 0 0 0 0 0 0 0 0 0 0 0 0 0
# n_sel_ch_ind(k)
1
# yrs_sel_ch_ind(k)(1,n_sel_ch_ind(k))
 1
# sel_slp_in_ind(k,1)
2
# sel_inf_in_ind(k,1)
1.5
# logsel_slp_in_ind(k,1)
0.693147
# logsel_slp_in_indv(k)
0.693147
survey_index1 ind sel opt 2  1 0 0 0 0 0 0 0 0 0 0 0 0 0 0 0 0 0 0 0 0 0 0 0 0 0 0 0 0 0
Phase indices Sel_Coffs:  -1
 Test: 1.23457e+008
# Fshry Selages:  11
# Srvy  Selages:  11
# Phase for age-spec fishery  -1
# Phase for logistic fishery  -2
# Phase for dble logistic fishery  -1
# Phase for age-spec indices   -1
# Phase for logistic indices   -2
# Phase for dble logistic ind  -1
# Curv_pen_fsh: 
 0
# Curv_pen_ind: 
 0
# styr_fut
31
# endyr_fut
35
# nyrs_fsh_age
 30
# nyrs_fsh_age
 30
# yrs_fsh_age
 1 2 3 4 5 6 7 8 9 10 11 12 13 14 15 16 17 18 19 20 21 22 23 24 25 26 27 28 29 30
# n_sample_fsh_age
 200 200 200 200 200 200 200 200 200 200 200 200 200 200 200 200 200 200 200 200 200 200 200 200 200 200 200 200 200 200
# oac_fsh
 0.07 0.13 0.095 0.09 0.115 0.11 0.09 0.035 0.055 0.045 0.01 0.155
 0.065 0.08 0.15 0.08 0.08 0.105 0.075 0.045 0.04 0.035 0.04 0.205
 0.085 0.13 0.135 0.125 0.115 0.075 0.1 0.03 0.04 0.03 0.015 0.12
 0.03 0.155 0.115 0.125 0.1 0.09 0.095 0.045 0.065 0.035 0.025 0.12
 0.11 0.065 0.14 0.115 0.105 0.04 0.055 0.07 0.05 0.075 0.035 0.14
 0.095 0.17 0.095 0.075 0.12 0.065 0.055 0.065 0.055 0.055 0.02 0.13
 0.055 0.125 0.165 0.115 0.095 0.1 0.05 0.05 0.05 0.03 0.035 0.13
 0.125 0.105 0.165 0.125 0.09 0.08 0.07 0.035 0.04 0.03 0.03 0.105
 0.085 0.14 0.085 0.135 0.135 0.065 0.075 0.07 0.025 0.025 0.025 0.135
 0.095 0.1 0.13 0.165 0.08 0.13 0.055 0.05 0.015 0.025 0.035 0.12
 0.08 0.185 0.105 0.185 0.105 0.08 0.09 0.025 0.025 0.03 0.01 0.08
 0.1 0.165 0.195 0.11 0.155 0.05 0.06 0.03 0.015 0.015 0.015 0.09
 0.065 0.135 0.13 0.145 0.12 0.085 0.04 0.1 0.03 0.035 0.01 0.105
 0.085 0.2 0.13 0.13 0.125 0.075 0.075 0.02 0.03 0.055 0.005 0.07
 0.1 0.17 0.175 0.14 0.105 0.1 0.05 0.025 0.02 0.03 0.025 0.06
 0.14 0.19 0.175 0.105 0.085 0.08 0.065 0.025 0.035 0.03 0.025 0.045
 0.13 0.19 0.12 0.13 0.075 0.045 0.085 0.075 0.05 0.025 0.015 0.06
 0.075 0.215 0.175 0.16 0.1 0.055 0.055 0.04 0.025 0.03 0.035 0.035
 0.145 0.14 0.16 0.22 0.085 0.095 0.035 0.015 0.015 0.015 0.02 0.055
 0.105 0.19 0.125 0.165 0.125 0.075 0.09 0.05 0.015 0.015 0.01 0.035
 0.215 0.12 0.185 0.13 0.11 0.09 0.03 0.035 0.015 0.01 0.02 0.04
 0.185 0.265 0.105 0.14 0.06 0.11 0.045 0.015 0.015 0.01 0.015 0.035
 0.13 0.2 0.255 0.1 0.12 0.07 0.05 0.015 0.03 0.005 0.005 0.02
 0.115 0.2 0.23 0.185 0.1 0.05 0.045 0.025 0.02 0.015 0.005 0.01
 0.165 0.185 0.135 0.22 0.15 0.045 0.03 0.025 0.01 0.02 0.005 0.01
 0.13 0.24 0.145 0.15 0.155 0.08 0.05 0.01 0.02 0 0.01 0.01
 0.2 0.145 0.26 0.165 0.085 0.07 0.03 0.015 0.025 0 0 0.005
 0.205 0.25 0.145 0.17 0.075 0.055 0.065 0.015 0.01 0.01 0 0
 0.23 0.31 0.12 0.12 0.095 0.03 0.075 0.005 0.015 0 0 0
 0.13 0.28 0.2 0.15 0.105 0.065 0.035 0.005 0.01 0 0.005 0.015
# olc_fsh

# wt_fsh
 0.000530656 0.00119633 0.00205827 0.00303499 0.00405521 0.0050647 0.00602623 0.00691692 0.00772489 0.00844611 0.00908185 0.0096367
 0.000530656 0.00119633 0.00205827 0.00303499 0.00405521 0.0050647 0.00602623 0.00691692 0.00772489 0.00844611 0.00908185 0.0096367
 0.000530656 0.00119633 0.00205827 0.00303499 0.00405521 0.0050647 0.00602623 0.00691692 0.00772489 0.00844611 0.00908185 0.0096367
 0.000530656 0.00119633 0.00205827 0.00303499 0.00405521 0.0050647 0.00602623 0.00691692 0.00772489 0.00844611 0.00908185 0.0096367
 0.000530656 0.00119633 0.00205827 0.00303499 0.00405521 0.0050647 0.00602623 0.00691692 0.00772489 0.00844611 0.00908185 0.0096367
 0.000530656 0.00119633 0.00205827 0.00303499 0.00405521 0.0050647 0.00602623 0.00691692 0.00772489 0.00844611 0.00908185 0.0096367
 0.000530656 0.00119633 0.00205827 0.00303499 0.00405521 0.0050647 0.00602623 0.00691692 0.00772489 0.00844611 0.00908185 0.0096367
 0.000530656 0.00119633 0.00205827 0.00303499 0.00405521 0.0050647 0.00602623 0.00691692 0.00772489 0.00844611 0.00908185 0.0096367
 0.000530656 0.00119633 0.00205827 0.00303499 0.00405521 0.0050647 0.00602623 0.00691692 0.00772489 0.00844611 0.00908185 0.0096367
 0.000530656 0.00119633 0.00205827 0.00303499 0.00405521 0.0050647 0.00602623 0.00691692 0.00772489 0.00844611 0.00908185 0.0096367
 0.000530656 0.00119633 0.00205827 0.00303499 0.00405521 0.0050647 0.00602623 0.00691692 0.00772489 0.00844611 0.00908185 0.0096367
 0.000530656 0.00119633 0.00205827 0.00303499 0.00405521 0.0050647 0.00602623 0.00691692 0.00772489 0.00844611 0.00908185 0.0096367
 0.000530656 0.00119633 0.00205827 0.00303499 0.00405521 0.0050647 0.00602623 0.00691692 0.00772489 0.00844611 0.00908185 0.0096367
 0.000530656 0.00119633 0.00205827 0.00303499 0.00405521 0.0050647 0.00602623 0.00691692 0.00772489 0.00844611 0.00908185 0.0096367
 0.000530656 0.00119633 0.00205827 0.00303499 0.00405521 0.0050647 0.00602623 0.00691692 0.00772489 0.00844611 0.00908185 0.0096367
 0.000530656 0.00119633 0.00205827 0.00303499 0.00405521 0.0050647 0.00602623 0.00691692 0.00772489 0.00844611 0.00908185 0.0096367
 0.000530656 0.00119633 0.00205827 0.00303499 0.00405521 0.0050647 0.00602623 0.00691692 0.00772489 0.00844611 0.00908185 0.0096367
 0.000530656 0.00119633 0.00205827 0.00303499 0.00405521 0.0050647 0.00602623 0.00691692 0.00772489 0.00844611 0.00908185 0.0096367
 0.000530656 0.00119633 0.00205827 0.00303499 0.00405521 0.0050647 0.00602623 0.00691692 0.00772489 0.00844611 0.00908185 0.0096367
 0.000530656 0.00119633 0.00205827 0.00303499 0.00405521 0.0050647 0.00602623 0.00691692 0.00772489 0.00844611 0.00908185 0.0096367
 0.000530656 0.00119633 0.00205827 0.00303499 0.00405521 0.0050647 0.00602623 0.00691692 0.00772489 0.00844611 0.00908185 0.0096367
 0.000530656 0.00119633 0.00205827 0.00303499 0.00405521 0.0050647 0.00602623 0.00691692 0.00772489 0.00844611 0.00908185 0.0096367
 0.000530656 0.00119633 0.00205827 0.00303499 0.00405521 0.0050647 0.00602623 0.00691692 0.00772489 0.00844611 0.00908185 0.0096367
 0.000530656 0.00119633 0.00205827 0.00303499 0.00405521 0.0050647 0.00602623 0.00691692 0.00772489 0.00844611 0.00908185 0.0096367
 0.000530656 0.00119633 0.00205827 0.00303499 0.00405521 0.0050647 0.00602623 0.00691692 0.00772489 0.00844611 0.00908185 0.0096367
 0.000530656 0.00119633 0.00205827 0.00303499 0.00405521 0.0050647 0.00602623 0.00691692 0.00772489 0.00844611 0.00908185 0.0096367
 0.000530656 0.00119633 0.00205827 0.00303499 0.00405521 0.0050647 0.00602623 0.00691692 0.00772489 0.00844611 0.00908185 0.0096367
 0.000530656 0.00119633 0.00205827 0.00303499 0.00405521 0.0050647 0.00602623 0.00691692 0.00772489 0.00844611 0.00908185 0.0096367
 0.000530656 0.00119633 0.00205827 0.00303499 0.00405521 0.0050647 0.00602623 0.00691692 0.00772489 0.00844611 0.00908185 0.0096367
 0.000530656 0.00119633 0.00205827 0.00303499 0.00405521 0.0050647 0.00602623 0.00691692 0.00772489 0.00844611 0.00908185 0.0096367
# nyrs_ind_age
 30
# yrs_ind_age
 1 2 3 4 5 6 7 8 9 10 11 12 13 14 15 16 17 18 19 20 21 22 23 24 25 26 27 28 29 30
# n_sample_ind_age
 200 200 200 200 200 200 200 200 200 200 200 200 200 200 200 200 200 200 200 200 200 200 200 200 200 200 200 200 200 200
# oac_ind
 0.075 0.125 0.205 0.12 0.095 0.09 0.035 0.06 0.025 0.025 0.015 0.13
 0.065 0.12 0.205 0.105 0.1 0.075 0.065 0.07 0.04 0.03 0.035 0.09
 0.045 0.13 0.145 0.13 0.105 0.085 0.06 0.05 0.055 0.045 0.02 0.13
 0.04 0.18 0.135 0.13 0.11 0.085 0.065 0.05 0.035 0.04 0.02 0.11
 0.105 0.145 0.115 0.18 0.105 0.06 0.05 0.06 0.045 0.005 0.02 0.11
 0.055 0.185 0.11 0.155 0.125 0.065 0.055 0.05 0.04 0.035 0.025 0.1
 0.065 0.12 0.25 0.11 0.085 0.095 0.065 0.035 0.05 0.02 0.025 0.08
 0.045 0.135 0.175 0.145 0.105 0.095 0.085 0.03 0.03 0.03 0.02 0.105
 0.05 0.145 0.17 0.185 0.16 0.05 0.05 0.045 0.025 0.02 0.02 0.08
 0.08 0.135 0.205 0.115 0.15 0.095 0.03 0.04 0.035 0.025 0.015 0.075
 0.085 0.2 0.135 0.175 0.08 0.07 0.07 0.04 0.01 0.04 0.02 0.075
 0.045 0.205 0.21 0.08 0.14 0.065 0.06 0.075 0.01 0.025 0.02 0.065
 0.065 0.205 0.175 0.175 0.08 0.075 0.025 0.06 0.045 0.025 0.015 0.055
 0.055 0.21 0.2 0.105 0.115 0.07 0.11 0.05 0.01 0.01 0.015 0.05
 0.105 0.16 0.175 0.09 0.135 0.085 0.065 0.045 0.04 0.035 0.025 0.04
 0.075 0.2 0.25 0.145 0.09 0.055 0.06 0.025 0.02 0.015 0.015 0.05
 0.1 0.16 0.21 0.135 0.11 0.075 0.085 0.015 0.025 0.01 0.015 0.06
 0.08 0.195 0.23 0.16 0.09 0.06 0.055 0.025 0.015 0.01 0.005 0.075
 0.06 0.16 0.31 0.145 0.11 0.075 0.025 0.01 0.035 0.025 0.01 0.035
 0.095 0.205 0.16 0.19 0.13 0.065 0.065 0.02 0.025 0.02 0.005 0.02
 0.12 0.235 0.225 0.095 0.1 0.095 0.035 0.03 0.015 0.01 0.01 0.03
 0.14 0.27 0.23 0.1 0.09 0.055 0.05 0.015 0.01 0.01 0.015 0.015
 0.06 0.275 0.26 0.12 0.1 0.035 0.05 0.05 0.01 0.015 0.005 0.02
 0.1 0.23 0.235 0.165 0.11 0.045 0.03 0.03 0.01 0.01 0.01 0.025
 0.105 0.205 0.24 0.15 0.115 0.07 0.03 0.035 0.01 0.025 0 0.015
 0.065 0.29 0.195 0.115 0.145 0.08 0.03 0.04 0.01 0.015 0 0.015
 0.095 0.21 0.265 0.175 0.065 0.065 0.06 0.02 0.015 0.01 0.015 0.005
 0.12 0.235 0.185 0.18 0.085 0.11 0.03 0.02 0.015 0 0.005 0.015
 0.165 0.33 0.22 0.11 0.065 0.04 0.035 0.01 0.01 0.01 0 0.005
 0.09 0.33 0.21 0.125 0.085 0.055 0.025 0.03 0.015 0.015 0.005 0.015
# olc_ind

# obs_lse_ind
 0.198042 0.198042 0.198042 0.198042 0.198042 0.198042 0.198042 0.198042 0.198042 0.198042 0.198042 0.198042 0.198042 0.198042 0.198042 0.198042 0.198042 0.198042 0.198042 0.198042 0.198042 0.198042 0.198042 0.198042 0.198042 0.198042 0.198042 0.198042 0.198042 0.198042
# xages_fsh
 0 0 0 0 0 0 0 0 0 0 0 0
# xages_fsh
 0 0.0909091 0.181818 0.272727 0.363636 0.454545 0.545455 0.636364 0.727273 0.818182 0.909091 1
# xnodes_fsh

Yrs fsh_sel change:  1 0 0 0 0 0 0 0 0 0 0 0 0 0 0 0 0 0 0 0 0 0 0 0 0 0 0 0 0
Yrs ind_sel change:  1 0 0 0 0 0 0 0 0 0 0 0 0 0 0 0 0 0 0 0 0 0 0 0 0 0 0 0 0
# steepnessprior
0.75
# sigmarprior
0.2
#  SSB estimated in styr endyr: -12 28 
#  Rec estimated in styr endyr: -10 30 
#  SR Curve fit  in styr endyr: 1 30 
#             Model styr endyr: 1 30 
# qprior
 3.48998e-007
# q_power_prior 
 1 
# cv_catchbiomass 
0.05 
# CatchbiomassPen 
200 
# Number of projection years 
5 
# offset_fsh
 13345.9
# offset_ind
 13081
Mean Catch
1277.07
R_guess 
13.8155
# nfsh
1
# n_sel_ch_fsh
 1
# nselages_fsh
 11
# phase_selcoff_fsh
 -1
logRzero 13.8155
logmeanrec 13.8155
exp(log_sigmarprior 0.2
Fish sel phase: -1 OM1
Fixing fishery sel to
1
Fixing fishery sel to
1
Srvy sel phase: -1
Fixing survey_index1 indices sel to
1
Fixing index sel to
1
# logsel_slp_in_indv
 0.693147
Leaving parameter init secton
# M
 0.2 0.2 0.2 0.2 0.2 0.2 0.2 0.2 0.2 0.2 0.2 0.2
 0.2 0.2 0.2 0.2 0.2 0.2 0.2 0.2 0.2 0.2 0.2 0.2
 0.2 0.2 0.2 0.2 0.2 0.2 0.2 0.2 0.2 0.2 0.2 0.2
 0.2 0.2 0.2 0.2 0.2 0.2 0.2 0.2 0.2 0.2 0.2 0.2
 0.2 0.2 0.2 0.2 0.2 0.2 0.2 0.2 0.2 0.2 0.2 0.2
 0.2 0.2 0.2 0.2 0.2 0.2 0.2 0.2 0.2 0.2 0.2 0.2
 0.2 0.2 0.2 0.2 0.2 0.2 0.2 0.2 0.2 0.2 0.2 0.2
 0.2 0.2 0.2 0.2 0.2 0.2 0.2 0.2 0.2 0.2 0.2 0.2
 0.2 0.2 0.2 0.2 0.2 0.2 0.2 0.2 0.2 0.2 0.2 0.2
 0.2 0.2 0.2 0.2 0.2 0.2 0.2 0.2 0.2 0.2 0.2 0.2
 0.2 0.2 0.2 0.2 0.2 0.2 0.2 0.2 0.2 0.2 0.2 0.2
 0.2 0.2 0.2 0.2 0.2 0.2 0.2 0.2 0.2 0.2 0.2 0.2
 0.2 0.2 0.2 0.2 0.2 0.2 0.2 0.2 0.2 0.2 0.2 0.2
 0.2 0.2 0.2 0.2 0.2 0.2 0.2 0.2 0.2 0.2 0.2 0.2
 0.2 0.2 0.2 0.2 0.2 0.2 0.2 0.2 0.2 0.2 0.2 0.2
 0.2 0.2 0.2 0.2 0.2 0.2 0.2 0.2 0.2 0.2 0.2 0.2
 0.2 0.2 0.2 0.2 0.2 0.2 0.2 0.2 0.2 0.2 0.2 0.2
 0.2 0.2 0.2 0.2 0.2 0.2 0.2 0.2 0.2 0.2 0.2 0.2
 0.2 0.2 0.2 0.2 0.2 0.2 0.2 0.2 0.2 0.2 0.2 0.2
 0.2 0.2 0.2 0.2 0.2 0.2 0.2 0.2 0.2 0.2 0.2 0.2
 0.2 0.2 0.2 0.2 0.2 0.2 0.2 0.2 0.2 0.2 0.2 0.2
 0.2 0.2 0.2 0.2 0.2 0.2 0.2 0.2 0.2 0.2 0.2 0.2
 0.2 0.2 0.2 0.2 0.2 0.2 0.2 0.2 0.2 0.2 0.2 0.2
 0.2 0.2 0.2 0.2 0.2 0.2 0.2 0.2 0.2 0.2 0.2 0.2
 0.2 0.2 0.2 0.2 0.2 0.2 0.2 0.2 0.2 0.2 0.2 0.2
 0.2 0.2 0.2 0.2 0.2 0.2 0.2 0.2 0.2 0.2 0.2 0.2
 0.2 0.2 0.2 0.2 0.2 0.2 0.2 0.2 0.2 0.2 0.2 0.2
 0.2 0.2 0.2 0.2 0.2 0.2 0.2 0.2 0.2 0.2 0.2 0.2
 0.2 0.2 0.2 0.2 0.2 0.2 0.2 0.2 0.2 0.2 0.2 0.2
 0.2 0.2 0.2 0.2 0.2 0.2 0.2 0.2 0.2 0.2 0.2 0.2
# mean_log_rec
13.7321
# log_Rzero
13.8192
# rec_dev
 -0.0133684 -0.194 0.0253554 -0.125351 -0.062393 0.0264864 0.0622806 0.122261 0.0508784 0.0757077 0.0895517 0.0336168 0.199271 0.107442 -0.104112 0.416921 0.23979 -0.00905486 0.23902 -0.0943436 0.19337 0.0614525 -0.082283 -0.0507423 0.0418688 0.00474789 0.118946 0.0983319 -0.305173 -0.138453 -0.229312 0.108456 0.0170507 -0.250417 -0.369502 -0.158774 -0.475754 -0.293018 -0.0847939 0.027599 -0.39997
# fmort
 0.00933731 0.0273409 0.0455594 0.0624535 0.0492858 0.0889324 0.0904614 0.191875 0.111841 0.137853 0.155316 0.168245 0.122054 0.179103 0.191722 0.169643 0.333235 0.273679 0.272831 0.268509 0.372754 0.26693 0.43778 0.353564 0.352048 0.324352 0.317191 0.439743 0.330587 0.494686
# rec_dev_future
 0 0 0 0 0
