AMAK;August_2013
# styr
1
# endyr
30
# rec_age
1
# oldest_age
12
# nlength
81
# len_bins
 10 11 12 13 14 15 16 17 18 19 20 21 22 23 24 25 26 27 28 29 30 31 32 33 34 35 36 37 38 39 40 41 42 43 44 45 46 47 48 49 50 51 52 53 54 55 56 57 58 59 60 61 62 63 64 65 66 67 68 69 70 71 72 73 74 75 76 77 78 79 80 81 82 83 84 85 86 87 88 89 90
# datafile_name
amak_data.dat
# model_name
OM_1
# styr
1
# endyr
30
# rec_age
1
# oldest_age
12
# nfsh
1
# fshname
OM1
# catch_bio_in
 159.478 468.251 759.875 990.728 759.798 1332.75 1276.22 2513.14 1320.6 1528.45 1603.53 1620.56 1110.79 1524.76 1500.15 1267.11 2253.31 1591.74 1449.78 1324.84 1625.27 1079.69 1626.02 1203.17 1120.63 964.39 927.839 1222.15 872.893 1271.15
# catch_bio_sd_in
 0.01 0.01 0.01 0.01 0.01 0.01 0.01 0.01 0.01 0.01 0.01 0.01 0.01 0.01 0.01 0.01 0.01 0.01 0.01 0.01 0.01 0.01 0.01 0.01 0.01 0.01 0.01 0.01 0.01 0.01
# nyrs_fsh_age
 30
# nyrs_fsh_length
 0
# yrs_fsh_age_in
 1 2 3 4 5 6 7 8 9 10 11 12 13 14 15 16 17 18 19 20 21 22 23 24 25 26 27 28 29 30
# yrs_fsh_length_in

# n_sample_fsh_length_in

# olc_fsh_in

# nind
1
# indname
survey_index1
# nyrs_ind
 30
# yrs_ind_in
 1 2 3 4 5 6 7 8 9 10 11 12 13 14 15 16 17 18 19 20 21 22 23 24 25 26 27 28 29 30
# mo_ind
 1
# obs_ind_in
 1.64813 1.40359 1.60883 1.36289 1.45399 1.26514 1.42558 1.33012 1.48659 1.40331 1.32072 1.02428 0.952792 0.906129 1.04729 1.06635 1.00844 0.804956 0.771499 0.570278 0.628282 0.752838 0.676613 0.595994 0.571485 0.712647 0.569845 0.502666 0.462278 0.590247
# obs_se_ind_in
 0.329627 0.280718 0.321767 0.272577 0.290798 0.253027 0.285115 0.266024 0.297318 0.280661 0.264145 0.204857 0.190558 0.181226 0.209457 0.21327 0.201689 0.160991 0.1543 0.114056 0.125656 0.150568 0.135323 0.119199 0.114297 0.142529 0.113969 0.100533 0.0924557 0.118049
# nyrs_ind_age
 30
# nyrs_ind_length
 0
# yrs_ind_age_in
 1 2 3 4 5 6 7 8 9 10 11 12 13 14 15 16 17 18 19 20 21 22 23 24 25 26 27 28 29 30
# yrs_ind_length_in

# yrs_ind_age_in
 1 2 3 4 5 6 7 8 9 10 11 12 13 14 15 16 17 18 19 20 21 22 23 24 25 26 27 28 29 30
# n_sample_ind_length_in

# olc_ind_in

# oac_ind_in
 0.07 0.135 0.16 0.14 0.1 0.08 0.06 0.06 0.03 0.025 0.015 0.125
 0.08 0.18 0.145 0.12 0.055 0.075 0.06 0.04 0.025 0.065 0.025 0.13
 0.04 0.16 0.15 0.1 0.115 0.095 0.08 0.045 0.03 0.035 0.03 0.12
 0.05 0.12 0.165 0.155 0.12 0.055 0.06 0.035 0.05 0.04 0.035 0.115
 0.06 0.14 0.185 0.12 0.08 0.05 0.105 0.035 0.05 0.03 0.025 0.12
 0.095 0.18 0.11 0.11 0.085 0.09 0.05 0.065 0.04 0.04 0.02 0.115
 0.06 0.2 0.175 0.095 0.1 0.08 0.055 0.035 0.03 0.035 0.065 0.07
 0.055 0.155 0.155 0.19 0.085 0.09 0.075 0.03 0.035 0.02 0.015 0.095
 0.055 0.16 0.18 0.145 0.13 0.095 0.06 0.04 0.045 0.02 0.005 0.065
 0.065 0.165 0.175 0.11 0.145 0.11 0.02 0.045 0.05 0.025 0.01 0.08
 0.065 0.145 0.165 0.15 0.105 0.095 0.075 0.05 0.04 0.03 0.01 0.07
 0.055 0.21 0.215 0.135 0.09 0.115 0.035 0.03 0.02 0.02 0.015 0.06
 0.085 0.18 0.195 0.155 0.065 0.065 0.04 0.055 0.035 0.02 0.03 0.075
 0.105 0.22 0.13 0.145 0.12 0.06 0.05 0.045 0.03 0.03 0.005 0.06
 0.085 0.195 0.175 0.135 0.145 0.065 0.045 0.05 0.01 0.02 0.02 0.055
 0.055 0.17 0.22 0.18 0.07 0.07 0.075 0.015 0.045 0.025 0.02 0.055
 0.055 0.21 0.165 0.165 0.1 0.065 0.06 0.05 0.01 0.03 0.005 0.085
 0.105 0.215 0.235 0.14 0.115 0.035 0.05 0.035 0.02 0.02 0.005 0.025
 0.075 0.11 0.26 0.18 0.11 0.07 0.055 0.04 0.02 0.02 0.025 0.035
 0.105 0.195 0.17 0.165 0.115 0.065 0.06 0.045 0.03 0.02 0.01 0.02
 0.13 0.175 0.2 0.13 0.11 0.085 0.05 0.04 0.025 0.015 0.015 0.025
 0.105 0.25 0.185 0.205 0.08 0.055 0.025 0.005 0.02 0.025 0.01 0.035
 0.085 0.27 0.27 0.14 0.09 0.035 0.03 0.06 0.01 0.005 0 0.005
 0.1 0.265 0.26 0.15 0.06 0.035 0.04 0.03 0.02 0.005 0.01 0.025
 0.145 0.2 0.18 0.22 0.105 0.04 0.04 0.01 0.025 0.005 0.005 0.025
 0.085 0.31 0.215 0.16 0.11 0.04 0.02 0.02 0.02 0.01 0.005 0.005
 0.125 0.205 0.29 0.16 0.08 0.06 0.02 0.025 0.005 0.01 0.005 0.015
 0.115 0.225 0.205 0.185 0.075 0.075 0.06 0.03 0.005 0 0.015 0.01
 0.165 0.3 0.18 0.145 0.09 0.03 0.04 0.015 0.015 0 0.01 0.01
 0.125 0.295 0.24 0.165 0.055 0.025 0.035 0.005 0.02 0.01 0.02 0.005
# wt_ind
 1 1 1 1 1 1 1 1 1 1 1 1
 1 1 1 1 1 1 1 1 1 1 1 1
 1 1 1 1 1 1 1 1 1 1 1 1
 1 1 1 1 1 1 1 1 1 1 1 1
 1 1 1 1 1 1 1 1 1 1 1 1
 1 1 1 1 1 1 1 1 1 1 1 1
 1 1 1 1 1 1 1 1 1 1 1 1
 1 1 1 1 1 1 1 1 1 1 1 1
 1 1 1 1 1 1 1 1 1 1 1 1
 1 1 1 1 1 1 1 1 1 1 1 1
 1 1 1 1 1 1 1 1 1 1 1 1
 1 1 1 1 1 1 1 1 1 1 1 1
 1 1 1 1 1 1 1 1 1 1 1 1
 1 1 1 1 1 1 1 1 1 1 1 1
 1 1 1 1 1 1 1 1 1 1 1 1
 1 1 1 1 1 1 1 1 1 1 1 1
 1 1 1 1 1 1 1 1 1 1 1 1
 1 1 1 1 1 1 1 1 1 1 1 1
 1 1 1 1 1 1 1 1 1 1 1 1
 1 1 1 1 1 1 1 1 1 1 1 1
 1 1 1 1 1 1 1 1 1 1 1 1
 1 1 1 1 1 1 1 1 1 1 1 1
 1 1 1 1 1 1 1 1 1 1 1 1
 1 1 1 1 1 1 1 1 1 1 1 1
 1 1 1 1 1 1 1 1 1 1 1 1
 1 1 1 1 1 1 1 1 1 1 1 1
 1 1 1 1 1 1 1 1 1 1 1 1
 1 1 1 1 1 1 1 1 1 1 1 1
 1 1 1 1 1 1 1 1 1 1 1 1
 1 1 1 1 1 1 1 1 1 1 1 1
# wt_pop
 0.000530656 0.00119633 0.00205827 0.00303499 0.00405521 0.0050647 0.00602623 0.00691692 0.00772489 0.00844611 0.00908185 0.0096367
# maturity
 0.0229774 0.320821 0.904651 0.99478 0.999739 0.999987 0.999999 1 1 1 1 1
# spawnmo
1
# age_err
 1 0 0 0 0 0 0 0 0 0 0 0
 0 1 0 0 0 0 0 0 0 0 0 0
 0 0 1 0 0 0 0 0 0 0 0 0
 0 0 0 1 0 0 0 0 0 0 0 0
 0 0 0 0 1 0 0 0 0 0 0 0
 0 0 0 0 0 1 0 0 0 0 0 0
 0 0 0 0 0 0 1 0 0 0 0 0
 0 0 0 0 0 0 0 1 0 0 0 0
 0 0 0 0 0 0 0 0 1 0 0 0
 0 0 0 0 0 0 0 0 0 1 0 0
 0 0 0 0 0 0 0 0 0 0 1 0
 0 0 0 0 0 0 0 0 0 0 0 1
# cntrlfile_name
C:\Users\bai.li\Desktop\s1_test\AMAK\s49\amak.dat
# Map shared selectivity: 
# sel_map
 1 2
 1 1
# datafile_name
amak_data.dat
# model_name
OM_1
# SrType
2
# use_age_err
0
# retro
0
# sigmarprior
0.2
# cvsigmarprior
0.25
# phase_sigmar
-3
# styr_rec_est
1
# endyr_rec_est
30
# Linfprior
80
# cvLinfprior
0.25
# kprior
0.18
# cvkprior
0.25
# Loprior
27.688
# cvLoprior
0.25
# sdageprior
0.1
# cvsdageprior
0.25
# natmortprior
0.2
# cvnatmortprior
0.25
# phase_M
-4
# npars_Mage
0
# ages_M_changes

# Mage_in

# phase_Mage
-5
# phase_rw_M
0
# npars_rw_M
0
# yrs_rw_M

# sigma_rw_M

# qprior
 3.48998e-007
# cvqprior
 1
# phase_q
 1
# q_power_prior
 1
# cvq_power_prior
 0.2
# phase_q_power
 -4
# phase_rw_q
 -1
# npars_rw_q
 0
# yrs_rw_q

# sigma_rw_q

# q_age_min
 1
# q_age_max
 12
# q_age_min
 1
# q_age_max
 12
# fsh_sel_opt(k)
2
# phase_sel_fsh(k)
-2
# n_sel_ch_fsh(k)
1
# sel_slp_in_fsh(k)(1,n_sel_ch_fsh(k))
 1
# sel_inf_in_fsh(k)(1,n_sel_ch_fsh(k))
 2
# logsel_slp_in_fsh(k)(1,n_sel_ch_fsh(k))
 0
# yrs_sel_ch_fsh(k)(1,n_sel_ch_fsh(k))
 1

Survey survey_index1
# ind_sel_opt(k)
2
# indname(k)
survey_index1
# nselages_in_ind(k)
11
# phase_sel_ind(k)
-2
# sel_change_in_ind(k)
 1 0 0 0 0 0 0 0 0 0 0 0 0 0 0 0 0 0 0 0 0 0 0 0 0 0 0 0 0 0
# n_sel_ch_ind(k)
1
# yrs_sel_ch_ind(k)(1,n_sel_ch_ind(k))
 1
# sel_slp_in_ind(k,1)
2
# sel_inf_in_ind(k,1)
1.5
# logsel_slp_in_ind(k,1)
0.693147
# logsel_slp_in_indv(k)
0.693147
survey_index1 ind sel opt 2  1 0 0 0 0 0 0 0 0 0 0 0 0 0 0 0 0 0 0 0 0 0 0 0 0 0 0 0 0 0
Phase indices Sel_Coffs:  -1
 Test: 1.23457e+008
# Fshry Selages:  11
# Srvy  Selages:  11
# Phase for age-spec fishery  -1
# Phase for logistic fishery  -2
# Phase for dble logistic fishery  -1
# Phase for age-spec indices   -1
# Phase for logistic indices   -2
# Phase for dble logistic ind  -1
# Curv_pen_fsh: 
 0
# Curv_pen_ind: 
 0
# styr_fut
31
# endyr_fut
35
# nyrs_fsh_age
 30
# nyrs_fsh_age
 30
# yrs_fsh_age
 1 2 3 4 5 6 7 8 9 10 11 12 13 14 15 16 17 18 19 20 21 22 23 24 25 26 27 28 29 30
# n_sample_fsh_age
 200 200 200 200 200 200 200 200 200 200 200 200 200 200 200 200 200 200 200 200 200 200 200 200 200 200 200 200 200 200
# oac_fsh
 0.075 0.08 0.075 0.105 0.12 0.08 0.095 0.08 0.085 0.045 0.04 0.12
 0.075 0.105 0.115 0.08 0.12 0.1 0.1 0.07 0.025 0.05 0.035 0.125
 0.075 0.14 0.185 0.095 0.06 0.105 0.045 0.035 0.05 0.05 0.025 0.135
 0.05 0.085 0.19 0.09 0.125 0.06 0.07 0.05 0.04 0.025 0.05 0.165
 0.12 0.1 0.08 0.17 0.1 0.07 0.095 0.09 0.015 0.015 0.03 0.115
 0.12 0.13 0.095 0.105 0.155 0.065 0.04 0.03 0.055 0.05 0.015 0.14
 0.055 0.15 0.19 0.1 0.07 0.105 0.085 0.06 0.025 0.05 0.04 0.07
 0.075 0.12 0.19 0.165 0.085 0.045 0.08 0.05 0.065 0.025 0.02 0.08
 0.085 0.115 0.12 0.155 0.155 0.07 0.055 0.055 0.03 0.025 0.025 0.11
 0.13 0.125 0.16 0.11 0.14 0.085 0.025 0.04 0.055 0.02 0.015 0.095
 0.125 0.155 0.11 0.095 0.13 0.08 0.1 0.025 0.03 0.02 0.025 0.105
 0.07 0.1 0.19 0.11 0.155 0.085 0.065 0.06 0.01 0.04 0.025 0.09
 0.095 0.17 0.14 0.135 0.075 0.1 0.06 0.065 0.03 0.03 0.01 0.09
 0.12 0.115 0.125 0.2 0.12 0.06 0.075 0.04 0.025 0.04 0.005 0.075
 0.1 0.135 0.165 0.125 0.135 0.07 0.095 0.025 0.03 0.015 0.03 0.075
 0.12 0.19 0.175 0.145 0.08 0.08 0.05 0.01 0.055 0.025 0.005 0.065
 0.1 0.215 0.18 0.105 0.085 0.06 0.06 0.05 0.035 0.045 0.01 0.055
 0.085 0.18 0.2 0.17 0.08 0.08 0.05 0.03 0.04 0.04 0.01 0.035
 0.095 0.11 0.23 0.195 0.11 0.065 0.04 0.01 0.045 0.025 0.03 0.045
 0.095 0.16 0.185 0.2 0.09 0.085 0.045 0.045 0.025 0.03 0.02 0.02
 0.175 0.14 0.15 0.13 0.115 0.1 0.055 0.05 0.04 0.015 0.005 0.025
 0.215 0.14 0.155 0.1 0.12 0.095 0.085 0.02 0.04 0.005 0 0.025
 0.14 0.235 0.18 0.12 0.115 0.08 0.065 0.02 0.015 0.005 0.015 0.01
 0.1 0.195 0.26 0.185 0.075 0.08 0.02 0.045 0.01 0.01 0.01 0.01
 0.175 0.195 0.21 0.175 0.085 0.045 0.035 0.005 0.025 0.02 0.005 0.025
 0.105 0.24 0.2 0.135 0.12 0.065 0.035 0.045 0.02 0.01 0.01 0.015
 0.155 0.175 0.25 0.11 0.095 0.055 0.09 0.025 0.015 0 0.005 0.025
 0.18 0.175 0.22 0.14 0.085 0.065 0.05 0.03 0.025 0.01 0 0.02
 0.185 0.17 0.225 0.155 0.11 0.05 0.035 0.02 0.025 0 0.015 0.01
 0.19 0.31 0.185 0.13 0.08 0.025 0.04 0.025 0 0.005 0 0.01
# olc_fsh

# wt_fsh
 0.000530656 0.00119633 0.00205827 0.00303499 0.00405521 0.0050647 0.00602623 0.00691692 0.00772489 0.00844611 0.00908185 0.0096367
 0.000530656 0.00119633 0.00205827 0.00303499 0.00405521 0.0050647 0.00602623 0.00691692 0.00772489 0.00844611 0.00908185 0.0096367
 0.000530656 0.00119633 0.00205827 0.00303499 0.00405521 0.0050647 0.00602623 0.00691692 0.00772489 0.00844611 0.00908185 0.0096367
 0.000530656 0.00119633 0.00205827 0.00303499 0.00405521 0.0050647 0.00602623 0.00691692 0.00772489 0.00844611 0.00908185 0.0096367
 0.000530656 0.00119633 0.00205827 0.00303499 0.00405521 0.0050647 0.00602623 0.00691692 0.00772489 0.00844611 0.00908185 0.0096367
 0.000530656 0.00119633 0.00205827 0.00303499 0.00405521 0.0050647 0.00602623 0.00691692 0.00772489 0.00844611 0.00908185 0.0096367
 0.000530656 0.00119633 0.00205827 0.00303499 0.00405521 0.0050647 0.00602623 0.00691692 0.00772489 0.00844611 0.00908185 0.0096367
 0.000530656 0.00119633 0.00205827 0.00303499 0.00405521 0.0050647 0.00602623 0.00691692 0.00772489 0.00844611 0.00908185 0.0096367
 0.000530656 0.00119633 0.00205827 0.00303499 0.00405521 0.0050647 0.00602623 0.00691692 0.00772489 0.00844611 0.00908185 0.0096367
 0.000530656 0.00119633 0.00205827 0.00303499 0.00405521 0.0050647 0.00602623 0.00691692 0.00772489 0.00844611 0.00908185 0.0096367
 0.000530656 0.00119633 0.00205827 0.00303499 0.00405521 0.0050647 0.00602623 0.00691692 0.00772489 0.00844611 0.00908185 0.0096367
 0.000530656 0.00119633 0.00205827 0.00303499 0.00405521 0.0050647 0.00602623 0.00691692 0.00772489 0.00844611 0.00908185 0.0096367
 0.000530656 0.00119633 0.00205827 0.00303499 0.00405521 0.0050647 0.00602623 0.00691692 0.00772489 0.00844611 0.00908185 0.0096367
 0.000530656 0.00119633 0.00205827 0.00303499 0.00405521 0.0050647 0.00602623 0.00691692 0.00772489 0.00844611 0.00908185 0.0096367
 0.000530656 0.00119633 0.00205827 0.00303499 0.00405521 0.0050647 0.00602623 0.00691692 0.00772489 0.00844611 0.00908185 0.0096367
 0.000530656 0.00119633 0.00205827 0.00303499 0.00405521 0.0050647 0.00602623 0.00691692 0.00772489 0.00844611 0.00908185 0.0096367
 0.000530656 0.00119633 0.00205827 0.00303499 0.00405521 0.0050647 0.00602623 0.00691692 0.00772489 0.00844611 0.00908185 0.0096367
 0.000530656 0.00119633 0.00205827 0.00303499 0.00405521 0.0050647 0.00602623 0.00691692 0.00772489 0.00844611 0.00908185 0.0096367
 0.000530656 0.00119633 0.00205827 0.00303499 0.00405521 0.0050647 0.00602623 0.00691692 0.00772489 0.00844611 0.00908185 0.0096367
 0.000530656 0.00119633 0.00205827 0.00303499 0.00405521 0.0050647 0.00602623 0.00691692 0.00772489 0.00844611 0.00908185 0.0096367
 0.000530656 0.00119633 0.00205827 0.00303499 0.00405521 0.0050647 0.00602623 0.00691692 0.00772489 0.00844611 0.00908185 0.0096367
 0.000530656 0.00119633 0.00205827 0.00303499 0.00405521 0.0050647 0.00602623 0.00691692 0.00772489 0.00844611 0.00908185 0.0096367
 0.000530656 0.00119633 0.00205827 0.00303499 0.00405521 0.0050647 0.00602623 0.00691692 0.00772489 0.00844611 0.00908185 0.0096367
 0.000530656 0.00119633 0.00205827 0.00303499 0.00405521 0.0050647 0.00602623 0.00691692 0.00772489 0.00844611 0.00908185 0.0096367
 0.000530656 0.00119633 0.00205827 0.00303499 0.00405521 0.0050647 0.00602623 0.00691692 0.00772489 0.00844611 0.00908185 0.0096367
 0.000530656 0.00119633 0.00205827 0.00303499 0.00405521 0.0050647 0.00602623 0.00691692 0.00772489 0.00844611 0.00908185 0.0096367
 0.000530656 0.00119633 0.00205827 0.00303499 0.00405521 0.0050647 0.00602623 0.00691692 0.00772489 0.00844611 0.00908185 0.0096367
 0.000530656 0.00119633 0.00205827 0.00303499 0.00405521 0.0050647 0.00602623 0.00691692 0.00772489 0.00844611 0.00908185 0.0096367
 0.000530656 0.00119633 0.00205827 0.00303499 0.00405521 0.0050647 0.00602623 0.00691692 0.00772489 0.00844611 0.00908185 0.0096367
 0.000530656 0.00119633 0.00205827 0.00303499 0.00405521 0.0050647 0.00602623 0.00691692 0.00772489 0.00844611 0.00908185 0.0096367
# nyrs_ind_age
 30
# yrs_ind_age
 1 2 3 4 5 6 7 8 9 10 11 12 13 14 15 16 17 18 19 20 21 22 23 24 25 26 27 28 29 30
# n_sample_ind_age
 200 200 200 200 200 200 200 200 200 200 200 200 200 200 200 200 200 200 200 200 200 200 200 200 200 200 200 200 200 200
# oac_ind
 0.07 0.135 0.16 0.14 0.1 0.08 0.06 0.06 0.03 0.025 0.015 0.125
 0.08 0.18 0.145 0.12 0.055 0.075 0.06 0.04 0.025 0.065 0.025 0.13
 0.04 0.16 0.15 0.1 0.115 0.095 0.08 0.045 0.03 0.035 0.03 0.12
 0.05 0.12 0.165 0.155 0.12 0.055 0.06 0.035 0.05 0.04 0.035 0.115
 0.06 0.14 0.185 0.12 0.08 0.05 0.105 0.035 0.05 0.03 0.025 0.12
 0.095 0.18 0.11 0.11 0.085 0.09 0.05 0.065 0.04 0.04 0.02 0.115
 0.06 0.2 0.175 0.095 0.1 0.08 0.055 0.035 0.03 0.035 0.065 0.07
 0.055 0.155 0.155 0.19 0.085 0.09 0.075 0.03 0.035 0.02 0.015 0.095
 0.055 0.16 0.18 0.145 0.13 0.095 0.06 0.04 0.045 0.02 0.005 0.065
 0.065 0.165 0.175 0.11 0.145 0.11 0.02 0.045 0.05 0.025 0.01 0.08
 0.065 0.145 0.165 0.15 0.105 0.095 0.075 0.05 0.04 0.03 0.01 0.07
 0.055 0.21 0.215 0.135 0.09 0.115 0.035 0.03 0.02 0.02 0.015 0.06
 0.085 0.18 0.195 0.155 0.065 0.065 0.04 0.055 0.035 0.02 0.03 0.075
 0.105 0.22 0.13 0.145 0.12 0.06 0.05 0.045 0.03 0.03 0.005 0.06
 0.085 0.195 0.175 0.135 0.145 0.065 0.045 0.05 0.01 0.02 0.02 0.055
 0.055 0.17 0.22 0.18 0.07 0.07 0.075 0.015 0.045 0.025 0.02 0.055
 0.055 0.21 0.165 0.165 0.1 0.065 0.06 0.05 0.01 0.03 0.005 0.085
 0.105 0.215 0.235 0.14 0.115 0.035 0.05 0.035 0.02 0.02 0.005 0.025
 0.075 0.11 0.26 0.18 0.11 0.07 0.055 0.04 0.02 0.02 0.025 0.035
 0.105 0.195 0.17 0.165 0.115 0.065 0.06 0.045 0.03 0.02 0.01 0.02
 0.13 0.175 0.2 0.13 0.11 0.085 0.05 0.04 0.025 0.015 0.015 0.025
 0.105 0.25 0.185 0.205 0.08 0.055 0.025 0.005 0.02 0.025 0.01 0.035
 0.085 0.27 0.27 0.14 0.09 0.035 0.03 0.06 0.01 0.005 0 0.005
 0.1 0.265 0.26 0.15 0.06 0.035 0.04 0.03 0.02 0.005 0.01 0.025
 0.145 0.2 0.18 0.22 0.105 0.04 0.04 0.01 0.025 0.005 0.005 0.025
 0.085 0.31 0.215 0.16 0.11 0.04 0.02 0.02 0.02 0.01 0.005 0.005
 0.125 0.205 0.29 0.16 0.08 0.06 0.02 0.025 0.005 0.01 0.005 0.015
 0.115 0.225 0.205 0.185 0.075 0.075 0.06 0.03 0.005 0 0.015 0.01
 0.165 0.3 0.18 0.145 0.09 0.03 0.04 0.015 0.015 0 0.01 0.01
 0.125 0.295 0.24 0.165 0.055 0.025 0.035 0.005 0.02 0.01 0.02 0.005
# olc_ind

# obs_lse_ind
 0.198042 0.198042 0.198042 0.198042 0.198042 0.198042 0.198042 0.198042 0.198042 0.198042 0.198042 0.198042 0.198042 0.198042 0.198042 0.198042 0.198042 0.198042 0.198042 0.198042 0.198042 0.198042 0.198042 0.198042 0.198042 0.198042 0.198042 0.198042 0.198042 0.198042
# xages_fsh
 0 0 0 0 0 0 0 0 0 0 0 0
# xages_fsh
 0 0.0909091 0.181818 0.272727 0.363636 0.454545 0.545455 0.636364 0.727273 0.818182 0.909091 1
# xnodes_fsh

Yrs fsh_sel change:  1 0 0 0 0 0 0 0 0 0 0 0 0 0 0 0 0 0 0 0 0 0 0 0 0 0 0 0 0
Yrs ind_sel change:  1 0 0 0 0 0 0 0 0 0 0 0 0 0 0 0 0 0 0 0 0 0 0 0 0 0 0 0 0
# steepnessprior
0.75
# sigmarprior
0.2
#  SSB estimated in styr endyr: -12 28 
#  Rec estimated in styr endyr: -10 30 
#  SR Curve fit  in styr endyr: 1 30 
#             Model styr endyr: 1 30 
# qprior
 3.48998e-007
# q_power_prior 
 1 
# cv_catchbiomass 
0.05 
# CatchbiomassPen 
200 
# Number of projection years 
5 
# offset_fsh
 13462.4
# offset_ind
 13118.1
Mean Catch
1275.64
R_guess 
13.8155
# nfsh
1
# n_sel_ch_fsh
 1
# nselages_fsh
 11
# phase_selcoff_fsh
 -1
logRzero 13.8155
logmeanrec 13.8155
exp(log_sigmarprior 0.2
Fish sel phase: -1 OM1
Fixing fishery sel to
1
Fixing fishery sel to
1
Srvy sel phase: -1
Fixing survey_index1 indices sel to
1
Fixing index sel to
1
# logsel_slp_in_indv
 0.693147
Leaving parameter init secton
# M
 0.2 0.2 0.2 0.2 0.2 0.2 0.2 0.2 0.2 0.2 0.2 0.2
 0.2 0.2 0.2 0.2 0.2 0.2 0.2 0.2 0.2 0.2 0.2 0.2
 0.2 0.2 0.2 0.2 0.2 0.2 0.2 0.2 0.2 0.2 0.2 0.2
 0.2 0.2 0.2 0.2 0.2 0.2 0.2 0.2 0.2 0.2 0.2 0.2
 0.2 0.2 0.2 0.2 0.2 0.2 0.2 0.2 0.2 0.2 0.2 0.2
 0.2 0.2 0.2 0.2 0.2 0.2 0.2 0.2 0.2 0.2 0.2 0.2
 0.2 0.2 0.2 0.2 0.2 0.2 0.2 0.2 0.2 0.2 0.2 0.2
 0.2 0.2 0.2 0.2 0.2 0.2 0.2 0.2 0.2 0.2 0.2 0.2
 0.2 0.2 0.2 0.2 0.2 0.2 0.2 0.2 0.2 0.2 0.2 0.2
 0.2 0.2 0.2 0.2 0.2 0.2 0.2 0.2 0.2 0.2 0.2 0.2
 0.2 0.2 0.2 0.2 0.2 0.2 0.2 0.2 0.2 0.2 0.2 0.2
 0.2 0.2 0.2 0.2 0.2 0.2 0.2 0.2 0.2 0.2 0.2 0.2
 0.2 0.2 0.2 0.2 0.2 0.2 0.2 0.2 0.2 0.2 0.2 0.2
 0.2 0.2 0.2 0.2 0.2 0.2 0.2 0.2 0.2 0.2 0.2 0.2
 0.2 0.2 0.2 0.2 0.2 0.2 0.2 0.2 0.2 0.2 0.2 0.2
 0.2 0.2 0.2 0.2 0.2 0.2 0.2 0.2 0.2 0.2 0.2 0.2
 0.2 0.2 0.2 0.2 0.2 0.2 0.2 0.2 0.2 0.2 0.2 0.2
 0.2 0.2 0.2 0.2 0.2 0.2 0.2 0.2 0.2 0.2 0.2 0.2
 0.2 0.2 0.2 0.2 0.2 0.2 0.2 0.2 0.2 0.2 0.2 0.2
 0.2 0.2 0.2 0.2 0.2 0.2 0.2 0.2 0.2 0.2 0.2 0.2
 0.2 0.2 0.2 0.2 0.2 0.2 0.2 0.2 0.2 0.2 0.2 0.2
 0.2 0.2 0.2 0.2 0.2 0.2 0.2 0.2 0.2 0.2 0.2 0.2
 0.2 0.2 0.2 0.2 0.2 0.2 0.2 0.2 0.2 0.2 0.2 0.2
 0.2 0.2 0.2 0.2 0.2 0.2 0.2 0.2 0.2 0.2 0.2 0.2
 0.2 0.2 0.2 0.2 0.2 0.2 0.2 0.2 0.2 0.2 0.2 0.2
 0.2 0.2 0.2 0.2 0.2 0.2 0.2 0.2 0.2 0.2 0.2 0.2
 0.2 0.2 0.2 0.2 0.2 0.2 0.2 0.2 0.2 0.2 0.2 0.2
 0.2 0.2 0.2 0.2 0.2 0.2 0.2 0.2 0.2 0.2 0.2 0.2
 0.2 0.2 0.2 0.2 0.2 0.2 0.2 0.2 0.2 0.2 0.2 0.2
 0.2 0.2 0.2 0.2 0.2 0.2 0.2 0.2 0.2 0.2 0.2 0.2
# mean_log_rec
13.7418
# log_Rzero
13.7992
# rec_dev
 -0.107953 -0.0828842 -0.0484363 0.143696 0.0364758 -0.00521563 -0.07583 0.0765891 0.0850584 -0.0444003 -0.00503039 0.128834 0.28087 0.0171042 -0.100179 0.372383 0.30356 0.0796725 0.129883 -0.0525161 0.141376 0.122805 -0.121318 0.025044 0.0596728 0.0017718 0.128449 0.0708743 -0.281765 -0.190025 -0.324716 -0.0658964 0.0157357 -0.224705 -0.367043 -0.154886 -0.407757 -0.331639 -0.257326 -0.0607952 -0.19875
# fmort
 0.00920529 0.0273995 0.0455999 0.0617037 0.0490326 0.0895682 0.0900253 0.192916 0.111138 0.136418 0.153721 0.167695 0.121328 0.175053 0.184764 0.164369 0.321598 0.257753 0.256176 0.255154 0.352628 0.258515 0.426723 0.353713 0.352687 0.318371 0.313905 0.443648 0.336002 0.514008
# rec_dev_future
 0 0 0 0 0
