AMAK;August_2013
# styr
1
# endyr
30
# rec_age
1
# oldest_age
12
# nlength
81
# len_bins
 10 11 12 13 14 15 16 17 18 19 20 21 22 23 24 25 26 27 28 29 30 31 32 33 34 35 36 37 38 39 40 41 42 43 44 45 46 47 48 49 50 51 52 53 54 55 56 57 58 59 60 61 62 63 64 65 66 67 68 69 70 71 72 73 74 75 76 77 78 79 80 81 82 83 84 85 86 87 88 89 90
# datafile_name
amak_data.dat
# model_name
OM_1
# styr
1
# endyr
30
# rec_age
1
# oldest_age
12
# nfsh
1
# fshname
OM1
# catch_bio_in
 162.276 465.795 766.017 989.902 771.331 1315.01 1278.56 2484.84 1321.24 1532.16 1617.74 1621.32 1106.07 1522.07 1507.88 1269.02 2252.26 1622.3 1458.45 1320.03 1626.98 1076.08 1632.47 1213.74 1123.87 973.901 934.16 1217.51 881.518 1277.84
# catch_bio_sd_in
 0.01 0.01 0.01 0.01 0.01 0.01 0.01 0.01 0.01 0.01 0.01 0.01 0.01 0.01 0.01 0.01 0.01 0.01 0.01 0.01 0.01 0.01 0.01 0.01 0.01 0.01 0.01 0.01 0.01 0.01
# nyrs_fsh_age
 30
# nyrs_fsh_length
 0
# yrs_fsh_age_in
 1 2 3 4 5 6 7 8 9 10 11 12 13 14 15 16 17 18 19 20 21 22 23 24 25 26 27 28 29 30
# yrs_fsh_length_in

# n_sample_fsh_length_in

# olc_fsh_in

# nind
1
# indname
survey_index1
# nyrs_ind
 30
# yrs_ind_in
 1 2 3 4 5 6 7 8 9 10 11 12 13 14 15 16 17 18 19 20 21 22 23 24 25 26 27 28 29 30
# mo_ind
 1
# obs_ind_in
 1.43082 1.41583 1.66834 1.83163 1.35341 1.35458 1.6182 1.35473 1.15455 1.44265 1.27643 1.05532 1.08388 1.00647 0.959957 0.961635 0.996384 1.10442 0.863609 0.711639 0.74839 0.668231 0.733648 0.543289 0.623102 0.504178 0.521313 0.433067 0.505183 0.579065
# obs_se_ind_in
 0.286165 0.283166 0.333669 0.366326 0.270682 0.270917 0.32364 0.270947 0.23091 0.28853 0.255286 0.211064 0.216776 0.201295 0.191991 0.192327 0.199277 0.220883 0.172722 0.142328 0.149678 0.133646 0.14673 0.108658 0.12462 0.100836 0.104263 0.0866134 0.101037 0.115813
# nyrs_ind_age
 30
# nyrs_ind_length
 0
# yrs_ind_age_in
 1 2 3 4 5 6 7 8 9 10 11 12 13 14 15 16 17 18 19 20 21 22 23 24 25 26 27 28 29 30
# yrs_ind_length_in

# yrs_ind_age_in
 1 2 3 4 5 6 7 8 9 10 11 12 13 14 15 16 17 18 19 20 21 22 23 24 25 26 27 28 29 30
# n_sample_ind_length_in

# olc_ind_in

# oac_ind_in
 0.035 0.1 0.18 0.155 0.11 0.105 0.05 0.075 0.03 0.035 0.035 0.09
 0.075 0.14 0.125 0.145 0.09 0.105 0.08 0.03 0.035 0.03 0.035 0.11
 0.055 0.16 0.165 0.09 0.095 0.06 0.06 0.06 0.07 0.025 0.02 0.14
 0.04 0.14 0.155 0.135 0.065 0.08 0.06 0.075 0.045 0.02 0.025 0.16
 0.075 0.11 0.14 0.165 0.11 0.065 0.065 0.055 0.02 0.045 0.03 0.12
 0.085 0.135 0.15 0.07 0.105 0.09 0.09 0.05 0.035 0.015 0.04 0.135
 0.105 0.165 0.24 0.065 0.09 0.105 0.065 0.05 0.02 0.01 0.025 0.06
 0.08 0.17 0.155 0.175 0.07 0.06 0.07 0.065 0.015 0.025 0.035 0.08
 0.08 0.155 0.15 0.17 0.13 0.04 0.05 0.035 0.04 0.035 0.025 0.09
 0.065 0.165 0.205 0.16 0.08 0.08 0.025 0.05 0.045 0.025 0.01 0.09
 0.055 0.17 0.165 0.135 0.095 0.09 0.065 0.045 0.025 0.045 0.035 0.075
 0.07 0.175 0.2 0.135 0.085 0.08 0.05 0.05 0.02 0.015 0.03 0.09
 0.07 0.165 0.22 0.145 0.08 0.09 0.05 0.04 0.06 0.03 0.015 0.035
 0.105 0.18 0.155 0.12 0.08 0.06 0.08 0.045 0.03 0.015 0.035 0.095
 0.1 0.185 0.22 0.13 0.08 0.065 0.055 0.055 0.015 0.045 0.025 0.025
 0.08 0.22 0.185 0.145 0.09 0.08 0.06 0.045 0.035 0.01 0.015 0.035
 0.09 0.205 0.18 0.16 0.08 0.07 0.065 0.025 0.025 0.035 0 0.065
 0.095 0.28 0.2 0.11 0.1 0.03 0.055 0.07 0.015 0.015 0.01 0.02
 0.09 0.145 0.19 0.21 0.115 0.07 0.045 0.03 0.035 0.005 0.015 0.05
 0.115 0.21 0.18 0.165 0.13 0.05 0.045 0.035 0.015 0.01 0.005 0.04
 0.145 0.185 0.17 0.12 0.11 0.075 0.06 0.04 0.025 0.005 0.015 0.05
 0.09 0.31 0.145 0.12 0.095 0.06 0.08 0.025 0.025 0.01 0.015 0.025
 0.105 0.265 0.22 0.125 0.095 0.055 0.07 0.02 0.015 0.005 0.005 0.02
 0.1 0.19 0.32 0.215 0.045 0.06 0.025 0.015 0.015 0.005 0 0.01
 0.065 0.23 0.195 0.255 0.135 0.06 0.03 0.01 0 0.015 0.005 0
 0.11 0.31 0.15 0.135 0.09 0.09 0.035 0.02 0.005 0.015 0.015 0.025
 0.085 0.22 0.27 0.155 0.11 0.085 0.03 0.025 0.015 0 0 0.005
 0.2 0.15 0.23 0.19 0.075 0.065 0.04 0.02 0.02 0.005 0.005 0
 0.13 0.29 0.15 0.14 0.12 0.045 0.05 0.02 0.04 0 0.005 0.01
 0.07 0.42 0.225 0.15 0.045 0.015 0.03 0.01 0.005 0.01 0.005 0.015
# wt_ind
 1 1 1 1 1 1 1 1 1 1 1 1
 1 1 1 1 1 1 1 1 1 1 1 1
 1 1 1 1 1 1 1 1 1 1 1 1
 1 1 1 1 1 1 1 1 1 1 1 1
 1 1 1 1 1 1 1 1 1 1 1 1
 1 1 1 1 1 1 1 1 1 1 1 1
 1 1 1 1 1 1 1 1 1 1 1 1
 1 1 1 1 1 1 1 1 1 1 1 1
 1 1 1 1 1 1 1 1 1 1 1 1
 1 1 1 1 1 1 1 1 1 1 1 1
 1 1 1 1 1 1 1 1 1 1 1 1
 1 1 1 1 1 1 1 1 1 1 1 1
 1 1 1 1 1 1 1 1 1 1 1 1
 1 1 1 1 1 1 1 1 1 1 1 1
 1 1 1 1 1 1 1 1 1 1 1 1
 1 1 1 1 1 1 1 1 1 1 1 1
 1 1 1 1 1 1 1 1 1 1 1 1
 1 1 1 1 1 1 1 1 1 1 1 1
 1 1 1 1 1 1 1 1 1 1 1 1
 1 1 1 1 1 1 1 1 1 1 1 1
 1 1 1 1 1 1 1 1 1 1 1 1
 1 1 1 1 1 1 1 1 1 1 1 1
 1 1 1 1 1 1 1 1 1 1 1 1
 1 1 1 1 1 1 1 1 1 1 1 1
 1 1 1 1 1 1 1 1 1 1 1 1
 1 1 1 1 1 1 1 1 1 1 1 1
 1 1 1 1 1 1 1 1 1 1 1 1
 1 1 1 1 1 1 1 1 1 1 1 1
 1 1 1 1 1 1 1 1 1 1 1 1
 1 1 1 1 1 1 1 1 1 1 1 1
# wt_pop
 0.000530656 0.00119633 0.00205827 0.00303499 0.00405521 0.0050647 0.00602623 0.00691692 0.00772489 0.00844611 0.00908185 0.0096367
# maturity
 0.0229774 0.320821 0.904651 0.99478 0.999739 0.999987 0.999999 1 1 1 1 1
# spawnmo
1
# age_err
 1 0 0 0 0 0 0 0 0 0 0 0
 0 1 0 0 0 0 0 0 0 0 0 0
 0 0 1 0 0 0 0 0 0 0 0 0
 0 0 0 1 0 0 0 0 0 0 0 0
 0 0 0 0 1 0 0 0 0 0 0 0
 0 0 0 0 0 1 0 0 0 0 0 0
 0 0 0 0 0 0 1 0 0 0 0 0
 0 0 0 0 0 0 0 1 0 0 0 0
 0 0 0 0 0 0 0 0 1 0 0 0
 0 0 0 0 0 0 0 0 0 1 0 0
 0 0 0 0 0 0 0 0 0 0 1 0
 0 0 0 0 0 0 0 0 0 0 0 1
# cntrlfile_name
C:\Users\bai.li\Desktop\s1_test\AMAK\s120\amak.dat
# Map shared selectivity: 
# sel_map
 1 2
 1 1
# datafile_name
amak_data.dat
# model_name
OM_1
# SrType
2
# use_age_err
0
# retro
0
# sigmarprior
0.2
# cvsigmarprior
0.25
# phase_sigmar
-3
# styr_rec_est
1
# endyr_rec_est
30
# Linfprior
80
# cvLinfprior
0.25
# kprior
0.18
# cvkprior
0.25
# Loprior
27.688
# cvLoprior
0.25
# sdageprior
0.1
# cvsdageprior
0.25
# natmortprior
0.2
# cvnatmortprior
0.25
# phase_M
-4
# npars_Mage
0
# ages_M_changes

# Mage_in

# phase_Mage
-5
# phase_rw_M
0
# npars_rw_M
0
# yrs_rw_M

# sigma_rw_M

# qprior
 3.48998e-007
# cvqprior
 1
# phase_q
 1
# q_power_prior
 1
# cvq_power_prior
 0.2
# phase_q_power
 -4
# phase_rw_q
 -1
# npars_rw_q
 0
# yrs_rw_q

# sigma_rw_q

# q_age_min
 1
# q_age_max
 12
# q_age_min
 1
# q_age_max
 12
# fsh_sel_opt(k)
2
# phase_sel_fsh(k)
-2
# n_sel_ch_fsh(k)
1
# sel_slp_in_fsh(k)(1,n_sel_ch_fsh(k))
 1
# sel_inf_in_fsh(k)(1,n_sel_ch_fsh(k))
 2
# logsel_slp_in_fsh(k)(1,n_sel_ch_fsh(k))
 0
# yrs_sel_ch_fsh(k)(1,n_sel_ch_fsh(k))
 1

Survey survey_index1
# ind_sel_opt(k)
2
# indname(k)
survey_index1
# nselages_in_ind(k)
11
# phase_sel_ind(k)
-2
# sel_change_in_ind(k)
 1 0 0 0 0 0 0 0 0 0 0 0 0 0 0 0 0 0 0 0 0 0 0 0 0 0 0 0 0 0
# n_sel_ch_ind(k)
1
# yrs_sel_ch_ind(k)(1,n_sel_ch_ind(k))
 1
# sel_slp_in_ind(k,1)
2
# sel_inf_in_ind(k,1)
1.5
# logsel_slp_in_ind(k,1)
0.693147
# logsel_slp_in_indv(k)
0.693147
survey_index1 ind sel opt 2  1 0 0 0 0 0 0 0 0 0 0 0 0 0 0 0 0 0 0 0 0 0 0 0 0 0 0 0 0 0
Phase indices Sel_Coffs:  -1
 Test: 1.23457e+008
# Fshry Selages:  11
# Srvy  Selages:  11
# Phase for age-spec fishery  -1
# Phase for logistic fishery  -2
# Phase for dble logistic fishery  -1
# Phase for age-spec indices   -1
# Phase for logistic indices   -2
# Phase for dble logistic ind  -1
# Curv_pen_fsh: 
 0
# Curv_pen_ind: 
 0
# styr_fut
31
# endyr_fut
35
# nyrs_fsh_age
 30
# nyrs_fsh_age
 30
# yrs_fsh_age
 1 2 3 4 5 6 7 8 9 10 11 12 13 14 15 16 17 18 19 20 21 22 23 24 25 26 27 28 29 30
# n_sample_fsh_age
 200 200 200 200 200 200 200 200 200 200 200 200 200 200 200 200 200 200 200 200 200 200 200 200 200 200 200 200 200 200
# oac_fsh
 0.065 0.1 0.135 0.13 0.1 0.08 0.065 0.07 0.04 0.04 0.035 0.14
 0.085 0.11 0.125 0.105 0.09 0.07 0.09 0.07 0.04 0.07 0.02 0.125
 0.035 0.16 0.105 0.155 0.115 0.075 0.065 0.04 0.035 0.055 0.025 0.135
 0.055 0.11 0.185 0.135 0.09 0.09 0.085 0.035 0.03 0.03 0.02 0.135
 0.09 0.055 0.08 0.16 0.08 0.115 0.08 0.075 0.075 0.025 0.04 0.125
 0.105 0.12 0.09 0.08 0.16 0.085 0.075 0.065 0.05 0.04 0.015 0.115
 0.065 0.16 0.16 0.14 0.09 0.105 0.08 0.03 0.04 0.04 0.02 0.07
 0.105 0.105 0.155 0.17 0.085 0.055 0.065 0.035 0.04 0.005 0.025 0.155
 0.07 0.105 0.155 0.175 0.095 0.09 0.035 0.065 0.035 0.035 0.04 0.1
 0.13 0.1 0.16 0.12 0.175 0.11 0.03 0.03 0.03 0.02 0.03 0.065
 0.12 0.155 0.155 0.135 0.105 0.08 0.075 0.035 0.025 0.03 0.01 0.075
 0.085 0.19 0.18 0.1 0.095 0.105 0.075 0.065 0.035 0.03 0.005 0.035
 0.115 0.155 0.14 0.135 0.075 0.095 0.065 0.05 0.055 0.02 0.01 0.085
 0.095 0.11 0.14 0.19 0.14 0.065 0.095 0.05 0.025 0.02 0.015 0.055
 0.085 0.13 0.16 0.135 0.13 0.105 0.06 0.05 0.025 0.03 0.03 0.06
 0.125 0.14 0.18 0.13 0.07 0.07 0.065 0.06 0.035 0.025 0.025 0.075
 0.085 0.19 0.13 0.165 0.125 0.065 0.06 0.02 0.03 0.03 0.01 0.09
 0.085 0.18 0.23 0.095 0.12 0.055 0.08 0.07 0.015 0.02 0.01 0.04
 0.105 0.17 0.185 0.215 0.135 0.065 0.035 0.035 0.015 0.01 0.01 0.02
 0.105 0.17 0.135 0.19 0.185 0.035 0.075 0.015 0.02 0.025 0.01 0.035
 0.18 0.145 0.21 0.095 0.12 0.11 0.04 0.05 0.01 0 0 0.04
 0.135 0.22 0.12 0.16 0.085 0.095 0.08 0.04 0.02 0.01 0.005 0.03
 0.13 0.245 0.275 0.105 0.09 0.05 0.045 0.02 0 0.01 0 0.03
 0.105 0.175 0.28 0.2 0.07 0.055 0.035 0.015 0.015 0.01 0.015 0.025
 0.21 0.175 0.16 0.18 0.14 0.06 0.04 0.01 0 0.005 0.005 0.015
 0.19 0.23 0.135 0.13 0.15 0.075 0.035 0.01 0.005 0.015 0.01 0.015
 0.17 0.17 0.205 0.135 0.09 0.1 0.05 0.01 0.02 0.025 0.02 0.005
 0.205 0.2 0.145 0.185 0.085 0.075 0.035 0.025 0.015 0 0.02 0.01
 0.205 0.25 0.195 0.125 0.1 0.025 0.04 0.02 0.005 0.02 0.005 0.01
 0.195 0.25 0.21 0.105 0.07 0.09 0.025 0.015 0.015 0.015 0 0.01
# olc_fsh

# wt_fsh
 0.000530656 0.00119633 0.00205827 0.00303499 0.00405521 0.0050647 0.00602623 0.00691692 0.00772489 0.00844611 0.00908185 0.0096367
 0.000530656 0.00119633 0.00205827 0.00303499 0.00405521 0.0050647 0.00602623 0.00691692 0.00772489 0.00844611 0.00908185 0.0096367
 0.000530656 0.00119633 0.00205827 0.00303499 0.00405521 0.0050647 0.00602623 0.00691692 0.00772489 0.00844611 0.00908185 0.0096367
 0.000530656 0.00119633 0.00205827 0.00303499 0.00405521 0.0050647 0.00602623 0.00691692 0.00772489 0.00844611 0.00908185 0.0096367
 0.000530656 0.00119633 0.00205827 0.00303499 0.00405521 0.0050647 0.00602623 0.00691692 0.00772489 0.00844611 0.00908185 0.0096367
 0.000530656 0.00119633 0.00205827 0.00303499 0.00405521 0.0050647 0.00602623 0.00691692 0.00772489 0.00844611 0.00908185 0.0096367
 0.000530656 0.00119633 0.00205827 0.00303499 0.00405521 0.0050647 0.00602623 0.00691692 0.00772489 0.00844611 0.00908185 0.0096367
 0.000530656 0.00119633 0.00205827 0.00303499 0.00405521 0.0050647 0.00602623 0.00691692 0.00772489 0.00844611 0.00908185 0.0096367
 0.000530656 0.00119633 0.00205827 0.00303499 0.00405521 0.0050647 0.00602623 0.00691692 0.00772489 0.00844611 0.00908185 0.0096367
 0.000530656 0.00119633 0.00205827 0.00303499 0.00405521 0.0050647 0.00602623 0.00691692 0.00772489 0.00844611 0.00908185 0.0096367
 0.000530656 0.00119633 0.00205827 0.00303499 0.00405521 0.0050647 0.00602623 0.00691692 0.00772489 0.00844611 0.00908185 0.0096367
 0.000530656 0.00119633 0.00205827 0.00303499 0.00405521 0.0050647 0.00602623 0.00691692 0.00772489 0.00844611 0.00908185 0.0096367
 0.000530656 0.00119633 0.00205827 0.00303499 0.00405521 0.0050647 0.00602623 0.00691692 0.00772489 0.00844611 0.00908185 0.0096367
 0.000530656 0.00119633 0.00205827 0.00303499 0.00405521 0.0050647 0.00602623 0.00691692 0.00772489 0.00844611 0.00908185 0.0096367
 0.000530656 0.00119633 0.00205827 0.00303499 0.00405521 0.0050647 0.00602623 0.00691692 0.00772489 0.00844611 0.00908185 0.0096367
 0.000530656 0.00119633 0.00205827 0.00303499 0.00405521 0.0050647 0.00602623 0.00691692 0.00772489 0.00844611 0.00908185 0.0096367
 0.000530656 0.00119633 0.00205827 0.00303499 0.00405521 0.0050647 0.00602623 0.00691692 0.00772489 0.00844611 0.00908185 0.0096367
 0.000530656 0.00119633 0.00205827 0.00303499 0.00405521 0.0050647 0.00602623 0.00691692 0.00772489 0.00844611 0.00908185 0.0096367
 0.000530656 0.00119633 0.00205827 0.00303499 0.00405521 0.0050647 0.00602623 0.00691692 0.00772489 0.00844611 0.00908185 0.0096367
 0.000530656 0.00119633 0.00205827 0.00303499 0.00405521 0.0050647 0.00602623 0.00691692 0.00772489 0.00844611 0.00908185 0.0096367
 0.000530656 0.00119633 0.00205827 0.00303499 0.00405521 0.0050647 0.00602623 0.00691692 0.00772489 0.00844611 0.00908185 0.0096367
 0.000530656 0.00119633 0.00205827 0.00303499 0.00405521 0.0050647 0.00602623 0.00691692 0.00772489 0.00844611 0.00908185 0.0096367
 0.000530656 0.00119633 0.00205827 0.00303499 0.00405521 0.0050647 0.00602623 0.00691692 0.00772489 0.00844611 0.00908185 0.0096367
 0.000530656 0.00119633 0.00205827 0.00303499 0.00405521 0.0050647 0.00602623 0.00691692 0.00772489 0.00844611 0.00908185 0.0096367
 0.000530656 0.00119633 0.00205827 0.00303499 0.00405521 0.0050647 0.00602623 0.00691692 0.00772489 0.00844611 0.00908185 0.0096367
 0.000530656 0.00119633 0.00205827 0.00303499 0.00405521 0.0050647 0.00602623 0.00691692 0.00772489 0.00844611 0.00908185 0.0096367
 0.000530656 0.00119633 0.00205827 0.00303499 0.00405521 0.0050647 0.00602623 0.00691692 0.00772489 0.00844611 0.00908185 0.0096367
 0.000530656 0.00119633 0.00205827 0.00303499 0.00405521 0.0050647 0.00602623 0.00691692 0.00772489 0.00844611 0.00908185 0.0096367
 0.000530656 0.00119633 0.00205827 0.00303499 0.00405521 0.0050647 0.00602623 0.00691692 0.00772489 0.00844611 0.00908185 0.0096367
 0.000530656 0.00119633 0.00205827 0.00303499 0.00405521 0.0050647 0.00602623 0.00691692 0.00772489 0.00844611 0.00908185 0.0096367
# nyrs_ind_age
 30
# yrs_ind_age
 1 2 3 4 5 6 7 8 9 10 11 12 13 14 15 16 17 18 19 20 21 22 23 24 25 26 27 28 29 30
# n_sample_ind_age
 200 200 200 200 200 200 200 200 200 200 200 200 200 200 200 200 200 200 200 200 200 200 200 200 200 200 200 200 200 200
# oac_ind
 0.035 0.1 0.18 0.155 0.11 0.105 0.05 0.075 0.03 0.035 0.035 0.09
 0.075 0.14 0.125 0.145 0.09 0.105 0.08 0.03 0.035 0.03 0.035 0.11
 0.055 0.16 0.165 0.09 0.095 0.06 0.06 0.06 0.07 0.025 0.02 0.14
 0.04 0.14 0.155 0.135 0.065 0.08 0.06 0.075 0.045 0.02 0.025 0.16
 0.075 0.11 0.14 0.165 0.11 0.065 0.065 0.055 0.02 0.045 0.03 0.12
 0.085 0.135 0.15 0.07 0.105 0.09 0.09 0.05 0.035 0.015 0.04 0.135
 0.105 0.165 0.24 0.065 0.09 0.105 0.065 0.05 0.02 0.01 0.025 0.06
 0.08 0.17 0.155 0.175 0.07 0.06 0.07 0.065 0.015 0.025 0.035 0.08
 0.08 0.155 0.15 0.17 0.13 0.04 0.05 0.035 0.04 0.035 0.025 0.09
 0.065 0.165 0.205 0.16 0.08 0.08 0.025 0.05 0.045 0.025 0.01 0.09
 0.055 0.17 0.165 0.135 0.095 0.09 0.065 0.045 0.025 0.045 0.035 0.075
 0.07 0.175 0.2 0.135 0.085 0.08 0.05 0.05 0.02 0.015 0.03 0.09
 0.07 0.165 0.22 0.145 0.08 0.09 0.05 0.04 0.06 0.03 0.015 0.035
 0.105 0.18 0.155 0.12 0.08 0.06 0.08 0.045 0.03 0.015 0.035 0.095
 0.1 0.185 0.22 0.13 0.08 0.065 0.055 0.055 0.015 0.045 0.025 0.025
 0.08 0.22 0.185 0.145 0.09 0.08 0.06 0.045 0.035 0.01 0.015 0.035
 0.09 0.205 0.18 0.16 0.08 0.07 0.065 0.025 0.025 0.035 0 0.065
 0.095 0.28 0.2 0.11 0.1 0.03 0.055 0.07 0.015 0.015 0.01 0.02
 0.09 0.145 0.19 0.21 0.115 0.07 0.045 0.03 0.035 0.005 0.015 0.05
 0.115 0.21 0.18 0.165 0.13 0.05 0.045 0.035 0.015 0.01 0.005 0.04
 0.145 0.185 0.17 0.12 0.11 0.075 0.06 0.04 0.025 0.005 0.015 0.05
 0.09 0.31 0.145 0.12 0.095 0.06 0.08 0.025 0.025 0.01 0.015 0.025
 0.105 0.265 0.22 0.125 0.095 0.055 0.07 0.02 0.015 0.005 0.005 0.02
 0.1 0.19 0.32 0.215 0.045 0.06 0.025 0.015 0.015 0.005 0 0.01
 0.065 0.23 0.195 0.255 0.135 0.06 0.03 0.01 0 0.015 0.005 0
 0.11 0.31 0.15 0.135 0.09 0.09 0.035 0.02 0.005 0.015 0.015 0.025
 0.085 0.22 0.27 0.155 0.11 0.085 0.03 0.025 0.015 0 0 0.005
 0.2 0.15 0.23 0.19 0.075 0.065 0.04 0.02 0.02 0.005 0.005 0
 0.13 0.29 0.15 0.14 0.12 0.045 0.05 0.02 0.04 0 0.005 0.01
 0.07 0.42 0.225 0.15 0.045 0.015 0.03 0.01 0.005 0.01 0.005 0.015
# olc_ind

# obs_lse_ind
 0.198042 0.198042 0.198042 0.198042 0.198042 0.198042 0.198042 0.198042 0.198042 0.198042 0.198042 0.198042 0.198042 0.198042 0.198042 0.198042 0.198042 0.198042 0.198042 0.198042 0.198042 0.198042 0.198042 0.198042 0.198042 0.198042 0.198042 0.198042 0.198042 0.198042
# xages_fsh
 0 0 0 0 0 0 0 0 0 0 0 0
# xages_fsh
 0 0.0909091 0.181818 0.272727 0.363636 0.454545 0.545455 0.636364 0.727273 0.818182 0.909091 1
# xnodes_fsh

Yrs fsh_sel change:  1 0 0 0 0 0 0 0 0 0 0 0 0 0 0 0 0 0 0 0 0 0 0 0 0 0 0 0 0
Yrs ind_sel change:  1 0 0 0 0 0 0 0 0 0 0 0 0 0 0 0 0 0 0 0 0 0 0 0 0 0 0 0 0
# steepnessprior
0.75
# sigmarprior
0.2
#  SSB estimated in styr endyr: -12 28 
#  Rec estimated in styr endyr: -10 30 
#  SR Curve fit  in styr endyr: 1 30 
#             Model styr endyr: 1 30 
# qprior
 3.48998e-007
# q_power_prior 
 1 
# cv_catchbiomass 
0.05 
# CatchbiomassPen 
200 
# Number of projection years 
5 
# offset_fsh
 13369.4
# offset_ind
 13107
Mean Catch
1278.08
R_guess 
13.8155
# nfsh
1
# n_sel_ch_fsh
 1
# nselages_fsh
 11
# phase_selcoff_fsh
 -1
logRzero 13.8155
logmeanrec 13.8155
exp(log_sigmarprior 0.2
Fish sel phase: -1 OM1
Fixing fishery sel to
1
Fixing fishery sel to
1
Srvy sel phase: -1
Fixing survey_index1 indices sel to
1
Fixing index sel to
1
# logsel_slp_in_indv
 0.693147
Leaving parameter init secton
# M
 0.2 0.2 0.2 0.2 0.2 0.2 0.2 0.2 0.2 0.2 0.2 0.2
 0.2 0.2 0.2 0.2 0.2 0.2 0.2 0.2 0.2 0.2 0.2 0.2
 0.2 0.2 0.2 0.2 0.2 0.2 0.2 0.2 0.2 0.2 0.2 0.2
 0.2 0.2 0.2 0.2 0.2 0.2 0.2 0.2 0.2 0.2 0.2 0.2
 0.2 0.2 0.2 0.2 0.2 0.2 0.2 0.2 0.2 0.2 0.2 0.2
 0.2 0.2 0.2 0.2 0.2 0.2 0.2 0.2 0.2 0.2 0.2 0.2
 0.2 0.2 0.2 0.2 0.2 0.2 0.2 0.2 0.2 0.2 0.2 0.2
 0.2 0.2 0.2 0.2 0.2 0.2 0.2 0.2 0.2 0.2 0.2 0.2
 0.2 0.2 0.2 0.2 0.2 0.2 0.2 0.2 0.2 0.2 0.2 0.2
 0.2 0.2 0.2 0.2 0.2 0.2 0.2 0.2 0.2 0.2 0.2 0.2
 0.2 0.2 0.2 0.2 0.2 0.2 0.2 0.2 0.2 0.2 0.2 0.2
 0.2 0.2 0.2 0.2 0.2 0.2 0.2 0.2 0.2 0.2 0.2 0.2
 0.2 0.2 0.2 0.2 0.2 0.2 0.2 0.2 0.2 0.2 0.2 0.2
 0.2 0.2 0.2 0.2 0.2 0.2 0.2 0.2 0.2 0.2 0.2 0.2
 0.2 0.2 0.2 0.2 0.2 0.2 0.2 0.2 0.2 0.2 0.2 0.2
 0.2 0.2 0.2 0.2 0.2 0.2 0.2 0.2 0.2 0.2 0.2 0.2
 0.2 0.2 0.2 0.2 0.2 0.2 0.2 0.2 0.2 0.2 0.2 0.2
 0.2 0.2 0.2 0.2 0.2 0.2 0.2 0.2 0.2 0.2 0.2 0.2
 0.2 0.2 0.2 0.2 0.2 0.2 0.2 0.2 0.2 0.2 0.2 0.2
 0.2 0.2 0.2 0.2 0.2 0.2 0.2 0.2 0.2 0.2 0.2 0.2
 0.2 0.2 0.2 0.2 0.2 0.2 0.2 0.2 0.2 0.2 0.2 0.2
 0.2 0.2 0.2 0.2 0.2 0.2 0.2 0.2 0.2 0.2 0.2 0.2
 0.2 0.2 0.2 0.2 0.2 0.2 0.2 0.2 0.2 0.2 0.2 0.2
 0.2 0.2 0.2 0.2 0.2 0.2 0.2 0.2 0.2 0.2 0.2 0.2
 0.2 0.2 0.2 0.2 0.2 0.2 0.2 0.2 0.2 0.2 0.2 0.2
 0.2 0.2 0.2 0.2 0.2 0.2 0.2 0.2 0.2 0.2 0.2 0.2
 0.2 0.2 0.2 0.2 0.2 0.2 0.2 0.2 0.2 0.2 0.2 0.2
 0.2 0.2 0.2 0.2 0.2 0.2 0.2 0.2 0.2 0.2 0.2 0.2
 0.2 0.2 0.2 0.2 0.2 0.2 0.2 0.2 0.2 0.2 0.2 0.2
 0.2 0.2 0.2 0.2 0.2 0.2 0.2 0.2 0.2 0.2 0.2 0.2
# mean_log_rec
13.7415
# log_Rzero
13.7884
# rec_dev
 -0.10946 0.00560866 -0.0192193 -0.0288386 0.0112563 -0.0496153 0.0369756 0.027357 0.0573759 0.0941015 0.0148521 0.089823 0.303878 -0.110012 -0.117225 0.321589 0.290526 0.121435 0.180475 -0.0156614 0.083533 0.122204 -0.07709 -0.0735333 0.0535283 -0.0837483 0.20294 0.0383175 -0.289895 -0.181121 -0.339826 0.119096 0.0538349 -0.29159 -0.453868 -0.171259 -0.417511 -0.469434 -0.137744 -0.0330866 -0.346291
# fmort
 0.00941665 0.0272976 0.0459702 0.0617083 0.0499788 0.0891159 0.0912836 0.193437 0.112573 0.138071 0.156394 0.169208 0.121896 0.176604 0.188714 0.168288 0.330408 0.271718 0.268153 0.265555 0.368394 0.265622 0.433173 0.357191 0.355375 0.326529 0.326087 0.462502 0.357774 0.547466
# rec_dev_future
 0 0 0 0 0
