AMAK;August_2013
# styr
1
# endyr
30
# rec_age
1
# oldest_age
12
# nlength
81
# len_bins
 10 11 12 13 14 15 16 17 18 19 20 21 22 23 24 25 26 27 28 29 30 31 32 33 34 35 36 37 38 39 40 41 42 43 44 45 46 47 48 49 50 51 52 53 54 55 56 57 58 59 60 61 62 63 64 65 66 67 68 69 70 71 72 73 74 75 76 77 78 79 80 81 82 83 84 85 86 87 88 89 90
# datafile_name
amak_data.dat
# model_name
OM_1
# styr
1
# endyr
30
# rec_age
1
# oldest_age
12
# nfsh
1
# fshname
OM1
# catch_bio_in
 161.668 468.425 768.802 993.792 765.254 1323.04 1273.69 2490.07 1320.18 1537.23 1622 1613.64 1106.02 1525.42 1499.02 1270.35 2253.83 1611.1 1471.74 1314.05 1633.78 1076.99 1624.27 1199.1 1111.67 971.251 924.285 1211.58 877.579 1274.56
# catch_bio_sd_in
 0.01 0.01 0.01 0.01 0.01 0.01 0.01 0.01 0.01 0.01 0.01 0.01 0.01 0.01 0.01 0.01 0.01 0.01 0.01 0.01 0.01 0.01 0.01 0.01 0.01 0.01 0.01 0.01 0.01 0.01
# nyrs_fsh_age
 30
# nyrs_fsh_length
 0
# yrs_fsh_age_in
 1 2 3 4 5 6 7 8 9 10 11 12 13 14 15 16 17 18 19 20 21 22 23 24 25 26 27 28 29 30
# yrs_fsh_length_in

# n_sample_fsh_length_in

# olc_fsh_in

# nind
1
# indname
survey_index1
# nyrs_ind
 30
# yrs_ind_in
 1 2 3 4 5 6 7 8 9 10 11 12 13 14 15 16 17 18 19 20 21 22 23 24 25 26 27 28 29 30
# mo_ind
 1
# obs_ind_in
 1.48642 1.59299 1.75571 1.54044 1.62602 1.64849 1.37846 1.68507 1.27046 1.13234 0.882175 1.01914 0.904286 0.990986 1.17664 0.994984 0.963082 0.696522 0.741229 0.659613 0.65447 0.604584 0.569631 0.54526 0.644119 0.534996 0.561401 0.449565 0.485171 0.609024
# obs_se_ind_in
 0.297285 0.318598 0.351142 0.308088 0.325204 0.329699 0.275692 0.337014 0.254093 0.226468 0.176435 0.203829 0.180857 0.198197 0.235329 0.198997 0.192616 0.139304 0.148246 0.131923 0.130894 0.120917 0.113926 0.109052 0.128824 0.106999 0.11228 0.089913 0.0970342 0.121805
# nyrs_ind_age
 30
# nyrs_ind_length
 0
# yrs_ind_age_in
 1 2 3 4 5 6 7 8 9 10 11 12 13 14 15 16 17 18 19 20 21 22 23 24 25 26 27 28 29 30
# yrs_ind_length_in

# yrs_ind_age_in
 1 2 3 4 5 6 7 8 9 10 11 12 13 14 15 16 17 18 19 20 21 22 23 24 25 26 27 28 29 30
# n_sample_ind_length_in

# olc_ind_in

# oac_ind_in
 0.065 0.145 0.195 0.135 0.105 0.045 0.05 0.085 0.04 0.035 0.015 0.085
 0.06 0.15 0.145 0.075 0.105 0.095 0.085 0.05 0.05 0.015 0.02 0.15
 0.05 0.175 0.135 0.12 0.08 0.075 0.06 0.05 0.06 0.045 0.04 0.11
 0.05 0.115 0.19 0.105 0.105 0.07 0.085 0.075 0.065 0.02 0.02 0.1
 0.09 0.07 0.09 0.135 0.125 0.11 0.055 0.085 0.03 0.05 0.025 0.135
 0.11 0.195 0.125 0.11 0.085 0.1 0.05 0.055 0.03 0.025 0.02 0.095
 0.085 0.155 0.205 0.08 0.12 0.09 0.025 0.035 0.025 0.02 0.035 0.125
 0.05 0.185 0.16 0.175 0.065 0.08 0.045 0.035 0.04 0.035 0.005 0.125
 0.055 0.22 0.16 0.14 0.07 0.065 0.06 0.055 0.07 0.015 0.005 0.085
 0.07 0.145 0.17 0.125 0.125 0.115 0.025 0.04 0.05 0.02 0.01 0.105
 0.07 0.19 0.14 0.175 0.105 0.035 0.075 0.02 0.04 0.045 0.015 0.09
 0.095 0.155 0.17 0.165 0.075 0.07 0.095 0.065 0.03 0.02 0.035 0.025
 0.075 0.15 0.21 0.095 0.105 0.075 0.03 0.07 0.06 0.03 0.025 0.075
 0.09 0.18 0.19 0.125 0.095 0.055 0.115 0 0.04 0.04 0.01 0.06
 0.095 0.25 0.175 0.11 0.08 0.09 0.055 0.04 0.03 0.02 0.01 0.045
 0.08 0.23 0.18 0.15 0.105 0.05 0.04 0.045 0.035 0.025 0.005 0.055
 0.09 0.205 0.145 0.195 0.075 0.07 0.09 0.05 0.005 0 0.02 0.055
 0.075 0.18 0.275 0.115 0.115 0.08 0.025 0.04 0.015 0.035 0.01 0.035
 0.125 0.145 0.245 0.185 0.06 0.065 0.035 0.045 0.01 0.01 0.03 0.045
 0.115 0.165 0.155 0.16 0.12 0.095 0.07 0.025 0.02 0.025 0.005 0.045
 0.125 0.215 0.215 0.1 0.11 0.055 0.05 0.02 0.02 0.03 0.015 0.045
 0.145 0.24 0.16 0.11 0.1 0.11 0.05 0.02 0.015 0.005 0.015 0.03
 0.095 0.22 0.295 0.125 0.08 0.065 0.065 0.02 0.02 0.005 0 0.01
 0.095 0.215 0.29 0.155 0.08 0.07 0.015 0.02 0.01 0.015 0.005 0.03
 0.13 0.195 0.175 0.195 0.175 0.015 0.04 0 0.02 0.025 0.005 0.025
 0.115 0.28 0.19 0.13 0.125 0.045 0.035 0.02 0.005 0.01 0.015 0.03
 0.145 0.15 0.27 0.13 0.065 0.065 0.07 0.03 0.035 0.01 0.01 0.02
 0.18 0.24 0.18 0.2 0.055 0.05 0.03 0.03 0.005 0 0.01 0.02
 0.175 0.315 0.175 0.1 0.135 0.025 0.025 0 0.01 0.01 0.01 0.02
 0.08 0.325 0.25 0.13 0.105 0.055 0.02 0.015 0.005 0.01 0.005 0
# wt_ind
 1 1 1 1 1 1 1 1 1 1 1 1
 1 1 1 1 1 1 1 1 1 1 1 1
 1 1 1 1 1 1 1 1 1 1 1 1
 1 1 1 1 1 1 1 1 1 1 1 1
 1 1 1 1 1 1 1 1 1 1 1 1
 1 1 1 1 1 1 1 1 1 1 1 1
 1 1 1 1 1 1 1 1 1 1 1 1
 1 1 1 1 1 1 1 1 1 1 1 1
 1 1 1 1 1 1 1 1 1 1 1 1
 1 1 1 1 1 1 1 1 1 1 1 1
 1 1 1 1 1 1 1 1 1 1 1 1
 1 1 1 1 1 1 1 1 1 1 1 1
 1 1 1 1 1 1 1 1 1 1 1 1
 1 1 1 1 1 1 1 1 1 1 1 1
 1 1 1 1 1 1 1 1 1 1 1 1
 1 1 1 1 1 1 1 1 1 1 1 1
 1 1 1 1 1 1 1 1 1 1 1 1
 1 1 1 1 1 1 1 1 1 1 1 1
 1 1 1 1 1 1 1 1 1 1 1 1
 1 1 1 1 1 1 1 1 1 1 1 1
 1 1 1 1 1 1 1 1 1 1 1 1
 1 1 1 1 1 1 1 1 1 1 1 1
 1 1 1 1 1 1 1 1 1 1 1 1
 1 1 1 1 1 1 1 1 1 1 1 1
 1 1 1 1 1 1 1 1 1 1 1 1
 1 1 1 1 1 1 1 1 1 1 1 1
 1 1 1 1 1 1 1 1 1 1 1 1
 1 1 1 1 1 1 1 1 1 1 1 1
 1 1 1 1 1 1 1 1 1 1 1 1
 1 1 1 1 1 1 1 1 1 1 1 1
# wt_pop
 0.000530656 0.00119633 0.00205827 0.00303499 0.00405521 0.0050647 0.00602623 0.00691692 0.00772489 0.00844611 0.00908185 0.0096367
# maturity
 0.0229774 0.320821 0.904651 0.99478 0.999739 0.999987 0.999999 1 1 1 1 1
# spawnmo
1
# age_err
 1 0 0 0 0 0 0 0 0 0 0 0
 0 1 0 0 0 0 0 0 0 0 0 0
 0 0 1 0 0 0 0 0 0 0 0 0
 0 0 0 1 0 0 0 0 0 0 0 0
 0 0 0 0 1 0 0 0 0 0 0 0
 0 0 0 0 0 1 0 0 0 0 0 0
 0 0 0 0 0 0 1 0 0 0 0 0
 0 0 0 0 0 0 0 1 0 0 0 0
 0 0 0 0 0 0 0 0 1 0 0 0
 0 0 0 0 0 0 0 0 0 1 0 0
 0 0 0 0 0 0 0 0 0 0 1 0
 0 0 0 0 0 0 0 0 0 0 0 1
# cntrlfile_name
C:\Users\bai.li\Desktop\s1_test\AMAK\s123\amak.dat
# Map shared selectivity: 
# sel_map
 1 2
 1 1
# datafile_name
amak_data.dat
# model_name
OM_1
# SrType
2
# use_age_err
0
# retro
0
# sigmarprior
0.2
# cvsigmarprior
0.25
# phase_sigmar
-3
# styr_rec_est
1
# endyr_rec_est
30
# Linfprior
80
# cvLinfprior
0.25
# kprior
0.18
# cvkprior
0.25
# Loprior
27.688
# cvLoprior
0.25
# sdageprior
0.1
# cvsdageprior
0.25
# natmortprior
0.2
# cvnatmortprior
0.25
# phase_M
-4
# npars_Mage
0
# ages_M_changes

# Mage_in

# phase_Mage
-5
# phase_rw_M
0
# npars_rw_M
0
# yrs_rw_M

# sigma_rw_M

# qprior
 3.48998e-007
# cvqprior
 1
# phase_q
 1
# q_power_prior
 1
# cvq_power_prior
 0.2
# phase_q_power
 -4
# phase_rw_q
 -1
# npars_rw_q
 0
# yrs_rw_q

# sigma_rw_q

# q_age_min
 1
# q_age_max
 12
# q_age_min
 1
# q_age_max
 12
# fsh_sel_opt(k)
2
# phase_sel_fsh(k)
-2
# n_sel_ch_fsh(k)
1
# sel_slp_in_fsh(k)(1,n_sel_ch_fsh(k))
 1
# sel_inf_in_fsh(k)(1,n_sel_ch_fsh(k))
 2
# logsel_slp_in_fsh(k)(1,n_sel_ch_fsh(k))
 0
# yrs_sel_ch_fsh(k)(1,n_sel_ch_fsh(k))
 1

Survey survey_index1
# ind_sel_opt(k)
2
# indname(k)
survey_index1
# nselages_in_ind(k)
11
# phase_sel_ind(k)
-2
# sel_change_in_ind(k)
 1 0 0 0 0 0 0 0 0 0 0 0 0 0 0 0 0 0 0 0 0 0 0 0 0 0 0 0 0 0
# n_sel_ch_ind(k)
1
# yrs_sel_ch_ind(k)(1,n_sel_ch_ind(k))
 1
# sel_slp_in_ind(k,1)
2
# sel_inf_in_ind(k,1)
1.5
# logsel_slp_in_ind(k,1)
0.693147
# logsel_slp_in_indv(k)
0.693147
survey_index1 ind sel opt 2  1 0 0 0 0 0 0 0 0 0 0 0 0 0 0 0 0 0 0 0 0 0 0 0 0 0 0 0 0 0
Phase indices Sel_Coffs:  -1
 Test: 1.23457e+008
# Fshry Selages:  11
# Srvy  Selages:  11
# Phase for age-spec fishery  -1
# Phase for logistic fishery  -2
# Phase for dble logistic fishery  -1
# Phase for age-spec indices   -1
# Phase for logistic indices   -2
# Phase for dble logistic ind  -1
# Curv_pen_fsh: 
 0
# Curv_pen_ind: 
 0
# styr_fut
31
# endyr_fut
35
# nyrs_fsh_age
 30
# nyrs_fsh_age
 30
# yrs_fsh_age
 1 2 3 4 5 6 7 8 9 10 11 12 13 14 15 16 17 18 19 20 21 22 23 24 25 26 27 28 29 30
# n_sample_fsh_age
 200 200 200 200 200 200 200 200 200 200 200 200 200 200 200 200 200 200 200 200 200 200 200 200 200 200 200 200 200 200
# oac_fsh
 0.085 0.095 0.13 0.085 0.14 0.095 0.055 0.045 0.05 0.05 0.025 0.145
 0.08 0.135 0.115 0.1 0.085 0.11 0.08 0.055 0.045 0.005 0.05 0.14
 0.065 0.125 0.115 0.115 0.105 0.09 0.08 0.06 0.05 0.06 0.04 0.095
 0.04 0.095 0.16 0.125 0.095 0.07 0.13 0.07 0.055 0.05 0.015 0.095
 0.09 0.09 0.115 0.205 0.12 0.08 0.065 0.045 0.035 0.03 0.01 0.115
 0.08 0.175 0.1 0.13 0.14 0.065 0.075 0.045 0.015 0.04 0.035 0.1
 0.055 0.155 0.195 0.075 0.095 0.1 0.07 0.04 0.045 0.035 0.025 0.11
 0.095 0.115 0.205 0.14 0.09 0.06 0.07 0.035 0.07 0.015 0.025 0.08
 0.07 0.13 0.115 0.15 0.105 0.065 0.08 0.05 0.035 0.025 0.04 0.135
 0.115 0.11 0.14 0.13 0.135 0.08 0.065 0.055 0.015 0.035 0.03 0.09
 0.095 0.11 0.15 0.125 0.13 0.09 0.105 0.03 0.02 0.025 0.025 0.095
 0.07 0.17 0.19 0.165 0.11 0.075 0.055 0.035 0.025 0.005 0.03 0.07
 0.095 0.155 0.17 0.17 0.08 0.09 0.055 0.04 0.04 0.01 0.025 0.07
 0.115 0.13 0.125 0.18 0.145 0.045 0.055 0.025 0.045 0.04 0.005 0.09
 0.065 0.17 0.195 0.16 0.09 0.075 0.07 0.05 0.03 0.015 0.02 0.06
 0.14 0.14 0.155 0.105 0.095 0.125 0.085 0.035 0.035 0.015 0.025 0.045
 0.16 0.245 0.13 0.16 0.075 0.085 0.035 0.02 0.01 0.03 0.01 0.04
 0.125 0.22 0.165 0.14 0.105 0.095 0.035 0.04 0.02 0.005 0.03 0.02
 0.135 0.155 0.21 0.19 0.09 0.045 0.05 0.04 0.02 0.015 0.005 0.045
 0.125 0.195 0.115 0.185 0.12 0.065 0.035 0.045 0.03 0.035 0.015 0.035
 0.175 0.125 0.125 0.135 0.125 0.13 0.09 0.01 0.03 0.015 0.015 0.025
 0.19 0.215 0.155 0.115 0.055 0.105 0.07 0.025 0.01 0 0.01 0.05
 0.125 0.205 0.225 0.13 0.13 0.06 0.04 0.04 0.01 0.005 0.01 0.02
 0.14 0.225 0.22 0.155 0.055 0.085 0.035 0.025 0.01 0.025 0 0.025
 0.18 0.16 0.175 0.16 0.14 0.03 0.05 0.02 0.025 0.02 0.01 0.03
 0.11 0.245 0.185 0.15 0.15 0.045 0.025 0.03 0.02 0.02 0.01 0.01
 0.15 0.185 0.215 0.16 0.085 0.08 0.055 0.02 0.03 0.005 0.01 0.005
 0.15 0.175 0.2 0.215 0.075 0.07 0.04 0.035 0.02 0.01 0 0.01
 0.22 0.215 0.15 0.12 0.14 0.055 0.045 0.035 0.005 0.005 0.005 0.005
 0.205 0.245 0.245 0.095 0.085 0.05 0.035 0.01 0.02 0.01 0 0
# olc_fsh

# wt_fsh
 0.000530656 0.00119633 0.00205827 0.00303499 0.00405521 0.0050647 0.00602623 0.00691692 0.00772489 0.00844611 0.00908185 0.0096367
 0.000530656 0.00119633 0.00205827 0.00303499 0.00405521 0.0050647 0.00602623 0.00691692 0.00772489 0.00844611 0.00908185 0.0096367
 0.000530656 0.00119633 0.00205827 0.00303499 0.00405521 0.0050647 0.00602623 0.00691692 0.00772489 0.00844611 0.00908185 0.0096367
 0.000530656 0.00119633 0.00205827 0.00303499 0.00405521 0.0050647 0.00602623 0.00691692 0.00772489 0.00844611 0.00908185 0.0096367
 0.000530656 0.00119633 0.00205827 0.00303499 0.00405521 0.0050647 0.00602623 0.00691692 0.00772489 0.00844611 0.00908185 0.0096367
 0.000530656 0.00119633 0.00205827 0.00303499 0.00405521 0.0050647 0.00602623 0.00691692 0.00772489 0.00844611 0.00908185 0.0096367
 0.000530656 0.00119633 0.00205827 0.00303499 0.00405521 0.0050647 0.00602623 0.00691692 0.00772489 0.00844611 0.00908185 0.0096367
 0.000530656 0.00119633 0.00205827 0.00303499 0.00405521 0.0050647 0.00602623 0.00691692 0.00772489 0.00844611 0.00908185 0.0096367
 0.000530656 0.00119633 0.00205827 0.00303499 0.00405521 0.0050647 0.00602623 0.00691692 0.00772489 0.00844611 0.00908185 0.0096367
 0.000530656 0.00119633 0.00205827 0.00303499 0.00405521 0.0050647 0.00602623 0.00691692 0.00772489 0.00844611 0.00908185 0.0096367
 0.000530656 0.00119633 0.00205827 0.00303499 0.00405521 0.0050647 0.00602623 0.00691692 0.00772489 0.00844611 0.00908185 0.0096367
 0.000530656 0.00119633 0.00205827 0.00303499 0.00405521 0.0050647 0.00602623 0.00691692 0.00772489 0.00844611 0.00908185 0.0096367
 0.000530656 0.00119633 0.00205827 0.00303499 0.00405521 0.0050647 0.00602623 0.00691692 0.00772489 0.00844611 0.00908185 0.0096367
 0.000530656 0.00119633 0.00205827 0.00303499 0.00405521 0.0050647 0.00602623 0.00691692 0.00772489 0.00844611 0.00908185 0.0096367
 0.000530656 0.00119633 0.00205827 0.00303499 0.00405521 0.0050647 0.00602623 0.00691692 0.00772489 0.00844611 0.00908185 0.0096367
 0.000530656 0.00119633 0.00205827 0.00303499 0.00405521 0.0050647 0.00602623 0.00691692 0.00772489 0.00844611 0.00908185 0.0096367
 0.000530656 0.00119633 0.00205827 0.00303499 0.00405521 0.0050647 0.00602623 0.00691692 0.00772489 0.00844611 0.00908185 0.0096367
 0.000530656 0.00119633 0.00205827 0.00303499 0.00405521 0.0050647 0.00602623 0.00691692 0.00772489 0.00844611 0.00908185 0.0096367
 0.000530656 0.00119633 0.00205827 0.00303499 0.00405521 0.0050647 0.00602623 0.00691692 0.00772489 0.00844611 0.00908185 0.0096367
 0.000530656 0.00119633 0.00205827 0.00303499 0.00405521 0.0050647 0.00602623 0.00691692 0.00772489 0.00844611 0.00908185 0.0096367
 0.000530656 0.00119633 0.00205827 0.00303499 0.00405521 0.0050647 0.00602623 0.00691692 0.00772489 0.00844611 0.00908185 0.0096367
 0.000530656 0.00119633 0.00205827 0.00303499 0.00405521 0.0050647 0.00602623 0.00691692 0.00772489 0.00844611 0.00908185 0.0096367
 0.000530656 0.00119633 0.00205827 0.00303499 0.00405521 0.0050647 0.00602623 0.00691692 0.00772489 0.00844611 0.00908185 0.0096367
 0.000530656 0.00119633 0.00205827 0.00303499 0.00405521 0.0050647 0.00602623 0.00691692 0.00772489 0.00844611 0.00908185 0.0096367
 0.000530656 0.00119633 0.00205827 0.00303499 0.00405521 0.0050647 0.00602623 0.00691692 0.00772489 0.00844611 0.00908185 0.0096367
 0.000530656 0.00119633 0.00205827 0.00303499 0.00405521 0.0050647 0.00602623 0.00691692 0.00772489 0.00844611 0.00908185 0.0096367
 0.000530656 0.00119633 0.00205827 0.00303499 0.00405521 0.0050647 0.00602623 0.00691692 0.00772489 0.00844611 0.00908185 0.0096367
 0.000530656 0.00119633 0.00205827 0.00303499 0.00405521 0.0050647 0.00602623 0.00691692 0.00772489 0.00844611 0.00908185 0.0096367
 0.000530656 0.00119633 0.00205827 0.00303499 0.00405521 0.0050647 0.00602623 0.00691692 0.00772489 0.00844611 0.00908185 0.0096367
 0.000530656 0.00119633 0.00205827 0.00303499 0.00405521 0.0050647 0.00602623 0.00691692 0.00772489 0.00844611 0.00908185 0.0096367
# nyrs_ind_age
 30
# yrs_ind_age
 1 2 3 4 5 6 7 8 9 10 11 12 13 14 15 16 17 18 19 20 21 22 23 24 25 26 27 28 29 30
# n_sample_ind_age
 200 200 200 200 200 200 200 200 200 200 200 200 200 200 200 200 200 200 200 200 200 200 200 200 200 200 200 200 200 200
# oac_ind
 0.065 0.145 0.195 0.135 0.105 0.045 0.05 0.085 0.04 0.035 0.015 0.085
 0.06 0.15 0.145 0.075 0.105 0.095 0.085 0.05 0.05 0.015 0.02 0.15
 0.05 0.175 0.135 0.12 0.08 0.075 0.06 0.05 0.06 0.045 0.04 0.11
 0.05 0.115 0.19 0.105 0.105 0.07 0.085 0.075 0.065 0.02 0.02 0.1
 0.09 0.07 0.09 0.135 0.125 0.11 0.055 0.085 0.03 0.05 0.025 0.135
 0.11 0.195 0.125 0.11 0.085 0.1 0.05 0.055 0.03 0.025 0.02 0.095
 0.085 0.155 0.205 0.08 0.12 0.09 0.025 0.035 0.025 0.02 0.035 0.125
 0.05 0.185 0.16 0.175 0.065 0.08 0.045 0.035 0.04 0.035 0.005 0.125
 0.055 0.22 0.16 0.14 0.07 0.065 0.06 0.055 0.07 0.015 0.005 0.085
 0.07 0.145 0.17 0.125 0.125 0.115 0.025 0.04 0.05 0.02 0.01 0.105
 0.07 0.19 0.14 0.175 0.105 0.035 0.075 0.02 0.04 0.045 0.015 0.09
 0.095 0.155 0.17 0.165 0.075 0.07 0.095 0.065 0.03 0.02 0.035 0.025
 0.075 0.15 0.21 0.095 0.105 0.075 0.03 0.07 0.06 0.03 0.025 0.075
 0.09 0.18 0.19 0.125 0.095 0.055 0.115 0 0.04 0.04 0.01 0.06
 0.095 0.25 0.175 0.11 0.08 0.09 0.055 0.04 0.03 0.02 0.01 0.045
 0.08 0.23 0.18 0.15 0.105 0.05 0.04 0.045 0.035 0.025 0.005 0.055
 0.09 0.205 0.145 0.195 0.075 0.07 0.09 0.05 0.005 0 0.02 0.055
 0.075 0.18 0.275 0.115 0.115 0.08 0.025 0.04 0.015 0.035 0.01 0.035
 0.125 0.145 0.245 0.185 0.06 0.065 0.035 0.045 0.01 0.01 0.03 0.045
 0.115 0.165 0.155 0.16 0.12 0.095 0.07 0.025 0.02 0.025 0.005 0.045
 0.125 0.215 0.215 0.1 0.11 0.055 0.05 0.02 0.02 0.03 0.015 0.045
 0.145 0.24 0.16 0.11 0.1 0.11 0.05 0.02 0.015 0.005 0.015 0.03
 0.095 0.22 0.295 0.125 0.08 0.065 0.065 0.02 0.02 0.005 0 0.01
 0.095 0.215 0.29 0.155 0.08 0.07 0.015 0.02 0.01 0.015 0.005 0.03
 0.13 0.195 0.175 0.195 0.175 0.015 0.04 0 0.02 0.025 0.005 0.025
 0.115 0.28 0.19 0.13 0.125 0.045 0.035 0.02 0.005 0.01 0.015 0.03
 0.145 0.15 0.27 0.13 0.065 0.065 0.07 0.03 0.035 0.01 0.01 0.02
 0.18 0.24 0.18 0.2 0.055 0.05 0.03 0.03 0.005 0 0.01 0.02
 0.175 0.315 0.175 0.1 0.135 0.025 0.025 0 0.01 0.01 0.01 0.02
 0.08 0.325 0.25 0.13 0.105 0.055 0.02 0.015 0.005 0.01 0.005 0
# olc_ind

# obs_lse_ind
 0.198042 0.198042 0.198042 0.198042 0.198042 0.198042 0.198042 0.198042 0.198042 0.198042 0.198042 0.198042 0.198042 0.198042 0.198042 0.198042 0.198042 0.198042 0.198042 0.198042 0.198042 0.198042 0.198042 0.198042 0.198042 0.198042 0.198042 0.198042 0.198042 0.198042
# xages_fsh
 0 0 0 0 0 0 0 0 0 0 0 0
# xages_fsh
 0 0.0909091 0.181818 0.272727 0.363636 0.454545 0.545455 0.636364 0.727273 0.818182 0.909091 1
# xnodes_fsh

Yrs fsh_sel change:  1 0 0 0 0 0 0 0 0 0 0 0 0 0 0 0 0 0 0 0 0 0 0 0 0 0 0 0 0
Yrs ind_sel change:  1 0 0 0 0 0 0 0 0 0 0 0 0 0 0 0 0 0 0 0 0 0 0 0 0 0 0 0 0
# steepnessprior
0.75
# sigmarprior
0.2
#  SSB estimated in styr endyr: -12 28 
#  Rec estimated in styr endyr: -10 30 
#  SR Curve fit  in styr endyr: 1 30 
#             Model styr endyr: 1 30 
# qprior
 3.48998e-007
# q_power_prior 
 1 
# cv_catchbiomass 
0.05 
# CatchbiomassPen 
200 
# Number of projection years 
5 
# offset_fsh
 13411.7
# offset_ind
 13156.4
Mean Catch
1276.48
R_guess 
13.8155
# nfsh
1
# n_sel_ch_fsh
 1
# nselages_fsh
 11
# phase_selcoff_fsh
 -1
logRzero 13.8155
logmeanrec 13.8155
exp(log_sigmarprior 0.2
Fish sel phase: -1 OM1
Fixing fishery sel to
1
Fixing fishery sel to
1
Srvy sel phase: -1
Fixing survey_index1 indices sel to
1
Fixing index sel to
1
# logsel_slp_in_indv
 0.693147
Leaving parameter init secton
# M
 0.2 0.2 0.2 0.2 0.2 0.2 0.2 0.2 0.2 0.2 0.2 0.2
 0.2 0.2 0.2 0.2 0.2 0.2 0.2 0.2 0.2 0.2 0.2 0.2
 0.2 0.2 0.2 0.2 0.2 0.2 0.2 0.2 0.2 0.2 0.2 0.2
 0.2 0.2 0.2 0.2 0.2 0.2 0.2 0.2 0.2 0.2 0.2 0.2
 0.2 0.2 0.2 0.2 0.2 0.2 0.2 0.2 0.2 0.2 0.2 0.2
 0.2 0.2 0.2 0.2 0.2 0.2 0.2 0.2 0.2 0.2 0.2 0.2
 0.2 0.2 0.2 0.2 0.2 0.2 0.2 0.2 0.2 0.2 0.2 0.2
 0.2 0.2 0.2 0.2 0.2 0.2 0.2 0.2 0.2 0.2 0.2 0.2
 0.2 0.2 0.2 0.2 0.2 0.2 0.2 0.2 0.2 0.2 0.2 0.2
 0.2 0.2 0.2 0.2 0.2 0.2 0.2 0.2 0.2 0.2 0.2 0.2
 0.2 0.2 0.2 0.2 0.2 0.2 0.2 0.2 0.2 0.2 0.2 0.2
 0.2 0.2 0.2 0.2 0.2 0.2 0.2 0.2 0.2 0.2 0.2 0.2
 0.2 0.2 0.2 0.2 0.2 0.2 0.2 0.2 0.2 0.2 0.2 0.2
 0.2 0.2 0.2 0.2 0.2 0.2 0.2 0.2 0.2 0.2 0.2 0.2
 0.2 0.2 0.2 0.2 0.2 0.2 0.2 0.2 0.2 0.2 0.2 0.2
 0.2 0.2 0.2 0.2 0.2 0.2 0.2 0.2 0.2 0.2 0.2 0.2
 0.2 0.2 0.2 0.2 0.2 0.2 0.2 0.2 0.2 0.2 0.2 0.2
 0.2 0.2 0.2 0.2 0.2 0.2 0.2 0.2 0.2 0.2 0.2 0.2
 0.2 0.2 0.2 0.2 0.2 0.2 0.2 0.2 0.2 0.2 0.2 0.2
 0.2 0.2 0.2 0.2 0.2 0.2 0.2 0.2 0.2 0.2 0.2 0.2
 0.2 0.2 0.2 0.2 0.2 0.2 0.2 0.2 0.2 0.2 0.2 0.2
 0.2 0.2 0.2 0.2 0.2 0.2 0.2 0.2 0.2 0.2 0.2 0.2
 0.2 0.2 0.2 0.2 0.2 0.2 0.2 0.2 0.2 0.2 0.2 0.2
 0.2 0.2 0.2 0.2 0.2 0.2 0.2 0.2 0.2 0.2 0.2 0.2
 0.2 0.2 0.2 0.2 0.2 0.2 0.2 0.2 0.2 0.2 0.2 0.2
 0.2 0.2 0.2 0.2 0.2 0.2 0.2 0.2 0.2 0.2 0.2 0.2
 0.2 0.2 0.2 0.2 0.2 0.2 0.2 0.2 0.2 0.2 0.2 0.2
 0.2 0.2 0.2 0.2 0.2 0.2 0.2 0.2 0.2 0.2 0.2 0.2
 0.2 0.2 0.2 0.2 0.2 0.2 0.2 0.2 0.2 0.2 0.2 0.2
 0.2 0.2 0.2 0.2 0.2 0.2 0.2 0.2 0.2 0.2 0.2 0.2
# mean_log_rec
13.7461
# log_Rzero
13.7917
# rec_dev
 -0.12319 -0.162299 0.00782217 -0.121966 0.0801027 -0.0533581 0.0939083 0.151249 0.0600624 0.00221748 0.071781 0.106777 0.273919 0.023158 -0.199949 0.352125 0.263308 0.0467476 0.161729 -0.0274708 0.0712643 0.0811595 -0.0238273 -0.0356543 0.0593404 -0.0542897 0.186614 0.130861 -0.32027 -0.142228 -0.326448 0.0249623 -0.0268991 -0.306206 -0.41506 -0.0955949 -0.453378 -0.397966 -0.113138 -0.0170284 -0.240408
# fmort
 0.009295 0.0271609 0.0455582 0.0610578 0.0487471 0.088017 0.0892895 0.190736 0.111113 0.137504 0.156334 0.168435 0.122021 0.176914 0.186734 0.166886 0.325539 0.26329 0.261437 0.253176 0.351598 0.253341 0.415166 0.342885 0.341275 0.31354 0.30656 0.429203 0.325868 0.488256
# rec_dev_future
 0 0 0 0 0
