AMAK;August_2013
# styr
1
# endyr
30
# rec_age
1
# oldest_age
12
# nlength
81
# len_bins
 10 11 12 13 14 15 16 17 18 19 20 21 22 23 24 25 26 27 28 29 30 31 32 33 34 35 36 37 38 39 40 41 42 43 44 45 46 47 48 49 50 51 52 53 54 55 56 57 58 59 60 61 62 63 64 65 66 67 68 69 70 71 72 73 74 75 76 77 78 79 80 81 82 83 84 85 86 87 88 89 90
# datafile_name
amak_data.dat
# model_name
OM_1
# styr
1
# endyr
30
# rec_age
1
# oldest_age
12
# nfsh
1
# fshname
OM1
# catch_bio_in
 159.732 466.702 761.829 991.345 766.67 1321.3 1284.49 2475.36 1335.53 1509.61 1633.53 1615.83 1106.14 1517.9 1504.43 1277.27 2266.55 1613.86 1449.61 1314.08 1624.4 1081.63 1633.79 1197.25 1117.78 973.729 931.35 1212.06 874.284 1276.1
# catch_bio_sd_in
 0.01 0.01 0.01 0.01 0.01 0.01 0.01 0.01 0.01 0.01 0.01 0.01 0.01 0.01 0.01 0.01 0.01 0.01 0.01 0.01 0.01 0.01 0.01 0.01 0.01 0.01 0.01 0.01 0.01 0.01
# nyrs_fsh_age
 30
# nyrs_fsh_length
 0
# yrs_fsh_age_in
 1 2 3 4 5 6 7 8 9 10 11 12 13 14 15 16 17 18 19 20 21 22 23 24 25 26 27 28 29 30
# yrs_fsh_length_in

# n_sample_fsh_length_in

# olc_fsh_in

# nind
1
# indname
survey_index1
# nyrs_ind
 30
# yrs_ind_in
 1 2 3 4 5 6 7 8 9 10 11 12 13 14 15 16 17 18 19 20 21 22 23 24 25 26 27 28 29 30
# mo_ind
 1
# obs_ind_in
 1.76821 1.70488 1.29029 1.42441 1.46374 1.27792 1.53578 1.39681 1.14366 1.20473 1.20287 0.977289 1.10379 1.15121 0.965361 0.890739 1.07691 0.871675 0.782827 0.604196 0.754828 0.6667 0.701934 0.513335 0.543788 0.452898 0.560698 0.541431 0.482453 0.507653
# obs_se_ind_in
 0.353643 0.340977 0.258058 0.284881 0.292748 0.255585 0.307157 0.279361 0.228732 0.240947 0.240574 0.195458 0.220758 0.230242 0.193072 0.178148 0.215382 0.174335 0.156565 0.120839 0.150966 0.13334 0.140387 0.102667 0.108758 0.0905797 0.11214 0.108286 0.0964906 0.101531
# nyrs_ind_age
 30
# nyrs_ind_length
 0
# yrs_ind_age_in
 1 2 3 4 5 6 7 8 9 10 11 12 13 14 15 16 17 18 19 20 21 22 23 24 25 26 27 28 29 30
# yrs_ind_length_in

# yrs_ind_age_in
 1 2 3 4 5 6 7 8 9 10 11 12 13 14 15 16 17 18 19 20 21 22 23 24 25 26 27 28 29 30
# n_sample_ind_length_in

# olc_ind_in

# oac_ind_in
 0.08 0.1 0.13 0.145 0.08 0.105 0.065 0.05 0.06 0.045 0.025 0.115
 0.045 0.14 0.135 0.165 0.095 0.085 0.05 0.04 0.055 0.05 0.005 0.135
 0.085 0.135 0.175 0.135 0.11 0.085 0.045 0.06 0.025 0.035 0.04 0.07
 0.065 0.11 0.19 0.12 0.1 0.11 0.055 0.07 0.03 0.04 0.01 0.1
 0.085 0.12 0.155 0.125 0.085 0.075 0.095 0.055 0.015 0.045 0.03 0.115
 0.08 0.18 0.14 0.135 0.115 0.075 0.05 0.035 0.045 0.04 0.02 0.085
 0.04 0.155 0.2 0.075 0.11 0.075 0.06 0.035 0.05 0.04 0.05 0.11
 0.07 0.185 0.16 0.13 0.08 0.05 0.065 0.055 0.03 0.02 0.02 0.135
 0.075 0.155 0.135 0.18 0.1 0.055 0.05 0.065 0.045 0.015 0.03 0.095
 0.075 0.155 0.16 0.08 0.14 0.125 0.04 0.045 0.04 0.035 0.025 0.08
 0.105 0.195 0.195 0.125 0.09 0.05 0.07 0.01 0.025 0.035 0.015 0.085
 0.06 0.15 0.175 0.14 0.115 0.065 0.1 0.06 0.03 0.015 0.04 0.05
 0.08 0.18 0.225 0.15 0.095 0.09 0.035 0.04 0.015 0.015 0.02 0.055
 0.105 0.105 0.21 0.18 0.075 0.08 0.055 0.045 0.03 0.03 0.02 0.065
 0.075 0.215 0.2 0.135 0.095 0.13 0.03 0.04 0.01 0.025 0.015 0.03
 0.105 0.165 0.1 0.175 0.125 0.095 0.075 0.04 0.03 0.005 0.025 0.06
 0.11 0.215 0.16 0.12 0.085 0.085 0.065 0.05 0.015 0.03 0.01 0.055
 0.09 0.23 0.23 0.135 0.085 0.07 0.045 0.025 0.02 0.01 0.015 0.045
 0.075 0.13 0.19 0.185 0.12 0.095 0.06 0.035 0.03 0.02 0.015 0.045
 0.09 0.23 0.155 0.185 0.135 0.05 0.07 0.02 0.015 0.01 0.025 0.015
 0.175 0.23 0.19 0.085 0.11 0.065 0.045 0.035 0.015 0.015 0.005 0.03
 0.135 0.31 0.14 0.17 0.04 0.065 0.045 0.025 0.015 0.005 0.015 0.035
 0.105 0.275 0.215 0.125 0.105 0.035 0.05 0.04 0.015 0.005 0.015 0.015
 0.06 0.235 0.275 0.21 0.065 0.06 0.03 0.02 0.015 0.015 0.005 0.01
 0.125 0.265 0.2 0.165 0.095 0.035 0.035 0.025 0.015 0.015 0.01 0.015
 0.07 0.265 0.2 0.165 0.125 0.075 0.035 0.04 0.015 0.01 0 0
 0.1 0.245 0.28 0.14 0.075 0.07 0.02 0.02 0.02 0.005 0.02 0.005
 0.165 0.24 0.175 0.21 0.045 0.05 0.045 0.045 0.01 0.01 0.005 0
 0.15 0.345 0.145 0.12 0.135 0.04 0.015 0.02 0.005 0.01 0.01 0.005
 0.11 0.335 0.235 0.155 0.04 0.075 0.015 0.015 0.015 0.005 0 0
# wt_ind
 1 1 1 1 1 1 1 1 1 1 1 1
 1 1 1 1 1 1 1 1 1 1 1 1
 1 1 1 1 1 1 1 1 1 1 1 1
 1 1 1 1 1 1 1 1 1 1 1 1
 1 1 1 1 1 1 1 1 1 1 1 1
 1 1 1 1 1 1 1 1 1 1 1 1
 1 1 1 1 1 1 1 1 1 1 1 1
 1 1 1 1 1 1 1 1 1 1 1 1
 1 1 1 1 1 1 1 1 1 1 1 1
 1 1 1 1 1 1 1 1 1 1 1 1
 1 1 1 1 1 1 1 1 1 1 1 1
 1 1 1 1 1 1 1 1 1 1 1 1
 1 1 1 1 1 1 1 1 1 1 1 1
 1 1 1 1 1 1 1 1 1 1 1 1
 1 1 1 1 1 1 1 1 1 1 1 1
 1 1 1 1 1 1 1 1 1 1 1 1
 1 1 1 1 1 1 1 1 1 1 1 1
 1 1 1 1 1 1 1 1 1 1 1 1
 1 1 1 1 1 1 1 1 1 1 1 1
 1 1 1 1 1 1 1 1 1 1 1 1
 1 1 1 1 1 1 1 1 1 1 1 1
 1 1 1 1 1 1 1 1 1 1 1 1
 1 1 1 1 1 1 1 1 1 1 1 1
 1 1 1 1 1 1 1 1 1 1 1 1
 1 1 1 1 1 1 1 1 1 1 1 1
 1 1 1 1 1 1 1 1 1 1 1 1
 1 1 1 1 1 1 1 1 1 1 1 1
 1 1 1 1 1 1 1 1 1 1 1 1
 1 1 1 1 1 1 1 1 1 1 1 1
 1 1 1 1 1 1 1 1 1 1 1 1
# wt_pop
 0.000530656 0.00119633 0.00205827 0.00303499 0.00405521 0.0050647 0.00602623 0.00691692 0.00772489 0.00844611 0.00908185 0.0096367
# maturity
 0.0229774 0.320821 0.904651 0.99478 0.999739 0.999987 0.999999 1 1 1 1 1
# spawnmo
1
# age_err
 1 0 0 0 0 0 0 0 0 0 0 0
 0 1 0 0 0 0 0 0 0 0 0 0
 0 0 1 0 0 0 0 0 0 0 0 0
 0 0 0 1 0 0 0 0 0 0 0 0
 0 0 0 0 1 0 0 0 0 0 0 0
 0 0 0 0 0 1 0 0 0 0 0 0
 0 0 0 0 0 0 1 0 0 0 0 0
 0 0 0 0 0 0 0 1 0 0 0 0
 0 0 0 0 0 0 0 0 1 0 0 0
 0 0 0 0 0 0 0 0 0 1 0 0
 0 0 0 0 0 0 0 0 0 0 1 0
 0 0 0 0 0 0 0 0 0 0 0 1
# cntrlfile_name
C:\Users\bai.li\Desktop\s1_test\AMAK\s101\amak.dat
# Map shared selectivity: 
# sel_map
 1 2
 1 1
# datafile_name
amak_data.dat
# model_name
OM_1
# SrType
2
# use_age_err
0
# retro
0
# sigmarprior
0.2
# cvsigmarprior
0.25
# phase_sigmar
-3
# styr_rec_est
1
# endyr_rec_est
30
# Linfprior
80
# cvLinfprior
0.25
# kprior
0.18
# cvkprior
0.25
# Loprior
27.688
# cvLoprior
0.25
# sdageprior
0.1
# cvsdageprior
0.25
# natmortprior
0.2
# cvnatmortprior
0.25
# phase_M
-4
# npars_Mage
0
# ages_M_changes

# Mage_in

# phase_Mage
-5
# phase_rw_M
0
# npars_rw_M
0
# yrs_rw_M

# sigma_rw_M

# qprior
 3.48998e-007
# cvqprior
 1
# phase_q
 1
# q_power_prior
 1
# cvq_power_prior
 0.2
# phase_q_power
 -4
# phase_rw_q
 -1
# npars_rw_q
 0
# yrs_rw_q

# sigma_rw_q

# q_age_min
 1
# q_age_max
 12
# q_age_min
 1
# q_age_max
 12
# fsh_sel_opt(k)
2
# phase_sel_fsh(k)
-2
# n_sel_ch_fsh(k)
1
# sel_slp_in_fsh(k)(1,n_sel_ch_fsh(k))
 1
# sel_inf_in_fsh(k)(1,n_sel_ch_fsh(k))
 2
# logsel_slp_in_fsh(k)(1,n_sel_ch_fsh(k))
 0
# yrs_sel_ch_fsh(k)(1,n_sel_ch_fsh(k))
 1

Survey survey_index1
# ind_sel_opt(k)
2
# indname(k)
survey_index1
# nselages_in_ind(k)
11
# phase_sel_ind(k)
-2
# sel_change_in_ind(k)
 1 0 0 0 0 0 0 0 0 0 0 0 0 0 0 0 0 0 0 0 0 0 0 0 0 0 0 0 0 0
# n_sel_ch_ind(k)
1
# yrs_sel_ch_ind(k)(1,n_sel_ch_ind(k))
 1
# sel_slp_in_ind(k,1)
2
# sel_inf_in_ind(k,1)
1.5
# logsel_slp_in_ind(k,1)
0.693147
# logsel_slp_in_indv(k)
0.693147
survey_index1 ind sel opt 2  1 0 0 0 0 0 0 0 0 0 0 0 0 0 0 0 0 0 0 0 0 0 0 0 0 0 0 0 0 0
Phase indices Sel_Coffs:  -1
 Test: 1.23457e+008
# Fshry Selages:  11
# Srvy  Selages:  11
# Phase for age-spec fishery  -1
# Phase for logistic fishery  -2
# Phase for dble logistic fishery  -1
# Phase for age-spec indices   -1
# Phase for logistic indices   -2
# Phase for dble logistic ind  -1
# Curv_pen_fsh: 
 0
# Curv_pen_ind: 
 0
# styr_fut
31
# endyr_fut
35
# nyrs_fsh_age
 30
# nyrs_fsh_age
 30
# yrs_fsh_age
 1 2 3 4 5 6 7 8 9 10 11 12 13 14 15 16 17 18 19 20 21 22 23 24 25 26 27 28 29 30
# n_sample_fsh_age
 200 200 200 200 200 200 200 200 200 200 200 200 200 200 200 200 200 200 200 200 200 200 200 200 200 200 200 200 200 200
# oac_fsh
 0.06 0.105 0.105 0.14 0.085 0.105 0.085 0.05 0.03 0.06 0.025 0.15
 0.095 0.105 0.105 0.115 0.13 0.075 0.08 0.05 0.05 0.035 0.055 0.105
 0.035 0.13 0.135 0.13 0.135 0.07 0.07 0.075 0.02 0.05 0.035 0.115
 0.065 0.08 0.21 0.11 0.12 0.085 0.06 0.05 0.02 0.02 0.025 0.155
 0.085 0.105 0.11 0.15 0.07 0.09 0.07 0.04 0.06 0.06 0.035 0.125
 0.13 0.14 0.11 0.135 0.14 0.065 0.06 0.045 0.05 0.02 0.04 0.065
 0.095 0.17 0.16 0.045 0.06 0.115 0.05 0.085 0.045 0.015 0.025 0.135
 0.075 0.09 0.12 0.165 0.055 0.115 0.06 0.08 0.02 0.02 0.055 0.145
 0.045 0.155 0.12 0.14 0.145 0.085 0.05 0.065 0.025 0.045 0.02 0.105
 0.075 0.095 0.17 0.155 0.13 0.14 0.045 0.025 0.04 0.035 0.01 0.08
 0.08 0.145 0.115 0.16 0.075 0.135 0.095 0.035 0.04 0.04 0.015 0.065
 0.09 0.145 0.105 0.145 0.11 0.08 0.07 0.075 0.035 0.045 0.03 0.07
 0.07 0.16 0.15 0.165 0.065 0.095 0.035 0.085 0.065 0.02 0.02 0.07
 0.1 0.145 0.155 0.155 0.12 0.07 0.065 0.04 0.035 0.01 0.03 0.075
 0.075 0.18 0.15 0.095 0.16 0.09 0.03 0.055 0.03 0.045 0.02 0.07
 0.135 0.215 0.2 0.085 0.1 0.06 0.04 0.04 0.045 0.01 0.015 0.055
 0.17 0.185 0.14 0.11 0.125 0.085 0.055 0.035 0.02 0.02 0.01 0.045
 0.125 0.175 0.155 0.17 0.085 0.07 0.035 0.075 0.045 0.01 0.01 0.045
 0.1 0.145 0.19 0.18 0.115 0.08 0.045 0.025 0.02 0.04 0.02 0.04
 0.09 0.18 0.115 0.215 0.145 0.055 0.04 0.025 0.03 0.01 0.02 0.075
 0.115 0.22 0.15 0.11 0.14 0.055 0.02 0.05 0.05 0.02 0.01 0.06
 0.19 0.27 0.105 0.08 0.07 0.085 0.075 0.025 0.03 0.02 0.01 0.04
 0.13 0.28 0.24 0.105 0.08 0.045 0.02 0.035 0.025 0.015 0.015 0.01
 0.115 0.185 0.245 0.17 0.07 0.06 0.05 0.035 0.02 0.015 0.015 0.02
 0.125 0.23 0.21 0.15 0.135 0.05 0.035 0.03 0.005 0.01 0.01 0.01
 0.125 0.235 0.185 0.165 0.125 0.04 0.03 0.035 0.025 0.01 0.01 0.015
 0.135 0.195 0.225 0.17 0.115 0.065 0.03 0.035 0.005 0.015 0 0.01
 0.225 0.18 0.15 0.2 0.095 0.065 0.05 0.025 0 0 0 0.01
 0.2 0.22 0.185 0.125 0.11 0.06 0.045 0.02 0.03 0.005 0 0
 0.1 0.215 0.225 0.165 0.11 0.095 0.035 0.015 0.005 0.025 0.005 0.005
# olc_fsh

# wt_fsh
 0.000530656 0.00119633 0.00205827 0.00303499 0.00405521 0.0050647 0.00602623 0.00691692 0.00772489 0.00844611 0.00908185 0.0096367
 0.000530656 0.00119633 0.00205827 0.00303499 0.00405521 0.0050647 0.00602623 0.00691692 0.00772489 0.00844611 0.00908185 0.0096367
 0.000530656 0.00119633 0.00205827 0.00303499 0.00405521 0.0050647 0.00602623 0.00691692 0.00772489 0.00844611 0.00908185 0.0096367
 0.000530656 0.00119633 0.00205827 0.00303499 0.00405521 0.0050647 0.00602623 0.00691692 0.00772489 0.00844611 0.00908185 0.0096367
 0.000530656 0.00119633 0.00205827 0.00303499 0.00405521 0.0050647 0.00602623 0.00691692 0.00772489 0.00844611 0.00908185 0.0096367
 0.000530656 0.00119633 0.00205827 0.00303499 0.00405521 0.0050647 0.00602623 0.00691692 0.00772489 0.00844611 0.00908185 0.0096367
 0.000530656 0.00119633 0.00205827 0.00303499 0.00405521 0.0050647 0.00602623 0.00691692 0.00772489 0.00844611 0.00908185 0.0096367
 0.000530656 0.00119633 0.00205827 0.00303499 0.00405521 0.0050647 0.00602623 0.00691692 0.00772489 0.00844611 0.00908185 0.0096367
 0.000530656 0.00119633 0.00205827 0.00303499 0.00405521 0.0050647 0.00602623 0.00691692 0.00772489 0.00844611 0.00908185 0.0096367
 0.000530656 0.00119633 0.00205827 0.00303499 0.00405521 0.0050647 0.00602623 0.00691692 0.00772489 0.00844611 0.00908185 0.0096367
 0.000530656 0.00119633 0.00205827 0.00303499 0.00405521 0.0050647 0.00602623 0.00691692 0.00772489 0.00844611 0.00908185 0.0096367
 0.000530656 0.00119633 0.00205827 0.00303499 0.00405521 0.0050647 0.00602623 0.00691692 0.00772489 0.00844611 0.00908185 0.0096367
 0.000530656 0.00119633 0.00205827 0.00303499 0.00405521 0.0050647 0.00602623 0.00691692 0.00772489 0.00844611 0.00908185 0.0096367
 0.000530656 0.00119633 0.00205827 0.00303499 0.00405521 0.0050647 0.00602623 0.00691692 0.00772489 0.00844611 0.00908185 0.0096367
 0.000530656 0.00119633 0.00205827 0.00303499 0.00405521 0.0050647 0.00602623 0.00691692 0.00772489 0.00844611 0.00908185 0.0096367
 0.000530656 0.00119633 0.00205827 0.00303499 0.00405521 0.0050647 0.00602623 0.00691692 0.00772489 0.00844611 0.00908185 0.0096367
 0.000530656 0.00119633 0.00205827 0.00303499 0.00405521 0.0050647 0.00602623 0.00691692 0.00772489 0.00844611 0.00908185 0.0096367
 0.000530656 0.00119633 0.00205827 0.00303499 0.00405521 0.0050647 0.00602623 0.00691692 0.00772489 0.00844611 0.00908185 0.0096367
 0.000530656 0.00119633 0.00205827 0.00303499 0.00405521 0.0050647 0.00602623 0.00691692 0.00772489 0.00844611 0.00908185 0.0096367
 0.000530656 0.00119633 0.00205827 0.00303499 0.00405521 0.0050647 0.00602623 0.00691692 0.00772489 0.00844611 0.00908185 0.0096367
 0.000530656 0.00119633 0.00205827 0.00303499 0.00405521 0.0050647 0.00602623 0.00691692 0.00772489 0.00844611 0.00908185 0.0096367
 0.000530656 0.00119633 0.00205827 0.00303499 0.00405521 0.0050647 0.00602623 0.00691692 0.00772489 0.00844611 0.00908185 0.0096367
 0.000530656 0.00119633 0.00205827 0.00303499 0.00405521 0.0050647 0.00602623 0.00691692 0.00772489 0.00844611 0.00908185 0.0096367
 0.000530656 0.00119633 0.00205827 0.00303499 0.00405521 0.0050647 0.00602623 0.00691692 0.00772489 0.00844611 0.00908185 0.0096367
 0.000530656 0.00119633 0.00205827 0.00303499 0.00405521 0.0050647 0.00602623 0.00691692 0.00772489 0.00844611 0.00908185 0.0096367
 0.000530656 0.00119633 0.00205827 0.00303499 0.00405521 0.0050647 0.00602623 0.00691692 0.00772489 0.00844611 0.00908185 0.0096367
 0.000530656 0.00119633 0.00205827 0.00303499 0.00405521 0.0050647 0.00602623 0.00691692 0.00772489 0.00844611 0.00908185 0.0096367
 0.000530656 0.00119633 0.00205827 0.00303499 0.00405521 0.0050647 0.00602623 0.00691692 0.00772489 0.00844611 0.00908185 0.0096367
 0.000530656 0.00119633 0.00205827 0.00303499 0.00405521 0.0050647 0.00602623 0.00691692 0.00772489 0.00844611 0.00908185 0.0096367
 0.000530656 0.00119633 0.00205827 0.00303499 0.00405521 0.0050647 0.00602623 0.00691692 0.00772489 0.00844611 0.00908185 0.0096367
# nyrs_ind_age
 30
# yrs_ind_age
 1 2 3 4 5 6 7 8 9 10 11 12 13 14 15 16 17 18 19 20 21 22 23 24 25 26 27 28 29 30
# n_sample_ind_age
 200 200 200 200 200 200 200 200 200 200 200 200 200 200 200 200 200 200 200 200 200 200 200 200 200 200 200 200 200 200
# oac_ind
 0.08 0.1 0.13 0.145 0.08 0.105 0.065 0.05 0.06 0.045 0.025 0.115
 0.045 0.14 0.135 0.165 0.095 0.085 0.05 0.04 0.055 0.05 0.005 0.135
 0.085 0.135 0.175 0.135 0.11 0.085 0.045 0.06 0.025 0.035 0.04 0.07
 0.065 0.11 0.19 0.12 0.1 0.11 0.055 0.07 0.03 0.04 0.01 0.1
 0.085 0.12 0.155 0.125 0.085 0.075 0.095 0.055 0.015 0.045 0.03 0.115
 0.08 0.18 0.14 0.135 0.115 0.075 0.05 0.035 0.045 0.04 0.02 0.085
 0.04 0.155 0.2 0.075 0.11 0.075 0.06 0.035 0.05 0.04 0.05 0.11
 0.07 0.185 0.16 0.13 0.08 0.05 0.065 0.055 0.03 0.02 0.02 0.135
 0.075 0.155 0.135 0.18 0.1 0.055 0.05 0.065 0.045 0.015 0.03 0.095
 0.075 0.155 0.16 0.08 0.14 0.125 0.04 0.045 0.04 0.035 0.025 0.08
 0.105 0.195 0.195 0.125 0.09 0.05 0.07 0.01 0.025 0.035 0.015 0.085
 0.06 0.15 0.175 0.14 0.115 0.065 0.1 0.06 0.03 0.015 0.04 0.05
 0.08 0.18 0.225 0.15 0.095 0.09 0.035 0.04 0.015 0.015 0.02 0.055
 0.105 0.105 0.21 0.18 0.075 0.08 0.055 0.045 0.03 0.03 0.02 0.065
 0.075 0.215 0.2 0.135 0.095 0.13 0.03 0.04 0.01 0.025 0.015 0.03
 0.105 0.165 0.1 0.175 0.125 0.095 0.075 0.04 0.03 0.005 0.025 0.06
 0.11 0.215 0.16 0.12 0.085 0.085 0.065 0.05 0.015 0.03 0.01 0.055
 0.09 0.23 0.23 0.135 0.085 0.07 0.045 0.025 0.02 0.01 0.015 0.045
 0.075 0.13 0.19 0.185 0.12 0.095 0.06 0.035 0.03 0.02 0.015 0.045
 0.09 0.23 0.155 0.185 0.135 0.05 0.07 0.02 0.015 0.01 0.025 0.015
 0.175 0.23 0.19 0.085 0.11 0.065 0.045 0.035 0.015 0.015 0.005 0.03
 0.135 0.31 0.14 0.17 0.04 0.065 0.045 0.025 0.015 0.005 0.015 0.035
 0.105 0.275 0.215 0.125 0.105 0.035 0.05 0.04 0.015 0.005 0.015 0.015
 0.06 0.235 0.275 0.21 0.065 0.06 0.03 0.02 0.015 0.015 0.005 0.01
 0.125 0.265 0.2 0.165 0.095 0.035 0.035 0.025 0.015 0.015 0.01 0.015
 0.07 0.265 0.2 0.165 0.125 0.075 0.035 0.04 0.015 0.01 0 0
 0.1 0.245 0.28 0.14 0.075 0.07 0.02 0.02 0.02 0.005 0.02 0.005
 0.165 0.24 0.175 0.21 0.045 0.05 0.045 0.045 0.01 0.01 0.005 0
 0.15 0.345 0.145 0.12 0.135 0.04 0.015 0.02 0.005 0.01 0.01 0.005
 0.11 0.335 0.235 0.155 0.04 0.075 0.015 0.015 0.015 0.005 0 0
# olc_ind

# obs_lse_ind
 0.198042 0.198042 0.198042 0.198042 0.198042 0.198042 0.198042 0.198042 0.198042 0.198042 0.198042 0.198042 0.198042 0.198042 0.198042 0.198042 0.198042 0.198042 0.198042 0.198042 0.198042 0.198042 0.198042 0.198042 0.198042 0.198042 0.198042 0.198042 0.198042 0.198042
# xages_fsh
 0 0 0 0 0 0 0 0 0 0 0 0
# xages_fsh
 0 0.0909091 0.181818 0.272727 0.363636 0.454545 0.545455 0.636364 0.727273 0.818182 0.909091 1
# xnodes_fsh

Yrs fsh_sel change:  1 0 0 0 0 0 0 0 0 0 0 0 0 0 0 0 0 0 0 0 0 0 0 0 0 0 0 0 0
Yrs ind_sel change:  1 0 0 0 0 0 0 0 0 0 0 0 0 0 0 0 0 0 0 0 0 0 0 0 0 0 0 0 0
# steepnessprior
0.75
# sigmarprior
0.2
#  SSB estimated in styr endyr: -12 28 
#  Rec estimated in styr endyr: -10 30 
#  SR Curve fit  in styr endyr: 1 30 
#             Model styr endyr: 1 30 
# qprior
 3.48998e-007
# q_power_prior 
 1 
# cv_catchbiomass 
0.05 
# CatchbiomassPen 
200 
# Number of projection years 
5 
# offset_fsh
 13454.4
# offset_ind
 13132.8
Mean Catch
1276.47
R_guess 
13.8155
# nfsh
1
# n_sel_ch_fsh
 1
# nselages_fsh
 11
# phase_selcoff_fsh
 -1
logRzero 13.8155
logmeanrec 13.8155
exp(log_sigmarprior 0.2
Fish sel phase: -1 OM1
Fixing fishery sel to
1
Fixing fishery sel to
1
Srvy sel phase: -1
Fixing survey_index1 indices sel to
1
Fixing index sel to
1
# logsel_slp_in_indv
 0.693147
Leaving parameter init secton
# M
 0.2 0.2 0.2 0.2 0.2 0.2 0.2 0.2 0.2 0.2 0.2 0.2
 0.2 0.2 0.2 0.2 0.2 0.2 0.2 0.2 0.2 0.2 0.2 0.2
 0.2 0.2 0.2 0.2 0.2 0.2 0.2 0.2 0.2 0.2 0.2 0.2
 0.2 0.2 0.2 0.2 0.2 0.2 0.2 0.2 0.2 0.2 0.2 0.2
 0.2 0.2 0.2 0.2 0.2 0.2 0.2 0.2 0.2 0.2 0.2 0.2
 0.2 0.2 0.2 0.2 0.2 0.2 0.2 0.2 0.2 0.2 0.2 0.2
 0.2 0.2 0.2 0.2 0.2 0.2 0.2 0.2 0.2 0.2 0.2 0.2
 0.2 0.2 0.2 0.2 0.2 0.2 0.2 0.2 0.2 0.2 0.2 0.2
 0.2 0.2 0.2 0.2 0.2 0.2 0.2 0.2 0.2 0.2 0.2 0.2
 0.2 0.2 0.2 0.2 0.2 0.2 0.2 0.2 0.2 0.2 0.2 0.2
 0.2 0.2 0.2 0.2 0.2 0.2 0.2 0.2 0.2 0.2 0.2 0.2
 0.2 0.2 0.2 0.2 0.2 0.2 0.2 0.2 0.2 0.2 0.2 0.2
 0.2 0.2 0.2 0.2 0.2 0.2 0.2 0.2 0.2 0.2 0.2 0.2
 0.2 0.2 0.2 0.2 0.2 0.2 0.2 0.2 0.2 0.2 0.2 0.2
 0.2 0.2 0.2 0.2 0.2 0.2 0.2 0.2 0.2 0.2 0.2 0.2
 0.2 0.2 0.2 0.2 0.2 0.2 0.2 0.2 0.2 0.2 0.2 0.2
 0.2 0.2 0.2 0.2 0.2 0.2 0.2 0.2 0.2 0.2 0.2 0.2
 0.2 0.2 0.2 0.2 0.2 0.2 0.2 0.2 0.2 0.2 0.2 0.2
 0.2 0.2 0.2 0.2 0.2 0.2 0.2 0.2 0.2 0.2 0.2 0.2
 0.2 0.2 0.2 0.2 0.2 0.2 0.2 0.2 0.2 0.2 0.2 0.2
 0.2 0.2 0.2 0.2 0.2 0.2 0.2 0.2 0.2 0.2 0.2 0.2
 0.2 0.2 0.2 0.2 0.2 0.2 0.2 0.2 0.2 0.2 0.2 0.2
 0.2 0.2 0.2 0.2 0.2 0.2 0.2 0.2 0.2 0.2 0.2 0.2
 0.2 0.2 0.2 0.2 0.2 0.2 0.2 0.2 0.2 0.2 0.2 0.2
 0.2 0.2 0.2 0.2 0.2 0.2 0.2 0.2 0.2 0.2 0.2 0.2
 0.2 0.2 0.2 0.2 0.2 0.2 0.2 0.2 0.2 0.2 0.2 0.2
 0.2 0.2 0.2 0.2 0.2 0.2 0.2 0.2 0.2 0.2 0.2 0.2
 0.2 0.2 0.2 0.2 0.2 0.2 0.2 0.2 0.2 0.2 0.2 0.2
 0.2 0.2 0.2 0.2 0.2 0.2 0.2 0.2 0.2 0.2 0.2 0.2
 0.2 0.2 0.2 0.2 0.2 0.2 0.2 0.2 0.2 0.2 0.2 0.2
# mean_log_rec
13.7616
# log_Rzero
13.7902
# rec_dev
 -0.123731 -0.149832 0.0442195 0.0618562 -0.0189427 -0.0888402 0.125281 -0.00755554 0.0884065 0.115364 0.037296 0.072918 0.282897 0.0285435 -0.122676 0.342278 0.309482 -0.0499846 0.144818 -0.0808348 0.0977863 0.0919701 -0.0225784 -0.0839024 -0.0174879 -0.0716299 0.0939677 0.0525905 -0.391198 -0.218499 -0.33885 0.038316 0.0176034 -0.225335 -0.33392 -0.109144 -0.448847 -0.368379 -0.0836608 -0.102882 -0.45887
# fmort
 0.00907059 0.0267028 0.0445126 0.0599686 0.0480025 0.0861059 0.0879431 0.184583 0.109359 0.131523 0.153423 0.164347 0.118794 0.171429 0.182988 0.165017 0.325446 0.266072 0.263676 0.262799 0.367638 0.268937 0.440242 0.356975 0.351401 0.316784 0.307601 0.422648 0.316368 0.47804
# rec_dev_future
 0 0 0 0 0
