AMAK;August_2013
# styr
1
# endyr
30
# rec_age
1
# oldest_age
12
# nlength
81
# len_bins
 10 11 12 13 14 15 16 17 18 19 20 21 22 23 24 25 26 27 28 29 30 31 32 33 34 35 36 37 38 39 40 41 42 43 44 45 46 47 48 49 50 51 52 53 54 55 56 57 58 59 60 61 62 63 64 65 66 67 68 69 70 71 72 73 74 75 76 77 78 79 80 81 82 83 84 85 86 87 88 89 90
# datafile_name
amak_data.dat
# model_name
OM_1
# styr
1
# endyr
30
# rec_age
1
# oldest_age
12
# nfsh
1
# fshname
OM1
# catch_bio_in
 162.446 465.678 760.727 1003.24 769.69 1320.81 1274.1 2476.7 1323.09 1527.75 1607.84 1604.12 1105.89 1534.41 1506.2 1275.87 2254.71 1613.88 1460.96 1304.31 1619.62 1085.6 1638.3 1203.43 1119.22 968.839 921.675 1202.19 867.676 1279.7
# catch_bio_sd_in
 0.01 0.01 0.01 0.01 0.01 0.01 0.01 0.01 0.01 0.01 0.01 0.01 0.01 0.01 0.01 0.01 0.01 0.01 0.01 0.01 0.01 0.01 0.01 0.01 0.01 0.01 0.01 0.01 0.01 0.01
# nyrs_fsh_age
 30
# nyrs_fsh_length
 0
# yrs_fsh_age_in
 1 2 3 4 5 6 7 8 9 10 11 12 13 14 15 16 17 18 19 20 21 22 23 24 25 26 27 28 29 30
# yrs_fsh_length_in

# n_sample_fsh_length_in

# olc_fsh_in

# nind
1
# indname
survey_index1
# nyrs_ind
 30
# yrs_ind_in
 1 2 3 4 5 6 7 8 9 10 11 12 13 14 15 16 17 18 19 20 21 22 23 24 25 26 27 28 29 30
# mo_ind
 1
# obs_ind_in
 1.43919 1.56851 1.55691 1.5219 1.09044 1.42507 1.21899 1.42543 1.35654 1.17723 1.2227 1.10587 1.14711 1.07369 1.07133 0.923897 0.790583 0.807716 0.830144 0.695348 0.747409 0.725637 0.733619 0.502333 0.474177 0.70409 0.442272 0.615686 0.621785 0.590625
# obs_se_ind_in
 0.287837 0.313702 0.311383 0.30438 0.218088 0.285013 0.243797 0.285086 0.271309 0.235447 0.244541 0.221173 0.229422 0.214738 0.214265 0.184779 0.158117 0.161543 0.166029 0.13907 0.149482 0.145127 0.146724 0.100467 0.0948354 0.140818 0.0884544 0.123137 0.124357 0.118125
# nyrs_ind_age
 30
# nyrs_ind_length
 0
# yrs_ind_age_in
 1 2 3 4 5 6 7 8 9 10 11 12 13 14 15 16 17 18 19 20 21 22 23 24 25 26 27 28 29 30
# yrs_ind_length_in

# yrs_ind_age_in
 1 2 3 4 5 6 7 8 9 10 11 12 13 14 15 16 17 18 19 20 21 22 23 24 25 26 27 28 29 30
# n_sample_ind_length_in

# olc_ind_in

# oac_ind_in
 0.06 0.135 0.135 0.14 0.06 0.085 0.07 0.045 0.06 0.055 0.035 0.12
 0.07 0.095 0.175 0.125 0.105 0.075 0.05 0.07 0.07 0.025 0.025 0.115
 0.055 0.155 0.18 0.1 0.08 0.07 0.065 0.06 0.035 0.05 0.03 0.12
 0.055 0.13 0.2 0.12 0.085 0.09 0.085 0.065 0.03 0.035 0.035 0.07
 0.07 0.105 0.11 0.17 0.14 0.085 0.065 0.06 0.03 0.02 0.02 0.125
 0.085 0.215 0.11 0.11 0.105 0.065 0.045 0.05 0.05 0.03 0.03 0.105
 0.065 0.195 0.205 0.095 0.065 0.075 0.04 0.06 0.035 0.04 0.025 0.1
 0.07 0.175 0.225 0.145 0.055 0.06 0.065 0.04 0.045 0.03 0.015 0.075
 0.075 0.16 0.19 0.145 0.135 0.05 0.05 0.045 0.045 0.015 0.015 0.075
 0.11 0.15 0.15 0.15 0.055 0.07 0.065 0.035 0.035 0.025 0.03 0.125
 0.06 0.2 0.18 0.17 0.08 0.07 0.065 0.025 0.045 0.015 0.015 0.075
 0.065 0.195 0.19 0.115 0.115 0.07 0.06 0.055 0.02 0.015 0.01 0.09
 0.065 0.16 0.2 0.135 0.125 0.085 0.045 0.025 0.035 0.03 0.015 0.08
 0.075 0.165 0.19 0.195 0.125 0.03 0.055 0.05 0.02 0.015 0.02 0.06
 0.1 0.2 0.205 0.11 0.115 0.07 0.065 0.05 0.02 0.025 0.005 0.035
 0.145 0.225 0.155 0.13 0.085 0.06 0.06 0.04 0.02 0.005 0.02 0.055
 0.08 0.225 0.125 0.175 0.085 0.08 0.05 0.05 0.035 0.05 0.005 0.04
 0.065 0.215 0.225 0.115 0.13 0.055 0.07 0.045 0.02 0.02 0.01 0.03
 0.1 0.15 0.26 0.165 0.105 0.06 0.025 0.04 0.02 0.015 0.015 0.045
 0.095 0.2 0.12 0.2 0.155 0.08 0.045 0.01 0.015 0.02 0.01 0.05
 0.19 0.175 0.19 0.1 0.13 0.05 0.04 0.055 0.01 0.02 0.01 0.03
 0.175 0.225 0.145 0.155 0.07 0.06 0.055 0.035 0.02 0.015 0.015 0.03
 0.09 0.25 0.24 0.1 0.115 0.075 0.03 0.065 0.005 0.01 0.01 0.01
 0.105 0.2 0.2 0.195 0.07 0.07 0.015 0.06 0.035 0.01 0 0.04
 0.165 0.21 0.205 0.18 0.09 0.04 0.035 0.025 0.02 0.01 0.01 0.01
 0.12 0.215 0.22 0.19 0.105 0.09 0.02 0.025 0 0.005 0.005 0.005
 0.1 0.23 0.285 0.1 0.11 0.08 0.035 0.03 0.015 0 0.015 0
 0.135 0.245 0.2 0.14 0.12 0.065 0.045 0.02 0.015 0.005 0.005 0.005
 0.16 0.23 0.225 0.15 0.105 0.05 0.02 0.02 0.035 0 0 0.005
 0.115 0.285 0.27 0.11 0.075 0.09 0.02 0.01 0.005 0.02 0 0
# wt_ind
 1 1 1 1 1 1 1 1 1 1 1 1
 1 1 1 1 1 1 1 1 1 1 1 1
 1 1 1 1 1 1 1 1 1 1 1 1
 1 1 1 1 1 1 1 1 1 1 1 1
 1 1 1 1 1 1 1 1 1 1 1 1
 1 1 1 1 1 1 1 1 1 1 1 1
 1 1 1 1 1 1 1 1 1 1 1 1
 1 1 1 1 1 1 1 1 1 1 1 1
 1 1 1 1 1 1 1 1 1 1 1 1
 1 1 1 1 1 1 1 1 1 1 1 1
 1 1 1 1 1 1 1 1 1 1 1 1
 1 1 1 1 1 1 1 1 1 1 1 1
 1 1 1 1 1 1 1 1 1 1 1 1
 1 1 1 1 1 1 1 1 1 1 1 1
 1 1 1 1 1 1 1 1 1 1 1 1
 1 1 1 1 1 1 1 1 1 1 1 1
 1 1 1 1 1 1 1 1 1 1 1 1
 1 1 1 1 1 1 1 1 1 1 1 1
 1 1 1 1 1 1 1 1 1 1 1 1
 1 1 1 1 1 1 1 1 1 1 1 1
 1 1 1 1 1 1 1 1 1 1 1 1
 1 1 1 1 1 1 1 1 1 1 1 1
 1 1 1 1 1 1 1 1 1 1 1 1
 1 1 1 1 1 1 1 1 1 1 1 1
 1 1 1 1 1 1 1 1 1 1 1 1
 1 1 1 1 1 1 1 1 1 1 1 1
 1 1 1 1 1 1 1 1 1 1 1 1
 1 1 1 1 1 1 1 1 1 1 1 1
 1 1 1 1 1 1 1 1 1 1 1 1
 1 1 1 1 1 1 1 1 1 1 1 1
# wt_pop
 0.000530656 0.00119633 0.00205827 0.00303499 0.00405521 0.0050647 0.00602623 0.00691692 0.00772489 0.00844611 0.00908185 0.0096367
# maturity
 0.0229774 0.320821 0.904651 0.99478 0.999739 0.999987 0.999999 1 1 1 1 1
# spawnmo
1
# age_err
 1 0 0 0 0 0 0 0 0 0 0 0
 0 1 0 0 0 0 0 0 0 0 0 0
 0 0 1 0 0 0 0 0 0 0 0 0
 0 0 0 1 0 0 0 0 0 0 0 0
 0 0 0 0 1 0 0 0 0 0 0 0
 0 0 0 0 0 1 0 0 0 0 0 0
 0 0 0 0 0 0 1 0 0 0 0 0
 0 0 0 0 0 0 0 1 0 0 0 0
 0 0 0 0 0 0 0 0 1 0 0 0
 0 0 0 0 0 0 0 0 0 1 0 0
 0 0 0 0 0 0 0 0 0 0 1 0
 0 0 0 0 0 0 0 0 0 0 0 1
# cntrlfile_name
C:\Users\bai.li\Desktop\s1_test\AMAK\s55\amak.dat
# Map shared selectivity: 
# sel_map
 1 2
 1 1
# datafile_name
amak_data.dat
# model_name
OM_1
# SrType
2
# use_age_err
0
# retro
0
# sigmarprior
0.2
# cvsigmarprior
0.25
# phase_sigmar
-3
# styr_rec_est
1
# endyr_rec_est
30
# Linfprior
80
# cvLinfprior
0.25
# kprior
0.18
# cvkprior
0.25
# Loprior
27.688
# cvLoprior
0.25
# sdageprior
0.1
# cvsdageprior
0.25
# natmortprior
0.2
# cvnatmortprior
0.25
# phase_M
-4
# npars_Mage
0
# ages_M_changes

# Mage_in

# phase_Mage
-5
# phase_rw_M
0
# npars_rw_M
0
# yrs_rw_M

# sigma_rw_M

# qprior
 3.48998e-007
# cvqprior
 1
# phase_q
 1
# q_power_prior
 1
# cvq_power_prior
 0.2
# phase_q_power
 -4
# phase_rw_q
 -1
# npars_rw_q
 0
# yrs_rw_q

# sigma_rw_q

# q_age_min
 1
# q_age_max
 12
# q_age_min
 1
# q_age_max
 12
# fsh_sel_opt(k)
2
# phase_sel_fsh(k)
-2
# n_sel_ch_fsh(k)
1
# sel_slp_in_fsh(k)(1,n_sel_ch_fsh(k))
 1
# sel_inf_in_fsh(k)(1,n_sel_ch_fsh(k))
 2
# logsel_slp_in_fsh(k)(1,n_sel_ch_fsh(k))
 0
# yrs_sel_ch_fsh(k)(1,n_sel_ch_fsh(k))
 1

Survey survey_index1
# ind_sel_opt(k)
2
# indname(k)
survey_index1
# nselages_in_ind(k)
11
# phase_sel_ind(k)
-2
# sel_change_in_ind(k)
 1 0 0 0 0 0 0 0 0 0 0 0 0 0 0 0 0 0 0 0 0 0 0 0 0 0 0 0 0 0
# n_sel_ch_ind(k)
1
# yrs_sel_ch_ind(k)(1,n_sel_ch_ind(k))
 1
# sel_slp_in_ind(k,1)
2
# sel_inf_in_ind(k,1)
1.5
# logsel_slp_in_ind(k,1)
0.693147
# logsel_slp_in_indv(k)
0.693147
survey_index1 ind sel opt 2  1 0 0 0 0 0 0 0 0 0 0 0 0 0 0 0 0 0 0 0 0 0 0 0 0 0 0 0 0 0
Phase indices Sel_Coffs:  -1
 Test: 1.23457e+008
# Fshry Selages:  11
# Srvy  Selages:  11
# Phase for age-spec fishery  -1
# Phase for logistic fishery  -2
# Phase for dble logistic fishery  -1
# Phase for age-spec indices   -1
# Phase for logistic indices   -2
# Phase for dble logistic ind  -1
# Curv_pen_fsh: 
 0
# Curv_pen_ind: 
 0
# styr_fut
31
# endyr_fut
35
# nyrs_fsh_age
 30
# nyrs_fsh_age
 30
# yrs_fsh_age
 1 2 3 4 5 6 7 8 9 10 11 12 13 14 15 16 17 18 19 20 21 22 23 24 25 26 27 28 29 30
# n_sample_fsh_age
 200 200 200 200 200 200 200 200 200 200 200 200 200 200 200 200 200 200 200 200 200 200 200 200 200 200 200 200 200 200
# oac_fsh
 0.135 0.095 0.16 0.1 0.1 0.1 0.095 0.035 0.045 0.015 0.015 0.105
 0.085 0.095 0.13 0.095 0.1 0.07 0.08 0.065 0.05 0.045 0.025 0.16
 0.095 0.12 0.09 0.13 0.115 0.07 0.07 0.045 0.075 0.035 0.04 0.115
 0.065 0.105 0.17 0.12 0.11 0.04 0.075 0.06 0.02 0.05 0.03 0.155
 0.07 0.1 0.16 0.145 0.12 0.11 0.04 0.035 0.035 0.04 0.03 0.115
 0.1 0.13 0.075 0.12 0.14 0.08 0.045 0.045 0.065 0.055 0.025 0.12
 0.11 0.185 0.175 0.105 0.08 0.07 0.05 0.045 0.04 0.04 0.035 0.065
 0.08 0.13 0.155 0.21 0.07 0.055 0.05 0.05 0.06 0.025 0.01 0.105
 0.08 0.11 0.145 0.22 0.13 0.04 0.065 0.045 0.05 0.015 0.02 0.08
 0.09 0.135 0.175 0.155 0.105 0.07 0.055 0.02 0.045 0.04 0.03 0.08
 0.06 0.13 0.185 0.09 0.135 0.145 0.07 0.04 0.02 0.045 0.02 0.06
 0.09 0.16 0.13 0.115 0.13 0.065 0.095 0.05 0.035 0.01 0.02 0.1
 0.13 0.13 0.17 0.155 0.1 0.08 0.045 0.055 0.02 0.015 0.015 0.085
 0.125 0.13 0.13 0.17 0.105 0.08 0.065 0.02 0.03 0.05 0.025 0.07
 0.09 0.17 0.19 0.13 0.11 0.065 0.075 0.025 0.035 0.03 0.02 0.06
 0.165 0.11 0.165 0.105 0.09 0.105 0.1 0.035 0.045 0.01 0.035 0.035
 0.15 0.13 0.21 0.12 0.095 0.045 0.06 0.03 0.04 0.03 0.025 0.065
 0.07 0.17 0.24 0.155 0.125 0.065 0.065 0.035 0.02 0.02 0.005 0.03
 0.13 0.165 0.155 0.13 0.13 0.085 0.03 0.04 0.03 0.015 0.02 0.07
 0.095 0.175 0.13 0.17 0.145 0.08 0.075 0.025 0.025 0.025 0.015 0.04
 0.15 0.19 0.155 0.13 0.1 0.085 0.035 0.04 0.025 0.03 0.01 0.05
 0.125 0.245 0.165 0.135 0.09 0.09 0.045 0.015 0.025 0.015 0.01 0.04
 0.125 0.24 0.21 0.095 0.11 0.045 0.04 0.065 0.015 0.005 0.025 0.025
 0.105 0.155 0.28 0.175 0.055 0.065 0.06 0.055 0.025 0.005 0.01 0.01
 0.17 0.155 0.21 0.215 0.1 0.05 0.035 0.015 0.02 0.01 0.01 0.01
 0.11 0.245 0.18 0.205 0.12 0.065 0.02 0.02 0.005 0.005 0.01 0.015
 0.145 0.2 0.255 0.135 0.095 0.09 0.05 0.02 0 0.005 0 0.005
 0.2 0.235 0.15 0.185 0.07 0.055 0.04 0.03 0.02 0.005 0 0.01
 0.195 0.205 0.16 0.18 0.14 0.04 0.04 0.03 0.005 0 0.005 0
 0.165 0.315 0.19 0.13 0.04 0.05 0.045 0.03 0.005 0.02 0 0.01
# olc_fsh

# wt_fsh
 0.000530656 0.00119633 0.00205827 0.00303499 0.00405521 0.0050647 0.00602623 0.00691692 0.00772489 0.00844611 0.00908185 0.0096367
 0.000530656 0.00119633 0.00205827 0.00303499 0.00405521 0.0050647 0.00602623 0.00691692 0.00772489 0.00844611 0.00908185 0.0096367
 0.000530656 0.00119633 0.00205827 0.00303499 0.00405521 0.0050647 0.00602623 0.00691692 0.00772489 0.00844611 0.00908185 0.0096367
 0.000530656 0.00119633 0.00205827 0.00303499 0.00405521 0.0050647 0.00602623 0.00691692 0.00772489 0.00844611 0.00908185 0.0096367
 0.000530656 0.00119633 0.00205827 0.00303499 0.00405521 0.0050647 0.00602623 0.00691692 0.00772489 0.00844611 0.00908185 0.0096367
 0.000530656 0.00119633 0.00205827 0.00303499 0.00405521 0.0050647 0.00602623 0.00691692 0.00772489 0.00844611 0.00908185 0.0096367
 0.000530656 0.00119633 0.00205827 0.00303499 0.00405521 0.0050647 0.00602623 0.00691692 0.00772489 0.00844611 0.00908185 0.0096367
 0.000530656 0.00119633 0.00205827 0.00303499 0.00405521 0.0050647 0.00602623 0.00691692 0.00772489 0.00844611 0.00908185 0.0096367
 0.000530656 0.00119633 0.00205827 0.00303499 0.00405521 0.0050647 0.00602623 0.00691692 0.00772489 0.00844611 0.00908185 0.0096367
 0.000530656 0.00119633 0.00205827 0.00303499 0.00405521 0.0050647 0.00602623 0.00691692 0.00772489 0.00844611 0.00908185 0.0096367
 0.000530656 0.00119633 0.00205827 0.00303499 0.00405521 0.0050647 0.00602623 0.00691692 0.00772489 0.00844611 0.00908185 0.0096367
 0.000530656 0.00119633 0.00205827 0.00303499 0.00405521 0.0050647 0.00602623 0.00691692 0.00772489 0.00844611 0.00908185 0.0096367
 0.000530656 0.00119633 0.00205827 0.00303499 0.00405521 0.0050647 0.00602623 0.00691692 0.00772489 0.00844611 0.00908185 0.0096367
 0.000530656 0.00119633 0.00205827 0.00303499 0.00405521 0.0050647 0.00602623 0.00691692 0.00772489 0.00844611 0.00908185 0.0096367
 0.000530656 0.00119633 0.00205827 0.00303499 0.00405521 0.0050647 0.00602623 0.00691692 0.00772489 0.00844611 0.00908185 0.0096367
 0.000530656 0.00119633 0.00205827 0.00303499 0.00405521 0.0050647 0.00602623 0.00691692 0.00772489 0.00844611 0.00908185 0.0096367
 0.000530656 0.00119633 0.00205827 0.00303499 0.00405521 0.0050647 0.00602623 0.00691692 0.00772489 0.00844611 0.00908185 0.0096367
 0.000530656 0.00119633 0.00205827 0.00303499 0.00405521 0.0050647 0.00602623 0.00691692 0.00772489 0.00844611 0.00908185 0.0096367
 0.000530656 0.00119633 0.00205827 0.00303499 0.00405521 0.0050647 0.00602623 0.00691692 0.00772489 0.00844611 0.00908185 0.0096367
 0.000530656 0.00119633 0.00205827 0.00303499 0.00405521 0.0050647 0.00602623 0.00691692 0.00772489 0.00844611 0.00908185 0.0096367
 0.000530656 0.00119633 0.00205827 0.00303499 0.00405521 0.0050647 0.00602623 0.00691692 0.00772489 0.00844611 0.00908185 0.0096367
 0.000530656 0.00119633 0.00205827 0.00303499 0.00405521 0.0050647 0.00602623 0.00691692 0.00772489 0.00844611 0.00908185 0.0096367
 0.000530656 0.00119633 0.00205827 0.00303499 0.00405521 0.0050647 0.00602623 0.00691692 0.00772489 0.00844611 0.00908185 0.0096367
 0.000530656 0.00119633 0.00205827 0.00303499 0.00405521 0.0050647 0.00602623 0.00691692 0.00772489 0.00844611 0.00908185 0.0096367
 0.000530656 0.00119633 0.00205827 0.00303499 0.00405521 0.0050647 0.00602623 0.00691692 0.00772489 0.00844611 0.00908185 0.0096367
 0.000530656 0.00119633 0.00205827 0.00303499 0.00405521 0.0050647 0.00602623 0.00691692 0.00772489 0.00844611 0.00908185 0.0096367
 0.000530656 0.00119633 0.00205827 0.00303499 0.00405521 0.0050647 0.00602623 0.00691692 0.00772489 0.00844611 0.00908185 0.0096367
 0.000530656 0.00119633 0.00205827 0.00303499 0.00405521 0.0050647 0.00602623 0.00691692 0.00772489 0.00844611 0.00908185 0.0096367
 0.000530656 0.00119633 0.00205827 0.00303499 0.00405521 0.0050647 0.00602623 0.00691692 0.00772489 0.00844611 0.00908185 0.0096367
 0.000530656 0.00119633 0.00205827 0.00303499 0.00405521 0.0050647 0.00602623 0.00691692 0.00772489 0.00844611 0.00908185 0.0096367
# nyrs_ind_age
 30
# yrs_ind_age
 1 2 3 4 5 6 7 8 9 10 11 12 13 14 15 16 17 18 19 20 21 22 23 24 25 26 27 28 29 30
# n_sample_ind_age
 200 200 200 200 200 200 200 200 200 200 200 200 200 200 200 200 200 200 200 200 200 200 200 200 200 200 200 200 200 200
# oac_ind
 0.06 0.135 0.135 0.14 0.06 0.085 0.07 0.045 0.06 0.055 0.035 0.12
 0.07 0.095 0.175 0.125 0.105 0.075 0.05 0.07 0.07 0.025 0.025 0.115
 0.055 0.155 0.18 0.1 0.08 0.07 0.065 0.06 0.035 0.05 0.03 0.12
 0.055 0.13 0.2 0.12 0.085 0.09 0.085 0.065 0.03 0.035 0.035 0.07
 0.07 0.105 0.11 0.17 0.14 0.085 0.065 0.06 0.03 0.02 0.02 0.125
 0.085 0.215 0.11 0.11 0.105 0.065 0.045 0.05 0.05 0.03 0.03 0.105
 0.065 0.195 0.205 0.095 0.065 0.075 0.04 0.06 0.035 0.04 0.025 0.1
 0.07 0.175 0.225 0.145 0.055 0.06 0.065 0.04 0.045 0.03 0.015 0.075
 0.075 0.16 0.19 0.145 0.135 0.05 0.05 0.045 0.045 0.015 0.015 0.075
 0.11 0.15 0.15 0.15 0.055 0.07 0.065 0.035 0.035 0.025 0.03 0.125
 0.06 0.2 0.18 0.17 0.08 0.07 0.065 0.025 0.045 0.015 0.015 0.075
 0.065 0.195 0.19 0.115 0.115 0.07 0.06 0.055 0.02 0.015 0.01 0.09
 0.065 0.16 0.2 0.135 0.125 0.085 0.045 0.025 0.035 0.03 0.015 0.08
 0.075 0.165 0.19 0.195 0.125 0.03 0.055 0.05 0.02 0.015 0.02 0.06
 0.1 0.2 0.205 0.11 0.115 0.07 0.065 0.05 0.02 0.025 0.005 0.035
 0.145 0.225 0.155 0.13 0.085 0.06 0.06 0.04 0.02 0.005 0.02 0.055
 0.08 0.225 0.125 0.175 0.085 0.08 0.05 0.05 0.035 0.05 0.005 0.04
 0.065 0.215 0.225 0.115 0.13 0.055 0.07 0.045 0.02 0.02 0.01 0.03
 0.1 0.15 0.26 0.165 0.105 0.06 0.025 0.04 0.02 0.015 0.015 0.045
 0.095 0.2 0.12 0.2 0.155 0.08 0.045 0.01 0.015 0.02 0.01 0.05
 0.19 0.175 0.19 0.1 0.13 0.05 0.04 0.055 0.01 0.02 0.01 0.03
 0.175 0.225 0.145 0.155 0.07 0.06 0.055 0.035 0.02 0.015 0.015 0.03
 0.09 0.25 0.24 0.1 0.115 0.075 0.03 0.065 0.005 0.01 0.01 0.01
 0.105 0.2 0.2 0.195 0.07 0.07 0.015 0.06 0.035 0.01 0 0.04
 0.165 0.21 0.205 0.18 0.09 0.04 0.035 0.025 0.02 0.01 0.01 0.01
 0.12 0.215 0.22 0.19 0.105 0.09 0.02 0.025 0 0.005 0.005 0.005
 0.1 0.23 0.285 0.1 0.11 0.08 0.035 0.03 0.015 0 0.015 0
 0.135 0.245 0.2 0.14 0.12 0.065 0.045 0.02 0.015 0.005 0.005 0.005
 0.16 0.23 0.225 0.15 0.105 0.05 0.02 0.02 0.035 0 0 0.005
 0.115 0.285 0.27 0.11 0.075 0.09 0.02 0.01 0.005 0.02 0 0
# olc_ind

# obs_lse_ind
 0.198042 0.198042 0.198042 0.198042 0.198042 0.198042 0.198042 0.198042 0.198042 0.198042 0.198042 0.198042 0.198042 0.198042 0.198042 0.198042 0.198042 0.198042 0.198042 0.198042 0.198042 0.198042 0.198042 0.198042 0.198042 0.198042 0.198042 0.198042 0.198042 0.198042
# xages_fsh
 0 0 0 0 0 0 0 0 0 0 0 0
# xages_fsh
 0 0.0909091 0.181818 0.272727 0.363636 0.454545 0.545455 0.636364 0.727273 0.818182 0.909091 1
# xnodes_fsh

Yrs fsh_sel change:  1 0 0 0 0 0 0 0 0 0 0 0 0 0 0 0 0 0 0 0 0 0 0 0 0 0 0 0 0
Yrs ind_sel change:  1 0 0 0 0 0 0 0 0 0 0 0 0 0 0 0 0 0 0 0 0 0 0 0 0 0 0 0 0
# steepnessprior
0.75
# sigmarprior
0.2
#  SSB estimated in styr endyr: -12 28 
#  Rec estimated in styr endyr: -10 30 
#  SR Curve fit  in styr endyr: 1 30 
#             Model styr endyr: 1 30 
# qprior
 3.48998e-007
# q_power_prior 
 1 
# cv_catchbiomass 
0.05 
# CatchbiomassPen 
200 
# Number of projection years 
5 
# offset_fsh
 13404.9
# offset_ind
 13183.4
Mean Catch
1275.29
R_guess 
13.8155
# nfsh
1
# n_sel_ch_fsh
 1
# nselages_fsh
 11
# phase_selcoff_fsh
 -1
logRzero 13.8155
logmeanrec 13.8155
exp(log_sigmarprior 0.2
Fish sel phase: -1 OM1
Fixing fishery sel to
1
Fixing fishery sel to
1
Srvy sel phase: -1
Fixing survey_index1 indices sel to
1
Fixing index sel to
1
# logsel_slp_in_indv
 0.693147
Leaving parameter init secton
# M
 0.2 0.2 0.2 0.2 0.2 0.2 0.2 0.2 0.2 0.2 0.2 0.2
 0.2 0.2 0.2 0.2 0.2 0.2 0.2 0.2 0.2 0.2 0.2 0.2
 0.2 0.2 0.2 0.2 0.2 0.2 0.2 0.2 0.2 0.2 0.2 0.2
 0.2 0.2 0.2 0.2 0.2 0.2 0.2 0.2 0.2 0.2 0.2 0.2
 0.2 0.2 0.2 0.2 0.2 0.2 0.2 0.2 0.2 0.2 0.2 0.2
 0.2 0.2 0.2 0.2 0.2 0.2 0.2 0.2 0.2 0.2 0.2 0.2
 0.2 0.2 0.2 0.2 0.2 0.2 0.2 0.2 0.2 0.2 0.2 0.2
 0.2 0.2 0.2 0.2 0.2 0.2 0.2 0.2 0.2 0.2 0.2 0.2
 0.2 0.2 0.2 0.2 0.2 0.2 0.2 0.2 0.2 0.2 0.2 0.2
 0.2 0.2 0.2 0.2 0.2 0.2 0.2 0.2 0.2 0.2 0.2 0.2
 0.2 0.2 0.2 0.2 0.2 0.2 0.2 0.2 0.2 0.2 0.2 0.2
 0.2 0.2 0.2 0.2 0.2 0.2 0.2 0.2 0.2 0.2 0.2 0.2
 0.2 0.2 0.2 0.2 0.2 0.2 0.2 0.2 0.2 0.2 0.2 0.2
 0.2 0.2 0.2 0.2 0.2 0.2 0.2 0.2 0.2 0.2 0.2 0.2
 0.2 0.2 0.2 0.2 0.2 0.2 0.2 0.2 0.2 0.2 0.2 0.2
 0.2 0.2 0.2 0.2 0.2 0.2 0.2 0.2 0.2 0.2 0.2 0.2
 0.2 0.2 0.2 0.2 0.2 0.2 0.2 0.2 0.2 0.2 0.2 0.2
 0.2 0.2 0.2 0.2 0.2 0.2 0.2 0.2 0.2 0.2 0.2 0.2
 0.2 0.2 0.2 0.2 0.2 0.2 0.2 0.2 0.2 0.2 0.2 0.2
 0.2 0.2 0.2 0.2 0.2 0.2 0.2 0.2 0.2 0.2 0.2 0.2
 0.2 0.2 0.2 0.2 0.2 0.2 0.2 0.2 0.2 0.2 0.2 0.2
 0.2 0.2 0.2 0.2 0.2 0.2 0.2 0.2 0.2 0.2 0.2 0.2
 0.2 0.2 0.2 0.2 0.2 0.2 0.2 0.2 0.2 0.2 0.2 0.2
 0.2 0.2 0.2 0.2 0.2 0.2 0.2 0.2 0.2 0.2 0.2 0.2
 0.2 0.2 0.2 0.2 0.2 0.2 0.2 0.2 0.2 0.2 0.2 0.2
 0.2 0.2 0.2 0.2 0.2 0.2 0.2 0.2 0.2 0.2 0.2 0.2
 0.2 0.2 0.2 0.2 0.2 0.2 0.2 0.2 0.2 0.2 0.2 0.2
 0.2 0.2 0.2 0.2 0.2 0.2 0.2 0.2 0.2 0.2 0.2 0.2
 0.2 0.2 0.2 0.2 0.2 0.2 0.2 0.2 0.2 0.2 0.2 0.2
 0.2 0.2 0.2 0.2 0.2 0.2 0.2 0.2 0.2 0.2 0.2 0.2
# mean_log_rec
13.7183
# log_Rzero
13.7922
# rec_dev
 -0.144416 -0.120654 -0.112802 0.0239257 0.0243384 0.12762 -0.0419177 -0.010757 0.0664292 0.0071644 0.0975808 0.116298 0.243954 -0.000655106 -0.116112 0.328865 0.363689 0.168634 0.16413 0.102182 0.13659 0.144799 -0.0191906 -0.0412306 0.0932524 -0.00733829 0.19782 0.0908762 -0.344565 -0.133967 -0.348365 0.0503744 0.0283722 -0.185085 -0.355269 -0.0855582 -0.343473 -0.292934 -0.159248 0.0104324 -0.217416
# fmort
 0.00963403 0.0279174 0.0467015 0.0639927 0.0510192 0.0914499 0.0927585 0.195989 0.114188 0.13881 0.155712 0.166486 0.120457 0.175234 0.184731 0.165137 0.321314 0.261519 0.259407 0.253259 0.354048 0.261238 0.430453 0.352905 0.349543 0.315503 0.304734 0.418774 0.31367 0.476756
# rec_dev_future
 0 0 0 0 0
