AMAK;August_2013
# styr
1
# endyr
30
# rec_age
1
# oldest_age
12
# nlength
81
# len_bins
 10 11 12 13 14 15 16 17 18 19 20 21 22 23 24 25 26 27 28 29 30 31 32 33 34 35 36 37 38 39 40 41 42 43 44 45 46 47 48 49 50 51 52 53 54 55 56 57 58 59 60 61 62 63 64 65 66 67 68 69 70 71 72 73 74 75 76 77 78 79 80 81 82 83 84 85 86 87 88 89 90
# datafile_name
amak_data.dat
# model_name
OM_1
# styr
1
# endyr
30
# rec_age
1
# oldest_age
12
# nfsh
1
# fshname
OM1
# catch_bio_in
 161.12 464.695 761.476 995.168 759.834 1337.35 1272.11 2481.47 1319.84 1528.34 1627.85 1605.65 1109.3 1521.59 1515.72 1274.98 2243.34 1609.91 1459 1322.03 1631.99 1072.65 1634.03 1198.96 1113.14 970.347 921.228 1210.37 879.321 1259.14
# catch_bio_sd_in
 0.01 0.01 0.01 0.01 0.01 0.01 0.01 0.01 0.01 0.01 0.01 0.01 0.01 0.01 0.01 0.01 0.01 0.01 0.01 0.01 0.01 0.01 0.01 0.01 0.01 0.01 0.01 0.01 0.01 0.01
# nyrs_fsh_age
 30
# nyrs_fsh_length
 0
# yrs_fsh_age_in
 1 2 3 4 5 6 7 8 9 10 11 12 13 14 15 16 17 18 19 20 21 22 23 24 25 26 27 28 29 30
# yrs_fsh_length_in

# n_sample_fsh_length_in

# olc_fsh_in

# nind
1
# indname
survey_index1
# nyrs_ind
 30
# yrs_ind_in
 1 2 3 4 5 6 7 8 9 10 11 12 13 14 15 16 17 18 19 20 21 22 23 24 25 26 27 28 29 30
# mo_ind
 1
# obs_ind_in
 1.50828 1.76439 1.59364 1.33514 1.36191 1.66377 1.37401 1.56445 1.22646 1.20677 1.27759 1.0603 1.19003 0.912118 1.07189 0.949319 1.20104 0.957453 0.924729 0.729403 0.707036 0.650992 0.719433 0.551067 0.547451 0.478373 0.526643 0.556152 0.540684 0.733789
# obs_se_ind_in
 0.301656 0.352878 0.318727 0.267027 0.272382 0.332755 0.274801 0.31289 0.245293 0.241355 0.255517 0.212059 0.238007 0.182424 0.214377 0.189864 0.240209 0.191491 0.184946 0.145881 0.141407 0.130198 0.143887 0.110213 0.10949 0.0956747 0.105329 0.11123 0.108137 0.146758
# nyrs_ind_age
 30
# nyrs_ind_length
 0
# yrs_ind_age_in
 1 2 3 4 5 6 7 8 9 10 11 12 13 14 15 16 17 18 19 20 21 22 23 24 25 26 27 28 29 30
# yrs_ind_length_in

# yrs_ind_age_in
 1 2 3 4 5 6 7 8 9 10 11 12 13 14 15 16 17 18 19 20 21 22 23 24 25 26 27 28 29 30
# n_sample_ind_length_in

# olc_ind_in

# oac_ind_in
 0.06 0.155 0.095 0.12 0.085 0.1 0.07 0.04 0.05 0.05 0.015 0.16
 0.075 0.15 0.16 0.135 0.085 0.075 0.055 0.06 0.03 0.015 0.015 0.145
 0.095 0.155 0.14 0.115 0.075 0.085 0.085 0.025 0.04 0.04 0.015 0.13
 0.04 0.13 0.195 0.165 0.075 0.07 0.035 0.065 0.045 0.045 0.01 0.125
 0.07 0.155 0.115 0.135 0.09 0.09 0.07 0.04 0.065 0.015 0.02 0.135
 0.11 0.175 0.105 0.11 0.09 0.1 0.06 0.035 0.015 0.045 0.05 0.105
 0.045 0.25 0.18 0.09 0.095 0.05 0.04 0.025 0.03 0.06 0.03 0.105
 0.105 0.135 0.185 0.145 0.09 0.11 0.05 0.065 0.02 0.02 0.01 0.065
 0.085 0.235 0.12 0.15 0.115 0.04 0.05 0.045 0.035 0.015 0.02 0.09
 0.045 0.175 0.205 0.105 0.13 0.09 0.04 0.055 0.035 0.015 0.03 0.075
 0.1 0.19 0.145 0.115 0.125 0.1 0.095 0.02 0.02 0.025 0.025 0.04
 0.095 0.175 0.18 0.16 0.085 0.05 0.07 0.08 0.035 0.01 0.015 0.045
 0.1 0.13 0.185 0.115 0.12 0.11 0.05 0.03 0.045 0.025 0.015 0.075
 0.09 0.15 0.175 0.14 0.12 0.08 0.045 0.055 0.065 0.04 0.015 0.025
 0.08 0.18 0.165 0.09 0.12 0.09 0.045 0.075 0.035 0.02 0.02 0.08
 0.085 0.195 0.195 0.19 0.065 0.08 0.065 0.02 0.03 0.015 0.025 0.035
 0.075 0.22 0.185 0.17 0.085 0.075 0.075 0.025 0.03 0.01 0.015 0.035
 0.055 0.2 0.255 0.155 0.09 0.07 0.055 0.055 0.02 0.015 0.01 0.02
 0.12 0.18 0.2 0.195 0.075 0.065 0.05 0.025 0.03 0.03 0.005 0.025
 0.11 0.27 0.18 0.135 0.1 0.015 0.075 0.015 0.025 0.02 0.01 0.045
 0.135 0.17 0.245 0.135 0.095 0.065 0.07 0.035 0.005 0.015 0.005 0.025
 0.13 0.26 0.185 0.14 0.085 0.09 0.045 0.015 0.015 0.005 0 0.03
 0.1 0.295 0.24 0.09 0.08 0.045 0.045 0.03 0.01 0.02 0.02 0.025
 0.09 0.22 0.25 0.19 0.1 0.05 0.04 0.015 0.025 0.005 0 0.015
 0.14 0.225 0.19 0.155 0.155 0.035 0.035 0.035 0.01 0.01 0 0.01
 0.115 0.285 0.165 0.165 0.11 0.07 0.025 0.015 0.025 0.005 0.01 0.01
 0.135 0.2 0.29 0.145 0.075 0.055 0.04 0.02 0.015 0.005 0.015 0.005
 0.15 0.285 0.17 0.17 0.07 0.09 0.025 0.02 0.005 0.005 0.005 0.005
 0.16 0.29 0.18 0.095 0.145 0.065 0.03 0.02 0.005 0.01 0 0
 0.095 0.32 0.25 0.13 0.06 0.07 0.015 0.015 0.025 0.01 0 0.01
# wt_ind
 1 1 1 1 1 1 1 1 1 1 1 1
 1 1 1 1 1 1 1 1 1 1 1 1
 1 1 1 1 1 1 1 1 1 1 1 1
 1 1 1 1 1 1 1 1 1 1 1 1
 1 1 1 1 1 1 1 1 1 1 1 1
 1 1 1 1 1 1 1 1 1 1 1 1
 1 1 1 1 1 1 1 1 1 1 1 1
 1 1 1 1 1 1 1 1 1 1 1 1
 1 1 1 1 1 1 1 1 1 1 1 1
 1 1 1 1 1 1 1 1 1 1 1 1
 1 1 1 1 1 1 1 1 1 1 1 1
 1 1 1 1 1 1 1 1 1 1 1 1
 1 1 1 1 1 1 1 1 1 1 1 1
 1 1 1 1 1 1 1 1 1 1 1 1
 1 1 1 1 1 1 1 1 1 1 1 1
 1 1 1 1 1 1 1 1 1 1 1 1
 1 1 1 1 1 1 1 1 1 1 1 1
 1 1 1 1 1 1 1 1 1 1 1 1
 1 1 1 1 1 1 1 1 1 1 1 1
 1 1 1 1 1 1 1 1 1 1 1 1
 1 1 1 1 1 1 1 1 1 1 1 1
 1 1 1 1 1 1 1 1 1 1 1 1
 1 1 1 1 1 1 1 1 1 1 1 1
 1 1 1 1 1 1 1 1 1 1 1 1
 1 1 1 1 1 1 1 1 1 1 1 1
 1 1 1 1 1 1 1 1 1 1 1 1
 1 1 1 1 1 1 1 1 1 1 1 1
 1 1 1 1 1 1 1 1 1 1 1 1
 1 1 1 1 1 1 1 1 1 1 1 1
 1 1 1 1 1 1 1 1 1 1 1 1
# wt_pop
 0.000530656 0.00119633 0.00205827 0.00303499 0.00405521 0.0050647 0.00602623 0.00691692 0.00772489 0.00844611 0.00908185 0.0096367
# maturity
 0.0229774 0.320821 0.904651 0.99478 0.999739 0.999987 0.999999 1 1 1 1 1
# spawnmo
1
# age_err
 1 0 0 0 0 0 0 0 0 0 0 0
 0 1 0 0 0 0 0 0 0 0 0 0
 0 0 1 0 0 0 0 0 0 0 0 0
 0 0 0 1 0 0 0 0 0 0 0 0
 0 0 0 0 1 0 0 0 0 0 0 0
 0 0 0 0 0 1 0 0 0 0 0 0
 0 0 0 0 0 0 1 0 0 0 0 0
 0 0 0 0 0 0 0 1 0 0 0 0
 0 0 0 0 0 0 0 0 1 0 0 0
 0 0 0 0 0 0 0 0 0 1 0 0
 0 0 0 0 0 0 0 0 0 0 1 0
 0 0 0 0 0 0 0 0 0 0 0 1
# cntrlfile_name
C:\Users\bai.li\Desktop\s1_test\AMAK\s54\amak.dat
# Map shared selectivity: 
# sel_map
 1 2
 1 1
# datafile_name
amak_data.dat
# model_name
OM_1
# SrType
2
# use_age_err
0
# retro
0
# sigmarprior
0.2
# cvsigmarprior
0.25
# phase_sigmar
-3
# styr_rec_est
1
# endyr_rec_est
30
# Linfprior
80
# cvLinfprior
0.25
# kprior
0.18
# cvkprior
0.25
# Loprior
27.688
# cvLoprior
0.25
# sdageprior
0.1
# cvsdageprior
0.25
# natmortprior
0.2
# cvnatmortprior
0.25
# phase_M
-4
# npars_Mage
0
# ages_M_changes

# Mage_in

# phase_Mage
-5
# phase_rw_M
0
# npars_rw_M
0
# yrs_rw_M

# sigma_rw_M

# qprior
 3.48998e-007
# cvqprior
 1
# phase_q
 1
# q_power_prior
 1
# cvq_power_prior
 0.2
# phase_q_power
 -4
# phase_rw_q
 -1
# npars_rw_q
 0
# yrs_rw_q

# sigma_rw_q

# q_age_min
 1
# q_age_max
 12
# q_age_min
 1
# q_age_max
 12
# fsh_sel_opt(k)
2
# phase_sel_fsh(k)
-2
# n_sel_ch_fsh(k)
1
# sel_slp_in_fsh(k)(1,n_sel_ch_fsh(k))
 1
# sel_inf_in_fsh(k)(1,n_sel_ch_fsh(k))
 2
# logsel_slp_in_fsh(k)(1,n_sel_ch_fsh(k))
 0
# yrs_sel_ch_fsh(k)(1,n_sel_ch_fsh(k))
 1

Survey survey_index1
# ind_sel_opt(k)
2
# indname(k)
survey_index1
# nselages_in_ind(k)
11
# phase_sel_ind(k)
-2
# sel_change_in_ind(k)
 1 0 0 0 0 0 0 0 0 0 0 0 0 0 0 0 0 0 0 0 0 0 0 0 0 0 0 0 0 0
# n_sel_ch_ind(k)
1
# yrs_sel_ch_ind(k)(1,n_sel_ch_ind(k))
 1
# sel_slp_in_ind(k,1)
2
# sel_inf_in_ind(k,1)
1.5
# logsel_slp_in_ind(k,1)
0.693147
# logsel_slp_in_indv(k)
0.693147
survey_index1 ind sel opt 2  1 0 0 0 0 0 0 0 0 0 0 0 0 0 0 0 0 0 0 0 0 0 0 0 0 0 0 0 0 0
Phase indices Sel_Coffs:  -1
 Test: 1.23457e+008
# Fshry Selages:  11
# Srvy  Selages:  11
# Phase for age-spec fishery  -1
# Phase for logistic fishery  -2
# Phase for dble logistic fishery  -1
# Phase for age-spec indices   -1
# Phase for logistic indices   -2
# Phase for dble logistic ind  -1
# Curv_pen_fsh: 
 0
# Curv_pen_ind: 
 0
# styr_fut
31
# endyr_fut
35
# nyrs_fsh_age
 30
# nyrs_fsh_age
 30
# yrs_fsh_age
 1 2 3 4 5 6 7 8 9 10 11 12 13 14 15 16 17 18 19 20 21 22 23 24 25 26 27 28 29 30
# n_sample_fsh_age
 200 200 200 200 200 200 200 200 200 200 200 200 200 200 200 200 200 200 200 200 200 200 200 200 200 200 200 200 200 200
# oac_fsh
 0.08 0.095 0.125 0.14 0.075 0.105 0.05 0.09 0.05 0.045 0.02 0.125
 0.095 0.125 0.125 0.09 0.13 0.08 0.06 0.085 0.035 0.01 0.04 0.125
 0.055 0.1 0.14 0.095 0.1 0.08 0.095 0.05 0.055 0.035 0.015 0.18
 0.065 0.1 0.21 0.1 0.075 0.085 0.05 0.05 0.055 0.015 0.045 0.15
 0.12 0.085 0.085 0.165 0.09 0.11 0.075 0.04 0.04 0.02 0.03 0.14
 0.07 0.15 0.09 0.095 0.14 0.09 0.08 0.05 0.07 0.03 0.035 0.1
 0.065 0.13 0.185 0.125 0.065 0.09 0.065 0.05 0.04 0.06 0.03 0.095
 0.105 0.13 0.16 0.14 0.105 0.055 0.07 0.035 0.04 0.05 0.015 0.095
 0.07 0.185 0.115 0.135 0.14 0.07 0.065 0.04 0.04 0.035 0.01 0.095
 0.07 0.135 0.155 0.12 0.165 0.105 0.035 0.04 0.045 0.015 0.02 0.095
 0.11 0.135 0.185 0.13 0.095 0.125 0.085 0.03 0.015 0.01 0.01 0.07
 0.085 0.13 0.185 0.2 0.11 0.08 0.055 0.05 0.01 0.025 0.025 0.045
 0.135 0.125 0.195 0.14 0.065 0.09 0.055 0.045 0.025 0.03 0.02 0.075
 0.085 0.145 0.135 0.11 0.11 0.115 0.075 0.055 0.015 0.035 0.01 0.11
 0.09 0.145 0.195 0.135 0.1 0.105 0.065 0.05 0.02 0.015 0.035 0.045
 0.135 0.135 0.21 0.07 0.1 0.085 0.05 0.055 0.05 0.015 0.035 0.06
 0.13 0.135 0.145 0.125 0.105 0.08 0.07 0.035 0.06 0.03 0.01 0.075
 0.065 0.11 0.275 0.145 0.125 0.04 0.045 0.065 0.03 0.04 0.01 0.05
 0.165 0.13 0.2 0.185 0.1 0.065 0.04 0.03 0.02 0.015 0.01 0.04
 0.12 0.17 0.195 0.135 0.115 0.085 0.035 0.04 0.02 0.025 0.02 0.04
 0.2 0.145 0.16 0.16 0.115 0.075 0.04 0.035 0.01 0.015 0.015 0.03
 0.13 0.18 0.16 0.165 0.095 0.1 0.055 0.045 0.015 0.005 0.005 0.045
 0.115 0.22 0.195 0.125 0.105 0.095 0.05 0.04 0.025 0.01 0 0.02
 0.145 0.19 0.23 0.175 0.115 0.04 0.03 0.035 0.015 0.02 0.005 0
 0.19 0.14 0.225 0.195 0.125 0.03 0.03 0.02 0.01 0.015 0 0.02
 0.13 0.3 0.175 0.12 0.125 0.07 0.02 0.01 0.005 0.01 0.025 0.01
 0.14 0.165 0.235 0.14 0.1 0.09 0.065 0.015 0.02 0.005 0.015 0.01
 0.24 0.235 0.125 0.175 0.085 0.06 0.03 0.035 0.01 0.005 0 0
 0.125 0.205 0.275 0.115 0.145 0.055 0.03 0.02 0.01 0.005 0.005 0.01
 0.17 0.245 0.29 0.09 0.075 0.07 0.02 0.01 0.025 0.005 0 0
# olc_fsh

# wt_fsh
 0.000530656 0.00119633 0.00205827 0.00303499 0.00405521 0.0050647 0.00602623 0.00691692 0.00772489 0.00844611 0.00908185 0.0096367
 0.000530656 0.00119633 0.00205827 0.00303499 0.00405521 0.0050647 0.00602623 0.00691692 0.00772489 0.00844611 0.00908185 0.0096367
 0.000530656 0.00119633 0.00205827 0.00303499 0.00405521 0.0050647 0.00602623 0.00691692 0.00772489 0.00844611 0.00908185 0.0096367
 0.000530656 0.00119633 0.00205827 0.00303499 0.00405521 0.0050647 0.00602623 0.00691692 0.00772489 0.00844611 0.00908185 0.0096367
 0.000530656 0.00119633 0.00205827 0.00303499 0.00405521 0.0050647 0.00602623 0.00691692 0.00772489 0.00844611 0.00908185 0.0096367
 0.000530656 0.00119633 0.00205827 0.00303499 0.00405521 0.0050647 0.00602623 0.00691692 0.00772489 0.00844611 0.00908185 0.0096367
 0.000530656 0.00119633 0.00205827 0.00303499 0.00405521 0.0050647 0.00602623 0.00691692 0.00772489 0.00844611 0.00908185 0.0096367
 0.000530656 0.00119633 0.00205827 0.00303499 0.00405521 0.0050647 0.00602623 0.00691692 0.00772489 0.00844611 0.00908185 0.0096367
 0.000530656 0.00119633 0.00205827 0.00303499 0.00405521 0.0050647 0.00602623 0.00691692 0.00772489 0.00844611 0.00908185 0.0096367
 0.000530656 0.00119633 0.00205827 0.00303499 0.00405521 0.0050647 0.00602623 0.00691692 0.00772489 0.00844611 0.00908185 0.0096367
 0.000530656 0.00119633 0.00205827 0.00303499 0.00405521 0.0050647 0.00602623 0.00691692 0.00772489 0.00844611 0.00908185 0.0096367
 0.000530656 0.00119633 0.00205827 0.00303499 0.00405521 0.0050647 0.00602623 0.00691692 0.00772489 0.00844611 0.00908185 0.0096367
 0.000530656 0.00119633 0.00205827 0.00303499 0.00405521 0.0050647 0.00602623 0.00691692 0.00772489 0.00844611 0.00908185 0.0096367
 0.000530656 0.00119633 0.00205827 0.00303499 0.00405521 0.0050647 0.00602623 0.00691692 0.00772489 0.00844611 0.00908185 0.0096367
 0.000530656 0.00119633 0.00205827 0.00303499 0.00405521 0.0050647 0.00602623 0.00691692 0.00772489 0.00844611 0.00908185 0.0096367
 0.000530656 0.00119633 0.00205827 0.00303499 0.00405521 0.0050647 0.00602623 0.00691692 0.00772489 0.00844611 0.00908185 0.0096367
 0.000530656 0.00119633 0.00205827 0.00303499 0.00405521 0.0050647 0.00602623 0.00691692 0.00772489 0.00844611 0.00908185 0.0096367
 0.000530656 0.00119633 0.00205827 0.00303499 0.00405521 0.0050647 0.00602623 0.00691692 0.00772489 0.00844611 0.00908185 0.0096367
 0.000530656 0.00119633 0.00205827 0.00303499 0.00405521 0.0050647 0.00602623 0.00691692 0.00772489 0.00844611 0.00908185 0.0096367
 0.000530656 0.00119633 0.00205827 0.00303499 0.00405521 0.0050647 0.00602623 0.00691692 0.00772489 0.00844611 0.00908185 0.0096367
 0.000530656 0.00119633 0.00205827 0.00303499 0.00405521 0.0050647 0.00602623 0.00691692 0.00772489 0.00844611 0.00908185 0.0096367
 0.000530656 0.00119633 0.00205827 0.00303499 0.00405521 0.0050647 0.00602623 0.00691692 0.00772489 0.00844611 0.00908185 0.0096367
 0.000530656 0.00119633 0.00205827 0.00303499 0.00405521 0.0050647 0.00602623 0.00691692 0.00772489 0.00844611 0.00908185 0.0096367
 0.000530656 0.00119633 0.00205827 0.00303499 0.00405521 0.0050647 0.00602623 0.00691692 0.00772489 0.00844611 0.00908185 0.0096367
 0.000530656 0.00119633 0.00205827 0.00303499 0.00405521 0.0050647 0.00602623 0.00691692 0.00772489 0.00844611 0.00908185 0.0096367
 0.000530656 0.00119633 0.00205827 0.00303499 0.00405521 0.0050647 0.00602623 0.00691692 0.00772489 0.00844611 0.00908185 0.0096367
 0.000530656 0.00119633 0.00205827 0.00303499 0.00405521 0.0050647 0.00602623 0.00691692 0.00772489 0.00844611 0.00908185 0.0096367
 0.000530656 0.00119633 0.00205827 0.00303499 0.00405521 0.0050647 0.00602623 0.00691692 0.00772489 0.00844611 0.00908185 0.0096367
 0.000530656 0.00119633 0.00205827 0.00303499 0.00405521 0.0050647 0.00602623 0.00691692 0.00772489 0.00844611 0.00908185 0.0096367
 0.000530656 0.00119633 0.00205827 0.00303499 0.00405521 0.0050647 0.00602623 0.00691692 0.00772489 0.00844611 0.00908185 0.0096367
# nyrs_ind_age
 30
# yrs_ind_age
 1 2 3 4 5 6 7 8 9 10 11 12 13 14 15 16 17 18 19 20 21 22 23 24 25 26 27 28 29 30
# n_sample_ind_age
 200 200 200 200 200 200 200 200 200 200 200 200 200 200 200 200 200 200 200 200 200 200 200 200 200 200 200 200 200 200
# oac_ind
 0.06 0.155 0.095 0.12 0.085 0.1 0.07 0.04 0.05 0.05 0.015 0.16
 0.075 0.15 0.16 0.135 0.085 0.075 0.055 0.06 0.03 0.015 0.015 0.145
 0.095 0.155 0.14 0.115 0.075 0.085 0.085 0.025 0.04 0.04 0.015 0.13
 0.04 0.13 0.195 0.165 0.075 0.07 0.035 0.065 0.045 0.045 0.01 0.125
 0.07 0.155 0.115 0.135 0.09 0.09 0.07 0.04 0.065 0.015 0.02 0.135
 0.11 0.175 0.105 0.11 0.09 0.1 0.06 0.035 0.015 0.045 0.05 0.105
 0.045 0.25 0.18 0.09 0.095 0.05 0.04 0.025 0.03 0.06 0.03 0.105
 0.105 0.135 0.185 0.145 0.09 0.11 0.05 0.065 0.02 0.02 0.01 0.065
 0.085 0.235 0.12 0.15 0.115 0.04 0.05 0.045 0.035 0.015 0.02 0.09
 0.045 0.175 0.205 0.105 0.13 0.09 0.04 0.055 0.035 0.015 0.03 0.075
 0.1 0.19 0.145 0.115 0.125 0.1 0.095 0.02 0.02 0.025 0.025 0.04
 0.095 0.175 0.18 0.16 0.085 0.05 0.07 0.08 0.035 0.01 0.015 0.045
 0.1 0.13 0.185 0.115 0.12 0.11 0.05 0.03 0.045 0.025 0.015 0.075
 0.09 0.15 0.175 0.14 0.12 0.08 0.045 0.055 0.065 0.04 0.015 0.025
 0.08 0.18 0.165 0.09 0.12 0.09 0.045 0.075 0.035 0.02 0.02 0.08
 0.085 0.195 0.195 0.19 0.065 0.08 0.065 0.02 0.03 0.015 0.025 0.035
 0.075 0.22 0.185 0.17 0.085 0.075 0.075 0.025 0.03 0.01 0.015 0.035
 0.055 0.2 0.255 0.155 0.09 0.07 0.055 0.055 0.02 0.015 0.01 0.02
 0.12 0.18 0.2 0.195 0.075 0.065 0.05 0.025 0.03 0.03 0.005 0.025
 0.11 0.27 0.18 0.135 0.1 0.015 0.075 0.015 0.025 0.02 0.01 0.045
 0.135 0.17 0.245 0.135 0.095 0.065 0.07 0.035 0.005 0.015 0.005 0.025
 0.13 0.26 0.185 0.14 0.085 0.09 0.045 0.015 0.015 0.005 0 0.03
 0.1 0.295 0.24 0.09 0.08 0.045 0.045 0.03 0.01 0.02 0.02 0.025
 0.09 0.22 0.25 0.19 0.1 0.05 0.04 0.015 0.025 0.005 0 0.015
 0.14 0.225 0.19 0.155 0.155 0.035 0.035 0.035 0.01 0.01 0 0.01
 0.115 0.285 0.165 0.165 0.11 0.07 0.025 0.015 0.025 0.005 0.01 0.01
 0.135 0.2 0.29 0.145 0.075 0.055 0.04 0.02 0.015 0.005 0.015 0.005
 0.15 0.285 0.17 0.17 0.07 0.09 0.025 0.02 0.005 0.005 0.005 0.005
 0.16 0.29 0.18 0.095 0.145 0.065 0.03 0.02 0.005 0.01 0 0
 0.095 0.32 0.25 0.13 0.06 0.07 0.015 0.015 0.025 0.01 0 0.01
# olc_ind

# obs_lse_ind
 0.198042 0.198042 0.198042 0.198042 0.198042 0.198042 0.198042 0.198042 0.198042 0.198042 0.198042 0.198042 0.198042 0.198042 0.198042 0.198042 0.198042 0.198042 0.198042 0.198042 0.198042 0.198042 0.198042 0.198042 0.198042 0.198042 0.198042 0.198042 0.198042 0.198042
# xages_fsh
 0 0 0 0 0 0 0 0 0 0 0 0
# xages_fsh
 0 0.0909091 0.181818 0.272727 0.363636 0.454545 0.545455 0.636364 0.727273 0.818182 0.909091 1
# xnodes_fsh

Yrs fsh_sel change:  1 0 0 0 0 0 0 0 0 0 0 0 0 0 0 0 0 0 0 0 0 0 0 0 0 0 0 0 0
Yrs ind_sel change:  1 0 0 0 0 0 0 0 0 0 0 0 0 0 0 0 0 0 0 0 0 0 0 0 0 0 0 0 0
# steepnessprior
0.75
# sigmarprior
0.2
#  SSB estimated in styr endyr: -12 28 
#  Rec estimated in styr endyr: -10 30 
#  SR Curve fit  in styr endyr: 1 30 
#             Model styr endyr: 1 30 
# qprior
 3.48998e-007
# q_power_prior 
 1 
# cv_catchbiomass 
0.05 
# CatchbiomassPen 
200 
# Number of projection years 
5 
# offset_fsh
 13373.1
# offset_ind
 13086.6
Mean Catch
1275.4
R_guess 
13.8155
# nfsh
1
# n_sel_ch_fsh
 1
# nselages_fsh
 11
# phase_selcoff_fsh
 -1
logRzero 13.8155
logmeanrec 13.8155
exp(log_sigmarprior 0.2
Fish sel phase: -1 OM1
Fixing fishery sel to
1
Fixing fishery sel to
1
Srvy sel phase: -1
Fixing survey_index1 indices sel to
1
Fixing index sel to
1
# logsel_slp_in_indv
 0.693147
Leaving parameter init secton
# M
 0.2 0.2 0.2 0.2 0.2 0.2 0.2 0.2 0.2 0.2 0.2 0.2
 0.2 0.2 0.2 0.2 0.2 0.2 0.2 0.2 0.2 0.2 0.2 0.2
 0.2 0.2 0.2 0.2 0.2 0.2 0.2 0.2 0.2 0.2 0.2 0.2
 0.2 0.2 0.2 0.2 0.2 0.2 0.2 0.2 0.2 0.2 0.2 0.2
 0.2 0.2 0.2 0.2 0.2 0.2 0.2 0.2 0.2 0.2 0.2 0.2
 0.2 0.2 0.2 0.2 0.2 0.2 0.2 0.2 0.2 0.2 0.2 0.2
 0.2 0.2 0.2 0.2 0.2 0.2 0.2 0.2 0.2 0.2 0.2 0.2
 0.2 0.2 0.2 0.2 0.2 0.2 0.2 0.2 0.2 0.2 0.2 0.2
 0.2 0.2 0.2 0.2 0.2 0.2 0.2 0.2 0.2 0.2 0.2 0.2
 0.2 0.2 0.2 0.2 0.2 0.2 0.2 0.2 0.2 0.2 0.2 0.2
 0.2 0.2 0.2 0.2 0.2 0.2 0.2 0.2 0.2 0.2 0.2 0.2
 0.2 0.2 0.2 0.2 0.2 0.2 0.2 0.2 0.2 0.2 0.2 0.2
 0.2 0.2 0.2 0.2 0.2 0.2 0.2 0.2 0.2 0.2 0.2 0.2
 0.2 0.2 0.2 0.2 0.2 0.2 0.2 0.2 0.2 0.2 0.2 0.2
 0.2 0.2 0.2 0.2 0.2 0.2 0.2 0.2 0.2 0.2 0.2 0.2
 0.2 0.2 0.2 0.2 0.2 0.2 0.2 0.2 0.2 0.2 0.2 0.2
 0.2 0.2 0.2 0.2 0.2 0.2 0.2 0.2 0.2 0.2 0.2 0.2
 0.2 0.2 0.2 0.2 0.2 0.2 0.2 0.2 0.2 0.2 0.2 0.2
 0.2 0.2 0.2 0.2 0.2 0.2 0.2 0.2 0.2 0.2 0.2 0.2
 0.2 0.2 0.2 0.2 0.2 0.2 0.2 0.2 0.2 0.2 0.2 0.2
 0.2 0.2 0.2 0.2 0.2 0.2 0.2 0.2 0.2 0.2 0.2 0.2
 0.2 0.2 0.2 0.2 0.2 0.2 0.2 0.2 0.2 0.2 0.2 0.2
 0.2 0.2 0.2 0.2 0.2 0.2 0.2 0.2 0.2 0.2 0.2 0.2
 0.2 0.2 0.2 0.2 0.2 0.2 0.2 0.2 0.2 0.2 0.2 0.2
 0.2 0.2 0.2 0.2 0.2 0.2 0.2 0.2 0.2 0.2 0.2 0.2
 0.2 0.2 0.2 0.2 0.2 0.2 0.2 0.2 0.2 0.2 0.2 0.2
 0.2 0.2 0.2 0.2 0.2 0.2 0.2 0.2 0.2 0.2 0.2 0.2
 0.2 0.2 0.2 0.2 0.2 0.2 0.2 0.2 0.2 0.2 0.2 0.2
 0.2 0.2 0.2 0.2 0.2 0.2 0.2 0.2 0.2 0.2 0.2 0.2
 0.2 0.2 0.2 0.2 0.2 0.2 0.2 0.2 0.2 0.2 0.2 0.2
# mean_log_rec
13.6901
# log_Rzero
13.8302
# rec_dev
 -0.0311262 -0.141199 0.0736154 -0.206264 -0.0157253 0.00793438 0.0041992 0.0664969 0.0464338 -0.0194151 0.0528693 0.125023 0.25657 0.0214823 -0.0431853 0.410495 0.39268 0.0654564 0.304928 0.199621 0.126516 0.163925 -0.0670077 -0.0114118 0.0728878 -0.0203076 0.195456 0.00924366 -0.153441 -0.0401306 -0.253252 0.0816297 0.024448 -0.191041 -0.336094 0.0207761 -0.44475 -0.178615 0.0116522 -0.0592313 -0.219841
# fmort
 0.00972817 0.0284952 0.0479932 0.0653219 0.0517626 0.0948708 0.0946024 0.200264 0.115967 0.140713 0.159031 0.167839 0.121829 0.175743 0.189038 0.169041 0.330961 0.273176 0.272849 0.269772 0.372961 0.267652 0.443099 0.364284 0.361067 0.328323 0.316108 0.435325 0.32521 0.475012
# rec_dev_future
 0 0 0 0 0
