AMAK;August_2013
# styr
1
# endyr
30
# rec_age
1
# oldest_age
12
# nlength
81
# len_bins
 10 11 12 13 14 15 16 17 18 19 20 21 22 23 24 25 26 27 28 29 30 31 32 33 34 35 36 37 38 39 40 41 42 43 44 45 46 47 48 49 50 51 52 53 54 55 56 57 58 59 60 61 62 63 64 65 66 67 68 69 70 71 72 73 74 75 76 77 78 79 80 81 82 83 84 85 86 87 88 89 90
# datafile_name
amak_data.dat
# model_name
OM_1
# styr
1
# endyr
30
# rec_age
1
# oldest_age
12
# nfsh
1
# fshname
OM1
# catch_bio_in
 159.893 471.838 755.839 990.739 765.066 1320.32 1278.57 2478.42 1323.17 1526.93 1623.21 1611.87 1101.74 1525.21 1518.82 1269.96 2250.77 1622.69 1455.54 1317.85 1626.31 1079.55 1623.7 1201.74 1115.31 965.362 918.312 1204.76 870.56 1276.33
# catch_bio_sd_in
 0.01 0.01 0.01 0.01 0.01 0.01 0.01 0.01 0.01 0.01 0.01 0.01 0.01 0.01 0.01 0.01 0.01 0.01 0.01 0.01 0.01 0.01 0.01 0.01 0.01 0.01 0.01 0.01 0.01 0.01
# nyrs_fsh_age
 30
# nyrs_fsh_length
 0
# yrs_fsh_age_in
 1 2 3 4 5 6 7 8 9 10 11 12 13 14 15 16 17 18 19 20 21 22 23 24 25 26 27 28 29 30
# yrs_fsh_length_in

# n_sample_fsh_length_in

# olc_fsh_in

# nind
1
# indname
survey_index1
# nyrs_ind
 30
# yrs_ind_in
 1 2 3 4 5 6 7 8 9 10 11 12 13 14 15 16 17 18 19 20 21 22 23 24 25 26 27 28 29 30
# mo_ind
 1
# obs_ind_in
 1.15821 1.70577 1.38234 1.58953 1.55332 1.62627 1.30693 1.38833 1.17781 1.13617 1.01058 1.33188 1.14843 1.11578 1.04104 0.942219 0.912633 0.931283 0.80158 0.659601 0.718198 0.801941 0.650408 0.667775 0.564574 0.542557 0.432533 0.55425 0.590311 0.538485
# obs_se_ind_in
 0.231642 0.341155 0.276468 0.317906 0.310663 0.325254 0.261387 0.277667 0.235563 0.227234 0.202115 0.266377 0.229687 0.223156 0.208208 0.188444 0.182527 0.186257 0.160316 0.13192 0.14364 0.160388 0.130082 0.133555 0.112915 0.108511 0.0865065 0.11085 0.118062 0.107697
# nyrs_ind_age
 30
# nyrs_ind_length
 0
# yrs_ind_age_in
 1 2 3 4 5 6 7 8 9 10 11 12 13 14 15 16 17 18 19 20 21 22 23 24 25 26 27 28 29 30
# yrs_ind_length_in

# yrs_ind_age_in
 1 2 3 4 5 6 7 8 9 10 11 12 13 14 15 16 17 18 19 20 21 22 23 24 25 26 27 28 29 30
# n_sample_ind_length_in

# olc_ind_in

# oac_ind_in
 0.105 0.14 0.13 0.11 0.08 0.065 0.04 0.04 0.075 0.025 0.06 0.13
 0.08 0.125 0.2 0.095 0.11 0.075 0.06 0.045 0.045 0.035 0.04 0.09
 0.05 0.21 0.155 0.115 0.075 0.065 0.055 0.065 0.04 0.025 0.03 0.115
 0.085 0.115 0.17 0.12 0.08 0.06 0.05 0.04 0.055 0.045 0.045 0.135
 0.09 0.095 0.13 0.17 0.1 0.085 0.055 0.065 0.03 0.025 0.025 0.13
 0.045 0.145 0.095 0.12 0.15 0.09 0.06 0.09 0.04 0.04 0.015 0.11
 0.08 0.195 0.205 0.11 0.06 0.06 0.065 0.04 0.02 0.02 0.015 0.13
 0.065 0.14 0.2 0.17 0.085 0.06 0.075 0.025 0.02 0.05 0.02 0.09
 0.085 0.105 0.14 0.175 0.115 0.06 0.06 0.045 0.05 0.025 0.025 0.115
 0.1 0.17 0.185 0.105 0.12 0.105 0.055 0.04 0.025 0.03 0.005 0.06
 0.09 0.19 0.195 0.145 0.105 0.08 0.065 0.025 0.03 0.005 0.02 0.05
 0.095 0.165 0.19 0.105 0.125 0.035 0.065 0.065 0.025 0.025 0.04 0.065
 0.085 0.155 0.155 0.19 0.16 0.07 0.035 0.045 0.02 0 0.01 0.075
 0.075 0.17 0.185 0.14 0.115 0.08 0.065 0.035 0.015 0.035 0.035 0.05
 0.095 0.195 0.145 0.12 0.095 0.1 0.06 0.05 0.035 0.02 0.015 0.07
 0.055 0.175 0.225 0.14 0.1 0.115 0.055 0.01 0.035 0.025 0.02 0.045
 0.08 0.215 0.165 0.205 0.12 0.05 0.055 0.03 0.025 0.015 0.005 0.035
 0.115 0.215 0.2 0.145 0.095 0.04 0.05 0.03 0.035 0.01 0.025 0.04
 0.065 0.195 0.22 0.215 0.09 0.07 0.035 0.045 0.02 0.005 0.01 0.03
 0.09 0.175 0.16 0.24 0.09 0.065 0.035 0.04 0.03 0.03 0.005 0.04
 0.12 0.19 0.24 0.115 0.125 0.075 0.035 0.035 0.015 0.01 0.02 0.02
 0.105 0.295 0.135 0.16 0.075 0.085 0.025 0.03 0.015 0.015 0.005 0.055
 0.105 0.23 0.265 0.15 0.075 0.06 0.025 0.025 0.02 0.01 0.01 0.025
 0.085 0.27 0.25 0.17 0.07 0.05 0.005 0.03 0.01 0.02 0.015 0.025
 0.17 0.23 0.185 0.12 0.15 0 0.055 0.015 0.01 0.02 0.005 0.04
 0.14 0.26 0.135 0.195 0.115 0.065 0.015 0.015 0.03 0.005 0.015 0.01
 0.095 0.235 0.255 0.14 0.09 0.075 0.05 0.01 0.015 0.005 0.015 0.015
 0.11 0.195 0.185 0.215 0.11 0.075 0.06 0.025 0.015 0 0.005 0.005
 0.13 0.335 0.2 0.11 0.075 0.045 0.045 0.025 0.005 0.01 0.005 0.015
 0.105 0.34 0.215 0.16 0.05 0.045 0.025 0.02 0.005 0.025 0 0.01
# wt_ind
 1 1 1 1 1 1 1 1 1 1 1 1
 1 1 1 1 1 1 1 1 1 1 1 1
 1 1 1 1 1 1 1 1 1 1 1 1
 1 1 1 1 1 1 1 1 1 1 1 1
 1 1 1 1 1 1 1 1 1 1 1 1
 1 1 1 1 1 1 1 1 1 1 1 1
 1 1 1 1 1 1 1 1 1 1 1 1
 1 1 1 1 1 1 1 1 1 1 1 1
 1 1 1 1 1 1 1 1 1 1 1 1
 1 1 1 1 1 1 1 1 1 1 1 1
 1 1 1 1 1 1 1 1 1 1 1 1
 1 1 1 1 1 1 1 1 1 1 1 1
 1 1 1 1 1 1 1 1 1 1 1 1
 1 1 1 1 1 1 1 1 1 1 1 1
 1 1 1 1 1 1 1 1 1 1 1 1
 1 1 1 1 1 1 1 1 1 1 1 1
 1 1 1 1 1 1 1 1 1 1 1 1
 1 1 1 1 1 1 1 1 1 1 1 1
 1 1 1 1 1 1 1 1 1 1 1 1
 1 1 1 1 1 1 1 1 1 1 1 1
 1 1 1 1 1 1 1 1 1 1 1 1
 1 1 1 1 1 1 1 1 1 1 1 1
 1 1 1 1 1 1 1 1 1 1 1 1
 1 1 1 1 1 1 1 1 1 1 1 1
 1 1 1 1 1 1 1 1 1 1 1 1
 1 1 1 1 1 1 1 1 1 1 1 1
 1 1 1 1 1 1 1 1 1 1 1 1
 1 1 1 1 1 1 1 1 1 1 1 1
 1 1 1 1 1 1 1 1 1 1 1 1
 1 1 1 1 1 1 1 1 1 1 1 1
# wt_pop
 0.000530656 0.00119633 0.00205827 0.00303499 0.00405521 0.0050647 0.00602623 0.00691692 0.00772489 0.00844611 0.00908185 0.0096367
# maturity
 0.0229774 0.320821 0.904651 0.99478 0.999739 0.999987 0.999999 1 1 1 1 1
# spawnmo
1
# age_err
 1 0 0 0 0 0 0 0 0 0 0 0
 0 1 0 0 0 0 0 0 0 0 0 0
 0 0 1 0 0 0 0 0 0 0 0 0
 0 0 0 1 0 0 0 0 0 0 0 0
 0 0 0 0 1 0 0 0 0 0 0 0
 0 0 0 0 0 1 0 0 0 0 0 0
 0 0 0 0 0 0 1 0 0 0 0 0
 0 0 0 0 0 0 0 1 0 0 0 0
 0 0 0 0 0 0 0 0 1 0 0 0
 0 0 0 0 0 0 0 0 0 1 0 0
 0 0 0 0 0 0 0 0 0 0 1 0
 0 0 0 0 0 0 0 0 0 0 0 1
# cntrlfile_name
C:\Users\bai.li\Desktop\s1_test\AMAK\s134\amak.dat
# Map shared selectivity: 
# sel_map
 1 2
 1 1
# datafile_name
amak_data.dat
# model_name
OM_1
# SrType
2
# use_age_err
0
# retro
0
# sigmarprior
0.2
# cvsigmarprior
0.25
# phase_sigmar
-3
# styr_rec_est
1
# endyr_rec_est
30
# Linfprior
80
# cvLinfprior
0.25
# kprior
0.18
# cvkprior
0.25
# Loprior
27.688
# cvLoprior
0.25
# sdageprior
0.1
# cvsdageprior
0.25
# natmortprior
0.2
# cvnatmortprior
0.25
# phase_M
-4
# npars_Mage
0
# ages_M_changes

# Mage_in

# phase_Mage
-5
# phase_rw_M
0
# npars_rw_M
0
# yrs_rw_M

# sigma_rw_M

# qprior
 3.48998e-007
# cvqprior
 1
# phase_q
 1
# q_power_prior
 1
# cvq_power_prior
 0.2
# phase_q_power
 -4
# phase_rw_q
 -1
# npars_rw_q
 0
# yrs_rw_q

# sigma_rw_q

# q_age_min
 1
# q_age_max
 12
# q_age_min
 1
# q_age_max
 12
# fsh_sel_opt(k)
2
# phase_sel_fsh(k)
-2
# n_sel_ch_fsh(k)
1
# sel_slp_in_fsh(k)(1,n_sel_ch_fsh(k))
 1
# sel_inf_in_fsh(k)(1,n_sel_ch_fsh(k))
 2
# logsel_slp_in_fsh(k)(1,n_sel_ch_fsh(k))
 0
# yrs_sel_ch_fsh(k)(1,n_sel_ch_fsh(k))
 1

Survey survey_index1
# ind_sel_opt(k)
2
# indname(k)
survey_index1
# nselages_in_ind(k)
11
# phase_sel_ind(k)
-2
# sel_change_in_ind(k)
 1 0 0 0 0 0 0 0 0 0 0 0 0 0 0 0 0 0 0 0 0 0 0 0 0 0 0 0 0 0
# n_sel_ch_ind(k)
1
# yrs_sel_ch_ind(k)(1,n_sel_ch_ind(k))
 1
# sel_slp_in_ind(k,1)
2
# sel_inf_in_ind(k,1)
1.5
# logsel_slp_in_ind(k,1)
0.693147
# logsel_slp_in_indv(k)
0.693147
survey_index1 ind sel opt 2  1 0 0 0 0 0 0 0 0 0 0 0 0 0 0 0 0 0 0 0 0 0 0 0 0 0 0 0 0 0
Phase indices Sel_Coffs:  -1
 Test: 1.23457e+008
# Fshry Selages:  11
# Srvy  Selages:  11
# Phase for age-spec fishery  -1
# Phase for logistic fishery  -2
# Phase for dble logistic fishery  -1
# Phase for age-spec indices   -1
# Phase for logistic indices   -2
# Phase for dble logistic ind  -1
# Curv_pen_fsh: 
 0
# Curv_pen_ind: 
 0
# styr_fut
31
# endyr_fut
35
# nyrs_fsh_age
 30
# nyrs_fsh_age
 30
# yrs_fsh_age
 1 2 3 4 5 6 7 8 9 10 11 12 13 14 15 16 17 18 19 20 21 22 23 24 25 26 27 28 29 30
# n_sample_fsh_age
 200 200 200 200 200 200 200 200 200 200 200 200 200 200 200 200 200 200 200 200 200 200 200 200 200 200 200 200 200 200
# oac_fsh
 0.03 0.06 0.125 0.13 0.105 0.105 0.08 0.07 0.055 0.08 0.02 0.14
 0.09 0.12 0.11 0.14 0.1 0.09 0.04 0.04 0.03 0.055 0.05 0.135
 0.075 0.125 0.105 0.115 0.09 0.135 0.065 0.05 0.045 0.025 0.03 0.14
 0.06 0.1 0.135 0.105 0.1 0.11 0.08 0.045 0.05 0.04 0.015 0.16
 0.075 0.075 0.115 0.12 0.13 0.095 0.07 0.06 0.03 0.03 0.05 0.15
 0.105 0.125 0.105 0.115 0.12 0.065 0.08 0.07 0.04 0.035 0.04 0.1
 0.075 0.13 0.185 0.1 0.07 0.09 0.075 0.075 0.025 0.045 0.02 0.11
 0.06 0.125 0.15 0.185 0.095 0.095 0.055 0.035 0.04 0.035 0.02 0.105
 0.09 0.155 0.075 0.145 0.14 0.04 0.03 0.09 0.055 0.03 0.035 0.115
 0.08 0.12 0.165 0.13 0.105 0.1 0.065 0.045 0.05 0.035 0.01 0.095
 0.075 0.18 0.105 0.14 0.11 0.085 0.125 0.045 0.04 0.015 0.015 0.065
 0.055 0.15 0.175 0.115 0.1 0.095 0.065 0.055 0.045 0.035 0.015 0.095
 0.055 0.125 0.185 0.15 0.115 0.05 0.06 0.07 0.06 0.02 0.03 0.08
 0.085 0.12 0.145 0.125 0.155 0.115 0.08 0.03 0.03 0.025 0.015 0.075
 0.085 0.195 0.13 0.15 0.125 0.085 0.05 0.04 0.04 0.02 0.025 0.055
 0.085 0.125 0.19 0.19 0.07 0.075 0.06 0.045 0.045 0.025 0.02 0.07
 0.1 0.135 0.175 0.2 0.08 0.055 0.075 0.055 0.045 0.01 0.01 0.06
 0.085 0.205 0.14 0.155 0.135 0.045 0.055 0.045 0.04 0.015 0.015 0.065
 0.16 0.115 0.22 0.165 0.09 0.095 0.045 0.015 0.02 0.03 0.015 0.03
 0.11 0.145 0.15 0.185 0.17 0.055 0.03 0.06 0.02 0.03 0.01 0.035
 0.16 0.145 0.185 0.15 0.125 0.06 0.035 0.04 0.03 0.015 0.005 0.05
 0.135 0.215 0.13 0.13 0.095 0.12 0.045 0.045 0.03 0.01 0.005 0.04
 0.155 0.23 0.24 0.08 0.095 0.065 0.06 0.02 0.025 0 0.01 0.02
 0.12 0.155 0.24 0.19 0.08 0.085 0.025 0.035 0.03 0.02 0.015 0.005
 0.14 0.16 0.2 0.23 0.125 0.045 0.055 0.02 0.01 0.005 0.005 0.005
 0.135 0.21 0.18 0.175 0.125 0.07 0.035 0.025 0 0.015 0.01 0.02
 0.13 0.165 0.24 0.19 0.075 0.105 0.045 0.02 0.01 0.005 0.005 0.01
 0.215 0.185 0.17 0.16 0.08 0.065 0.055 0.035 0.015 0.01 0.01 0
 0.205 0.235 0.14 0.13 0.155 0.065 0.02 0.01 0.015 0 0.01 0.015
 0.15 0.24 0.245 0.115 0.04 0.08 0.05 0.015 0.03 0.005 0.02 0.01
# olc_fsh

# wt_fsh
 0.000530656 0.00119633 0.00205827 0.00303499 0.00405521 0.0050647 0.00602623 0.00691692 0.00772489 0.00844611 0.00908185 0.0096367
 0.000530656 0.00119633 0.00205827 0.00303499 0.00405521 0.0050647 0.00602623 0.00691692 0.00772489 0.00844611 0.00908185 0.0096367
 0.000530656 0.00119633 0.00205827 0.00303499 0.00405521 0.0050647 0.00602623 0.00691692 0.00772489 0.00844611 0.00908185 0.0096367
 0.000530656 0.00119633 0.00205827 0.00303499 0.00405521 0.0050647 0.00602623 0.00691692 0.00772489 0.00844611 0.00908185 0.0096367
 0.000530656 0.00119633 0.00205827 0.00303499 0.00405521 0.0050647 0.00602623 0.00691692 0.00772489 0.00844611 0.00908185 0.0096367
 0.000530656 0.00119633 0.00205827 0.00303499 0.00405521 0.0050647 0.00602623 0.00691692 0.00772489 0.00844611 0.00908185 0.0096367
 0.000530656 0.00119633 0.00205827 0.00303499 0.00405521 0.0050647 0.00602623 0.00691692 0.00772489 0.00844611 0.00908185 0.0096367
 0.000530656 0.00119633 0.00205827 0.00303499 0.00405521 0.0050647 0.00602623 0.00691692 0.00772489 0.00844611 0.00908185 0.0096367
 0.000530656 0.00119633 0.00205827 0.00303499 0.00405521 0.0050647 0.00602623 0.00691692 0.00772489 0.00844611 0.00908185 0.0096367
 0.000530656 0.00119633 0.00205827 0.00303499 0.00405521 0.0050647 0.00602623 0.00691692 0.00772489 0.00844611 0.00908185 0.0096367
 0.000530656 0.00119633 0.00205827 0.00303499 0.00405521 0.0050647 0.00602623 0.00691692 0.00772489 0.00844611 0.00908185 0.0096367
 0.000530656 0.00119633 0.00205827 0.00303499 0.00405521 0.0050647 0.00602623 0.00691692 0.00772489 0.00844611 0.00908185 0.0096367
 0.000530656 0.00119633 0.00205827 0.00303499 0.00405521 0.0050647 0.00602623 0.00691692 0.00772489 0.00844611 0.00908185 0.0096367
 0.000530656 0.00119633 0.00205827 0.00303499 0.00405521 0.0050647 0.00602623 0.00691692 0.00772489 0.00844611 0.00908185 0.0096367
 0.000530656 0.00119633 0.00205827 0.00303499 0.00405521 0.0050647 0.00602623 0.00691692 0.00772489 0.00844611 0.00908185 0.0096367
 0.000530656 0.00119633 0.00205827 0.00303499 0.00405521 0.0050647 0.00602623 0.00691692 0.00772489 0.00844611 0.00908185 0.0096367
 0.000530656 0.00119633 0.00205827 0.00303499 0.00405521 0.0050647 0.00602623 0.00691692 0.00772489 0.00844611 0.00908185 0.0096367
 0.000530656 0.00119633 0.00205827 0.00303499 0.00405521 0.0050647 0.00602623 0.00691692 0.00772489 0.00844611 0.00908185 0.0096367
 0.000530656 0.00119633 0.00205827 0.00303499 0.00405521 0.0050647 0.00602623 0.00691692 0.00772489 0.00844611 0.00908185 0.0096367
 0.000530656 0.00119633 0.00205827 0.00303499 0.00405521 0.0050647 0.00602623 0.00691692 0.00772489 0.00844611 0.00908185 0.0096367
 0.000530656 0.00119633 0.00205827 0.00303499 0.00405521 0.0050647 0.00602623 0.00691692 0.00772489 0.00844611 0.00908185 0.0096367
 0.000530656 0.00119633 0.00205827 0.00303499 0.00405521 0.0050647 0.00602623 0.00691692 0.00772489 0.00844611 0.00908185 0.0096367
 0.000530656 0.00119633 0.00205827 0.00303499 0.00405521 0.0050647 0.00602623 0.00691692 0.00772489 0.00844611 0.00908185 0.0096367
 0.000530656 0.00119633 0.00205827 0.00303499 0.00405521 0.0050647 0.00602623 0.00691692 0.00772489 0.00844611 0.00908185 0.0096367
 0.000530656 0.00119633 0.00205827 0.00303499 0.00405521 0.0050647 0.00602623 0.00691692 0.00772489 0.00844611 0.00908185 0.0096367
 0.000530656 0.00119633 0.00205827 0.00303499 0.00405521 0.0050647 0.00602623 0.00691692 0.00772489 0.00844611 0.00908185 0.0096367
 0.000530656 0.00119633 0.00205827 0.00303499 0.00405521 0.0050647 0.00602623 0.00691692 0.00772489 0.00844611 0.00908185 0.0096367
 0.000530656 0.00119633 0.00205827 0.00303499 0.00405521 0.0050647 0.00602623 0.00691692 0.00772489 0.00844611 0.00908185 0.0096367
 0.000530656 0.00119633 0.00205827 0.00303499 0.00405521 0.0050647 0.00602623 0.00691692 0.00772489 0.00844611 0.00908185 0.0096367
 0.000530656 0.00119633 0.00205827 0.00303499 0.00405521 0.0050647 0.00602623 0.00691692 0.00772489 0.00844611 0.00908185 0.0096367
# nyrs_ind_age
 30
# yrs_ind_age
 1 2 3 4 5 6 7 8 9 10 11 12 13 14 15 16 17 18 19 20 21 22 23 24 25 26 27 28 29 30
# n_sample_ind_age
 200 200 200 200 200 200 200 200 200 200 200 200 200 200 200 200 200 200 200 200 200 200 200 200 200 200 200 200 200 200
# oac_ind
 0.105 0.14 0.13 0.11 0.08 0.065 0.04 0.04 0.075 0.025 0.06 0.13
 0.08 0.125 0.2 0.095 0.11 0.075 0.06 0.045 0.045 0.035 0.04 0.09
 0.05 0.21 0.155 0.115 0.075 0.065 0.055 0.065 0.04 0.025 0.03 0.115
 0.085 0.115 0.17 0.12 0.08 0.06 0.05 0.04 0.055 0.045 0.045 0.135
 0.09 0.095 0.13 0.17 0.1 0.085 0.055 0.065 0.03 0.025 0.025 0.13
 0.045 0.145 0.095 0.12 0.15 0.09 0.06 0.09 0.04 0.04 0.015 0.11
 0.08 0.195 0.205 0.11 0.06 0.06 0.065 0.04 0.02 0.02 0.015 0.13
 0.065 0.14 0.2 0.17 0.085 0.06 0.075 0.025 0.02 0.05 0.02 0.09
 0.085 0.105 0.14 0.175 0.115 0.06 0.06 0.045 0.05 0.025 0.025 0.115
 0.1 0.17 0.185 0.105 0.12 0.105 0.055 0.04 0.025 0.03 0.005 0.06
 0.09 0.19 0.195 0.145 0.105 0.08 0.065 0.025 0.03 0.005 0.02 0.05
 0.095 0.165 0.19 0.105 0.125 0.035 0.065 0.065 0.025 0.025 0.04 0.065
 0.085 0.155 0.155 0.19 0.16 0.07 0.035 0.045 0.02 0 0.01 0.075
 0.075 0.17 0.185 0.14 0.115 0.08 0.065 0.035 0.015 0.035 0.035 0.05
 0.095 0.195 0.145 0.12 0.095 0.1 0.06 0.05 0.035 0.02 0.015 0.07
 0.055 0.175 0.225 0.14 0.1 0.115 0.055 0.01 0.035 0.025 0.02 0.045
 0.08 0.215 0.165 0.205 0.12 0.05 0.055 0.03 0.025 0.015 0.005 0.035
 0.115 0.215 0.2 0.145 0.095 0.04 0.05 0.03 0.035 0.01 0.025 0.04
 0.065 0.195 0.22 0.215 0.09 0.07 0.035 0.045 0.02 0.005 0.01 0.03
 0.09 0.175 0.16 0.24 0.09 0.065 0.035 0.04 0.03 0.03 0.005 0.04
 0.12 0.19 0.24 0.115 0.125 0.075 0.035 0.035 0.015 0.01 0.02 0.02
 0.105 0.295 0.135 0.16 0.075 0.085 0.025 0.03 0.015 0.015 0.005 0.055
 0.105 0.23 0.265 0.15 0.075 0.06 0.025 0.025 0.02 0.01 0.01 0.025
 0.085 0.27 0.25 0.17 0.07 0.05 0.005 0.03 0.01 0.02 0.015 0.025
 0.17 0.23 0.185 0.12 0.15 0 0.055 0.015 0.01 0.02 0.005 0.04
 0.14 0.26 0.135 0.195 0.115 0.065 0.015 0.015 0.03 0.005 0.015 0.01
 0.095 0.235 0.255 0.14 0.09 0.075 0.05 0.01 0.015 0.005 0.015 0.015
 0.11 0.195 0.185 0.215 0.11 0.075 0.06 0.025 0.015 0 0.005 0.005
 0.13 0.335 0.2 0.11 0.075 0.045 0.045 0.025 0.005 0.01 0.005 0.015
 0.105 0.34 0.215 0.16 0.05 0.045 0.025 0.02 0.005 0.025 0 0.01
# olc_ind

# obs_lse_ind
 0.198042 0.198042 0.198042 0.198042 0.198042 0.198042 0.198042 0.198042 0.198042 0.198042 0.198042 0.198042 0.198042 0.198042 0.198042 0.198042 0.198042 0.198042 0.198042 0.198042 0.198042 0.198042 0.198042 0.198042 0.198042 0.198042 0.198042 0.198042 0.198042 0.198042
# xages_fsh
 0 0 0 0 0 0 0 0 0 0 0 0
# xages_fsh
 0 0.0909091 0.181818 0.272727 0.363636 0.454545 0.545455 0.636364 0.727273 0.818182 0.909091 1
# xnodes_fsh

Yrs fsh_sel change:  1 0 0 0 0 0 0 0 0 0 0 0 0 0 0 0 0 0 0 0 0 0 0 0 0 0 0 0 0
Yrs ind_sel change:  1 0 0 0 0 0 0 0 0 0 0 0 0 0 0 0 0 0 0 0 0 0 0 0 0 0 0 0 0
# steepnessprior
0.75
# sigmarprior
0.2
#  SSB estimated in styr endyr: -12 28 
#  Rec estimated in styr endyr: -10 30 
#  SR Curve fit  in styr endyr: 1 30 
#             Model styr endyr: 1 30 
# qprior
 3.48998e-007
# q_power_prior 
 1 
# cv_catchbiomass 
0.05 
# CatchbiomassPen 
200 
# Number of projection years 
5 
# offset_fsh
 13510.5
# offset_ind
 13152.7
Mean Catch
1275.01
R_guess 
13.8155
# nfsh
1
# n_sel_ch_fsh
 1
# nselages_fsh
 11
# phase_selcoff_fsh
 -1
logRzero 13.8155
logmeanrec 13.8155
exp(log_sigmarprior 0.2
Fish sel phase: -1 OM1
Fixing fishery sel to
1
Fixing fishery sel to
1
Srvy sel phase: -1
Fixing survey_index1 indices sel to
1
Fixing index sel to
1
# logsel_slp_in_indv
 0.693147
Leaving parameter init secton
# M
 0.2 0.2 0.2 0.2 0.2 0.2 0.2 0.2 0.2 0.2 0.2 0.2
 0.2 0.2 0.2 0.2 0.2 0.2 0.2 0.2 0.2 0.2 0.2 0.2
 0.2 0.2 0.2 0.2 0.2 0.2 0.2 0.2 0.2 0.2 0.2 0.2
 0.2 0.2 0.2 0.2 0.2 0.2 0.2 0.2 0.2 0.2 0.2 0.2
 0.2 0.2 0.2 0.2 0.2 0.2 0.2 0.2 0.2 0.2 0.2 0.2
 0.2 0.2 0.2 0.2 0.2 0.2 0.2 0.2 0.2 0.2 0.2 0.2
 0.2 0.2 0.2 0.2 0.2 0.2 0.2 0.2 0.2 0.2 0.2 0.2
 0.2 0.2 0.2 0.2 0.2 0.2 0.2 0.2 0.2 0.2 0.2 0.2
 0.2 0.2 0.2 0.2 0.2 0.2 0.2 0.2 0.2 0.2 0.2 0.2
 0.2 0.2 0.2 0.2 0.2 0.2 0.2 0.2 0.2 0.2 0.2 0.2
 0.2 0.2 0.2 0.2 0.2 0.2 0.2 0.2 0.2 0.2 0.2 0.2
 0.2 0.2 0.2 0.2 0.2 0.2 0.2 0.2 0.2 0.2 0.2 0.2
 0.2 0.2 0.2 0.2 0.2 0.2 0.2 0.2 0.2 0.2 0.2 0.2
 0.2 0.2 0.2 0.2 0.2 0.2 0.2 0.2 0.2 0.2 0.2 0.2
 0.2 0.2 0.2 0.2 0.2 0.2 0.2 0.2 0.2 0.2 0.2 0.2
 0.2 0.2 0.2 0.2 0.2 0.2 0.2 0.2 0.2 0.2 0.2 0.2
 0.2 0.2 0.2 0.2 0.2 0.2 0.2 0.2 0.2 0.2 0.2 0.2
 0.2 0.2 0.2 0.2 0.2 0.2 0.2 0.2 0.2 0.2 0.2 0.2
 0.2 0.2 0.2 0.2 0.2 0.2 0.2 0.2 0.2 0.2 0.2 0.2
 0.2 0.2 0.2 0.2 0.2 0.2 0.2 0.2 0.2 0.2 0.2 0.2
 0.2 0.2 0.2 0.2 0.2 0.2 0.2 0.2 0.2 0.2 0.2 0.2
 0.2 0.2 0.2 0.2 0.2 0.2 0.2 0.2 0.2 0.2 0.2 0.2
 0.2 0.2 0.2 0.2 0.2 0.2 0.2 0.2 0.2 0.2 0.2 0.2
 0.2 0.2 0.2 0.2 0.2 0.2 0.2 0.2 0.2 0.2 0.2 0.2
 0.2 0.2 0.2 0.2 0.2 0.2 0.2 0.2 0.2 0.2 0.2 0.2
 0.2 0.2 0.2 0.2 0.2 0.2 0.2 0.2 0.2 0.2 0.2 0.2
 0.2 0.2 0.2 0.2 0.2 0.2 0.2 0.2 0.2 0.2 0.2 0.2
 0.2 0.2 0.2 0.2 0.2 0.2 0.2 0.2 0.2 0.2 0.2 0.2
 0.2 0.2 0.2 0.2 0.2 0.2 0.2 0.2 0.2 0.2 0.2 0.2
 0.2 0.2 0.2 0.2 0.2 0.2 0.2 0.2 0.2 0.2 0.2 0.2
# mean_log_rec
13.785
# log_Rzero
13.8058
# rec_dev
 -0.0924021 0.0209662 0.188078 0.142525 -0.097386 -0.0407622 -0.0307294 -0.0930494 0.0611106 0.0317669 0.0243655 0.0692064 0.233682 -0.0302614 -0.10081 0.332118 0.217074 -0.0210018 0.0769001 0.041239 0.171084 0.0461653 -0.125066 -0.117057 0.0915458 -0.095149 -0.0397296 0.0777987 -0.29859 -0.180665 -0.430743 0.0265873 -0.0582255 -0.224307 -0.381901 -0.169566 -0.46696 -0.438951 -0.117593 -0.0672729 -0.315671
# fmort
 0.00890049 0.0266262 0.0437732 0.0596484 0.0478274 0.0860897 0.087703 0.185504 0.108761 0.133098 0.151399 0.161375 0.115998 0.168659 0.180498 0.159763 0.313425 0.258589 0.254445 0.250845 0.346491 0.251595 0.409319 0.33448 0.327753 0.294062 0.284717 0.394843 0.296165 0.445089
# rec_dev_future
 0 0 0 0 0
