AMAK;August_2013
# styr
1
# endyr
30
# rec_age
1
# oldest_age
12
# nlength
81
# len_bins
 10 11 12 13 14 15 16 17 18 19 20 21 22 23 24 25 26 27 28 29 30 31 32 33 34 35 36 37 38 39 40 41 42 43 44 45 46 47 48 49 50 51 52 53 54 55 56 57 58 59 60 61 62 63 64 65 66 67 68 69 70 71 72 73 74 75 76 77 78 79 80 81 82 83 84 85 86 87 88 89 90
# datafile_name
amak_data.dat
# model_name
OM_1
# styr
1
# endyr
30
# rec_age
1
# oldest_age
12
# nfsh
1
# fshname
OM1
# catch_bio_in
 160.572 467.839 764.014 1002.88 766.835 1328.24 1281.21 2492.61 1328.03 1533.16 1624.69 1614.52 1109.66 1524.31 1503.62 1273.77 2256.62 1623.21 1454.14 1308.19 1616.54 1088.99 1611.6 1199.78 1117.3 966.183 926.098 1210.46 870.124 1281.84
# catch_bio_sd_in
 0.01 0.01 0.01 0.01 0.01 0.01 0.01 0.01 0.01 0.01 0.01 0.01 0.01 0.01 0.01 0.01 0.01 0.01 0.01 0.01 0.01 0.01 0.01 0.01 0.01 0.01 0.01 0.01 0.01 0.01
# nyrs_fsh_age
 30
# nyrs_fsh_length
 0
# yrs_fsh_age_in
 1 2 3 4 5 6 7 8 9 10 11 12 13 14 15 16 17 18 19 20 21 22 23 24 25 26 27 28 29 30
# yrs_fsh_length_in

# n_sample_fsh_length_in

# olc_fsh_in

# nind
1
# indname
survey_index1
# nyrs_ind
 30
# yrs_ind_in
 1 2 3 4 5 6 7 8 9 10 11 12 13 14 15 16 17 18 19 20 21 22 23 24 25 26 27 28 29 30
# mo_ind
 1
# obs_ind_in
 1.65147 1.92277 1.41416 1.47524 1.47619 1.92131 1.61533 1.0375 1.30977 1.1486 1.07597 0.873559 1.06707 1.20984 0.909654 0.851923 1.09395 0.87729 0.680668 0.743559 0.687908 0.732713 0.76701 0.651446 0.512334 0.56831 0.529292 0.571436 0.565284 0.469068
# obs_se_ind_in
 0.330295 0.384555 0.282832 0.295047 0.295238 0.384262 0.323067 0.207501 0.261953 0.22972 0.215194 0.174712 0.213414 0.241968 0.181931 0.170385 0.218791 0.175458 0.136134 0.148712 0.137582 0.146543 0.153402 0.130289 0.102467 0.113662 0.105858 0.114287 0.113057 0.0938135
# nyrs_ind_age
 30
# nyrs_ind_length
 0
# yrs_ind_age_in
 1 2 3 4 5 6 7 8 9 10 11 12 13 14 15 16 17 18 19 20 21 22 23 24 25 26 27 28 29 30
# yrs_ind_length_in

# yrs_ind_age_in
 1 2 3 4 5 6 7 8 9 10 11 12 13 14 15 16 17 18 19 20 21 22 23 24 25 26 27 28 29 30
# n_sample_ind_length_in

# olc_ind_in

# oac_ind_in
 0.055 0.16 0.16 0.115 0.145 0.04 0.06 0.045 0.06 0.03 0.015 0.115
 0.115 0.09 0.17 0.135 0.095 0.055 0.04 0.045 0.045 0.035 0.04 0.135
 0.06 0.18 0.12 0.155 0.095 0.07 0.05 0.04 0.055 0.035 0.035 0.105
 0.035 0.085 0.195 0.14 0.085 0.08 0.07 0.04 0.06 0.055 0.025 0.13
 0.08 0.065 0.165 0.15 0.155 0.085 0.05 0.03 0.04 0.045 0.04 0.095
 0.12 0.185 0.12 0.115 0.095 0.045 0.04 0.075 0.035 0.025 0.02 0.125
 0.05 0.165 0.22 0.115 0.065 0.11 0.065 0.035 0.03 0.015 0.04 0.09
 0.095 0.11 0.205 0.18 0.085 0.075 0.035 0.045 0.01 0.05 0.025 0.085
 0.06 0.16 0.195 0.18 0.095 0.05 0.025 0.045 0.02 0.015 0.035 0.12
 0.05 0.175 0.215 0.155 0.105 0.085 0.015 0.05 0.035 0.015 0 0.1
 0.05 0.19 0.16 0.21 0.05 0.08 0.06 0.025 0.02 0.04 0.005 0.11
 0.065 0.19 0.235 0.12 0.1 0.05 0.075 0.06 0.025 0.015 0.02 0.045
 0.07 0.155 0.14 0.165 0.115 0.07 0.06 0.08 0.04 0.02 0.03 0.055
 0.09 0.215 0.15 0.145 0.095 0.07 0.065 0.035 0.05 0.035 0.01 0.04
 0.105 0.2 0.18 0.095 0.115 0.075 0.06 0.035 0.025 0.035 0.01 0.065
 0.095 0.215 0.245 0.11 0.1 0.055 0.025 0.05 0.025 0.015 0.015 0.05
 0.12 0.22 0.185 0.13 0.08 0.04 0.07 0.055 0.005 0.02 0.025 0.05
 0.065 0.24 0.195 0.16 0.1 0.055 0.03 0.03 0.03 0.025 0.015 0.055
 0.09 0.145 0.26 0.16 0.09 0.095 0.04 0.045 0.02 0.01 0.015 0.03
 0.08 0.235 0.175 0.16 0.115 0.08 0.055 0.025 0.025 0.015 0.005 0.03
 0.13 0.195 0.25 0.065 0.13 0.105 0.045 0.045 0.005 0.01 0.005 0.015
 0.125 0.23 0.215 0.15 0.075 0.085 0.02 0.04 0.02 0 0.015 0.025
 0.115 0.3 0.25 0.08 0.09 0.035 0.045 0.02 0.015 0.01 0.01 0.03
 0.11 0.245 0.285 0.155 0.055 0.05 0.03 0.01 0.03 0 0.015 0.015
 0.14 0.19 0.25 0.16 0.115 0.05 0.02 0.01 0.03 0.01 0.005 0.02
 0.075 0.215 0.2 0.18 0.165 0.065 0.035 0.025 0 0.01 0.01 0.02
 0.13 0.155 0.325 0.14 0.075 0.06 0.05 0.015 0.015 0 0.01 0.025
 0.145 0.25 0.245 0.17 0.05 0.06 0.035 0.025 0.015 0 0 0.005
 0.15 0.32 0.195 0.095 0.11 0.045 0.03 0.04 0.005 0 0.005 0.005
 0.12 0.35 0.265 0.105 0.06 0.04 0.025 0.015 0.005 0.015 0 0
# wt_ind
 1 1 1 1 1 1 1 1 1 1 1 1
 1 1 1 1 1 1 1 1 1 1 1 1
 1 1 1 1 1 1 1 1 1 1 1 1
 1 1 1 1 1 1 1 1 1 1 1 1
 1 1 1 1 1 1 1 1 1 1 1 1
 1 1 1 1 1 1 1 1 1 1 1 1
 1 1 1 1 1 1 1 1 1 1 1 1
 1 1 1 1 1 1 1 1 1 1 1 1
 1 1 1 1 1 1 1 1 1 1 1 1
 1 1 1 1 1 1 1 1 1 1 1 1
 1 1 1 1 1 1 1 1 1 1 1 1
 1 1 1 1 1 1 1 1 1 1 1 1
 1 1 1 1 1 1 1 1 1 1 1 1
 1 1 1 1 1 1 1 1 1 1 1 1
 1 1 1 1 1 1 1 1 1 1 1 1
 1 1 1 1 1 1 1 1 1 1 1 1
 1 1 1 1 1 1 1 1 1 1 1 1
 1 1 1 1 1 1 1 1 1 1 1 1
 1 1 1 1 1 1 1 1 1 1 1 1
 1 1 1 1 1 1 1 1 1 1 1 1
 1 1 1 1 1 1 1 1 1 1 1 1
 1 1 1 1 1 1 1 1 1 1 1 1
 1 1 1 1 1 1 1 1 1 1 1 1
 1 1 1 1 1 1 1 1 1 1 1 1
 1 1 1 1 1 1 1 1 1 1 1 1
 1 1 1 1 1 1 1 1 1 1 1 1
 1 1 1 1 1 1 1 1 1 1 1 1
 1 1 1 1 1 1 1 1 1 1 1 1
 1 1 1 1 1 1 1 1 1 1 1 1
 1 1 1 1 1 1 1 1 1 1 1 1
# wt_pop
 0.000530656 0.00119633 0.00205827 0.00303499 0.00405521 0.0050647 0.00602623 0.00691692 0.00772489 0.00844611 0.00908185 0.0096367
# maturity
 0.0229774 0.320821 0.904651 0.99478 0.999739 0.999987 0.999999 1 1 1 1 1
# spawnmo
1
# age_err
 1 0 0 0 0 0 0 0 0 0 0 0
 0 1 0 0 0 0 0 0 0 0 0 0
 0 0 1 0 0 0 0 0 0 0 0 0
 0 0 0 1 0 0 0 0 0 0 0 0
 0 0 0 0 1 0 0 0 0 0 0 0
 0 0 0 0 0 1 0 0 0 0 0 0
 0 0 0 0 0 0 1 0 0 0 0 0
 0 0 0 0 0 0 0 1 0 0 0 0
 0 0 0 0 0 0 0 0 1 0 0 0
 0 0 0 0 0 0 0 0 0 1 0 0
 0 0 0 0 0 0 0 0 0 0 1 0
 0 0 0 0 0 0 0 0 0 0 0 1
# cntrlfile_name
C:\Users\bai.li\Desktop\s1_test\AMAK\s22\amak.dat
# Map shared selectivity: 
# sel_map
 1 2
 1 1
# datafile_name
amak_data.dat
# model_name
OM_1
# SrType
2
# use_age_err
0
# retro
0
# sigmarprior
0.2
# cvsigmarprior
0.25
# phase_sigmar
-3
# styr_rec_est
1
# endyr_rec_est
30
# Linfprior
80
# cvLinfprior
0.25
# kprior
0.18
# cvkprior
0.25
# Loprior
27.688
# cvLoprior
0.25
# sdageprior
0.1
# cvsdageprior
0.25
# natmortprior
0.2
# cvnatmortprior
0.25
# phase_M
-4
# npars_Mage
0
# ages_M_changes

# Mage_in

# phase_Mage
-5
# phase_rw_M
0
# npars_rw_M
0
# yrs_rw_M

# sigma_rw_M

# qprior
 3.48998e-007
# cvqprior
 1
# phase_q
 1
# q_power_prior
 1
# cvq_power_prior
 0.2
# phase_q_power
 -4
# phase_rw_q
 -1
# npars_rw_q
 0
# yrs_rw_q

# sigma_rw_q

# q_age_min
 1
# q_age_max
 12
# q_age_min
 1
# q_age_max
 12
# fsh_sel_opt(k)
2
# phase_sel_fsh(k)
-2
# n_sel_ch_fsh(k)
1
# sel_slp_in_fsh(k)(1,n_sel_ch_fsh(k))
 1
# sel_inf_in_fsh(k)(1,n_sel_ch_fsh(k))
 2
# logsel_slp_in_fsh(k)(1,n_sel_ch_fsh(k))
 0
# yrs_sel_ch_fsh(k)(1,n_sel_ch_fsh(k))
 1

Survey survey_index1
# ind_sel_opt(k)
2
# indname(k)
survey_index1
# nselages_in_ind(k)
11
# phase_sel_ind(k)
-2
# sel_change_in_ind(k)
 1 0 0 0 0 0 0 0 0 0 0 0 0 0 0 0 0 0 0 0 0 0 0 0 0 0 0 0 0 0
# n_sel_ch_ind(k)
1
# yrs_sel_ch_ind(k)(1,n_sel_ch_ind(k))
 1
# sel_slp_in_ind(k,1)
2
# sel_inf_in_ind(k,1)
1.5
# logsel_slp_in_ind(k,1)
0.693147
# logsel_slp_in_indv(k)
0.693147
survey_index1 ind sel opt 2  1 0 0 0 0 0 0 0 0 0 0 0 0 0 0 0 0 0 0 0 0 0 0 0 0 0 0 0 0 0
Phase indices Sel_Coffs:  -1
 Test: 1.23457e+008
# Fshry Selages:  11
# Srvy  Selages:  11
# Phase for age-spec fishery  -1
# Phase for logistic fishery  -2
# Phase for dble logistic fishery  -1
# Phase for age-spec indices   -1
# Phase for logistic indices   -2
# Phase for dble logistic ind  -1
# Curv_pen_fsh: 
 0
# Curv_pen_ind: 
 0
# styr_fut
31
# endyr_fut
35
# nyrs_fsh_age
 30
# nyrs_fsh_age
 30
# yrs_fsh_age
 1 2 3 4 5 6 7 8 9 10 11 12 13 14 15 16 17 18 19 20 21 22 23 24 25 26 27 28 29 30
# n_sample_fsh_age
 200 200 200 200 200 200 200 200 200 200 200 200 200 200 200 200 200 200 200 200 200 200 200 200 200 200 200 200 200 200
# oac_fsh
 0.075 0.075 0.1 0.15 0.135 0.075 0.055 0.05 0.05 0.06 0.04 0.135
 0.125 0.085 0.075 0.17 0.105 0.08 0.085 0.02 0.045 0.03 0.03 0.15
 0.05 0.19 0.09 0.08 0.11 0.12 0.07 0.05 0.04 0.025 0.015 0.16
 0.06 0.105 0.165 0.1 0.085 0.105 0.07 0.055 0.045 0.06 0.015 0.135
 0.075 0.06 0.15 0.15 0.14 0.08 0.065 0.035 0.05 0.03 0.015 0.15
 0.08 0.15 0.085 0.155 0.105 0.075 0.06 0.055 0.04 0.03 0.035 0.13
 0.045 0.135 0.2 0.1 0.08 0.105 0.07 0.04 0.035 0.03 0.04 0.12
 0.12 0.09 0.145 0.205 0.07 0.075 0.085 0.04 0.025 0.03 0.03 0.085
 0.075 0.155 0.15 0.15 0.145 0.055 0.015 0.045 0.07 0.02 0.03 0.09
 0.09 0.145 0.15 0.09 0.13 0.115 0.05 0.06 0.045 0.025 0.03 0.07
 0.06 0.16 0.155 0.14 0.11 0.085 0.075 0.035 0.01 0.025 0.025 0.12
 0.1 0.125 0.16 0.12 0.14 0.09 0.05 0.04 0.02 0.03 0.03 0.095
 0.08 0.13 0.2 0.135 0.13 0.095 0.045 0.05 0.045 0.01 0.015 0.065
 0.11 0.12 0.16 0.145 0.125 0.075 0.075 0.04 0.045 0.03 0.015 0.06
 0.105 0.18 0.16 0.14 0.09 0.08 0.025 0.04 0.015 0.045 0.045 0.075
 0.13 0.11 0.17 0.15 0.1 0.075 0.075 0.06 0.045 0.025 0.015 0.045
 0.165 0.195 0.125 0.12 0.13 0.06 0.05 0.03 0.04 0.015 0.025 0.045
 0.06 0.165 0.195 0.2 0.11 0.085 0.06 0.045 0.025 0.02 0.005 0.03
 0.105 0.14 0.17 0.165 0.095 0.075 0.07 0.055 0.03 0.02 0.015 0.06
 0.075 0.12 0.21 0.19 0.14 0.075 0.055 0.035 0.025 0.015 0.03 0.03
 0.175 0.12 0.215 0.11 0.105 0.1 0.08 0.055 0.005 0.015 0 0.02
 0.165 0.22 0.165 0.135 0.125 0.065 0.035 0.025 0.02 0.02 0.005 0.02
 0.115 0.24 0.225 0.12 0.105 0.08 0.03 0.035 0.02 0.01 0.01 0.01
 0.125 0.13 0.2 0.2 0.085 0.105 0.055 0.035 0.03 0.005 0.01 0.02
 0.165 0.17 0.16 0.165 0.095 0.09 0.04 0.025 0.03 0.025 0.015 0.02
 0.13 0.2 0.175 0.205 0.14 0.085 0.015 0.01 0.005 0.01 0.01 0.015
 0.2 0.18 0.2 0.095 0.09 0.11 0.05 0.035 0.01 0.02 0.005 0.005
 0.195 0.19 0.155 0.22 0.095 0.04 0.04 0.03 0.02 0.005 0 0.01
 0.2 0.265 0.18 0.16 0.055 0.04 0.04 0.035 0.015 0 0.005 0.005
 0.12 0.27 0.22 0.16 0.06 0.075 0.055 0.01 0.015 0.01 0 0.005
# olc_fsh

# wt_fsh
 0.000530656 0.00119633 0.00205827 0.00303499 0.00405521 0.0050647 0.00602623 0.00691692 0.00772489 0.00844611 0.00908185 0.0096367
 0.000530656 0.00119633 0.00205827 0.00303499 0.00405521 0.0050647 0.00602623 0.00691692 0.00772489 0.00844611 0.00908185 0.0096367
 0.000530656 0.00119633 0.00205827 0.00303499 0.00405521 0.0050647 0.00602623 0.00691692 0.00772489 0.00844611 0.00908185 0.0096367
 0.000530656 0.00119633 0.00205827 0.00303499 0.00405521 0.0050647 0.00602623 0.00691692 0.00772489 0.00844611 0.00908185 0.0096367
 0.000530656 0.00119633 0.00205827 0.00303499 0.00405521 0.0050647 0.00602623 0.00691692 0.00772489 0.00844611 0.00908185 0.0096367
 0.000530656 0.00119633 0.00205827 0.00303499 0.00405521 0.0050647 0.00602623 0.00691692 0.00772489 0.00844611 0.00908185 0.0096367
 0.000530656 0.00119633 0.00205827 0.00303499 0.00405521 0.0050647 0.00602623 0.00691692 0.00772489 0.00844611 0.00908185 0.0096367
 0.000530656 0.00119633 0.00205827 0.00303499 0.00405521 0.0050647 0.00602623 0.00691692 0.00772489 0.00844611 0.00908185 0.0096367
 0.000530656 0.00119633 0.00205827 0.00303499 0.00405521 0.0050647 0.00602623 0.00691692 0.00772489 0.00844611 0.00908185 0.0096367
 0.000530656 0.00119633 0.00205827 0.00303499 0.00405521 0.0050647 0.00602623 0.00691692 0.00772489 0.00844611 0.00908185 0.0096367
 0.000530656 0.00119633 0.00205827 0.00303499 0.00405521 0.0050647 0.00602623 0.00691692 0.00772489 0.00844611 0.00908185 0.0096367
 0.000530656 0.00119633 0.00205827 0.00303499 0.00405521 0.0050647 0.00602623 0.00691692 0.00772489 0.00844611 0.00908185 0.0096367
 0.000530656 0.00119633 0.00205827 0.00303499 0.00405521 0.0050647 0.00602623 0.00691692 0.00772489 0.00844611 0.00908185 0.0096367
 0.000530656 0.00119633 0.00205827 0.00303499 0.00405521 0.0050647 0.00602623 0.00691692 0.00772489 0.00844611 0.00908185 0.0096367
 0.000530656 0.00119633 0.00205827 0.00303499 0.00405521 0.0050647 0.00602623 0.00691692 0.00772489 0.00844611 0.00908185 0.0096367
 0.000530656 0.00119633 0.00205827 0.00303499 0.00405521 0.0050647 0.00602623 0.00691692 0.00772489 0.00844611 0.00908185 0.0096367
 0.000530656 0.00119633 0.00205827 0.00303499 0.00405521 0.0050647 0.00602623 0.00691692 0.00772489 0.00844611 0.00908185 0.0096367
 0.000530656 0.00119633 0.00205827 0.00303499 0.00405521 0.0050647 0.00602623 0.00691692 0.00772489 0.00844611 0.00908185 0.0096367
 0.000530656 0.00119633 0.00205827 0.00303499 0.00405521 0.0050647 0.00602623 0.00691692 0.00772489 0.00844611 0.00908185 0.0096367
 0.000530656 0.00119633 0.00205827 0.00303499 0.00405521 0.0050647 0.00602623 0.00691692 0.00772489 0.00844611 0.00908185 0.0096367
 0.000530656 0.00119633 0.00205827 0.00303499 0.00405521 0.0050647 0.00602623 0.00691692 0.00772489 0.00844611 0.00908185 0.0096367
 0.000530656 0.00119633 0.00205827 0.00303499 0.00405521 0.0050647 0.00602623 0.00691692 0.00772489 0.00844611 0.00908185 0.0096367
 0.000530656 0.00119633 0.00205827 0.00303499 0.00405521 0.0050647 0.00602623 0.00691692 0.00772489 0.00844611 0.00908185 0.0096367
 0.000530656 0.00119633 0.00205827 0.00303499 0.00405521 0.0050647 0.00602623 0.00691692 0.00772489 0.00844611 0.00908185 0.0096367
 0.000530656 0.00119633 0.00205827 0.00303499 0.00405521 0.0050647 0.00602623 0.00691692 0.00772489 0.00844611 0.00908185 0.0096367
 0.000530656 0.00119633 0.00205827 0.00303499 0.00405521 0.0050647 0.00602623 0.00691692 0.00772489 0.00844611 0.00908185 0.0096367
 0.000530656 0.00119633 0.00205827 0.00303499 0.00405521 0.0050647 0.00602623 0.00691692 0.00772489 0.00844611 0.00908185 0.0096367
 0.000530656 0.00119633 0.00205827 0.00303499 0.00405521 0.0050647 0.00602623 0.00691692 0.00772489 0.00844611 0.00908185 0.0096367
 0.000530656 0.00119633 0.00205827 0.00303499 0.00405521 0.0050647 0.00602623 0.00691692 0.00772489 0.00844611 0.00908185 0.0096367
 0.000530656 0.00119633 0.00205827 0.00303499 0.00405521 0.0050647 0.00602623 0.00691692 0.00772489 0.00844611 0.00908185 0.0096367
# nyrs_ind_age
 30
# yrs_ind_age
 1 2 3 4 5 6 7 8 9 10 11 12 13 14 15 16 17 18 19 20 21 22 23 24 25 26 27 28 29 30
# n_sample_ind_age
 200 200 200 200 200 200 200 200 200 200 200 200 200 200 200 200 200 200 200 200 200 200 200 200 200 200 200 200 200 200
# oac_ind
 0.055 0.16 0.16 0.115 0.145 0.04 0.06 0.045 0.06 0.03 0.015 0.115
 0.115 0.09 0.17 0.135 0.095 0.055 0.04 0.045 0.045 0.035 0.04 0.135
 0.06 0.18 0.12 0.155 0.095 0.07 0.05 0.04 0.055 0.035 0.035 0.105
 0.035 0.085 0.195 0.14 0.085 0.08 0.07 0.04 0.06 0.055 0.025 0.13
 0.08 0.065 0.165 0.15 0.155 0.085 0.05 0.03 0.04 0.045 0.04 0.095
 0.12 0.185 0.12 0.115 0.095 0.045 0.04 0.075 0.035 0.025 0.02 0.125
 0.05 0.165 0.22 0.115 0.065 0.11 0.065 0.035 0.03 0.015 0.04 0.09
 0.095 0.11 0.205 0.18 0.085 0.075 0.035 0.045 0.01 0.05 0.025 0.085
 0.06 0.16 0.195 0.18 0.095 0.05 0.025 0.045 0.02 0.015 0.035 0.12
 0.05 0.175 0.215 0.155 0.105 0.085 0.015 0.05 0.035 0.015 0 0.1
 0.05 0.19 0.16 0.21 0.05 0.08 0.06 0.025 0.02 0.04 0.005 0.11
 0.065 0.19 0.235 0.12 0.1 0.05 0.075 0.06 0.025 0.015 0.02 0.045
 0.07 0.155 0.14 0.165 0.115 0.07 0.06 0.08 0.04 0.02 0.03 0.055
 0.09 0.215 0.15 0.145 0.095 0.07 0.065 0.035 0.05 0.035 0.01 0.04
 0.105 0.2 0.18 0.095 0.115 0.075 0.06 0.035 0.025 0.035 0.01 0.065
 0.095 0.215 0.245 0.11 0.1 0.055 0.025 0.05 0.025 0.015 0.015 0.05
 0.12 0.22 0.185 0.13 0.08 0.04 0.07 0.055 0.005 0.02 0.025 0.05
 0.065 0.24 0.195 0.16 0.1 0.055 0.03 0.03 0.03 0.025 0.015 0.055
 0.09 0.145 0.26 0.16 0.09 0.095 0.04 0.045 0.02 0.01 0.015 0.03
 0.08 0.235 0.175 0.16 0.115 0.08 0.055 0.025 0.025 0.015 0.005 0.03
 0.13 0.195 0.25 0.065 0.13 0.105 0.045 0.045 0.005 0.01 0.005 0.015
 0.125 0.23 0.215 0.15 0.075 0.085 0.02 0.04 0.02 0 0.015 0.025
 0.115 0.3 0.25 0.08 0.09 0.035 0.045 0.02 0.015 0.01 0.01 0.03
 0.11 0.245 0.285 0.155 0.055 0.05 0.03 0.01 0.03 0 0.015 0.015
 0.14 0.19 0.25 0.16 0.115 0.05 0.02 0.01 0.03 0.01 0.005 0.02
 0.075 0.215 0.2 0.18 0.165 0.065 0.035 0.025 0 0.01 0.01 0.02
 0.13 0.155 0.325 0.14 0.075 0.06 0.05 0.015 0.015 0 0.01 0.025
 0.145 0.25 0.245 0.17 0.05 0.06 0.035 0.025 0.015 0 0 0.005
 0.15 0.32 0.195 0.095 0.11 0.045 0.03 0.04 0.005 0 0.005 0.005
 0.12 0.35 0.265 0.105 0.06 0.04 0.025 0.015 0.005 0.015 0 0
# olc_ind

# obs_lse_ind
 0.198042 0.198042 0.198042 0.198042 0.198042 0.198042 0.198042 0.198042 0.198042 0.198042 0.198042 0.198042 0.198042 0.198042 0.198042 0.198042 0.198042 0.198042 0.198042 0.198042 0.198042 0.198042 0.198042 0.198042 0.198042 0.198042 0.198042 0.198042 0.198042 0.198042
# xages_fsh
 0 0 0 0 0 0 0 0 0 0 0 0
# xages_fsh
 0 0.0909091 0.181818 0.272727 0.363636 0.454545 0.545455 0.636364 0.727273 0.818182 0.909091 1
# xnodes_fsh

Yrs fsh_sel change:  1 0 0 0 0 0 0 0 0 0 0 0 0 0 0 0 0 0 0 0 0 0 0 0 0 0 0 0 0
Yrs ind_sel change:  1 0 0 0 0 0 0 0 0 0 0 0 0 0 0 0 0 0 0 0 0 0 0 0 0 0 0 0 0
# steepnessprior
0.75
# sigmarprior
0.2
#  SSB estimated in styr endyr: -12 28 
#  Rec estimated in styr endyr: -10 30 
#  SR Curve fit  in styr endyr: 1 30 
#             Model styr endyr: 1 30 
# qprior
 3.48998e-007
# q_power_prior 
 1 
# cv_catchbiomass 
0.05 
# CatchbiomassPen 
200 
# Number of projection years 
5 
# offset_fsh
 13447.2
# offset_ind
 13005.6
Mean Catch
1276.9
R_guess 
13.8155
# nfsh
1
# n_sel_ch_fsh
 1
# nselages_fsh
 11
# phase_selcoff_fsh
 -1
logRzero 13.8155
logmeanrec 13.8155
exp(log_sigmarprior 0.2
Fish sel phase: -1 OM1
Fixing fishery sel to
1
Fixing fishery sel to
1
Srvy sel phase: -1
Fixing survey_index1 indices sel to
1
Fixing index sel to
1
# logsel_slp_in_indv
 0.693147
Leaving parameter init secton
# M
 0.2 0.2 0.2 0.2 0.2 0.2 0.2 0.2 0.2 0.2 0.2 0.2
 0.2 0.2 0.2 0.2 0.2 0.2 0.2 0.2 0.2 0.2 0.2 0.2
 0.2 0.2 0.2 0.2 0.2 0.2 0.2 0.2 0.2 0.2 0.2 0.2
 0.2 0.2 0.2 0.2 0.2 0.2 0.2 0.2 0.2 0.2 0.2 0.2
 0.2 0.2 0.2 0.2 0.2 0.2 0.2 0.2 0.2 0.2 0.2 0.2
 0.2 0.2 0.2 0.2 0.2 0.2 0.2 0.2 0.2 0.2 0.2 0.2
 0.2 0.2 0.2 0.2 0.2 0.2 0.2 0.2 0.2 0.2 0.2 0.2
 0.2 0.2 0.2 0.2 0.2 0.2 0.2 0.2 0.2 0.2 0.2 0.2
 0.2 0.2 0.2 0.2 0.2 0.2 0.2 0.2 0.2 0.2 0.2 0.2
 0.2 0.2 0.2 0.2 0.2 0.2 0.2 0.2 0.2 0.2 0.2 0.2
 0.2 0.2 0.2 0.2 0.2 0.2 0.2 0.2 0.2 0.2 0.2 0.2
 0.2 0.2 0.2 0.2 0.2 0.2 0.2 0.2 0.2 0.2 0.2 0.2
 0.2 0.2 0.2 0.2 0.2 0.2 0.2 0.2 0.2 0.2 0.2 0.2
 0.2 0.2 0.2 0.2 0.2 0.2 0.2 0.2 0.2 0.2 0.2 0.2
 0.2 0.2 0.2 0.2 0.2 0.2 0.2 0.2 0.2 0.2 0.2 0.2
 0.2 0.2 0.2 0.2 0.2 0.2 0.2 0.2 0.2 0.2 0.2 0.2
 0.2 0.2 0.2 0.2 0.2 0.2 0.2 0.2 0.2 0.2 0.2 0.2
 0.2 0.2 0.2 0.2 0.2 0.2 0.2 0.2 0.2 0.2 0.2 0.2
 0.2 0.2 0.2 0.2 0.2 0.2 0.2 0.2 0.2 0.2 0.2 0.2
 0.2 0.2 0.2 0.2 0.2 0.2 0.2 0.2 0.2 0.2 0.2 0.2
 0.2 0.2 0.2 0.2 0.2 0.2 0.2 0.2 0.2 0.2 0.2 0.2
 0.2 0.2 0.2 0.2 0.2 0.2 0.2 0.2 0.2 0.2 0.2 0.2
 0.2 0.2 0.2 0.2 0.2 0.2 0.2 0.2 0.2 0.2 0.2 0.2
 0.2 0.2 0.2 0.2 0.2 0.2 0.2 0.2 0.2 0.2 0.2 0.2
 0.2 0.2 0.2 0.2 0.2 0.2 0.2 0.2 0.2 0.2 0.2 0.2
 0.2 0.2 0.2 0.2 0.2 0.2 0.2 0.2 0.2 0.2 0.2 0.2
 0.2 0.2 0.2 0.2 0.2 0.2 0.2 0.2 0.2 0.2 0.2 0.2
 0.2 0.2 0.2 0.2 0.2 0.2 0.2 0.2 0.2 0.2 0.2 0.2
 0.2 0.2 0.2 0.2 0.2 0.2 0.2 0.2 0.2 0.2 0.2 0.2
 0.2 0.2 0.2 0.2 0.2 0.2 0.2 0.2 0.2 0.2 0.2 0.2
# mean_log_rec
13.7335
# log_Rzero
13.8062
# rec_dev
 -0.0535 -0.0330112 0.0897804 0.00952344 -0.0953894 -0.0140772 -0.0597027 0.0753138 0.0477183 0.143663 -0.0441799 0.0348742 0.330095 -0.00120482 -0.216343 0.385995 0.318172 0.00133267 0.236993 0.0544675 0.112606 -0.00690365 -0.0706041 -0.0295838 0.110997 0.0365987 0.130397 0.101713 -0.29793 -0.126367 -0.323069 0.0114584 0.0359762 -0.240518 -0.417607 -0.19073 -0.474587 -0.292252 -0.0765913 -0.0274059 -0.372634
# fmort
 0.00931867 0.0274982 0.0460831 0.0629283 0.050004 0.0904734 0.091898 0.19499 0.113842 0.138872 0.157691 0.169307 0.123309 0.178844 0.189816 0.169356 0.329712 0.269732 0.264049 0.258269 0.35725 0.263609 0.423479 0.350786 0.350326 0.321037 0.319361 0.448608 0.336709 0.512916
# rec_dev_future
 0 0 0 0 0
