AMAK;August_2013
# styr
1
# endyr
30
# rec_age
1
# oldest_age
12
# nlength
81
# len_bins
 10 11 12 13 14 15 16 17 18 19 20 21 22 23 24 25 26 27 28 29 30 31 32 33 34 35 36 37 38 39 40 41 42 43 44 45 46 47 48 49 50 51 52 53 54 55 56 57 58 59 60 61 62 63 64 65 66 67 68 69 70 71 72 73 74 75 76 77 78 79 80 81 82 83 84 85 86 87 88 89 90
# datafile_name
amak_data.dat
# model_name
OM_1
# styr
1
# endyr
30
# rec_age
1
# oldest_age
12
# nfsh
1
# fshname
OM1
# catch_bio_in
 160.744 471.49 754.584 993.393 766.391 1317.69 1281.83 2495.86 1332.51 1532.6 1620.13 1609.66 1108.28 1525.82 1521.57 1269.6 2245.79 1603.56 1470.06 1315.4 1615.51 1076.74 1628.69 1206.86 1112.99 965.855 920.061 1202.65 879.246 1282.79
# catch_bio_sd_in
 0.01 0.01 0.01 0.01 0.01 0.01 0.01 0.01 0.01 0.01 0.01 0.01 0.01 0.01 0.01 0.01 0.01 0.01 0.01 0.01 0.01 0.01 0.01 0.01 0.01 0.01 0.01 0.01 0.01 0.01
# nyrs_fsh_age
 30
# nyrs_fsh_length
 0
# yrs_fsh_age_in
 1 2 3 4 5 6 7 8 9 10 11 12 13 14 15 16 17 18 19 20 21 22 23 24 25 26 27 28 29 30
# yrs_fsh_length_in

# n_sample_fsh_length_in

# olc_fsh_in

# nind
1
# indname
survey_index1
# nyrs_ind
 30
# yrs_ind_in
 1 2 3 4 5 6 7 8 9 10 11 12 13 14 15 16 17 18 19 20 21 22 23 24 25 26 27 28 29 30
# mo_ind
 1
# obs_ind_in
 1.56342 1.90008 1.40881 1.24202 1.26589 1.36272 1.49976 1.37451 1.20922 1.21417 1.11183 1.02874 0.933828 0.983971 1.03078 1.17077 1.09624 0.944711 0.889261 0.656886 0.677102 0.684505 0.666594 0.596525 0.539283 0.61977 0.570667 0.5537 0.484934 0.578871
# obs_se_ind_in
 0.312685 0.380017 0.281761 0.248404 0.253178 0.272543 0.299953 0.274902 0.241843 0.242835 0.222367 0.205749 0.186766 0.196794 0.206156 0.234153 0.219249 0.188942 0.177852 0.131377 0.13542 0.136901 0.133319 0.119305 0.107857 0.123954 0.114133 0.11074 0.0969867 0.115774
# nyrs_ind_age
 30
# nyrs_ind_length
 0
# yrs_ind_age_in
 1 2 3 4 5 6 7 8 9 10 11 12 13 14 15 16 17 18 19 20 21 22 23 24 25 26 27 28 29 30
# yrs_ind_length_in

# yrs_ind_age_in
 1 2 3 4 5 6 7 8 9 10 11 12 13 14 15 16 17 18 19 20 21 22 23 24 25 26 27 28 29 30
# n_sample_ind_length_in

# olc_ind_in

# oac_ind_in
 0.055 0.135 0.13 0.14 0.095 0.075 0.05 0.05 0.05 0.04 0.03 0.15
 0.045 0.125 0.085 0.135 0.12 0.085 0.07 0.075 0.05 0.035 0.03 0.145
 0.055 0.13 0.12 0.125 0.125 0.075 0.055 0.055 0.045 0.05 0.02 0.145
 0.035 0.15 0.15 0.135 0.1 0.11 0.045 0.035 0.03 0.045 0.035 0.13
 0.035 0.105 0.165 0.17 0.09 0.07 0.075 0.07 0.02 0.04 0.025 0.135
 0.105 0.15 0.115 0.105 0.13 0.065 0.055 0.045 0.025 0.045 0.03 0.13
 0.05 0.15 0.225 0.145 0.09 0.06 0.045 0.04 0.04 0.01 0.015 0.13
 0.08 0.125 0.225 0.145 0.07 0.065 0.07 0.045 0.05 0.025 0.01 0.09
 0.08 0.185 0.125 0.175 0.13 0.04 0.065 0.045 0.04 0.025 0.025 0.065
 0.065 0.13 0.16 0.115 0.115 0.105 0.045 0.06 0.065 0.04 0.025 0.075
 0.115 0.16 0.12 0.16 0.085 0.105 0.035 0.015 0.045 0.025 0.015 0.12
 0.09 0.16 0.21 0.165 0.095 0.055 0.06 0.055 0.015 0.02 0.01 0.065
 0.06 0.13 0.195 0.15 0.095 0.09 0.055 0.06 0.04 0.04 0.005 0.08
 0.085 0.115 0.185 0.15 0.165 0.09 0.05 0.045 0.035 0.035 0.005 0.04
 0.085 0.19 0.18 0.14 0.085 0.095 0.04 0.06 0.05 0.025 0.01 0.04
 0.1 0.185 0.18 0.13 0.1 0.105 0.055 0.04 0.035 0.015 0.01 0.045
 0.045 0.23 0.175 0.17 0.09 0.05 0.08 0.05 0.04 0.015 0.02 0.035
 0.06 0.24 0.2 0.155 0.075 0.11 0.03 0.04 0.005 0.04 0.005 0.04
 0.105 0.18 0.235 0.14 0.08 0.055 0.045 0.035 0.035 0.025 0.015 0.05
 0.08 0.195 0.195 0.2 0.115 0.045 0.065 0.04 0.025 0.02 0.01 0.01
 0.165 0.185 0.175 0.145 0.095 0.065 0.09 0.02 0.01 0.01 0.01 0.03
 0.12 0.275 0.14 0.16 0.09 0.095 0.04 0.015 0.01 0 0.015 0.04
 0.105 0.285 0.26 0.115 0.065 0.065 0.03 0.025 0.005 0.01 0.02 0.015
 0.075 0.215 0.285 0.195 0.07 0.045 0.03 0.035 0.01 0.01 0.01 0.02
 0.135 0.2 0.26 0.185 0.09 0.06 0.015 0.015 0.015 0.005 0 0.02
 0.115 0.275 0.235 0.095 0.125 0.1 0.025 0 0 0.01 0.005 0.015
 0.115 0.215 0.245 0.15 0.1 0.1 0.045 0.005 0.01 0 0.01 0.005
 0.175 0.19 0.22 0.16 0.115 0.065 0.045 0.02 0.005 0.005 0 0
 0.14 0.32 0.155 0.15 0.115 0.05 0.02 0.005 0.015 0.005 0.005 0.02
 0.1 0.305 0.255 0.115 0.07 0.065 0.005 0.04 0.015 0.01 0.005 0.015
# wt_ind
 1 1 1 1 1 1 1 1 1 1 1 1
 1 1 1 1 1 1 1 1 1 1 1 1
 1 1 1 1 1 1 1 1 1 1 1 1
 1 1 1 1 1 1 1 1 1 1 1 1
 1 1 1 1 1 1 1 1 1 1 1 1
 1 1 1 1 1 1 1 1 1 1 1 1
 1 1 1 1 1 1 1 1 1 1 1 1
 1 1 1 1 1 1 1 1 1 1 1 1
 1 1 1 1 1 1 1 1 1 1 1 1
 1 1 1 1 1 1 1 1 1 1 1 1
 1 1 1 1 1 1 1 1 1 1 1 1
 1 1 1 1 1 1 1 1 1 1 1 1
 1 1 1 1 1 1 1 1 1 1 1 1
 1 1 1 1 1 1 1 1 1 1 1 1
 1 1 1 1 1 1 1 1 1 1 1 1
 1 1 1 1 1 1 1 1 1 1 1 1
 1 1 1 1 1 1 1 1 1 1 1 1
 1 1 1 1 1 1 1 1 1 1 1 1
 1 1 1 1 1 1 1 1 1 1 1 1
 1 1 1 1 1 1 1 1 1 1 1 1
 1 1 1 1 1 1 1 1 1 1 1 1
 1 1 1 1 1 1 1 1 1 1 1 1
 1 1 1 1 1 1 1 1 1 1 1 1
 1 1 1 1 1 1 1 1 1 1 1 1
 1 1 1 1 1 1 1 1 1 1 1 1
 1 1 1 1 1 1 1 1 1 1 1 1
 1 1 1 1 1 1 1 1 1 1 1 1
 1 1 1 1 1 1 1 1 1 1 1 1
 1 1 1 1 1 1 1 1 1 1 1 1
 1 1 1 1 1 1 1 1 1 1 1 1
# wt_pop
 0.000530656 0.00119633 0.00205827 0.00303499 0.00405521 0.0050647 0.00602623 0.00691692 0.00772489 0.00844611 0.00908185 0.0096367
# maturity
 0.0229774 0.320821 0.904651 0.99478 0.999739 0.999987 0.999999 1 1 1 1 1
# spawnmo
1
# age_err
 1 0 0 0 0 0 0 0 0 0 0 0
 0 1 0 0 0 0 0 0 0 0 0 0
 0 0 1 0 0 0 0 0 0 0 0 0
 0 0 0 1 0 0 0 0 0 0 0 0
 0 0 0 0 1 0 0 0 0 0 0 0
 0 0 0 0 0 1 0 0 0 0 0 0
 0 0 0 0 0 0 1 0 0 0 0 0
 0 0 0 0 0 0 0 1 0 0 0 0
 0 0 0 0 0 0 0 0 1 0 0 0
 0 0 0 0 0 0 0 0 0 1 0 0
 0 0 0 0 0 0 0 0 0 0 1 0
 0 0 0 0 0 0 0 0 0 0 0 1
# cntrlfile_name
C:\Users\bai.li\Desktop\s1_test\AMAK\s25\amak.dat
# Map shared selectivity: 
# sel_map
 1 2
 1 1
# datafile_name
amak_data.dat
# model_name
OM_1
# SrType
2
# use_age_err
0
# retro
0
# sigmarprior
0.2
# cvsigmarprior
0.25
# phase_sigmar
-3
# styr_rec_est
1
# endyr_rec_est
30
# Linfprior
80
# cvLinfprior
0.25
# kprior
0.18
# cvkprior
0.25
# Loprior
27.688
# cvLoprior
0.25
# sdageprior
0.1
# cvsdageprior
0.25
# natmortprior
0.2
# cvnatmortprior
0.25
# phase_M
-4
# npars_Mage
0
# ages_M_changes

# Mage_in

# phase_Mage
-5
# phase_rw_M
0
# npars_rw_M
0
# yrs_rw_M

# sigma_rw_M

# qprior
 3.48998e-007
# cvqprior
 1
# phase_q
 1
# q_power_prior
 1
# cvq_power_prior
 0.2
# phase_q_power
 -4
# phase_rw_q
 -1
# npars_rw_q
 0
# yrs_rw_q

# sigma_rw_q

# q_age_min
 1
# q_age_max
 12
# q_age_min
 1
# q_age_max
 12
# fsh_sel_opt(k)
2
# phase_sel_fsh(k)
-2
# n_sel_ch_fsh(k)
1
# sel_slp_in_fsh(k)(1,n_sel_ch_fsh(k))
 1
# sel_inf_in_fsh(k)(1,n_sel_ch_fsh(k))
 2
# logsel_slp_in_fsh(k)(1,n_sel_ch_fsh(k))
 0
# yrs_sel_ch_fsh(k)(1,n_sel_ch_fsh(k))
 1

Survey survey_index1
# ind_sel_opt(k)
2
# indname(k)
survey_index1
# nselages_in_ind(k)
11
# phase_sel_ind(k)
-2
# sel_change_in_ind(k)
 1 0 0 0 0 0 0 0 0 0 0 0 0 0 0 0 0 0 0 0 0 0 0 0 0 0 0 0 0 0
# n_sel_ch_ind(k)
1
# yrs_sel_ch_ind(k)(1,n_sel_ch_ind(k))
 1
# sel_slp_in_ind(k,1)
2
# sel_inf_in_ind(k,1)
1.5
# logsel_slp_in_ind(k,1)
0.693147
# logsel_slp_in_indv(k)
0.693147
survey_index1 ind sel opt 2  1 0 0 0 0 0 0 0 0 0 0 0 0 0 0 0 0 0 0 0 0 0 0 0 0 0 0 0 0 0
Phase indices Sel_Coffs:  -1
 Test: 1.23457e+008
# Fshry Selages:  11
# Srvy  Selages:  11
# Phase for age-spec fishery  -1
# Phase for logistic fishery  -2
# Phase for dble logistic fishery  -1
# Phase for age-spec indices   -1
# Phase for logistic indices   -2
# Phase for dble logistic ind  -1
# Curv_pen_fsh: 
 0
# Curv_pen_ind: 
 0
# styr_fut
31
# endyr_fut
35
# nyrs_fsh_age
 30
# nyrs_fsh_age
 30
# yrs_fsh_age
 1 2 3 4 5 6 7 8 9 10 11 12 13 14 15 16 17 18 19 20 21 22 23 24 25 26 27 28 29 30
# n_sample_fsh_age
 200 200 200 200 200 200 200 200 200 200 200 200 200 200 200 200 200 200 200 200 200 200 200 200 200 200 200 200 200 200
# oac_fsh
 0.065 0.145 0.105 0.135 0.115 0.095 0.065 0.045 0.05 0.035 0.045 0.1
 0.085 0.09 0.145 0.14 0.11 0.09 0.06 0.055 0.035 0.015 0.04 0.135
 0.065 0.12 0.12 0.1 0.11 0.075 0.075 0.055 0.07 0.03 0.03 0.15
 0.04 0.125 0.165 0.13 0.13 0.07 0.095 0.03 0.05 0.03 0.025 0.11
 0.105 0.065 0.095 0.16 0.13 0.08 0.065 0.05 0.04 0.035 0.035 0.14
 0.065 0.215 0.09 0.115 0.115 0.08 0.07 0.035 0.03 0.02 0.035 0.13
 0.085 0.15 0.17 0.075 0.09 0.125 0.07 0.035 0.045 0.04 0.02 0.095
 0.105 0.095 0.105 0.145 0.08 0.07 0.075 0.04 0.08 0.035 0.025 0.145
 0.04 0.175 0.145 0.13 0.135 0.08 0.05 0.065 0.05 0.03 0.015 0.085
 0.095 0.095 0.145 0.11 0.155 0.13 0.055 0.04 0.045 0.01 0.01 0.11
 0.105 0.12 0.12 0.145 0.105 0.105 0.1 0.03 0.015 0.03 0.035 0.09
 0.105 0.14 0.135 0.11 0.15 0.075 0.085 0.05 0.035 0.015 0.025 0.075
 0.075 0.15 0.185 0.175 0.115 0.06 0.05 0.055 0.04 0.03 0.005 0.06
 0.115 0.125 0.18 0.155 0.13 0.04 0.065 0.04 0.04 0.02 0.035 0.055
 0.1 0.155 0.17 0.135 0.105 0.105 0.035 0.055 0.035 0.025 0.03 0.05
 0.155 0.19 0.175 0.11 0.085 0.105 0.03 0.04 0.025 0.035 0.015 0.035
 0.09 0.19 0.145 0.175 0.09 0.07 0.065 0.045 0.04 0.02 0.015 0.055
 0.12 0.175 0.2 0.14 0.11 0.05 0.05 0.04 0.04 0.02 0.01 0.045
 0.13 0.145 0.245 0.17 0.1 0.085 0.025 0.03 0.015 0.02 0.005 0.03
 0.11 0.13 0.185 0.155 0.16 0.06 0.08 0.035 0.015 0.02 0.015 0.035
 0.16 0.15 0.14 0.145 0.125 0.125 0.045 0.025 0.02 0.005 0.02 0.04
 0.13 0.235 0.14 0.16 0.135 0.07 0.04 0.045 0.015 0 0.015 0.015
 0.125 0.21 0.23 0.13 0.085 0.045 0.035 0.015 0.045 0.03 0.005 0.045
 0.115 0.22 0.2 0.16 0.09 0.075 0.035 0.03 0.015 0.015 0.015 0.03
 0.18 0.12 0.18 0.205 0.11 0.085 0.035 0.02 0.035 0.01 0.01 0.01
 0.125 0.255 0.21 0.145 0.08 0.07 0.06 0.015 0.02 0.005 0.005 0.01
 0.185 0.16 0.255 0.11 0.07 0.075 0.065 0.035 0.015 0.005 0.01 0.015
 0.195 0.215 0.185 0.175 0.075 0.055 0.035 0.04 0.01 0.005 0.01 0
 0.215 0.18 0.205 0.165 0.135 0.055 0.015 0.01 0.015 0 0.005 0
 0.12 0.295 0.23 0.16 0.055 0.04 0.03 0.025 0.025 0.01 0.005 0.005
# olc_fsh

# wt_fsh
 0.000530656 0.00119633 0.00205827 0.00303499 0.00405521 0.0050647 0.00602623 0.00691692 0.00772489 0.00844611 0.00908185 0.0096367
 0.000530656 0.00119633 0.00205827 0.00303499 0.00405521 0.0050647 0.00602623 0.00691692 0.00772489 0.00844611 0.00908185 0.0096367
 0.000530656 0.00119633 0.00205827 0.00303499 0.00405521 0.0050647 0.00602623 0.00691692 0.00772489 0.00844611 0.00908185 0.0096367
 0.000530656 0.00119633 0.00205827 0.00303499 0.00405521 0.0050647 0.00602623 0.00691692 0.00772489 0.00844611 0.00908185 0.0096367
 0.000530656 0.00119633 0.00205827 0.00303499 0.00405521 0.0050647 0.00602623 0.00691692 0.00772489 0.00844611 0.00908185 0.0096367
 0.000530656 0.00119633 0.00205827 0.00303499 0.00405521 0.0050647 0.00602623 0.00691692 0.00772489 0.00844611 0.00908185 0.0096367
 0.000530656 0.00119633 0.00205827 0.00303499 0.00405521 0.0050647 0.00602623 0.00691692 0.00772489 0.00844611 0.00908185 0.0096367
 0.000530656 0.00119633 0.00205827 0.00303499 0.00405521 0.0050647 0.00602623 0.00691692 0.00772489 0.00844611 0.00908185 0.0096367
 0.000530656 0.00119633 0.00205827 0.00303499 0.00405521 0.0050647 0.00602623 0.00691692 0.00772489 0.00844611 0.00908185 0.0096367
 0.000530656 0.00119633 0.00205827 0.00303499 0.00405521 0.0050647 0.00602623 0.00691692 0.00772489 0.00844611 0.00908185 0.0096367
 0.000530656 0.00119633 0.00205827 0.00303499 0.00405521 0.0050647 0.00602623 0.00691692 0.00772489 0.00844611 0.00908185 0.0096367
 0.000530656 0.00119633 0.00205827 0.00303499 0.00405521 0.0050647 0.00602623 0.00691692 0.00772489 0.00844611 0.00908185 0.0096367
 0.000530656 0.00119633 0.00205827 0.00303499 0.00405521 0.0050647 0.00602623 0.00691692 0.00772489 0.00844611 0.00908185 0.0096367
 0.000530656 0.00119633 0.00205827 0.00303499 0.00405521 0.0050647 0.00602623 0.00691692 0.00772489 0.00844611 0.00908185 0.0096367
 0.000530656 0.00119633 0.00205827 0.00303499 0.00405521 0.0050647 0.00602623 0.00691692 0.00772489 0.00844611 0.00908185 0.0096367
 0.000530656 0.00119633 0.00205827 0.00303499 0.00405521 0.0050647 0.00602623 0.00691692 0.00772489 0.00844611 0.00908185 0.0096367
 0.000530656 0.00119633 0.00205827 0.00303499 0.00405521 0.0050647 0.00602623 0.00691692 0.00772489 0.00844611 0.00908185 0.0096367
 0.000530656 0.00119633 0.00205827 0.00303499 0.00405521 0.0050647 0.00602623 0.00691692 0.00772489 0.00844611 0.00908185 0.0096367
 0.000530656 0.00119633 0.00205827 0.00303499 0.00405521 0.0050647 0.00602623 0.00691692 0.00772489 0.00844611 0.00908185 0.0096367
 0.000530656 0.00119633 0.00205827 0.00303499 0.00405521 0.0050647 0.00602623 0.00691692 0.00772489 0.00844611 0.00908185 0.0096367
 0.000530656 0.00119633 0.00205827 0.00303499 0.00405521 0.0050647 0.00602623 0.00691692 0.00772489 0.00844611 0.00908185 0.0096367
 0.000530656 0.00119633 0.00205827 0.00303499 0.00405521 0.0050647 0.00602623 0.00691692 0.00772489 0.00844611 0.00908185 0.0096367
 0.000530656 0.00119633 0.00205827 0.00303499 0.00405521 0.0050647 0.00602623 0.00691692 0.00772489 0.00844611 0.00908185 0.0096367
 0.000530656 0.00119633 0.00205827 0.00303499 0.00405521 0.0050647 0.00602623 0.00691692 0.00772489 0.00844611 0.00908185 0.0096367
 0.000530656 0.00119633 0.00205827 0.00303499 0.00405521 0.0050647 0.00602623 0.00691692 0.00772489 0.00844611 0.00908185 0.0096367
 0.000530656 0.00119633 0.00205827 0.00303499 0.00405521 0.0050647 0.00602623 0.00691692 0.00772489 0.00844611 0.00908185 0.0096367
 0.000530656 0.00119633 0.00205827 0.00303499 0.00405521 0.0050647 0.00602623 0.00691692 0.00772489 0.00844611 0.00908185 0.0096367
 0.000530656 0.00119633 0.00205827 0.00303499 0.00405521 0.0050647 0.00602623 0.00691692 0.00772489 0.00844611 0.00908185 0.0096367
 0.000530656 0.00119633 0.00205827 0.00303499 0.00405521 0.0050647 0.00602623 0.00691692 0.00772489 0.00844611 0.00908185 0.0096367
 0.000530656 0.00119633 0.00205827 0.00303499 0.00405521 0.0050647 0.00602623 0.00691692 0.00772489 0.00844611 0.00908185 0.0096367
# nyrs_ind_age
 30
# yrs_ind_age
 1 2 3 4 5 6 7 8 9 10 11 12 13 14 15 16 17 18 19 20 21 22 23 24 25 26 27 28 29 30
# n_sample_ind_age
 200 200 200 200 200 200 200 200 200 200 200 200 200 200 200 200 200 200 200 200 200 200 200 200 200 200 200 200 200 200
# oac_ind
 0.055 0.135 0.13 0.14 0.095 0.075 0.05 0.05 0.05 0.04 0.03 0.15
 0.045 0.125 0.085 0.135 0.12 0.085 0.07 0.075 0.05 0.035 0.03 0.145
 0.055 0.13 0.12 0.125 0.125 0.075 0.055 0.055 0.045 0.05 0.02 0.145
 0.035 0.15 0.15 0.135 0.1 0.11 0.045 0.035 0.03 0.045 0.035 0.13
 0.035 0.105 0.165 0.17 0.09 0.07 0.075 0.07 0.02 0.04 0.025 0.135
 0.105 0.15 0.115 0.105 0.13 0.065 0.055 0.045 0.025 0.045 0.03 0.13
 0.05 0.15 0.225 0.145 0.09 0.06 0.045 0.04 0.04 0.01 0.015 0.13
 0.08 0.125 0.225 0.145 0.07 0.065 0.07 0.045 0.05 0.025 0.01 0.09
 0.08 0.185 0.125 0.175 0.13 0.04 0.065 0.045 0.04 0.025 0.025 0.065
 0.065 0.13 0.16 0.115 0.115 0.105 0.045 0.06 0.065 0.04 0.025 0.075
 0.115 0.16 0.12 0.16 0.085 0.105 0.035 0.015 0.045 0.025 0.015 0.12
 0.09 0.16 0.21 0.165 0.095 0.055 0.06 0.055 0.015 0.02 0.01 0.065
 0.06 0.13 0.195 0.15 0.095 0.09 0.055 0.06 0.04 0.04 0.005 0.08
 0.085 0.115 0.185 0.15 0.165 0.09 0.05 0.045 0.035 0.035 0.005 0.04
 0.085 0.19 0.18 0.14 0.085 0.095 0.04 0.06 0.05 0.025 0.01 0.04
 0.1 0.185 0.18 0.13 0.1 0.105 0.055 0.04 0.035 0.015 0.01 0.045
 0.045 0.23 0.175 0.17 0.09 0.05 0.08 0.05 0.04 0.015 0.02 0.035
 0.06 0.24 0.2 0.155 0.075 0.11 0.03 0.04 0.005 0.04 0.005 0.04
 0.105 0.18 0.235 0.14 0.08 0.055 0.045 0.035 0.035 0.025 0.015 0.05
 0.08 0.195 0.195 0.2 0.115 0.045 0.065 0.04 0.025 0.02 0.01 0.01
 0.165 0.185 0.175 0.145 0.095 0.065 0.09 0.02 0.01 0.01 0.01 0.03
 0.12 0.275 0.14 0.16 0.09 0.095 0.04 0.015 0.01 0 0.015 0.04
 0.105 0.285 0.26 0.115 0.065 0.065 0.03 0.025 0.005 0.01 0.02 0.015
 0.075 0.215 0.285 0.195 0.07 0.045 0.03 0.035 0.01 0.01 0.01 0.02
 0.135 0.2 0.26 0.185 0.09 0.06 0.015 0.015 0.015 0.005 0 0.02
 0.115 0.275 0.235 0.095 0.125 0.1 0.025 0 0 0.01 0.005 0.015
 0.115 0.215 0.245 0.15 0.1 0.1 0.045 0.005 0.01 0 0.01 0.005
 0.175 0.19 0.22 0.16 0.115 0.065 0.045 0.02 0.005 0.005 0 0
 0.14 0.32 0.155 0.15 0.115 0.05 0.02 0.005 0.015 0.005 0.005 0.02
 0.1 0.305 0.255 0.115 0.07 0.065 0.005 0.04 0.015 0.01 0.005 0.015
# olc_ind

# obs_lse_ind
 0.198042 0.198042 0.198042 0.198042 0.198042 0.198042 0.198042 0.198042 0.198042 0.198042 0.198042 0.198042 0.198042 0.198042 0.198042 0.198042 0.198042 0.198042 0.198042 0.198042 0.198042 0.198042 0.198042 0.198042 0.198042 0.198042 0.198042 0.198042 0.198042 0.198042
# xages_fsh
 0 0 0 0 0 0 0 0 0 0 0 0
# xages_fsh
 0 0.0909091 0.181818 0.272727 0.363636 0.454545 0.545455 0.636364 0.727273 0.818182 0.909091 1
# xnodes_fsh

Yrs fsh_sel change:  1 0 0 0 0 0 0 0 0 0 0 0 0 0 0 0 0 0 0 0 0 0 0 0 0 0 0 0 0
Yrs ind_sel change:  1 0 0 0 0 0 0 0 0 0 0 0 0 0 0 0 0 0 0 0 0 0 0 0 0 0 0 0 0
# steepnessprior
0.75
# sigmarprior
0.2
#  SSB estimated in styr endyr: -12 28 
#  Rec estimated in styr endyr: -10 30 
#  SR Curve fit  in styr endyr: 1 30 
#             Model styr endyr: 1 30 
# qprior
 3.48998e-007
# q_power_prior 
 1 
# cv_catchbiomass 
0.05 
# CatchbiomassPen 
200 
# Number of projection years 
5 
# offset_fsh
 13429.6
# offset_ind
 13132.1
Mean Catch
1276.28
R_guess 
13.8155
# nfsh
1
# n_sel_ch_fsh
 1
# nselages_fsh
 11
# phase_selcoff_fsh
 -1
logRzero 13.8155
logmeanrec 13.8155
exp(log_sigmarprior 0.2
Fish sel phase: -1 OM1
Fixing fishery sel to
1
Fixing fishery sel to
1
Srvy sel phase: -1
Fixing survey_index1 indices sel to
1
Fixing index sel to
1
# logsel_slp_in_indv
 0.693147
Leaving parameter init secton
# M
 0.2 0.2 0.2 0.2 0.2 0.2 0.2 0.2 0.2 0.2 0.2 0.2
 0.2 0.2 0.2 0.2 0.2 0.2 0.2 0.2 0.2 0.2 0.2 0.2
 0.2 0.2 0.2 0.2 0.2 0.2 0.2 0.2 0.2 0.2 0.2 0.2
 0.2 0.2 0.2 0.2 0.2 0.2 0.2 0.2 0.2 0.2 0.2 0.2
 0.2 0.2 0.2 0.2 0.2 0.2 0.2 0.2 0.2 0.2 0.2 0.2
 0.2 0.2 0.2 0.2 0.2 0.2 0.2 0.2 0.2 0.2 0.2 0.2
 0.2 0.2 0.2 0.2 0.2 0.2 0.2 0.2 0.2 0.2 0.2 0.2
 0.2 0.2 0.2 0.2 0.2 0.2 0.2 0.2 0.2 0.2 0.2 0.2
 0.2 0.2 0.2 0.2 0.2 0.2 0.2 0.2 0.2 0.2 0.2 0.2
 0.2 0.2 0.2 0.2 0.2 0.2 0.2 0.2 0.2 0.2 0.2 0.2
 0.2 0.2 0.2 0.2 0.2 0.2 0.2 0.2 0.2 0.2 0.2 0.2
 0.2 0.2 0.2 0.2 0.2 0.2 0.2 0.2 0.2 0.2 0.2 0.2
 0.2 0.2 0.2 0.2 0.2 0.2 0.2 0.2 0.2 0.2 0.2 0.2
 0.2 0.2 0.2 0.2 0.2 0.2 0.2 0.2 0.2 0.2 0.2 0.2
 0.2 0.2 0.2 0.2 0.2 0.2 0.2 0.2 0.2 0.2 0.2 0.2
 0.2 0.2 0.2 0.2 0.2 0.2 0.2 0.2 0.2 0.2 0.2 0.2
 0.2 0.2 0.2 0.2 0.2 0.2 0.2 0.2 0.2 0.2 0.2 0.2
 0.2 0.2 0.2 0.2 0.2 0.2 0.2 0.2 0.2 0.2 0.2 0.2
 0.2 0.2 0.2 0.2 0.2 0.2 0.2 0.2 0.2 0.2 0.2 0.2
 0.2 0.2 0.2 0.2 0.2 0.2 0.2 0.2 0.2 0.2 0.2 0.2
 0.2 0.2 0.2 0.2 0.2 0.2 0.2 0.2 0.2 0.2 0.2 0.2
 0.2 0.2 0.2 0.2 0.2 0.2 0.2 0.2 0.2 0.2 0.2 0.2
 0.2 0.2 0.2 0.2 0.2 0.2 0.2 0.2 0.2 0.2 0.2 0.2
 0.2 0.2 0.2 0.2 0.2 0.2 0.2 0.2 0.2 0.2 0.2 0.2
 0.2 0.2 0.2 0.2 0.2 0.2 0.2 0.2 0.2 0.2 0.2 0.2
 0.2 0.2 0.2 0.2 0.2 0.2 0.2 0.2 0.2 0.2 0.2 0.2
 0.2 0.2 0.2 0.2 0.2 0.2 0.2 0.2 0.2 0.2 0.2 0.2
 0.2 0.2 0.2 0.2 0.2 0.2 0.2 0.2 0.2 0.2 0.2 0.2
 0.2 0.2 0.2 0.2 0.2 0.2 0.2 0.2 0.2 0.2 0.2 0.2
 0.2 0.2 0.2 0.2 0.2 0.2 0.2 0.2 0.2 0.2 0.2 0.2
# mean_log_rec
13.7642
# log_Rzero
13.8123
# rec_dev
 -0.0479565 0.0708918 0.0390523 -0.0781811 -0.0213355 0.0541204 0.0133874 -0.0675092 0.0329762 0.0669083 0.0628035 0.0331412 0.213392 -0.00058859 -0.16805 0.321819 0.267892 -0.00573515 0.159755 -0.0860303 0.110098 0.112643 -0.0572534 -0.148909 0.0414534 -0.0260406 0.0902256 0.0330372 -0.195436 -0.266349 -0.324429 0.041686 -0.0472776 -0.266174 -0.404457 -0.133622 -0.381163 -0.339996 -0.112234 -0.0304043 -0.40973
# fmort
 0.00910175 0.0270495 0.0444566 0.0609327 0.048902 0.0879096 0.0901885 0.19197 0.112738 0.13786 0.156817 0.168138 0.122007 0.176621 0.189879 0.167833 0.328194 0.267042 0.267899 0.26126 0.359544 0.261863 0.42956 0.355279 0.350176 0.317317 0.307082 0.421357 0.317337 0.475187
# rec_dev_future
 0 0 0 0 0
