AMAK;August_2013
# styr
1
# endyr
30
# rec_age
1
# oldest_age
12
# nlength
81
# len_bins
 10 11 12 13 14 15 16 17 18 19 20 21 22 23 24 25 26 27 28 29 30 31 32 33 34 35 36 37 38 39 40 41 42 43 44 45 46 47 48 49 50 51 52 53 54 55 56 57 58 59 60 61 62 63 64 65 66 67 68 69 70 71 72 73 74 75 76 77 78 79 80 81 82 83 84 85 86 87 88 89 90
# datafile_name
amak_data.dat
# model_name
OM_1
# styr
1
# endyr
30
# rec_age
1
# oldest_age
12
# nfsh
1
# fshname
OM1
# catch_bio_in
 161.724 469.32 763.762 996.552 765.273 1332.73 1275.03 2479.42 1311.53 1518.69 1611.02 1614.99 1115.04 1522.24 1504.01 1280.2 2225.28 1604.42 1450.87 1316.22 1639.44 1076.42 1643.57 1212.16 1115.63 972.569 925.873 1216.36 870.759 1290.64
# catch_bio_sd_in
 0.01 0.01 0.01 0.01 0.01 0.01 0.01 0.01 0.01 0.01 0.01 0.01 0.01 0.01 0.01 0.01 0.01 0.01 0.01 0.01 0.01 0.01 0.01 0.01 0.01 0.01 0.01 0.01 0.01 0.01
# nyrs_fsh_age
 30
# nyrs_fsh_length
 0
# yrs_fsh_age_in
 1 2 3 4 5 6 7 8 9 10 11 12 13 14 15 16 17 18 19 20 21 22 23 24 25 26 27 28 29 30
# yrs_fsh_length_in

# n_sample_fsh_length_in

# olc_fsh_in

# nind
1
# indname
survey_index1
# nyrs_ind
 30
# yrs_ind_in
 1 2 3 4 5 6 7 8 9 10 11 12 13 14 15 16 17 18 19 20 21 22 23 24 25 26 27 28 29 30
# mo_ind
 1
# obs_ind_in
 1.3423 1.64898 1.32954 1.44471 1.47168 1.28836 1.56031 1.65152 1.18503 1.34254 1.34369 0.944529 1.10948 1.0412 1.02629 0.920136 1.03235 0.992386 0.935146 0.637493 0.709097 0.681365 0.665592 0.579558 0.515806 0.53827 0.479436 0.60975 0.554997 0.551307
# obs_se_ind_in
 0.26846 0.329796 0.265909 0.288943 0.294335 0.257672 0.312062 0.330305 0.237006 0.268509 0.268737 0.188906 0.221897 0.20824 0.205258 0.184027 0.206469 0.198477 0.187029 0.127499 0.141819 0.136273 0.133118 0.115912 0.103161 0.107654 0.0958872 0.12195 0.110999 0.110261
# nyrs_ind_age
 30
# nyrs_ind_length
 0
# yrs_ind_age_in
 1 2 3 4 5 6 7 8 9 10 11 12 13 14 15 16 17 18 19 20 21 22 23 24 25 26 27 28 29 30
# yrs_ind_length_in

# yrs_ind_age_in
 1 2 3 4 5 6 7 8 9 10 11 12 13 14 15 16 17 18 19 20 21 22 23 24 25 26 27 28 29 30
# n_sample_ind_length_in

# olc_ind_in

# oac_ind_in
 0.045 0.125 0.14 0.16 0.1 0.095 0.055 0.05 0.035 0.035 0.02 0.14
 0.05 0.155 0.125 0.15 0.1 0.065 0.07 0.08 0.055 0.04 0.005 0.105
 0.08 0.165 0.14 0.1 0.08 0.06 0.085 0.065 0.05 0.05 0.04 0.085
 0.05 0.145 0.16 0.125 0.13 0.08 0.05 0.05 0.015 0.045 0.035 0.115
 0.055 0.115 0.14 0.195 0.095 0.095 0.04 0.045 0.035 0.05 0.035 0.1
 0.135 0.18 0.1 0.11 0.13 0.085 0.04 0.055 0.03 0.045 0.015 0.075
 0.065 0.2 0.15 0.135 0.065 0.095 0.05 0.05 0.03 0.05 0.045 0.065
 0.09 0.155 0.195 0.185 0.045 0.09 0.05 0.025 0.03 0.025 0.015 0.095
 0.07 0.165 0.12 0.175 0.15 0.055 0.05 0.05 0.025 0.03 0.025 0.085
 0.095 0.175 0.21 0.1 0.08 0.1 0.04 0.04 0.04 0.025 0.02 0.075
 0.075 0.135 0.18 0.155 0.11 0.065 0.045 0.055 0.04 0.015 0.03 0.095
 0.1 0.175 0.2 0.1 0.115 0.075 0.03 0.065 0.025 0.015 0.035 0.065
 0.055 0.17 0.175 0.175 0.065 0.09 0.04 0.045 0.055 0.025 0.005 0.1
 0.095 0.165 0.13 0.135 0.115 0.075 0.065 0.04 0.04 0.015 0.02 0.105
 0.08 0.2 0.21 0.16 0.135 0.045 0.035 0.045 0.015 0.025 0.005 0.045
 0.09 0.205 0.175 0.1 0.07 0.095 0.08 0.025 0.05 0.015 0.02 0.075
 0.07 0.195 0.215 0.185 0.105 0.055 0.025 0.02 0.045 0.015 0.03 0.04
 0.05 0.295 0.27 0.11 0.115 0.05 0.01 0.035 0.02 0.005 0.015 0.025
 0.08 0.15 0.265 0.16 0.1 0.085 0.05 0.035 0.025 0.02 0 0.03
 0.11 0.2 0.105 0.225 0.13 0.09 0.035 0.03 0.015 0.02 0.005 0.035
 0.145 0.19 0.155 0.185 0.07 0.12 0.055 0.025 0.025 0.005 0.005 0.02
 0.13 0.225 0.185 0.12 0.09 0.09 0.06 0.03 0.025 0.015 0 0.03
 0.115 0.27 0.25 0.13 0.03 0.06 0.055 0.02 0.03 0.02 0.01 0.01
 0.095 0.2 0.26 0.19 0.09 0.045 0.035 0.03 0.02 0.01 0.005 0.02
 0.155 0.215 0.24 0.145 0.105 0.05 0.035 0.01 0.02 0.01 0 0.015
 0.085 0.325 0.17 0.15 0.115 0.055 0.025 0.02 0.015 0.01 0.02 0.01
 0.12 0.215 0.265 0.17 0.085 0.06 0.045 0.015 0.01 0.005 0.005 0.005
 0.145 0.22 0.175 0.22 0.08 0.045 0.045 0.035 0.01 0.005 0.005 0.015
 0.12 0.27 0.18 0.17 0.08 0.065 0.045 0.03 0.02 0.01 0.005 0.005
 0.14 0.25 0.285 0.17 0.06 0.04 0.025 0.015 0 0.01 0.005 0
# wt_ind
 1 1 1 1 1 1 1 1 1 1 1 1
 1 1 1 1 1 1 1 1 1 1 1 1
 1 1 1 1 1 1 1 1 1 1 1 1
 1 1 1 1 1 1 1 1 1 1 1 1
 1 1 1 1 1 1 1 1 1 1 1 1
 1 1 1 1 1 1 1 1 1 1 1 1
 1 1 1 1 1 1 1 1 1 1 1 1
 1 1 1 1 1 1 1 1 1 1 1 1
 1 1 1 1 1 1 1 1 1 1 1 1
 1 1 1 1 1 1 1 1 1 1 1 1
 1 1 1 1 1 1 1 1 1 1 1 1
 1 1 1 1 1 1 1 1 1 1 1 1
 1 1 1 1 1 1 1 1 1 1 1 1
 1 1 1 1 1 1 1 1 1 1 1 1
 1 1 1 1 1 1 1 1 1 1 1 1
 1 1 1 1 1 1 1 1 1 1 1 1
 1 1 1 1 1 1 1 1 1 1 1 1
 1 1 1 1 1 1 1 1 1 1 1 1
 1 1 1 1 1 1 1 1 1 1 1 1
 1 1 1 1 1 1 1 1 1 1 1 1
 1 1 1 1 1 1 1 1 1 1 1 1
 1 1 1 1 1 1 1 1 1 1 1 1
 1 1 1 1 1 1 1 1 1 1 1 1
 1 1 1 1 1 1 1 1 1 1 1 1
 1 1 1 1 1 1 1 1 1 1 1 1
 1 1 1 1 1 1 1 1 1 1 1 1
 1 1 1 1 1 1 1 1 1 1 1 1
 1 1 1 1 1 1 1 1 1 1 1 1
 1 1 1 1 1 1 1 1 1 1 1 1
 1 1 1 1 1 1 1 1 1 1 1 1
# wt_pop
 0.000530656 0.00119633 0.00205827 0.00303499 0.00405521 0.0050647 0.00602623 0.00691692 0.00772489 0.00844611 0.00908185 0.0096367
# maturity
 0.0229774 0.320821 0.904651 0.99478 0.999739 0.999987 0.999999 1 1 1 1 1
# spawnmo
1
# age_err
 1 0 0 0 0 0 0 0 0 0 0 0
 0 1 0 0 0 0 0 0 0 0 0 0
 0 0 1 0 0 0 0 0 0 0 0 0
 0 0 0 1 0 0 0 0 0 0 0 0
 0 0 0 0 1 0 0 0 0 0 0 0
 0 0 0 0 0 1 0 0 0 0 0 0
 0 0 0 0 0 0 1 0 0 0 0 0
 0 0 0 0 0 0 0 1 0 0 0 0
 0 0 0 0 0 0 0 0 1 0 0 0
 0 0 0 0 0 0 0 0 0 1 0 0
 0 0 0 0 0 0 0 0 0 0 1 0
 0 0 0 0 0 0 0 0 0 0 0 1
# cntrlfile_name
C:\Users\bai.li\Desktop\s1_test\AMAK\s138\amak.dat
# Map shared selectivity: 
# sel_map
 1 2
 1 1
# datafile_name
amak_data.dat
# model_name
OM_1
# SrType
2
# use_age_err
0
# retro
0
# sigmarprior
0.2
# cvsigmarprior
0.25
# phase_sigmar
-3
# styr_rec_est
1
# endyr_rec_est
30
# Linfprior
80
# cvLinfprior
0.25
# kprior
0.18
# cvkprior
0.25
# Loprior
27.688
# cvLoprior
0.25
# sdageprior
0.1
# cvsdageprior
0.25
# natmortprior
0.2
# cvnatmortprior
0.25
# phase_M
-4
# npars_Mage
0
# ages_M_changes

# Mage_in

# phase_Mage
-5
# phase_rw_M
0
# npars_rw_M
0
# yrs_rw_M

# sigma_rw_M

# qprior
 3.48998e-007
# cvqprior
 1
# phase_q
 1
# q_power_prior
 1
# cvq_power_prior
 0.2
# phase_q_power
 -4
# phase_rw_q
 -1
# npars_rw_q
 0
# yrs_rw_q

# sigma_rw_q

# q_age_min
 1
# q_age_max
 12
# q_age_min
 1
# q_age_max
 12
# fsh_sel_opt(k)
2
# phase_sel_fsh(k)
-2
# n_sel_ch_fsh(k)
1
# sel_slp_in_fsh(k)(1,n_sel_ch_fsh(k))
 1
# sel_inf_in_fsh(k)(1,n_sel_ch_fsh(k))
 2
# logsel_slp_in_fsh(k)(1,n_sel_ch_fsh(k))
 0
# yrs_sel_ch_fsh(k)(1,n_sel_ch_fsh(k))
 1

Survey survey_index1
# ind_sel_opt(k)
2
# indname(k)
survey_index1
# nselages_in_ind(k)
11
# phase_sel_ind(k)
-2
# sel_change_in_ind(k)
 1 0 0 0 0 0 0 0 0 0 0 0 0 0 0 0 0 0 0 0 0 0 0 0 0 0 0 0 0 0
# n_sel_ch_ind(k)
1
# yrs_sel_ch_ind(k)(1,n_sel_ch_ind(k))
 1
# sel_slp_in_ind(k,1)
2
# sel_inf_in_ind(k,1)
1.5
# logsel_slp_in_ind(k,1)
0.693147
# logsel_slp_in_indv(k)
0.693147
survey_index1 ind sel opt 2  1 0 0 0 0 0 0 0 0 0 0 0 0 0 0 0 0 0 0 0 0 0 0 0 0 0 0 0 0 0
Phase indices Sel_Coffs:  -1
 Test: 1.23457e+008
# Fshry Selages:  11
# Srvy  Selages:  11
# Phase for age-spec fishery  -1
# Phase for logistic fishery  -2
# Phase for dble logistic fishery  -1
# Phase for age-spec indices   -1
# Phase for logistic indices   -2
# Phase for dble logistic ind  -1
# Curv_pen_fsh: 
 0
# Curv_pen_ind: 
 0
# styr_fut
31
# endyr_fut
35
# nyrs_fsh_age
 30
# nyrs_fsh_age
 30
# yrs_fsh_age
 1 2 3 4 5 6 7 8 9 10 11 12 13 14 15 16 17 18 19 20 21 22 23 24 25 26 27 28 29 30
# n_sample_fsh_age
 200 200 200 200 200 200 200 200 200 200 200 200 200 200 200 200 200 200 200 200 200 200 200 200 200 200 200 200 200 200
# oac_fsh
 0.1 0.09 0.105 0.115 0.12 0.075 0.1 0.06 0.065 0.02 0.015 0.135
 0.08 0.075 0.155 0.1 0.065 0.145 0.07 0.055 0.05 0.03 0.05 0.125
 0.06 0.105 0.15 0.075 0.09 0.075 0.055 0.08 0.065 0.04 0.07 0.135
 0.055 0.14 0.15 0.1 0.105 0.095 0.05 0.05 0.045 0.05 0.045 0.115
 0.09 0.065 0.09 0.225 0.1 0.06 0.065 0.055 0.045 0.055 0.01 0.14
 0.1 0.13 0.115 0.135 0.115 0.065 0.05 0.04 0.045 0.015 0.05 0.14
 0.055 0.165 0.185 0.07 0.1 0.1 0.105 0.03 0.045 0.015 0.035 0.095
 0.06 0.125 0.18 0.15 0.08 0.09 0.06 0.025 0.035 0.05 0.035 0.11
 0.095 0.115 0.12 0.15 0.125 0.05 0.05 0.055 0.06 0.04 0.025 0.115
 0.085 0.13 0.205 0.105 0.06 0.08 0.04 0.05 0.05 0.045 0.035 0.115
 0.1 0.155 0.145 0.125 0.09 0.08 0.045 0.03 0.045 0.06 0.015 0.11
 0.11 0.125 0.165 0.175 0.125 0.07 0.075 0.025 0.02 0.025 0.01 0.075
 0.1 0.125 0.2 0.15 0.06 0.095 0.02 0.05 0.03 0.02 0.03 0.12
 0.13 0.1 0.175 0.145 0.135 0.075 0.07 0.035 0.02 0.025 0.025 0.065
 0.075 0.115 0.18 0.16 0.095 0.095 0.08 0.065 0.035 0.03 0.025 0.045
 0.105 0.105 0.18 0.11 0.115 0.1 0.055 0.035 0.03 0.03 0.025 0.11
 0.105 0.165 0.17 0.17 0.095 0.06 0.055 0.04 0.025 0.03 0.02 0.065
 0.095 0.16 0.185 0.11 0.145 0.065 0.09 0.025 0.035 0.035 0.015 0.04
 0.13 0.1 0.21 0.175 0.07 0.1 0.045 0.03 0.035 0.02 0.015 0.07
 0.11 0.16 0.12 0.175 0.17 0.08 0.05 0.02 0.015 0.03 0.015 0.055
 0.15 0.16 0.185 0.1 0.13 0.115 0.06 0.045 0.015 0.015 0 0.025
 0.15 0.25 0.115 0.135 0.055 0.09 0.055 0.055 0.03 0.01 0.01 0.045
 0.115 0.235 0.245 0.085 0.09 0.05 0.035 0.06 0.035 0.005 0.015 0.03
 0.145 0.18 0.25 0.165 0.06 0.065 0.03 0.015 0.04 0.03 0.01 0.01
 0.175 0.16 0.2 0.2 0.08 0.07 0.04 0 0.02 0.025 0.01 0.02
 0.12 0.31 0.16 0.13 0.11 0.055 0.035 0.005 0.01 0.025 0 0.04
 0.15 0.165 0.275 0.15 0.09 0.065 0.05 0.015 0.01 0.01 0 0.02
 0.135 0.22 0.18 0.25 0.08 0.02 0.065 0.01 0.015 0.005 0.005 0.015
 0.165 0.23 0.22 0.145 0.1 0.055 0.035 0.035 0.015 0 0 0
 0.16 0.225 0.16 0.185 0.1 0.105 0.025 0.025 0.01 0 0.005 0
# olc_fsh

# wt_fsh
 0.000530656 0.00119633 0.00205827 0.00303499 0.00405521 0.0050647 0.00602623 0.00691692 0.00772489 0.00844611 0.00908185 0.0096367
 0.000530656 0.00119633 0.00205827 0.00303499 0.00405521 0.0050647 0.00602623 0.00691692 0.00772489 0.00844611 0.00908185 0.0096367
 0.000530656 0.00119633 0.00205827 0.00303499 0.00405521 0.0050647 0.00602623 0.00691692 0.00772489 0.00844611 0.00908185 0.0096367
 0.000530656 0.00119633 0.00205827 0.00303499 0.00405521 0.0050647 0.00602623 0.00691692 0.00772489 0.00844611 0.00908185 0.0096367
 0.000530656 0.00119633 0.00205827 0.00303499 0.00405521 0.0050647 0.00602623 0.00691692 0.00772489 0.00844611 0.00908185 0.0096367
 0.000530656 0.00119633 0.00205827 0.00303499 0.00405521 0.0050647 0.00602623 0.00691692 0.00772489 0.00844611 0.00908185 0.0096367
 0.000530656 0.00119633 0.00205827 0.00303499 0.00405521 0.0050647 0.00602623 0.00691692 0.00772489 0.00844611 0.00908185 0.0096367
 0.000530656 0.00119633 0.00205827 0.00303499 0.00405521 0.0050647 0.00602623 0.00691692 0.00772489 0.00844611 0.00908185 0.0096367
 0.000530656 0.00119633 0.00205827 0.00303499 0.00405521 0.0050647 0.00602623 0.00691692 0.00772489 0.00844611 0.00908185 0.0096367
 0.000530656 0.00119633 0.00205827 0.00303499 0.00405521 0.0050647 0.00602623 0.00691692 0.00772489 0.00844611 0.00908185 0.0096367
 0.000530656 0.00119633 0.00205827 0.00303499 0.00405521 0.0050647 0.00602623 0.00691692 0.00772489 0.00844611 0.00908185 0.0096367
 0.000530656 0.00119633 0.00205827 0.00303499 0.00405521 0.0050647 0.00602623 0.00691692 0.00772489 0.00844611 0.00908185 0.0096367
 0.000530656 0.00119633 0.00205827 0.00303499 0.00405521 0.0050647 0.00602623 0.00691692 0.00772489 0.00844611 0.00908185 0.0096367
 0.000530656 0.00119633 0.00205827 0.00303499 0.00405521 0.0050647 0.00602623 0.00691692 0.00772489 0.00844611 0.00908185 0.0096367
 0.000530656 0.00119633 0.00205827 0.00303499 0.00405521 0.0050647 0.00602623 0.00691692 0.00772489 0.00844611 0.00908185 0.0096367
 0.000530656 0.00119633 0.00205827 0.00303499 0.00405521 0.0050647 0.00602623 0.00691692 0.00772489 0.00844611 0.00908185 0.0096367
 0.000530656 0.00119633 0.00205827 0.00303499 0.00405521 0.0050647 0.00602623 0.00691692 0.00772489 0.00844611 0.00908185 0.0096367
 0.000530656 0.00119633 0.00205827 0.00303499 0.00405521 0.0050647 0.00602623 0.00691692 0.00772489 0.00844611 0.00908185 0.0096367
 0.000530656 0.00119633 0.00205827 0.00303499 0.00405521 0.0050647 0.00602623 0.00691692 0.00772489 0.00844611 0.00908185 0.0096367
 0.000530656 0.00119633 0.00205827 0.00303499 0.00405521 0.0050647 0.00602623 0.00691692 0.00772489 0.00844611 0.00908185 0.0096367
 0.000530656 0.00119633 0.00205827 0.00303499 0.00405521 0.0050647 0.00602623 0.00691692 0.00772489 0.00844611 0.00908185 0.0096367
 0.000530656 0.00119633 0.00205827 0.00303499 0.00405521 0.0050647 0.00602623 0.00691692 0.00772489 0.00844611 0.00908185 0.0096367
 0.000530656 0.00119633 0.00205827 0.00303499 0.00405521 0.0050647 0.00602623 0.00691692 0.00772489 0.00844611 0.00908185 0.0096367
 0.000530656 0.00119633 0.00205827 0.00303499 0.00405521 0.0050647 0.00602623 0.00691692 0.00772489 0.00844611 0.00908185 0.0096367
 0.000530656 0.00119633 0.00205827 0.00303499 0.00405521 0.0050647 0.00602623 0.00691692 0.00772489 0.00844611 0.00908185 0.0096367
 0.000530656 0.00119633 0.00205827 0.00303499 0.00405521 0.0050647 0.00602623 0.00691692 0.00772489 0.00844611 0.00908185 0.0096367
 0.000530656 0.00119633 0.00205827 0.00303499 0.00405521 0.0050647 0.00602623 0.00691692 0.00772489 0.00844611 0.00908185 0.0096367
 0.000530656 0.00119633 0.00205827 0.00303499 0.00405521 0.0050647 0.00602623 0.00691692 0.00772489 0.00844611 0.00908185 0.0096367
 0.000530656 0.00119633 0.00205827 0.00303499 0.00405521 0.0050647 0.00602623 0.00691692 0.00772489 0.00844611 0.00908185 0.0096367
 0.000530656 0.00119633 0.00205827 0.00303499 0.00405521 0.0050647 0.00602623 0.00691692 0.00772489 0.00844611 0.00908185 0.0096367
# nyrs_ind_age
 30
# yrs_ind_age
 1 2 3 4 5 6 7 8 9 10 11 12 13 14 15 16 17 18 19 20 21 22 23 24 25 26 27 28 29 30
# n_sample_ind_age
 200 200 200 200 200 200 200 200 200 200 200 200 200 200 200 200 200 200 200 200 200 200 200 200 200 200 200 200 200 200
# oac_ind
 0.045 0.125 0.14 0.16 0.1 0.095 0.055 0.05 0.035 0.035 0.02 0.14
 0.05 0.155 0.125 0.15 0.1 0.065 0.07 0.08 0.055 0.04 0.005 0.105
 0.08 0.165 0.14 0.1 0.08 0.06 0.085 0.065 0.05 0.05 0.04 0.085
 0.05 0.145 0.16 0.125 0.13 0.08 0.05 0.05 0.015 0.045 0.035 0.115
 0.055 0.115 0.14 0.195 0.095 0.095 0.04 0.045 0.035 0.05 0.035 0.1
 0.135 0.18 0.1 0.11 0.13 0.085 0.04 0.055 0.03 0.045 0.015 0.075
 0.065 0.2 0.15 0.135 0.065 0.095 0.05 0.05 0.03 0.05 0.045 0.065
 0.09 0.155 0.195 0.185 0.045 0.09 0.05 0.025 0.03 0.025 0.015 0.095
 0.07 0.165 0.12 0.175 0.15 0.055 0.05 0.05 0.025 0.03 0.025 0.085
 0.095 0.175 0.21 0.1 0.08 0.1 0.04 0.04 0.04 0.025 0.02 0.075
 0.075 0.135 0.18 0.155 0.11 0.065 0.045 0.055 0.04 0.015 0.03 0.095
 0.1 0.175 0.2 0.1 0.115 0.075 0.03 0.065 0.025 0.015 0.035 0.065
 0.055 0.17 0.175 0.175 0.065 0.09 0.04 0.045 0.055 0.025 0.005 0.1
 0.095 0.165 0.13 0.135 0.115 0.075 0.065 0.04 0.04 0.015 0.02 0.105
 0.08 0.2 0.21 0.16 0.135 0.045 0.035 0.045 0.015 0.025 0.005 0.045
 0.09 0.205 0.175 0.1 0.07 0.095 0.08 0.025 0.05 0.015 0.02 0.075
 0.07 0.195 0.215 0.185 0.105 0.055 0.025 0.02 0.045 0.015 0.03 0.04
 0.05 0.295 0.27 0.11 0.115 0.05 0.01 0.035 0.02 0.005 0.015 0.025
 0.08 0.15 0.265 0.16 0.1 0.085 0.05 0.035 0.025 0.02 0 0.03
 0.11 0.2 0.105 0.225 0.13 0.09 0.035 0.03 0.015 0.02 0.005 0.035
 0.145 0.19 0.155 0.185 0.07 0.12 0.055 0.025 0.025 0.005 0.005 0.02
 0.13 0.225 0.185 0.12 0.09 0.09 0.06 0.03 0.025 0.015 0 0.03
 0.115 0.27 0.25 0.13 0.03 0.06 0.055 0.02 0.03 0.02 0.01 0.01
 0.095 0.2 0.26 0.19 0.09 0.045 0.035 0.03 0.02 0.01 0.005 0.02
 0.155 0.215 0.24 0.145 0.105 0.05 0.035 0.01 0.02 0.01 0 0.015
 0.085 0.325 0.17 0.15 0.115 0.055 0.025 0.02 0.015 0.01 0.02 0.01
 0.12 0.215 0.265 0.17 0.085 0.06 0.045 0.015 0.01 0.005 0.005 0.005
 0.145 0.22 0.175 0.22 0.08 0.045 0.045 0.035 0.01 0.005 0.005 0.015
 0.12 0.27 0.18 0.17 0.08 0.065 0.045 0.03 0.02 0.01 0.005 0.005
 0.14 0.25 0.285 0.17 0.06 0.04 0.025 0.015 0 0.01 0.005 0
# olc_ind

# obs_lse_ind
 0.198042 0.198042 0.198042 0.198042 0.198042 0.198042 0.198042 0.198042 0.198042 0.198042 0.198042 0.198042 0.198042 0.198042 0.198042 0.198042 0.198042 0.198042 0.198042 0.198042 0.198042 0.198042 0.198042 0.198042 0.198042 0.198042 0.198042 0.198042 0.198042 0.198042
# xages_fsh
 0 0 0 0 0 0 0 0 0 0 0 0
# xages_fsh
 0 0.0909091 0.181818 0.272727 0.363636 0.454545 0.545455 0.636364 0.727273 0.818182 0.909091 1
# xnodes_fsh

Yrs fsh_sel change:  1 0 0 0 0 0 0 0 0 0 0 0 0 0 0 0 0 0 0 0 0 0 0 0 0 0 0 0 0
Yrs ind_sel change:  1 0 0 0 0 0 0 0 0 0 0 0 0 0 0 0 0 0 0 0 0 0 0 0 0 0 0 0 0
# steepnessprior
0.75
# sigmarprior
0.2
#  SSB estimated in styr endyr: -12 28 
#  Rec estimated in styr endyr: -10 30 
#  SR Curve fit  in styr endyr: 1 30 
#             Model styr endyr: 1 30 
# qprior
 3.48998e-007
# q_power_prior 
 1 
# cv_catchbiomass 
0.05 
# CatchbiomassPen 
200 
# Number of projection years 
5 
# offset_fsh
 13479.8
# offset_ind
 13130.5
Mean Catch
1276.06
R_guess 
13.8155
# nfsh
1
# n_sel_ch_fsh
 1
# nselages_fsh
 11
# phase_selcoff_fsh
 -1
logRzero 13.8155
logmeanrec 13.8155
exp(log_sigmarprior 0.2
Fish sel phase: -1 OM1
Fixing fishery sel to
1
Fixing fishery sel to
1
Srvy sel phase: -1
Fixing survey_index1 indices sel to
1
Fixing index sel to
1
# logsel_slp_in_indv
 0.693147
Leaving parameter init secton
# M
 0.2 0.2 0.2 0.2 0.2 0.2 0.2 0.2 0.2 0.2 0.2 0.2
 0.2 0.2 0.2 0.2 0.2 0.2 0.2 0.2 0.2 0.2 0.2 0.2
 0.2 0.2 0.2 0.2 0.2 0.2 0.2 0.2 0.2 0.2 0.2 0.2
 0.2 0.2 0.2 0.2 0.2 0.2 0.2 0.2 0.2 0.2 0.2 0.2
 0.2 0.2 0.2 0.2 0.2 0.2 0.2 0.2 0.2 0.2 0.2 0.2
 0.2 0.2 0.2 0.2 0.2 0.2 0.2 0.2 0.2 0.2 0.2 0.2
 0.2 0.2 0.2 0.2 0.2 0.2 0.2 0.2 0.2 0.2 0.2 0.2
 0.2 0.2 0.2 0.2 0.2 0.2 0.2 0.2 0.2 0.2 0.2 0.2
 0.2 0.2 0.2 0.2 0.2 0.2 0.2 0.2 0.2 0.2 0.2 0.2
 0.2 0.2 0.2 0.2 0.2 0.2 0.2 0.2 0.2 0.2 0.2 0.2
 0.2 0.2 0.2 0.2 0.2 0.2 0.2 0.2 0.2 0.2 0.2 0.2
 0.2 0.2 0.2 0.2 0.2 0.2 0.2 0.2 0.2 0.2 0.2 0.2
 0.2 0.2 0.2 0.2 0.2 0.2 0.2 0.2 0.2 0.2 0.2 0.2
 0.2 0.2 0.2 0.2 0.2 0.2 0.2 0.2 0.2 0.2 0.2 0.2
 0.2 0.2 0.2 0.2 0.2 0.2 0.2 0.2 0.2 0.2 0.2 0.2
 0.2 0.2 0.2 0.2 0.2 0.2 0.2 0.2 0.2 0.2 0.2 0.2
 0.2 0.2 0.2 0.2 0.2 0.2 0.2 0.2 0.2 0.2 0.2 0.2
 0.2 0.2 0.2 0.2 0.2 0.2 0.2 0.2 0.2 0.2 0.2 0.2
 0.2 0.2 0.2 0.2 0.2 0.2 0.2 0.2 0.2 0.2 0.2 0.2
 0.2 0.2 0.2 0.2 0.2 0.2 0.2 0.2 0.2 0.2 0.2 0.2
 0.2 0.2 0.2 0.2 0.2 0.2 0.2 0.2 0.2 0.2 0.2 0.2
 0.2 0.2 0.2 0.2 0.2 0.2 0.2 0.2 0.2 0.2 0.2 0.2
 0.2 0.2 0.2 0.2 0.2 0.2 0.2 0.2 0.2 0.2 0.2 0.2
 0.2 0.2 0.2 0.2 0.2 0.2 0.2 0.2 0.2 0.2 0.2 0.2
 0.2 0.2 0.2 0.2 0.2 0.2 0.2 0.2 0.2 0.2 0.2 0.2
 0.2 0.2 0.2 0.2 0.2 0.2 0.2 0.2 0.2 0.2 0.2 0.2
 0.2 0.2 0.2 0.2 0.2 0.2 0.2 0.2 0.2 0.2 0.2 0.2
 0.2 0.2 0.2 0.2 0.2 0.2 0.2 0.2 0.2 0.2 0.2 0.2
 0.2 0.2 0.2 0.2 0.2 0.2 0.2 0.2 0.2 0.2 0.2 0.2
 0.2 0.2 0.2 0.2 0.2 0.2 0.2 0.2 0.2 0.2 0.2 0.2
# mean_log_rec
13.7737
# log_Rzero
13.7945
# rec_dev
 -0.106373 -0.222099 -0.148907 0.12005 0.0961925 0.126923 0.0914957 0.114894 -0.0166442 0.0260492 0.0150904 0.081838 0.287335 0.0745501 -0.159998 0.247389 0.244648 -0.0430254 0.191731 -0.00747772 0.0842231 0.0387964 -0.0629331 -0.119445 0.0809244 -0.0457739 0.148261 0.0659965 -0.446669 -0.321269 -0.359242 -0.0495405 -0.0409462 -0.294709 -0.376657 -0.0174924 -0.414799 -0.2724 -0.230226 -0.268758 -0.245701
# fmort
 0.00896945 0.026315 0.0438176 0.0592073 0.0470994 0.0856666 0.0866193 0.184422 0.107291 0.131804 0.150043 0.162266 0.118455 0.170386 0.181042 0.162627 0.309838 0.252063 0.24908 0.247984 0.351414 0.256413 0.431322 0.359028 0.353013 0.318207 0.303064 0.414114 0.307848 0.47887
# rec_dev_future
 0 0 0 0 0
