AMAK;August_2013
# styr
1
# endyr
30
# rec_age
1
# oldest_age
12
# nlength
81
# len_bins
 10 11 12 13 14 15 16 17 18 19 20 21 22 23 24 25 26 27 28 29 30 31 32 33 34 35 36 37 38 39 40 41 42 43 44 45 46 47 48 49 50 51 52 53 54 55 56 57 58 59 60 61 62 63 64 65 66 67 68 69 70 71 72 73 74 75 76 77 78 79 80 81 82 83 84 85 86 87 88 89 90
# datafile_name
amak_data.dat
# model_name
OM_1
# styr
1
# endyr
30
# rec_age
1
# oldest_age
12
# nfsh
1
# fshname
OM1
# catch_bio_in
 162.054 467.694 760.995 994.614 765.056 1329.29 1269.91 2464.76 1328.31 1535.97 1633.27 1621.93 1099.96 1525.59 1505.58 1272.75 2252.65 1612.28 1456.6 1317.4 1623.23 1082.54 1636.07 1202.89 1119.06 971.73 932.465 1206.83 876.75 1271.47
# catch_bio_sd_in
 0.01 0.01 0.01 0.01 0.01 0.01 0.01 0.01 0.01 0.01 0.01 0.01 0.01 0.01 0.01 0.01 0.01 0.01 0.01 0.01 0.01 0.01 0.01 0.01 0.01 0.01 0.01 0.01 0.01 0.01
# nyrs_fsh_age
 30
# nyrs_fsh_length
 0
# yrs_fsh_age_in
 1 2 3 4 5 6 7 8 9 10 11 12 13 14 15 16 17 18 19 20 21 22 23 24 25 26 27 28 29 30
# yrs_fsh_length_in

# n_sample_fsh_length_in

# olc_fsh_in

# nind
1
# indname
survey_index1
# nyrs_ind
 30
# yrs_ind_in
 1 2 3 4 5 6 7 8 9 10 11 12 13 14 15 16 17 18 19 20 21 22 23 24 25 26 27 28 29 30
# mo_ind
 1
# obs_ind_in
 1.43884 1.1935 1.37217 1.65206 1.53581 1.36398 1.32826 1.59762 1.45603 1.20523 1.14383 1.1681 0.977722 0.902683 0.994824 1.10024 0.849621 0.902698 0.642959 0.757109 0.749146 0.693053 0.637179 0.598564 0.538045 0.478939 0.485166 0.478736 0.612012 0.60747
# obs_se_ind_in
 0.287768 0.238699 0.274434 0.330413 0.307162 0.272796 0.265651 0.319525 0.291207 0.241046 0.228766 0.23362 0.195544 0.180537 0.198965 0.220049 0.169924 0.18054 0.128592 0.151422 0.149829 0.138611 0.127436 0.119713 0.107609 0.0957878 0.0970333 0.0957473 0.122402 0.121494
# nyrs_ind_age
 30
# nyrs_ind_length
 0
# yrs_ind_age_in
 1 2 3 4 5 6 7 8 9 10 11 12 13 14 15 16 17 18 19 20 21 22 23 24 25 26 27 28 29 30
# yrs_ind_length_in

# yrs_ind_age_in
 1 2 3 4 5 6 7 8 9 10 11 12 13 14 15 16 17 18 19 20 21 22 23 24 25 26 27 28 29 30
# n_sample_ind_length_in

# olc_ind_in

# oac_ind_in
 0.065 0.2 0.135 0.125 0.125 0.065 0.045 0.03 0.025 0.04 0.035 0.11
 0.115 0.09 0.155 0.115 0.125 0.09 0.055 0.045 0.02 0.03 0.04 0.12
 0.04 0.215 0.17 0.105 0.07 0.085 0.07 0.06 0.015 0.045 0.03 0.095
 0.03 0.16 0.145 0.125 0.105 0.09 0.065 0.065 0.055 0.045 0.015 0.1
 0.09 0.07 0.165 0.165 0.135 0.045 0.07 0.04 0.035 0.045 0.035 0.105
 0.07 0.17 0.135 0.105 0.195 0.08 0.04 0.045 0.025 0.03 0.025 0.08
 0.08 0.185 0.24 0.1 0.085 0.055 0.045 0.03 0.035 0.045 0.015 0.085
 0.095 0.135 0.19 0.165 0.06 0.055 0.09 0.025 0.045 0.065 0.01 0.065
 0.085 0.17 0.135 0.17 0.105 0.07 0.055 0.045 0.04 0.01 0.025 0.09
 0.09 0.1 0.17 0.09 0.135 0.12 0.06 0.045 0.045 0.015 0.035 0.095
 0.08 0.21 0.13 0.14 0.11 0.105 0.065 0.03 0.02 0.02 0.02 0.07
 0.065 0.16 0.165 0.125 0.135 0.065 0.065 0.085 0.02 0.025 0.01 0.08
 0.05 0.205 0.16 0.18 0.095 0.06 0.055 0.045 0.03 0.025 0.02 0.075
 0.11 0.185 0.185 0.13 0.095 0.045 0.06 0.04 0.03 0.035 0.005 0.08
 0.05 0.2 0.165 0.13 0.145 0.085 0.045 0.015 0.03 0.03 0.025 0.08
 0.065 0.18 0.19 0.17 0.06 0.11 0.07 0.04 0.025 0.04 0.01 0.04
 0.08 0.255 0.15 0.175 0.1 0.03 0.055 0.035 0.035 0.025 0.015 0.045
 0.07 0.175 0.245 0.175 0.07 0.085 0.035 0.055 0.03 0.02 0.005 0.035
 0.04 0.225 0.245 0.175 0.08 0.075 0.025 0.02 0.025 0.015 0.02 0.055
 0.065 0.15 0.175 0.205 0.14 0.075 0.065 0.05 0.02 0.01 0.01 0.035
 0.135 0.175 0.2 0.17 0.14 0.05 0.04 0.02 0.015 0.015 0.015 0.025
 0.125 0.315 0.155 0.115 0.06 0.075 0.05 0.04 0.02 0.02 0.01 0.015
 0.095 0.235 0.235 0.15 0.09 0.045 0.07 0.015 0.015 0.015 0.015 0.02
 0.12 0.225 0.24 0.185 0.05 0.04 0.045 0.04 0.04 0.005 0.005 0.005
 0.15 0.205 0.205 0.175 0.13 0.04 0.04 0.01 0.02 0.01 0.01 0.005
 0.115 0.275 0.205 0.15 0.105 0.085 0.02 0.02 0 0.01 0.01 0.005
 0.13 0.175 0.315 0.145 0.075 0.08 0.045 0.01 0 0.015 0.005 0.005
 0.125 0.25 0.155 0.18 0.08 0.08 0.055 0.045 0.01 0.01 0 0.01
 0.145 0.28 0.22 0.12 0.095 0.055 0.035 0.015 0.015 0.005 0 0.015
 0.135 0.26 0.25 0.16 0.06 0.065 0.025 0.02 0.005 0.005 0 0.015
# wt_ind
 1 1 1 1 1 1 1 1 1 1 1 1
 1 1 1 1 1 1 1 1 1 1 1 1
 1 1 1 1 1 1 1 1 1 1 1 1
 1 1 1 1 1 1 1 1 1 1 1 1
 1 1 1 1 1 1 1 1 1 1 1 1
 1 1 1 1 1 1 1 1 1 1 1 1
 1 1 1 1 1 1 1 1 1 1 1 1
 1 1 1 1 1 1 1 1 1 1 1 1
 1 1 1 1 1 1 1 1 1 1 1 1
 1 1 1 1 1 1 1 1 1 1 1 1
 1 1 1 1 1 1 1 1 1 1 1 1
 1 1 1 1 1 1 1 1 1 1 1 1
 1 1 1 1 1 1 1 1 1 1 1 1
 1 1 1 1 1 1 1 1 1 1 1 1
 1 1 1 1 1 1 1 1 1 1 1 1
 1 1 1 1 1 1 1 1 1 1 1 1
 1 1 1 1 1 1 1 1 1 1 1 1
 1 1 1 1 1 1 1 1 1 1 1 1
 1 1 1 1 1 1 1 1 1 1 1 1
 1 1 1 1 1 1 1 1 1 1 1 1
 1 1 1 1 1 1 1 1 1 1 1 1
 1 1 1 1 1 1 1 1 1 1 1 1
 1 1 1 1 1 1 1 1 1 1 1 1
 1 1 1 1 1 1 1 1 1 1 1 1
 1 1 1 1 1 1 1 1 1 1 1 1
 1 1 1 1 1 1 1 1 1 1 1 1
 1 1 1 1 1 1 1 1 1 1 1 1
 1 1 1 1 1 1 1 1 1 1 1 1
 1 1 1 1 1 1 1 1 1 1 1 1
 1 1 1 1 1 1 1 1 1 1 1 1
# wt_pop
 0.000530656 0.00119633 0.00205827 0.00303499 0.00405521 0.0050647 0.00602623 0.00691692 0.00772489 0.00844611 0.00908185 0.0096367
# maturity
 0.0229774 0.320821 0.904651 0.99478 0.999739 0.999987 0.999999 1 1 1 1 1
# spawnmo
1
# age_err
 1 0 0 0 0 0 0 0 0 0 0 0
 0 1 0 0 0 0 0 0 0 0 0 0
 0 0 1 0 0 0 0 0 0 0 0 0
 0 0 0 1 0 0 0 0 0 0 0 0
 0 0 0 0 1 0 0 0 0 0 0 0
 0 0 0 0 0 1 0 0 0 0 0 0
 0 0 0 0 0 0 1 0 0 0 0 0
 0 0 0 0 0 0 0 1 0 0 0 0
 0 0 0 0 0 0 0 0 1 0 0 0
 0 0 0 0 0 0 0 0 0 1 0 0
 0 0 0 0 0 0 0 0 0 0 1 0
 0 0 0 0 0 0 0 0 0 0 0 1
# cntrlfile_name
C:\Users\bai.li\Desktop\s1_test\AMAK\s90\amak.dat
# Map shared selectivity: 
# sel_map
 1 2
 1 1
# datafile_name
amak_data.dat
# model_name
OM_1
# SrType
2
# use_age_err
0
# retro
0
# sigmarprior
0.2
# cvsigmarprior
0.25
# phase_sigmar
-3
# styr_rec_est
1
# endyr_rec_est
30
# Linfprior
80
# cvLinfprior
0.25
# kprior
0.18
# cvkprior
0.25
# Loprior
27.688
# cvLoprior
0.25
# sdageprior
0.1
# cvsdageprior
0.25
# natmortprior
0.2
# cvnatmortprior
0.25
# phase_M
-4
# npars_Mage
0
# ages_M_changes

# Mage_in

# phase_Mage
-5
# phase_rw_M
0
# npars_rw_M
0
# yrs_rw_M

# sigma_rw_M

# qprior
 3.48998e-007
# cvqprior
 1
# phase_q
 1
# q_power_prior
 1
# cvq_power_prior
 0.2
# phase_q_power
 -4
# phase_rw_q
 -1
# npars_rw_q
 0
# yrs_rw_q

# sigma_rw_q

# q_age_min
 1
# q_age_max
 12
# q_age_min
 1
# q_age_max
 12
# fsh_sel_opt(k)
2
# phase_sel_fsh(k)
-2
# n_sel_ch_fsh(k)
1
# sel_slp_in_fsh(k)(1,n_sel_ch_fsh(k))
 1
# sel_inf_in_fsh(k)(1,n_sel_ch_fsh(k))
 2
# logsel_slp_in_fsh(k)(1,n_sel_ch_fsh(k))
 0
# yrs_sel_ch_fsh(k)(1,n_sel_ch_fsh(k))
 1

Survey survey_index1
# ind_sel_opt(k)
2
# indname(k)
survey_index1
# nselages_in_ind(k)
11
# phase_sel_ind(k)
-2
# sel_change_in_ind(k)
 1 0 0 0 0 0 0 0 0 0 0 0 0 0 0 0 0 0 0 0 0 0 0 0 0 0 0 0 0 0
# n_sel_ch_ind(k)
1
# yrs_sel_ch_ind(k)(1,n_sel_ch_ind(k))
 1
# sel_slp_in_ind(k,1)
2
# sel_inf_in_ind(k,1)
1.5
# logsel_slp_in_ind(k,1)
0.693147
# logsel_slp_in_indv(k)
0.693147
survey_index1 ind sel opt 2  1 0 0 0 0 0 0 0 0 0 0 0 0 0 0 0 0 0 0 0 0 0 0 0 0 0 0 0 0 0
Phase indices Sel_Coffs:  -1
 Test: 1.23457e+008
# Fshry Selages:  11
# Srvy  Selages:  11
# Phase for age-spec fishery  -1
# Phase for logistic fishery  -2
# Phase for dble logistic fishery  -1
# Phase for age-spec indices   -1
# Phase for logistic indices   -2
# Phase for dble logistic ind  -1
# Curv_pen_fsh: 
 0
# Curv_pen_ind: 
 0
# styr_fut
31
# endyr_fut
35
# nyrs_fsh_age
 30
# nyrs_fsh_age
 30
# yrs_fsh_age
 1 2 3 4 5 6 7 8 9 10 11 12 13 14 15 16 17 18 19 20 21 22 23 24 25 26 27 28 29 30
# n_sample_fsh_age
 200 200 200 200 200 200 200 200 200 200 200 200 200 200 200 200 200 200 200 200 200 200 200 200 200 200 200 200 200 200
# oac_fsh
 0.095 0.08 0.105 0.135 0.095 0.125 0.06 0.025 0.04 0.045 0.02 0.175
 0.07 0.12 0.145 0.135 0.115 0.085 0.055 0.035 0.045 0.03 0.025 0.14
 0.06 0.165 0.14 0.08 0.09 0.09 0.095 0.03 0.04 0.03 0.055 0.125
 0.07 0.095 0.155 0.105 0.115 0.065 0.055 0.05 0.065 0.035 0.025 0.165
 0.1 0.07 0.145 0.15 0.065 0.09 0.09 0.07 0.035 0.015 0.025 0.145
 0.12 0.135 0.07 0.135 0.135 0.085 0.055 0.04 0.07 0.015 0.015 0.125
 0.07 0.14 0.22 0.095 0.09 0.1 0.06 0.05 0.035 0.025 0.015 0.1
 0.095 0.095 0.155 0.21 0.07 0.065 0.055 0.065 0.035 0.035 0.05 0.07
 0.065 0.135 0.14 0.12 0.14 0.055 0.055 0.075 0.045 0.04 0.03 0.1
 0.065 0.1 0.145 0.135 0.14 0.125 0.065 0.03 0.065 0.035 0.035 0.06
 0.085 0.15 0.13 0.17 0.105 0.12 0.065 0.01 0.04 0.025 0.035 0.065
 0.06 0.175 0.165 0.165 0.085 0.055 0.055 0.055 0.03 0.025 0.015 0.115
 0.11 0.105 0.165 0.185 0.085 0.1 0.08 0.035 0.035 0.01 0.03 0.06
 0.09 0.17 0.13 0.13 0.09 0.115 0.045 0.05 0.065 0.02 0.015 0.08
 0.07 0.105 0.135 0.145 0.15 0.085 0.07 0.065 0.03 0.045 0.025 0.075
 0.065 0.18 0.175 0.135 0.095 0.07 0.07 0.05 0.07 0.025 0.005 0.06
 0.15 0.135 0.16 0.13 0.095 0.08 0.03 0.075 0.04 0.015 0.02 0.07
 0.105 0.155 0.155 0.14 0.13 0.095 0.04 0.04 0.04 0.03 0.01 0.06
 0.115 0.16 0.19 0.165 0.12 0.08 0.045 0.04 0.02 0.025 0.01 0.03
 0.09 0.215 0.095 0.23 0.095 0.055 0.075 0.015 0.02 0.04 0.03 0.04
 0.185 0.125 0.155 0.16 0.13 0.065 0.025 0.055 0.005 0.015 0.025 0.055
 0.155 0.235 0.17 0.12 0.075 0.08 0.07 0.02 0.02 0.015 0.005 0.035
 0.22 0.22 0.215 0.1 0.055 0.045 0.08 0.02 0.01 0 0.01 0.025
 0.125 0.145 0.235 0.215 0.115 0.05 0.05 0.015 0.025 0 0.005 0.02
 0.145 0.145 0.165 0.235 0.135 0.045 0.065 0.02 0.015 0.01 0 0.02
 0.14 0.255 0.135 0.125 0.125 0.1 0.02 0.04 0.005 0.03 0.015 0.01
 0.095 0.23 0.225 0.115 0.11 0.13 0.05 0.01 0 0.01 0.015 0.01
 0.18 0.19 0.14 0.2 0.08 0.095 0.05 0.035 0.005 0.005 0.005 0.015
 0.22 0.27 0.105 0.11 0.12 0.085 0.055 0.005 0.01 0 0.005 0.015
 0.15 0.265 0.27 0.115 0.06 0.045 0.02 0.03 0.01 0.02 0.005 0.01
# olc_fsh

# wt_fsh
 0.000530656 0.00119633 0.00205827 0.00303499 0.00405521 0.0050647 0.00602623 0.00691692 0.00772489 0.00844611 0.00908185 0.0096367
 0.000530656 0.00119633 0.00205827 0.00303499 0.00405521 0.0050647 0.00602623 0.00691692 0.00772489 0.00844611 0.00908185 0.0096367
 0.000530656 0.00119633 0.00205827 0.00303499 0.00405521 0.0050647 0.00602623 0.00691692 0.00772489 0.00844611 0.00908185 0.0096367
 0.000530656 0.00119633 0.00205827 0.00303499 0.00405521 0.0050647 0.00602623 0.00691692 0.00772489 0.00844611 0.00908185 0.0096367
 0.000530656 0.00119633 0.00205827 0.00303499 0.00405521 0.0050647 0.00602623 0.00691692 0.00772489 0.00844611 0.00908185 0.0096367
 0.000530656 0.00119633 0.00205827 0.00303499 0.00405521 0.0050647 0.00602623 0.00691692 0.00772489 0.00844611 0.00908185 0.0096367
 0.000530656 0.00119633 0.00205827 0.00303499 0.00405521 0.0050647 0.00602623 0.00691692 0.00772489 0.00844611 0.00908185 0.0096367
 0.000530656 0.00119633 0.00205827 0.00303499 0.00405521 0.0050647 0.00602623 0.00691692 0.00772489 0.00844611 0.00908185 0.0096367
 0.000530656 0.00119633 0.00205827 0.00303499 0.00405521 0.0050647 0.00602623 0.00691692 0.00772489 0.00844611 0.00908185 0.0096367
 0.000530656 0.00119633 0.00205827 0.00303499 0.00405521 0.0050647 0.00602623 0.00691692 0.00772489 0.00844611 0.00908185 0.0096367
 0.000530656 0.00119633 0.00205827 0.00303499 0.00405521 0.0050647 0.00602623 0.00691692 0.00772489 0.00844611 0.00908185 0.0096367
 0.000530656 0.00119633 0.00205827 0.00303499 0.00405521 0.0050647 0.00602623 0.00691692 0.00772489 0.00844611 0.00908185 0.0096367
 0.000530656 0.00119633 0.00205827 0.00303499 0.00405521 0.0050647 0.00602623 0.00691692 0.00772489 0.00844611 0.00908185 0.0096367
 0.000530656 0.00119633 0.00205827 0.00303499 0.00405521 0.0050647 0.00602623 0.00691692 0.00772489 0.00844611 0.00908185 0.0096367
 0.000530656 0.00119633 0.00205827 0.00303499 0.00405521 0.0050647 0.00602623 0.00691692 0.00772489 0.00844611 0.00908185 0.0096367
 0.000530656 0.00119633 0.00205827 0.00303499 0.00405521 0.0050647 0.00602623 0.00691692 0.00772489 0.00844611 0.00908185 0.0096367
 0.000530656 0.00119633 0.00205827 0.00303499 0.00405521 0.0050647 0.00602623 0.00691692 0.00772489 0.00844611 0.00908185 0.0096367
 0.000530656 0.00119633 0.00205827 0.00303499 0.00405521 0.0050647 0.00602623 0.00691692 0.00772489 0.00844611 0.00908185 0.0096367
 0.000530656 0.00119633 0.00205827 0.00303499 0.00405521 0.0050647 0.00602623 0.00691692 0.00772489 0.00844611 0.00908185 0.0096367
 0.000530656 0.00119633 0.00205827 0.00303499 0.00405521 0.0050647 0.00602623 0.00691692 0.00772489 0.00844611 0.00908185 0.0096367
 0.000530656 0.00119633 0.00205827 0.00303499 0.00405521 0.0050647 0.00602623 0.00691692 0.00772489 0.00844611 0.00908185 0.0096367
 0.000530656 0.00119633 0.00205827 0.00303499 0.00405521 0.0050647 0.00602623 0.00691692 0.00772489 0.00844611 0.00908185 0.0096367
 0.000530656 0.00119633 0.00205827 0.00303499 0.00405521 0.0050647 0.00602623 0.00691692 0.00772489 0.00844611 0.00908185 0.0096367
 0.000530656 0.00119633 0.00205827 0.00303499 0.00405521 0.0050647 0.00602623 0.00691692 0.00772489 0.00844611 0.00908185 0.0096367
 0.000530656 0.00119633 0.00205827 0.00303499 0.00405521 0.0050647 0.00602623 0.00691692 0.00772489 0.00844611 0.00908185 0.0096367
 0.000530656 0.00119633 0.00205827 0.00303499 0.00405521 0.0050647 0.00602623 0.00691692 0.00772489 0.00844611 0.00908185 0.0096367
 0.000530656 0.00119633 0.00205827 0.00303499 0.00405521 0.0050647 0.00602623 0.00691692 0.00772489 0.00844611 0.00908185 0.0096367
 0.000530656 0.00119633 0.00205827 0.00303499 0.00405521 0.0050647 0.00602623 0.00691692 0.00772489 0.00844611 0.00908185 0.0096367
 0.000530656 0.00119633 0.00205827 0.00303499 0.00405521 0.0050647 0.00602623 0.00691692 0.00772489 0.00844611 0.00908185 0.0096367
 0.000530656 0.00119633 0.00205827 0.00303499 0.00405521 0.0050647 0.00602623 0.00691692 0.00772489 0.00844611 0.00908185 0.0096367
# nyrs_ind_age
 30
# yrs_ind_age
 1 2 3 4 5 6 7 8 9 10 11 12 13 14 15 16 17 18 19 20 21 22 23 24 25 26 27 28 29 30
# n_sample_ind_age
 200 200 200 200 200 200 200 200 200 200 200 200 200 200 200 200 200 200 200 200 200 200 200 200 200 200 200 200 200 200
# oac_ind
 0.065 0.2 0.135 0.125 0.125 0.065 0.045 0.03 0.025 0.04 0.035 0.11
 0.115 0.09 0.155 0.115 0.125 0.09 0.055 0.045 0.02 0.03 0.04 0.12
 0.04 0.215 0.17 0.105 0.07 0.085 0.07 0.06 0.015 0.045 0.03 0.095
 0.03 0.16 0.145 0.125 0.105 0.09 0.065 0.065 0.055 0.045 0.015 0.1
 0.09 0.07 0.165 0.165 0.135 0.045 0.07 0.04 0.035 0.045 0.035 0.105
 0.07 0.17 0.135 0.105 0.195 0.08 0.04 0.045 0.025 0.03 0.025 0.08
 0.08 0.185 0.24 0.1 0.085 0.055 0.045 0.03 0.035 0.045 0.015 0.085
 0.095 0.135 0.19 0.165 0.06 0.055 0.09 0.025 0.045 0.065 0.01 0.065
 0.085 0.17 0.135 0.17 0.105 0.07 0.055 0.045 0.04 0.01 0.025 0.09
 0.09 0.1 0.17 0.09 0.135 0.12 0.06 0.045 0.045 0.015 0.035 0.095
 0.08 0.21 0.13 0.14 0.11 0.105 0.065 0.03 0.02 0.02 0.02 0.07
 0.065 0.16 0.165 0.125 0.135 0.065 0.065 0.085 0.02 0.025 0.01 0.08
 0.05 0.205 0.16 0.18 0.095 0.06 0.055 0.045 0.03 0.025 0.02 0.075
 0.11 0.185 0.185 0.13 0.095 0.045 0.06 0.04 0.03 0.035 0.005 0.08
 0.05 0.2 0.165 0.13 0.145 0.085 0.045 0.015 0.03 0.03 0.025 0.08
 0.065 0.18 0.19 0.17 0.06 0.11 0.07 0.04 0.025 0.04 0.01 0.04
 0.08 0.255 0.15 0.175 0.1 0.03 0.055 0.035 0.035 0.025 0.015 0.045
 0.07 0.175 0.245 0.175 0.07 0.085 0.035 0.055 0.03 0.02 0.005 0.035
 0.04 0.225 0.245 0.175 0.08 0.075 0.025 0.02 0.025 0.015 0.02 0.055
 0.065 0.15 0.175 0.205 0.14 0.075 0.065 0.05 0.02 0.01 0.01 0.035
 0.135 0.175 0.2 0.17 0.14 0.05 0.04 0.02 0.015 0.015 0.015 0.025
 0.125 0.315 0.155 0.115 0.06 0.075 0.05 0.04 0.02 0.02 0.01 0.015
 0.095 0.235 0.235 0.15 0.09 0.045 0.07 0.015 0.015 0.015 0.015 0.02
 0.12 0.225 0.24 0.185 0.05 0.04 0.045 0.04 0.04 0.005 0.005 0.005
 0.15 0.205 0.205 0.175 0.13 0.04 0.04 0.01 0.02 0.01 0.01 0.005
 0.115 0.275 0.205 0.15 0.105 0.085 0.02 0.02 0 0.01 0.01 0.005
 0.13 0.175 0.315 0.145 0.075 0.08 0.045 0.01 0 0.015 0.005 0.005
 0.125 0.25 0.155 0.18 0.08 0.08 0.055 0.045 0.01 0.01 0 0.01
 0.145 0.28 0.22 0.12 0.095 0.055 0.035 0.015 0.015 0.005 0 0.015
 0.135 0.26 0.25 0.16 0.06 0.065 0.025 0.02 0.005 0.005 0 0.015
# olc_ind

# obs_lse_ind
 0.198042 0.198042 0.198042 0.198042 0.198042 0.198042 0.198042 0.198042 0.198042 0.198042 0.198042 0.198042 0.198042 0.198042 0.198042 0.198042 0.198042 0.198042 0.198042 0.198042 0.198042 0.198042 0.198042 0.198042 0.198042 0.198042 0.198042 0.198042 0.198042 0.198042
# xages_fsh
 0 0 0 0 0 0 0 0 0 0 0 0
# xages_fsh
 0 0.0909091 0.181818 0.272727 0.363636 0.454545 0.545455 0.636364 0.727273 0.818182 0.909091 1
# xnodes_fsh

Yrs fsh_sel change:  1 0 0 0 0 0 0 0 0 0 0 0 0 0 0 0 0 0 0 0 0 0 0 0 0 0 0 0 0
Yrs ind_sel change:  1 0 0 0 0 0 0 0 0 0 0 0 0 0 0 0 0 0 0 0 0 0 0 0 0 0 0 0 0
# steepnessprior
0.75
# sigmarprior
0.2
#  SSB estimated in styr endyr: -12 28 
#  Rec estimated in styr endyr: -10 30 
#  SR Curve fit  in styr endyr: 1 30 
#             Model styr endyr: 1 30 
# qprior
 3.48998e-007
# q_power_prior 
 1 
# cv_catchbiomass 
0.05 
# CatchbiomassPen 
200 
# Number of projection years 
5 
# offset_fsh
 13449.5
# offset_ind
 13140.1
Mean Catch
1276.66
R_guess 
13.8155
# nfsh
1
# n_sel_ch_fsh
 1
# nselages_fsh
 11
# phase_selcoff_fsh
 -1
logRzero 13.8155
logmeanrec 13.8155
exp(log_sigmarprior 0.2
Fish sel phase: -1 OM1
Fixing fishery sel to
1
Fixing fishery sel to
1
Srvy sel phase: -1
Fixing survey_index1 indices sel to
1
Fixing index sel to
1
# logsel_slp_in_indv
 0.693147
Leaving parameter init secton
# M
 0.2 0.2 0.2 0.2 0.2 0.2 0.2 0.2 0.2 0.2 0.2 0.2
 0.2 0.2 0.2 0.2 0.2 0.2 0.2 0.2 0.2 0.2 0.2 0.2
 0.2 0.2 0.2 0.2 0.2 0.2 0.2 0.2 0.2 0.2 0.2 0.2
 0.2 0.2 0.2 0.2 0.2 0.2 0.2 0.2 0.2 0.2 0.2 0.2
 0.2 0.2 0.2 0.2 0.2 0.2 0.2 0.2 0.2 0.2 0.2 0.2
 0.2 0.2 0.2 0.2 0.2 0.2 0.2 0.2 0.2 0.2 0.2 0.2
 0.2 0.2 0.2 0.2 0.2 0.2 0.2 0.2 0.2 0.2 0.2 0.2
 0.2 0.2 0.2 0.2 0.2 0.2 0.2 0.2 0.2 0.2 0.2 0.2
 0.2 0.2 0.2 0.2 0.2 0.2 0.2 0.2 0.2 0.2 0.2 0.2
 0.2 0.2 0.2 0.2 0.2 0.2 0.2 0.2 0.2 0.2 0.2 0.2
 0.2 0.2 0.2 0.2 0.2 0.2 0.2 0.2 0.2 0.2 0.2 0.2
 0.2 0.2 0.2 0.2 0.2 0.2 0.2 0.2 0.2 0.2 0.2 0.2
 0.2 0.2 0.2 0.2 0.2 0.2 0.2 0.2 0.2 0.2 0.2 0.2
 0.2 0.2 0.2 0.2 0.2 0.2 0.2 0.2 0.2 0.2 0.2 0.2
 0.2 0.2 0.2 0.2 0.2 0.2 0.2 0.2 0.2 0.2 0.2 0.2
 0.2 0.2 0.2 0.2 0.2 0.2 0.2 0.2 0.2 0.2 0.2 0.2
 0.2 0.2 0.2 0.2 0.2 0.2 0.2 0.2 0.2 0.2 0.2 0.2
 0.2 0.2 0.2 0.2 0.2 0.2 0.2 0.2 0.2 0.2 0.2 0.2
 0.2 0.2 0.2 0.2 0.2 0.2 0.2 0.2 0.2 0.2 0.2 0.2
 0.2 0.2 0.2 0.2 0.2 0.2 0.2 0.2 0.2 0.2 0.2 0.2
 0.2 0.2 0.2 0.2 0.2 0.2 0.2 0.2 0.2 0.2 0.2 0.2
 0.2 0.2 0.2 0.2 0.2 0.2 0.2 0.2 0.2 0.2 0.2 0.2
 0.2 0.2 0.2 0.2 0.2 0.2 0.2 0.2 0.2 0.2 0.2 0.2
 0.2 0.2 0.2 0.2 0.2 0.2 0.2 0.2 0.2 0.2 0.2 0.2
 0.2 0.2 0.2 0.2 0.2 0.2 0.2 0.2 0.2 0.2 0.2 0.2
 0.2 0.2 0.2 0.2 0.2 0.2 0.2 0.2 0.2 0.2 0.2 0.2
 0.2 0.2 0.2 0.2 0.2 0.2 0.2 0.2 0.2 0.2 0.2 0.2
 0.2 0.2 0.2 0.2 0.2 0.2 0.2 0.2 0.2 0.2 0.2 0.2
 0.2 0.2 0.2 0.2 0.2 0.2 0.2 0.2 0.2 0.2 0.2 0.2
 0.2 0.2 0.2 0.2 0.2 0.2 0.2 0.2 0.2 0.2 0.2 0.2
# mean_log_rec
13.7283
# log_Rzero
13.8215
# rec_dev
 -0.0691664 -0.0801291 0.0307302 -0.0287224 -0.214992 -0.133339 0.0150564 0.0556995 0.148487 0.0752887 0.0927099 0.135592 0.386358 0.105865 -0.145407 0.461004 0.354105 0.0983474 0.191007 0.0182578 0.185284 0.111796 -0.107667 -0.00701526 0.0464135 -0.0787281 0.0440259 0.142257 -0.216686 -0.251234 -0.365708 0.141585 0.030809 -0.169931 -0.363288 -0.076385 -0.439084 -0.341468 -0.0372656 -0.0215018 -0.171531
# fmort
 0.0095541 0.0277311 0.0458676 0.061691 0.0487717 0.0875766 0.0871478 0.182313 0.106777 0.130265 0.148159 0.158411 0.113354 0.165706 0.17652 0.158943 0.313411 0.257378 0.255491 0.252868 0.350877 0.256208 0.417398 0.3377 0.331132 0.298225 0.291678 0.398904 0.299982 0.442938
# rec_dev_future
 0 0 0 0 0
