AMAK;August_2013
# styr
1
# endyr
30
# rec_age
1
# oldest_age
12
# nlength
81
# len_bins
 10 11 12 13 14 15 16 17 18 19 20 21 22 23 24 25 26 27 28 29 30 31 32 33 34 35 36 37 38 39 40 41 42 43 44 45 46 47 48 49 50 51 52 53 54 55 56 57 58 59 60 61 62 63 64 65 66 67 68 69 70 71 72 73 74 75 76 77 78 79 80 81 82 83 84 85 86 87 88 89 90
# datafile_name
amak_data.dat
# model_name
OM_1
# styr
1
# endyr
30
# rec_age
1
# oldest_age
12
# nfsh
1
# fshname
OM1
# catch_bio_in
 160.891 467.589 762.374 986.096 766.462 1326.3 1284.01 2477.36 1334.97 1532.89 1617.79 1605.72 1114.04 1513.86 1513.86 1280.71 2250.94 1626.08 1452.7 1320.66 1633.95 1080 1628.77 1196.82 1120.93 970.034 918.928 1209.48 873.924 1271.88
# catch_bio_sd_in
 0.01 0.01 0.01 0.01 0.01 0.01 0.01 0.01 0.01 0.01 0.01 0.01 0.01 0.01 0.01 0.01 0.01 0.01 0.01 0.01 0.01 0.01 0.01 0.01 0.01 0.01 0.01 0.01 0.01 0.01
# nyrs_fsh_age
 30
# nyrs_fsh_length
 0
# yrs_fsh_age_in
 1 2 3 4 5 6 7 8 9 10 11 12 13 14 15 16 17 18 19 20 21 22 23 24 25 26 27 28 29 30
# yrs_fsh_length_in

# n_sample_fsh_length_in

# olc_fsh_in

# nind
1
# indname
survey_index1
# nyrs_ind
 30
# yrs_ind_in
 1 2 3 4 5 6 7 8 9 10 11 12 13 14 15 16 17 18 19 20 21 22 23 24 25 26 27 28 29 30
# mo_ind
 1
# obs_ind_in
 1.41227 1.9547 1.5077 1.2878 1.64876 1.54244 1.4963 1.21692 1.5021 1.13519 1.18804 1.2054 1.44117 1.08777 1.02216 1.13229 0.992566 0.790831 0.774917 0.677473 0.68521 0.683375 0.683749 0.637037 0.551771 0.50053 0.568621 0.543171 0.522829 0.56381
# obs_se_ind_in
 0.282455 0.390941 0.30154 0.257561 0.329751 0.308488 0.29926 0.243384 0.300421 0.227037 0.237607 0.241081 0.288234 0.217553 0.204433 0.226457 0.198513 0.158166 0.154983 0.135495 0.137042 0.136675 0.13675 0.127407 0.110354 0.100106 0.113724 0.108634 0.104566 0.112762
# nyrs_ind_age
 30
# nyrs_ind_length
 0
# yrs_ind_age_in
 1 2 3 4 5 6 7 8 9 10 11 12 13 14 15 16 17 18 19 20 21 22 23 24 25 26 27 28 29 30
# yrs_ind_length_in

# yrs_ind_age_in
 1 2 3 4 5 6 7 8 9 10 11 12 13 14 15 16 17 18 19 20 21 22 23 24 25 26 27 28 29 30
# n_sample_ind_length_in

# olc_ind_in

# oac_ind_in
 0.06 0.16 0.165 0.105 0.07 0.085 0.05 0.07 0.05 0.03 0.035 0.12
 0.07 0.12 0.12 0.12 0.1 0.09 0.055 0.05 0.075 0.025 0.045 0.13
 0.035 0.185 0.13 0.085 0.1 0.115 0.075 0.06 0.07 0.02 0.03 0.095
 0.055 0.1 0.185 0.14 0.105 0.11 0.06 0.05 0.045 0.025 0.025 0.1
 0.1 0.09 0.135 0.17 0.095 0.095 0.07 0.055 0.035 0.01 0.03 0.115
 0.1 0.19 0.085 0.08 0.14 0.065 0.06 0.015 0.06 0.05 0.04 0.115
 0.06 0.16 0.155 0.1 0.12 0.085 0.075 0.04 0.05 0.03 0.04 0.085
 0.09 0.15 0.195 0.17 0.075 0.055 0.075 0.035 0.02 0.015 0.015 0.105
 0.05 0.16 0.13 0.155 0.15 0.06 0.06 0.04 0.04 0.04 0.025 0.09
 0.1 0.155 0.17 0.125 0.145 0.08 0.02 0.06 0.03 0.015 0.02 0.08
 0.11 0.185 0.15 0.16 0.08 0.06 0.07 0.045 0.025 0.01 0.03 0.075
 0.07 0.185 0.17 0.14 0.1 0.07 0.07 0.025 0.01 0.025 0.035 0.1
 0.045 0.16 0.18 0.165 0.14 0.07 0.06 0.03 0.03 0.025 0.01 0.085
 0.1 0.14 0.165 0.165 0.12 0.08 0.075 0.02 0.03 0.025 0.01 0.07
 0.055 0.25 0.16 0.155 0.13 0.065 0.015 0.05 0.02 0.035 0.015 0.05
 0.125 0.115 0.175 0.13 0.135 0.115 0.07 0.02 0.02 0.01 0.03 0.055
 0.14 0.185 0.165 0.15 0.105 0.055 0.06 0.045 0.015 0.01 0.01 0.06
 0.055 0.265 0.255 0.15 0.075 0.045 0.035 0.035 0.005 0.015 0.03 0.035
 0.115 0.205 0.145 0.195 0.11 0.065 0.065 0.025 0.02 0.01 0.005 0.04
 0.06 0.165 0.165 0.155 0.145 0.115 0.06 0.04 0.04 0.005 0.02 0.03
 0.15 0.165 0.225 0.13 0.14 0.065 0.045 0.025 0.01 0.01 0.02 0.015
 0.125 0.265 0.175 0.13 0.065 0.08 0.035 0.07 0.015 0.005 0.01 0.025
 0.085 0.265 0.275 0.11 0.1 0.04 0.065 0.005 0.01 0.02 0.01 0.015
 0.09 0.22 0.315 0.14 0.065 0.08 0.04 0.01 0.005 0.015 0.01 0.01
 0.1 0.205 0.195 0.19 0.135 0.08 0.02 0.03 0.005 0.015 0.005 0.02
 0.115 0.275 0.145 0.2 0.115 0.06 0.025 0.015 0.015 0.02 0.005 0.01
 0.115 0.205 0.315 0.125 0.085 0.06 0.045 0.005 0.01 0.01 0.005 0.02
 0.17 0.245 0.16 0.175 0.085 0.07 0.02 0.02 0.02 0.015 0.005 0.015
 0.115 0.23 0.265 0.155 0.105 0.065 0.025 0.005 0.005 0.01 0.005 0.015
 0.125 0.285 0.285 0.135 0.08 0.035 0.015 0.02 0.005 0 0.005 0.01
# wt_ind
 1 1 1 1 1 1 1 1 1 1 1 1
 1 1 1 1 1 1 1 1 1 1 1 1
 1 1 1 1 1 1 1 1 1 1 1 1
 1 1 1 1 1 1 1 1 1 1 1 1
 1 1 1 1 1 1 1 1 1 1 1 1
 1 1 1 1 1 1 1 1 1 1 1 1
 1 1 1 1 1 1 1 1 1 1 1 1
 1 1 1 1 1 1 1 1 1 1 1 1
 1 1 1 1 1 1 1 1 1 1 1 1
 1 1 1 1 1 1 1 1 1 1 1 1
 1 1 1 1 1 1 1 1 1 1 1 1
 1 1 1 1 1 1 1 1 1 1 1 1
 1 1 1 1 1 1 1 1 1 1 1 1
 1 1 1 1 1 1 1 1 1 1 1 1
 1 1 1 1 1 1 1 1 1 1 1 1
 1 1 1 1 1 1 1 1 1 1 1 1
 1 1 1 1 1 1 1 1 1 1 1 1
 1 1 1 1 1 1 1 1 1 1 1 1
 1 1 1 1 1 1 1 1 1 1 1 1
 1 1 1 1 1 1 1 1 1 1 1 1
 1 1 1 1 1 1 1 1 1 1 1 1
 1 1 1 1 1 1 1 1 1 1 1 1
 1 1 1 1 1 1 1 1 1 1 1 1
 1 1 1 1 1 1 1 1 1 1 1 1
 1 1 1 1 1 1 1 1 1 1 1 1
 1 1 1 1 1 1 1 1 1 1 1 1
 1 1 1 1 1 1 1 1 1 1 1 1
 1 1 1 1 1 1 1 1 1 1 1 1
 1 1 1 1 1 1 1 1 1 1 1 1
 1 1 1 1 1 1 1 1 1 1 1 1
# wt_pop
 0.000530656 0.00119633 0.00205827 0.00303499 0.00405521 0.0050647 0.00602623 0.00691692 0.00772489 0.00844611 0.00908185 0.0096367
# maturity
 0.0229774 0.320821 0.904651 0.99478 0.999739 0.999987 0.999999 1 1 1 1 1
# spawnmo
1
# age_err
 1 0 0 0 0 0 0 0 0 0 0 0
 0 1 0 0 0 0 0 0 0 0 0 0
 0 0 1 0 0 0 0 0 0 0 0 0
 0 0 0 1 0 0 0 0 0 0 0 0
 0 0 0 0 1 0 0 0 0 0 0 0
 0 0 0 0 0 1 0 0 0 0 0 0
 0 0 0 0 0 0 1 0 0 0 0 0
 0 0 0 0 0 0 0 1 0 0 0 0
 0 0 0 0 0 0 0 0 1 0 0 0
 0 0 0 0 0 0 0 0 0 1 0 0
 0 0 0 0 0 0 0 0 0 0 1 0
 0 0 0 0 0 0 0 0 0 0 0 1
# cntrlfile_name
C:\Users\bai.li\Desktop\s1_test\AMAK\s75\amak.dat
# Map shared selectivity: 
# sel_map
 1 2
 1 1
# datafile_name
amak_data.dat
# model_name
OM_1
# SrType
2
# use_age_err
0
# retro
0
# sigmarprior
0.2
# cvsigmarprior
0.25
# phase_sigmar
-3
# styr_rec_est
1
# endyr_rec_est
30
# Linfprior
80
# cvLinfprior
0.25
# kprior
0.18
# cvkprior
0.25
# Loprior
27.688
# cvLoprior
0.25
# sdageprior
0.1
# cvsdageprior
0.25
# natmortprior
0.2
# cvnatmortprior
0.25
# phase_M
-4
# npars_Mage
0
# ages_M_changes

# Mage_in

# phase_Mage
-5
# phase_rw_M
0
# npars_rw_M
0
# yrs_rw_M

# sigma_rw_M

# qprior
 3.48998e-007
# cvqprior
 1
# phase_q
 1
# q_power_prior
 1
# cvq_power_prior
 0.2
# phase_q_power
 -4
# phase_rw_q
 -1
# npars_rw_q
 0
# yrs_rw_q

# sigma_rw_q

# q_age_min
 1
# q_age_max
 12
# q_age_min
 1
# q_age_max
 12
# fsh_sel_opt(k)
2
# phase_sel_fsh(k)
-2
# n_sel_ch_fsh(k)
1
# sel_slp_in_fsh(k)(1,n_sel_ch_fsh(k))
 1
# sel_inf_in_fsh(k)(1,n_sel_ch_fsh(k))
 2
# logsel_slp_in_fsh(k)(1,n_sel_ch_fsh(k))
 0
# yrs_sel_ch_fsh(k)(1,n_sel_ch_fsh(k))
 1

Survey survey_index1
# ind_sel_opt(k)
2
# indname(k)
survey_index1
# nselages_in_ind(k)
11
# phase_sel_ind(k)
-2
# sel_change_in_ind(k)
 1 0 0 0 0 0 0 0 0 0 0 0 0 0 0 0 0 0 0 0 0 0 0 0 0 0 0 0 0 0
# n_sel_ch_ind(k)
1
# yrs_sel_ch_ind(k)(1,n_sel_ch_ind(k))
 1
# sel_slp_in_ind(k,1)
2
# sel_inf_in_ind(k,1)
1.5
# logsel_slp_in_ind(k,1)
0.693147
# logsel_slp_in_indv(k)
0.693147
survey_index1 ind sel opt 2  1 0 0 0 0 0 0 0 0 0 0 0 0 0 0 0 0 0 0 0 0 0 0 0 0 0 0 0 0 0
Phase indices Sel_Coffs:  -1
 Test: 1.23457e+008
# Fshry Selages:  11
# Srvy  Selages:  11
# Phase for age-spec fishery  -1
# Phase for logistic fishery  -2
# Phase for dble logistic fishery  -1
# Phase for age-spec indices   -1
# Phase for logistic indices   -2
# Phase for dble logistic ind  -1
# Curv_pen_fsh: 
 0
# Curv_pen_ind: 
 0
# styr_fut
31
# endyr_fut
35
# nyrs_fsh_age
 30
# nyrs_fsh_age
 30
# yrs_fsh_age
 1 2 3 4 5 6 7 8 9 10 11 12 13 14 15 16 17 18 19 20 21 22 23 24 25 26 27 28 29 30
# n_sample_fsh_age
 200 200 200 200 200 200 200 200 200 200 200 200 200 200 200 200 200 200 200 200 200 200 200 200 200 200 200 200 200 200
# oac_fsh
 0.09 0.14 0.125 0.095 0.12 0.06 0.035 0.06 0.08 0.03 0.035 0.13
 0.09 0.085 0.12 0.12 0.095 0.115 0.055 0.075 0.045 0.035 0.025 0.14
 0.045 0.11 0.11 0.13 0.13 0.075 0.09 0.055 0.045 0.065 0.02 0.125
 0.035 0.11 0.13 0.115 0.075 0.09 0.095 0.065 0.025 0.075 0.025 0.16
 0.09 0.06 0.11 0.16 0.085 0.09 0.1 0.065 0.035 0.03 0.055 0.12
 0.08 0.145 0.115 0.105 0.085 0.07 0.05 0.07 0.03 0.075 0.03 0.145
 0.09 0.155 0.125 0.075 0.1 0.105 0.075 0.07 0.025 0.055 0.03 0.095
 0.085 0.1 0.18 0.175 0.085 0.07 0.05 0.05 0.045 0.03 0.015 0.115
 0.065 0.1 0.19 0.16 0.115 0.045 0.08 0.055 0.055 0.015 0.015 0.105
 0.12 0.09 0.155 0.095 0.13 0.115 0.04 0.085 0.04 0.035 0.03 0.065
 0.1 0.11 0.135 0.15 0.075 0.12 0.08 0.04 0.035 0.035 0.025 0.095
 0.125 0.145 0.125 0.145 0.105 0.03 0.055 0.07 0.04 0.035 0.045 0.08
 0.085 0.12 0.205 0.13 0.1 0.11 0.075 0.045 0.035 0.025 0 0.07
 0.14 0.125 0.145 0.165 0.11 0.06 0.095 0.03 0.025 0.025 0.015 0.065
 0.065 0.18 0.18 0.125 0.075 0.09 0.075 0.05 0.04 0.025 0.04 0.055
 0.125 0.19 0.15 0.145 0.08 0.11 0.08 0.025 0.015 0.02 0.025 0.035
 0.135 0.125 0.135 0.19 0.095 0.11 0.055 0.045 0.02 0.035 0.025 0.03
 0.095 0.195 0.215 0.135 0.09 0.075 0.06 0.045 0.005 0.03 0.01 0.045
 0.155 0.155 0.19 0.155 0.095 0.085 0.025 0.035 0.03 0.015 0.015 0.045
 0.135 0.17 0.14 0.16 0.12 0.065 0.08 0.025 0.03 0.02 0.03 0.025
 0.13 0.18 0.195 0.135 0.135 0.075 0.035 0.045 0.015 0.02 0.005 0.03
 0.15 0.2 0.185 0.16 0.085 0.075 0.065 0.04 0.015 0.005 0.005 0.015
 0.13 0.275 0.26 0.075 0.095 0.04 0.045 0.04 0.01 0.01 0 0.02
 0.09 0.185 0.295 0.185 0.08 0.06 0.04 0.015 0.015 0 0.01 0.025
 0.19 0.185 0.195 0.175 0.1 0.04 0.04 0.02 0.01 0.015 0.005 0.025
 0.165 0.21 0.15 0.165 0.175 0.04 0.03 0.02 0.015 0.015 0.01 0.005
 0.14 0.175 0.235 0.155 0.09 0.07 0.06 0.02 0.01 0.015 0.005 0.025
 0.155 0.21 0.155 0.155 0.12 0.06 0.055 0.055 0.005 0.02 0.005 0.005
 0.175 0.255 0.14 0.14 0.135 0.06 0.025 0.045 0.015 0 0.005 0.005
 0.165 0.255 0.22 0.12 0.1 0.065 0.01 0.025 0.015 0.01 0.015 0
# olc_fsh

# wt_fsh
 0.000530656 0.00119633 0.00205827 0.00303499 0.00405521 0.0050647 0.00602623 0.00691692 0.00772489 0.00844611 0.00908185 0.0096367
 0.000530656 0.00119633 0.00205827 0.00303499 0.00405521 0.0050647 0.00602623 0.00691692 0.00772489 0.00844611 0.00908185 0.0096367
 0.000530656 0.00119633 0.00205827 0.00303499 0.00405521 0.0050647 0.00602623 0.00691692 0.00772489 0.00844611 0.00908185 0.0096367
 0.000530656 0.00119633 0.00205827 0.00303499 0.00405521 0.0050647 0.00602623 0.00691692 0.00772489 0.00844611 0.00908185 0.0096367
 0.000530656 0.00119633 0.00205827 0.00303499 0.00405521 0.0050647 0.00602623 0.00691692 0.00772489 0.00844611 0.00908185 0.0096367
 0.000530656 0.00119633 0.00205827 0.00303499 0.00405521 0.0050647 0.00602623 0.00691692 0.00772489 0.00844611 0.00908185 0.0096367
 0.000530656 0.00119633 0.00205827 0.00303499 0.00405521 0.0050647 0.00602623 0.00691692 0.00772489 0.00844611 0.00908185 0.0096367
 0.000530656 0.00119633 0.00205827 0.00303499 0.00405521 0.0050647 0.00602623 0.00691692 0.00772489 0.00844611 0.00908185 0.0096367
 0.000530656 0.00119633 0.00205827 0.00303499 0.00405521 0.0050647 0.00602623 0.00691692 0.00772489 0.00844611 0.00908185 0.0096367
 0.000530656 0.00119633 0.00205827 0.00303499 0.00405521 0.0050647 0.00602623 0.00691692 0.00772489 0.00844611 0.00908185 0.0096367
 0.000530656 0.00119633 0.00205827 0.00303499 0.00405521 0.0050647 0.00602623 0.00691692 0.00772489 0.00844611 0.00908185 0.0096367
 0.000530656 0.00119633 0.00205827 0.00303499 0.00405521 0.0050647 0.00602623 0.00691692 0.00772489 0.00844611 0.00908185 0.0096367
 0.000530656 0.00119633 0.00205827 0.00303499 0.00405521 0.0050647 0.00602623 0.00691692 0.00772489 0.00844611 0.00908185 0.0096367
 0.000530656 0.00119633 0.00205827 0.00303499 0.00405521 0.0050647 0.00602623 0.00691692 0.00772489 0.00844611 0.00908185 0.0096367
 0.000530656 0.00119633 0.00205827 0.00303499 0.00405521 0.0050647 0.00602623 0.00691692 0.00772489 0.00844611 0.00908185 0.0096367
 0.000530656 0.00119633 0.00205827 0.00303499 0.00405521 0.0050647 0.00602623 0.00691692 0.00772489 0.00844611 0.00908185 0.0096367
 0.000530656 0.00119633 0.00205827 0.00303499 0.00405521 0.0050647 0.00602623 0.00691692 0.00772489 0.00844611 0.00908185 0.0096367
 0.000530656 0.00119633 0.00205827 0.00303499 0.00405521 0.0050647 0.00602623 0.00691692 0.00772489 0.00844611 0.00908185 0.0096367
 0.000530656 0.00119633 0.00205827 0.00303499 0.00405521 0.0050647 0.00602623 0.00691692 0.00772489 0.00844611 0.00908185 0.0096367
 0.000530656 0.00119633 0.00205827 0.00303499 0.00405521 0.0050647 0.00602623 0.00691692 0.00772489 0.00844611 0.00908185 0.0096367
 0.000530656 0.00119633 0.00205827 0.00303499 0.00405521 0.0050647 0.00602623 0.00691692 0.00772489 0.00844611 0.00908185 0.0096367
 0.000530656 0.00119633 0.00205827 0.00303499 0.00405521 0.0050647 0.00602623 0.00691692 0.00772489 0.00844611 0.00908185 0.0096367
 0.000530656 0.00119633 0.00205827 0.00303499 0.00405521 0.0050647 0.00602623 0.00691692 0.00772489 0.00844611 0.00908185 0.0096367
 0.000530656 0.00119633 0.00205827 0.00303499 0.00405521 0.0050647 0.00602623 0.00691692 0.00772489 0.00844611 0.00908185 0.0096367
 0.000530656 0.00119633 0.00205827 0.00303499 0.00405521 0.0050647 0.00602623 0.00691692 0.00772489 0.00844611 0.00908185 0.0096367
 0.000530656 0.00119633 0.00205827 0.00303499 0.00405521 0.0050647 0.00602623 0.00691692 0.00772489 0.00844611 0.00908185 0.0096367
 0.000530656 0.00119633 0.00205827 0.00303499 0.00405521 0.0050647 0.00602623 0.00691692 0.00772489 0.00844611 0.00908185 0.0096367
 0.000530656 0.00119633 0.00205827 0.00303499 0.00405521 0.0050647 0.00602623 0.00691692 0.00772489 0.00844611 0.00908185 0.0096367
 0.000530656 0.00119633 0.00205827 0.00303499 0.00405521 0.0050647 0.00602623 0.00691692 0.00772489 0.00844611 0.00908185 0.0096367
 0.000530656 0.00119633 0.00205827 0.00303499 0.00405521 0.0050647 0.00602623 0.00691692 0.00772489 0.00844611 0.00908185 0.0096367
# nyrs_ind_age
 30
# yrs_ind_age
 1 2 3 4 5 6 7 8 9 10 11 12 13 14 15 16 17 18 19 20 21 22 23 24 25 26 27 28 29 30
# n_sample_ind_age
 200 200 200 200 200 200 200 200 200 200 200 200 200 200 200 200 200 200 200 200 200 200 200 200 200 200 200 200 200 200
# oac_ind
 0.06 0.16 0.165 0.105 0.07 0.085 0.05 0.07 0.05 0.03 0.035 0.12
 0.07 0.12 0.12 0.12 0.1 0.09 0.055 0.05 0.075 0.025 0.045 0.13
 0.035 0.185 0.13 0.085 0.1 0.115 0.075 0.06 0.07 0.02 0.03 0.095
 0.055 0.1 0.185 0.14 0.105 0.11 0.06 0.05 0.045 0.025 0.025 0.1
 0.1 0.09 0.135 0.17 0.095 0.095 0.07 0.055 0.035 0.01 0.03 0.115
 0.1 0.19 0.085 0.08 0.14 0.065 0.06 0.015 0.06 0.05 0.04 0.115
 0.06 0.16 0.155 0.1 0.12 0.085 0.075 0.04 0.05 0.03 0.04 0.085
 0.09 0.15 0.195 0.17 0.075 0.055 0.075 0.035 0.02 0.015 0.015 0.105
 0.05 0.16 0.13 0.155 0.15 0.06 0.06 0.04 0.04 0.04 0.025 0.09
 0.1 0.155 0.17 0.125 0.145 0.08 0.02 0.06 0.03 0.015 0.02 0.08
 0.11 0.185 0.15 0.16 0.08 0.06 0.07 0.045 0.025 0.01 0.03 0.075
 0.07 0.185 0.17 0.14 0.1 0.07 0.07 0.025 0.01 0.025 0.035 0.1
 0.045 0.16 0.18 0.165 0.14 0.07 0.06 0.03 0.03 0.025 0.01 0.085
 0.1 0.14 0.165 0.165 0.12 0.08 0.075 0.02 0.03 0.025 0.01 0.07
 0.055 0.25 0.16 0.155 0.13 0.065 0.015 0.05 0.02 0.035 0.015 0.05
 0.125 0.115 0.175 0.13 0.135 0.115 0.07 0.02 0.02 0.01 0.03 0.055
 0.14 0.185 0.165 0.15 0.105 0.055 0.06 0.045 0.015 0.01 0.01 0.06
 0.055 0.265 0.255 0.15 0.075 0.045 0.035 0.035 0.005 0.015 0.03 0.035
 0.115 0.205 0.145 0.195 0.11 0.065 0.065 0.025 0.02 0.01 0.005 0.04
 0.06 0.165 0.165 0.155 0.145 0.115 0.06 0.04 0.04 0.005 0.02 0.03
 0.15 0.165 0.225 0.13 0.14 0.065 0.045 0.025 0.01 0.01 0.02 0.015
 0.125 0.265 0.175 0.13 0.065 0.08 0.035 0.07 0.015 0.005 0.01 0.025
 0.085 0.265 0.275 0.11 0.1 0.04 0.065 0.005 0.01 0.02 0.01 0.015
 0.09 0.22 0.315 0.14 0.065 0.08 0.04 0.01 0.005 0.015 0.01 0.01
 0.1 0.205 0.195 0.19 0.135 0.08 0.02 0.03 0.005 0.015 0.005 0.02
 0.115 0.275 0.145 0.2 0.115 0.06 0.025 0.015 0.015 0.02 0.005 0.01
 0.115 0.205 0.315 0.125 0.085 0.06 0.045 0.005 0.01 0.01 0.005 0.02
 0.17 0.245 0.16 0.175 0.085 0.07 0.02 0.02 0.02 0.015 0.005 0.015
 0.115 0.23 0.265 0.155 0.105 0.065 0.025 0.005 0.005 0.01 0.005 0.015
 0.125 0.285 0.285 0.135 0.08 0.035 0.015 0.02 0.005 0 0.005 0.01
# olc_ind

# obs_lse_ind
 0.198042 0.198042 0.198042 0.198042 0.198042 0.198042 0.198042 0.198042 0.198042 0.198042 0.198042 0.198042 0.198042 0.198042 0.198042 0.198042 0.198042 0.198042 0.198042 0.198042 0.198042 0.198042 0.198042 0.198042 0.198042 0.198042 0.198042 0.198042 0.198042 0.198042
# xages_fsh
 0 0 0 0 0 0 0 0 0 0 0 0
# xages_fsh
 0 0.0909091 0.181818 0.272727 0.363636 0.454545 0.545455 0.636364 0.727273 0.818182 0.909091 1
# xnodes_fsh

Yrs fsh_sel change:  1 0 0 0 0 0 0 0 0 0 0 0 0 0 0 0 0 0 0 0 0 0 0 0 0 0 0 0 0
Yrs ind_sel change:  1 0 0 0 0 0 0 0 0 0 0 0 0 0 0 0 0 0 0 0 0 0 0 0 0 0 0 0 0
# steepnessprior
0.75
# sigmarprior
0.2
#  SSB estimated in styr endyr: -12 28 
#  Rec estimated in styr endyr: -10 30 
#  SR Curve fit  in styr endyr: 1 30 
#             Model styr endyr: 1 30 
# qprior
 3.48998e-007
# q_power_prior 
 1 
# cv_catchbiomass 
0.05 
# CatchbiomassPen 
200 
# Number of projection years 
5 
# offset_fsh
 13471.3
# offset_ind
 13145.3
Mean Catch
1276.67
R_guess 
13.8155
# nfsh
1
# n_sel_ch_fsh
 1
# nselages_fsh
 11
# phase_selcoff_fsh
 -1
logRzero 13.8155
logmeanrec 13.8155
exp(log_sigmarprior 0.2
Fish sel phase: -1 OM1
Fixing fishery sel to
1
Fixing fishery sel to
1
Srvy sel phase: -1
Fixing survey_index1 indices sel to
1
Fixing index sel to
1
# logsel_slp_in_indv
 0.693147
Leaving parameter init secton
# M
 0.2 0.2 0.2 0.2 0.2 0.2 0.2 0.2 0.2 0.2 0.2 0.2
 0.2 0.2 0.2 0.2 0.2 0.2 0.2 0.2 0.2 0.2 0.2 0.2
 0.2 0.2 0.2 0.2 0.2 0.2 0.2 0.2 0.2 0.2 0.2 0.2
 0.2 0.2 0.2 0.2 0.2 0.2 0.2 0.2 0.2 0.2 0.2 0.2
 0.2 0.2 0.2 0.2 0.2 0.2 0.2 0.2 0.2 0.2 0.2 0.2
 0.2 0.2 0.2 0.2 0.2 0.2 0.2 0.2 0.2 0.2 0.2 0.2
 0.2 0.2 0.2 0.2 0.2 0.2 0.2 0.2 0.2 0.2 0.2 0.2
 0.2 0.2 0.2 0.2 0.2 0.2 0.2 0.2 0.2 0.2 0.2 0.2
 0.2 0.2 0.2 0.2 0.2 0.2 0.2 0.2 0.2 0.2 0.2 0.2
 0.2 0.2 0.2 0.2 0.2 0.2 0.2 0.2 0.2 0.2 0.2 0.2
 0.2 0.2 0.2 0.2 0.2 0.2 0.2 0.2 0.2 0.2 0.2 0.2
 0.2 0.2 0.2 0.2 0.2 0.2 0.2 0.2 0.2 0.2 0.2 0.2
 0.2 0.2 0.2 0.2 0.2 0.2 0.2 0.2 0.2 0.2 0.2 0.2
 0.2 0.2 0.2 0.2 0.2 0.2 0.2 0.2 0.2 0.2 0.2 0.2
 0.2 0.2 0.2 0.2 0.2 0.2 0.2 0.2 0.2 0.2 0.2 0.2
 0.2 0.2 0.2 0.2 0.2 0.2 0.2 0.2 0.2 0.2 0.2 0.2
 0.2 0.2 0.2 0.2 0.2 0.2 0.2 0.2 0.2 0.2 0.2 0.2
 0.2 0.2 0.2 0.2 0.2 0.2 0.2 0.2 0.2 0.2 0.2 0.2
 0.2 0.2 0.2 0.2 0.2 0.2 0.2 0.2 0.2 0.2 0.2 0.2
 0.2 0.2 0.2 0.2 0.2 0.2 0.2 0.2 0.2 0.2 0.2 0.2
 0.2 0.2 0.2 0.2 0.2 0.2 0.2 0.2 0.2 0.2 0.2 0.2
 0.2 0.2 0.2 0.2 0.2 0.2 0.2 0.2 0.2 0.2 0.2 0.2
 0.2 0.2 0.2 0.2 0.2 0.2 0.2 0.2 0.2 0.2 0.2 0.2
 0.2 0.2 0.2 0.2 0.2 0.2 0.2 0.2 0.2 0.2 0.2 0.2
 0.2 0.2 0.2 0.2 0.2 0.2 0.2 0.2 0.2 0.2 0.2 0.2
 0.2 0.2 0.2 0.2 0.2 0.2 0.2 0.2 0.2 0.2 0.2 0.2
 0.2 0.2 0.2 0.2 0.2 0.2 0.2 0.2 0.2 0.2 0.2 0.2
 0.2 0.2 0.2 0.2 0.2 0.2 0.2 0.2 0.2 0.2 0.2 0.2
 0.2 0.2 0.2 0.2 0.2 0.2 0.2 0.2 0.2 0.2 0.2 0.2
 0.2 0.2 0.2 0.2 0.2 0.2 0.2 0.2 0.2 0.2 0.2 0.2
# mean_log_rec
13.7775
# log_Rzero
13.7865
# rec_dev
 -0.101221 -0.0172327 -0.0742788 0.0200388 0.0872219 0.0640603 -0.110208 0.136166 0.0406061 0.0911336 0.0461703 0.0363083 0.218934 -0.0275808 -0.252245 0.26495 0.251128 -0.0433276 0.115338 -0.0866013 0.0461424 0.112403 -0.0358234 -0.146399 0.073231 -0.102307 0.0650541 0.0308495 -0.293062 -0.151573 -0.349322 -0.0197238 0.0321599 -0.265467 -0.460841 -0.190645 -0.433305 -0.373861 -0.206604 -0.232854 -0.309519
# fmort
 0.00897778 0.0263295 0.0439732 0.0591434 0.0478815 0.0869929 0.089298 0.189113 0.11258 0.138086 0.157481 0.169214 0.12387 0.176619 0.189672 0.169715 0.330254 0.273308 0.268036 0.265361 0.367959 0.265601 0.432519 0.351767 0.350823 0.318834 0.309822 0.434523 0.33158 0.51049
# rec_dev_future
 0 0 0 0 0
