AMAK;August_2013
# styr
1
# endyr
30
# rec_age
1
# oldest_age
12
# nlength
81
# len_bins
 10 11 12 13 14 15 16 17 18 19 20 21 22 23 24 25 26 27 28 29 30 31 32 33 34 35 36 37 38 39 40 41 42 43 44 45 46 47 48 49 50 51 52 53 54 55 56 57 58 59 60 61 62 63 64 65 66 67 68 69 70 71 72 73 74 75 76 77 78 79 80 81 82 83 84 85 86 87 88 89 90
# datafile_name
amak_data.dat
# model_name
OM_1
# styr
1
# endyr
30
# rec_age
1
# oldest_age
12
# nfsh
1
# fshname
OM1
# catch_bio_in
 161.154 472.357 756.814 999.99 765.572 1320.48 1268.69 2467.32 1335.43 1525.62 1612.84 1611.33 1103.65 1521.22 1505.9 1277.34 2264.66 1602.55 1460.95 1321.22 1622.95 1075.74 1615.07 1206.48 1117.72 967.955 923.717 1211.18 871.439 1274.44
# catch_bio_sd_in
 0.01 0.01 0.01 0.01 0.01 0.01 0.01 0.01 0.01 0.01 0.01 0.01 0.01 0.01 0.01 0.01 0.01 0.01 0.01 0.01 0.01 0.01 0.01 0.01 0.01 0.01 0.01 0.01 0.01 0.01
# nyrs_fsh_age
 30
# nyrs_fsh_length
 0
# yrs_fsh_age_in
 1 2 3 4 5 6 7 8 9 10 11 12 13 14 15 16 17 18 19 20 21 22 23 24 25 26 27 28 29 30
# yrs_fsh_length_in

# n_sample_fsh_length_in

# olc_fsh_in

# nind
1
# indname
survey_index1
# nyrs_ind
 30
# yrs_ind_in
 1 2 3 4 5 6 7 8 9 10 11 12 13 14 15 16 17 18 19 20 21 22 23 24 25 26 27 28 29 30
# mo_ind
 1
# obs_ind_in
 1.37904 1.74809 1.83012 1.34742 1.59374 1.61996 1.2993 1.20894 1.12775 1.43736 1.20704 1.01758 1.1459 0.945533 0.998752 1.13381 1.02599 0.854396 0.854465 0.725674 0.660186 0.664599 0.887058 0.62767 0.661147 0.582033 0.516936 0.531675 0.542168 0.594334
# obs_se_ind_in
 0.275808 0.349617 0.366025 0.269485 0.318747 0.323991 0.25986 0.241788 0.22555 0.287473 0.241409 0.203515 0.229179 0.189107 0.19975 0.226762 0.205199 0.170879 0.170893 0.145135 0.132037 0.13292 0.177412 0.125534 0.132229 0.116407 0.103387 0.106335 0.108434 0.118867
# nyrs_ind_age
 30
# nyrs_ind_length
 0
# yrs_ind_age_in
 1 2 3 4 5 6 7 8 9 10 11 12 13 14 15 16 17 18 19 20 21 22 23 24 25 26 27 28 29 30
# yrs_ind_length_in

# yrs_ind_age_in
 1 2 3 4 5 6 7 8 9 10 11 12 13 14 15 16 17 18 19 20 21 22 23 24 25 26 27 28 29 30
# n_sample_ind_length_in

# olc_ind_in

# oac_ind_in
 0.03 0.12 0.115 0.165 0.12 0.085 0.075 0.065 0.05 0.04 0.025 0.11
 0.095 0.115 0.13 0.125 0.1 0.065 0.085 0.04 0.065 0.04 0.03 0.11
 0.065 0.17 0.115 0.11 0.09 0.04 0.075 0.045 0.045 0.05 0.035 0.16
 0.04 0.11 0.155 0.155 0.095 0.095 0.06 0.075 0.035 0.035 0.02 0.125
 0.065 0.13 0.115 0.17 0.115 0.085 0.085 0.025 0.05 0.03 0.025 0.105
 0.085 0.175 0.095 0.125 0.145 0.07 0.06 0.04 0.025 0.035 0.045 0.1
 0.08 0.175 0.215 0.085 0.07 0.08 0.055 0.05 0.04 0.01 0.01 0.13
 0.05 0.155 0.225 0.165 0.065 0.065 0.07 0.05 0.04 0.025 0.015 0.075
 0.075 0.2 0.145 0.14 0.13 0.07 0.03 0.03 0.03 0.015 0.04 0.095
 0.075 0.18 0.145 0.115 0.1 0.12 0.06 0.065 0.04 0.02 0.01 0.07
 0.08 0.13 0.14 0.145 0.115 0.115 0.055 0.055 0.025 0.05 0.015 0.075
 0.065 0.125 0.21 0.085 0.13 0.07 0.06 0.085 0.035 0.03 0.025 0.08
 0.075 0.155 0.145 0.175 0.11 0.09 0.05 0.06 0.04 0.01 0.015 0.075
 0.11 0.15 0.15 0.155 0.135 0.075 0.085 0.035 0.025 0.025 0.005 0.05
 0.12 0.165 0.125 0.115 0.145 0.05 0.035 0.05 0.055 0.03 0.04 0.07
 0.11 0.17 0.155 0.115 0.105 0.09 0.02 0.065 0.03 0.045 0.025 0.07
 0.095 0.21 0.175 0.16 0.1 0.05 0.04 0.055 0.045 0.015 0 0.055
 0.06 0.215 0.225 0.155 0.085 0.065 0.025 0.04 0.045 0.015 0.025 0.045
 0.09 0.125 0.245 0.2 0.09 0.09 0.04 0.02 0.03 0.01 0.025 0.035
 0.09 0.16 0.175 0.205 0.11 0.08 0.05 0.035 0.01 0.03 0.01 0.045
 0.14 0.205 0.215 0.15 0.09 0.05 0.055 0.035 0.005 0.01 0.005 0.04
 0.16 0.275 0.165 0.105 0.07 0.06 0.055 0.05 0.02 0.01 0.01 0.02
 0.11 0.29 0.27 0.075 0.07 0.045 0.05 0.025 0.015 0.015 0.015 0.02
 0.085 0.24 0.21 0.16 0.095 0.07 0.02 0.035 0.02 0.03 0.01 0.025
 0.22 0.205 0.18 0.18 0.085 0.055 0.02 0.01 0.015 0.015 0.005 0.01
 0.125 0.29 0.2 0.16 0.11 0.045 0.015 0.015 0.01 0.01 0.005 0.015
 0.12 0.19 0.235 0.145 0.12 0.075 0.055 0.015 0.015 0.015 0.005 0.01
 0.13 0.18 0.225 0.18 0.1 0.05 0.05 0.045 0.005 0 0.01 0.025
 0.145 0.365 0.18 0.115 0.085 0.03 0.045 0.01 0.005 0 0 0.02
 0.085 0.325 0.225 0.17 0.09 0.045 0.03 0.01 0.005 0.015 0 0
# wt_ind
 1 1 1 1 1 1 1 1 1 1 1 1
 1 1 1 1 1 1 1 1 1 1 1 1
 1 1 1 1 1 1 1 1 1 1 1 1
 1 1 1 1 1 1 1 1 1 1 1 1
 1 1 1 1 1 1 1 1 1 1 1 1
 1 1 1 1 1 1 1 1 1 1 1 1
 1 1 1 1 1 1 1 1 1 1 1 1
 1 1 1 1 1 1 1 1 1 1 1 1
 1 1 1 1 1 1 1 1 1 1 1 1
 1 1 1 1 1 1 1 1 1 1 1 1
 1 1 1 1 1 1 1 1 1 1 1 1
 1 1 1 1 1 1 1 1 1 1 1 1
 1 1 1 1 1 1 1 1 1 1 1 1
 1 1 1 1 1 1 1 1 1 1 1 1
 1 1 1 1 1 1 1 1 1 1 1 1
 1 1 1 1 1 1 1 1 1 1 1 1
 1 1 1 1 1 1 1 1 1 1 1 1
 1 1 1 1 1 1 1 1 1 1 1 1
 1 1 1 1 1 1 1 1 1 1 1 1
 1 1 1 1 1 1 1 1 1 1 1 1
 1 1 1 1 1 1 1 1 1 1 1 1
 1 1 1 1 1 1 1 1 1 1 1 1
 1 1 1 1 1 1 1 1 1 1 1 1
 1 1 1 1 1 1 1 1 1 1 1 1
 1 1 1 1 1 1 1 1 1 1 1 1
 1 1 1 1 1 1 1 1 1 1 1 1
 1 1 1 1 1 1 1 1 1 1 1 1
 1 1 1 1 1 1 1 1 1 1 1 1
 1 1 1 1 1 1 1 1 1 1 1 1
 1 1 1 1 1 1 1 1 1 1 1 1
# wt_pop
 0.000530656 0.00119633 0.00205827 0.00303499 0.00405521 0.0050647 0.00602623 0.00691692 0.00772489 0.00844611 0.00908185 0.0096367
# maturity
 0.0229774 0.320821 0.904651 0.99478 0.999739 0.999987 0.999999 1 1 1 1 1
# spawnmo
1
# age_err
 1 0 0 0 0 0 0 0 0 0 0 0
 0 1 0 0 0 0 0 0 0 0 0 0
 0 0 1 0 0 0 0 0 0 0 0 0
 0 0 0 1 0 0 0 0 0 0 0 0
 0 0 0 0 1 0 0 0 0 0 0 0
 0 0 0 0 0 1 0 0 0 0 0 0
 0 0 0 0 0 0 1 0 0 0 0 0
 0 0 0 0 0 0 0 1 0 0 0 0
 0 0 0 0 0 0 0 0 1 0 0 0
 0 0 0 0 0 0 0 0 0 1 0 0
 0 0 0 0 0 0 0 0 0 0 1 0
 0 0 0 0 0 0 0 0 0 0 0 1
# cntrlfile_name
C:\Users\bai.li\Desktop\s1_test\AMAK\s58\amak.dat
# Map shared selectivity: 
# sel_map
 1 2
 1 1
# datafile_name
amak_data.dat
# model_name
OM_1
# SrType
2
# use_age_err
0
# retro
0
# sigmarprior
0.2
# cvsigmarprior
0.25
# phase_sigmar
-3
# styr_rec_est
1
# endyr_rec_est
30
# Linfprior
80
# cvLinfprior
0.25
# kprior
0.18
# cvkprior
0.25
# Loprior
27.688
# cvLoprior
0.25
# sdageprior
0.1
# cvsdageprior
0.25
# natmortprior
0.2
# cvnatmortprior
0.25
# phase_M
-4
# npars_Mage
0
# ages_M_changes

# Mage_in

# phase_Mage
-5
# phase_rw_M
0
# npars_rw_M
0
# yrs_rw_M

# sigma_rw_M

# qprior
 3.48998e-007
# cvqprior
 1
# phase_q
 1
# q_power_prior
 1
# cvq_power_prior
 0.2
# phase_q_power
 -4
# phase_rw_q
 -1
# npars_rw_q
 0
# yrs_rw_q

# sigma_rw_q

# q_age_min
 1
# q_age_max
 12
# q_age_min
 1
# q_age_max
 12
# fsh_sel_opt(k)
2
# phase_sel_fsh(k)
-2
# n_sel_ch_fsh(k)
1
# sel_slp_in_fsh(k)(1,n_sel_ch_fsh(k))
 1
# sel_inf_in_fsh(k)(1,n_sel_ch_fsh(k))
 2
# logsel_slp_in_fsh(k)(1,n_sel_ch_fsh(k))
 0
# yrs_sel_ch_fsh(k)(1,n_sel_ch_fsh(k))
 1

Survey survey_index1
# ind_sel_opt(k)
2
# indname(k)
survey_index1
# nselages_in_ind(k)
11
# phase_sel_ind(k)
-2
# sel_change_in_ind(k)
 1 0 0 0 0 0 0 0 0 0 0 0 0 0 0 0 0 0 0 0 0 0 0 0 0 0 0 0 0 0
# n_sel_ch_ind(k)
1
# yrs_sel_ch_ind(k)(1,n_sel_ch_ind(k))
 1
# sel_slp_in_ind(k,1)
2
# sel_inf_in_ind(k,1)
1.5
# logsel_slp_in_ind(k,1)
0.693147
# logsel_slp_in_indv(k)
0.693147
survey_index1 ind sel opt 2  1 0 0 0 0 0 0 0 0 0 0 0 0 0 0 0 0 0 0 0 0 0 0 0 0 0 0 0 0 0
Phase indices Sel_Coffs:  -1
 Test: 1.23457e+008
# Fshry Selages:  11
# Srvy  Selages:  11
# Phase for age-spec fishery  -1
# Phase for logistic fishery  -2
# Phase for dble logistic fishery  -1
# Phase for age-spec indices   -1
# Phase for logistic indices   -2
# Phase for dble logistic ind  -1
# Curv_pen_fsh: 
 0
# Curv_pen_ind: 
 0
# styr_fut
31
# endyr_fut
35
# nyrs_fsh_age
 30
# nyrs_fsh_age
 30
# yrs_fsh_age
 1 2 3 4 5 6 7 8 9 10 11 12 13 14 15 16 17 18 19 20 21 22 23 24 25 26 27 28 29 30
# n_sample_fsh_age
 200 200 200 200 200 200 200 200 200 200 200 200 200 200 200 200 200 200 200 200 200 200 200 200 200 200 200 200 200 200
# oac_fsh
 0.075 0.1 0.115 0.125 0.105 0.09 0.1 0.04 0.065 0.045 0.045 0.095
 0.07 0.07 0.16 0.16 0.115 0.055 0.06 0.08 0.045 0.04 0.025 0.12
 0.09 0.095 0.15 0.15 0.135 0.05 0.05 0.035 0.04 0.02 0.025 0.16
 0.04 0.09 0.175 0.13 0.08 0.055 0.12 0.05 0.06 0.045 0.035 0.12
 0.09 0.11 0.165 0.12 0.08 0.07 0.07 0.065 0.04 0.03 0.02 0.14
 0.1 0.1 0.115 0.115 0.12 0.11 0.05 0.055 0.05 0.03 0.035 0.12
 0.085 0.125 0.185 0.08 0.09 0.07 0.06 0.085 0.055 0.02 0.035 0.11
 0.065 0.115 0.18 0.135 0.085 0.09 0.07 0.035 0.03 0.01 0.04 0.145
 0.075 0.115 0.135 0.175 0.17 0.07 0.04 0.055 0.04 0.045 0.015 0.065
 0.105 0.105 0.195 0.12 0.095 0.125 0.06 0.045 0.03 0.035 0.02 0.065
 0.14 0.135 0.14 0.175 0.095 0.05 0.11 0.025 0.045 0.03 0.015 0.04
 0.06 0.17 0.135 0.11 0.15 0.07 0.065 0.07 0.03 0.01 0.01 0.12
 0.115 0.125 0.17 0.16 0.09 0.06 0.055 0.065 0.045 0.02 0.015 0.08
 0.125 0.135 0.165 0.16 0.11 0.04 0.06 0.045 0.045 0.055 0.02 0.04
 0.1 0.195 0.16 0.145 0.105 0.085 0.04 0.05 0.025 0.035 0.015 0.045
 0.11 0.125 0.195 0.155 0.105 0.08 0.085 0.025 0.03 0.02 0.03 0.04
 0.115 0.16 0.195 0.15 0.09 0.1 0.06 0.04 0.015 0.015 0.01 0.05
 0.075 0.17 0.21 0.155 0.095 0.075 0.05 0.03 0.01 0.035 0.04 0.055
 0.1 0.125 0.235 0.155 0.09 0.09 0.065 0.04 0.015 0.025 0.01 0.05
 0.075 0.22 0.17 0.185 0.105 0.04 0.05 0.07 0.04 0.01 0.005 0.03
 0.175 0.145 0.195 0.095 0.14 0.07 0.045 0.06 0.01 0.02 0 0.045
 0.16 0.255 0.115 0.135 0.085 0.075 0.06 0.04 0.025 0.015 0.005 0.03
 0.12 0.195 0.23 0.095 0.155 0.09 0.04 0.005 0.02 0.02 0.015 0.015
 0.125 0.17 0.27 0.16 0.095 0.045 0.025 0.055 0.015 0.01 0.01 0.02
 0.16 0.2 0.195 0.215 0.095 0.06 0.04 0.01 0.005 0.015 0.005 0
 0.16 0.175 0.205 0.14 0.145 0.055 0.045 0.025 0.015 0.005 0 0.03
 0.16 0.165 0.24 0.12 0.13 0.075 0.055 0.005 0.02 0 0.01 0.02
 0.185 0.245 0.135 0.145 0.12 0.07 0.05 0.025 0.015 0.005 0.005 0
 0.185 0.215 0.235 0.105 0.085 0.045 0.045 0.015 0.025 0.03 0.015 0
 0.145 0.245 0.24 0.145 0.09 0.06 0.025 0.015 0.015 0.01 0 0.01
# olc_fsh

# wt_fsh
 0.000530656 0.00119633 0.00205827 0.00303499 0.00405521 0.0050647 0.00602623 0.00691692 0.00772489 0.00844611 0.00908185 0.0096367
 0.000530656 0.00119633 0.00205827 0.00303499 0.00405521 0.0050647 0.00602623 0.00691692 0.00772489 0.00844611 0.00908185 0.0096367
 0.000530656 0.00119633 0.00205827 0.00303499 0.00405521 0.0050647 0.00602623 0.00691692 0.00772489 0.00844611 0.00908185 0.0096367
 0.000530656 0.00119633 0.00205827 0.00303499 0.00405521 0.0050647 0.00602623 0.00691692 0.00772489 0.00844611 0.00908185 0.0096367
 0.000530656 0.00119633 0.00205827 0.00303499 0.00405521 0.0050647 0.00602623 0.00691692 0.00772489 0.00844611 0.00908185 0.0096367
 0.000530656 0.00119633 0.00205827 0.00303499 0.00405521 0.0050647 0.00602623 0.00691692 0.00772489 0.00844611 0.00908185 0.0096367
 0.000530656 0.00119633 0.00205827 0.00303499 0.00405521 0.0050647 0.00602623 0.00691692 0.00772489 0.00844611 0.00908185 0.0096367
 0.000530656 0.00119633 0.00205827 0.00303499 0.00405521 0.0050647 0.00602623 0.00691692 0.00772489 0.00844611 0.00908185 0.0096367
 0.000530656 0.00119633 0.00205827 0.00303499 0.00405521 0.0050647 0.00602623 0.00691692 0.00772489 0.00844611 0.00908185 0.0096367
 0.000530656 0.00119633 0.00205827 0.00303499 0.00405521 0.0050647 0.00602623 0.00691692 0.00772489 0.00844611 0.00908185 0.0096367
 0.000530656 0.00119633 0.00205827 0.00303499 0.00405521 0.0050647 0.00602623 0.00691692 0.00772489 0.00844611 0.00908185 0.0096367
 0.000530656 0.00119633 0.00205827 0.00303499 0.00405521 0.0050647 0.00602623 0.00691692 0.00772489 0.00844611 0.00908185 0.0096367
 0.000530656 0.00119633 0.00205827 0.00303499 0.00405521 0.0050647 0.00602623 0.00691692 0.00772489 0.00844611 0.00908185 0.0096367
 0.000530656 0.00119633 0.00205827 0.00303499 0.00405521 0.0050647 0.00602623 0.00691692 0.00772489 0.00844611 0.00908185 0.0096367
 0.000530656 0.00119633 0.00205827 0.00303499 0.00405521 0.0050647 0.00602623 0.00691692 0.00772489 0.00844611 0.00908185 0.0096367
 0.000530656 0.00119633 0.00205827 0.00303499 0.00405521 0.0050647 0.00602623 0.00691692 0.00772489 0.00844611 0.00908185 0.0096367
 0.000530656 0.00119633 0.00205827 0.00303499 0.00405521 0.0050647 0.00602623 0.00691692 0.00772489 0.00844611 0.00908185 0.0096367
 0.000530656 0.00119633 0.00205827 0.00303499 0.00405521 0.0050647 0.00602623 0.00691692 0.00772489 0.00844611 0.00908185 0.0096367
 0.000530656 0.00119633 0.00205827 0.00303499 0.00405521 0.0050647 0.00602623 0.00691692 0.00772489 0.00844611 0.00908185 0.0096367
 0.000530656 0.00119633 0.00205827 0.00303499 0.00405521 0.0050647 0.00602623 0.00691692 0.00772489 0.00844611 0.00908185 0.0096367
 0.000530656 0.00119633 0.00205827 0.00303499 0.00405521 0.0050647 0.00602623 0.00691692 0.00772489 0.00844611 0.00908185 0.0096367
 0.000530656 0.00119633 0.00205827 0.00303499 0.00405521 0.0050647 0.00602623 0.00691692 0.00772489 0.00844611 0.00908185 0.0096367
 0.000530656 0.00119633 0.00205827 0.00303499 0.00405521 0.0050647 0.00602623 0.00691692 0.00772489 0.00844611 0.00908185 0.0096367
 0.000530656 0.00119633 0.00205827 0.00303499 0.00405521 0.0050647 0.00602623 0.00691692 0.00772489 0.00844611 0.00908185 0.0096367
 0.000530656 0.00119633 0.00205827 0.00303499 0.00405521 0.0050647 0.00602623 0.00691692 0.00772489 0.00844611 0.00908185 0.0096367
 0.000530656 0.00119633 0.00205827 0.00303499 0.00405521 0.0050647 0.00602623 0.00691692 0.00772489 0.00844611 0.00908185 0.0096367
 0.000530656 0.00119633 0.00205827 0.00303499 0.00405521 0.0050647 0.00602623 0.00691692 0.00772489 0.00844611 0.00908185 0.0096367
 0.000530656 0.00119633 0.00205827 0.00303499 0.00405521 0.0050647 0.00602623 0.00691692 0.00772489 0.00844611 0.00908185 0.0096367
 0.000530656 0.00119633 0.00205827 0.00303499 0.00405521 0.0050647 0.00602623 0.00691692 0.00772489 0.00844611 0.00908185 0.0096367
 0.000530656 0.00119633 0.00205827 0.00303499 0.00405521 0.0050647 0.00602623 0.00691692 0.00772489 0.00844611 0.00908185 0.0096367
# nyrs_ind_age
 30
# yrs_ind_age
 1 2 3 4 5 6 7 8 9 10 11 12 13 14 15 16 17 18 19 20 21 22 23 24 25 26 27 28 29 30
# n_sample_ind_age
 200 200 200 200 200 200 200 200 200 200 200 200 200 200 200 200 200 200 200 200 200 200 200 200 200 200 200 200 200 200
# oac_ind
 0.03 0.12 0.115 0.165 0.12 0.085 0.075 0.065 0.05 0.04 0.025 0.11
 0.095 0.115 0.13 0.125 0.1 0.065 0.085 0.04 0.065 0.04 0.03 0.11
 0.065 0.17 0.115 0.11 0.09 0.04 0.075 0.045 0.045 0.05 0.035 0.16
 0.04 0.11 0.155 0.155 0.095 0.095 0.06 0.075 0.035 0.035 0.02 0.125
 0.065 0.13 0.115 0.17 0.115 0.085 0.085 0.025 0.05 0.03 0.025 0.105
 0.085 0.175 0.095 0.125 0.145 0.07 0.06 0.04 0.025 0.035 0.045 0.1
 0.08 0.175 0.215 0.085 0.07 0.08 0.055 0.05 0.04 0.01 0.01 0.13
 0.05 0.155 0.225 0.165 0.065 0.065 0.07 0.05 0.04 0.025 0.015 0.075
 0.075 0.2 0.145 0.14 0.13 0.07 0.03 0.03 0.03 0.015 0.04 0.095
 0.075 0.18 0.145 0.115 0.1 0.12 0.06 0.065 0.04 0.02 0.01 0.07
 0.08 0.13 0.14 0.145 0.115 0.115 0.055 0.055 0.025 0.05 0.015 0.075
 0.065 0.125 0.21 0.085 0.13 0.07 0.06 0.085 0.035 0.03 0.025 0.08
 0.075 0.155 0.145 0.175 0.11 0.09 0.05 0.06 0.04 0.01 0.015 0.075
 0.11 0.15 0.15 0.155 0.135 0.075 0.085 0.035 0.025 0.025 0.005 0.05
 0.12 0.165 0.125 0.115 0.145 0.05 0.035 0.05 0.055 0.03 0.04 0.07
 0.11 0.17 0.155 0.115 0.105 0.09 0.02 0.065 0.03 0.045 0.025 0.07
 0.095 0.21 0.175 0.16 0.1 0.05 0.04 0.055 0.045 0.015 0 0.055
 0.06 0.215 0.225 0.155 0.085 0.065 0.025 0.04 0.045 0.015 0.025 0.045
 0.09 0.125 0.245 0.2 0.09 0.09 0.04 0.02 0.03 0.01 0.025 0.035
 0.09 0.16 0.175 0.205 0.11 0.08 0.05 0.035 0.01 0.03 0.01 0.045
 0.14 0.205 0.215 0.15 0.09 0.05 0.055 0.035 0.005 0.01 0.005 0.04
 0.16 0.275 0.165 0.105 0.07 0.06 0.055 0.05 0.02 0.01 0.01 0.02
 0.11 0.29 0.27 0.075 0.07 0.045 0.05 0.025 0.015 0.015 0.015 0.02
 0.085 0.24 0.21 0.16 0.095 0.07 0.02 0.035 0.02 0.03 0.01 0.025
 0.22 0.205 0.18 0.18 0.085 0.055 0.02 0.01 0.015 0.015 0.005 0.01
 0.125 0.29 0.2 0.16 0.11 0.045 0.015 0.015 0.01 0.01 0.005 0.015
 0.12 0.19 0.235 0.145 0.12 0.075 0.055 0.015 0.015 0.015 0.005 0.01
 0.13 0.18 0.225 0.18 0.1 0.05 0.05 0.045 0.005 0 0.01 0.025
 0.145 0.365 0.18 0.115 0.085 0.03 0.045 0.01 0.005 0 0 0.02
 0.085 0.325 0.225 0.17 0.09 0.045 0.03 0.01 0.005 0.015 0 0
# olc_ind

# obs_lse_ind
 0.198042 0.198042 0.198042 0.198042 0.198042 0.198042 0.198042 0.198042 0.198042 0.198042 0.198042 0.198042 0.198042 0.198042 0.198042 0.198042 0.198042 0.198042 0.198042 0.198042 0.198042 0.198042 0.198042 0.198042 0.198042 0.198042 0.198042 0.198042 0.198042 0.198042
# xages_fsh
 0 0 0 0 0 0 0 0 0 0 0 0
# xages_fsh
 0 0.0909091 0.181818 0.272727 0.363636 0.454545 0.545455 0.636364 0.727273 0.818182 0.909091 1
# xnodes_fsh

Yrs fsh_sel change:  1 0 0 0 0 0 0 0 0 0 0 0 0 0 0 0 0 0 0 0 0 0 0 0 0 0 0 0 0
Yrs ind_sel change:  1 0 0 0 0 0 0 0 0 0 0 0 0 0 0 0 0 0 0 0 0 0 0 0 0 0 0 0 0
# steepnessprior
0.75
# sigmarprior
0.2
#  SSB estimated in styr endyr: -12 28 
#  Rec estimated in styr endyr: -10 30 
#  SR Curve fit  in styr endyr: 1 30 
#             Model styr endyr: 1 30 
# qprior
 3.48998e-007
# q_power_prior 
 1 
# cv_catchbiomass 
0.05 
# CatchbiomassPen 
200 
# Number of projection years 
5 
# offset_fsh
 13417.6
# offset_ind
 13246.8
Mean Catch
1274.73
R_guess 
13.8155
# nfsh
1
# n_sel_ch_fsh
 1
# nselages_fsh
 11
# phase_selcoff_fsh
 -1
logRzero 13.8155
logmeanrec 13.8155
exp(log_sigmarprior 0.2
Fish sel phase: -1 OM1
Fixing fishery sel to
1
Fixing fishery sel to
1
Srvy sel phase: -1
Fixing survey_index1 indices sel to
1
Fixing index sel to
1
# logsel_slp_in_indv
 0.693147
Leaving parameter init secton
# M
 0.2 0.2 0.2 0.2 0.2 0.2 0.2 0.2 0.2 0.2 0.2 0.2
 0.2 0.2 0.2 0.2 0.2 0.2 0.2 0.2 0.2 0.2 0.2 0.2
 0.2 0.2 0.2 0.2 0.2 0.2 0.2 0.2 0.2 0.2 0.2 0.2
 0.2 0.2 0.2 0.2 0.2 0.2 0.2 0.2 0.2 0.2 0.2 0.2
 0.2 0.2 0.2 0.2 0.2 0.2 0.2 0.2 0.2 0.2 0.2 0.2
 0.2 0.2 0.2 0.2 0.2 0.2 0.2 0.2 0.2 0.2 0.2 0.2
 0.2 0.2 0.2 0.2 0.2 0.2 0.2 0.2 0.2 0.2 0.2 0.2
 0.2 0.2 0.2 0.2 0.2 0.2 0.2 0.2 0.2 0.2 0.2 0.2
 0.2 0.2 0.2 0.2 0.2 0.2 0.2 0.2 0.2 0.2 0.2 0.2
 0.2 0.2 0.2 0.2 0.2 0.2 0.2 0.2 0.2 0.2 0.2 0.2
 0.2 0.2 0.2 0.2 0.2 0.2 0.2 0.2 0.2 0.2 0.2 0.2
 0.2 0.2 0.2 0.2 0.2 0.2 0.2 0.2 0.2 0.2 0.2 0.2
 0.2 0.2 0.2 0.2 0.2 0.2 0.2 0.2 0.2 0.2 0.2 0.2
 0.2 0.2 0.2 0.2 0.2 0.2 0.2 0.2 0.2 0.2 0.2 0.2
 0.2 0.2 0.2 0.2 0.2 0.2 0.2 0.2 0.2 0.2 0.2 0.2
 0.2 0.2 0.2 0.2 0.2 0.2 0.2 0.2 0.2 0.2 0.2 0.2
 0.2 0.2 0.2 0.2 0.2 0.2 0.2 0.2 0.2 0.2 0.2 0.2
 0.2 0.2 0.2 0.2 0.2 0.2 0.2 0.2 0.2 0.2 0.2 0.2
 0.2 0.2 0.2 0.2 0.2 0.2 0.2 0.2 0.2 0.2 0.2 0.2
 0.2 0.2 0.2 0.2 0.2 0.2 0.2 0.2 0.2 0.2 0.2 0.2
 0.2 0.2 0.2 0.2 0.2 0.2 0.2 0.2 0.2 0.2 0.2 0.2
 0.2 0.2 0.2 0.2 0.2 0.2 0.2 0.2 0.2 0.2 0.2 0.2
 0.2 0.2 0.2 0.2 0.2 0.2 0.2 0.2 0.2 0.2 0.2 0.2
 0.2 0.2 0.2 0.2 0.2 0.2 0.2 0.2 0.2 0.2 0.2 0.2
 0.2 0.2 0.2 0.2 0.2 0.2 0.2 0.2 0.2 0.2 0.2 0.2
 0.2 0.2 0.2 0.2 0.2 0.2 0.2 0.2 0.2 0.2 0.2 0.2
 0.2 0.2 0.2 0.2 0.2 0.2 0.2 0.2 0.2 0.2 0.2 0.2
 0.2 0.2 0.2 0.2 0.2 0.2 0.2 0.2 0.2 0.2 0.2 0.2
 0.2 0.2 0.2 0.2 0.2 0.2 0.2 0.2 0.2 0.2 0.2 0.2
 0.2 0.2 0.2 0.2 0.2 0.2 0.2 0.2 0.2 0.2 0.2 0.2
# mean_log_rec
13.7678
# log_Rzero
13.7932
# rec_dev
 -0.133719 0.00436008 0.0183018 0.0517698 -0.00328835 0.0573043 0.0181886 -0.0122305 0.00538932 0.0602386 0.049435 0.0369531 0.212353 0.015222 -0.106981 0.386445 0.283205 0.0676537 0.181056 -0.0681364 0.0630272 0.0441405 -0.111006 -0.0777895 0.0639371 -0.0156733 0.0375392 0.0575133 -0.364654 -0.199015 -0.396892 0.00277266 -0.000556349 -0.226109 -0.350215 -0.189152 -0.420621 -0.27468 -0.10204 -0.0768821 -0.380205
# fmort
 0.00910516 0.0270208 0.0444317 0.061069 0.0485321 0.0871666 0.0877534 0.184854 0.109076 0.131722 0.149396 0.161396 0.117129 0.170431 0.181728 0.163124 0.319754 0.258495 0.259003 0.256998 0.356557 0.260018 0.423725 0.35062 0.344161 0.310096 0.300968 0.414359 0.306042 0.457014
# rec_dev_future
 0 0 0 0 0
