AMAK;August_2013
# styr
1
# endyr
30
# rec_age
1
# oldest_age
12
# nlength
81
# len_bins
 10 11 12 13 14 15 16 17 18 19 20 21 22 23 24 25 26 27 28 29 30 31 32 33 34 35 36 37 38 39 40 41 42 43 44 45 46 47 48 49 50 51 52 53 54 55 56 57 58 59 60 61 62 63 64 65 66 67 68 69 70 71 72 73 74 75 76 77 78 79 80 81 82 83 84 85 86 87 88 89 90
# datafile_name
amak_data.dat
# model_name
OM_1
# styr
1
# endyr
30
# rec_age
1
# oldest_age
12
# nfsh
1
# fshname
OM1
# catch_bio_in
 160.35 470.803 762.035 1007.66 770.586 1321.95 1270.67 2493.97 1314.64 1525.51 1611.07 1615.55 1105.78 1517.85 1514.81 1272.68 2242.97 1611.32 1459.66 1328.64 1643.4 1082.77 1629.86 1202.06 1120.93 967.263 928.307 1214.07 873.561 1273.07
# catch_bio_sd_in
 0.01 0.01 0.01 0.01 0.01 0.01 0.01 0.01 0.01 0.01 0.01 0.01 0.01 0.01 0.01 0.01 0.01 0.01 0.01 0.01 0.01 0.01 0.01 0.01 0.01 0.01 0.01 0.01 0.01 0.01
# nyrs_fsh_age
 30
# nyrs_fsh_length
 0
# yrs_fsh_age_in
 1 2 3 4 5 6 7 8 9 10 11 12 13 14 15 16 17 18 19 20 21 22 23 24 25 26 27 28 29 30
# yrs_fsh_length_in

# n_sample_fsh_length_in

# olc_fsh_in

# nind
1
# indname
survey_index1
# nyrs_ind
 30
# yrs_ind_in
 1 2 3 4 5 6 7 8 9 10 11 12 13 14 15 16 17 18 19 20 21 22 23 24 25 26 27 28 29 30
# mo_ind
 1
# obs_ind_in
 1.48669 1.63584 1.44227 1.47686 1.46538 1.61258 1.34417 1.27087 1.2746 1.2016 1.14861 0.96443 1.05781 0.946179 0.980867 0.908946 0.947358 0.641074 0.719851 0.691911 0.741426 0.528644 0.78531 0.613395 0.614748 0.573652 0.439756 0.445307 0.502515 0.51212
# obs_se_ind_in
 0.297338 0.327168 0.288454 0.295372 0.293076 0.322516 0.268834 0.254173 0.254921 0.24032 0.229721 0.192886 0.211561 0.189236 0.196173 0.181789 0.189472 0.128215 0.14397 0.138382 0.148285 0.105729 0.157062 0.122679 0.12295 0.11473 0.0879512 0.0890614 0.100503 0.102424
# nyrs_ind_age
 30
# nyrs_ind_length
 0
# yrs_ind_age_in
 1 2 3 4 5 6 7 8 9 10 11 12 13 14 15 16 17 18 19 20 21 22 23 24 25 26 27 28 29 30
# yrs_ind_length_in

# yrs_ind_age_in
 1 2 3 4 5 6 7 8 9 10 11 12 13 14 15 16 17 18 19 20 21 22 23 24 25 26 27 28 29 30
# n_sample_ind_length_in

# olc_ind_in

# oac_ind_in
 0.075 0.17 0.15 0.09 0.135 0.08 0.04 0.04 0.045 0.015 0.03 0.13
 0.05 0.145 0.1 0.145 0.12 0.06 0.075 0.05 0.035 0.055 0.03 0.135
 0.085 0.155 0.135 0.155 0.1 0.04 0.1 0.04 0.065 0.01 0.005 0.11
 0.07 0.13 0.245 0.095 0.07 0.08 0.05 0.05 0.05 0.035 0.035 0.09
 0.125 0.1 0.175 0.135 0.085 0.05 0.085 0.04 0.03 0.04 0.02 0.115
 0.065 0.155 0.075 0.115 0.17 0.08 0.04 0.05 0.04 0.05 0.045 0.115
 0.05 0.21 0.18 0.1 0.095 0.07 0.05 0.055 0.04 0.025 0.02 0.105
 0.06 0.115 0.18 0.2 0.055 0.09 0.07 0.045 0.02 0.045 0.025 0.095
 0.08 0.14 0.16 0.155 0.135 0.035 0.06 0.05 0.03 0.02 0.04 0.095
 0.095 0.115 0.185 0.095 0.155 0.105 0.06 0.035 0.035 0.015 0.01 0.095
 0.085 0.195 0.15 0.09 0.115 0.105 0.045 0.04 0.04 0.03 0.03 0.075
 0.07 0.23 0.155 0.15 0.11 0.035 0.09 0.04 0.035 0.02 0.02 0.045
 0.13 0.19 0.135 0.125 0.105 0.08 0.04 0.025 0.035 0.02 0.04 0.075
 0.095 0.14 0.145 0.2 0.08 0.115 0.065 0.055 0.03 0.025 0.005 0.045
 0.08 0.195 0.15 0.095 0.11 0.105 0.055 0.05 0.03 0.03 0.03 0.07
 0.095 0.185 0.155 0.135 0.145 0.08 0.065 0.05 0.01 0.005 0.015 0.06
 0.09 0.215 0.19 0.155 0.115 0.07 0.055 0.02 0.01 0.02 0.025 0.035
 0.075 0.23 0.21 0.165 0.075 0.06 0.065 0.025 0.04 0.02 0.005 0.03
 0.075 0.16 0.285 0.17 0.105 0.04 0.06 0.025 0.025 0.015 0.005 0.035
 0.07 0.225 0.185 0.2 0.12 0.055 0.04 0.03 0.03 0 0.01 0.035
 0.08 0.185 0.245 0.165 0.08 0.085 0.045 0.04 0.015 0.02 0.015 0.025
 0.185 0.225 0.195 0.12 0.08 0.06 0.05 0.025 0.015 0.015 0.01 0.02
 0.09 0.245 0.295 0.13 0.06 0.03 0.05 0.03 0.005 0.025 0.015 0.025
 0.09 0.23 0.28 0.185 0.08 0.055 0.025 0.025 0.01 0 0.005 0.015
 0.165 0.235 0.165 0.195 0.09 0.055 0.035 0.01 0.01 0.01 0 0.03
 0.14 0.24 0.175 0.155 0.1 0.105 0.025 0.02 0 0.02 0.01 0.01
 0.145 0.16 0.32 0.12 0.09 0.055 0.055 0.005 0.01 0.02 0.01 0.01
 0.15 0.265 0.2 0.17 0.105 0.055 0.02 0.01 0.005 0.005 0 0.015
 0.205 0.285 0.145 0.115 0.13 0.03 0.02 0.015 0.025 0.01 0.005 0.015
 0.135 0.285 0.25 0.13 0.07 0.085 0 0.015 0.01 0.01 0.005 0.005
# wt_ind
 1 1 1 1 1 1 1 1 1 1 1 1
 1 1 1 1 1 1 1 1 1 1 1 1
 1 1 1 1 1 1 1 1 1 1 1 1
 1 1 1 1 1 1 1 1 1 1 1 1
 1 1 1 1 1 1 1 1 1 1 1 1
 1 1 1 1 1 1 1 1 1 1 1 1
 1 1 1 1 1 1 1 1 1 1 1 1
 1 1 1 1 1 1 1 1 1 1 1 1
 1 1 1 1 1 1 1 1 1 1 1 1
 1 1 1 1 1 1 1 1 1 1 1 1
 1 1 1 1 1 1 1 1 1 1 1 1
 1 1 1 1 1 1 1 1 1 1 1 1
 1 1 1 1 1 1 1 1 1 1 1 1
 1 1 1 1 1 1 1 1 1 1 1 1
 1 1 1 1 1 1 1 1 1 1 1 1
 1 1 1 1 1 1 1 1 1 1 1 1
 1 1 1 1 1 1 1 1 1 1 1 1
 1 1 1 1 1 1 1 1 1 1 1 1
 1 1 1 1 1 1 1 1 1 1 1 1
 1 1 1 1 1 1 1 1 1 1 1 1
 1 1 1 1 1 1 1 1 1 1 1 1
 1 1 1 1 1 1 1 1 1 1 1 1
 1 1 1 1 1 1 1 1 1 1 1 1
 1 1 1 1 1 1 1 1 1 1 1 1
 1 1 1 1 1 1 1 1 1 1 1 1
 1 1 1 1 1 1 1 1 1 1 1 1
 1 1 1 1 1 1 1 1 1 1 1 1
 1 1 1 1 1 1 1 1 1 1 1 1
 1 1 1 1 1 1 1 1 1 1 1 1
 1 1 1 1 1 1 1 1 1 1 1 1
# wt_pop
 0.000530656 0.00119633 0.00205827 0.00303499 0.00405521 0.0050647 0.00602623 0.00691692 0.00772489 0.00844611 0.00908185 0.0096367
# maturity
 0.0229774 0.320821 0.904651 0.99478 0.999739 0.999987 0.999999 1 1 1 1 1
# spawnmo
1
# age_err
 1 0 0 0 0 0 0 0 0 0 0 0
 0 1 0 0 0 0 0 0 0 0 0 0
 0 0 1 0 0 0 0 0 0 0 0 0
 0 0 0 1 0 0 0 0 0 0 0 0
 0 0 0 0 1 0 0 0 0 0 0 0
 0 0 0 0 0 1 0 0 0 0 0 0
 0 0 0 0 0 0 1 0 0 0 0 0
 0 0 0 0 0 0 0 1 0 0 0 0
 0 0 0 0 0 0 0 0 1 0 0 0
 0 0 0 0 0 0 0 0 0 1 0 0
 0 0 0 0 0 0 0 0 0 0 1 0
 0 0 0 0 0 0 0 0 0 0 0 1
# cntrlfile_name
C:\Users\bai.li\Desktop\s1_test\AMAK\s122\amak.dat
# Map shared selectivity: 
# sel_map
 1 2
 1 1
# datafile_name
amak_data.dat
# model_name
OM_1
# SrType
2
# use_age_err
0
# retro
0
# sigmarprior
0.2
# cvsigmarprior
0.25
# phase_sigmar
-3
# styr_rec_est
1
# endyr_rec_est
30
# Linfprior
80
# cvLinfprior
0.25
# kprior
0.18
# cvkprior
0.25
# Loprior
27.688
# cvLoprior
0.25
# sdageprior
0.1
# cvsdageprior
0.25
# natmortprior
0.2
# cvnatmortprior
0.25
# phase_M
-4
# npars_Mage
0
# ages_M_changes

# Mage_in

# phase_Mage
-5
# phase_rw_M
0
# npars_rw_M
0
# yrs_rw_M

# sigma_rw_M

# qprior
 3.48998e-007
# cvqprior
 1
# phase_q
 1
# q_power_prior
 1
# cvq_power_prior
 0.2
# phase_q_power
 -4
# phase_rw_q
 -1
# npars_rw_q
 0
# yrs_rw_q

# sigma_rw_q

# q_age_min
 1
# q_age_max
 12
# q_age_min
 1
# q_age_max
 12
# fsh_sel_opt(k)
2
# phase_sel_fsh(k)
-2
# n_sel_ch_fsh(k)
1
# sel_slp_in_fsh(k)(1,n_sel_ch_fsh(k))
 1
# sel_inf_in_fsh(k)(1,n_sel_ch_fsh(k))
 2
# logsel_slp_in_fsh(k)(1,n_sel_ch_fsh(k))
 0
# yrs_sel_ch_fsh(k)(1,n_sel_ch_fsh(k))
 1

Survey survey_index1
# ind_sel_opt(k)
2
# indname(k)
survey_index1
# nselages_in_ind(k)
11
# phase_sel_ind(k)
-2
# sel_change_in_ind(k)
 1 0 0 0 0 0 0 0 0 0 0 0 0 0 0 0 0 0 0 0 0 0 0 0 0 0 0 0 0 0
# n_sel_ch_ind(k)
1
# yrs_sel_ch_ind(k)(1,n_sel_ch_ind(k))
 1
# sel_slp_in_ind(k,1)
2
# sel_inf_in_ind(k,1)
1.5
# logsel_slp_in_ind(k,1)
0.693147
# logsel_slp_in_indv(k)
0.693147
survey_index1 ind sel opt 2  1 0 0 0 0 0 0 0 0 0 0 0 0 0 0 0 0 0 0 0 0 0 0 0 0 0 0 0 0 0
Phase indices Sel_Coffs:  -1
 Test: 1.23457e+008
# Fshry Selages:  11
# Srvy  Selages:  11
# Phase for age-spec fishery  -1
# Phase for logistic fishery  -2
# Phase for dble logistic fishery  -1
# Phase for age-spec indices   -1
# Phase for logistic indices   -2
# Phase for dble logistic ind  -1
# Curv_pen_fsh: 
 0
# Curv_pen_ind: 
 0
# styr_fut
31
# endyr_fut
35
# nyrs_fsh_age
 30
# nyrs_fsh_age
 30
# yrs_fsh_age
 1 2 3 4 5 6 7 8 9 10 11 12 13 14 15 16 17 18 19 20 21 22 23 24 25 26 27 28 29 30
# n_sample_fsh_age
 200 200 200 200 200 200 200 200 200 200 200 200 200 200 200 200 200 200 200 200 200 200 200 200 200 200 200 200 200 200
# oac_fsh
 0.095 0.12 0.11 0.125 0.08 0.1 0.065 0.065 0.07 0.04 0.045 0.085
 0.1 0.11 0.09 0.115 0.08 0.07 0.085 0.085 0.065 0.055 0.02 0.125
 0.06 0.17 0.09 0.135 0.13 0.08 0.045 0.04 0.025 0.035 0.045 0.145
 0.05 0.105 0.185 0.125 0.075 0.035 0.115 0.085 0.045 0.03 0.035 0.115
 0.07 0.12 0.07 0.165 0.095 0.1 0.03 0.08 0.03 0.045 0.03 0.165
 0.105 0.145 0.085 0.14 0.145 0.065 0.03 0.065 0.065 0.04 0.02 0.095
 0.065 0.155 0.155 0.1 0.075 0.08 0.055 0.085 0.065 0.025 0.035 0.105
 0.1 0.09 0.145 0.195 0.08 0.08 0.055 0.045 0.04 0.03 0.045 0.095
 0.095 0.15 0.105 0.14 0.14 0.08 0.05 0.03 0.065 0.04 0.035 0.07
 0.09 0.11 0.19 0.095 0.14 0.11 0.025 0.035 0.035 0.025 0.04 0.105
 0.08 0.135 0.12 0.175 0.13 0.105 0.08 0.03 0.025 0.015 0.005 0.1
 0.055 0.165 0.16 0.13 0.14 0.055 0.09 0.075 0.02 0.02 0.015 0.075
 0.095 0.1 0.165 0.185 0.07 0.09 0.06 0.035 0.08 0.01 0.045 0.065
 0.12 0.145 0.135 0.165 0.115 0.085 0.055 0.02 0.02 0.045 0.015 0.08
 0.13 0.14 0.15 0.15 0.11 0.105 0.045 0.05 0.03 0.015 0.035 0.04
 0.11 0.13 0.195 0.135 0.1 0.08 0.075 0.05 0.03 0.01 0.03 0.055
 0.145 0.15 0.135 0.12 0.11 0.075 0.045 0.07 0.03 0.04 0.015 0.065
 0.095 0.15 0.175 0.155 0.11 0.08 0.035 0.05 0.035 0.04 0.02 0.055
 0.09 0.155 0.21 0.195 0.135 0.055 0.03 0.04 0.015 0.01 0.005 0.06
 0.12 0.175 0.15 0.165 0.12 0.095 0.05 0.02 0.015 0.005 0.02 0.065
 0.205 0.175 0.2 0.125 0.1 0.075 0.06 0.025 0.01 0.015 0.005 0.005
 0.165 0.195 0.125 0.165 0.1 0.07 0.07 0.02 0.02 0.015 0.02 0.035
 0.14 0.21 0.215 0.135 0.095 0.075 0.065 0.015 0.015 0.01 0.005 0.02
 0.105 0.175 0.275 0.155 0.065 0.09 0.03 0.035 0.03 0.025 0 0.015
 0.145 0.16 0.225 0.16 0.115 0.07 0.035 0.02 0.015 0.025 0.005 0.025
 0.11 0.265 0.17 0.145 0.125 0.085 0.035 0.01 0.015 0.015 0 0.025
 0.155 0.18 0.225 0.175 0.07 0.095 0.035 0.02 0 0.01 0.005 0.03
 0.205 0.175 0.185 0.17 0.08 0.035 0.03 0.05 0.02 0.015 0.005 0.03
 0.18 0.22 0.18 0.155 0.145 0.03 0.03 0.045 0.01 0 0 0.005
 0.15 0.265 0.22 0.15 0.105 0.025 0.03 0.015 0.01 0.01 0.01 0.01
# olc_fsh

# wt_fsh
 0.000530656 0.00119633 0.00205827 0.00303499 0.00405521 0.0050647 0.00602623 0.00691692 0.00772489 0.00844611 0.00908185 0.0096367
 0.000530656 0.00119633 0.00205827 0.00303499 0.00405521 0.0050647 0.00602623 0.00691692 0.00772489 0.00844611 0.00908185 0.0096367
 0.000530656 0.00119633 0.00205827 0.00303499 0.00405521 0.0050647 0.00602623 0.00691692 0.00772489 0.00844611 0.00908185 0.0096367
 0.000530656 0.00119633 0.00205827 0.00303499 0.00405521 0.0050647 0.00602623 0.00691692 0.00772489 0.00844611 0.00908185 0.0096367
 0.000530656 0.00119633 0.00205827 0.00303499 0.00405521 0.0050647 0.00602623 0.00691692 0.00772489 0.00844611 0.00908185 0.0096367
 0.000530656 0.00119633 0.00205827 0.00303499 0.00405521 0.0050647 0.00602623 0.00691692 0.00772489 0.00844611 0.00908185 0.0096367
 0.000530656 0.00119633 0.00205827 0.00303499 0.00405521 0.0050647 0.00602623 0.00691692 0.00772489 0.00844611 0.00908185 0.0096367
 0.000530656 0.00119633 0.00205827 0.00303499 0.00405521 0.0050647 0.00602623 0.00691692 0.00772489 0.00844611 0.00908185 0.0096367
 0.000530656 0.00119633 0.00205827 0.00303499 0.00405521 0.0050647 0.00602623 0.00691692 0.00772489 0.00844611 0.00908185 0.0096367
 0.000530656 0.00119633 0.00205827 0.00303499 0.00405521 0.0050647 0.00602623 0.00691692 0.00772489 0.00844611 0.00908185 0.0096367
 0.000530656 0.00119633 0.00205827 0.00303499 0.00405521 0.0050647 0.00602623 0.00691692 0.00772489 0.00844611 0.00908185 0.0096367
 0.000530656 0.00119633 0.00205827 0.00303499 0.00405521 0.0050647 0.00602623 0.00691692 0.00772489 0.00844611 0.00908185 0.0096367
 0.000530656 0.00119633 0.00205827 0.00303499 0.00405521 0.0050647 0.00602623 0.00691692 0.00772489 0.00844611 0.00908185 0.0096367
 0.000530656 0.00119633 0.00205827 0.00303499 0.00405521 0.0050647 0.00602623 0.00691692 0.00772489 0.00844611 0.00908185 0.0096367
 0.000530656 0.00119633 0.00205827 0.00303499 0.00405521 0.0050647 0.00602623 0.00691692 0.00772489 0.00844611 0.00908185 0.0096367
 0.000530656 0.00119633 0.00205827 0.00303499 0.00405521 0.0050647 0.00602623 0.00691692 0.00772489 0.00844611 0.00908185 0.0096367
 0.000530656 0.00119633 0.00205827 0.00303499 0.00405521 0.0050647 0.00602623 0.00691692 0.00772489 0.00844611 0.00908185 0.0096367
 0.000530656 0.00119633 0.00205827 0.00303499 0.00405521 0.0050647 0.00602623 0.00691692 0.00772489 0.00844611 0.00908185 0.0096367
 0.000530656 0.00119633 0.00205827 0.00303499 0.00405521 0.0050647 0.00602623 0.00691692 0.00772489 0.00844611 0.00908185 0.0096367
 0.000530656 0.00119633 0.00205827 0.00303499 0.00405521 0.0050647 0.00602623 0.00691692 0.00772489 0.00844611 0.00908185 0.0096367
 0.000530656 0.00119633 0.00205827 0.00303499 0.00405521 0.0050647 0.00602623 0.00691692 0.00772489 0.00844611 0.00908185 0.0096367
 0.000530656 0.00119633 0.00205827 0.00303499 0.00405521 0.0050647 0.00602623 0.00691692 0.00772489 0.00844611 0.00908185 0.0096367
 0.000530656 0.00119633 0.00205827 0.00303499 0.00405521 0.0050647 0.00602623 0.00691692 0.00772489 0.00844611 0.00908185 0.0096367
 0.000530656 0.00119633 0.00205827 0.00303499 0.00405521 0.0050647 0.00602623 0.00691692 0.00772489 0.00844611 0.00908185 0.0096367
 0.000530656 0.00119633 0.00205827 0.00303499 0.00405521 0.0050647 0.00602623 0.00691692 0.00772489 0.00844611 0.00908185 0.0096367
 0.000530656 0.00119633 0.00205827 0.00303499 0.00405521 0.0050647 0.00602623 0.00691692 0.00772489 0.00844611 0.00908185 0.0096367
 0.000530656 0.00119633 0.00205827 0.00303499 0.00405521 0.0050647 0.00602623 0.00691692 0.00772489 0.00844611 0.00908185 0.0096367
 0.000530656 0.00119633 0.00205827 0.00303499 0.00405521 0.0050647 0.00602623 0.00691692 0.00772489 0.00844611 0.00908185 0.0096367
 0.000530656 0.00119633 0.00205827 0.00303499 0.00405521 0.0050647 0.00602623 0.00691692 0.00772489 0.00844611 0.00908185 0.0096367
 0.000530656 0.00119633 0.00205827 0.00303499 0.00405521 0.0050647 0.00602623 0.00691692 0.00772489 0.00844611 0.00908185 0.0096367
# nyrs_ind_age
 30
# yrs_ind_age
 1 2 3 4 5 6 7 8 9 10 11 12 13 14 15 16 17 18 19 20 21 22 23 24 25 26 27 28 29 30
# n_sample_ind_age
 200 200 200 200 200 200 200 200 200 200 200 200 200 200 200 200 200 200 200 200 200 200 200 200 200 200 200 200 200 200
# oac_ind
 0.075 0.17 0.15 0.09 0.135 0.08 0.04 0.04 0.045 0.015 0.03 0.13
 0.05 0.145 0.1 0.145 0.12 0.06 0.075 0.05 0.035 0.055 0.03 0.135
 0.085 0.155 0.135 0.155 0.1 0.04 0.1 0.04 0.065 0.01 0.005 0.11
 0.07 0.13 0.245 0.095 0.07 0.08 0.05 0.05 0.05 0.035 0.035 0.09
 0.125 0.1 0.175 0.135 0.085 0.05 0.085 0.04 0.03 0.04 0.02 0.115
 0.065 0.155 0.075 0.115 0.17 0.08 0.04 0.05 0.04 0.05 0.045 0.115
 0.05 0.21 0.18 0.1 0.095 0.07 0.05 0.055 0.04 0.025 0.02 0.105
 0.06 0.115 0.18 0.2 0.055 0.09 0.07 0.045 0.02 0.045 0.025 0.095
 0.08 0.14 0.16 0.155 0.135 0.035 0.06 0.05 0.03 0.02 0.04 0.095
 0.095 0.115 0.185 0.095 0.155 0.105 0.06 0.035 0.035 0.015 0.01 0.095
 0.085 0.195 0.15 0.09 0.115 0.105 0.045 0.04 0.04 0.03 0.03 0.075
 0.07 0.23 0.155 0.15 0.11 0.035 0.09 0.04 0.035 0.02 0.02 0.045
 0.13 0.19 0.135 0.125 0.105 0.08 0.04 0.025 0.035 0.02 0.04 0.075
 0.095 0.14 0.145 0.2 0.08 0.115 0.065 0.055 0.03 0.025 0.005 0.045
 0.08 0.195 0.15 0.095 0.11 0.105 0.055 0.05 0.03 0.03 0.03 0.07
 0.095 0.185 0.155 0.135 0.145 0.08 0.065 0.05 0.01 0.005 0.015 0.06
 0.09 0.215 0.19 0.155 0.115 0.07 0.055 0.02 0.01 0.02 0.025 0.035
 0.075 0.23 0.21 0.165 0.075 0.06 0.065 0.025 0.04 0.02 0.005 0.03
 0.075 0.16 0.285 0.17 0.105 0.04 0.06 0.025 0.025 0.015 0.005 0.035
 0.07 0.225 0.185 0.2 0.12 0.055 0.04 0.03 0.03 0 0.01 0.035
 0.08 0.185 0.245 0.165 0.08 0.085 0.045 0.04 0.015 0.02 0.015 0.025
 0.185 0.225 0.195 0.12 0.08 0.06 0.05 0.025 0.015 0.015 0.01 0.02
 0.09 0.245 0.295 0.13 0.06 0.03 0.05 0.03 0.005 0.025 0.015 0.025
 0.09 0.23 0.28 0.185 0.08 0.055 0.025 0.025 0.01 0 0.005 0.015
 0.165 0.235 0.165 0.195 0.09 0.055 0.035 0.01 0.01 0.01 0 0.03
 0.14 0.24 0.175 0.155 0.1 0.105 0.025 0.02 0 0.02 0.01 0.01
 0.145 0.16 0.32 0.12 0.09 0.055 0.055 0.005 0.01 0.02 0.01 0.01
 0.15 0.265 0.2 0.17 0.105 0.055 0.02 0.01 0.005 0.005 0 0.015
 0.205 0.285 0.145 0.115 0.13 0.03 0.02 0.015 0.025 0.01 0.005 0.015
 0.135 0.285 0.25 0.13 0.07 0.085 0 0.015 0.01 0.01 0.005 0.005
# olc_ind

# obs_lse_ind
 0.198042 0.198042 0.198042 0.198042 0.198042 0.198042 0.198042 0.198042 0.198042 0.198042 0.198042 0.198042 0.198042 0.198042 0.198042 0.198042 0.198042 0.198042 0.198042 0.198042 0.198042 0.198042 0.198042 0.198042 0.198042 0.198042 0.198042 0.198042 0.198042 0.198042
# xages_fsh
 0 0 0 0 0 0 0 0 0 0 0 0
# xages_fsh
 0 0.0909091 0.181818 0.272727 0.363636 0.454545 0.545455 0.636364 0.727273 0.818182 0.909091 1
# xnodes_fsh

Yrs fsh_sel change:  1 0 0 0 0 0 0 0 0 0 0 0 0 0 0 0 0 0 0 0 0 0 0 0 0 0 0 0 0
Yrs ind_sel change:  1 0 0 0 0 0 0 0 0 0 0 0 0 0 0 0 0 0 0 0 0 0 0 0 0 0 0 0 0
# steepnessprior
0.75
# sigmarprior
0.2
#  SSB estimated in styr endyr: -12 28 
#  Rec estimated in styr endyr: -10 30 
#  SR Curve fit  in styr endyr: 1 30 
#             Model styr endyr: 1 30 
# qprior
 3.48998e-007
# q_power_prior 
 1 
# cv_catchbiomass 
0.05 
# CatchbiomassPen 
200 
# Number of projection years 
5 
# offset_fsh
 13481.5
# offset_ind
 13111.5
Mean Catch
1277.13
R_guess 
13.8155
# nfsh
1
# n_sel_ch_fsh
 1
# nselages_fsh
 11
# phase_selcoff_fsh
 -1
logRzero 13.8155
logmeanrec 13.8155
exp(log_sigmarprior 0.2
Fish sel phase: -1 OM1
Fixing fishery sel to
1
Fixing fishery sel to
1
Srvy sel phase: -1
Fixing survey_index1 indices sel to
1
Fixing index sel to
1
# logsel_slp_in_indv
 0.693147
Leaving parameter init secton
# M
 0.2 0.2 0.2 0.2 0.2 0.2 0.2 0.2 0.2 0.2 0.2 0.2
 0.2 0.2 0.2 0.2 0.2 0.2 0.2 0.2 0.2 0.2 0.2 0.2
 0.2 0.2 0.2 0.2 0.2 0.2 0.2 0.2 0.2 0.2 0.2 0.2
 0.2 0.2 0.2 0.2 0.2 0.2 0.2 0.2 0.2 0.2 0.2 0.2
 0.2 0.2 0.2 0.2 0.2 0.2 0.2 0.2 0.2 0.2 0.2 0.2
 0.2 0.2 0.2 0.2 0.2 0.2 0.2 0.2 0.2 0.2 0.2 0.2
 0.2 0.2 0.2 0.2 0.2 0.2 0.2 0.2 0.2 0.2 0.2 0.2
 0.2 0.2 0.2 0.2 0.2 0.2 0.2 0.2 0.2 0.2 0.2 0.2
 0.2 0.2 0.2 0.2 0.2 0.2 0.2 0.2 0.2 0.2 0.2 0.2
 0.2 0.2 0.2 0.2 0.2 0.2 0.2 0.2 0.2 0.2 0.2 0.2
 0.2 0.2 0.2 0.2 0.2 0.2 0.2 0.2 0.2 0.2 0.2 0.2
 0.2 0.2 0.2 0.2 0.2 0.2 0.2 0.2 0.2 0.2 0.2 0.2
 0.2 0.2 0.2 0.2 0.2 0.2 0.2 0.2 0.2 0.2 0.2 0.2
 0.2 0.2 0.2 0.2 0.2 0.2 0.2 0.2 0.2 0.2 0.2 0.2
 0.2 0.2 0.2 0.2 0.2 0.2 0.2 0.2 0.2 0.2 0.2 0.2
 0.2 0.2 0.2 0.2 0.2 0.2 0.2 0.2 0.2 0.2 0.2 0.2
 0.2 0.2 0.2 0.2 0.2 0.2 0.2 0.2 0.2 0.2 0.2 0.2
 0.2 0.2 0.2 0.2 0.2 0.2 0.2 0.2 0.2 0.2 0.2 0.2
 0.2 0.2 0.2 0.2 0.2 0.2 0.2 0.2 0.2 0.2 0.2 0.2
 0.2 0.2 0.2 0.2 0.2 0.2 0.2 0.2 0.2 0.2 0.2 0.2
 0.2 0.2 0.2 0.2 0.2 0.2 0.2 0.2 0.2 0.2 0.2 0.2
 0.2 0.2 0.2 0.2 0.2 0.2 0.2 0.2 0.2 0.2 0.2 0.2
 0.2 0.2 0.2 0.2 0.2 0.2 0.2 0.2 0.2 0.2 0.2 0.2
 0.2 0.2 0.2 0.2 0.2 0.2 0.2 0.2 0.2 0.2 0.2 0.2
 0.2 0.2 0.2 0.2 0.2 0.2 0.2 0.2 0.2 0.2 0.2 0.2
 0.2 0.2 0.2 0.2 0.2 0.2 0.2 0.2 0.2 0.2 0.2 0.2
 0.2 0.2 0.2 0.2 0.2 0.2 0.2 0.2 0.2 0.2 0.2 0.2
 0.2 0.2 0.2 0.2 0.2 0.2 0.2 0.2 0.2 0.2 0.2 0.2
 0.2 0.2 0.2 0.2 0.2 0.2 0.2 0.2 0.2 0.2 0.2 0.2
 0.2 0.2 0.2 0.2 0.2 0.2 0.2 0.2 0.2 0.2 0.2 0.2
# mean_log_rec
13.7519
# log_Rzero
13.7903
# rec_dev
 -0.134829 0.0192451 -0.147574 0.113135 -0.0199567 -0.0316361 0.0702713 0.0440978 0.0463349 0.101302 0.027686 0.0386659 0.302978 0.0806359 -0.160927 0.393115 0.309198 -0.0686027 0.159876 0.000725844 0.118032 0.0715969 -0.0760315 -0.0516678 -0.033583 -0.00515192 0.0773771 0.0713646 -0.248555 -0.162707 -0.290358 0.00320992 -0.00274524 -0.30482 -0.428243 -0.116616 -0.418349 -0.352028 -0.147932 -0.0730092 -0.269732
# fmort
 0.00917217 0.0271985 0.0450494 0.0617299 0.0488566 0.0871471 0.0878402 0.187671 0.108534 0.133671 0.151669 0.16421 0.118749 0.17183 0.185159 0.165389 0.323292 0.265455 0.263491 0.261136 0.362167 0.261027 0.426982 0.352459 0.353423 0.32121 0.316035 0.440298 0.33177 0.501742
# rec_dev_future
 0 0 0 0 0
