AMAK;August_2013
# styr
1
# endyr
30
# rec_age
1
# oldest_age
12
# nlength
81
# len_bins
 10 11 12 13 14 15 16 17 18 19 20 21 22 23 24 25 26 27 28 29 30 31 32 33 34 35 36 37 38 39 40 41 42 43 44 45 46 47 48 49 50 51 52 53 54 55 56 57 58 59 60 61 62 63 64 65 66 67 68 69 70 71 72 73 74 75 76 77 78 79 80 81 82 83 84 85 86 87 88 89 90
# datafile_name
amak_data.dat
# model_name
OM_1
# styr
1
# endyr
30
# rec_age
1
# oldest_age
12
# nfsh
1
# fshname
OM1
# catch_bio_in
 162.084 467.37 762.495 996.442 767.422 1332.61 1272.45 2487.44 1334.35 1516.67 1625.45 1596.27 1111.03 1533.87 1503.7 1276.65 2243.97 1608.51 1464.08 1311.67 1641.12 1080.59 1634.21 1210.76 1115.06 967.496 919.304 1214.75 871.962 1282.62
# catch_bio_sd_in
 0.01 0.01 0.01 0.01 0.01 0.01 0.01 0.01 0.01 0.01 0.01 0.01 0.01 0.01 0.01 0.01 0.01 0.01 0.01 0.01 0.01 0.01 0.01 0.01 0.01 0.01 0.01 0.01 0.01 0.01
# nyrs_fsh_age
 30
# nyrs_fsh_length
 0
# yrs_fsh_age_in
 1 2 3 4 5 6 7 8 9 10 11 12 13 14 15 16 17 18 19 20 21 22 23 24 25 26 27 28 29 30
# yrs_fsh_length_in

# n_sample_fsh_length_in

# olc_fsh_in

# nind
1
# indname
survey_index1
# nyrs_ind
 30
# yrs_ind_in
 1 2 3 4 5 6 7 8 9 10 11 12 13 14 15 16 17 18 19 20 21 22 23 24 25 26 27 28 29 30
# mo_ind
 1
# obs_ind_in
 1.36157 1.55031 1.41489 1.63197 1.66434 1.39135 1.42633 1.60926 1.27375 1.06098 1.18145 0.965598 1.04553 1.04249 0.911813 1.07905 0.953697 0.880707 0.917719 0.663783 0.688745 0.733181 0.825958 0.622041 0.547154 0.488704 0.413248 0.507105 0.537976 0.490584
# obs_se_ind_in
 0.272315 0.310062 0.282978 0.326394 0.332868 0.278269 0.285267 0.321851 0.254749 0.212197 0.236291 0.19312 0.209107 0.208499 0.182363 0.21581 0.190739 0.176141 0.183544 0.132757 0.137749 0.146636 0.165192 0.124408 0.109431 0.0977409 0.0826496 0.101421 0.107595 0.0981167
# nyrs_ind_age
 30
# nyrs_ind_length
 0
# yrs_ind_age_in
 1 2 3 4 5 6 7 8 9 10 11 12 13 14 15 16 17 18 19 20 21 22 23 24 25 26 27 28 29 30
# yrs_ind_length_in

# yrs_ind_age_in
 1 2 3 4 5 6 7 8 9 10 11 12 13 14 15 16 17 18 19 20 21 22 23 24 25 26 27 28 29 30
# n_sample_ind_length_in

# olc_ind_in

# oac_ind_in
 0.085 0.165 0.145 0.115 0.08 0.09 0.045 0.05 0.055 0.03 0.015 0.125
 0.035 0.11 0.165 0.1 0.12 0.115 0.06 0.065 0.04 0.04 0.02 0.13
 0.045 0.175 0.1 0.14 0.095 0.095 0.06 0.075 0.02 0.045 0.02 0.13
 0.065 0.12 0.17 0.115 0.145 0.075 0.065 0.03 0.025 0.035 0.03 0.125
 0.105 0.12 0.13 0.16 0.045 0.075 0.055 0.065 0.055 0.045 0.025 0.12
 0.07 0.195 0.125 0.12 0.1 0.105 0.08 0.04 0.015 0.02 0.02 0.11
 0.06 0.175 0.18 0.095 0.1 0.105 0.04 0.055 0.035 0.04 0.015 0.1
 0.09 0.115 0.16 0.19 0.075 0.05 0.095 0.04 0.02 0.04 0.025 0.1
 0.09 0.18 0.13 0.135 0.165 0.05 0.05 0.025 0.02 0.02 0.02 0.115
 0.085 0.12 0.165 0.165 0.125 0.12 0.03 0.04 0.05 0.015 0.015 0.07
 0.075 0.185 0.165 0.14 0.085 0.08 0.07 0.035 0.02 0.045 0.04 0.06
 0.06 0.175 0.245 0.08 0.14 0.08 0.03 0.075 0.01 0.015 0.01 0.08
 0.075 0.12 0.2 0.195 0.1 0.06 0.07 0.045 0.06 0.01 0.02 0.045
 0.11 0.19 0.175 0.14 0.095 0.06 0.065 0.04 0.04 0.025 0.015 0.045
 0.045 0.19 0.18 0.145 0.105 0.09 0.075 0.055 0.01 0.035 0.03 0.04
 0.08 0.21 0.23 0.095 0.085 0.1 0.03 0.03 0.05 0.015 0.02 0.055
 0.11 0.205 0.165 0.15 0.125 0.095 0.02 0.05 0.01 0.02 0.01 0.04
 0.03 0.27 0.24 0.16 0.095 0.05 0.055 0.02 0.02 0.02 0.01 0.03
 0.105 0.2 0.235 0.145 0.115 0.06 0.045 0.015 0.02 0.02 0.025 0.015
 0.105 0.18 0.165 0.18 0.15 0.04 0.05 0.035 0.015 0.03 0.005 0.045
 0.105 0.18 0.26 0.095 0.11 0.12 0.035 0.035 0.02 0.005 0.01 0.025
 0.115 0.28 0.13 0.15 0.055 0.075 0.055 0.035 0.045 0.02 0.02 0.02
 0.075 0.21 0.255 0.115 0.12 0.05 0.06 0.025 0.02 0.025 0 0.045
 0.09 0.24 0.27 0.175 0.06 0.06 0.025 0.035 0.025 0.01 0.005 0.005
 0.145 0.23 0.195 0.155 0.125 0.04 0.045 0.02 0.02 0.005 0 0.02
 0.125 0.26 0.23 0.125 0.1 0.065 0.05 0.005 0.02 0.005 0 0.015
 0.115 0.255 0.25 0.125 0.105 0.06 0.035 0.015 0.01 0.01 0.005 0.015
 0.11 0.28 0.18 0.19 0.075 0.05 0.045 0.03 0.02 0.01 0 0.01
 0.17 0.26 0.22 0.105 0.11 0.035 0.05 0.02 0.01 0.01 0 0.01
 0.085 0.34 0.215 0.12 0.085 0.075 0.015 0.025 0.03 0 0 0.01
# wt_ind
 1 1 1 1 1 1 1 1 1 1 1 1
 1 1 1 1 1 1 1 1 1 1 1 1
 1 1 1 1 1 1 1 1 1 1 1 1
 1 1 1 1 1 1 1 1 1 1 1 1
 1 1 1 1 1 1 1 1 1 1 1 1
 1 1 1 1 1 1 1 1 1 1 1 1
 1 1 1 1 1 1 1 1 1 1 1 1
 1 1 1 1 1 1 1 1 1 1 1 1
 1 1 1 1 1 1 1 1 1 1 1 1
 1 1 1 1 1 1 1 1 1 1 1 1
 1 1 1 1 1 1 1 1 1 1 1 1
 1 1 1 1 1 1 1 1 1 1 1 1
 1 1 1 1 1 1 1 1 1 1 1 1
 1 1 1 1 1 1 1 1 1 1 1 1
 1 1 1 1 1 1 1 1 1 1 1 1
 1 1 1 1 1 1 1 1 1 1 1 1
 1 1 1 1 1 1 1 1 1 1 1 1
 1 1 1 1 1 1 1 1 1 1 1 1
 1 1 1 1 1 1 1 1 1 1 1 1
 1 1 1 1 1 1 1 1 1 1 1 1
 1 1 1 1 1 1 1 1 1 1 1 1
 1 1 1 1 1 1 1 1 1 1 1 1
 1 1 1 1 1 1 1 1 1 1 1 1
 1 1 1 1 1 1 1 1 1 1 1 1
 1 1 1 1 1 1 1 1 1 1 1 1
 1 1 1 1 1 1 1 1 1 1 1 1
 1 1 1 1 1 1 1 1 1 1 1 1
 1 1 1 1 1 1 1 1 1 1 1 1
 1 1 1 1 1 1 1 1 1 1 1 1
 1 1 1 1 1 1 1 1 1 1 1 1
# wt_pop
 0.000530656 0.00119633 0.00205827 0.00303499 0.00405521 0.0050647 0.00602623 0.00691692 0.00772489 0.00844611 0.00908185 0.0096367
# maturity
 0.0229774 0.320821 0.904651 0.99478 0.999739 0.999987 0.999999 1 1 1 1 1
# spawnmo
1
# age_err
 1 0 0 0 0 0 0 0 0 0 0 0
 0 1 0 0 0 0 0 0 0 0 0 0
 0 0 1 0 0 0 0 0 0 0 0 0
 0 0 0 1 0 0 0 0 0 0 0 0
 0 0 0 0 1 0 0 0 0 0 0 0
 0 0 0 0 0 1 0 0 0 0 0 0
 0 0 0 0 0 0 1 0 0 0 0 0
 0 0 0 0 0 0 0 1 0 0 0 0
 0 0 0 0 0 0 0 0 1 0 0 0
 0 0 0 0 0 0 0 0 0 1 0 0
 0 0 0 0 0 0 0 0 0 0 1 0
 0 0 0 0 0 0 0 0 0 0 0 1
# cntrlfile_name
C:\Users\bai.li\Desktop\s1_test\AMAK\s24\amak.dat
# Map shared selectivity: 
# sel_map
 1 2
 1 1
# datafile_name
amak_data.dat
# model_name
OM_1
# SrType
2
# use_age_err
0
# retro
0
# sigmarprior
0.2
# cvsigmarprior
0.25
# phase_sigmar
-3
# styr_rec_est
1
# endyr_rec_est
30
# Linfprior
80
# cvLinfprior
0.25
# kprior
0.18
# cvkprior
0.25
# Loprior
27.688
# cvLoprior
0.25
# sdageprior
0.1
# cvsdageprior
0.25
# natmortprior
0.2
# cvnatmortprior
0.25
# phase_M
-4
# npars_Mage
0
# ages_M_changes

# Mage_in

# phase_Mage
-5
# phase_rw_M
0
# npars_rw_M
0
# yrs_rw_M

# sigma_rw_M

# qprior
 3.48998e-007
# cvqprior
 1
# phase_q
 1
# q_power_prior
 1
# cvq_power_prior
 0.2
# phase_q_power
 -4
# phase_rw_q
 -1
# npars_rw_q
 0
# yrs_rw_q

# sigma_rw_q

# q_age_min
 1
# q_age_max
 12
# q_age_min
 1
# q_age_max
 12
# fsh_sel_opt(k)
2
# phase_sel_fsh(k)
-2
# n_sel_ch_fsh(k)
1
# sel_slp_in_fsh(k)(1,n_sel_ch_fsh(k))
 1
# sel_inf_in_fsh(k)(1,n_sel_ch_fsh(k))
 2
# logsel_slp_in_fsh(k)(1,n_sel_ch_fsh(k))
 0
# yrs_sel_ch_fsh(k)(1,n_sel_ch_fsh(k))
 1

Survey survey_index1
# ind_sel_opt(k)
2
# indname(k)
survey_index1
# nselages_in_ind(k)
11
# phase_sel_ind(k)
-2
# sel_change_in_ind(k)
 1 0 0 0 0 0 0 0 0 0 0 0 0 0 0 0 0 0 0 0 0 0 0 0 0 0 0 0 0 0
# n_sel_ch_ind(k)
1
# yrs_sel_ch_ind(k)(1,n_sel_ch_ind(k))
 1
# sel_slp_in_ind(k,1)
2
# sel_inf_in_ind(k,1)
1.5
# logsel_slp_in_ind(k,1)
0.693147
# logsel_slp_in_indv(k)
0.693147
survey_index1 ind sel opt 2  1 0 0 0 0 0 0 0 0 0 0 0 0 0 0 0 0 0 0 0 0 0 0 0 0 0 0 0 0 0
Phase indices Sel_Coffs:  -1
 Test: 1.23457e+008
# Fshry Selages:  11
# Srvy  Selages:  11
# Phase for age-spec fishery  -1
# Phase for logistic fishery  -2
# Phase for dble logistic fishery  -1
# Phase for age-spec indices   -1
# Phase for logistic indices   -2
# Phase for dble logistic ind  -1
# Curv_pen_fsh: 
 0
# Curv_pen_ind: 
 0
# styr_fut
31
# endyr_fut
35
# nyrs_fsh_age
 30
# nyrs_fsh_age
 30
# yrs_fsh_age
 1 2 3 4 5 6 7 8 9 10 11 12 13 14 15 16 17 18 19 20 21 22 23 24 25 26 27 28 29 30
# n_sample_fsh_age
 200 200 200 200 200 200 200 200 200 200 200 200 200 200 200 200 200 200 200 200 200 200 200 200 200 200 200 200 200 200
# oac_fsh
 0.115 0.115 0.085 0.08 0.09 0.075 0.075 0.075 0.065 0.04 0.02 0.165
 0.085 0.115 0.115 0.165 0.09 0.055 0.075 0.045 0.06 0.045 0.025 0.125
 0.055 0.13 0.14 0.145 0.085 0.095 0.045 0.065 0.05 0.04 0.03 0.12
 0.055 0.105 0.195 0.125 0.11 0.08 0.06 0.04 0.04 0.035 0.035 0.12
 0.125 0.04 0.13 0.165 0.095 0.065 0.085 0.04 0.06 0.04 0.01 0.145
 0.095 0.165 0.075 0.105 0.145 0.085 0.025 0.025 0.065 0.045 0.04 0.13
 0.095 0.135 0.15 0.095 0.1 0.085 0.045 0.045 0.045 0.02 0.045 0.14
 0.09 0.065 0.19 0.16 0.075 0.09 0.085 0.05 0.035 0.04 0.025 0.095
 0.095 0.135 0.125 0.145 0.17 0.025 0.07 0.075 0.025 0.025 0.02 0.09
 0.1 0.13 0.17 0.125 0.085 0.11 0.055 0.045 0.045 0.025 0.03 0.08
 0.09 0.155 0.13 0.17 0.08 0.125 0.075 0.015 0.03 0.03 0.025 0.075
 0.075 0.17 0.145 0.125 0.095 0.095 0.065 0.045 0.06 0.015 0.015 0.095
 0.065 0.12 0.12 0.17 0.1 0.1 0.09 0.055 0.045 0.045 0.02 0.07
 0.105 0.145 0.115 0.185 0.12 0.09 0.06 0.04 0.035 0.035 0.01 0.06
 0.105 0.2 0.185 0.14 0.09 0.11 0.02 0.055 0.02 0.03 0.025 0.02
 0.09 0.16 0.165 0.14 0.125 0.1 0.045 0.025 0.05 0.015 0.035 0.05
 0.105 0.18 0.165 0.16 0.065 0.055 0.035 0.05 0.045 0.03 0.025 0.085
 0.065 0.2 0.205 0.195 0.08 0.065 0.035 0.03 0.035 0.015 0.025 0.05
 0.09 0.175 0.205 0.165 0.07 0.11 0.05 0.045 0.02 0.025 0.02 0.025
 0.06 0.175 0.155 0.215 0.115 0.055 0.075 0.055 0.02 0.035 0.02 0.02
 0.18 0.145 0.17 0.13 0.14 0.095 0.06 0.03 0.01 0 0.02 0.02
 0.145 0.195 0.165 0.175 0.105 0.08 0.04 0.03 0.03 0.005 0.015 0.015
 0.13 0.265 0.185 0.155 0.09 0.04 0.05 0.03 0.005 0.02 0.01 0.02
 0.135 0.195 0.215 0.2 0.075 0.07 0.035 0.025 0.015 0 0 0.035
 0.175 0.18 0.17 0.2 0.125 0.035 0.03 0.035 0.01 0.025 0.01 0.005
 0.13 0.27 0.21 0.09 0.12 0.095 0.025 0.005 0.015 0.005 0.005 0.03
 0.15 0.135 0.27 0.125 0.09 0.075 0.065 0.03 0.015 0.025 0.01 0.01
 0.165 0.175 0.18 0.17 0.115 0.03 0.06 0.06 0.015 0 0.005 0.025
 0.21 0.28 0.155 0.095 0.105 0.065 0.03 0.02 0.03 0 0 0.01
 0.11 0.255 0.28 0.135 0.08 0.065 0.025 0.015 0.015 0.005 0.005 0.01
# olc_fsh

# wt_fsh
 0.000530656 0.00119633 0.00205827 0.00303499 0.00405521 0.0050647 0.00602623 0.00691692 0.00772489 0.00844611 0.00908185 0.0096367
 0.000530656 0.00119633 0.00205827 0.00303499 0.00405521 0.0050647 0.00602623 0.00691692 0.00772489 0.00844611 0.00908185 0.0096367
 0.000530656 0.00119633 0.00205827 0.00303499 0.00405521 0.0050647 0.00602623 0.00691692 0.00772489 0.00844611 0.00908185 0.0096367
 0.000530656 0.00119633 0.00205827 0.00303499 0.00405521 0.0050647 0.00602623 0.00691692 0.00772489 0.00844611 0.00908185 0.0096367
 0.000530656 0.00119633 0.00205827 0.00303499 0.00405521 0.0050647 0.00602623 0.00691692 0.00772489 0.00844611 0.00908185 0.0096367
 0.000530656 0.00119633 0.00205827 0.00303499 0.00405521 0.0050647 0.00602623 0.00691692 0.00772489 0.00844611 0.00908185 0.0096367
 0.000530656 0.00119633 0.00205827 0.00303499 0.00405521 0.0050647 0.00602623 0.00691692 0.00772489 0.00844611 0.00908185 0.0096367
 0.000530656 0.00119633 0.00205827 0.00303499 0.00405521 0.0050647 0.00602623 0.00691692 0.00772489 0.00844611 0.00908185 0.0096367
 0.000530656 0.00119633 0.00205827 0.00303499 0.00405521 0.0050647 0.00602623 0.00691692 0.00772489 0.00844611 0.00908185 0.0096367
 0.000530656 0.00119633 0.00205827 0.00303499 0.00405521 0.0050647 0.00602623 0.00691692 0.00772489 0.00844611 0.00908185 0.0096367
 0.000530656 0.00119633 0.00205827 0.00303499 0.00405521 0.0050647 0.00602623 0.00691692 0.00772489 0.00844611 0.00908185 0.0096367
 0.000530656 0.00119633 0.00205827 0.00303499 0.00405521 0.0050647 0.00602623 0.00691692 0.00772489 0.00844611 0.00908185 0.0096367
 0.000530656 0.00119633 0.00205827 0.00303499 0.00405521 0.0050647 0.00602623 0.00691692 0.00772489 0.00844611 0.00908185 0.0096367
 0.000530656 0.00119633 0.00205827 0.00303499 0.00405521 0.0050647 0.00602623 0.00691692 0.00772489 0.00844611 0.00908185 0.0096367
 0.000530656 0.00119633 0.00205827 0.00303499 0.00405521 0.0050647 0.00602623 0.00691692 0.00772489 0.00844611 0.00908185 0.0096367
 0.000530656 0.00119633 0.00205827 0.00303499 0.00405521 0.0050647 0.00602623 0.00691692 0.00772489 0.00844611 0.00908185 0.0096367
 0.000530656 0.00119633 0.00205827 0.00303499 0.00405521 0.0050647 0.00602623 0.00691692 0.00772489 0.00844611 0.00908185 0.0096367
 0.000530656 0.00119633 0.00205827 0.00303499 0.00405521 0.0050647 0.00602623 0.00691692 0.00772489 0.00844611 0.00908185 0.0096367
 0.000530656 0.00119633 0.00205827 0.00303499 0.00405521 0.0050647 0.00602623 0.00691692 0.00772489 0.00844611 0.00908185 0.0096367
 0.000530656 0.00119633 0.00205827 0.00303499 0.00405521 0.0050647 0.00602623 0.00691692 0.00772489 0.00844611 0.00908185 0.0096367
 0.000530656 0.00119633 0.00205827 0.00303499 0.00405521 0.0050647 0.00602623 0.00691692 0.00772489 0.00844611 0.00908185 0.0096367
 0.000530656 0.00119633 0.00205827 0.00303499 0.00405521 0.0050647 0.00602623 0.00691692 0.00772489 0.00844611 0.00908185 0.0096367
 0.000530656 0.00119633 0.00205827 0.00303499 0.00405521 0.0050647 0.00602623 0.00691692 0.00772489 0.00844611 0.00908185 0.0096367
 0.000530656 0.00119633 0.00205827 0.00303499 0.00405521 0.0050647 0.00602623 0.00691692 0.00772489 0.00844611 0.00908185 0.0096367
 0.000530656 0.00119633 0.00205827 0.00303499 0.00405521 0.0050647 0.00602623 0.00691692 0.00772489 0.00844611 0.00908185 0.0096367
 0.000530656 0.00119633 0.00205827 0.00303499 0.00405521 0.0050647 0.00602623 0.00691692 0.00772489 0.00844611 0.00908185 0.0096367
 0.000530656 0.00119633 0.00205827 0.00303499 0.00405521 0.0050647 0.00602623 0.00691692 0.00772489 0.00844611 0.00908185 0.0096367
 0.000530656 0.00119633 0.00205827 0.00303499 0.00405521 0.0050647 0.00602623 0.00691692 0.00772489 0.00844611 0.00908185 0.0096367
 0.000530656 0.00119633 0.00205827 0.00303499 0.00405521 0.0050647 0.00602623 0.00691692 0.00772489 0.00844611 0.00908185 0.0096367
 0.000530656 0.00119633 0.00205827 0.00303499 0.00405521 0.0050647 0.00602623 0.00691692 0.00772489 0.00844611 0.00908185 0.0096367
# nyrs_ind_age
 30
# yrs_ind_age
 1 2 3 4 5 6 7 8 9 10 11 12 13 14 15 16 17 18 19 20 21 22 23 24 25 26 27 28 29 30
# n_sample_ind_age
 200 200 200 200 200 200 200 200 200 200 200 200 200 200 200 200 200 200 200 200 200 200 200 200 200 200 200 200 200 200
# oac_ind
 0.085 0.165 0.145 0.115 0.08 0.09 0.045 0.05 0.055 0.03 0.015 0.125
 0.035 0.11 0.165 0.1 0.12 0.115 0.06 0.065 0.04 0.04 0.02 0.13
 0.045 0.175 0.1 0.14 0.095 0.095 0.06 0.075 0.02 0.045 0.02 0.13
 0.065 0.12 0.17 0.115 0.145 0.075 0.065 0.03 0.025 0.035 0.03 0.125
 0.105 0.12 0.13 0.16 0.045 0.075 0.055 0.065 0.055 0.045 0.025 0.12
 0.07 0.195 0.125 0.12 0.1 0.105 0.08 0.04 0.015 0.02 0.02 0.11
 0.06 0.175 0.18 0.095 0.1 0.105 0.04 0.055 0.035 0.04 0.015 0.1
 0.09 0.115 0.16 0.19 0.075 0.05 0.095 0.04 0.02 0.04 0.025 0.1
 0.09 0.18 0.13 0.135 0.165 0.05 0.05 0.025 0.02 0.02 0.02 0.115
 0.085 0.12 0.165 0.165 0.125 0.12 0.03 0.04 0.05 0.015 0.015 0.07
 0.075 0.185 0.165 0.14 0.085 0.08 0.07 0.035 0.02 0.045 0.04 0.06
 0.06 0.175 0.245 0.08 0.14 0.08 0.03 0.075 0.01 0.015 0.01 0.08
 0.075 0.12 0.2 0.195 0.1 0.06 0.07 0.045 0.06 0.01 0.02 0.045
 0.11 0.19 0.175 0.14 0.095 0.06 0.065 0.04 0.04 0.025 0.015 0.045
 0.045 0.19 0.18 0.145 0.105 0.09 0.075 0.055 0.01 0.035 0.03 0.04
 0.08 0.21 0.23 0.095 0.085 0.1 0.03 0.03 0.05 0.015 0.02 0.055
 0.11 0.205 0.165 0.15 0.125 0.095 0.02 0.05 0.01 0.02 0.01 0.04
 0.03 0.27 0.24 0.16 0.095 0.05 0.055 0.02 0.02 0.02 0.01 0.03
 0.105 0.2 0.235 0.145 0.115 0.06 0.045 0.015 0.02 0.02 0.025 0.015
 0.105 0.18 0.165 0.18 0.15 0.04 0.05 0.035 0.015 0.03 0.005 0.045
 0.105 0.18 0.26 0.095 0.11 0.12 0.035 0.035 0.02 0.005 0.01 0.025
 0.115 0.28 0.13 0.15 0.055 0.075 0.055 0.035 0.045 0.02 0.02 0.02
 0.075 0.21 0.255 0.115 0.12 0.05 0.06 0.025 0.02 0.025 0 0.045
 0.09 0.24 0.27 0.175 0.06 0.06 0.025 0.035 0.025 0.01 0.005 0.005
 0.145 0.23 0.195 0.155 0.125 0.04 0.045 0.02 0.02 0.005 0 0.02
 0.125 0.26 0.23 0.125 0.1 0.065 0.05 0.005 0.02 0.005 0 0.015
 0.115 0.255 0.25 0.125 0.105 0.06 0.035 0.015 0.01 0.01 0.005 0.015
 0.11 0.28 0.18 0.19 0.075 0.05 0.045 0.03 0.02 0.01 0 0.01
 0.17 0.26 0.22 0.105 0.11 0.035 0.05 0.02 0.01 0.01 0 0.01
 0.085 0.34 0.215 0.12 0.085 0.075 0.015 0.025 0.03 0 0 0.01
# olc_ind

# obs_lse_ind
 0.198042 0.198042 0.198042 0.198042 0.198042 0.198042 0.198042 0.198042 0.198042 0.198042 0.198042 0.198042 0.198042 0.198042 0.198042 0.198042 0.198042 0.198042 0.198042 0.198042 0.198042 0.198042 0.198042 0.198042 0.198042 0.198042 0.198042 0.198042 0.198042 0.198042
# xages_fsh
 0 0 0 0 0 0 0 0 0 0 0 0
# xages_fsh
 0 0.0909091 0.181818 0.272727 0.363636 0.454545 0.545455 0.636364 0.727273 0.818182 0.909091 1
# xnodes_fsh

Yrs fsh_sel change:  1 0 0 0 0 0 0 0 0 0 0 0 0 0 0 0 0 0 0 0 0 0 0 0 0 0 0 0 0
Yrs ind_sel change:  1 0 0 0 0 0 0 0 0 0 0 0 0 0 0 0 0 0 0 0 0 0 0 0 0 0 0 0 0
# steepnessprior
0.75
# sigmarprior
0.2
#  SSB estimated in styr endyr: -12 28 
#  Rec estimated in styr endyr: -10 30 
#  SR Curve fit  in styr endyr: 1 30 
#             Model styr endyr: 1 30 
# qprior
 3.48998e-007
# q_power_prior 
 1 
# cv_catchbiomass 
0.05 
# CatchbiomassPen 
200 
# Number of projection years 
5 
# offset_fsh
 13427.4
# offset_ind
 13132.3
Mean Catch
1277.08
R_guess 
13.8155
# nfsh
1
# n_sel_ch_fsh
 1
# nselages_fsh
 11
# phase_selcoff_fsh
 -1
logRzero 13.8155
logmeanrec 13.8155
exp(log_sigmarprior 0.2
Fish sel phase: -1 OM1
Fixing fishery sel to
1
Fixing fishery sel to
1
Srvy sel phase: -1
Fixing survey_index1 indices sel to
1
Fixing index sel to
1
# logsel_slp_in_indv
 0.693147
Leaving parameter init secton
# M
 0.2 0.2 0.2 0.2 0.2 0.2 0.2 0.2 0.2 0.2 0.2 0.2
 0.2 0.2 0.2 0.2 0.2 0.2 0.2 0.2 0.2 0.2 0.2 0.2
 0.2 0.2 0.2 0.2 0.2 0.2 0.2 0.2 0.2 0.2 0.2 0.2
 0.2 0.2 0.2 0.2 0.2 0.2 0.2 0.2 0.2 0.2 0.2 0.2
 0.2 0.2 0.2 0.2 0.2 0.2 0.2 0.2 0.2 0.2 0.2 0.2
 0.2 0.2 0.2 0.2 0.2 0.2 0.2 0.2 0.2 0.2 0.2 0.2
 0.2 0.2 0.2 0.2 0.2 0.2 0.2 0.2 0.2 0.2 0.2 0.2
 0.2 0.2 0.2 0.2 0.2 0.2 0.2 0.2 0.2 0.2 0.2 0.2
 0.2 0.2 0.2 0.2 0.2 0.2 0.2 0.2 0.2 0.2 0.2 0.2
 0.2 0.2 0.2 0.2 0.2 0.2 0.2 0.2 0.2 0.2 0.2 0.2
 0.2 0.2 0.2 0.2 0.2 0.2 0.2 0.2 0.2 0.2 0.2 0.2
 0.2 0.2 0.2 0.2 0.2 0.2 0.2 0.2 0.2 0.2 0.2 0.2
 0.2 0.2 0.2 0.2 0.2 0.2 0.2 0.2 0.2 0.2 0.2 0.2
 0.2 0.2 0.2 0.2 0.2 0.2 0.2 0.2 0.2 0.2 0.2 0.2
 0.2 0.2 0.2 0.2 0.2 0.2 0.2 0.2 0.2 0.2 0.2 0.2
 0.2 0.2 0.2 0.2 0.2 0.2 0.2 0.2 0.2 0.2 0.2 0.2
 0.2 0.2 0.2 0.2 0.2 0.2 0.2 0.2 0.2 0.2 0.2 0.2
 0.2 0.2 0.2 0.2 0.2 0.2 0.2 0.2 0.2 0.2 0.2 0.2
 0.2 0.2 0.2 0.2 0.2 0.2 0.2 0.2 0.2 0.2 0.2 0.2
 0.2 0.2 0.2 0.2 0.2 0.2 0.2 0.2 0.2 0.2 0.2 0.2
 0.2 0.2 0.2 0.2 0.2 0.2 0.2 0.2 0.2 0.2 0.2 0.2
 0.2 0.2 0.2 0.2 0.2 0.2 0.2 0.2 0.2 0.2 0.2 0.2
 0.2 0.2 0.2 0.2 0.2 0.2 0.2 0.2 0.2 0.2 0.2 0.2
 0.2 0.2 0.2 0.2 0.2 0.2 0.2 0.2 0.2 0.2 0.2 0.2
 0.2 0.2 0.2 0.2 0.2 0.2 0.2 0.2 0.2 0.2 0.2 0.2
 0.2 0.2 0.2 0.2 0.2 0.2 0.2 0.2 0.2 0.2 0.2 0.2
 0.2 0.2 0.2 0.2 0.2 0.2 0.2 0.2 0.2 0.2 0.2 0.2
 0.2 0.2 0.2 0.2 0.2 0.2 0.2 0.2 0.2 0.2 0.2 0.2
 0.2 0.2 0.2 0.2 0.2 0.2 0.2 0.2 0.2 0.2 0.2 0.2
 0.2 0.2 0.2 0.2 0.2 0.2 0.2 0.2 0.2 0.2 0.2 0.2
# mean_log_rec
13.7202
# log_Rzero
13.8086
# rec_dev
 -0.0434622 -0.168415 -0.0842477 0.0916547 0.108236 -0.083195 0.0625435 -0.0331258 0.0244116 0.0174635 0.120828 0.0512237 0.311008 0.0265357 -0.166438 0.467365 0.275502 0.0541891 0.232961 -0.00759524 0.197746 0.0771981 -0.0751871 -0.0267383 0.152018 0.00242488 0.140384 0.163534 -0.260111 -0.114285 -0.326391 0.0611234 -0.0176074 -0.29833 -0.312076 -0.0861886 -0.417229 -0.312712 -0.124652 -0.000314789 -0.466303
# fmort
 0.00952921 0.0278305 0.0465332 0.0631456 0.0504136 0.0911927 0.0913494 0.19423 0.11409 0.137032 0.157169 0.166154 0.12194 0.177233 0.186715 0.167021 0.322549 0.261755 0.259001 0.251355 0.351238 0.253222 0.417703 0.347473 0.343836 0.312698 0.303468 0.42616 0.319537 0.489896
# rec_dev_future
 0 0 0 0 0
