AMAK;August_2013
# styr
1
# endyr
30
# rec_age
1
# oldest_age
12
# nlength
81
# len_bins
 10 11 12 13 14 15 16 17 18 19 20 21 22 23 24 25 26 27 28 29 30 31 32 33 34 35 36 37 38 39 40 41 42 43 44 45 46 47 48 49 50 51 52 53 54 55 56 57 58 59 60 61 62 63 64 65 66 67 68 69 70 71 72 73 74 75 76 77 78 79 80 81 82 83 84 85 86 87 88 89 90
# datafile_name
amak_data.dat
# model_name
OM_1
# styr
1
# endyr
30
# rec_age
1
# oldest_age
12
# nfsh
1
# fshname
OM1
# catch_bio_in
 161.154 465.991 756.435 1000.42 763.224 1320.76 1270.11 2495.77 1329.37 1532.61 1626.44 1618.44 1106.62 1535.23 1511.92 1274.98 2241.79 1622.29 1463.26 1316.12 1624.53 1078.92 1633.14 1207.7 1108.73 980.185 919.422 1199.53 870.004 1278.15
# catch_bio_sd_in
 0.01 0.01 0.01 0.01 0.01 0.01 0.01 0.01 0.01 0.01 0.01 0.01 0.01 0.01 0.01 0.01 0.01 0.01 0.01 0.01 0.01 0.01 0.01 0.01 0.01 0.01 0.01 0.01 0.01 0.01
# nyrs_fsh_age
 30
# nyrs_fsh_length
 0
# yrs_fsh_age_in
 1 2 3 4 5 6 7 8 9 10 11 12 13 14 15 16 17 18 19 20 21 22 23 24 25 26 27 28 29 30
# yrs_fsh_length_in

# n_sample_fsh_length_in

# olc_fsh_in

# nind
1
# indname
survey_index1
# nyrs_ind
 30
# yrs_ind_in
 1 2 3 4 5 6 7 8 9 10 11 12 13 14 15 16 17 18 19 20 21 22 23 24 25 26 27 28 29 30
# mo_ind
 1
# obs_ind_in
 1.54448 1.74501 1.36513 1.60355 1.23189 1.27316 1.59416 1.6867 1.24443 1.36342 1.14095 1.13545 0.984246 1.03541 1.07083 0.946621 0.916473 0.922465 0.878755 0.791132 0.703322 0.724014 0.801199 0.691193 0.586506 0.523727 0.51308 0.509108 0.484161 0.515948
# obs_se_ind_in
 0.308895 0.349001 0.273027 0.32071 0.246378 0.254632 0.318833 0.33734 0.248886 0.272684 0.228191 0.22709 0.196849 0.207083 0.214166 0.189324 0.183295 0.184493 0.175751 0.158226 0.140664 0.144803 0.16024 0.138239 0.117301 0.104745 0.102616 0.101822 0.0968323 0.10319
# nyrs_ind_age
 30
# nyrs_ind_length
 0
# yrs_ind_age_in
 1 2 3 4 5 6 7 8 9 10 11 12 13 14 15 16 17 18 19 20 21 22 23 24 25 26 27 28 29 30
# yrs_ind_length_in

# yrs_ind_age_in
 1 2 3 4 5 6 7 8 9 10 11 12 13 14 15 16 17 18 19 20 21 22 23 24 25 26 27 28 29 30
# n_sample_ind_length_in

# olc_ind_in

# oac_ind_in
 0.06 0.085 0.2 0.075 0.1 0.09 0.04 0.11 0.025 0.04 0.02 0.155
 0.1 0.14 0.15 0.1 0.105 0.05 0.06 0.055 0.045 0.055 0.035 0.105
 0.07 0.095 0.145 0.145 0.09 0.065 0.115 0.035 0.035 0.045 0.05 0.11
 0.075 0.13 0.16 0.135 0.09 0.045 0.07 0.055 0.06 0.035 0.035 0.11
 0.095 0.105 0.195 0.15 0.06 0.105 0.065 0.05 0.025 0.045 0.015 0.09
 0.08 0.155 0.145 0.135 0.135 0.05 0.06 0.055 0.025 0.03 0.015 0.115
 0.085 0.175 0.22 0.105 0.05 0.06 0.06 0.065 0.035 0.035 0.025 0.085
 0.06 0.11 0.21 0.19 0.1 0.045 0.075 0.055 0.045 0.02 0.025 0.065
 0.09 0.185 0.115 0.205 0.135 0.055 0.025 0.05 0.035 0.025 0.015 0.065
 0.065 0.13 0.17 0.15 0.14 0.095 0.03 0.04 0.035 0.04 0.01 0.095
 0.1 0.215 0.14 0.09 0.095 0.115 0.06 0.05 0.035 0.015 0.015 0.07
 0.075 0.205 0.16 0.14 0.11 0.065 0.06 0.035 0.015 0.03 0.015 0.09
 0.075 0.165 0.18 0.13 0.105 0.165 0.03 0.045 0.025 0.02 0.01 0.05
 0.095 0.185 0.16 0.135 0.125 0.085 0.07 0.025 0.025 0.03 0.01 0.055
 0.09 0.185 0.18 0.11 0.12 0.065 0.07 0.06 0.015 0.04 0.025 0.04
 0.075 0.175 0.215 0.14 0.12 0.07 0.09 0.04 0.01 0 0.015 0.05
 0.09 0.265 0.19 0.11 0.065 0.08 0.065 0.045 0.03 0.02 0.005 0.035
 0.065 0.3 0.18 0.1 0.11 0.065 0.065 0.035 0.02 0.01 0.005 0.045
 0.07 0.16 0.19 0.2 0.12 0.075 0.05 0.03 0.025 0.03 0.005 0.045
 0.085 0.25 0.15 0.19 0.12 0.05 0.055 0.025 0.005 0.04 0 0.03
 0.16 0.15 0.215 0.125 0.12 0.075 0.05 0.03 0.035 0.01 0.015 0.015
 0.1 0.375 0.145 0.155 0.08 0.045 0.03 0.025 0.015 0.005 0.01 0.015
 0.055 0.31 0.28 0.1 0.065 0.06 0.04 0.04 0.015 0 0.005 0.03
 0.09 0.245 0.22 0.24 0.06 0.055 0.035 0.02 0.02 0.005 0 0.01
 0.115 0.195 0.185 0.2 0.14 0.05 0.035 0.025 0.03 0.005 0.005 0.015
 0.11 0.295 0.165 0.165 0.115 0.08 0.015 0.01 0.005 0.015 0.01 0.015
 0.12 0.2 0.28 0.16 0.065 0.075 0.075 0.01 0.01 0 0.005 0
 0.085 0.255 0.2 0.21 0.075 0.05 0.08 0.025 0.015 0.005 0 0
 0.125 0.295 0.23 0.125 0.09 0.03 0.05 0.03 0.01 0 0.005 0.01
 0.145 0.305 0.24 0.145 0.07 0.03 0.015 0.02 0.015 0 0 0.015
# wt_ind
 1 1 1 1 1 1 1 1 1 1 1 1
 1 1 1 1 1 1 1 1 1 1 1 1
 1 1 1 1 1 1 1 1 1 1 1 1
 1 1 1 1 1 1 1 1 1 1 1 1
 1 1 1 1 1 1 1 1 1 1 1 1
 1 1 1 1 1 1 1 1 1 1 1 1
 1 1 1 1 1 1 1 1 1 1 1 1
 1 1 1 1 1 1 1 1 1 1 1 1
 1 1 1 1 1 1 1 1 1 1 1 1
 1 1 1 1 1 1 1 1 1 1 1 1
 1 1 1 1 1 1 1 1 1 1 1 1
 1 1 1 1 1 1 1 1 1 1 1 1
 1 1 1 1 1 1 1 1 1 1 1 1
 1 1 1 1 1 1 1 1 1 1 1 1
 1 1 1 1 1 1 1 1 1 1 1 1
 1 1 1 1 1 1 1 1 1 1 1 1
 1 1 1 1 1 1 1 1 1 1 1 1
 1 1 1 1 1 1 1 1 1 1 1 1
 1 1 1 1 1 1 1 1 1 1 1 1
 1 1 1 1 1 1 1 1 1 1 1 1
 1 1 1 1 1 1 1 1 1 1 1 1
 1 1 1 1 1 1 1 1 1 1 1 1
 1 1 1 1 1 1 1 1 1 1 1 1
 1 1 1 1 1 1 1 1 1 1 1 1
 1 1 1 1 1 1 1 1 1 1 1 1
 1 1 1 1 1 1 1 1 1 1 1 1
 1 1 1 1 1 1 1 1 1 1 1 1
 1 1 1 1 1 1 1 1 1 1 1 1
 1 1 1 1 1 1 1 1 1 1 1 1
 1 1 1 1 1 1 1 1 1 1 1 1
# wt_pop
 0.000530656 0.00119633 0.00205827 0.00303499 0.00405521 0.0050647 0.00602623 0.00691692 0.00772489 0.00844611 0.00908185 0.0096367
# maturity
 0.0229774 0.320821 0.904651 0.99478 0.999739 0.999987 0.999999 1 1 1 1 1
# spawnmo
1
# age_err
 1 0 0 0 0 0 0 0 0 0 0 0
 0 1 0 0 0 0 0 0 0 0 0 0
 0 0 1 0 0 0 0 0 0 0 0 0
 0 0 0 1 0 0 0 0 0 0 0 0
 0 0 0 0 1 0 0 0 0 0 0 0
 0 0 0 0 0 1 0 0 0 0 0 0
 0 0 0 0 0 0 1 0 0 0 0 0
 0 0 0 0 0 0 0 1 0 0 0 0
 0 0 0 0 0 0 0 0 1 0 0 0
 0 0 0 0 0 0 0 0 0 1 0 0
 0 0 0 0 0 0 0 0 0 0 1 0
 0 0 0 0 0 0 0 0 0 0 0 1
# cntrlfile_name
C:\Users\bai.li\Desktop\s1_test\AMAK\s143\amak.dat
# Map shared selectivity: 
# sel_map
 1 2
 1 1
# datafile_name
amak_data.dat
# model_name
OM_1
# SrType
2
# use_age_err
0
# retro
0
# sigmarprior
0.2
# cvsigmarprior
0.25
# phase_sigmar
-3
# styr_rec_est
1
# endyr_rec_est
30
# Linfprior
80
# cvLinfprior
0.25
# kprior
0.18
# cvkprior
0.25
# Loprior
27.688
# cvLoprior
0.25
# sdageprior
0.1
# cvsdageprior
0.25
# natmortprior
0.2
# cvnatmortprior
0.25
# phase_M
-4
# npars_Mage
0
# ages_M_changes

# Mage_in

# phase_Mage
-5
# phase_rw_M
0
# npars_rw_M
0
# yrs_rw_M

# sigma_rw_M

# qprior
 3.48998e-007
# cvqprior
 1
# phase_q
 1
# q_power_prior
 1
# cvq_power_prior
 0.2
# phase_q_power
 -4
# phase_rw_q
 -1
# npars_rw_q
 0
# yrs_rw_q

# sigma_rw_q

# q_age_min
 1
# q_age_max
 12
# q_age_min
 1
# q_age_max
 12
# fsh_sel_opt(k)
2
# phase_sel_fsh(k)
-2
# n_sel_ch_fsh(k)
1
# sel_slp_in_fsh(k)(1,n_sel_ch_fsh(k))
 1
# sel_inf_in_fsh(k)(1,n_sel_ch_fsh(k))
 2
# logsel_slp_in_fsh(k)(1,n_sel_ch_fsh(k))
 0
# yrs_sel_ch_fsh(k)(1,n_sel_ch_fsh(k))
 1

Survey survey_index1
# ind_sel_opt(k)
2
# indname(k)
survey_index1
# nselages_in_ind(k)
11
# phase_sel_ind(k)
-2
# sel_change_in_ind(k)
 1 0 0 0 0 0 0 0 0 0 0 0 0 0 0 0 0 0 0 0 0 0 0 0 0 0 0 0 0 0
# n_sel_ch_ind(k)
1
# yrs_sel_ch_ind(k)(1,n_sel_ch_ind(k))
 1
# sel_slp_in_ind(k,1)
2
# sel_inf_in_ind(k,1)
1.5
# logsel_slp_in_ind(k,1)
0.693147
# logsel_slp_in_indv(k)
0.693147
survey_index1 ind sel opt 2  1 0 0 0 0 0 0 0 0 0 0 0 0 0 0 0 0 0 0 0 0 0 0 0 0 0 0 0 0 0
Phase indices Sel_Coffs:  -1
 Test: 1.23457e+008
# Fshry Selages:  11
# Srvy  Selages:  11
# Phase for age-spec fishery  -1
# Phase for logistic fishery  -2
# Phase for dble logistic fishery  -1
# Phase for age-spec indices   -1
# Phase for logistic indices   -2
# Phase for dble logistic ind  -1
# Curv_pen_fsh: 
 0
# Curv_pen_ind: 
 0
# styr_fut
31
# endyr_fut
35
# nyrs_fsh_age
 30
# nyrs_fsh_age
 30
# yrs_fsh_age
 1 2 3 4 5 6 7 8 9 10 11 12 13 14 15 16 17 18 19 20 21 22 23 24 25 26 27 28 29 30
# n_sample_fsh_age
 200 200 200 200 200 200 200 200 200 200 200 200 200 200 200 200 200 200 200 200 200 200 200 200 200 200 200 200 200 200
# oac_fsh
 0.075 0.14 0.105 0.08 0.095 0.055 0.085 0.075 0.06 0.04 0.045 0.145
 0.115 0.11 0.095 0.18 0.075 0.09 0.045 0.07 0.055 0.035 0.015 0.115
 0.065 0.1 0.09 0.14 0.08 0.085 0.08 0.07 0.035 0.045 0.05 0.16
 0.03 0.115 0.17 0.13 0.095 0.09 0.07 0.025 0.045 0.04 0.03 0.16
 0.11 0.095 0.115 0.16 0.08 0.105 0.08 0.065 0.015 0.025 0.045 0.105
 0.065 0.175 0.08 0.125 0.135 0.1 0.025 0.04 0.035 0.055 0.04 0.125
 0.055 0.13 0.14 0.115 0.07 0.115 0.075 0.075 0.03 0.01 0.02 0.165
 0.1 0.14 0.16 0.085 0.06 0.09 0.075 0.045 0.05 0.055 0.02 0.12
 0.09 0.135 0.1 0.135 0.155 0.045 0.065 0.075 0.03 0.025 0.045 0.1
 0.1 0.135 0.185 0.1 0.13 0.075 0.045 0.045 0.06 0.025 0.02 0.08
 0.09 0.145 0.135 0.13 0.1 0.1 0.095 0.045 0.04 0.02 0.035 0.065
 0.085 0.135 0.175 0.11 0.13 0.075 0.06 0.07 0.02 0.03 0.035 0.075
 0.1 0.15 0.18 0.1 0.095 0.085 0.09 0.055 0.05 0.025 0.01 0.06
 0.095 0.15 0.155 0.205 0.11 0.06 0.09 0.025 0.03 0.04 0 0.04
 0.1 0.115 0.13 0.15 0.105 0.09 0.06 0.055 0.055 0.04 0.045 0.055
 0.125 0.135 0.16 0.105 0.135 0.11 0.045 0.045 0.02 0.03 0.005 0.085
 0.16 0.16 0.155 0.155 0.095 0.095 0.04 0.04 0.025 0.025 0.005 0.045
 0.115 0.205 0.18 0.105 0.115 0.09 0.055 0.035 0.04 0.015 0 0.045
 0.12 0.145 0.185 0.135 0.075 0.125 0.05 0.03 0.025 0.025 0.02 0.065
 0.11 0.15 0.2 0.175 0.115 0.05 0.08 0.035 0.035 0.005 0.01 0.035
 0.125 0.17 0.215 0.155 0.13 0.08 0.04 0.02 0.005 0.02 0.02 0.02
 0.17 0.225 0.095 0.18 0.06 0.075 0.065 0.035 0.02 0.005 0.02 0.05
 0.16 0.24 0.22 0.12 0.095 0.045 0.05 0.03 0.005 0.005 0.015 0.015
 0.12 0.18 0.21 0.215 0.08 0.065 0.035 0.035 0.02 0.01 0.01 0.02
 0.155 0.145 0.17 0.155 0.15 0.055 0.06 0.025 0.01 0.015 0.015 0.045
 0.12 0.25 0.205 0.155 0.125 0.06 0.02 0.015 0.01 0.02 0.005 0.015
 0.15 0.225 0.225 0.115 0.085 0.105 0.045 0.005 0.025 0.005 0 0.015
 0.195 0.24 0.185 0.15 0.075 0.055 0.055 0.025 0.01 0 0 0.01
 0.185 0.25 0.22 0.095 0.135 0.035 0.03 0.02 0.005 0.005 0 0.02
 0.19 0.235 0.21 0.125 0.11 0.065 0.04 0.01 0.005 0.01 0 0
# olc_fsh

# wt_fsh
 0.000530656 0.00119633 0.00205827 0.00303499 0.00405521 0.0050647 0.00602623 0.00691692 0.00772489 0.00844611 0.00908185 0.0096367
 0.000530656 0.00119633 0.00205827 0.00303499 0.00405521 0.0050647 0.00602623 0.00691692 0.00772489 0.00844611 0.00908185 0.0096367
 0.000530656 0.00119633 0.00205827 0.00303499 0.00405521 0.0050647 0.00602623 0.00691692 0.00772489 0.00844611 0.00908185 0.0096367
 0.000530656 0.00119633 0.00205827 0.00303499 0.00405521 0.0050647 0.00602623 0.00691692 0.00772489 0.00844611 0.00908185 0.0096367
 0.000530656 0.00119633 0.00205827 0.00303499 0.00405521 0.0050647 0.00602623 0.00691692 0.00772489 0.00844611 0.00908185 0.0096367
 0.000530656 0.00119633 0.00205827 0.00303499 0.00405521 0.0050647 0.00602623 0.00691692 0.00772489 0.00844611 0.00908185 0.0096367
 0.000530656 0.00119633 0.00205827 0.00303499 0.00405521 0.0050647 0.00602623 0.00691692 0.00772489 0.00844611 0.00908185 0.0096367
 0.000530656 0.00119633 0.00205827 0.00303499 0.00405521 0.0050647 0.00602623 0.00691692 0.00772489 0.00844611 0.00908185 0.0096367
 0.000530656 0.00119633 0.00205827 0.00303499 0.00405521 0.0050647 0.00602623 0.00691692 0.00772489 0.00844611 0.00908185 0.0096367
 0.000530656 0.00119633 0.00205827 0.00303499 0.00405521 0.0050647 0.00602623 0.00691692 0.00772489 0.00844611 0.00908185 0.0096367
 0.000530656 0.00119633 0.00205827 0.00303499 0.00405521 0.0050647 0.00602623 0.00691692 0.00772489 0.00844611 0.00908185 0.0096367
 0.000530656 0.00119633 0.00205827 0.00303499 0.00405521 0.0050647 0.00602623 0.00691692 0.00772489 0.00844611 0.00908185 0.0096367
 0.000530656 0.00119633 0.00205827 0.00303499 0.00405521 0.0050647 0.00602623 0.00691692 0.00772489 0.00844611 0.00908185 0.0096367
 0.000530656 0.00119633 0.00205827 0.00303499 0.00405521 0.0050647 0.00602623 0.00691692 0.00772489 0.00844611 0.00908185 0.0096367
 0.000530656 0.00119633 0.00205827 0.00303499 0.00405521 0.0050647 0.00602623 0.00691692 0.00772489 0.00844611 0.00908185 0.0096367
 0.000530656 0.00119633 0.00205827 0.00303499 0.00405521 0.0050647 0.00602623 0.00691692 0.00772489 0.00844611 0.00908185 0.0096367
 0.000530656 0.00119633 0.00205827 0.00303499 0.00405521 0.0050647 0.00602623 0.00691692 0.00772489 0.00844611 0.00908185 0.0096367
 0.000530656 0.00119633 0.00205827 0.00303499 0.00405521 0.0050647 0.00602623 0.00691692 0.00772489 0.00844611 0.00908185 0.0096367
 0.000530656 0.00119633 0.00205827 0.00303499 0.00405521 0.0050647 0.00602623 0.00691692 0.00772489 0.00844611 0.00908185 0.0096367
 0.000530656 0.00119633 0.00205827 0.00303499 0.00405521 0.0050647 0.00602623 0.00691692 0.00772489 0.00844611 0.00908185 0.0096367
 0.000530656 0.00119633 0.00205827 0.00303499 0.00405521 0.0050647 0.00602623 0.00691692 0.00772489 0.00844611 0.00908185 0.0096367
 0.000530656 0.00119633 0.00205827 0.00303499 0.00405521 0.0050647 0.00602623 0.00691692 0.00772489 0.00844611 0.00908185 0.0096367
 0.000530656 0.00119633 0.00205827 0.00303499 0.00405521 0.0050647 0.00602623 0.00691692 0.00772489 0.00844611 0.00908185 0.0096367
 0.000530656 0.00119633 0.00205827 0.00303499 0.00405521 0.0050647 0.00602623 0.00691692 0.00772489 0.00844611 0.00908185 0.0096367
 0.000530656 0.00119633 0.00205827 0.00303499 0.00405521 0.0050647 0.00602623 0.00691692 0.00772489 0.00844611 0.00908185 0.0096367
 0.000530656 0.00119633 0.00205827 0.00303499 0.00405521 0.0050647 0.00602623 0.00691692 0.00772489 0.00844611 0.00908185 0.0096367
 0.000530656 0.00119633 0.00205827 0.00303499 0.00405521 0.0050647 0.00602623 0.00691692 0.00772489 0.00844611 0.00908185 0.0096367
 0.000530656 0.00119633 0.00205827 0.00303499 0.00405521 0.0050647 0.00602623 0.00691692 0.00772489 0.00844611 0.00908185 0.0096367
 0.000530656 0.00119633 0.00205827 0.00303499 0.00405521 0.0050647 0.00602623 0.00691692 0.00772489 0.00844611 0.00908185 0.0096367
 0.000530656 0.00119633 0.00205827 0.00303499 0.00405521 0.0050647 0.00602623 0.00691692 0.00772489 0.00844611 0.00908185 0.0096367
# nyrs_ind_age
 30
# yrs_ind_age
 1 2 3 4 5 6 7 8 9 10 11 12 13 14 15 16 17 18 19 20 21 22 23 24 25 26 27 28 29 30
# n_sample_ind_age
 200 200 200 200 200 200 200 200 200 200 200 200 200 200 200 200 200 200 200 200 200 200 200 200 200 200 200 200 200 200
# oac_ind
 0.06 0.085 0.2 0.075 0.1 0.09 0.04 0.11 0.025 0.04 0.02 0.155
 0.1 0.14 0.15 0.1 0.105 0.05 0.06 0.055 0.045 0.055 0.035 0.105
 0.07 0.095 0.145 0.145 0.09 0.065 0.115 0.035 0.035 0.045 0.05 0.11
 0.075 0.13 0.16 0.135 0.09 0.045 0.07 0.055 0.06 0.035 0.035 0.11
 0.095 0.105 0.195 0.15 0.06 0.105 0.065 0.05 0.025 0.045 0.015 0.09
 0.08 0.155 0.145 0.135 0.135 0.05 0.06 0.055 0.025 0.03 0.015 0.115
 0.085 0.175 0.22 0.105 0.05 0.06 0.06 0.065 0.035 0.035 0.025 0.085
 0.06 0.11 0.21 0.19 0.1 0.045 0.075 0.055 0.045 0.02 0.025 0.065
 0.09 0.185 0.115 0.205 0.135 0.055 0.025 0.05 0.035 0.025 0.015 0.065
 0.065 0.13 0.17 0.15 0.14 0.095 0.03 0.04 0.035 0.04 0.01 0.095
 0.1 0.215 0.14 0.09 0.095 0.115 0.06 0.05 0.035 0.015 0.015 0.07
 0.075 0.205 0.16 0.14 0.11 0.065 0.06 0.035 0.015 0.03 0.015 0.09
 0.075 0.165 0.18 0.13 0.105 0.165 0.03 0.045 0.025 0.02 0.01 0.05
 0.095 0.185 0.16 0.135 0.125 0.085 0.07 0.025 0.025 0.03 0.01 0.055
 0.09 0.185 0.18 0.11 0.12 0.065 0.07 0.06 0.015 0.04 0.025 0.04
 0.075 0.175 0.215 0.14 0.12 0.07 0.09 0.04 0.01 0 0.015 0.05
 0.09 0.265 0.19 0.11 0.065 0.08 0.065 0.045 0.03 0.02 0.005 0.035
 0.065 0.3 0.18 0.1 0.11 0.065 0.065 0.035 0.02 0.01 0.005 0.045
 0.07 0.16 0.19 0.2 0.12 0.075 0.05 0.03 0.025 0.03 0.005 0.045
 0.085 0.25 0.15 0.19 0.12 0.05 0.055 0.025 0.005 0.04 0 0.03
 0.16 0.15 0.215 0.125 0.12 0.075 0.05 0.03 0.035 0.01 0.015 0.015
 0.1 0.375 0.145 0.155 0.08 0.045 0.03 0.025 0.015 0.005 0.01 0.015
 0.055 0.31 0.28 0.1 0.065 0.06 0.04 0.04 0.015 0 0.005 0.03
 0.09 0.245 0.22 0.24 0.06 0.055 0.035 0.02 0.02 0.005 0 0.01
 0.115 0.195 0.185 0.2 0.14 0.05 0.035 0.025 0.03 0.005 0.005 0.015
 0.11 0.295 0.165 0.165 0.115 0.08 0.015 0.01 0.005 0.015 0.01 0.015
 0.12 0.2 0.28 0.16 0.065 0.075 0.075 0.01 0.01 0 0.005 0
 0.085 0.255 0.2 0.21 0.075 0.05 0.08 0.025 0.015 0.005 0 0
 0.125 0.295 0.23 0.125 0.09 0.03 0.05 0.03 0.01 0 0.005 0.01
 0.145 0.305 0.24 0.145 0.07 0.03 0.015 0.02 0.015 0 0 0.015
# olc_ind

# obs_lse_ind
 0.198042 0.198042 0.198042 0.198042 0.198042 0.198042 0.198042 0.198042 0.198042 0.198042 0.198042 0.198042 0.198042 0.198042 0.198042 0.198042 0.198042 0.198042 0.198042 0.198042 0.198042 0.198042 0.198042 0.198042 0.198042 0.198042 0.198042 0.198042 0.198042 0.198042
# xages_fsh
 0 0 0 0 0 0 0 0 0 0 0 0
# xages_fsh
 0 0.0909091 0.181818 0.272727 0.363636 0.454545 0.545455 0.636364 0.727273 0.818182 0.909091 1
# xnodes_fsh

Yrs fsh_sel change:  1 0 0 0 0 0 0 0 0 0 0 0 0 0 0 0 0 0 0 0 0 0 0 0 0 0 0 0 0
Yrs ind_sel change:  1 0 0 0 0 0 0 0 0 0 0 0 0 0 0 0 0 0 0 0 0 0 0 0 0 0 0 0 0
# steepnessprior
0.75
# sigmarprior
0.2
#  SSB estimated in styr endyr: -12 28 
#  Rec estimated in styr endyr: -10 30 
#  SR Curve fit  in styr endyr: 1 30 
#             Model styr endyr: 1 30 
# qprior
 3.48998e-007
# q_power_prior 
 1 
# cv_catchbiomass 
0.05 
# CatchbiomassPen 
200 
# Number of projection years 
5 
# offset_fsh
 13453.8
# offset_ind
 13038.5
Mean Catch
1277.11
R_guess 
13.8155
# nfsh
1
# n_sel_ch_fsh
 1
# nselages_fsh
 11
# phase_selcoff_fsh
 -1
logRzero 13.8155
logmeanrec 13.8155
exp(log_sigmarprior 0.2
Fish sel phase: -1 OM1
Fixing fishery sel to
1
Fixing fishery sel to
1
Srvy sel phase: -1
Fixing survey_index1 indices sel to
1
Fixing index sel to
1
# logsel_slp_in_indv
 0.693147
Leaving parameter init secton
# M
 0.2 0.2 0.2 0.2 0.2 0.2 0.2 0.2 0.2 0.2 0.2 0.2
 0.2 0.2 0.2 0.2 0.2 0.2 0.2 0.2 0.2 0.2 0.2 0.2
 0.2 0.2 0.2 0.2 0.2 0.2 0.2 0.2 0.2 0.2 0.2 0.2
 0.2 0.2 0.2 0.2 0.2 0.2 0.2 0.2 0.2 0.2 0.2 0.2
 0.2 0.2 0.2 0.2 0.2 0.2 0.2 0.2 0.2 0.2 0.2 0.2
 0.2 0.2 0.2 0.2 0.2 0.2 0.2 0.2 0.2 0.2 0.2 0.2
 0.2 0.2 0.2 0.2 0.2 0.2 0.2 0.2 0.2 0.2 0.2 0.2
 0.2 0.2 0.2 0.2 0.2 0.2 0.2 0.2 0.2 0.2 0.2 0.2
 0.2 0.2 0.2 0.2 0.2 0.2 0.2 0.2 0.2 0.2 0.2 0.2
 0.2 0.2 0.2 0.2 0.2 0.2 0.2 0.2 0.2 0.2 0.2 0.2
 0.2 0.2 0.2 0.2 0.2 0.2 0.2 0.2 0.2 0.2 0.2 0.2
 0.2 0.2 0.2 0.2 0.2 0.2 0.2 0.2 0.2 0.2 0.2 0.2
 0.2 0.2 0.2 0.2 0.2 0.2 0.2 0.2 0.2 0.2 0.2 0.2
 0.2 0.2 0.2 0.2 0.2 0.2 0.2 0.2 0.2 0.2 0.2 0.2
 0.2 0.2 0.2 0.2 0.2 0.2 0.2 0.2 0.2 0.2 0.2 0.2
 0.2 0.2 0.2 0.2 0.2 0.2 0.2 0.2 0.2 0.2 0.2 0.2
 0.2 0.2 0.2 0.2 0.2 0.2 0.2 0.2 0.2 0.2 0.2 0.2
 0.2 0.2 0.2 0.2 0.2 0.2 0.2 0.2 0.2 0.2 0.2 0.2
 0.2 0.2 0.2 0.2 0.2 0.2 0.2 0.2 0.2 0.2 0.2 0.2
 0.2 0.2 0.2 0.2 0.2 0.2 0.2 0.2 0.2 0.2 0.2 0.2
 0.2 0.2 0.2 0.2 0.2 0.2 0.2 0.2 0.2 0.2 0.2 0.2
 0.2 0.2 0.2 0.2 0.2 0.2 0.2 0.2 0.2 0.2 0.2 0.2
 0.2 0.2 0.2 0.2 0.2 0.2 0.2 0.2 0.2 0.2 0.2 0.2
 0.2 0.2 0.2 0.2 0.2 0.2 0.2 0.2 0.2 0.2 0.2 0.2
 0.2 0.2 0.2 0.2 0.2 0.2 0.2 0.2 0.2 0.2 0.2 0.2
 0.2 0.2 0.2 0.2 0.2 0.2 0.2 0.2 0.2 0.2 0.2 0.2
 0.2 0.2 0.2 0.2 0.2 0.2 0.2 0.2 0.2 0.2 0.2 0.2
 0.2 0.2 0.2 0.2 0.2 0.2 0.2 0.2 0.2 0.2 0.2 0.2
 0.2 0.2 0.2 0.2 0.2 0.2 0.2 0.2 0.2 0.2 0.2 0.2
 0.2 0.2 0.2 0.2 0.2 0.2 0.2 0.2 0.2 0.2 0.2 0.2
# mean_log_rec
13.7329
# log_Rzero
13.7914
# rec_dev
 -0.0840523 -0.0665698 -0.0508587 0.10584 0.187516 -0.0116924 -0.0399731 -0.0209206 -0.105314 0.0768638 0.0840581 0.0529687 0.259255 0.0477592 -0.112654 0.360835 0.315808 -0.00203757 0.203488 0.0181083 0.100777 0.139386 0.0287168 -0.0626909 0.0367948 -0.114574 0.075192 0.108152 -0.249716 -0.115226 -0.427391 0.145651 0.00841793 -0.294486 -0.466844 -0.179824 -0.43647 -0.306506 -0.251229 -0.240781 -0.239189
# fmort
 0.00937564 0.0275034 0.0458325 0.0630219 0.0498974 0.0900267 0.0909977 0.194957 0.113954 0.139196 0.158514 0.169988 0.122178 0.177558 0.188147 0.168636 0.330374 0.275407 0.273803 0.269351 0.373775 0.271388 0.444678 0.368392 0.366133 0.346124 0.338699 0.479261 0.373957 0.597782
# rec_dev_future
 0 0 0 0 0
