AMAK;August_2013
# styr
1
# endyr
30
# rec_age
1
# oldest_age
12
# nlength
81
# len_bins
 10 11 12 13 14 15 16 17 18 19 20 21 22 23 24 25 26 27 28 29 30 31 32 33 34 35 36 37 38 39 40 41 42 43 44 45 46 47 48 49 50 51 52 53 54 55 56 57 58 59 60 61 62 63 64 65 66 67 68 69 70 71 72 73 74 75 76 77 78 79 80 81 82 83 84 85 86 87 88 89 90
# datafile_name
amak_data.dat
# model_name
OM_1
# styr
1
# endyr
30
# rec_age
1
# oldest_age
12
# nfsh
1
# fshname
OM1
# catch_bio_in
 160.055 469.474 755.924 995.214 767.387 1329.44 1289.27 2486.58 1319.1 1531.96 1607.12 1612.49 1094.35 1523.9 1514 1262.91 2259.8 1618.17 1464.95 1309.75 1616.77 1070.5 1623.26 1203.05 1102.49 959.664 931.736 1198.03 874.441 1276.06
# catch_bio_sd_in
 0.01 0.01 0.01 0.01 0.01 0.01 0.01 0.01 0.01 0.01 0.01 0.01 0.01 0.01 0.01 0.01 0.01 0.01 0.01 0.01 0.01 0.01 0.01 0.01 0.01 0.01 0.01 0.01 0.01 0.01
# nyrs_fsh_age
 30
# nyrs_fsh_length
 0
# yrs_fsh_age_in
 1 2 3 4 5 6 7 8 9 10 11 12 13 14 15 16 17 18 19 20 21 22 23 24 25 26 27 28 29 30
# yrs_fsh_length_in

# n_sample_fsh_length_in

# olc_fsh_in

# nind
1
# indname
survey_index1
# nyrs_ind
 30
# yrs_ind_in
 1 2 3 4 5 6 7 8 9 10 11 12 13 14 15 16 17 18 19 20 21 22 23 24 25 26 27 28 29 30
# mo_ind
 1
# obs_ind_in
 1.58286 1.90375 1.61999 1.31041 1.80733 1.328 1.15465 1.45358 1.21094 1.20037 1.03778 1.0157 1.17551 1.06771 1.05993 1.06872 0.949907 0.868438 0.787535 0.876199 0.629066 0.682866 0.646281 0.70328 0.545517 0.549544 0.532082 0.479751 0.481992 0.503693
# obs_se_ind_in
 0.316572 0.380751 0.323998 0.262081 0.361466 0.2656 0.23093 0.290717 0.242188 0.240075 0.207555 0.20314 0.235103 0.213542 0.211986 0.213745 0.189981 0.173688 0.157507 0.17524 0.125813 0.136573 0.129256 0.140656 0.109103 0.109909 0.106416 0.0959502 0.0963983 0.100739
# nyrs_ind_age
 30
# nyrs_ind_length
 0
# yrs_ind_age_in
 1 2 3 4 5 6 7 8 9 10 11 12 13 14 15 16 17 18 19 20 21 22 23 24 25 26 27 28 29 30
# yrs_ind_length_in

# yrs_ind_age_in
 1 2 3 4 5 6 7 8 9 10 11 12 13 14 15 16 17 18 19 20 21 22 23 24 25 26 27 28 29 30
# n_sample_ind_length_in

# olc_ind_in

# oac_ind_in
 0.06 0.14 0.14 0.12 0.11 0.09 0.06 0.035 0.05 0.04 0.015 0.14
 0.07 0.145 0.165 0.19 0.085 0.07 0.065 0.025 0.03 0.015 0.015 0.125
 0.085 0.145 0.155 0.155 0.115 0.055 0.05 0.035 0.05 0.03 0.025 0.1
 0.03 0.2 0.205 0.075 0.09 0.08 0.07 0.045 0.055 0.04 0.015 0.095
 0.1 0.15 0.12 0.13 0.075 0.085 0.095 0.04 0.035 0.05 0.025 0.095
 0.14 0.165 0.1 0.14 0.11 0.045 0.05 0.05 0.035 0.055 0.02 0.09
 0.075 0.18 0.2 0.065 0.07 0.1 0.07 0.05 0.045 0.015 0.02 0.11
 0.075 0.11 0.22 0.155 0.075 0.06 0.09 0.035 0.04 0.055 0.02 0.065
 0.06 0.165 0.13 0.18 0.12 0.07 0.065 0.05 0.025 0.045 0.01 0.08
 0.04 0.155 0.185 0.165 0.11 0.115 0.03 0.05 0.03 0.04 0.025 0.055
 0.11 0.175 0.17 0.185 0.105 0.08 0.06 0 0.015 0.02 0.02 0.06
 0.08 0.18 0.135 0.175 0.105 0.075 0.085 0.04 0.04 0.01 0.015 0.06
 0.075 0.145 0.205 0.145 0.08 0.095 0.045 0.065 0.055 0.02 0.02 0.05
 0.08 0.135 0.14 0.16 0.13 0.065 0.075 0.06 0.075 0.035 0.01 0.035
 0.09 0.19 0.13 0.145 0.125 0.1 0.07 0.035 0.025 0.015 0.01 0.065
 0.105 0.2 0.195 0.105 0.1 0.1 0.055 0.015 0.025 0.02 0.025 0.055
 0.1 0.155 0.16 0.17 0.13 0.055 0.07 0.035 0.025 0.03 0 0.07
 0.055 0.21 0.21 0.145 0.165 0.06 0.04 0.03 0.015 0.025 0.005 0.04
 0.085 0.19 0.23 0.185 0.11 0.06 0.035 0.015 0.035 0.02 0.01 0.025
 0.05 0.205 0.14 0.225 0.105 0.065 0.065 0.045 0.04 0.02 0.005 0.035
 0.12 0.13 0.26 0.14 0.125 0.065 0.055 0.04 0.015 0.015 0.015 0.02
 0.15 0.24 0.185 0.11 0.04 0.1 0.05 0.04 0.01 0.015 0.02 0.04
 0.105 0.28 0.22 0.13 0.1 0.03 0.045 0.035 0.01 0.005 0.005 0.035
 0.11 0.195 0.265 0.16 0.1 0.075 0.035 0.035 0.01 0.005 0 0.01
 0.105 0.25 0.21 0.175 0.14 0.015 0.055 0 0.015 0.02 0.01 0.005
 0.1 0.275 0.21 0.125 0.09 0.075 0.035 0.045 0 0.015 0.01 0.02
 0.13 0.23 0.265 0.135 0.08 0.08 0.035 0.025 0.015 0 0 0.005
 0.15 0.24 0.22 0.135 0.1 0.05 0.025 0.03 0.015 0.005 0 0.03
 0.165 0.285 0.17 0.135 0.135 0.035 0.015 0.02 0.02 0.005 0.005 0.01
 0.1 0.315 0.225 0.155 0.075 0.06 0.02 0 0.015 0.025 0 0.01
# wt_ind
 1 1 1 1 1 1 1 1 1 1 1 1
 1 1 1 1 1 1 1 1 1 1 1 1
 1 1 1 1 1 1 1 1 1 1 1 1
 1 1 1 1 1 1 1 1 1 1 1 1
 1 1 1 1 1 1 1 1 1 1 1 1
 1 1 1 1 1 1 1 1 1 1 1 1
 1 1 1 1 1 1 1 1 1 1 1 1
 1 1 1 1 1 1 1 1 1 1 1 1
 1 1 1 1 1 1 1 1 1 1 1 1
 1 1 1 1 1 1 1 1 1 1 1 1
 1 1 1 1 1 1 1 1 1 1 1 1
 1 1 1 1 1 1 1 1 1 1 1 1
 1 1 1 1 1 1 1 1 1 1 1 1
 1 1 1 1 1 1 1 1 1 1 1 1
 1 1 1 1 1 1 1 1 1 1 1 1
 1 1 1 1 1 1 1 1 1 1 1 1
 1 1 1 1 1 1 1 1 1 1 1 1
 1 1 1 1 1 1 1 1 1 1 1 1
 1 1 1 1 1 1 1 1 1 1 1 1
 1 1 1 1 1 1 1 1 1 1 1 1
 1 1 1 1 1 1 1 1 1 1 1 1
 1 1 1 1 1 1 1 1 1 1 1 1
 1 1 1 1 1 1 1 1 1 1 1 1
 1 1 1 1 1 1 1 1 1 1 1 1
 1 1 1 1 1 1 1 1 1 1 1 1
 1 1 1 1 1 1 1 1 1 1 1 1
 1 1 1 1 1 1 1 1 1 1 1 1
 1 1 1 1 1 1 1 1 1 1 1 1
 1 1 1 1 1 1 1 1 1 1 1 1
 1 1 1 1 1 1 1 1 1 1 1 1
# wt_pop
 0.000530656 0.00119633 0.00205827 0.00303499 0.00405521 0.0050647 0.00602623 0.00691692 0.00772489 0.00844611 0.00908185 0.0096367
# maturity
 0.0229774 0.320821 0.904651 0.99478 0.999739 0.999987 0.999999 1 1 1 1 1
# spawnmo
1
# age_err
 1 0 0 0 0 0 0 0 0 0 0 0
 0 1 0 0 0 0 0 0 0 0 0 0
 0 0 1 0 0 0 0 0 0 0 0 0
 0 0 0 1 0 0 0 0 0 0 0 0
 0 0 0 0 1 0 0 0 0 0 0 0
 0 0 0 0 0 1 0 0 0 0 0 0
 0 0 0 0 0 0 1 0 0 0 0 0
 0 0 0 0 0 0 0 1 0 0 0 0
 0 0 0 0 0 0 0 0 1 0 0 0
 0 0 0 0 0 0 0 0 0 1 0 0
 0 0 0 0 0 0 0 0 0 0 1 0
 0 0 0 0 0 0 0 0 0 0 0 1
# cntrlfile_name
C:\Users\bai.li\Desktop\s1_test\AMAK\s92\amak.dat
# Map shared selectivity: 
# sel_map
 1 2
 1 1
# datafile_name
amak_data.dat
# model_name
OM_1
# SrType
2
# use_age_err
0
# retro
0
# sigmarprior
0.2
# cvsigmarprior
0.25
# phase_sigmar
-3
# styr_rec_est
1
# endyr_rec_est
30
# Linfprior
80
# cvLinfprior
0.25
# kprior
0.18
# cvkprior
0.25
# Loprior
27.688
# cvLoprior
0.25
# sdageprior
0.1
# cvsdageprior
0.25
# natmortprior
0.2
# cvnatmortprior
0.25
# phase_M
-4
# npars_Mage
0
# ages_M_changes

# Mage_in

# phase_Mage
-5
# phase_rw_M
0
# npars_rw_M
0
# yrs_rw_M

# sigma_rw_M

# qprior
 3.48998e-007
# cvqprior
 1
# phase_q
 1
# q_power_prior
 1
# cvq_power_prior
 0.2
# phase_q_power
 -4
# phase_rw_q
 -1
# npars_rw_q
 0
# yrs_rw_q

# sigma_rw_q

# q_age_min
 1
# q_age_max
 12
# q_age_min
 1
# q_age_max
 12
# fsh_sel_opt(k)
2
# phase_sel_fsh(k)
-2
# n_sel_ch_fsh(k)
1
# sel_slp_in_fsh(k)(1,n_sel_ch_fsh(k))
 1
# sel_inf_in_fsh(k)(1,n_sel_ch_fsh(k))
 2
# logsel_slp_in_fsh(k)(1,n_sel_ch_fsh(k))
 0
# yrs_sel_ch_fsh(k)(1,n_sel_ch_fsh(k))
 1

Survey survey_index1
# ind_sel_opt(k)
2
# indname(k)
survey_index1
# nselages_in_ind(k)
11
# phase_sel_ind(k)
-2
# sel_change_in_ind(k)
 1 0 0 0 0 0 0 0 0 0 0 0 0 0 0 0 0 0 0 0 0 0 0 0 0 0 0 0 0 0
# n_sel_ch_ind(k)
1
# yrs_sel_ch_ind(k)(1,n_sel_ch_ind(k))
 1
# sel_slp_in_ind(k,1)
2
# sel_inf_in_ind(k,1)
1.5
# logsel_slp_in_ind(k,1)
0.693147
# logsel_slp_in_indv(k)
0.693147
survey_index1 ind sel opt 2  1 0 0 0 0 0 0 0 0 0 0 0 0 0 0 0 0 0 0 0 0 0 0 0 0 0 0 0 0 0
Phase indices Sel_Coffs:  -1
 Test: 1.23457e+008
# Fshry Selages:  11
# Srvy  Selages:  11
# Phase for age-spec fishery  -1
# Phase for logistic fishery  -2
# Phase for dble logistic fishery  -1
# Phase for age-spec indices   -1
# Phase for logistic indices   -2
# Phase for dble logistic ind  -1
# Curv_pen_fsh: 
 0
# Curv_pen_ind: 
 0
# styr_fut
31
# endyr_fut
35
# nyrs_fsh_age
 30
# nyrs_fsh_age
 30
# yrs_fsh_age
 1 2 3 4 5 6 7 8 9 10 11 12 13 14 15 16 17 18 19 20 21 22 23 24 25 26 27 28 29 30
# n_sample_fsh_age
 200 200 200 200 200 200 200 200 200 200 200 200 200 200 200 200 200 200 200 200 200 200 200 200 200 200 200 200 200 200
# oac_fsh
 0.07 0.12 0.11 0.115 0.125 0.065 0.05 0.065 0.035 0.04 0.05 0.155
 0.14 0.125 0.125 0.095 0.075 0.085 0.08 0.055 0.06 0.04 0.025 0.095
 0.075 0.135 0.095 0.095 0.145 0.09 0.085 0.055 0.05 0.02 0.02 0.135
 0.025 0.12 0.16 0.095 0.09 0.12 0.06 0.05 0.045 0.055 0.05 0.13
 0.09 0.075 0.14 0.11 0.1 0.055 0.1 0.06 0.035 0.04 0.035 0.16
 0.09 0.165 0.045 0.09 0.14 0.08 0.07 0.065 0.065 0.05 0.025 0.115
 0.06 0.145 0.17 0.105 0.06 0.095 0.075 0.08 0.05 0.03 0.035 0.095
 0.095 0.135 0.135 0.175 0.055 0.075 0.06 0.075 0.045 0.05 0 0.1
 0.09 0.145 0.14 0.155 0.13 0.03 0.08 0.06 0.04 0.03 0.015 0.085
 0.1 0.125 0.13 0.15 0.13 0.09 0.05 0.04 0.045 0.02 0.015 0.105
 0.12 0.16 0.12 0.155 0.085 0.095 0.065 0.06 0.015 0.03 0.015 0.08
 0.07 0.13 0.18 0.13 0.105 0.07 0.09 0.065 0.03 0.01 0.035 0.085
 0.09 0.085 0.2 0.14 0.11 0.075 0.03 0.055 0.095 0.025 0 0.095
 0.1 0.125 0.145 0.21 0.085 0.11 0.07 0.04 0.015 0.05 0.015 0.035
 0.08 0.115 0.12 0.14 0.115 0.13 0.055 0.075 0.035 0.04 0.045 0.05
 0.145 0.135 0.155 0.135 0.115 0.075 0.075 0.025 0.035 0.015 0.03 0.06
 0.145 0.165 0.13 0.18 0.075 0.065 0.055 0.055 0.04 0.025 0.005 0.06
 0.105 0.155 0.165 0.17 0.12 0.07 0.05 0.035 0.03 0.02 0.005 0.075
 0.175 0.15 0.195 0.155 0.08 0.085 0.05 0.02 0.025 0.01 0 0.055
 0.09 0.18 0.19 0.15 0.105 0.06 0.035 0.035 0.03 0.015 0.045 0.065
 0.2 0.145 0.16 0.12 0.12 0.12 0.035 0.02 0.005 0.03 0 0.045
 0.15 0.285 0.1 0.14 0.1 0.085 0.05 0.035 0.01 0.02 0.005 0.02
 0.09 0.21 0.245 0.115 0.075 0.065 0.06 0.055 0.015 0.02 0.005 0.045
 0.13 0.19 0.23 0.17 0.08 0.055 0.025 0.04 0.035 0.015 0.015 0.015
 0.15 0.21 0.18 0.185 0.135 0.045 0.025 0.02 0.02 0.015 0 0.015
 0.16 0.195 0.16 0.14 0.14 0.115 0.015 0.02 0.02 0.005 0.015 0.015
 0.15 0.16 0.275 0.155 0.09 0.05 0.07 0.015 0.02 0.005 0.005 0.005
 0.2 0.19 0.11 0.2 0.1 0.045 0.09 0.035 0.01 0.01 0 0.01
 0.2 0.26 0.175 0.115 0.09 0.03 0.055 0.035 0.02 0.005 0 0.015
 0.145 0.235 0.27 0.15 0.05 0.065 0.01 0.02 0.03 0.01 0 0.015
# olc_fsh

# wt_fsh
 0.000530656 0.00119633 0.00205827 0.00303499 0.00405521 0.0050647 0.00602623 0.00691692 0.00772489 0.00844611 0.00908185 0.0096367
 0.000530656 0.00119633 0.00205827 0.00303499 0.00405521 0.0050647 0.00602623 0.00691692 0.00772489 0.00844611 0.00908185 0.0096367
 0.000530656 0.00119633 0.00205827 0.00303499 0.00405521 0.0050647 0.00602623 0.00691692 0.00772489 0.00844611 0.00908185 0.0096367
 0.000530656 0.00119633 0.00205827 0.00303499 0.00405521 0.0050647 0.00602623 0.00691692 0.00772489 0.00844611 0.00908185 0.0096367
 0.000530656 0.00119633 0.00205827 0.00303499 0.00405521 0.0050647 0.00602623 0.00691692 0.00772489 0.00844611 0.00908185 0.0096367
 0.000530656 0.00119633 0.00205827 0.00303499 0.00405521 0.0050647 0.00602623 0.00691692 0.00772489 0.00844611 0.00908185 0.0096367
 0.000530656 0.00119633 0.00205827 0.00303499 0.00405521 0.0050647 0.00602623 0.00691692 0.00772489 0.00844611 0.00908185 0.0096367
 0.000530656 0.00119633 0.00205827 0.00303499 0.00405521 0.0050647 0.00602623 0.00691692 0.00772489 0.00844611 0.00908185 0.0096367
 0.000530656 0.00119633 0.00205827 0.00303499 0.00405521 0.0050647 0.00602623 0.00691692 0.00772489 0.00844611 0.00908185 0.0096367
 0.000530656 0.00119633 0.00205827 0.00303499 0.00405521 0.0050647 0.00602623 0.00691692 0.00772489 0.00844611 0.00908185 0.0096367
 0.000530656 0.00119633 0.00205827 0.00303499 0.00405521 0.0050647 0.00602623 0.00691692 0.00772489 0.00844611 0.00908185 0.0096367
 0.000530656 0.00119633 0.00205827 0.00303499 0.00405521 0.0050647 0.00602623 0.00691692 0.00772489 0.00844611 0.00908185 0.0096367
 0.000530656 0.00119633 0.00205827 0.00303499 0.00405521 0.0050647 0.00602623 0.00691692 0.00772489 0.00844611 0.00908185 0.0096367
 0.000530656 0.00119633 0.00205827 0.00303499 0.00405521 0.0050647 0.00602623 0.00691692 0.00772489 0.00844611 0.00908185 0.0096367
 0.000530656 0.00119633 0.00205827 0.00303499 0.00405521 0.0050647 0.00602623 0.00691692 0.00772489 0.00844611 0.00908185 0.0096367
 0.000530656 0.00119633 0.00205827 0.00303499 0.00405521 0.0050647 0.00602623 0.00691692 0.00772489 0.00844611 0.00908185 0.0096367
 0.000530656 0.00119633 0.00205827 0.00303499 0.00405521 0.0050647 0.00602623 0.00691692 0.00772489 0.00844611 0.00908185 0.0096367
 0.000530656 0.00119633 0.00205827 0.00303499 0.00405521 0.0050647 0.00602623 0.00691692 0.00772489 0.00844611 0.00908185 0.0096367
 0.000530656 0.00119633 0.00205827 0.00303499 0.00405521 0.0050647 0.00602623 0.00691692 0.00772489 0.00844611 0.00908185 0.0096367
 0.000530656 0.00119633 0.00205827 0.00303499 0.00405521 0.0050647 0.00602623 0.00691692 0.00772489 0.00844611 0.00908185 0.0096367
 0.000530656 0.00119633 0.00205827 0.00303499 0.00405521 0.0050647 0.00602623 0.00691692 0.00772489 0.00844611 0.00908185 0.0096367
 0.000530656 0.00119633 0.00205827 0.00303499 0.00405521 0.0050647 0.00602623 0.00691692 0.00772489 0.00844611 0.00908185 0.0096367
 0.000530656 0.00119633 0.00205827 0.00303499 0.00405521 0.0050647 0.00602623 0.00691692 0.00772489 0.00844611 0.00908185 0.0096367
 0.000530656 0.00119633 0.00205827 0.00303499 0.00405521 0.0050647 0.00602623 0.00691692 0.00772489 0.00844611 0.00908185 0.0096367
 0.000530656 0.00119633 0.00205827 0.00303499 0.00405521 0.0050647 0.00602623 0.00691692 0.00772489 0.00844611 0.00908185 0.0096367
 0.000530656 0.00119633 0.00205827 0.00303499 0.00405521 0.0050647 0.00602623 0.00691692 0.00772489 0.00844611 0.00908185 0.0096367
 0.000530656 0.00119633 0.00205827 0.00303499 0.00405521 0.0050647 0.00602623 0.00691692 0.00772489 0.00844611 0.00908185 0.0096367
 0.000530656 0.00119633 0.00205827 0.00303499 0.00405521 0.0050647 0.00602623 0.00691692 0.00772489 0.00844611 0.00908185 0.0096367
 0.000530656 0.00119633 0.00205827 0.00303499 0.00405521 0.0050647 0.00602623 0.00691692 0.00772489 0.00844611 0.00908185 0.0096367
 0.000530656 0.00119633 0.00205827 0.00303499 0.00405521 0.0050647 0.00602623 0.00691692 0.00772489 0.00844611 0.00908185 0.0096367
# nyrs_ind_age
 30
# yrs_ind_age
 1 2 3 4 5 6 7 8 9 10 11 12 13 14 15 16 17 18 19 20 21 22 23 24 25 26 27 28 29 30
# n_sample_ind_age
 200 200 200 200 200 200 200 200 200 200 200 200 200 200 200 200 200 200 200 200 200 200 200 200 200 200 200 200 200 200
# oac_ind
 0.06 0.14 0.14 0.12 0.11 0.09 0.06 0.035 0.05 0.04 0.015 0.14
 0.07 0.145 0.165 0.19 0.085 0.07 0.065 0.025 0.03 0.015 0.015 0.125
 0.085 0.145 0.155 0.155 0.115 0.055 0.05 0.035 0.05 0.03 0.025 0.1
 0.03 0.2 0.205 0.075 0.09 0.08 0.07 0.045 0.055 0.04 0.015 0.095
 0.1 0.15 0.12 0.13 0.075 0.085 0.095 0.04 0.035 0.05 0.025 0.095
 0.14 0.165 0.1 0.14 0.11 0.045 0.05 0.05 0.035 0.055 0.02 0.09
 0.075 0.18 0.2 0.065 0.07 0.1 0.07 0.05 0.045 0.015 0.02 0.11
 0.075 0.11 0.22 0.155 0.075 0.06 0.09 0.035 0.04 0.055 0.02 0.065
 0.06 0.165 0.13 0.18 0.12 0.07 0.065 0.05 0.025 0.045 0.01 0.08
 0.04 0.155 0.185 0.165 0.11 0.115 0.03 0.05 0.03 0.04 0.025 0.055
 0.11 0.175 0.17 0.185 0.105 0.08 0.06 0 0.015 0.02 0.02 0.06
 0.08 0.18 0.135 0.175 0.105 0.075 0.085 0.04 0.04 0.01 0.015 0.06
 0.075 0.145 0.205 0.145 0.08 0.095 0.045 0.065 0.055 0.02 0.02 0.05
 0.08 0.135 0.14 0.16 0.13 0.065 0.075 0.06 0.075 0.035 0.01 0.035
 0.09 0.19 0.13 0.145 0.125 0.1 0.07 0.035 0.025 0.015 0.01 0.065
 0.105 0.2 0.195 0.105 0.1 0.1 0.055 0.015 0.025 0.02 0.025 0.055
 0.1 0.155 0.16 0.17 0.13 0.055 0.07 0.035 0.025 0.03 0 0.07
 0.055 0.21 0.21 0.145 0.165 0.06 0.04 0.03 0.015 0.025 0.005 0.04
 0.085 0.19 0.23 0.185 0.11 0.06 0.035 0.015 0.035 0.02 0.01 0.025
 0.05 0.205 0.14 0.225 0.105 0.065 0.065 0.045 0.04 0.02 0.005 0.035
 0.12 0.13 0.26 0.14 0.125 0.065 0.055 0.04 0.015 0.015 0.015 0.02
 0.15 0.24 0.185 0.11 0.04 0.1 0.05 0.04 0.01 0.015 0.02 0.04
 0.105 0.28 0.22 0.13 0.1 0.03 0.045 0.035 0.01 0.005 0.005 0.035
 0.11 0.195 0.265 0.16 0.1 0.075 0.035 0.035 0.01 0.005 0 0.01
 0.105 0.25 0.21 0.175 0.14 0.015 0.055 0 0.015 0.02 0.01 0.005
 0.1 0.275 0.21 0.125 0.09 0.075 0.035 0.045 0 0.015 0.01 0.02
 0.13 0.23 0.265 0.135 0.08 0.08 0.035 0.025 0.015 0 0 0.005
 0.15 0.24 0.22 0.135 0.1 0.05 0.025 0.03 0.015 0.005 0 0.03
 0.165 0.285 0.17 0.135 0.135 0.035 0.015 0.02 0.02 0.005 0.005 0.01
 0.1 0.315 0.225 0.155 0.075 0.06 0.02 0 0.015 0.025 0 0.01
# olc_ind

# obs_lse_ind
 0.198042 0.198042 0.198042 0.198042 0.198042 0.198042 0.198042 0.198042 0.198042 0.198042 0.198042 0.198042 0.198042 0.198042 0.198042 0.198042 0.198042 0.198042 0.198042 0.198042 0.198042 0.198042 0.198042 0.198042 0.198042 0.198042 0.198042 0.198042 0.198042 0.198042
# xages_fsh
 0 0 0 0 0 0 0 0 0 0 0 0
# xages_fsh
 0 0.0909091 0.181818 0.272727 0.363636 0.454545 0.545455 0.636364 0.727273 0.818182 0.909091 1
# xnodes_fsh

Yrs fsh_sel change:  1 0 0 0 0 0 0 0 0 0 0 0 0 0 0 0 0 0 0 0 0 0 0 0 0 0 0 0 0
Yrs ind_sel change:  1 0 0 0 0 0 0 0 0 0 0 0 0 0 0 0 0 0 0 0 0 0 0 0 0 0 0 0 0
# steepnessprior
0.75
# sigmarprior
0.2
#  SSB estimated in styr endyr: -12 28 
#  Rec estimated in styr endyr: -10 30 
#  SR Curve fit  in styr endyr: 1 30 
#             Model styr endyr: 1 30 
# qprior
 3.48998e-007
# q_power_prior 
 1 
# cv_catchbiomass 
0.05 
# CatchbiomassPen 
200 
# Number of projection years 
5 
# offset_fsh
 13490.3
# offset_ind
 13145.9
Mean Catch
1274.26
R_guess 
13.8155
# nfsh
1
# n_sel_ch_fsh
 1
# nselages_fsh
 11
# phase_selcoff_fsh
 -1
logRzero 13.8155
logmeanrec 13.8155
exp(log_sigmarprior 0.2
Fish sel phase: -1 OM1
Fixing fishery sel to
1
Fixing fishery sel to
1
Srvy sel phase: -1
Fixing survey_index1 indices sel to
1
Fixing index sel to
1
# logsel_slp_in_indv
 0.693147
Leaving parameter init secton
# M
 0.2 0.2 0.2 0.2 0.2 0.2 0.2 0.2 0.2 0.2 0.2 0.2
 0.2 0.2 0.2 0.2 0.2 0.2 0.2 0.2 0.2 0.2 0.2 0.2
 0.2 0.2 0.2 0.2 0.2 0.2 0.2 0.2 0.2 0.2 0.2 0.2
 0.2 0.2 0.2 0.2 0.2 0.2 0.2 0.2 0.2 0.2 0.2 0.2
 0.2 0.2 0.2 0.2 0.2 0.2 0.2 0.2 0.2 0.2 0.2 0.2
 0.2 0.2 0.2 0.2 0.2 0.2 0.2 0.2 0.2 0.2 0.2 0.2
 0.2 0.2 0.2 0.2 0.2 0.2 0.2 0.2 0.2 0.2 0.2 0.2
 0.2 0.2 0.2 0.2 0.2 0.2 0.2 0.2 0.2 0.2 0.2 0.2
 0.2 0.2 0.2 0.2 0.2 0.2 0.2 0.2 0.2 0.2 0.2 0.2
 0.2 0.2 0.2 0.2 0.2 0.2 0.2 0.2 0.2 0.2 0.2 0.2
 0.2 0.2 0.2 0.2 0.2 0.2 0.2 0.2 0.2 0.2 0.2 0.2
 0.2 0.2 0.2 0.2 0.2 0.2 0.2 0.2 0.2 0.2 0.2 0.2
 0.2 0.2 0.2 0.2 0.2 0.2 0.2 0.2 0.2 0.2 0.2 0.2
 0.2 0.2 0.2 0.2 0.2 0.2 0.2 0.2 0.2 0.2 0.2 0.2
 0.2 0.2 0.2 0.2 0.2 0.2 0.2 0.2 0.2 0.2 0.2 0.2
 0.2 0.2 0.2 0.2 0.2 0.2 0.2 0.2 0.2 0.2 0.2 0.2
 0.2 0.2 0.2 0.2 0.2 0.2 0.2 0.2 0.2 0.2 0.2 0.2
 0.2 0.2 0.2 0.2 0.2 0.2 0.2 0.2 0.2 0.2 0.2 0.2
 0.2 0.2 0.2 0.2 0.2 0.2 0.2 0.2 0.2 0.2 0.2 0.2
 0.2 0.2 0.2 0.2 0.2 0.2 0.2 0.2 0.2 0.2 0.2 0.2
 0.2 0.2 0.2 0.2 0.2 0.2 0.2 0.2 0.2 0.2 0.2 0.2
 0.2 0.2 0.2 0.2 0.2 0.2 0.2 0.2 0.2 0.2 0.2 0.2
 0.2 0.2 0.2 0.2 0.2 0.2 0.2 0.2 0.2 0.2 0.2 0.2
 0.2 0.2 0.2 0.2 0.2 0.2 0.2 0.2 0.2 0.2 0.2 0.2
 0.2 0.2 0.2 0.2 0.2 0.2 0.2 0.2 0.2 0.2 0.2 0.2
 0.2 0.2 0.2 0.2 0.2 0.2 0.2 0.2 0.2 0.2 0.2 0.2
 0.2 0.2 0.2 0.2 0.2 0.2 0.2 0.2 0.2 0.2 0.2 0.2
 0.2 0.2 0.2 0.2 0.2 0.2 0.2 0.2 0.2 0.2 0.2 0.2
 0.2 0.2 0.2 0.2 0.2 0.2 0.2 0.2 0.2 0.2 0.2 0.2
 0.2 0.2 0.2 0.2 0.2 0.2 0.2 0.2 0.2 0.2 0.2 0.2
# mean_log_rec
13.7248
# log_Rzero
13.7951
# rec_dev
 -0.0890353 -0.0632207 -0.084185 -0.118543 -0.0466021 -0.0186647 0.0320941 0.0788439 -0.0330333 0.236193 0.127149 0.0520291 0.305505 0.0805424 -0.203202 0.430886 0.408848 0.08801 0.224523 0.0686966 0.142405 0.198796 -0.073453 -0.131944 0.0653853 -0.0475405 0.0953856 0.112511 -0.287835 -0.101542 -0.419317 0.100876 0.0142908 -0.322783 -0.322937 -0.159761 -0.435599 -0.314989 -0.0794764 -0.0627692 -0.338354
# fmort
 0.0094575 0.027859 0.0456787 0.0621524 0.0495292 0.0891415 0.090425 0.188556 0.108664 0.132672 0.14816 0.159114 0.113389 0.16603 0.178249 0.158354 0.315097 0.258891 0.257745 0.251922 0.348894 0.252726 0.415979 0.344078 0.337825 0.308985 0.309118 0.424275 0.323236 0.489858
# rec_dev_future
 0 0 0 0 0
