AMAK;August_2013
# styr
1
# endyr
30
# rec_age
1
# oldest_age
12
# nlength
81
# len_bins
 10 11 12 13 14 15 16 17 18 19 20 21 22 23 24 25 26 27 28 29 30 31 32 33 34 35 36 37 38 39 40 41 42 43 44 45 46 47 48 49 50 51 52 53 54 55 56 57 58 59 60 61 62 63 64 65 66 67 68 69 70 71 72 73 74 75 76 77 78 79 80 81 82 83 84 85 86 87 88 89 90
# datafile_name
amak_data.dat
# model_name
OM_1
# styr
1
# endyr
30
# rec_age
1
# oldest_age
12
# nfsh
1
# fshname
OM1
# catch_bio_in
 161.166 471.427 758.938 998.233 765.583 1323.5 1282.32 2492.91 1325.46 1523.81 1629.5 1598.04 1094.9 1528.81 1508.24 1280.59 2273.6 1618.72 1468.75 1315.75 1633.08 1084.06 1615.1 1204.12 1135.37 974.043 920.985 1218.9 874.162 1281.62
# catch_bio_sd_in
 0.01 0.01 0.01 0.01 0.01 0.01 0.01 0.01 0.01 0.01 0.01 0.01 0.01 0.01 0.01 0.01 0.01 0.01 0.01 0.01 0.01 0.01 0.01 0.01 0.01 0.01 0.01 0.01 0.01 0.01
# nyrs_fsh_age
 30
# nyrs_fsh_length
 0
# yrs_fsh_age_in
 1 2 3 4 5 6 7 8 9 10 11 12 13 14 15 16 17 18 19 20 21 22 23 24 25 26 27 28 29 30
# yrs_fsh_length_in

# n_sample_fsh_length_in

# olc_fsh_in

# nind
1
# indname
survey_index1
# nyrs_ind
 30
# yrs_ind_in
 1 2 3 4 5 6 7 8 9 10 11 12 13 14 15 16 17 18 19 20 21 22 23 24 25 26 27 28 29 30
# mo_ind
 1
# obs_ind_in
 1.492 1.50324 1.53472 1.4223 1.36969 1.30399 1.29765 1.41932 1.12575 1.27391 1.27958 1.10545 1.2256 1.19392 1.24487 0.876881 0.838306 0.916411 0.895968 0.757542 0.763973 0.690724 0.816235 0.555792 0.612437 0.565785 0.621117 0.584519 0.466923 0.666662
# obs_se_ind_in
 0.2984 0.300647 0.306944 0.28446 0.273939 0.260798 0.259531 0.283865 0.22515 0.254782 0.255916 0.221091 0.245119 0.238785 0.248975 0.175376 0.167661 0.183282 0.179194 0.151508 0.152795 0.138145 0.163247 0.111158 0.122487 0.113157 0.124223 0.116904 0.0933846 0.133332
# nyrs_ind_age
 30
# nyrs_ind_length
 0
# yrs_ind_age_in
 1 2 3 4 5 6 7 8 9 10 11 12 13 14 15 16 17 18 19 20 21 22 23 24 25 26 27 28 29 30
# yrs_ind_length_in

# yrs_ind_age_in
 1 2 3 4 5 6 7 8 9 10 11 12 13 14 15 16 17 18 19 20 21 22 23 24 25 26 27 28 29 30
# n_sample_ind_length_in

# olc_ind_in

# oac_ind_in
 0.065 0.13 0.155 0.08 0.06 0.08 0.07 0.05 0.04 0.06 0.045 0.165
 0.11 0.165 0.115 0.135 0.075 0.07 0.055 0.04 0.05 0.045 0.045 0.095
 0.065 0.205 0.11 0.12 0.105 0.06 0.045 0.075 0.05 0.035 0.015 0.115
 0.045 0.125 0.19 0.125 0.13 0.065 0.055 0.065 0.04 0.035 0.025 0.1
 0.1 0.1 0.15 0.18 0.095 0.1 0.045 0.045 0.05 0.035 0.01 0.09
 0.075 0.145 0.18 0.17 0.075 0.08 0.07 0.055 0.045 0.01 0.02 0.075
 0.06 0.175 0.235 0.13 0.075 0.06 0.03 0.025 0.045 0.03 0.01 0.125
 0.105 0.105 0.195 0.145 0.095 0.055 0.095 0.02 0.035 0.025 0.005 0.12
 0.075 0.155 0.18 0.12 0.155 0.03 0.05 0.035 0.025 0.02 0.025 0.13
 0.055 0.095 0.28 0.125 0.125 0.08 0.03 0.04 0.055 0.015 0.015 0.085
 0.05 0.195 0.155 0.175 0.1 0.085 0.125 0.03 0.015 0.015 0.02 0.035
 0.095 0.165 0.19 0.095 0.085 0.08 0.075 0.045 0.04 0.03 0.035 0.065
 0.105 0.165 0.185 0.12 0.075 0.065 0.035 0.025 0.08 0.025 0.01 0.11
 0.095 0.165 0.185 0.145 0.115 0.05 0.07 0.01 0.075 0.015 0.01 0.065
 0.1 0.19 0.165 0.085 0.105 0.06 0.055 0.055 0.045 0.02 0.03 0.09
 0.11 0.155 0.19 0.12 0.145 0.08 0.07 0.03 0.015 0.02 0.015 0.05
 0.11 0.205 0.135 0.125 0.13 0.045 0.075 0.05 0.015 0.015 0.025 0.07
 0.13 0.205 0.18 0.135 0.11 0.05 0.02 0.055 0.035 0.015 0.01 0.055
 0.11 0.12 0.285 0.185 0.06 0.06 0.04 0.02 0.055 0.025 0.02 0.02
 0.075 0.17 0.21 0.22 0.12 0.07 0.045 0.025 0.005 0.02 0.005 0.035
 0.14 0.17 0.22 0.11 0.095 0.08 0.045 0.04 0.03 0.01 0.015 0.045
 0.135 0.24 0.195 0.16 0.07 0.065 0.045 0.035 0.01 0.02 0.005 0.02
 0.07 0.245 0.21 0.125 0.105 0.07 0.065 0.03 0.025 0.01 0.01 0.035
 0.065 0.19 0.26 0.23 0.08 0.055 0.045 0.015 0.02 0.01 0.015 0.015
 0.15 0.225 0.195 0.19 0.11 0.055 0.03 0.01 0.005 0.01 0 0.02
 0.095 0.27 0.24 0.16 0.09 0.055 0.04 0.015 0 0.005 0.015 0.015
 0.115 0.23 0.295 0.12 0.105 0.07 0.05 0.005 0 0 0 0.01
 0.17 0.195 0.19 0.195 0.08 0.055 0.065 0.03 0 0 0 0.02
 0.155 0.275 0.245 0.14 0.065 0.015 0.04 0.02 0.01 0.015 0.01 0.01
 0.125 0.285 0.29 0.105 0.085 0.05 0.045 0 0.005 0.01 0 0
# wt_ind
 1 1 1 1 1 1 1 1 1 1 1 1
 1 1 1 1 1 1 1 1 1 1 1 1
 1 1 1 1 1 1 1 1 1 1 1 1
 1 1 1 1 1 1 1 1 1 1 1 1
 1 1 1 1 1 1 1 1 1 1 1 1
 1 1 1 1 1 1 1 1 1 1 1 1
 1 1 1 1 1 1 1 1 1 1 1 1
 1 1 1 1 1 1 1 1 1 1 1 1
 1 1 1 1 1 1 1 1 1 1 1 1
 1 1 1 1 1 1 1 1 1 1 1 1
 1 1 1 1 1 1 1 1 1 1 1 1
 1 1 1 1 1 1 1 1 1 1 1 1
 1 1 1 1 1 1 1 1 1 1 1 1
 1 1 1 1 1 1 1 1 1 1 1 1
 1 1 1 1 1 1 1 1 1 1 1 1
 1 1 1 1 1 1 1 1 1 1 1 1
 1 1 1 1 1 1 1 1 1 1 1 1
 1 1 1 1 1 1 1 1 1 1 1 1
 1 1 1 1 1 1 1 1 1 1 1 1
 1 1 1 1 1 1 1 1 1 1 1 1
 1 1 1 1 1 1 1 1 1 1 1 1
 1 1 1 1 1 1 1 1 1 1 1 1
 1 1 1 1 1 1 1 1 1 1 1 1
 1 1 1 1 1 1 1 1 1 1 1 1
 1 1 1 1 1 1 1 1 1 1 1 1
 1 1 1 1 1 1 1 1 1 1 1 1
 1 1 1 1 1 1 1 1 1 1 1 1
 1 1 1 1 1 1 1 1 1 1 1 1
 1 1 1 1 1 1 1 1 1 1 1 1
 1 1 1 1 1 1 1 1 1 1 1 1
# wt_pop
 0.000530656 0.00119633 0.00205827 0.00303499 0.00405521 0.0050647 0.00602623 0.00691692 0.00772489 0.00844611 0.00908185 0.0096367
# maturity
 0.0229774 0.320821 0.904651 0.99478 0.999739 0.999987 0.999999 1 1 1 1 1
# spawnmo
1
# age_err
 1 0 0 0 0 0 0 0 0 0 0 0
 0 1 0 0 0 0 0 0 0 0 0 0
 0 0 1 0 0 0 0 0 0 0 0 0
 0 0 0 1 0 0 0 0 0 0 0 0
 0 0 0 0 1 0 0 0 0 0 0 0
 0 0 0 0 0 1 0 0 0 0 0 0
 0 0 0 0 0 0 1 0 0 0 0 0
 0 0 0 0 0 0 0 1 0 0 0 0
 0 0 0 0 0 0 0 0 1 0 0 0
 0 0 0 0 0 0 0 0 0 1 0 0
 0 0 0 0 0 0 0 0 0 0 1 0
 0 0 0 0 0 0 0 0 0 0 0 1
# cntrlfile_name
C:\Users\bai.li\Desktop\s1_test\AMAK\s88\amak.dat
# Map shared selectivity: 
# sel_map
 1 2
 1 1
# datafile_name
amak_data.dat
# model_name
OM_1
# SrType
2
# use_age_err
0
# retro
0
# sigmarprior
0.2
# cvsigmarprior
0.25
# phase_sigmar
-3
# styr_rec_est
1
# endyr_rec_est
30
# Linfprior
80
# cvLinfprior
0.25
# kprior
0.18
# cvkprior
0.25
# Loprior
27.688
# cvLoprior
0.25
# sdageprior
0.1
# cvsdageprior
0.25
# natmortprior
0.2
# cvnatmortprior
0.25
# phase_M
-4
# npars_Mage
0
# ages_M_changes

# Mage_in

# phase_Mage
-5
# phase_rw_M
0
# npars_rw_M
0
# yrs_rw_M

# sigma_rw_M

# qprior
 3.48998e-007
# cvqprior
 1
# phase_q
 1
# q_power_prior
 1
# cvq_power_prior
 0.2
# phase_q_power
 -4
# phase_rw_q
 -1
# npars_rw_q
 0
# yrs_rw_q

# sigma_rw_q

# q_age_min
 1
# q_age_max
 12
# q_age_min
 1
# q_age_max
 12
# fsh_sel_opt(k)
2
# phase_sel_fsh(k)
-2
# n_sel_ch_fsh(k)
1
# sel_slp_in_fsh(k)(1,n_sel_ch_fsh(k))
 1
# sel_inf_in_fsh(k)(1,n_sel_ch_fsh(k))
 2
# logsel_slp_in_fsh(k)(1,n_sel_ch_fsh(k))
 0
# yrs_sel_ch_fsh(k)(1,n_sel_ch_fsh(k))
 1

Survey survey_index1
# ind_sel_opt(k)
2
# indname(k)
survey_index1
# nselages_in_ind(k)
11
# phase_sel_ind(k)
-2
# sel_change_in_ind(k)
 1 0 0 0 0 0 0 0 0 0 0 0 0 0 0 0 0 0 0 0 0 0 0 0 0 0 0 0 0 0
# n_sel_ch_ind(k)
1
# yrs_sel_ch_ind(k)(1,n_sel_ch_ind(k))
 1
# sel_slp_in_ind(k,1)
2
# sel_inf_in_ind(k,1)
1.5
# logsel_slp_in_ind(k,1)
0.693147
# logsel_slp_in_indv(k)
0.693147
survey_index1 ind sel opt 2  1 0 0 0 0 0 0 0 0 0 0 0 0 0 0 0 0 0 0 0 0 0 0 0 0 0 0 0 0 0
Phase indices Sel_Coffs:  -1
 Test: 1.23457e+008
# Fshry Selages:  11
# Srvy  Selages:  11
# Phase for age-spec fishery  -1
# Phase for logistic fishery  -2
# Phase for dble logistic fishery  -1
# Phase for age-spec indices   -1
# Phase for logistic indices   -2
# Phase for dble logistic ind  -1
# Curv_pen_fsh: 
 0
# Curv_pen_ind: 
 0
# styr_fut
31
# endyr_fut
35
# nyrs_fsh_age
 30
# nyrs_fsh_age
 30
# yrs_fsh_age
 1 2 3 4 5 6 7 8 9 10 11 12 13 14 15 16 17 18 19 20 21 22 23 24 25 26 27 28 29 30
# n_sample_fsh_age
 200 200 200 200 200 200 200 200 200 200 200 200 200 200 200 200 200 200 200 200 200 200 200 200 200 200 200 200 200 200
# oac_fsh
 0.09 0.125 0.15 0.15 0.1 0.07 0.06 0.055 0.02 0.015 0.015 0.15
 0.085 0.075 0.115 0.12 0.135 0.1 0.075 0.06 0.015 0.045 0.035 0.14
 0.075 0.14 0.13 0.115 0.14 0.055 0.06 0.045 0.02 0.015 0.03 0.175
 0.06 0.11 0.15 0.11 0.09 0.12 0.09 0.07 0.02 0.045 0.015 0.12
 0.14 0.105 0.13 0.115 0.07 0.1 0.075 0.045 0.05 0.05 0.035 0.085
 0.085 0.165 0.08 0.115 0.125 0.075 0.07 0.06 0.045 0.025 0.025 0.13
 0.09 0.145 0.13 0.13 0.105 0.06 0.065 0.055 0.03 0.03 0.035 0.125
 0.05 0.07 0.21 0.16 0.09 0.055 0.085 0.065 0.035 0.04 0.02 0.12
 0.08 0.13 0.13 0.13 0.12 0.035 0.06 0.065 0.06 0.03 0.025 0.135
 0.12 0.09 0.105 0.165 0.135 0.115 0.03 0.03 0.05 0.02 0.03 0.11
 0.095 0.12 0.125 0.17 0.09 0.135 0.075 0.025 0.025 0.045 0.01 0.085
 0.115 0.14 0.195 0.095 0.115 0.065 0.065 0.06 0.04 0.01 0.025 0.075
 0.1 0.14 0.135 0.115 0.13 0.11 0.06 0.045 0.04 0.01 0.035 0.08
 0.09 0.125 0.14 0.175 0.13 0.065 0.065 0.06 0.03 0.035 0.025 0.06
 0.1 0.115 0.145 0.15 0.13 0.055 0.09 0.06 0.02 0.025 0.03 0.08
 0.12 0.165 0.15 0.145 0.105 0.08 0.06 0.045 0.02 0.015 0.01 0.085
 0.19 0.15 0.125 0.16 0.065 0.055 0.095 0.05 0.035 0.025 0.02 0.03
 0.075 0.2 0.21 0.095 0.13 0.07 0.045 0.055 0.03 0.015 0.03 0.045
 0.1 0.135 0.19 0.16 0.145 0.065 0.035 0.04 0.035 0.045 0.01 0.04
 0.11 0.185 0.155 0.195 0.13 0.065 0.045 0.025 0.005 0.025 0.01 0.05
 0.155 0.17 0.135 0.165 0.13 0.075 0.05 0.03 0.02 0.03 0.01 0.03
 0.175 0.275 0.115 0.135 0.07 0.095 0.03 0.045 0.03 0.02 0 0.01
 0.145 0.25 0.24 0.12 0.105 0.06 0.02 0.01 0.01 0.015 0.005 0.02
 0.1 0.21 0.225 0.175 0.08 0.04 0.055 0.025 0.025 0.01 0.01 0.045
 0.185 0.165 0.2 0.19 0.125 0.025 0.04 0.005 0.015 0.015 0.01 0.025
 0.115 0.255 0.16 0.14 0.145 0.11 0.03 0.015 0 0.01 0.005 0.015
 0.155 0.17 0.315 0.13 0.1 0.06 0.03 0.02 0.005 0.005 0.005 0.005
 0.195 0.135 0.21 0.15 0.105 0.075 0.065 0.025 0.015 0.005 0.01 0.01
 0.22 0.255 0.185 0.145 0.1 0.02 0.03 0.03 0 0 0.005 0.01
 0.175 0.255 0.23 0.11 0.075 0.075 0.01 0.03 0.015 0.01 0.015 0
# olc_fsh

# wt_fsh
 0.000530656 0.00119633 0.00205827 0.00303499 0.00405521 0.0050647 0.00602623 0.00691692 0.00772489 0.00844611 0.00908185 0.0096367
 0.000530656 0.00119633 0.00205827 0.00303499 0.00405521 0.0050647 0.00602623 0.00691692 0.00772489 0.00844611 0.00908185 0.0096367
 0.000530656 0.00119633 0.00205827 0.00303499 0.00405521 0.0050647 0.00602623 0.00691692 0.00772489 0.00844611 0.00908185 0.0096367
 0.000530656 0.00119633 0.00205827 0.00303499 0.00405521 0.0050647 0.00602623 0.00691692 0.00772489 0.00844611 0.00908185 0.0096367
 0.000530656 0.00119633 0.00205827 0.00303499 0.00405521 0.0050647 0.00602623 0.00691692 0.00772489 0.00844611 0.00908185 0.0096367
 0.000530656 0.00119633 0.00205827 0.00303499 0.00405521 0.0050647 0.00602623 0.00691692 0.00772489 0.00844611 0.00908185 0.0096367
 0.000530656 0.00119633 0.00205827 0.00303499 0.00405521 0.0050647 0.00602623 0.00691692 0.00772489 0.00844611 0.00908185 0.0096367
 0.000530656 0.00119633 0.00205827 0.00303499 0.00405521 0.0050647 0.00602623 0.00691692 0.00772489 0.00844611 0.00908185 0.0096367
 0.000530656 0.00119633 0.00205827 0.00303499 0.00405521 0.0050647 0.00602623 0.00691692 0.00772489 0.00844611 0.00908185 0.0096367
 0.000530656 0.00119633 0.00205827 0.00303499 0.00405521 0.0050647 0.00602623 0.00691692 0.00772489 0.00844611 0.00908185 0.0096367
 0.000530656 0.00119633 0.00205827 0.00303499 0.00405521 0.0050647 0.00602623 0.00691692 0.00772489 0.00844611 0.00908185 0.0096367
 0.000530656 0.00119633 0.00205827 0.00303499 0.00405521 0.0050647 0.00602623 0.00691692 0.00772489 0.00844611 0.00908185 0.0096367
 0.000530656 0.00119633 0.00205827 0.00303499 0.00405521 0.0050647 0.00602623 0.00691692 0.00772489 0.00844611 0.00908185 0.0096367
 0.000530656 0.00119633 0.00205827 0.00303499 0.00405521 0.0050647 0.00602623 0.00691692 0.00772489 0.00844611 0.00908185 0.0096367
 0.000530656 0.00119633 0.00205827 0.00303499 0.00405521 0.0050647 0.00602623 0.00691692 0.00772489 0.00844611 0.00908185 0.0096367
 0.000530656 0.00119633 0.00205827 0.00303499 0.00405521 0.0050647 0.00602623 0.00691692 0.00772489 0.00844611 0.00908185 0.0096367
 0.000530656 0.00119633 0.00205827 0.00303499 0.00405521 0.0050647 0.00602623 0.00691692 0.00772489 0.00844611 0.00908185 0.0096367
 0.000530656 0.00119633 0.00205827 0.00303499 0.00405521 0.0050647 0.00602623 0.00691692 0.00772489 0.00844611 0.00908185 0.0096367
 0.000530656 0.00119633 0.00205827 0.00303499 0.00405521 0.0050647 0.00602623 0.00691692 0.00772489 0.00844611 0.00908185 0.0096367
 0.000530656 0.00119633 0.00205827 0.00303499 0.00405521 0.0050647 0.00602623 0.00691692 0.00772489 0.00844611 0.00908185 0.0096367
 0.000530656 0.00119633 0.00205827 0.00303499 0.00405521 0.0050647 0.00602623 0.00691692 0.00772489 0.00844611 0.00908185 0.0096367
 0.000530656 0.00119633 0.00205827 0.00303499 0.00405521 0.0050647 0.00602623 0.00691692 0.00772489 0.00844611 0.00908185 0.0096367
 0.000530656 0.00119633 0.00205827 0.00303499 0.00405521 0.0050647 0.00602623 0.00691692 0.00772489 0.00844611 0.00908185 0.0096367
 0.000530656 0.00119633 0.00205827 0.00303499 0.00405521 0.0050647 0.00602623 0.00691692 0.00772489 0.00844611 0.00908185 0.0096367
 0.000530656 0.00119633 0.00205827 0.00303499 0.00405521 0.0050647 0.00602623 0.00691692 0.00772489 0.00844611 0.00908185 0.0096367
 0.000530656 0.00119633 0.00205827 0.00303499 0.00405521 0.0050647 0.00602623 0.00691692 0.00772489 0.00844611 0.00908185 0.0096367
 0.000530656 0.00119633 0.00205827 0.00303499 0.00405521 0.0050647 0.00602623 0.00691692 0.00772489 0.00844611 0.00908185 0.0096367
 0.000530656 0.00119633 0.00205827 0.00303499 0.00405521 0.0050647 0.00602623 0.00691692 0.00772489 0.00844611 0.00908185 0.0096367
 0.000530656 0.00119633 0.00205827 0.00303499 0.00405521 0.0050647 0.00602623 0.00691692 0.00772489 0.00844611 0.00908185 0.0096367
 0.000530656 0.00119633 0.00205827 0.00303499 0.00405521 0.0050647 0.00602623 0.00691692 0.00772489 0.00844611 0.00908185 0.0096367
# nyrs_ind_age
 30
# yrs_ind_age
 1 2 3 4 5 6 7 8 9 10 11 12 13 14 15 16 17 18 19 20 21 22 23 24 25 26 27 28 29 30
# n_sample_ind_age
 200 200 200 200 200 200 200 200 200 200 200 200 200 200 200 200 200 200 200 200 200 200 200 200 200 200 200 200 200 200
# oac_ind
 0.065 0.13 0.155 0.08 0.06 0.08 0.07 0.05 0.04 0.06 0.045 0.165
 0.11 0.165 0.115 0.135 0.075 0.07 0.055 0.04 0.05 0.045 0.045 0.095
 0.065 0.205 0.11 0.12 0.105 0.06 0.045 0.075 0.05 0.035 0.015 0.115
 0.045 0.125 0.19 0.125 0.13 0.065 0.055 0.065 0.04 0.035 0.025 0.1
 0.1 0.1 0.15 0.18 0.095 0.1 0.045 0.045 0.05 0.035 0.01 0.09
 0.075 0.145 0.18 0.17 0.075 0.08 0.07 0.055 0.045 0.01 0.02 0.075
 0.06 0.175 0.235 0.13 0.075 0.06 0.03 0.025 0.045 0.03 0.01 0.125
 0.105 0.105 0.195 0.145 0.095 0.055 0.095 0.02 0.035 0.025 0.005 0.12
 0.075 0.155 0.18 0.12 0.155 0.03 0.05 0.035 0.025 0.02 0.025 0.13
 0.055 0.095 0.28 0.125 0.125 0.08 0.03 0.04 0.055 0.015 0.015 0.085
 0.05 0.195 0.155 0.175 0.1 0.085 0.125 0.03 0.015 0.015 0.02 0.035
 0.095 0.165 0.19 0.095 0.085 0.08 0.075 0.045 0.04 0.03 0.035 0.065
 0.105 0.165 0.185 0.12 0.075 0.065 0.035 0.025 0.08 0.025 0.01 0.11
 0.095 0.165 0.185 0.145 0.115 0.05 0.07 0.01 0.075 0.015 0.01 0.065
 0.1 0.19 0.165 0.085 0.105 0.06 0.055 0.055 0.045 0.02 0.03 0.09
 0.11 0.155 0.19 0.12 0.145 0.08 0.07 0.03 0.015 0.02 0.015 0.05
 0.11 0.205 0.135 0.125 0.13 0.045 0.075 0.05 0.015 0.015 0.025 0.07
 0.13 0.205 0.18 0.135 0.11 0.05 0.02 0.055 0.035 0.015 0.01 0.055
 0.11 0.12 0.285 0.185 0.06 0.06 0.04 0.02 0.055 0.025 0.02 0.02
 0.075 0.17 0.21 0.22 0.12 0.07 0.045 0.025 0.005 0.02 0.005 0.035
 0.14 0.17 0.22 0.11 0.095 0.08 0.045 0.04 0.03 0.01 0.015 0.045
 0.135 0.24 0.195 0.16 0.07 0.065 0.045 0.035 0.01 0.02 0.005 0.02
 0.07 0.245 0.21 0.125 0.105 0.07 0.065 0.03 0.025 0.01 0.01 0.035
 0.065 0.19 0.26 0.23 0.08 0.055 0.045 0.015 0.02 0.01 0.015 0.015
 0.15 0.225 0.195 0.19 0.11 0.055 0.03 0.01 0.005 0.01 0 0.02
 0.095 0.27 0.24 0.16 0.09 0.055 0.04 0.015 0 0.005 0.015 0.015
 0.115 0.23 0.295 0.12 0.105 0.07 0.05 0.005 0 0 0 0.01
 0.17 0.195 0.19 0.195 0.08 0.055 0.065 0.03 0 0 0 0.02
 0.155 0.275 0.245 0.14 0.065 0.015 0.04 0.02 0.01 0.015 0.01 0.01
 0.125 0.285 0.29 0.105 0.085 0.05 0.045 0 0.005 0.01 0 0
# olc_ind

# obs_lse_ind
 0.198042 0.198042 0.198042 0.198042 0.198042 0.198042 0.198042 0.198042 0.198042 0.198042 0.198042 0.198042 0.198042 0.198042 0.198042 0.198042 0.198042 0.198042 0.198042 0.198042 0.198042 0.198042 0.198042 0.198042 0.198042 0.198042 0.198042 0.198042 0.198042 0.198042
# xages_fsh
 0 0 0 0 0 0 0 0 0 0 0 0
# xages_fsh
 0 0.0909091 0.181818 0.272727 0.363636 0.454545 0.545455 0.636364 0.727273 0.818182 0.909091 1
# xnodes_fsh

Yrs fsh_sel change:  1 0 0 0 0 0 0 0 0 0 0 0 0 0 0 0 0 0 0 0 0 0 0 0 0 0 0 0 0
Yrs ind_sel change:  1 0 0 0 0 0 0 0 0 0 0 0 0 0 0 0 0 0 0 0 0 0 0 0 0 0 0 0 0
# steepnessprior
0.75
# sigmarprior
0.2
#  SSB estimated in styr endyr: -12 28 
#  Rec estimated in styr endyr: -10 30 
#  SR Curve fit  in styr endyr: 1 30 
#             Model styr endyr: 1 30 
# qprior
 3.48998e-007
# q_power_prior 
 1 
# cv_catchbiomass 
0.05 
# CatchbiomassPen 
200 
# Number of projection years 
5 
# offset_fsh
 13384.5
# offset_ind
 13114.4
Mean Catch
1278.72
R_guess 
13.8155
# nfsh
1
# n_sel_ch_fsh
 1
# nselages_fsh
 11
# phase_selcoff_fsh
 -1
logRzero 13.8155
logmeanrec 13.8155
exp(log_sigmarprior 0.2
Fish sel phase: -1 OM1
Fixing fishery sel to
1
Fixing fishery sel to
1
Srvy sel phase: -1
Fixing survey_index1 indices sel to
1
Fixing index sel to
1
# logsel_slp_in_indv
 0.693147
Leaving parameter init secton
# M
 0.2 0.2 0.2 0.2 0.2 0.2 0.2 0.2 0.2 0.2 0.2 0.2
 0.2 0.2 0.2 0.2 0.2 0.2 0.2 0.2 0.2 0.2 0.2 0.2
 0.2 0.2 0.2 0.2 0.2 0.2 0.2 0.2 0.2 0.2 0.2 0.2
 0.2 0.2 0.2 0.2 0.2 0.2 0.2 0.2 0.2 0.2 0.2 0.2
 0.2 0.2 0.2 0.2 0.2 0.2 0.2 0.2 0.2 0.2 0.2 0.2
 0.2 0.2 0.2 0.2 0.2 0.2 0.2 0.2 0.2 0.2 0.2 0.2
 0.2 0.2 0.2 0.2 0.2 0.2 0.2 0.2 0.2 0.2 0.2 0.2
 0.2 0.2 0.2 0.2 0.2 0.2 0.2 0.2 0.2 0.2 0.2 0.2
 0.2 0.2 0.2 0.2 0.2 0.2 0.2 0.2 0.2 0.2 0.2 0.2
 0.2 0.2 0.2 0.2 0.2 0.2 0.2 0.2 0.2 0.2 0.2 0.2
 0.2 0.2 0.2 0.2 0.2 0.2 0.2 0.2 0.2 0.2 0.2 0.2
 0.2 0.2 0.2 0.2 0.2 0.2 0.2 0.2 0.2 0.2 0.2 0.2
 0.2 0.2 0.2 0.2 0.2 0.2 0.2 0.2 0.2 0.2 0.2 0.2
 0.2 0.2 0.2 0.2 0.2 0.2 0.2 0.2 0.2 0.2 0.2 0.2
 0.2 0.2 0.2 0.2 0.2 0.2 0.2 0.2 0.2 0.2 0.2 0.2
 0.2 0.2 0.2 0.2 0.2 0.2 0.2 0.2 0.2 0.2 0.2 0.2
 0.2 0.2 0.2 0.2 0.2 0.2 0.2 0.2 0.2 0.2 0.2 0.2
 0.2 0.2 0.2 0.2 0.2 0.2 0.2 0.2 0.2 0.2 0.2 0.2
 0.2 0.2 0.2 0.2 0.2 0.2 0.2 0.2 0.2 0.2 0.2 0.2
 0.2 0.2 0.2 0.2 0.2 0.2 0.2 0.2 0.2 0.2 0.2 0.2
 0.2 0.2 0.2 0.2 0.2 0.2 0.2 0.2 0.2 0.2 0.2 0.2
 0.2 0.2 0.2 0.2 0.2 0.2 0.2 0.2 0.2 0.2 0.2 0.2
 0.2 0.2 0.2 0.2 0.2 0.2 0.2 0.2 0.2 0.2 0.2 0.2
 0.2 0.2 0.2 0.2 0.2 0.2 0.2 0.2 0.2 0.2 0.2 0.2
 0.2 0.2 0.2 0.2 0.2 0.2 0.2 0.2 0.2 0.2 0.2 0.2
 0.2 0.2 0.2 0.2 0.2 0.2 0.2 0.2 0.2 0.2 0.2 0.2
 0.2 0.2 0.2 0.2 0.2 0.2 0.2 0.2 0.2 0.2 0.2 0.2
 0.2 0.2 0.2 0.2 0.2 0.2 0.2 0.2 0.2 0.2 0.2 0.2
 0.2 0.2 0.2 0.2 0.2 0.2 0.2 0.2 0.2 0.2 0.2 0.2
 0.2 0.2 0.2 0.2 0.2 0.2 0.2 0.2 0.2 0.2 0.2 0.2
# mean_log_rec
13.7397
# log_Rzero
13.8271
# rec_dev
 -0.027132 -0.0495738 0.075724 -0.0883047 -0.145178 -0.0124521 0.0252526 -5.66711e-005 0.00795925 0.160119 0.0927536 0.0425588 0.32012 0.0778195 -0.0352006 0.427405 0.314559 0.0595133 0.205833 -0.0810168 0.114119 0.125255 -0.0555915 -0.0629729 -0.00602182 -0.0998305 0.0567578 0.126293 -0.261053 -0.207822 -0.331503 0.0499076 0.0207901 -0.236705 -0.420738 -0.0826367 -0.36967 -0.393302 -0.0623514 -0.0595064 -0.195883
# fmort
 0.00934437 0.0275888 0.0453791 0.0617307 0.0488122 0.0872971 0.0882495 0.185548 0.107593 0.130833 0.15031 0.159198 0.1151 0.169406 0.180766 0.163974 0.325913 0.267649 0.267878 0.262972 0.368404 0.26893 0.43503 0.361291 0.36499 0.328802 0.317238 0.445247 0.332756 0.501805
# rec_dev_future
 0 0 0 0 0
