AMAK;August_2013
# styr
1
# endyr
30
# rec_age
1
# oldest_age
12
# nlength
81
# len_bins
 10 11 12 13 14 15 16 17 18 19 20 21 22 23 24 25 26 27 28 29 30 31 32 33 34 35 36 37 38 39 40 41 42 43 44 45 46 47 48 49 50 51 52 53 54 55 56 57 58 59 60 61 62 63 64 65 66 67 68 69 70 71 72 73 74 75 76 77 78 79 80 81 82 83 84 85 86 87 88 89 90
# datafile_name
amak_data.dat
# model_name
OM_1
# styr
1
# endyr
30
# rec_age
1
# oldest_age
12
# nfsh
1
# fshname
OM1
# catch_bio_in
 160.669 468.465 757.246 992.666 762.561 1325.38 1281.32 2456.91 1328.64 1521.28 1617.9 1612.78 1104.86 1526.31 1511.97 1276.08 2260.07 1617.19 1450.13 1314.47 1633.84 1080.71 1628.57 1205.83 1115.33 964.07 926.409 1215.95 872.691 1275.71
# catch_bio_sd_in
 0.01 0.01 0.01 0.01 0.01 0.01 0.01 0.01 0.01 0.01 0.01 0.01 0.01 0.01 0.01 0.01 0.01 0.01 0.01 0.01 0.01 0.01 0.01 0.01 0.01 0.01 0.01 0.01 0.01 0.01
# nyrs_fsh_age
 30
# nyrs_fsh_length
 0
# yrs_fsh_age_in
 1 2 3 4 5 6 7 8 9 10 11 12 13 14 15 16 17 18 19 20 21 22 23 24 25 26 27 28 29 30
# yrs_fsh_length_in

# n_sample_fsh_length_in

# olc_fsh_in

# nind
1
# indname
survey_index1
# nyrs_ind
 30
# yrs_ind_in
 1 2 3 4 5 6 7 8 9 10 11 12 13 14 15 16 17 18 19 20 21 22 23 24 25 26 27 28 29 30
# mo_ind
 1
# obs_ind_in
 1.34637 1.64559 1.68295 1.42178 1.46318 1.37837 1.60431 1.20125 1.18368 1.14478 1.27747 1.1649 1.09613 1.28007 0.957399 1.22671 0.968733 0.982617 0.927691 0.764418 0.640902 0.793666 0.697408 0.592363 0.539407 0.593928 0.550375 0.55643 0.434943 0.499291
# obs_se_ind_in
 0.269275 0.329119 0.33659 0.284357 0.292635 0.275674 0.320863 0.240249 0.236735 0.228956 0.255495 0.232981 0.219227 0.256015 0.19148 0.245342 0.193747 0.196523 0.185538 0.152884 0.12818 0.158733 0.139482 0.118473 0.107881 0.118786 0.110075 0.111286 0.0869885 0.0998582
# nyrs_ind_age
 30
# nyrs_ind_length
 0
# yrs_ind_age_in
 1 2 3 4 5 6 7 8 9 10 11 12 13 14 15 16 17 18 19 20 21 22 23 24 25 26 27 28 29 30
# yrs_ind_length_in

# yrs_ind_age_in
 1 2 3 4 5 6 7 8 9 10 11 12 13 14 15 16 17 18 19 20 21 22 23 24 25 26 27 28 29 30
# n_sample_ind_length_in

# olc_ind_in

# oac_ind_in
 0.065 0.105 0.19 0.125 0.1 0.115 0.06 0.06 0.05 0.025 0.02 0.085
 0.06 0.145 0.145 0.15 0.08 0.065 0.06 0.03 0.03 0.05 0.03 0.155
 0.055 0.12 0.13 0.145 0.08 0.09 0.08 0.06 0.04 0.045 0.015 0.14
 0.025 0.18 0.195 0.115 0.08 0.05 0.05 0.04 0.075 0.03 0.045 0.115
 0.07 0.15 0.1 0.155 0.085 0.08 0.06 0.05 0.035 0.015 0.02 0.18
 0.1 0.205 0.13 0.07 0.12 0.08 0.055 0.04 0.02 0.015 0.025 0.14
 0.05 0.23 0.2 0.09 0.07 0.09 0.075 0.045 0.045 0.02 0.015 0.07
 0.085 0.125 0.18 0.175 0.04 0.055 0.095 0.03 0.03 0.035 0.02 0.13
 0.1 0.175 0.17 0.12 0.1 0.07 0.075 0.05 0.025 0.01 0.01 0.095
 0.075 0.12 0.195 0.115 0.13 0.07 0.03 0.055 0.07 0.03 0.01 0.1
 0.105 0.145 0.16 0.13 0.12 0.115 0.08 0.04 0.045 0.01 0.015 0.035
 0.085 0.175 0.18 0.105 0.14 0.07 0.06 0.065 0.005 0.025 0.03 0.06
 0.12 0.15 0.195 0.105 0.11 0.085 0.065 0.065 0.025 0.01 0.01 0.06
 0.09 0.205 0.165 0.155 0.13 0.055 0.045 0.035 0.025 0.02 0.015 0.06
 0.085 0.205 0.205 0.1 0.125 0.115 0.06 0.035 0.02 0.015 0.015 0.02
 0.105 0.15 0.21 0.11 0.135 0.07 0.045 0.035 0.03 0.02 0.015 0.075
 0.055 0.26 0.185 0.165 0.115 0.065 0.025 0.045 0.025 0.025 0 0.035
 0.075 0.235 0.225 0.15 0.085 0.06 0.07 0.03 0.02 0.015 0.005 0.03
 0.12 0.145 0.215 0.14 0.065 0.105 0.05 0.045 0.035 0.005 0.02 0.055
 0.095 0.205 0.175 0.21 0.11 0.065 0.05 0.03 0.01 0.015 0.01 0.025
 0.11 0.185 0.195 0.135 0.145 0.09 0.03 0.04 0.015 0.02 0.01 0.025
 0.125 0.305 0.17 0.125 0.095 0.07 0.03 0.03 0.015 0 0.005 0.03
 0.09 0.255 0.29 0.095 0.075 0.045 0.045 0.04 0.015 0.02 0.015 0.015
 0.11 0.245 0.335 0.17 0.06 0.04 0.01 0.01 0.015 0.005 0 0
 0.1 0.225 0.23 0.22 0.08 0.035 0.035 0.02 0.015 0.005 0.005 0.03
 0.12 0.245 0.225 0.15 0.135 0.05 0.04 0.01 0.015 0 0.005 0.005
 0.14 0.215 0.245 0.14 0.085 0.085 0.025 0.01 0.025 0.015 0.01 0.005
 0.125 0.205 0.225 0.16 0.125 0.05 0.04 0.05 0.005 0.005 0 0.01
 0.19 0.265 0.21 0.13 0.08 0.035 0.04 0.035 0.01 0 0 0.005
 0.095 0.33 0.225 0.16 0.045 0.065 0.035 0.01 0.015 0.01 0.005 0.005
# wt_ind
 1 1 1 1 1 1 1 1 1 1 1 1
 1 1 1 1 1 1 1 1 1 1 1 1
 1 1 1 1 1 1 1 1 1 1 1 1
 1 1 1 1 1 1 1 1 1 1 1 1
 1 1 1 1 1 1 1 1 1 1 1 1
 1 1 1 1 1 1 1 1 1 1 1 1
 1 1 1 1 1 1 1 1 1 1 1 1
 1 1 1 1 1 1 1 1 1 1 1 1
 1 1 1 1 1 1 1 1 1 1 1 1
 1 1 1 1 1 1 1 1 1 1 1 1
 1 1 1 1 1 1 1 1 1 1 1 1
 1 1 1 1 1 1 1 1 1 1 1 1
 1 1 1 1 1 1 1 1 1 1 1 1
 1 1 1 1 1 1 1 1 1 1 1 1
 1 1 1 1 1 1 1 1 1 1 1 1
 1 1 1 1 1 1 1 1 1 1 1 1
 1 1 1 1 1 1 1 1 1 1 1 1
 1 1 1 1 1 1 1 1 1 1 1 1
 1 1 1 1 1 1 1 1 1 1 1 1
 1 1 1 1 1 1 1 1 1 1 1 1
 1 1 1 1 1 1 1 1 1 1 1 1
 1 1 1 1 1 1 1 1 1 1 1 1
 1 1 1 1 1 1 1 1 1 1 1 1
 1 1 1 1 1 1 1 1 1 1 1 1
 1 1 1 1 1 1 1 1 1 1 1 1
 1 1 1 1 1 1 1 1 1 1 1 1
 1 1 1 1 1 1 1 1 1 1 1 1
 1 1 1 1 1 1 1 1 1 1 1 1
 1 1 1 1 1 1 1 1 1 1 1 1
 1 1 1 1 1 1 1 1 1 1 1 1
# wt_pop
 0.000530656 0.00119633 0.00205827 0.00303499 0.00405521 0.0050647 0.00602623 0.00691692 0.00772489 0.00844611 0.00908185 0.0096367
# maturity
 0.0229774 0.320821 0.904651 0.99478 0.999739 0.999987 0.999999 1 1 1 1 1
# spawnmo
1
# age_err
 1 0 0 0 0 0 0 0 0 0 0 0
 0 1 0 0 0 0 0 0 0 0 0 0
 0 0 1 0 0 0 0 0 0 0 0 0
 0 0 0 1 0 0 0 0 0 0 0 0
 0 0 0 0 1 0 0 0 0 0 0 0
 0 0 0 0 0 1 0 0 0 0 0 0
 0 0 0 0 0 0 1 0 0 0 0 0
 0 0 0 0 0 0 0 1 0 0 0 0
 0 0 0 0 0 0 0 0 1 0 0 0
 0 0 0 0 0 0 0 0 0 1 0 0
 0 0 0 0 0 0 0 0 0 0 1 0
 0 0 0 0 0 0 0 0 0 0 0 1
# cntrlfile_name
C:\Users\bai.li\Desktop\s1_test\AMAK\s140\amak.dat
# Map shared selectivity: 
# sel_map
 1 2
 1 1
# datafile_name
amak_data.dat
# model_name
OM_1
# SrType
2
# use_age_err
0
# retro
0
# sigmarprior
0.2
# cvsigmarprior
0.25
# phase_sigmar
-3
# styr_rec_est
1
# endyr_rec_est
30
# Linfprior
80
# cvLinfprior
0.25
# kprior
0.18
# cvkprior
0.25
# Loprior
27.688
# cvLoprior
0.25
# sdageprior
0.1
# cvsdageprior
0.25
# natmortprior
0.2
# cvnatmortprior
0.25
# phase_M
-4
# npars_Mage
0
# ages_M_changes

# Mage_in

# phase_Mage
-5
# phase_rw_M
0
# npars_rw_M
0
# yrs_rw_M

# sigma_rw_M

# qprior
 3.48998e-007
# cvqprior
 1
# phase_q
 1
# q_power_prior
 1
# cvq_power_prior
 0.2
# phase_q_power
 -4
# phase_rw_q
 -1
# npars_rw_q
 0
# yrs_rw_q

# sigma_rw_q

# q_age_min
 1
# q_age_max
 12
# q_age_min
 1
# q_age_max
 12
# fsh_sel_opt(k)
2
# phase_sel_fsh(k)
-2
# n_sel_ch_fsh(k)
1
# sel_slp_in_fsh(k)(1,n_sel_ch_fsh(k))
 1
# sel_inf_in_fsh(k)(1,n_sel_ch_fsh(k))
 2
# logsel_slp_in_fsh(k)(1,n_sel_ch_fsh(k))
 0
# yrs_sel_ch_fsh(k)(1,n_sel_ch_fsh(k))
 1

Survey survey_index1
# ind_sel_opt(k)
2
# indname(k)
survey_index1
# nselages_in_ind(k)
11
# phase_sel_ind(k)
-2
# sel_change_in_ind(k)
 1 0 0 0 0 0 0 0 0 0 0 0 0 0 0 0 0 0 0 0 0 0 0 0 0 0 0 0 0 0
# n_sel_ch_ind(k)
1
# yrs_sel_ch_ind(k)(1,n_sel_ch_ind(k))
 1
# sel_slp_in_ind(k,1)
2
# sel_inf_in_ind(k,1)
1.5
# logsel_slp_in_ind(k,1)
0.693147
# logsel_slp_in_indv(k)
0.693147
survey_index1 ind sel opt 2  1 0 0 0 0 0 0 0 0 0 0 0 0 0 0 0 0 0 0 0 0 0 0 0 0 0 0 0 0 0
Phase indices Sel_Coffs:  -1
 Test: 1.23457e+008
# Fshry Selages:  11
# Srvy  Selages:  11
# Phase for age-spec fishery  -1
# Phase for logistic fishery  -2
# Phase for dble logistic fishery  -1
# Phase for age-spec indices   -1
# Phase for logistic indices   -2
# Phase for dble logistic ind  -1
# Curv_pen_fsh: 
 0
# Curv_pen_ind: 
 0
# styr_fut
31
# endyr_fut
35
# nyrs_fsh_age
 30
# nyrs_fsh_age
 30
# yrs_fsh_age
 1 2 3 4 5 6 7 8 9 10 11 12 13 14 15 16 17 18 19 20 21 22 23 24 25 26 27 28 29 30
# n_sample_fsh_age
 200 200 200 200 200 200 200 200 200 200 200 200 200 200 200 200 200 200 200 200 200 200 200 200 200 200 200 200 200 200
# oac_fsh
 0.06 0.1 0.145 0.095 0.095 0.095 0.105 0.085 0.025 0.04 0.03 0.125
 0.055 0.12 0.095 0.125 0.13 0.085 0.095 0.06 0.045 0.02 0.055 0.115
 0.07 0.145 0.12 0.135 0.1 0.065 0.055 0.01 0.04 0.025 0.08 0.155
 0.03 0.14 0.18 0.125 0.13 0.07 0.07 0.05 0.045 0.025 0.025 0.11
 0.125 0.125 0.13 0.11 0.075 0.085 0.095 0.06 0.05 0.02 0.02 0.105
 0.12 0.165 0.1 0.095 0.13 0.09 0.06 0.045 0.055 0.02 0.03 0.09
 0.06 0.165 0.16 0.115 0.12 0.08 0.08 0.02 0.02 0.04 0.03 0.11
 0.125 0.13 0.18 0.16 0.055 0.07 0.075 0.045 0.03 0.025 0.01 0.095
 0.075 0.165 0.105 0.165 0.15 0.065 0.035 0.06 0.045 0.02 0.02 0.095
 0.055 0.12 0.19 0.13 0.135 0.09 0.045 0.045 0.025 0.045 0.01 0.11
 0.095 0.18 0.185 0.11 0.09 0.095 0.095 0.01 0.03 0.025 0.02 0.065
 0.075 0.16 0.125 0.14 0.12 0.065 0.125 0.06 0.02 0.025 0.01 0.075
 0.1 0.115 0.165 0.17 0.155 0.07 0.025 0.05 0.06 0.02 0.005 0.065
 0.07 0.175 0.16 0.155 0.135 0.055 0.06 0.015 0.035 0.035 0.02 0.085
 0.115 0.175 0.165 0.13 0.095 0.085 0.08 0.05 0.04 0.035 0.005 0.025
 0.15 0.18 0.14 0.155 0.09 0.06 0.055 0.05 0.02 0.04 0.015 0.045
 0.11 0.225 0.115 0.205 0.095 0.045 0.045 0.025 0.02 0.03 0.01 0.075
 0.085 0.185 0.2 0.135 0.1 0.1 0.035 0.065 0.025 0.025 0.005 0.04
 0.085 0.16 0.215 0.185 0.095 0.09 0.025 0.025 0.015 0.02 0.03 0.055
 0.065 0.155 0.175 0.2 0.15 0.04 0.07 0.045 0.03 0.02 0.015 0.035
 0.18 0.19 0.175 0.11 0.13 0.05 0.035 0.045 0.01 0.015 0.015 0.045
 0.145 0.2 0.125 0.165 0.12 0.065 0.065 0.02 0.045 0.02 0 0.03
 0.1 0.2 0.255 0.12 0.105 0.085 0.055 0.035 0.01 0.005 0 0.03
 0.09 0.165 0.23 0.18 0.11 0.08 0.04 0.04 0.03 0.005 0.005 0.025
 0.175 0.21 0.165 0.195 0.13 0.05 0.02 0.025 0.02 0 0 0.01
 0.135 0.23 0.2 0.115 0.105 0.12 0.02 0.025 0 0.025 0.01 0.015
 0.165 0.18 0.245 0.135 0.13 0.055 0.035 0.015 0.005 0.02 0.005 0.01
 0.21 0.195 0.18 0.16 0.1 0.06 0.045 0.03 0.005 0 0.005 0.01
 0.165 0.245 0.21 0.155 0.125 0.035 0.03 0.005 0.02 0 0.005 0.005
 0.175 0.26 0.245 0.11 0.06 0.06 0.02 0.025 0.01 0.02 0 0.015
# olc_fsh

# wt_fsh
 0.000530656 0.00119633 0.00205827 0.00303499 0.00405521 0.0050647 0.00602623 0.00691692 0.00772489 0.00844611 0.00908185 0.0096367
 0.000530656 0.00119633 0.00205827 0.00303499 0.00405521 0.0050647 0.00602623 0.00691692 0.00772489 0.00844611 0.00908185 0.0096367
 0.000530656 0.00119633 0.00205827 0.00303499 0.00405521 0.0050647 0.00602623 0.00691692 0.00772489 0.00844611 0.00908185 0.0096367
 0.000530656 0.00119633 0.00205827 0.00303499 0.00405521 0.0050647 0.00602623 0.00691692 0.00772489 0.00844611 0.00908185 0.0096367
 0.000530656 0.00119633 0.00205827 0.00303499 0.00405521 0.0050647 0.00602623 0.00691692 0.00772489 0.00844611 0.00908185 0.0096367
 0.000530656 0.00119633 0.00205827 0.00303499 0.00405521 0.0050647 0.00602623 0.00691692 0.00772489 0.00844611 0.00908185 0.0096367
 0.000530656 0.00119633 0.00205827 0.00303499 0.00405521 0.0050647 0.00602623 0.00691692 0.00772489 0.00844611 0.00908185 0.0096367
 0.000530656 0.00119633 0.00205827 0.00303499 0.00405521 0.0050647 0.00602623 0.00691692 0.00772489 0.00844611 0.00908185 0.0096367
 0.000530656 0.00119633 0.00205827 0.00303499 0.00405521 0.0050647 0.00602623 0.00691692 0.00772489 0.00844611 0.00908185 0.0096367
 0.000530656 0.00119633 0.00205827 0.00303499 0.00405521 0.0050647 0.00602623 0.00691692 0.00772489 0.00844611 0.00908185 0.0096367
 0.000530656 0.00119633 0.00205827 0.00303499 0.00405521 0.0050647 0.00602623 0.00691692 0.00772489 0.00844611 0.00908185 0.0096367
 0.000530656 0.00119633 0.00205827 0.00303499 0.00405521 0.0050647 0.00602623 0.00691692 0.00772489 0.00844611 0.00908185 0.0096367
 0.000530656 0.00119633 0.00205827 0.00303499 0.00405521 0.0050647 0.00602623 0.00691692 0.00772489 0.00844611 0.00908185 0.0096367
 0.000530656 0.00119633 0.00205827 0.00303499 0.00405521 0.0050647 0.00602623 0.00691692 0.00772489 0.00844611 0.00908185 0.0096367
 0.000530656 0.00119633 0.00205827 0.00303499 0.00405521 0.0050647 0.00602623 0.00691692 0.00772489 0.00844611 0.00908185 0.0096367
 0.000530656 0.00119633 0.00205827 0.00303499 0.00405521 0.0050647 0.00602623 0.00691692 0.00772489 0.00844611 0.00908185 0.0096367
 0.000530656 0.00119633 0.00205827 0.00303499 0.00405521 0.0050647 0.00602623 0.00691692 0.00772489 0.00844611 0.00908185 0.0096367
 0.000530656 0.00119633 0.00205827 0.00303499 0.00405521 0.0050647 0.00602623 0.00691692 0.00772489 0.00844611 0.00908185 0.0096367
 0.000530656 0.00119633 0.00205827 0.00303499 0.00405521 0.0050647 0.00602623 0.00691692 0.00772489 0.00844611 0.00908185 0.0096367
 0.000530656 0.00119633 0.00205827 0.00303499 0.00405521 0.0050647 0.00602623 0.00691692 0.00772489 0.00844611 0.00908185 0.0096367
 0.000530656 0.00119633 0.00205827 0.00303499 0.00405521 0.0050647 0.00602623 0.00691692 0.00772489 0.00844611 0.00908185 0.0096367
 0.000530656 0.00119633 0.00205827 0.00303499 0.00405521 0.0050647 0.00602623 0.00691692 0.00772489 0.00844611 0.00908185 0.0096367
 0.000530656 0.00119633 0.00205827 0.00303499 0.00405521 0.0050647 0.00602623 0.00691692 0.00772489 0.00844611 0.00908185 0.0096367
 0.000530656 0.00119633 0.00205827 0.00303499 0.00405521 0.0050647 0.00602623 0.00691692 0.00772489 0.00844611 0.00908185 0.0096367
 0.000530656 0.00119633 0.00205827 0.00303499 0.00405521 0.0050647 0.00602623 0.00691692 0.00772489 0.00844611 0.00908185 0.0096367
 0.000530656 0.00119633 0.00205827 0.00303499 0.00405521 0.0050647 0.00602623 0.00691692 0.00772489 0.00844611 0.00908185 0.0096367
 0.000530656 0.00119633 0.00205827 0.00303499 0.00405521 0.0050647 0.00602623 0.00691692 0.00772489 0.00844611 0.00908185 0.0096367
 0.000530656 0.00119633 0.00205827 0.00303499 0.00405521 0.0050647 0.00602623 0.00691692 0.00772489 0.00844611 0.00908185 0.0096367
 0.000530656 0.00119633 0.00205827 0.00303499 0.00405521 0.0050647 0.00602623 0.00691692 0.00772489 0.00844611 0.00908185 0.0096367
 0.000530656 0.00119633 0.00205827 0.00303499 0.00405521 0.0050647 0.00602623 0.00691692 0.00772489 0.00844611 0.00908185 0.0096367
# nyrs_ind_age
 30
# yrs_ind_age
 1 2 3 4 5 6 7 8 9 10 11 12 13 14 15 16 17 18 19 20 21 22 23 24 25 26 27 28 29 30
# n_sample_ind_age
 200 200 200 200 200 200 200 200 200 200 200 200 200 200 200 200 200 200 200 200 200 200 200 200 200 200 200 200 200 200
# oac_ind
 0.065 0.105 0.19 0.125 0.1 0.115 0.06 0.06 0.05 0.025 0.02 0.085
 0.06 0.145 0.145 0.15 0.08 0.065 0.06 0.03 0.03 0.05 0.03 0.155
 0.055 0.12 0.13 0.145 0.08 0.09 0.08 0.06 0.04 0.045 0.015 0.14
 0.025 0.18 0.195 0.115 0.08 0.05 0.05 0.04 0.075 0.03 0.045 0.115
 0.07 0.15 0.1 0.155 0.085 0.08 0.06 0.05 0.035 0.015 0.02 0.18
 0.1 0.205 0.13 0.07 0.12 0.08 0.055 0.04 0.02 0.015 0.025 0.14
 0.05 0.23 0.2 0.09 0.07 0.09 0.075 0.045 0.045 0.02 0.015 0.07
 0.085 0.125 0.18 0.175 0.04 0.055 0.095 0.03 0.03 0.035 0.02 0.13
 0.1 0.175 0.17 0.12 0.1 0.07 0.075 0.05 0.025 0.01 0.01 0.095
 0.075 0.12 0.195 0.115 0.13 0.07 0.03 0.055 0.07 0.03 0.01 0.1
 0.105 0.145 0.16 0.13 0.12 0.115 0.08 0.04 0.045 0.01 0.015 0.035
 0.085 0.175 0.18 0.105 0.14 0.07 0.06 0.065 0.005 0.025 0.03 0.06
 0.12 0.15 0.195 0.105 0.11 0.085 0.065 0.065 0.025 0.01 0.01 0.06
 0.09 0.205 0.165 0.155 0.13 0.055 0.045 0.035 0.025 0.02 0.015 0.06
 0.085 0.205 0.205 0.1 0.125 0.115 0.06 0.035 0.02 0.015 0.015 0.02
 0.105 0.15 0.21 0.11 0.135 0.07 0.045 0.035 0.03 0.02 0.015 0.075
 0.055 0.26 0.185 0.165 0.115 0.065 0.025 0.045 0.025 0.025 0 0.035
 0.075 0.235 0.225 0.15 0.085 0.06 0.07 0.03 0.02 0.015 0.005 0.03
 0.12 0.145 0.215 0.14 0.065 0.105 0.05 0.045 0.035 0.005 0.02 0.055
 0.095 0.205 0.175 0.21 0.11 0.065 0.05 0.03 0.01 0.015 0.01 0.025
 0.11 0.185 0.195 0.135 0.145 0.09 0.03 0.04 0.015 0.02 0.01 0.025
 0.125 0.305 0.17 0.125 0.095 0.07 0.03 0.03 0.015 0 0.005 0.03
 0.09 0.255 0.29 0.095 0.075 0.045 0.045 0.04 0.015 0.02 0.015 0.015
 0.11 0.245 0.335 0.17 0.06 0.04 0.01 0.01 0.015 0.005 0 0
 0.1 0.225 0.23 0.22 0.08 0.035 0.035 0.02 0.015 0.005 0.005 0.03
 0.12 0.245 0.225 0.15 0.135 0.05 0.04 0.01 0.015 0 0.005 0.005
 0.14 0.215 0.245 0.14 0.085 0.085 0.025 0.01 0.025 0.015 0.01 0.005
 0.125 0.205 0.225 0.16 0.125 0.05 0.04 0.05 0.005 0.005 0 0.01
 0.19 0.265 0.21 0.13 0.08 0.035 0.04 0.035 0.01 0 0 0.005
 0.095 0.33 0.225 0.16 0.045 0.065 0.035 0.01 0.015 0.01 0.005 0.005
# olc_ind

# obs_lse_ind
 0.198042 0.198042 0.198042 0.198042 0.198042 0.198042 0.198042 0.198042 0.198042 0.198042 0.198042 0.198042 0.198042 0.198042 0.198042 0.198042 0.198042 0.198042 0.198042 0.198042 0.198042 0.198042 0.198042 0.198042 0.198042 0.198042 0.198042 0.198042 0.198042 0.198042
# xages_fsh
 0 0 0 0 0 0 0 0 0 0 0 0
# xages_fsh
 0 0.0909091 0.181818 0.272727 0.363636 0.454545 0.545455 0.636364 0.727273 0.818182 0.909091 1
# xnodes_fsh

Yrs fsh_sel change:  1 0 0 0 0 0 0 0 0 0 0 0 0 0 0 0 0 0 0 0 0 0 0 0 0 0 0 0 0
Yrs ind_sel change:  1 0 0 0 0 0 0 0 0 0 0 0 0 0 0 0 0 0 0 0 0 0 0 0 0 0 0 0 0
# steepnessprior
0.75
# sigmarprior
0.2
#  SSB estimated in styr endyr: -12 28 
#  Rec estimated in styr endyr: -10 30 
#  SR Curve fit  in styr endyr: 1 30 
#             Model styr endyr: 1 30 
# qprior
 3.48998e-007
# q_power_prior 
 1 
# cv_catchbiomass 
0.05 
# CatchbiomassPen 
200 
# Number of projection years 
5 
# offset_fsh
 13321.6
# offset_ind
 13021.1
Mean Catch
1275.53
R_guess 
13.8155
# nfsh
1
# n_sel_ch_fsh
 1
# nselages_fsh
 11
# phase_selcoff_fsh
 -1
logRzero 13.8155
logmeanrec 13.8155
exp(log_sigmarprior 0.2
Fish sel phase: -1 OM1
Fixing fishery sel to
1
Fixing fishery sel to
1
Srvy sel phase: -1
Fixing survey_index1 indices sel to
1
Fixing index sel to
1
# logsel_slp_in_indv
 0.693147
Leaving parameter init secton
# M
 0.2 0.2 0.2 0.2 0.2 0.2 0.2 0.2 0.2 0.2 0.2 0.2
 0.2 0.2 0.2 0.2 0.2 0.2 0.2 0.2 0.2 0.2 0.2 0.2
 0.2 0.2 0.2 0.2 0.2 0.2 0.2 0.2 0.2 0.2 0.2 0.2
 0.2 0.2 0.2 0.2 0.2 0.2 0.2 0.2 0.2 0.2 0.2 0.2
 0.2 0.2 0.2 0.2 0.2 0.2 0.2 0.2 0.2 0.2 0.2 0.2
 0.2 0.2 0.2 0.2 0.2 0.2 0.2 0.2 0.2 0.2 0.2 0.2
 0.2 0.2 0.2 0.2 0.2 0.2 0.2 0.2 0.2 0.2 0.2 0.2
 0.2 0.2 0.2 0.2 0.2 0.2 0.2 0.2 0.2 0.2 0.2 0.2
 0.2 0.2 0.2 0.2 0.2 0.2 0.2 0.2 0.2 0.2 0.2 0.2
 0.2 0.2 0.2 0.2 0.2 0.2 0.2 0.2 0.2 0.2 0.2 0.2
 0.2 0.2 0.2 0.2 0.2 0.2 0.2 0.2 0.2 0.2 0.2 0.2
 0.2 0.2 0.2 0.2 0.2 0.2 0.2 0.2 0.2 0.2 0.2 0.2
 0.2 0.2 0.2 0.2 0.2 0.2 0.2 0.2 0.2 0.2 0.2 0.2
 0.2 0.2 0.2 0.2 0.2 0.2 0.2 0.2 0.2 0.2 0.2 0.2
 0.2 0.2 0.2 0.2 0.2 0.2 0.2 0.2 0.2 0.2 0.2 0.2
 0.2 0.2 0.2 0.2 0.2 0.2 0.2 0.2 0.2 0.2 0.2 0.2
 0.2 0.2 0.2 0.2 0.2 0.2 0.2 0.2 0.2 0.2 0.2 0.2
 0.2 0.2 0.2 0.2 0.2 0.2 0.2 0.2 0.2 0.2 0.2 0.2
 0.2 0.2 0.2 0.2 0.2 0.2 0.2 0.2 0.2 0.2 0.2 0.2
 0.2 0.2 0.2 0.2 0.2 0.2 0.2 0.2 0.2 0.2 0.2 0.2
 0.2 0.2 0.2 0.2 0.2 0.2 0.2 0.2 0.2 0.2 0.2 0.2
 0.2 0.2 0.2 0.2 0.2 0.2 0.2 0.2 0.2 0.2 0.2 0.2
 0.2 0.2 0.2 0.2 0.2 0.2 0.2 0.2 0.2 0.2 0.2 0.2
 0.2 0.2 0.2 0.2 0.2 0.2 0.2 0.2 0.2 0.2 0.2 0.2
 0.2 0.2 0.2 0.2 0.2 0.2 0.2 0.2 0.2 0.2 0.2 0.2
 0.2 0.2 0.2 0.2 0.2 0.2 0.2 0.2 0.2 0.2 0.2 0.2
 0.2 0.2 0.2 0.2 0.2 0.2 0.2 0.2 0.2 0.2 0.2 0.2
 0.2 0.2 0.2 0.2 0.2 0.2 0.2 0.2 0.2 0.2 0.2 0.2
 0.2 0.2 0.2 0.2 0.2 0.2 0.2 0.2 0.2 0.2 0.2 0.2
 0.2 0.2 0.2 0.2 0.2 0.2 0.2 0.2 0.2 0.2 0.2 0.2
# mean_log_rec
13.6888
# log_Rzero
13.7819
# rec_dev
 -0.118791 -0.0757992 0.0502194 0.0280624 0.068262 -0.0526333 0.0455572 -0.0510558 -0.00819695 0.0693482 -0.00990107 0.0828786 0.252451 0.0538696 -0.134119 0.404047 0.421523 0.0481896 0.238703 0.115502 0.11461 0.126993 -0.030262 0.0980469 0.160653 -0.067397 0.210376 0.141195 -0.181291 -0.154318 -0.325052 0.104124 0.0529875 -0.242913 -0.291225 -0.183533 -0.387328 -0.321212 -0.185433 -0.113987 -0.35747
# fmort
 0.00975376 0.0289182 0.0481307 0.0658113 0.0525847 0.0953569 0.0967745 0.201611 0.119052 0.143669 0.16331 0.175443 0.126606 0.183197 0.194299 0.172613 0.337431 0.275538 0.270048 0.266666 0.373877 0.272497 0.448687 0.373351 0.372833 0.342069 0.341996 0.490826 0.381003 0.607353
# rec_dev_future
 0 0 0 0 0
