AMAK;August_2013
# styr
1
# endyr
30
# rec_age
1
# oldest_age
12
# nlength
81
# len_bins
 10 11 12 13 14 15 16 17 18 19 20 21 22 23 24 25 26 27 28 29 30 31 32 33 34 35 36 37 38 39 40 41 42 43 44 45 46 47 48 49 50 51 52 53 54 55 56 57 58 59 60 61 62 63 64 65 66 67 68 69 70 71 72 73 74 75 76 77 78 79 80 81 82 83 84 85 86 87 88 89 90
# datafile_name
amak_data.dat
# model_name
OM_1
# styr
1
# endyr
30
# rec_age
1
# oldest_age
12
# nfsh
1
# fshname
OM1
# catch_bio_in
 162.178 464.061 763.362 995.313 773.709 1329.58 1269.71 2456.67 1321.83 1537.62 1629.47 1595.31 1108.52 1544.53 1506.18 1280.36 2243.76 1610.09 1452.5 1306.29 1625.25 1084.02 1633 1210.82 1119.85 977.244 921.197 1213.22 874.731 1274.87
# catch_bio_sd_in
 0.01 0.01 0.01 0.01 0.01 0.01 0.01 0.01 0.01 0.01 0.01 0.01 0.01 0.01 0.01 0.01 0.01 0.01 0.01 0.01 0.01 0.01 0.01 0.01 0.01 0.01 0.01 0.01 0.01 0.01
# nyrs_fsh_age
 30
# nyrs_fsh_length
 0
# yrs_fsh_age_in
 1 2 3 4 5 6 7 8 9 10 11 12 13 14 15 16 17 18 19 20 21 22 23 24 25 26 27 28 29 30
# yrs_fsh_length_in

# n_sample_fsh_length_in

# olc_fsh_in

# nind
1
# indname
survey_index1
# nyrs_ind
 30
# yrs_ind_in
 1 2 3 4 5 6 7 8 9 10 11 12 13 14 15 16 17 18 19 20 21 22 23 24 25 26 27 28 29 30
# mo_ind
 1
# obs_ind_in
 1.4173 1.54438 1.24987 1.49846 1.49688 1.48727 1.46605 1.21815 1.35915 1.42333 1.14436 1.03955 1.21417 1.03688 1.02685 0.88064 1.142 0.782298 0.631294 0.753313 0.743046 0.610661 0.679564 0.554848 0.559561 0.541149 0.494397 0.536264 0.601231 0.526773
# obs_se_ind_in
 0.283459 0.308876 0.249974 0.299692 0.299376 0.297455 0.293211 0.24363 0.27183 0.284666 0.228872 0.207909 0.242833 0.207377 0.20537 0.176128 0.2284 0.15646 0.126259 0.150663 0.148609 0.122132 0.135913 0.11097 0.111912 0.10823 0.0988794 0.107253 0.120246 0.105355
# nyrs_ind_age
 30
# nyrs_ind_length
 0
# yrs_ind_age_in
 1 2 3 4 5 6 7 8 9 10 11 12 13 14 15 16 17 18 19 20 21 22 23 24 25 26 27 28 29 30
# yrs_ind_length_in

# yrs_ind_age_in
 1 2 3 4 5 6 7 8 9 10 11 12 13 14 15 16 17 18 19 20 21 22 23 24 25 26 27 28 29 30
# n_sample_ind_length_in

# olc_ind_in

# oac_ind_in
 0.04 0.13 0.19 0.115 0.115 0.07 0.03 0.065 0.03 0.055 0.025 0.135
 0.075 0.155 0.125 0.135 0.095 0.105 0.075 0.06 0.025 0.005 0.01 0.135
 0.09 0.19 0.105 0.11 0.07 0.1 0.06 0.035 0.055 0.05 0.04 0.095
 0.07 0.12 0.165 0.115 0.1 0.045 0.105 0.04 0.045 0.04 0.02 0.135
 0.055 0.135 0.115 0.185 0.07 0.08 0.065 0.06 0.04 0.04 0.03 0.125
 0.065 0.185 0.12 0.16 0.085 0.055 0.065 0.08 0.045 0.015 0.025 0.1
 0.065 0.14 0.2 0.09 0.09 0.08 0.055 0.03 0.025 0.025 0.04 0.16
 0.09 0.1 0.18 0.2 0.065 0.08 0.09 0.045 0.015 0.04 0.01 0.085
 0.08 0.11 0.145 0.175 0.105 0.06 0.065 0.085 0.025 0.035 0.015 0.1
 0.095 0.16 0.185 0.14 0.1 0.095 0.04 0.03 0.04 0.015 0.02 0.08
 0.13 0.175 0.145 0.135 0.105 0.075 0.035 0.03 0.025 0.02 0.025 0.1
 0.045 0.205 0.17 0.135 0.08 0.06 0.07 0.065 0.045 0.025 0.02 0.08
 0.075 0.15 0.19 0.115 0.1 0.07 0.07 0.065 0.05 0.015 0.025 0.075
 0.075 0.17 0.17 0.15 0.105 0.1 0.055 0.015 0.02 0.04 0.015 0.085
 0.09 0.175 0.145 0.12 0.105 0.08 0.08 0.04 0.025 0.025 0.04 0.075
 0.07 0.17 0.19 0.165 0.115 0.07 0.045 0.04 0.025 0.02 0.02 0.07
 0.105 0.205 0.22 0.14 0.095 0.07 0.03 0.05 0.01 0.015 0.02 0.04
 0.09 0.215 0.2 0.115 0.115 0.075 0.04 0.055 0.05 0.01 0.02 0.015
 0.085 0.155 0.235 0.195 0.095 0.065 0.04 0.03 0.05 0.01 0.01 0.03
 0.11 0.15 0.175 0.15 0.075 0.115 0.06 0.035 0.035 0.02 0.025 0.05
 0.12 0.18 0.225 0.135 0.115 0.065 0.04 0.025 0.02 0.01 0.01 0.055
 0.13 0.305 0.155 0.135 0.055 0.07 0.05 0.025 0.005 0.01 0.025 0.035
 0.065 0.305 0.265 0.13 0.07 0.05 0.04 0.015 0.01 0.015 0.01 0.025
 0.08 0.19 0.285 0.205 0.055 0.085 0.02 0.025 0.015 0.005 0.01 0.025
 0.125 0.215 0.25 0.18 0.105 0.04 0.01 0.005 0.02 0.02 0.01 0.02
 0.105 0.255 0.2 0.18 0.105 0.06 0.02 0.02 0.02 0.015 0 0.02
 0.17 0.175 0.265 0.185 0.07 0.045 0.045 0.015 0 0.005 0.015 0.01
 0.14 0.25 0.22 0.155 0.125 0.045 0.02 0.02 0.01 0 0.01 0.005
 0.15 0.295 0.225 0.1 0.095 0.02 0.04 0.035 0.005 0.015 0.01 0.01
 0.11 0.315 0.29 0.11 0.05 0.05 0.045 0.005 0.005 0.01 0 0.01
# wt_ind
 1 1 1 1 1 1 1 1 1 1 1 1
 1 1 1 1 1 1 1 1 1 1 1 1
 1 1 1 1 1 1 1 1 1 1 1 1
 1 1 1 1 1 1 1 1 1 1 1 1
 1 1 1 1 1 1 1 1 1 1 1 1
 1 1 1 1 1 1 1 1 1 1 1 1
 1 1 1 1 1 1 1 1 1 1 1 1
 1 1 1 1 1 1 1 1 1 1 1 1
 1 1 1 1 1 1 1 1 1 1 1 1
 1 1 1 1 1 1 1 1 1 1 1 1
 1 1 1 1 1 1 1 1 1 1 1 1
 1 1 1 1 1 1 1 1 1 1 1 1
 1 1 1 1 1 1 1 1 1 1 1 1
 1 1 1 1 1 1 1 1 1 1 1 1
 1 1 1 1 1 1 1 1 1 1 1 1
 1 1 1 1 1 1 1 1 1 1 1 1
 1 1 1 1 1 1 1 1 1 1 1 1
 1 1 1 1 1 1 1 1 1 1 1 1
 1 1 1 1 1 1 1 1 1 1 1 1
 1 1 1 1 1 1 1 1 1 1 1 1
 1 1 1 1 1 1 1 1 1 1 1 1
 1 1 1 1 1 1 1 1 1 1 1 1
 1 1 1 1 1 1 1 1 1 1 1 1
 1 1 1 1 1 1 1 1 1 1 1 1
 1 1 1 1 1 1 1 1 1 1 1 1
 1 1 1 1 1 1 1 1 1 1 1 1
 1 1 1 1 1 1 1 1 1 1 1 1
 1 1 1 1 1 1 1 1 1 1 1 1
 1 1 1 1 1 1 1 1 1 1 1 1
 1 1 1 1 1 1 1 1 1 1 1 1
# wt_pop
 0.000530656 0.00119633 0.00205827 0.00303499 0.00405521 0.0050647 0.00602623 0.00691692 0.00772489 0.00844611 0.00908185 0.0096367
# maturity
 0.0229774 0.320821 0.904651 0.99478 0.999739 0.999987 0.999999 1 1 1 1 1
# spawnmo
1
# age_err
 1 0 0 0 0 0 0 0 0 0 0 0
 0 1 0 0 0 0 0 0 0 0 0 0
 0 0 1 0 0 0 0 0 0 0 0 0
 0 0 0 1 0 0 0 0 0 0 0 0
 0 0 0 0 1 0 0 0 0 0 0 0
 0 0 0 0 0 1 0 0 0 0 0 0
 0 0 0 0 0 0 1 0 0 0 0 0
 0 0 0 0 0 0 0 1 0 0 0 0
 0 0 0 0 0 0 0 0 1 0 0 0
 0 0 0 0 0 0 0 0 0 1 0 0
 0 0 0 0 0 0 0 0 0 0 1 0
 0 0 0 0 0 0 0 0 0 0 0 1
# cntrlfile_name
C:\Users\bai.li\Desktop\s1_test\AMAK\s51\amak.dat
# Map shared selectivity: 
# sel_map
 1 2
 1 1
# datafile_name
amak_data.dat
# model_name
OM_1
# SrType
2
# use_age_err
0
# retro
0
# sigmarprior
0.2
# cvsigmarprior
0.25
# phase_sigmar
-3
# styr_rec_est
1
# endyr_rec_est
30
# Linfprior
80
# cvLinfprior
0.25
# kprior
0.18
# cvkprior
0.25
# Loprior
27.688
# cvLoprior
0.25
# sdageprior
0.1
# cvsdageprior
0.25
# natmortprior
0.2
# cvnatmortprior
0.25
# phase_M
-4
# npars_Mage
0
# ages_M_changes

# Mage_in

# phase_Mage
-5
# phase_rw_M
0
# npars_rw_M
0
# yrs_rw_M

# sigma_rw_M

# qprior
 3.48998e-007
# cvqprior
 1
# phase_q
 1
# q_power_prior
 1
# cvq_power_prior
 0.2
# phase_q_power
 -4
# phase_rw_q
 -1
# npars_rw_q
 0
# yrs_rw_q

# sigma_rw_q

# q_age_min
 1
# q_age_max
 12
# q_age_min
 1
# q_age_max
 12
# fsh_sel_opt(k)
2
# phase_sel_fsh(k)
-2
# n_sel_ch_fsh(k)
1
# sel_slp_in_fsh(k)(1,n_sel_ch_fsh(k))
 1
# sel_inf_in_fsh(k)(1,n_sel_ch_fsh(k))
 2
# logsel_slp_in_fsh(k)(1,n_sel_ch_fsh(k))
 0
# yrs_sel_ch_fsh(k)(1,n_sel_ch_fsh(k))
 1

Survey survey_index1
# ind_sel_opt(k)
2
# indname(k)
survey_index1
# nselages_in_ind(k)
11
# phase_sel_ind(k)
-2
# sel_change_in_ind(k)
 1 0 0 0 0 0 0 0 0 0 0 0 0 0 0 0 0 0 0 0 0 0 0 0 0 0 0 0 0 0
# n_sel_ch_ind(k)
1
# yrs_sel_ch_ind(k)(1,n_sel_ch_ind(k))
 1
# sel_slp_in_ind(k,1)
2
# sel_inf_in_ind(k,1)
1.5
# logsel_slp_in_ind(k,1)
0.693147
# logsel_slp_in_indv(k)
0.693147
survey_index1 ind sel opt 2  1 0 0 0 0 0 0 0 0 0 0 0 0 0 0 0 0 0 0 0 0 0 0 0 0 0 0 0 0 0
Phase indices Sel_Coffs:  -1
 Test: 1.23457e+008
# Fshry Selages:  11
# Srvy  Selages:  11
# Phase for age-spec fishery  -1
# Phase for logistic fishery  -2
# Phase for dble logistic fishery  -1
# Phase for age-spec indices   -1
# Phase for logistic indices   -2
# Phase for dble logistic ind  -1
# Curv_pen_fsh: 
 0
# Curv_pen_ind: 
 0
# styr_fut
31
# endyr_fut
35
# nyrs_fsh_age
 30
# nyrs_fsh_age
 30
# yrs_fsh_age
 1 2 3 4 5 6 7 8 9 10 11 12 13 14 15 16 17 18 19 20 21 22 23 24 25 26 27 28 29 30
# n_sample_fsh_age
 200 200 200 200 200 200 200 200 200 200 200 200 200 200 200 200 200 200 200 200 200 200 200 200 200 200 200 200 200 200
# oac_fsh
 0.075 0.1 0.135 0.09 0.09 0.11 0.05 0.065 0.045 0.04 0.04 0.16
 0.085 0.12 0.13 0.13 0.065 0.06 0.1 0.09 0.025 0.03 0.025 0.14
 0.06 0.13 0.14 0.12 0.09 0.085 0.075 0.055 0.05 0.005 0.03 0.16
 0.075 0.07 0.18 0.105 0.085 0.09 0.065 0.045 0.04 0.06 0.045 0.14
 0.11 0.095 0.11 0.145 0.07 0.055 0.06 0.06 0.045 0.02 0.06 0.17
 0.075 0.11 0.135 0.1 0.135 0.085 0.1 0.035 0.07 0.025 0.03 0.1
 0.05 0.165 0.205 0.105 0.105 0.06 0.045 0.015 0.045 0.035 0.05 0.12
 0.1 0.105 0.185 0.125 0.075 0.05 0.115 0.05 0.045 0.02 0.015 0.115
 0.085 0.185 0.175 0.135 0.09 0.07 0.085 0.055 0.02 0.005 0.015 0.08
 0.13 0.13 0.145 0.11 0.075 0.095 0.035 0.065 0.065 0.03 0.03 0.09
 0.085 0.155 0.14 0.195 0.07 0.135 0.07 0.02 0.015 0.025 0.015 0.075
 0.1 0.165 0.175 0.13 0.125 0.08 0.06 0.06 0.01 0.01 0.02 0.065
 0.065 0.12 0.135 0.15 0.1 0.165 0.075 0.03 0.025 0.035 0.02 0.08
 0.075 0.12 0.14 0.2 0.115 0.08 0.055 0.035 0.05 0.015 0.015 0.1
 0.11 0.15 0.15 0.115 0.125 0.11 0.04 0.07 0.045 0.005 0.01 0.07
 0.12 0.155 0.205 0.12 0.095 0.075 0.05 0.03 0.05 0.03 0.01 0.06
 0.15 0.19 0.155 0.135 0.105 0.045 0.065 0.05 0.005 0.035 0.025 0.04
 0.09 0.2 0.205 0.15 0.1 0.04 0.05 0.04 0.035 0.02 0.015 0.055
 0.155 0.135 0.235 0.165 0.095 0.075 0.04 0.015 0.035 0.025 0.015 0.01
 0.08 0.11 0.13 0.15 0.185 0.12 0.08 0.045 0.025 0.035 0.01 0.03
 0.2 0.2 0.185 0.1 0.105 0.06 0.035 0.025 0.03 0.025 0.005 0.03
 0.18 0.245 0.11 0.165 0.085 0.075 0.045 0.015 0.015 0.02 0.01 0.035
 0.16 0.205 0.215 0.12 0.08 0.075 0.055 0.03 0.02 0.02 0 0.02
 0.13 0.18 0.255 0.185 0.075 0.05 0.03 0.025 0.03 0.01 0.005 0.025
 0.115 0.215 0.175 0.215 0.14 0.045 0.025 0.02 0.015 0.01 0.005 0.02
 0.12 0.26 0.16 0.135 0.155 0.075 0.045 0.025 0.005 0 0 0.02
 0.175 0.14 0.255 0.1 0.12 0.07 0.045 0.035 0.005 0.02 0.005 0.03
 0.135 0.2 0.215 0.18 0.13 0.06 0.045 0.01 0.015 0 0.005 0.005
 0.2 0.215 0.18 0.13 0.13 0.065 0.02 0.025 0.01 0.01 0.005 0.01
 0.105 0.3 0.255 0.115 0.07 0.08 0.025 0.015 0.025 0.01 0 0
# olc_fsh

# wt_fsh
 0.000530656 0.00119633 0.00205827 0.00303499 0.00405521 0.0050647 0.00602623 0.00691692 0.00772489 0.00844611 0.00908185 0.0096367
 0.000530656 0.00119633 0.00205827 0.00303499 0.00405521 0.0050647 0.00602623 0.00691692 0.00772489 0.00844611 0.00908185 0.0096367
 0.000530656 0.00119633 0.00205827 0.00303499 0.00405521 0.0050647 0.00602623 0.00691692 0.00772489 0.00844611 0.00908185 0.0096367
 0.000530656 0.00119633 0.00205827 0.00303499 0.00405521 0.0050647 0.00602623 0.00691692 0.00772489 0.00844611 0.00908185 0.0096367
 0.000530656 0.00119633 0.00205827 0.00303499 0.00405521 0.0050647 0.00602623 0.00691692 0.00772489 0.00844611 0.00908185 0.0096367
 0.000530656 0.00119633 0.00205827 0.00303499 0.00405521 0.0050647 0.00602623 0.00691692 0.00772489 0.00844611 0.00908185 0.0096367
 0.000530656 0.00119633 0.00205827 0.00303499 0.00405521 0.0050647 0.00602623 0.00691692 0.00772489 0.00844611 0.00908185 0.0096367
 0.000530656 0.00119633 0.00205827 0.00303499 0.00405521 0.0050647 0.00602623 0.00691692 0.00772489 0.00844611 0.00908185 0.0096367
 0.000530656 0.00119633 0.00205827 0.00303499 0.00405521 0.0050647 0.00602623 0.00691692 0.00772489 0.00844611 0.00908185 0.0096367
 0.000530656 0.00119633 0.00205827 0.00303499 0.00405521 0.0050647 0.00602623 0.00691692 0.00772489 0.00844611 0.00908185 0.0096367
 0.000530656 0.00119633 0.00205827 0.00303499 0.00405521 0.0050647 0.00602623 0.00691692 0.00772489 0.00844611 0.00908185 0.0096367
 0.000530656 0.00119633 0.00205827 0.00303499 0.00405521 0.0050647 0.00602623 0.00691692 0.00772489 0.00844611 0.00908185 0.0096367
 0.000530656 0.00119633 0.00205827 0.00303499 0.00405521 0.0050647 0.00602623 0.00691692 0.00772489 0.00844611 0.00908185 0.0096367
 0.000530656 0.00119633 0.00205827 0.00303499 0.00405521 0.0050647 0.00602623 0.00691692 0.00772489 0.00844611 0.00908185 0.0096367
 0.000530656 0.00119633 0.00205827 0.00303499 0.00405521 0.0050647 0.00602623 0.00691692 0.00772489 0.00844611 0.00908185 0.0096367
 0.000530656 0.00119633 0.00205827 0.00303499 0.00405521 0.0050647 0.00602623 0.00691692 0.00772489 0.00844611 0.00908185 0.0096367
 0.000530656 0.00119633 0.00205827 0.00303499 0.00405521 0.0050647 0.00602623 0.00691692 0.00772489 0.00844611 0.00908185 0.0096367
 0.000530656 0.00119633 0.00205827 0.00303499 0.00405521 0.0050647 0.00602623 0.00691692 0.00772489 0.00844611 0.00908185 0.0096367
 0.000530656 0.00119633 0.00205827 0.00303499 0.00405521 0.0050647 0.00602623 0.00691692 0.00772489 0.00844611 0.00908185 0.0096367
 0.000530656 0.00119633 0.00205827 0.00303499 0.00405521 0.0050647 0.00602623 0.00691692 0.00772489 0.00844611 0.00908185 0.0096367
 0.000530656 0.00119633 0.00205827 0.00303499 0.00405521 0.0050647 0.00602623 0.00691692 0.00772489 0.00844611 0.00908185 0.0096367
 0.000530656 0.00119633 0.00205827 0.00303499 0.00405521 0.0050647 0.00602623 0.00691692 0.00772489 0.00844611 0.00908185 0.0096367
 0.000530656 0.00119633 0.00205827 0.00303499 0.00405521 0.0050647 0.00602623 0.00691692 0.00772489 0.00844611 0.00908185 0.0096367
 0.000530656 0.00119633 0.00205827 0.00303499 0.00405521 0.0050647 0.00602623 0.00691692 0.00772489 0.00844611 0.00908185 0.0096367
 0.000530656 0.00119633 0.00205827 0.00303499 0.00405521 0.0050647 0.00602623 0.00691692 0.00772489 0.00844611 0.00908185 0.0096367
 0.000530656 0.00119633 0.00205827 0.00303499 0.00405521 0.0050647 0.00602623 0.00691692 0.00772489 0.00844611 0.00908185 0.0096367
 0.000530656 0.00119633 0.00205827 0.00303499 0.00405521 0.0050647 0.00602623 0.00691692 0.00772489 0.00844611 0.00908185 0.0096367
 0.000530656 0.00119633 0.00205827 0.00303499 0.00405521 0.0050647 0.00602623 0.00691692 0.00772489 0.00844611 0.00908185 0.0096367
 0.000530656 0.00119633 0.00205827 0.00303499 0.00405521 0.0050647 0.00602623 0.00691692 0.00772489 0.00844611 0.00908185 0.0096367
 0.000530656 0.00119633 0.00205827 0.00303499 0.00405521 0.0050647 0.00602623 0.00691692 0.00772489 0.00844611 0.00908185 0.0096367
# nyrs_ind_age
 30
# yrs_ind_age
 1 2 3 4 5 6 7 8 9 10 11 12 13 14 15 16 17 18 19 20 21 22 23 24 25 26 27 28 29 30
# n_sample_ind_age
 200 200 200 200 200 200 200 200 200 200 200 200 200 200 200 200 200 200 200 200 200 200 200 200 200 200 200 200 200 200
# oac_ind
 0.04 0.13 0.19 0.115 0.115 0.07 0.03 0.065 0.03 0.055 0.025 0.135
 0.075 0.155 0.125 0.135 0.095 0.105 0.075 0.06 0.025 0.005 0.01 0.135
 0.09 0.19 0.105 0.11 0.07 0.1 0.06 0.035 0.055 0.05 0.04 0.095
 0.07 0.12 0.165 0.115 0.1 0.045 0.105 0.04 0.045 0.04 0.02 0.135
 0.055 0.135 0.115 0.185 0.07 0.08 0.065 0.06 0.04 0.04 0.03 0.125
 0.065 0.185 0.12 0.16 0.085 0.055 0.065 0.08 0.045 0.015 0.025 0.1
 0.065 0.14 0.2 0.09 0.09 0.08 0.055 0.03 0.025 0.025 0.04 0.16
 0.09 0.1 0.18 0.2 0.065 0.08 0.09 0.045 0.015 0.04 0.01 0.085
 0.08 0.11 0.145 0.175 0.105 0.06 0.065 0.085 0.025 0.035 0.015 0.1
 0.095 0.16 0.185 0.14 0.1 0.095 0.04 0.03 0.04 0.015 0.02 0.08
 0.13 0.175 0.145 0.135 0.105 0.075 0.035 0.03 0.025 0.02 0.025 0.1
 0.045 0.205 0.17 0.135 0.08 0.06 0.07 0.065 0.045 0.025 0.02 0.08
 0.075 0.15 0.19 0.115 0.1 0.07 0.07 0.065 0.05 0.015 0.025 0.075
 0.075 0.17 0.17 0.15 0.105 0.1 0.055 0.015 0.02 0.04 0.015 0.085
 0.09 0.175 0.145 0.12 0.105 0.08 0.08 0.04 0.025 0.025 0.04 0.075
 0.07 0.17 0.19 0.165 0.115 0.07 0.045 0.04 0.025 0.02 0.02 0.07
 0.105 0.205 0.22 0.14 0.095 0.07 0.03 0.05 0.01 0.015 0.02 0.04
 0.09 0.215 0.2 0.115 0.115 0.075 0.04 0.055 0.05 0.01 0.02 0.015
 0.085 0.155 0.235 0.195 0.095 0.065 0.04 0.03 0.05 0.01 0.01 0.03
 0.11 0.15 0.175 0.15 0.075 0.115 0.06 0.035 0.035 0.02 0.025 0.05
 0.12 0.18 0.225 0.135 0.115 0.065 0.04 0.025 0.02 0.01 0.01 0.055
 0.13 0.305 0.155 0.135 0.055 0.07 0.05 0.025 0.005 0.01 0.025 0.035
 0.065 0.305 0.265 0.13 0.07 0.05 0.04 0.015 0.01 0.015 0.01 0.025
 0.08 0.19 0.285 0.205 0.055 0.085 0.02 0.025 0.015 0.005 0.01 0.025
 0.125 0.215 0.25 0.18 0.105 0.04 0.01 0.005 0.02 0.02 0.01 0.02
 0.105 0.255 0.2 0.18 0.105 0.06 0.02 0.02 0.02 0.015 0 0.02
 0.17 0.175 0.265 0.185 0.07 0.045 0.045 0.015 0 0.005 0.015 0.01
 0.14 0.25 0.22 0.155 0.125 0.045 0.02 0.02 0.01 0 0.01 0.005
 0.15 0.295 0.225 0.1 0.095 0.02 0.04 0.035 0.005 0.015 0.01 0.01
 0.11 0.315 0.29 0.11 0.05 0.05 0.045 0.005 0.005 0.01 0 0.01
# olc_ind

# obs_lse_ind
 0.198042 0.198042 0.198042 0.198042 0.198042 0.198042 0.198042 0.198042 0.198042 0.198042 0.198042 0.198042 0.198042 0.198042 0.198042 0.198042 0.198042 0.198042 0.198042 0.198042 0.198042 0.198042 0.198042 0.198042 0.198042 0.198042 0.198042 0.198042 0.198042 0.198042
# xages_fsh
 0 0 0 0 0 0 0 0 0 0 0 0
# xages_fsh
 0 0.0909091 0.181818 0.272727 0.363636 0.454545 0.545455 0.636364 0.727273 0.818182 0.909091 1
# xnodes_fsh

Yrs fsh_sel change:  1 0 0 0 0 0 0 0 0 0 0 0 0 0 0 0 0 0 0 0 0 0 0 0 0 0 0 0 0
Yrs ind_sel change:  1 0 0 0 0 0 0 0 0 0 0 0 0 0 0 0 0 0 0 0 0 0 0 0 0 0 0 0 0
# steepnessprior
0.75
# sigmarprior
0.2
#  SSB estimated in styr endyr: -12 28 
#  Rec estimated in styr endyr: -10 30 
#  SR Curve fit  in styr endyr: 1 30 
#             Model styr endyr: 1 30 
# qprior
 3.48998e-007
# q_power_prior 
 1 
# cv_catchbiomass 
0.05 
# CatchbiomassPen 
200 
# Number of projection years 
5 
# offset_fsh
 13359.7
# offset_ind
 13173.4
Mean Catch
1276.17
R_guess 
13.8155
# nfsh
1
# n_sel_ch_fsh
 1
# nselages_fsh
 11
# phase_selcoff_fsh
 -1
logRzero 13.8155
logmeanrec 13.8155
exp(log_sigmarprior 0.2
Fish sel phase: -1 OM1
Fixing fishery sel to
1
Fixing fishery sel to
1
Srvy sel phase: -1
Fixing survey_index1 indices sel to
1
Fixing index sel to
1
# logsel_slp_in_indv
 0.693147
Leaving parameter init secton
# M
 0.2 0.2 0.2 0.2 0.2 0.2 0.2 0.2 0.2 0.2 0.2 0.2
 0.2 0.2 0.2 0.2 0.2 0.2 0.2 0.2 0.2 0.2 0.2 0.2
 0.2 0.2 0.2 0.2 0.2 0.2 0.2 0.2 0.2 0.2 0.2 0.2
 0.2 0.2 0.2 0.2 0.2 0.2 0.2 0.2 0.2 0.2 0.2 0.2
 0.2 0.2 0.2 0.2 0.2 0.2 0.2 0.2 0.2 0.2 0.2 0.2
 0.2 0.2 0.2 0.2 0.2 0.2 0.2 0.2 0.2 0.2 0.2 0.2
 0.2 0.2 0.2 0.2 0.2 0.2 0.2 0.2 0.2 0.2 0.2 0.2
 0.2 0.2 0.2 0.2 0.2 0.2 0.2 0.2 0.2 0.2 0.2 0.2
 0.2 0.2 0.2 0.2 0.2 0.2 0.2 0.2 0.2 0.2 0.2 0.2
 0.2 0.2 0.2 0.2 0.2 0.2 0.2 0.2 0.2 0.2 0.2 0.2
 0.2 0.2 0.2 0.2 0.2 0.2 0.2 0.2 0.2 0.2 0.2 0.2
 0.2 0.2 0.2 0.2 0.2 0.2 0.2 0.2 0.2 0.2 0.2 0.2
 0.2 0.2 0.2 0.2 0.2 0.2 0.2 0.2 0.2 0.2 0.2 0.2
 0.2 0.2 0.2 0.2 0.2 0.2 0.2 0.2 0.2 0.2 0.2 0.2
 0.2 0.2 0.2 0.2 0.2 0.2 0.2 0.2 0.2 0.2 0.2 0.2
 0.2 0.2 0.2 0.2 0.2 0.2 0.2 0.2 0.2 0.2 0.2 0.2
 0.2 0.2 0.2 0.2 0.2 0.2 0.2 0.2 0.2 0.2 0.2 0.2
 0.2 0.2 0.2 0.2 0.2 0.2 0.2 0.2 0.2 0.2 0.2 0.2
 0.2 0.2 0.2 0.2 0.2 0.2 0.2 0.2 0.2 0.2 0.2 0.2
 0.2 0.2 0.2 0.2 0.2 0.2 0.2 0.2 0.2 0.2 0.2 0.2
 0.2 0.2 0.2 0.2 0.2 0.2 0.2 0.2 0.2 0.2 0.2 0.2
 0.2 0.2 0.2 0.2 0.2 0.2 0.2 0.2 0.2 0.2 0.2 0.2
 0.2 0.2 0.2 0.2 0.2 0.2 0.2 0.2 0.2 0.2 0.2 0.2
 0.2 0.2 0.2 0.2 0.2 0.2 0.2 0.2 0.2 0.2 0.2 0.2
 0.2 0.2 0.2 0.2 0.2 0.2 0.2 0.2 0.2 0.2 0.2 0.2
 0.2 0.2 0.2 0.2 0.2 0.2 0.2 0.2 0.2 0.2 0.2 0.2
 0.2 0.2 0.2 0.2 0.2 0.2 0.2 0.2 0.2 0.2 0.2 0.2
 0.2 0.2 0.2 0.2 0.2 0.2 0.2 0.2 0.2 0.2 0.2 0.2
 0.2 0.2 0.2 0.2 0.2 0.2 0.2 0.2 0.2 0.2 0.2 0.2
 0.2 0.2 0.2 0.2 0.2 0.2 0.2 0.2 0.2 0.2 0.2 0.2
# mean_log_rec
13.7555
# log_Rzero
13.8283
# rec_dev
 0.00683744 0.0243979 -0.00465312 -0.103793 -0.0488536 0.10921 0.0597796 0.0159158 0.0393963 0.0519391 -0.00537355 -0.0142064 0.316615 0.0425092 -0.0597291 0.289333 0.217892 0.033899 0.219122 0.0218784 0.144927 0.144332 -0.105046 -0.10057 -0.00285507 -0.0150621 0.050909 0.0406861 -0.339724 -0.252616 -0.340448 0.0601399 0.0347586 -0.261735 -0.307333 -0.158208 -0.461768 -0.276124 -0.119454 -0.0149564 -0.419614
# fmort
 0.00914348 0.026567 0.0449331 0.0609019 0.0490842 0.0879757 0.0885501 0.187016 0.1103 0.135715 0.15372 0.161308 0.117617 0.172428 0.181465 0.163953 0.318963 0.262463 0.261453 0.25884 0.364751 0.267409 0.436544 0.358697 0.351682 0.319779 0.307216 0.427435 0.318482 0.475891
# rec_dev_future
 0 0 0 0 0
