AMAK;August_2013
# styr
1
# endyr
30
# rec_age
1
# oldest_age
12
# nlength
81
# len_bins
 10 11 12 13 14 15 16 17 18 19 20 21 22 23 24 25 26 27 28 29 30 31 32 33 34 35 36 37 38 39 40 41 42 43 44 45 46 47 48 49 50 51 52 53 54 55 56 57 58 59 60 61 62 63 64 65 66 67 68 69 70 71 72 73 74 75 76 77 78 79 80 81 82 83 84 85 86 87 88 89 90
# datafile_name
amak_data.dat
# model_name
OM_1
# styr
1
# endyr
30
# rec_age
1
# oldest_age
12
# nfsh
1
# fshname
OM1
# catch_bio_in
 159.681 466.705 751.302 999.18 764.718 1322.74 1275.16 2476.62 1315.2 1522.02 1620.52 1617.36 1113.18 1522.65 1507.78 1262.62 2232.93 1602.81 1469.68 1320.45 1603.41 1086.78 1616.67 1201.13 1115.71 966.158 924.57 1220.39 883.286 1270.75
# catch_bio_sd_in
 0.01 0.01 0.01 0.01 0.01 0.01 0.01 0.01 0.01 0.01 0.01 0.01 0.01 0.01 0.01 0.01 0.01 0.01 0.01 0.01 0.01 0.01 0.01 0.01 0.01 0.01 0.01 0.01 0.01 0.01
# nyrs_fsh_age
 30
# nyrs_fsh_length
 0
# yrs_fsh_age_in
 1 2 3 4 5 6 7 8 9 10 11 12 13 14 15 16 17 18 19 20 21 22 23 24 25 26 27 28 29 30
# yrs_fsh_length_in

# n_sample_fsh_length_in

# olc_fsh_in

# nind
1
# indname
survey_index1
# nyrs_ind
 30
# yrs_ind_in
 1 2 3 4 5 6 7 8 9 10 11 12 13 14 15 16 17 18 19 20 21 22 23 24 25 26 27 28 29 30
# mo_ind
 1
# obs_ind_in
 1.55025 1.53927 1.61486 1.44567 1.49049 1.38881 1.32857 1.31352 1.46837 1.20229 1.25341 1.07343 0.998542 1.07822 0.902366 1.15099 0.964346 0.863233 0.748712 0.656194 0.880749 0.666584 0.787636 0.613741 0.536401 0.503471 0.537797 0.482393 0.538753 0.542895
# obs_se_ind_in
 0.31005 0.307854 0.322972 0.289134 0.298098 0.277763 0.265714 0.262703 0.293674 0.240457 0.250682 0.214687 0.199708 0.215644 0.180473 0.230199 0.192869 0.172647 0.149742 0.131239 0.17615 0.133317 0.157527 0.122748 0.10728 0.100694 0.107559 0.0964786 0.107751 0.108579
# nyrs_ind_age
 30
# nyrs_ind_length
 0
# yrs_ind_age_in
 1 2 3 4 5 6 7 8 9 10 11 12 13 14 15 16 17 18 19 20 21 22 23 24 25 26 27 28 29 30
# yrs_ind_length_in

# yrs_ind_age_in
 1 2 3 4 5 6 7 8 9 10 11 12 13 14 15 16 17 18 19 20 21 22 23 24 25 26 27 28 29 30
# n_sample_ind_length_in

# olc_ind_in

# oac_ind_in
 0.02 0.13 0.135 0.11 0.11 0.09 0.075 0.045 0.05 0.045 0.05 0.14
 0.08 0.145 0.16 0.09 0.075 0.09 0.065 0.03 0.055 0.05 0.01 0.15
 0.08 0.18 0.13 0.09 0.105 0.075 0.065 0.045 0.05 0.045 0.025 0.11
 0.075 0.125 0.145 0.14 0.1 0.1 0.09 0.04 0.025 0.035 0.025 0.1
 0.09 0.085 0.165 0.165 0.1 0.055 0.05 0.05 0.03 0.03 0.04 0.14
 0.06 0.155 0.16 0.115 0.1 0.055 0.06 0.07 0.04 0.03 0.025 0.13
 0.055 0.21 0.175 0.11 0.075 0.105 0.05 0.04 0.035 0.05 0.01 0.085
 0.04 0.13 0.185 0.185 0.065 0.065 0.1 0.035 0.05 0.015 0.03 0.1
 0.07 0.225 0.125 0.145 0.07 0.065 0.045 0.085 0.05 0.025 0.03 0.065
 0.075 0.105 0.215 0.14 0.15 0.08 0.05 0.045 0.035 0.015 0.02 0.07
 0.065 0.195 0.18 0.13 0.125 0.08 0.06 0.02 0.035 0.035 0.025 0.05
 0.09 0.19 0.15 0.155 0.12 0.07 0.025 0.055 0.02 0.03 0.025 0.07
 0.075 0.145 0.195 0.13 0.115 0.095 0.05 0.05 0.02 0 0.015 0.11
 0.045 0.18 0.15 0.205 0.105 0.06 0.07 0.045 0.04 0.03 0.01 0.06
 0.085 0.235 0.2 0.085 0.12 0.07 0.04 0.035 0.03 0.04 0.015 0.045
 0.085 0.2 0.21 0.105 0.105 0.055 0.055 0.035 0.05 0.015 0.03 0.055
 0.085 0.175 0.215 0.14 0.1 0.105 0.06 0.045 0.01 0.02 0 0.045
 0.035 0.235 0.25 0.11 0.125 0.05 0.03 0.02 0.04 0.03 0.015 0.06
 0.095 0.175 0.24 0.17 0.095 0.055 0.03 0.025 0.02 0.03 0.01 0.055
 0.065 0.16 0.215 0.22 0.115 0.055 0.06 0.02 0.015 0.03 0.005 0.04
 0.12 0.185 0.225 0.12 0.125 0.085 0.045 0.015 0.02 0.01 0.01 0.04
 0.13 0.25 0.215 0.16 0.075 0.065 0.03 0.005 0.02 0.025 0.01 0.015
 0.13 0.235 0.255 0.135 0.07 0.045 0.04 0.015 0.04 0.015 0 0.02
 0.09 0.22 0.24 0.195 0.105 0.04 0.03 0.025 0.025 0.005 0 0.025
 0.115 0.19 0.19 0.175 0.14 0.06 0.04 0.025 0.02 0.015 0.01 0.02
 0.11 0.325 0.18 0.13 0.115 0.075 0.025 0.01 0.005 0.01 0 0.015
 0.125 0.235 0.235 0.135 0.09 0.06 0.05 0.03 0.01 0.005 0.02 0.005
 0.11 0.275 0.19 0.19 0.08 0.045 0.065 0.025 0 0.02 0 0
 0.145 0.31 0.185 0.1 0.135 0.055 0.025 0.015 0.02 0.005 0 0.005
 0.165 0.335 0.205 0.135 0.04 0.04 0.045 0 0.02 0.015 0 0
# wt_ind
 1 1 1 1 1 1 1 1 1 1 1 1
 1 1 1 1 1 1 1 1 1 1 1 1
 1 1 1 1 1 1 1 1 1 1 1 1
 1 1 1 1 1 1 1 1 1 1 1 1
 1 1 1 1 1 1 1 1 1 1 1 1
 1 1 1 1 1 1 1 1 1 1 1 1
 1 1 1 1 1 1 1 1 1 1 1 1
 1 1 1 1 1 1 1 1 1 1 1 1
 1 1 1 1 1 1 1 1 1 1 1 1
 1 1 1 1 1 1 1 1 1 1 1 1
 1 1 1 1 1 1 1 1 1 1 1 1
 1 1 1 1 1 1 1 1 1 1 1 1
 1 1 1 1 1 1 1 1 1 1 1 1
 1 1 1 1 1 1 1 1 1 1 1 1
 1 1 1 1 1 1 1 1 1 1 1 1
 1 1 1 1 1 1 1 1 1 1 1 1
 1 1 1 1 1 1 1 1 1 1 1 1
 1 1 1 1 1 1 1 1 1 1 1 1
 1 1 1 1 1 1 1 1 1 1 1 1
 1 1 1 1 1 1 1 1 1 1 1 1
 1 1 1 1 1 1 1 1 1 1 1 1
 1 1 1 1 1 1 1 1 1 1 1 1
 1 1 1 1 1 1 1 1 1 1 1 1
 1 1 1 1 1 1 1 1 1 1 1 1
 1 1 1 1 1 1 1 1 1 1 1 1
 1 1 1 1 1 1 1 1 1 1 1 1
 1 1 1 1 1 1 1 1 1 1 1 1
 1 1 1 1 1 1 1 1 1 1 1 1
 1 1 1 1 1 1 1 1 1 1 1 1
 1 1 1 1 1 1 1 1 1 1 1 1
# wt_pop
 0.000530656 0.00119633 0.00205827 0.00303499 0.00405521 0.0050647 0.00602623 0.00691692 0.00772489 0.00844611 0.00908185 0.0096367
# maturity
 0.0229774 0.320821 0.904651 0.99478 0.999739 0.999987 0.999999 1 1 1 1 1
# spawnmo
1
# age_err
 1 0 0 0 0 0 0 0 0 0 0 0
 0 1 0 0 0 0 0 0 0 0 0 0
 0 0 1 0 0 0 0 0 0 0 0 0
 0 0 0 1 0 0 0 0 0 0 0 0
 0 0 0 0 1 0 0 0 0 0 0 0
 0 0 0 0 0 1 0 0 0 0 0 0
 0 0 0 0 0 0 1 0 0 0 0 0
 0 0 0 0 0 0 0 1 0 0 0 0
 0 0 0 0 0 0 0 0 1 0 0 0
 0 0 0 0 0 0 0 0 0 1 0 0
 0 0 0 0 0 0 0 0 0 0 1 0
 0 0 0 0 0 0 0 0 0 0 0 1
# cntrlfile_name
C:\Users\bai.li\Desktop\s1_test\AMAK\s130\amak.dat
# Map shared selectivity: 
# sel_map
 1 2
 1 1
# datafile_name
amak_data.dat
# model_name
OM_1
# SrType
2
# use_age_err
0
# retro
0
# sigmarprior
0.2
# cvsigmarprior
0.25
# phase_sigmar
-3
# styr_rec_est
1
# endyr_rec_est
30
# Linfprior
80
# cvLinfprior
0.25
# kprior
0.18
# cvkprior
0.25
# Loprior
27.688
# cvLoprior
0.25
# sdageprior
0.1
# cvsdageprior
0.25
# natmortprior
0.2
# cvnatmortprior
0.25
# phase_M
-4
# npars_Mage
0
# ages_M_changes

# Mage_in

# phase_Mage
-5
# phase_rw_M
0
# npars_rw_M
0
# yrs_rw_M

# sigma_rw_M

# qprior
 3.48998e-007
# cvqprior
 1
# phase_q
 1
# q_power_prior
 1
# cvq_power_prior
 0.2
# phase_q_power
 -4
# phase_rw_q
 -1
# npars_rw_q
 0
# yrs_rw_q

# sigma_rw_q

# q_age_min
 1
# q_age_max
 12
# q_age_min
 1
# q_age_max
 12
# fsh_sel_opt(k)
2
# phase_sel_fsh(k)
-2
# n_sel_ch_fsh(k)
1
# sel_slp_in_fsh(k)(1,n_sel_ch_fsh(k))
 1
# sel_inf_in_fsh(k)(1,n_sel_ch_fsh(k))
 2
# logsel_slp_in_fsh(k)(1,n_sel_ch_fsh(k))
 0
# yrs_sel_ch_fsh(k)(1,n_sel_ch_fsh(k))
 1

Survey survey_index1
# ind_sel_opt(k)
2
# indname(k)
survey_index1
# nselages_in_ind(k)
11
# phase_sel_ind(k)
-2
# sel_change_in_ind(k)
 1 0 0 0 0 0 0 0 0 0 0 0 0 0 0 0 0 0 0 0 0 0 0 0 0 0 0 0 0 0
# n_sel_ch_ind(k)
1
# yrs_sel_ch_ind(k)(1,n_sel_ch_ind(k))
 1
# sel_slp_in_ind(k,1)
2
# sel_inf_in_ind(k,1)
1.5
# logsel_slp_in_ind(k,1)
0.693147
# logsel_slp_in_indv(k)
0.693147
survey_index1 ind sel opt 2  1 0 0 0 0 0 0 0 0 0 0 0 0 0 0 0 0 0 0 0 0 0 0 0 0 0 0 0 0 0
Phase indices Sel_Coffs:  -1
 Test: 1.23457e+008
# Fshry Selages:  11
# Srvy  Selages:  11
# Phase for age-spec fishery  -1
# Phase for logistic fishery  -2
# Phase for dble logistic fishery  -1
# Phase for age-spec indices   -1
# Phase for logistic indices   -2
# Phase for dble logistic ind  -1
# Curv_pen_fsh: 
 0
# Curv_pen_ind: 
 0
# styr_fut
31
# endyr_fut
35
# nyrs_fsh_age
 30
# nyrs_fsh_age
 30
# yrs_fsh_age
 1 2 3 4 5 6 7 8 9 10 11 12 13 14 15 16 17 18 19 20 21 22 23 24 25 26 27 28 29 30
# n_sample_fsh_age
 200 200 200 200 200 200 200 200 200 200 200 200 200 200 200 200 200 200 200 200 200 200 200 200 200 200 200 200 200 200
# oac_fsh
 0.085 0.11 0.16 0.125 0.14 0.055 0.055 0.05 0.04 0.055 0.025 0.1
 0.08 0.08 0.1 0.125 0.13 0.11 0.085 0.045 0.04 0.015 0.03 0.16
 0.065 0.15 0.12 0.145 0.12 0.04 0.115 0.03 0.045 0.015 0.05 0.105
 0.035 0.095 0.145 0.145 0.1 0.085 0.025 0.055 0.05 0.035 0.025 0.205
 0.1 0.095 0.135 0.16 0.105 0.08 0.05 0.06 0.05 0.02 0.01 0.135
 0.09 0.185 0.095 0.07 0.075 0.06 0.065 0.08 0.06 0.025 0.045 0.15
 0.065 0.165 0.155 0.125 0.09 0.12 0.07 0.045 0.025 0.025 0.03 0.085
 0.07 0.125 0.195 0.135 0.085 0.08 0.065 0.035 0.035 0.02 0.045 0.11
 0.07 0.155 0.115 0.125 0.12 0.065 0.09 0.06 0.05 0.04 0.005 0.105
 0.075 0.135 0.17 0.105 0.145 0.11 0.055 0.06 0.055 0.05 0.01 0.03
 0.145 0.125 0.115 0.105 0.14 0.1 0.08 0.055 0.03 0.01 0.02 0.075
 0.07 0.14 0.145 0.125 0.14 0.1 0.03 0.09 0.035 0.025 0.015 0.085
 0.1 0.125 0.235 0.14 0.095 0.075 0.05 0.025 0.045 0.03 0.005 0.075
 0.09 0.145 0.17 0.17 0.095 0.045 0.065 0.055 0.05 0.04 0.005 0.07
 0.075 0.195 0.16 0.145 0.11 0.065 0.06 0.04 0.015 0.03 0.03 0.075
 0.15 0.165 0.16 0.15 0.115 0.04 0.05 0.03 0.03 0.02 0.02 0.07
 0.115 0.205 0.14 0.185 0.1 0.06 0.08 0.03 0.015 0.025 0.01 0.035
 0.115 0.175 0.16 0.1 0.11 0.08 0.07 0.04 0.03 0.025 0.025 0.07
 0.115 0.16 0.15 0.135 0.095 0.105 0.075 0.02 0.05 0.025 0.01 0.06
 0.105 0.16 0.17 0.15 0.175 0.055 0.06 0.005 0.035 0.01 0.01 0.065
 0.2 0.125 0.195 0.115 0.15 0.065 0.055 0.025 0.02 0.005 0.015 0.03
 0.145 0.205 0.165 0.125 0.115 0.085 0.05 0.03 0.04 0.015 0.01 0.015
 0.15 0.23 0.215 0.125 0.09 0.05 0.035 0.03 0.03 0.01 0.005 0.03
 0.12 0.185 0.245 0.17 0.095 0.04 0.05 0.005 0.05 0.025 0.005 0.01
 0.18 0.135 0.21 0.17 0.145 0.055 0.025 0.01 0.02 0.01 0.01 0.03
 0.105 0.275 0.185 0.155 0.125 0.055 0.035 0.01 0.01 0.01 0.025 0.01
 0.11 0.15 0.33 0.13 0.105 0.07 0.05 0.03 0.005 0.01 0 0.01
 0.155 0.18 0.19 0.165 0.11 0.085 0.05 0.03 0.015 0.005 0.005 0.01
 0.145 0.245 0.175 0.14 0.075 0.07 0.04 0.035 0.025 0.005 0.025 0.02
 0.18 0.24 0.21 0.145 0.075 0.065 0.035 0.02 0.015 0.01 0.005 0
# olc_fsh

# wt_fsh
 0.000530656 0.00119633 0.00205827 0.00303499 0.00405521 0.0050647 0.00602623 0.00691692 0.00772489 0.00844611 0.00908185 0.0096367
 0.000530656 0.00119633 0.00205827 0.00303499 0.00405521 0.0050647 0.00602623 0.00691692 0.00772489 0.00844611 0.00908185 0.0096367
 0.000530656 0.00119633 0.00205827 0.00303499 0.00405521 0.0050647 0.00602623 0.00691692 0.00772489 0.00844611 0.00908185 0.0096367
 0.000530656 0.00119633 0.00205827 0.00303499 0.00405521 0.0050647 0.00602623 0.00691692 0.00772489 0.00844611 0.00908185 0.0096367
 0.000530656 0.00119633 0.00205827 0.00303499 0.00405521 0.0050647 0.00602623 0.00691692 0.00772489 0.00844611 0.00908185 0.0096367
 0.000530656 0.00119633 0.00205827 0.00303499 0.00405521 0.0050647 0.00602623 0.00691692 0.00772489 0.00844611 0.00908185 0.0096367
 0.000530656 0.00119633 0.00205827 0.00303499 0.00405521 0.0050647 0.00602623 0.00691692 0.00772489 0.00844611 0.00908185 0.0096367
 0.000530656 0.00119633 0.00205827 0.00303499 0.00405521 0.0050647 0.00602623 0.00691692 0.00772489 0.00844611 0.00908185 0.0096367
 0.000530656 0.00119633 0.00205827 0.00303499 0.00405521 0.0050647 0.00602623 0.00691692 0.00772489 0.00844611 0.00908185 0.0096367
 0.000530656 0.00119633 0.00205827 0.00303499 0.00405521 0.0050647 0.00602623 0.00691692 0.00772489 0.00844611 0.00908185 0.0096367
 0.000530656 0.00119633 0.00205827 0.00303499 0.00405521 0.0050647 0.00602623 0.00691692 0.00772489 0.00844611 0.00908185 0.0096367
 0.000530656 0.00119633 0.00205827 0.00303499 0.00405521 0.0050647 0.00602623 0.00691692 0.00772489 0.00844611 0.00908185 0.0096367
 0.000530656 0.00119633 0.00205827 0.00303499 0.00405521 0.0050647 0.00602623 0.00691692 0.00772489 0.00844611 0.00908185 0.0096367
 0.000530656 0.00119633 0.00205827 0.00303499 0.00405521 0.0050647 0.00602623 0.00691692 0.00772489 0.00844611 0.00908185 0.0096367
 0.000530656 0.00119633 0.00205827 0.00303499 0.00405521 0.0050647 0.00602623 0.00691692 0.00772489 0.00844611 0.00908185 0.0096367
 0.000530656 0.00119633 0.00205827 0.00303499 0.00405521 0.0050647 0.00602623 0.00691692 0.00772489 0.00844611 0.00908185 0.0096367
 0.000530656 0.00119633 0.00205827 0.00303499 0.00405521 0.0050647 0.00602623 0.00691692 0.00772489 0.00844611 0.00908185 0.0096367
 0.000530656 0.00119633 0.00205827 0.00303499 0.00405521 0.0050647 0.00602623 0.00691692 0.00772489 0.00844611 0.00908185 0.0096367
 0.000530656 0.00119633 0.00205827 0.00303499 0.00405521 0.0050647 0.00602623 0.00691692 0.00772489 0.00844611 0.00908185 0.0096367
 0.000530656 0.00119633 0.00205827 0.00303499 0.00405521 0.0050647 0.00602623 0.00691692 0.00772489 0.00844611 0.00908185 0.0096367
 0.000530656 0.00119633 0.00205827 0.00303499 0.00405521 0.0050647 0.00602623 0.00691692 0.00772489 0.00844611 0.00908185 0.0096367
 0.000530656 0.00119633 0.00205827 0.00303499 0.00405521 0.0050647 0.00602623 0.00691692 0.00772489 0.00844611 0.00908185 0.0096367
 0.000530656 0.00119633 0.00205827 0.00303499 0.00405521 0.0050647 0.00602623 0.00691692 0.00772489 0.00844611 0.00908185 0.0096367
 0.000530656 0.00119633 0.00205827 0.00303499 0.00405521 0.0050647 0.00602623 0.00691692 0.00772489 0.00844611 0.00908185 0.0096367
 0.000530656 0.00119633 0.00205827 0.00303499 0.00405521 0.0050647 0.00602623 0.00691692 0.00772489 0.00844611 0.00908185 0.0096367
 0.000530656 0.00119633 0.00205827 0.00303499 0.00405521 0.0050647 0.00602623 0.00691692 0.00772489 0.00844611 0.00908185 0.0096367
 0.000530656 0.00119633 0.00205827 0.00303499 0.00405521 0.0050647 0.00602623 0.00691692 0.00772489 0.00844611 0.00908185 0.0096367
 0.000530656 0.00119633 0.00205827 0.00303499 0.00405521 0.0050647 0.00602623 0.00691692 0.00772489 0.00844611 0.00908185 0.0096367
 0.000530656 0.00119633 0.00205827 0.00303499 0.00405521 0.0050647 0.00602623 0.00691692 0.00772489 0.00844611 0.00908185 0.0096367
 0.000530656 0.00119633 0.00205827 0.00303499 0.00405521 0.0050647 0.00602623 0.00691692 0.00772489 0.00844611 0.00908185 0.0096367
# nyrs_ind_age
 30
# yrs_ind_age
 1 2 3 4 5 6 7 8 9 10 11 12 13 14 15 16 17 18 19 20 21 22 23 24 25 26 27 28 29 30
# n_sample_ind_age
 200 200 200 200 200 200 200 200 200 200 200 200 200 200 200 200 200 200 200 200 200 200 200 200 200 200 200 200 200 200
# oac_ind
 0.02 0.13 0.135 0.11 0.11 0.09 0.075 0.045 0.05 0.045 0.05 0.14
 0.08 0.145 0.16 0.09 0.075 0.09 0.065 0.03 0.055 0.05 0.01 0.15
 0.08 0.18 0.13 0.09 0.105 0.075 0.065 0.045 0.05 0.045 0.025 0.11
 0.075 0.125 0.145 0.14 0.1 0.1 0.09 0.04 0.025 0.035 0.025 0.1
 0.09 0.085 0.165 0.165 0.1 0.055 0.05 0.05 0.03 0.03 0.04 0.14
 0.06 0.155 0.16 0.115 0.1 0.055 0.06 0.07 0.04 0.03 0.025 0.13
 0.055 0.21 0.175 0.11 0.075 0.105 0.05 0.04 0.035 0.05 0.01 0.085
 0.04 0.13 0.185 0.185 0.065 0.065 0.1 0.035 0.05 0.015 0.03 0.1
 0.07 0.225 0.125 0.145 0.07 0.065 0.045 0.085 0.05 0.025 0.03 0.065
 0.075 0.105 0.215 0.14 0.15 0.08 0.05 0.045 0.035 0.015 0.02 0.07
 0.065 0.195 0.18 0.13 0.125 0.08 0.06 0.02 0.035 0.035 0.025 0.05
 0.09 0.19 0.15 0.155 0.12 0.07 0.025 0.055 0.02 0.03 0.025 0.07
 0.075 0.145 0.195 0.13 0.115 0.095 0.05 0.05 0.02 0 0.015 0.11
 0.045 0.18 0.15 0.205 0.105 0.06 0.07 0.045 0.04 0.03 0.01 0.06
 0.085 0.235 0.2 0.085 0.12 0.07 0.04 0.035 0.03 0.04 0.015 0.045
 0.085 0.2 0.21 0.105 0.105 0.055 0.055 0.035 0.05 0.015 0.03 0.055
 0.085 0.175 0.215 0.14 0.1 0.105 0.06 0.045 0.01 0.02 0 0.045
 0.035 0.235 0.25 0.11 0.125 0.05 0.03 0.02 0.04 0.03 0.015 0.06
 0.095 0.175 0.24 0.17 0.095 0.055 0.03 0.025 0.02 0.03 0.01 0.055
 0.065 0.16 0.215 0.22 0.115 0.055 0.06 0.02 0.015 0.03 0.005 0.04
 0.12 0.185 0.225 0.12 0.125 0.085 0.045 0.015 0.02 0.01 0.01 0.04
 0.13 0.25 0.215 0.16 0.075 0.065 0.03 0.005 0.02 0.025 0.01 0.015
 0.13 0.235 0.255 0.135 0.07 0.045 0.04 0.015 0.04 0.015 0 0.02
 0.09 0.22 0.24 0.195 0.105 0.04 0.03 0.025 0.025 0.005 0 0.025
 0.115 0.19 0.19 0.175 0.14 0.06 0.04 0.025 0.02 0.015 0.01 0.02
 0.11 0.325 0.18 0.13 0.115 0.075 0.025 0.01 0.005 0.01 0 0.015
 0.125 0.235 0.235 0.135 0.09 0.06 0.05 0.03 0.01 0.005 0.02 0.005
 0.11 0.275 0.19 0.19 0.08 0.045 0.065 0.025 0 0.02 0 0
 0.145 0.31 0.185 0.1 0.135 0.055 0.025 0.015 0.02 0.005 0 0.005
 0.165 0.335 0.205 0.135 0.04 0.04 0.045 0 0.02 0.015 0 0
# olc_ind

# obs_lse_ind
 0.198042 0.198042 0.198042 0.198042 0.198042 0.198042 0.198042 0.198042 0.198042 0.198042 0.198042 0.198042 0.198042 0.198042 0.198042 0.198042 0.198042 0.198042 0.198042 0.198042 0.198042 0.198042 0.198042 0.198042 0.198042 0.198042 0.198042 0.198042 0.198042 0.198042
# xages_fsh
 0 0 0 0 0 0 0 0 0 0 0 0
# xages_fsh
 0 0.0909091 0.181818 0.272727 0.363636 0.454545 0.545455 0.636364 0.727273 0.818182 0.909091 1
# xnodes_fsh

Yrs fsh_sel change:  1 0 0 0 0 0 0 0 0 0 0 0 0 0 0 0 0 0 0 0 0 0 0 0 0 0 0 0 0
Yrs ind_sel change:  1 0 0 0 0 0 0 0 0 0 0 0 0 0 0 0 0 0 0 0 0 0 0 0 0 0 0 0 0
# steepnessprior
0.75
# sigmarprior
0.2
#  SSB estimated in styr endyr: -12 28 
#  Rec estimated in styr endyr: -10 30 
#  SR Curve fit  in styr endyr: 1 30 
#             Model styr endyr: 1 30 
# qprior
 3.48998e-007
# q_power_prior 
 1 
# cv_catchbiomass 
0.05 
# CatchbiomassPen 
200 
# Number of projection years 
5 
# offset_fsh
 13438.8
# offset_ind
 13121.1
Mean Catch
1273.74
R_guess 
13.8155
# nfsh
1
# n_sel_ch_fsh
 1
# nselages_fsh
 11
# phase_selcoff_fsh
 -1
logRzero 13.8155
logmeanrec 13.8155
exp(log_sigmarprior 0.2
Fish sel phase: -1 OM1
Fixing fishery sel to
1
Fixing fishery sel to
1
Srvy sel phase: -1
Fixing survey_index1 indices sel to
1
Fixing index sel to
1
# logsel_slp_in_indv
 0.693147
Leaving parameter init secton
# M
 0.2 0.2 0.2 0.2 0.2 0.2 0.2 0.2 0.2 0.2 0.2 0.2
 0.2 0.2 0.2 0.2 0.2 0.2 0.2 0.2 0.2 0.2 0.2 0.2
 0.2 0.2 0.2 0.2 0.2 0.2 0.2 0.2 0.2 0.2 0.2 0.2
 0.2 0.2 0.2 0.2 0.2 0.2 0.2 0.2 0.2 0.2 0.2 0.2
 0.2 0.2 0.2 0.2 0.2 0.2 0.2 0.2 0.2 0.2 0.2 0.2
 0.2 0.2 0.2 0.2 0.2 0.2 0.2 0.2 0.2 0.2 0.2 0.2
 0.2 0.2 0.2 0.2 0.2 0.2 0.2 0.2 0.2 0.2 0.2 0.2
 0.2 0.2 0.2 0.2 0.2 0.2 0.2 0.2 0.2 0.2 0.2 0.2
 0.2 0.2 0.2 0.2 0.2 0.2 0.2 0.2 0.2 0.2 0.2 0.2
 0.2 0.2 0.2 0.2 0.2 0.2 0.2 0.2 0.2 0.2 0.2 0.2
 0.2 0.2 0.2 0.2 0.2 0.2 0.2 0.2 0.2 0.2 0.2 0.2
 0.2 0.2 0.2 0.2 0.2 0.2 0.2 0.2 0.2 0.2 0.2 0.2
 0.2 0.2 0.2 0.2 0.2 0.2 0.2 0.2 0.2 0.2 0.2 0.2
 0.2 0.2 0.2 0.2 0.2 0.2 0.2 0.2 0.2 0.2 0.2 0.2
 0.2 0.2 0.2 0.2 0.2 0.2 0.2 0.2 0.2 0.2 0.2 0.2
 0.2 0.2 0.2 0.2 0.2 0.2 0.2 0.2 0.2 0.2 0.2 0.2
 0.2 0.2 0.2 0.2 0.2 0.2 0.2 0.2 0.2 0.2 0.2 0.2
 0.2 0.2 0.2 0.2 0.2 0.2 0.2 0.2 0.2 0.2 0.2 0.2
 0.2 0.2 0.2 0.2 0.2 0.2 0.2 0.2 0.2 0.2 0.2 0.2
 0.2 0.2 0.2 0.2 0.2 0.2 0.2 0.2 0.2 0.2 0.2 0.2
 0.2 0.2 0.2 0.2 0.2 0.2 0.2 0.2 0.2 0.2 0.2 0.2
 0.2 0.2 0.2 0.2 0.2 0.2 0.2 0.2 0.2 0.2 0.2 0.2
 0.2 0.2 0.2 0.2 0.2 0.2 0.2 0.2 0.2 0.2 0.2 0.2
 0.2 0.2 0.2 0.2 0.2 0.2 0.2 0.2 0.2 0.2 0.2 0.2
 0.2 0.2 0.2 0.2 0.2 0.2 0.2 0.2 0.2 0.2 0.2 0.2
 0.2 0.2 0.2 0.2 0.2 0.2 0.2 0.2 0.2 0.2 0.2 0.2
 0.2 0.2 0.2 0.2 0.2 0.2 0.2 0.2 0.2 0.2 0.2 0.2
 0.2 0.2 0.2 0.2 0.2 0.2 0.2 0.2 0.2 0.2 0.2 0.2
 0.2 0.2 0.2 0.2 0.2 0.2 0.2 0.2 0.2 0.2 0.2 0.2
 0.2 0.2 0.2 0.2 0.2 0.2 0.2 0.2 0.2 0.2 0.2 0.2
# mean_log_rec
13.747
# log_Rzero
13.8105
# rec_dev
 -0.0609309 0.0732484 0.000911857 0.0385788 -0.0656222 -0.0727467 -0.0817959 0.10831 0.0202806 0.0542219 0.0370655 0.0610345 0.294239 0.0581786 -0.0622116 0.320322 0.295955 0.0630013 0.202389 -0.0470513 0.0152073 0.151712 -0.0741822 -0.0457209 0.0830168 -0.071505 0.0948091 0.0398297 -0.244051 -0.225814 -0.260523 0.0495788 -0.0326458 -0.233904 -0.394081 -0.0959579 -0.473801 -0.36676 -0.224519 -0.149822 -0.133667
# fmort
 0.009201 0.0272298 0.0449161 0.0619273 0.049044 0.088215 0.0892388 0.188364 0.109333 0.133932 0.153281 0.165588 0.120537 0.173527 0.184755 0.163588 0.319682 0.262004 0.264104 0.259699 0.353288 0.26106 0.420184 0.34677 0.343125 0.310273 0.303602 0.429247 0.330977 0.502735
# rec_dev_future
 0 0 0 0 0
