AMAK;August_2013
# styr
1
# endyr
30
# rec_age
1
# oldest_age
12
# nlength
81
# len_bins
 10 11 12 13 14 15 16 17 18 19 20 21 22 23 24 25 26 27 28 29 30 31 32 33 34 35 36 37 38 39 40 41 42 43 44 45 46 47 48 49 50 51 52 53 54 55 56 57 58 59 60 61 62 63 64 65 66 67 68 69 70 71 72 73 74 75 76 77 78 79 80 81 82 83 84 85 86 87 88 89 90
# datafile_name
amak_data.dat
# model_name
OM_1
# styr
1
# endyr
30
# rec_age
1
# oldest_age
12
# nfsh
1
# fshname
OM1
# catch_bio_in
 159.542 468.753 761.051 988.234 766.114 1329.56 1268.63 2466.73 1329.07 1542.72 1612.06 1617.53 1106.32 1522.99 1506.78 1281.5 2251.39 1616.84 1455.76 1326.45 1628.66 1082.42 1611.43 1197.82 1119.93 974.17 929.308 1208.19 871.604 1276.79
# catch_bio_sd_in
 0.01 0.01 0.01 0.01 0.01 0.01 0.01 0.01 0.01 0.01 0.01 0.01 0.01 0.01 0.01 0.01 0.01 0.01 0.01 0.01 0.01 0.01 0.01 0.01 0.01 0.01 0.01 0.01 0.01 0.01
# nyrs_fsh_age
 30
# nyrs_fsh_length
 0
# yrs_fsh_age_in
 1 2 3 4 5 6 7 8 9 10 11 12 13 14 15 16 17 18 19 20 21 22 23 24 25 26 27 28 29 30
# yrs_fsh_length_in

# n_sample_fsh_length_in

# olc_fsh_in

# nind
1
# indname
survey_index1
# nyrs_ind
 30
# yrs_ind_in
 1 2 3 4 5 6 7 8 9 10 11 12 13 14 15 16 17 18 19 20 21 22 23 24 25 26 27 28 29 30
# mo_ind
 1
# obs_ind_in
 1.52538 1.68887 1.53897 1.23588 1.34815 1.15954 1.5444 1.40926 1.29408 1.16574 1.04778 1.3582 1.15761 0.978289 1.06392 0.909572 0.924295 0.843421 0.82112 0.740497 0.841914 0.67545 0.579734 0.57274 0.596327 0.581549 0.525184 0.524133 0.499247 0.560064
# obs_se_ind_in
 0.305076 0.337773 0.307795 0.247175 0.269629 0.231908 0.30888 0.281851 0.258816 0.233149 0.209557 0.271639 0.231521 0.195658 0.212785 0.181914 0.184859 0.168684 0.164224 0.148099 0.168383 0.13509 0.115947 0.114548 0.119265 0.11631 0.105037 0.104827 0.0998494 0.112013
# nyrs_ind_age
 30
# nyrs_ind_length
 0
# yrs_ind_age_in
 1 2 3 4 5 6 7 8 9 10 11 12 13 14 15 16 17 18 19 20 21 22 23 24 25 26 27 28 29 30
# yrs_ind_length_in

# yrs_ind_age_in
 1 2 3 4 5 6 7 8 9 10 11 12 13 14 15 16 17 18 19 20 21 22 23 24 25 26 27 28 29 30
# n_sample_ind_length_in

# olc_ind_in

# oac_ind_in
 0.045 0.165 0.16 0.085 0.12 0.09 0.06 0.065 0.02 0.015 0.035 0.14
 0.065 0.145 0.155 0.145 0.105 0.055 0.065 0.06 0.025 0.045 0.025 0.11
 0.015 0.165 0.16 0.12 0.09 0.085 0.075 0.045 0.07 0.04 0.01 0.125
 0.075 0.175 0.175 0.1 0.075 0.07 0.075 0.055 0.03 0.045 0.015 0.11
 0.085 0.12 0.135 0.165 0.06 0.075 0.065 0.03 0.055 0.03 0.025 0.155
 0.055 0.22 0.115 0.14 0.105 0.07 0.06 0.06 0.005 0.025 0.02 0.125
 0.055 0.16 0.215 0.095 0.12 0.045 0.04 0.035 0.045 0.05 0.03 0.11
 0.105 0.15 0.165 0.12 0.08 0.045 0.08 0.04 0.045 0.06 0.005 0.105
 0.075 0.17 0.165 0.12 0.155 0.05 0.04 0.035 0.025 0.03 0.025 0.11
 0.085 0.145 0.22 0.14 0.09 0.085 0.05 0.04 0.04 0.025 0.035 0.045
 0.055 0.215 0.17 0.135 0.125 0.08 0.06 0.04 0.02 0.01 0.02 0.07
 0.06 0.205 0.215 0.115 0.08 0.05 0.075 0.075 0.015 0.015 0.035 0.06
 0.055 0.17 0.21 0.14 0.12 0.065 0.08 0.065 0.04 0.01 0.005 0.04
 0.095 0.15 0.16 0.16 0.115 0.075 0.055 0.035 0.045 0.015 0.03 0.065
 0.07 0.205 0.205 0.13 0.1 0.095 0.055 0.04 0.025 0.015 0.015 0.045
 0.085 0.17 0.175 0.19 0.075 0.11 0.04 0.035 0.025 0.01 0.02 0.065
 0.115 0.175 0.21 0.155 0.08 0.065 0.06 0.035 0.035 0.01 0.015 0.045
 0.06 0.195 0.225 0.165 0.08 0.08 0.055 0.04 0.02 0.015 0.01 0.055
 0.095 0.185 0.24 0.2 0.065 0.065 0.035 0.015 0.035 0.01 0.015 0.04
 0.085 0.195 0.18 0.18 0.08 0.08 0.055 0.055 0.02 0.01 0.005 0.055
 0.12 0.19 0.24 0.14 0.12 0.06 0.04 0.03 0.005 0.02 0 0.035
 0.105 0.275 0.16 0.125 0.09 0.08 0.065 0.025 0.03 0.01 0.015 0.02
 0.075 0.305 0.265 0.13 0.075 0.065 0.025 0.015 0.01 0.005 0.01 0.02
 0.095 0.185 0.27 0.175 0.085 0.075 0.01 0.03 0.035 0.02 0.01 0.01
 0.115 0.18 0.21 0.15 0.15 0.06 0.055 0.015 0.025 0.01 0.005 0.025
 0.11 0.255 0.21 0.14 0.135 0.055 0.045 0.015 0.02 0.01 0 0.005
 0.11 0.205 0.325 0.125 0.08 0.09 0.02 0.01 0.01 0 0.005 0.02
 0.135 0.245 0.215 0.15 0.11 0.045 0.04 0.035 0.01 0 0 0.015
 0.135 0.34 0.16 0.165 0.065 0.055 0.04 0.015 0.01 0 0 0.015
 0.115 0.295 0.225 0.155 0.07 0.07 0.01 0.025 0.01 0.01 0.01 0.005
# wt_ind
 1 1 1 1 1 1 1 1 1 1 1 1
 1 1 1 1 1 1 1 1 1 1 1 1
 1 1 1 1 1 1 1 1 1 1 1 1
 1 1 1 1 1 1 1 1 1 1 1 1
 1 1 1 1 1 1 1 1 1 1 1 1
 1 1 1 1 1 1 1 1 1 1 1 1
 1 1 1 1 1 1 1 1 1 1 1 1
 1 1 1 1 1 1 1 1 1 1 1 1
 1 1 1 1 1 1 1 1 1 1 1 1
 1 1 1 1 1 1 1 1 1 1 1 1
 1 1 1 1 1 1 1 1 1 1 1 1
 1 1 1 1 1 1 1 1 1 1 1 1
 1 1 1 1 1 1 1 1 1 1 1 1
 1 1 1 1 1 1 1 1 1 1 1 1
 1 1 1 1 1 1 1 1 1 1 1 1
 1 1 1 1 1 1 1 1 1 1 1 1
 1 1 1 1 1 1 1 1 1 1 1 1
 1 1 1 1 1 1 1 1 1 1 1 1
 1 1 1 1 1 1 1 1 1 1 1 1
 1 1 1 1 1 1 1 1 1 1 1 1
 1 1 1 1 1 1 1 1 1 1 1 1
 1 1 1 1 1 1 1 1 1 1 1 1
 1 1 1 1 1 1 1 1 1 1 1 1
 1 1 1 1 1 1 1 1 1 1 1 1
 1 1 1 1 1 1 1 1 1 1 1 1
 1 1 1 1 1 1 1 1 1 1 1 1
 1 1 1 1 1 1 1 1 1 1 1 1
 1 1 1 1 1 1 1 1 1 1 1 1
 1 1 1 1 1 1 1 1 1 1 1 1
 1 1 1 1 1 1 1 1 1 1 1 1
# wt_pop
 0.000530656 0.00119633 0.00205827 0.00303499 0.00405521 0.0050647 0.00602623 0.00691692 0.00772489 0.00844611 0.00908185 0.0096367
# maturity
 0.0229774 0.320821 0.904651 0.99478 0.999739 0.999987 0.999999 1 1 1 1 1
# spawnmo
1
# age_err
 1 0 0 0 0 0 0 0 0 0 0 0
 0 1 0 0 0 0 0 0 0 0 0 0
 0 0 1 0 0 0 0 0 0 0 0 0
 0 0 0 1 0 0 0 0 0 0 0 0
 0 0 0 0 1 0 0 0 0 0 0 0
 0 0 0 0 0 1 0 0 0 0 0 0
 0 0 0 0 0 0 1 0 0 0 0 0
 0 0 0 0 0 0 0 1 0 0 0 0
 0 0 0 0 0 0 0 0 1 0 0 0
 0 0 0 0 0 0 0 0 0 1 0 0
 0 0 0 0 0 0 0 0 0 0 1 0
 0 0 0 0 0 0 0 0 0 0 0 1
# cntrlfile_name
C:\Users\bai.li\Desktop\s1_test\AMAK\s53\amak.dat
# Map shared selectivity: 
# sel_map
 1 2
 1 1
# datafile_name
amak_data.dat
# model_name
OM_1
# SrType
2
# use_age_err
0
# retro
0
# sigmarprior
0.2
# cvsigmarprior
0.25
# phase_sigmar
-3
# styr_rec_est
1
# endyr_rec_est
30
# Linfprior
80
# cvLinfprior
0.25
# kprior
0.18
# cvkprior
0.25
# Loprior
27.688
# cvLoprior
0.25
# sdageprior
0.1
# cvsdageprior
0.25
# natmortprior
0.2
# cvnatmortprior
0.25
# phase_M
-4
# npars_Mage
0
# ages_M_changes

# Mage_in

# phase_Mage
-5
# phase_rw_M
0
# npars_rw_M
0
# yrs_rw_M

# sigma_rw_M

# qprior
 3.48998e-007
# cvqprior
 1
# phase_q
 1
# q_power_prior
 1
# cvq_power_prior
 0.2
# phase_q_power
 -4
# phase_rw_q
 -1
# npars_rw_q
 0
# yrs_rw_q

# sigma_rw_q

# q_age_min
 1
# q_age_max
 12
# q_age_min
 1
# q_age_max
 12
# fsh_sel_opt(k)
2
# phase_sel_fsh(k)
-2
# n_sel_ch_fsh(k)
1
# sel_slp_in_fsh(k)(1,n_sel_ch_fsh(k))
 1
# sel_inf_in_fsh(k)(1,n_sel_ch_fsh(k))
 2
# logsel_slp_in_fsh(k)(1,n_sel_ch_fsh(k))
 0
# yrs_sel_ch_fsh(k)(1,n_sel_ch_fsh(k))
 1

Survey survey_index1
# ind_sel_opt(k)
2
# indname(k)
survey_index1
# nselages_in_ind(k)
11
# phase_sel_ind(k)
-2
# sel_change_in_ind(k)
 1 0 0 0 0 0 0 0 0 0 0 0 0 0 0 0 0 0 0 0 0 0 0 0 0 0 0 0 0 0
# n_sel_ch_ind(k)
1
# yrs_sel_ch_ind(k)(1,n_sel_ch_ind(k))
 1
# sel_slp_in_ind(k,1)
2
# sel_inf_in_ind(k,1)
1.5
# logsel_slp_in_ind(k,1)
0.693147
# logsel_slp_in_indv(k)
0.693147
survey_index1 ind sel opt 2  1 0 0 0 0 0 0 0 0 0 0 0 0 0 0 0 0 0 0 0 0 0 0 0 0 0 0 0 0 0
Phase indices Sel_Coffs:  -1
 Test: 1.23457e+008
# Fshry Selages:  11
# Srvy  Selages:  11
# Phase for age-spec fishery  -1
# Phase for logistic fishery  -2
# Phase for dble logistic fishery  -1
# Phase for age-spec indices   -1
# Phase for logistic indices   -2
# Phase for dble logistic ind  -1
# Curv_pen_fsh: 
 0
# Curv_pen_ind: 
 0
# styr_fut
31
# endyr_fut
35
# nyrs_fsh_age
 30
# nyrs_fsh_age
 30
# yrs_fsh_age
 1 2 3 4 5 6 7 8 9 10 11 12 13 14 15 16 17 18 19 20 21 22 23 24 25 26 27 28 29 30
# n_sample_fsh_age
 200 200 200 200 200 200 200 200 200 200 200 200 200 200 200 200 200 200 200 200 200 200 200 200 200 200 200 200 200 200
# oac_fsh
 0.08 0.095 0.155 0.125 0.095 0.13 0.055 0.05 0.035 0.055 0.04 0.085
 0.095 0.125 0.1 0.07 0.125 0.065 0.095 0.045 0.045 0.025 0.045 0.165
 0.055 0.12 0.145 0.11 0.12 0.07 0.08 0.05 0.04 0.055 0.025 0.13
 0.07 0.1 0.16 0.095 0.105 0.095 0.06 0.05 0.04 0.045 0.03 0.15
 0.075 0.08 0.18 0.155 0.09 0.045 0.08 0.075 0.03 0.035 0.025 0.13
 0.085 0.125 0.09 0.12 0.105 0.095 0.055 0.045 0.055 0.04 0.035 0.15
 0.05 0.165 0.145 0.085 0.075 0.12 0.04 0.065 0.04 0.015 0.03 0.17
 0.125 0.12 0.165 0.145 0.04 0.05 0.09 0.04 0.03 0.045 0.015 0.135
 0.065 0.14 0.09 0.175 0.145 0.095 0.065 0.06 0.025 0.025 0.015 0.1
 0.115 0.11 0.125 0.12 0.09 0.12 0.045 0.04 0.065 0.04 0.035 0.095
 0.105 0.15 0.155 0.135 0.11 0.075 0.08 0.01 0.025 0.04 0.015 0.1
 0.065 0.175 0.125 0.115 0.135 0.03 0.075 0.05 0.06 0.02 0.035 0.115
 0.06 0.145 0.155 0.155 0.095 0.12 0.08 0.06 0.025 0.015 0.02 0.07
 0.16 0.115 0.115 0.14 0.135 0.065 0.075 0.045 0.035 0.02 0.02 0.075
 0.12 0.155 0.155 0.105 0.08 0.085 0.055 0.06 0.025 0.015 0.04 0.105
 0.11 0.14 0.13 0.16 0.105 0.07 0.075 0.045 0.045 0.03 0.025 0.065
 0.125 0.165 0.175 0.135 0.08 0.06 0.07 0.05 0.05 0.02 0.015 0.055
 0.105 0.2 0.245 0.115 0.095 0.075 0.055 0.04 0.015 0.005 0.01 0.04
 0.105 0.075 0.19 0.195 0.09 0.125 0.07 0.03 0.045 0.025 0.025 0.025
 0.085 0.115 0.17 0.195 0.12 0.07 0.06 0.075 0.02 0.02 0.025 0.045
 0.13 0.14 0.18 0.16 0.12 0.115 0.04 0.035 0.02 0.015 0.015 0.03
 0.165 0.225 0.14 0.16 0.07 0.06 0.065 0.035 0.035 0.01 0.01 0.025
 0.125 0.23 0.21 0.145 0.115 0.06 0.045 0.005 0.02 0.015 0.01 0.02
 0.1 0.19 0.21 0.25 0.09 0.07 0.025 0.01 0.04 0 0.01 0.005
 0.15 0.185 0.23 0.14 0.12 0.035 0.045 0.035 0.02 0.015 0.01 0.015
 0.155 0.29 0.175 0.13 0.135 0.05 0.03 0.01 0.005 0.005 0 0.015
 0.095 0.165 0.36 0.135 0.085 0.09 0.01 0.025 0.005 0.01 0.005 0.015
 0.215 0.21 0.135 0.19 0.085 0.06 0.04 0.04 0.005 0.005 0.005 0.01
 0.205 0.25 0.18 0.13 0.135 0.02 0.035 0.015 0.005 0 0.005 0.02
 0.175 0.255 0.235 0.125 0.08 0.075 0.035 0.015 0.005 0 0 0
# olc_fsh

# wt_fsh
 0.000530656 0.00119633 0.00205827 0.00303499 0.00405521 0.0050647 0.00602623 0.00691692 0.00772489 0.00844611 0.00908185 0.0096367
 0.000530656 0.00119633 0.00205827 0.00303499 0.00405521 0.0050647 0.00602623 0.00691692 0.00772489 0.00844611 0.00908185 0.0096367
 0.000530656 0.00119633 0.00205827 0.00303499 0.00405521 0.0050647 0.00602623 0.00691692 0.00772489 0.00844611 0.00908185 0.0096367
 0.000530656 0.00119633 0.00205827 0.00303499 0.00405521 0.0050647 0.00602623 0.00691692 0.00772489 0.00844611 0.00908185 0.0096367
 0.000530656 0.00119633 0.00205827 0.00303499 0.00405521 0.0050647 0.00602623 0.00691692 0.00772489 0.00844611 0.00908185 0.0096367
 0.000530656 0.00119633 0.00205827 0.00303499 0.00405521 0.0050647 0.00602623 0.00691692 0.00772489 0.00844611 0.00908185 0.0096367
 0.000530656 0.00119633 0.00205827 0.00303499 0.00405521 0.0050647 0.00602623 0.00691692 0.00772489 0.00844611 0.00908185 0.0096367
 0.000530656 0.00119633 0.00205827 0.00303499 0.00405521 0.0050647 0.00602623 0.00691692 0.00772489 0.00844611 0.00908185 0.0096367
 0.000530656 0.00119633 0.00205827 0.00303499 0.00405521 0.0050647 0.00602623 0.00691692 0.00772489 0.00844611 0.00908185 0.0096367
 0.000530656 0.00119633 0.00205827 0.00303499 0.00405521 0.0050647 0.00602623 0.00691692 0.00772489 0.00844611 0.00908185 0.0096367
 0.000530656 0.00119633 0.00205827 0.00303499 0.00405521 0.0050647 0.00602623 0.00691692 0.00772489 0.00844611 0.00908185 0.0096367
 0.000530656 0.00119633 0.00205827 0.00303499 0.00405521 0.0050647 0.00602623 0.00691692 0.00772489 0.00844611 0.00908185 0.0096367
 0.000530656 0.00119633 0.00205827 0.00303499 0.00405521 0.0050647 0.00602623 0.00691692 0.00772489 0.00844611 0.00908185 0.0096367
 0.000530656 0.00119633 0.00205827 0.00303499 0.00405521 0.0050647 0.00602623 0.00691692 0.00772489 0.00844611 0.00908185 0.0096367
 0.000530656 0.00119633 0.00205827 0.00303499 0.00405521 0.0050647 0.00602623 0.00691692 0.00772489 0.00844611 0.00908185 0.0096367
 0.000530656 0.00119633 0.00205827 0.00303499 0.00405521 0.0050647 0.00602623 0.00691692 0.00772489 0.00844611 0.00908185 0.0096367
 0.000530656 0.00119633 0.00205827 0.00303499 0.00405521 0.0050647 0.00602623 0.00691692 0.00772489 0.00844611 0.00908185 0.0096367
 0.000530656 0.00119633 0.00205827 0.00303499 0.00405521 0.0050647 0.00602623 0.00691692 0.00772489 0.00844611 0.00908185 0.0096367
 0.000530656 0.00119633 0.00205827 0.00303499 0.00405521 0.0050647 0.00602623 0.00691692 0.00772489 0.00844611 0.00908185 0.0096367
 0.000530656 0.00119633 0.00205827 0.00303499 0.00405521 0.0050647 0.00602623 0.00691692 0.00772489 0.00844611 0.00908185 0.0096367
 0.000530656 0.00119633 0.00205827 0.00303499 0.00405521 0.0050647 0.00602623 0.00691692 0.00772489 0.00844611 0.00908185 0.0096367
 0.000530656 0.00119633 0.00205827 0.00303499 0.00405521 0.0050647 0.00602623 0.00691692 0.00772489 0.00844611 0.00908185 0.0096367
 0.000530656 0.00119633 0.00205827 0.00303499 0.00405521 0.0050647 0.00602623 0.00691692 0.00772489 0.00844611 0.00908185 0.0096367
 0.000530656 0.00119633 0.00205827 0.00303499 0.00405521 0.0050647 0.00602623 0.00691692 0.00772489 0.00844611 0.00908185 0.0096367
 0.000530656 0.00119633 0.00205827 0.00303499 0.00405521 0.0050647 0.00602623 0.00691692 0.00772489 0.00844611 0.00908185 0.0096367
 0.000530656 0.00119633 0.00205827 0.00303499 0.00405521 0.0050647 0.00602623 0.00691692 0.00772489 0.00844611 0.00908185 0.0096367
 0.000530656 0.00119633 0.00205827 0.00303499 0.00405521 0.0050647 0.00602623 0.00691692 0.00772489 0.00844611 0.00908185 0.0096367
 0.000530656 0.00119633 0.00205827 0.00303499 0.00405521 0.0050647 0.00602623 0.00691692 0.00772489 0.00844611 0.00908185 0.0096367
 0.000530656 0.00119633 0.00205827 0.00303499 0.00405521 0.0050647 0.00602623 0.00691692 0.00772489 0.00844611 0.00908185 0.0096367
 0.000530656 0.00119633 0.00205827 0.00303499 0.00405521 0.0050647 0.00602623 0.00691692 0.00772489 0.00844611 0.00908185 0.0096367
# nyrs_ind_age
 30
# yrs_ind_age
 1 2 3 4 5 6 7 8 9 10 11 12 13 14 15 16 17 18 19 20 21 22 23 24 25 26 27 28 29 30
# n_sample_ind_age
 200 200 200 200 200 200 200 200 200 200 200 200 200 200 200 200 200 200 200 200 200 200 200 200 200 200 200 200 200 200
# oac_ind
 0.045 0.165 0.16 0.085 0.12 0.09 0.06 0.065 0.02 0.015 0.035 0.14
 0.065 0.145 0.155 0.145 0.105 0.055 0.065 0.06 0.025 0.045 0.025 0.11
 0.015 0.165 0.16 0.12 0.09 0.085 0.075 0.045 0.07 0.04 0.01 0.125
 0.075 0.175 0.175 0.1 0.075 0.07 0.075 0.055 0.03 0.045 0.015 0.11
 0.085 0.12 0.135 0.165 0.06 0.075 0.065 0.03 0.055 0.03 0.025 0.155
 0.055 0.22 0.115 0.14 0.105 0.07 0.06 0.06 0.005 0.025 0.02 0.125
 0.055 0.16 0.215 0.095 0.12 0.045 0.04 0.035 0.045 0.05 0.03 0.11
 0.105 0.15 0.165 0.12 0.08 0.045 0.08 0.04 0.045 0.06 0.005 0.105
 0.075 0.17 0.165 0.12 0.155 0.05 0.04 0.035 0.025 0.03 0.025 0.11
 0.085 0.145 0.22 0.14 0.09 0.085 0.05 0.04 0.04 0.025 0.035 0.045
 0.055 0.215 0.17 0.135 0.125 0.08 0.06 0.04 0.02 0.01 0.02 0.07
 0.06 0.205 0.215 0.115 0.08 0.05 0.075 0.075 0.015 0.015 0.035 0.06
 0.055 0.17 0.21 0.14 0.12 0.065 0.08 0.065 0.04 0.01 0.005 0.04
 0.095 0.15 0.16 0.16 0.115 0.075 0.055 0.035 0.045 0.015 0.03 0.065
 0.07 0.205 0.205 0.13 0.1 0.095 0.055 0.04 0.025 0.015 0.015 0.045
 0.085 0.17 0.175 0.19 0.075 0.11 0.04 0.035 0.025 0.01 0.02 0.065
 0.115 0.175 0.21 0.155 0.08 0.065 0.06 0.035 0.035 0.01 0.015 0.045
 0.06 0.195 0.225 0.165 0.08 0.08 0.055 0.04 0.02 0.015 0.01 0.055
 0.095 0.185 0.24 0.2 0.065 0.065 0.035 0.015 0.035 0.01 0.015 0.04
 0.085 0.195 0.18 0.18 0.08 0.08 0.055 0.055 0.02 0.01 0.005 0.055
 0.12 0.19 0.24 0.14 0.12 0.06 0.04 0.03 0.005 0.02 0 0.035
 0.105 0.275 0.16 0.125 0.09 0.08 0.065 0.025 0.03 0.01 0.015 0.02
 0.075 0.305 0.265 0.13 0.075 0.065 0.025 0.015 0.01 0.005 0.01 0.02
 0.095 0.185 0.27 0.175 0.085 0.075 0.01 0.03 0.035 0.02 0.01 0.01
 0.115 0.18 0.21 0.15 0.15 0.06 0.055 0.015 0.025 0.01 0.005 0.025
 0.11 0.255 0.21 0.14 0.135 0.055 0.045 0.015 0.02 0.01 0 0.005
 0.11 0.205 0.325 0.125 0.08 0.09 0.02 0.01 0.01 0 0.005 0.02
 0.135 0.245 0.215 0.15 0.11 0.045 0.04 0.035 0.01 0 0 0.015
 0.135 0.34 0.16 0.165 0.065 0.055 0.04 0.015 0.01 0 0 0.015
 0.115 0.295 0.225 0.155 0.07 0.07 0.01 0.025 0.01 0.01 0.01 0.005
# olc_ind

# obs_lse_ind
 0.198042 0.198042 0.198042 0.198042 0.198042 0.198042 0.198042 0.198042 0.198042 0.198042 0.198042 0.198042 0.198042 0.198042 0.198042 0.198042 0.198042 0.198042 0.198042 0.198042 0.198042 0.198042 0.198042 0.198042 0.198042 0.198042 0.198042 0.198042 0.198042 0.198042
# xages_fsh
 0 0 0 0 0 0 0 0 0 0 0 0
# xages_fsh
 0 0.0909091 0.181818 0.272727 0.363636 0.454545 0.545455 0.636364 0.727273 0.818182 0.909091 1
# xnodes_fsh

Yrs fsh_sel change:  1 0 0 0 0 0 0 0 0 0 0 0 0 0 0 0 0 0 0 0 0 0 0 0 0 0 0 0 0
Yrs ind_sel change:  1 0 0 0 0 0 0 0 0 0 0 0 0 0 0 0 0 0 0 0 0 0 0 0 0 0 0 0 0
# steepnessprior
0.75
# sigmarprior
0.2
#  SSB estimated in styr endyr: -12 28 
#  Rec estimated in styr endyr: -10 30 
#  SR Curve fit  in styr endyr: 1 30 
#             Model styr endyr: 1 30 
# qprior
 3.48998e-007
# q_power_prior 
 1 
# cv_catchbiomass 
0.05 
# CatchbiomassPen 
200 
# Number of projection years 
5 
# offset_fsh
 13403.5
# offset_ind
 13091.3
Mean Catch
1275.95
R_guess 
13.8155
# nfsh
1
# n_sel_ch_fsh
 1
# nselages_fsh
 11
# phase_selcoff_fsh
 -1
logRzero 13.8155
logmeanrec 13.8155
exp(log_sigmarprior 0.2
Fish sel phase: -1 OM1
Fixing fishery sel to
1
Fixing fishery sel to
1
Srvy sel phase: -1
Fixing survey_index1 indices sel to
1
Fixing index sel to
1
# logsel_slp_in_indv
 0.693147
Leaving parameter init secton
# M
 0.2 0.2 0.2 0.2 0.2 0.2 0.2 0.2 0.2 0.2 0.2 0.2
 0.2 0.2 0.2 0.2 0.2 0.2 0.2 0.2 0.2 0.2 0.2 0.2
 0.2 0.2 0.2 0.2 0.2 0.2 0.2 0.2 0.2 0.2 0.2 0.2
 0.2 0.2 0.2 0.2 0.2 0.2 0.2 0.2 0.2 0.2 0.2 0.2
 0.2 0.2 0.2 0.2 0.2 0.2 0.2 0.2 0.2 0.2 0.2 0.2
 0.2 0.2 0.2 0.2 0.2 0.2 0.2 0.2 0.2 0.2 0.2 0.2
 0.2 0.2 0.2 0.2 0.2 0.2 0.2 0.2 0.2 0.2 0.2 0.2
 0.2 0.2 0.2 0.2 0.2 0.2 0.2 0.2 0.2 0.2 0.2 0.2
 0.2 0.2 0.2 0.2 0.2 0.2 0.2 0.2 0.2 0.2 0.2 0.2
 0.2 0.2 0.2 0.2 0.2 0.2 0.2 0.2 0.2 0.2 0.2 0.2
 0.2 0.2 0.2 0.2 0.2 0.2 0.2 0.2 0.2 0.2 0.2 0.2
 0.2 0.2 0.2 0.2 0.2 0.2 0.2 0.2 0.2 0.2 0.2 0.2
 0.2 0.2 0.2 0.2 0.2 0.2 0.2 0.2 0.2 0.2 0.2 0.2
 0.2 0.2 0.2 0.2 0.2 0.2 0.2 0.2 0.2 0.2 0.2 0.2
 0.2 0.2 0.2 0.2 0.2 0.2 0.2 0.2 0.2 0.2 0.2 0.2
 0.2 0.2 0.2 0.2 0.2 0.2 0.2 0.2 0.2 0.2 0.2 0.2
 0.2 0.2 0.2 0.2 0.2 0.2 0.2 0.2 0.2 0.2 0.2 0.2
 0.2 0.2 0.2 0.2 0.2 0.2 0.2 0.2 0.2 0.2 0.2 0.2
 0.2 0.2 0.2 0.2 0.2 0.2 0.2 0.2 0.2 0.2 0.2 0.2
 0.2 0.2 0.2 0.2 0.2 0.2 0.2 0.2 0.2 0.2 0.2 0.2
 0.2 0.2 0.2 0.2 0.2 0.2 0.2 0.2 0.2 0.2 0.2 0.2
 0.2 0.2 0.2 0.2 0.2 0.2 0.2 0.2 0.2 0.2 0.2 0.2
 0.2 0.2 0.2 0.2 0.2 0.2 0.2 0.2 0.2 0.2 0.2 0.2
 0.2 0.2 0.2 0.2 0.2 0.2 0.2 0.2 0.2 0.2 0.2 0.2
 0.2 0.2 0.2 0.2 0.2 0.2 0.2 0.2 0.2 0.2 0.2 0.2
 0.2 0.2 0.2 0.2 0.2 0.2 0.2 0.2 0.2 0.2 0.2 0.2
 0.2 0.2 0.2 0.2 0.2 0.2 0.2 0.2 0.2 0.2 0.2 0.2
 0.2 0.2 0.2 0.2 0.2 0.2 0.2 0.2 0.2 0.2 0.2 0.2
 0.2 0.2 0.2 0.2 0.2 0.2 0.2 0.2 0.2 0.2 0.2 0.2
 0.2 0.2 0.2 0.2 0.2 0.2 0.2 0.2 0.2 0.2 0.2 0.2
# mean_log_rec
13.774
# log_Rzero
13.8048
# rec_dev
 -0.0458009 0.0999715 0.048008 -0.154987 0.0246961 0.0406771 0.0817513 0.0116994 -0.0248023 0.102006 0.0207288 0.00155372 0.248161 0.00779832 -0.126401 0.303047 0.198024 0.01594 0.167043 -0.0099198 0.118666 0.0799278 -0.151399 -0.0513234 0.0313252 -0.0805236 0.0728018 0.02111 -0.310044 -0.220382 -0.365749 -0.0367318 -0.073249 -0.332393 -0.449165 -0.103378 -0.44484 -0.436788 -0.151112 -0.174968 -0.315797
# fmort
 0.00889843 0.026488 0.0441792 0.0596833 0.048056 0.0871695 0.0877755 0.186506 0.11039 0.13594 0.152263 0.164494 0.118627 0.171792 0.182866 0.164745 0.320513 0.263293 0.260663 0.260205 0.36096 0.264893 0.432664 0.363278 0.367598 0.337523 0.33059 0.459837 0.350215 0.540623
# rec_dev_future
 0 0 0 0 0
