AMAK;August_2013
# styr
1
# endyr
30
# rec_age
1
# oldest_age
12
# nlength
81
# len_bins
 10 11 12 13 14 15 16 17 18 19 20 21 22 23 24 25 26 27 28 29 30 31 32 33 34 35 36 37 38 39 40 41 42 43 44 45 46 47 48 49 50 51 52 53 54 55 56 57 58 59 60 61 62 63 64 65 66 67 68 69 70 71 72 73 74 75 76 77 78 79 80 81 82 83 84 85 86 87 88 89 90
# datafile_name
amak_data.dat
# model_name
OM_1
# styr
1
# endyr
30
# rec_age
1
# oldest_age
12
# nfsh
1
# fshname
OM1
# catch_bio_in
 161.048 466.669 758.454 989.938 758.771 1331.81 1291.93 2491.18 1333.73 1528.31 1621.84 1608.42 1102.53 1536.93 1511.74 1271.08 2238.14 1612.56 1456.83 1307.01 1635.87 1088.12 1627.06 1210.17 1119.15 977.683 930.784 1208.75 868.401 1268.05
# catch_bio_sd_in
 0.01 0.01 0.01 0.01 0.01 0.01 0.01 0.01 0.01 0.01 0.01 0.01 0.01 0.01 0.01 0.01 0.01 0.01 0.01 0.01 0.01 0.01 0.01 0.01 0.01 0.01 0.01 0.01 0.01 0.01
# nyrs_fsh_age
 30
# nyrs_fsh_length
 0
# yrs_fsh_age_in
 1 2 3 4 5 6 7 8 9 10 11 12 13 14 15 16 17 18 19 20 21 22 23 24 25 26 27 28 29 30
# yrs_fsh_length_in

# n_sample_fsh_length_in

# olc_fsh_in

# nind
1
# indname
survey_index1
# nyrs_ind
 30
# yrs_ind_in
 1 2 3 4 5 6 7 8 9 10 11 12 13 14 15 16 17 18 19 20 21 22 23 24 25 26 27 28 29 30
# mo_ind
 1
# obs_ind_in
 1.47905 1.50319 1.47166 1.82588 1.34535 1.53778 1.48275 1.67349 1.28425 1.05111 1.23859 1.13406 1.20729 0.923581 0.904029 0.910884 0.988075 0.829854 0.74412 0.89172 0.66671 0.661235 0.74682 0.594679 0.467881 0.495278 0.561521 0.476034 0.551241 0.527033
# obs_se_ind_in
 0.29581 0.300639 0.294332 0.365177 0.269071 0.307556 0.29655 0.334698 0.25685 0.210221 0.247719 0.226811 0.241457 0.184716 0.180806 0.182177 0.197615 0.165971 0.148824 0.178344 0.133342 0.132247 0.149364 0.118936 0.0935762 0.0990555 0.112304 0.0952067 0.110248 0.105407
# nyrs_ind_age
 30
# nyrs_ind_length
 0
# yrs_ind_age_in
 1 2 3 4 5 6 7 8 9 10 11 12 13 14 15 16 17 18 19 20 21 22 23 24 25 26 27 28 29 30
# yrs_ind_length_in

# yrs_ind_age_in
 1 2 3 4 5 6 7 8 9 10 11 12 13 14 15 16 17 18 19 20 21 22 23 24 25 26 27 28 29 30
# n_sample_ind_length_in

# olc_ind_in

# oac_ind_in
 0.085 0.125 0.135 0.12 0.08 0.105 0.065 0.05 0.025 0.04 0.035 0.135
 0.1 0.155 0.12 0.115 0.115 0.095 0.06 0.04 0.035 0.035 0.02 0.11
 0.055 0.21 0.16 0.12 0.095 0.06 0.04 0.045 0.045 0.045 0.015 0.11
 0.055 0.145 0.175 0.15 0.06 0.07 0.03 0.065 0.01 0.045 0.04 0.155
 0.07 0.14 0.13 0.145 0.1 0.075 0.07 0.085 0.035 0.01 0.03 0.11
 0.08 0.22 0.08 0.095 0.125 0.11 0.075 0.065 0.03 0.035 0.01 0.075
 0.035 0.155 0.235 0.08 0.08 0.08 0.085 0.055 0.03 0.035 0.005 0.125
 0.085 0.165 0.125 0.155 0.085 0.085 0.06 0.045 0.045 0.025 0.03 0.095
 0.065 0.19 0.14 0.15 0.13 0.03 0.065 0.045 0.03 0.015 0.02 0.12
 0.06 0.185 0.23 0.12 0.115 0.11 0.04 0.015 0.025 0.02 0.04 0.04
 0.075 0.2 0.135 0.19 0.115 0.08 0.05 0.02 0.02 0.04 0.025 0.05
 0.09 0.18 0.15 0.09 0.145 0.045 0.085 0.05 0.03 0.015 0.045 0.075
 0.075 0.155 0.225 0.15 0.095 0.04 0.06 0.05 0.035 0.025 0.015 0.075
 0.07 0.19 0.135 0.15 0.135 0.095 0.04 0.04 0.035 0.025 0.01 0.075
 0.075 0.235 0.155 0.15 0.105 0.07 0.05 0.03 0.025 0.03 0.02 0.055
 0.105 0.225 0.165 0.145 0.085 0.06 0.055 0.055 0.015 0.02 0.015 0.055
 0.12 0.195 0.195 0.135 0.11 0.045 0.04 0.06 0.025 0.025 0.015 0.035
 0.045 0.305 0.215 0.135 0.1 0.045 0.035 0.035 0.01 0.01 0.03 0.035
 0.095 0.195 0.19 0.2 0.095 0.07 0.065 0.045 0.015 0.005 0.005 0.02
 0.1 0.19 0.16 0.185 0.095 0.085 0.07 0.02 0.02 0.01 0.025 0.04
 0.16 0.18 0.175 0.18 0.105 0.06 0.035 0.035 0.015 0.01 0.02 0.025
 0.13 0.34 0.12 0.11 0.055 0.095 0.04 0.02 0.04 0.01 0.015 0.025
 0.09 0.21 0.21 0.115 0.1 0.06 0.08 0.055 0.035 0.02 0.01 0.015
 0.105 0.255 0.225 0.2 0.065 0.05 0.02 0.05 0.015 0.005 0.005 0.005
 0.085 0.23 0.235 0.175 0.11 0.04 0.04 0.035 0.01 0.01 0.01 0.02
 0.075 0.325 0.13 0.12 0.17 0.07 0.025 0.03 0.005 0.02 0.005 0.025
 0.125 0.21 0.28 0.135 0.12 0.06 0.02 0.01 0.015 0 0.015 0.01
 0.185 0.255 0.225 0.12 0.065 0.03 0.035 0.035 0.035 0 0.005 0.01
 0.2 0.28 0.16 0.125 0.11 0.035 0.02 0.025 0.02 0.005 0.02 0
 0.11 0.345 0.27 0.11 0.05 0.075 0.015 0.005 0 0.005 0.01 0.005
# wt_ind
 1 1 1 1 1 1 1 1 1 1 1 1
 1 1 1 1 1 1 1 1 1 1 1 1
 1 1 1 1 1 1 1 1 1 1 1 1
 1 1 1 1 1 1 1 1 1 1 1 1
 1 1 1 1 1 1 1 1 1 1 1 1
 1 1 1 1 1 1 1 1 1 1 1 1
 1 1 1 1 1 1 1 1 1 1 1 1
 1 1 1 1 1 1 1 1 1 1 1 1
 1 1 1 1 1 1 1 1 1 1 1 1
 1 1 1 1 1 1 1 1 1 1 1 1
 1 1 1 1 1 1 1 1 1 1 1 1
 1 1 1 1 1 1 1 1 1 1 1 1
 1 1 1 1 1 1 1 1 1 1 1 1
 1 1 1 1 1 1 1 1 1 1 1 1
 1 1 1 1 1 1 1 1 1 1 1 1
 1 1 1 1 1 1 1 1 1 1 1 1
 1 1 1 1 1 1 1 1 1 1 1 1
 1 1 1 1 1 1 1 1 1 1 1 1
 1 1 1 1 1 1 1 1 1 1 1 1
 1 1 1 1 1 1 1 1 1 1 1 1
 1 1 1 1 1 1 1 1 1 1 1 1
 1 1 1 1 1 1 1 1 1 1 1 1
 1 1 1 1 1 1 1 1 1 1 1 1
 1 1 1 1 1 1 1 1 1 1 1 1
 1 1 1 1 1 1 1 1 1 1 1 1
 1 1 1 1 1 1 1 1 1 1 1 1
 1 1 1 1 1 1 1 1 1 1 1 1
 1 1 1 1 1 1 1 1 1 1 1 1
 1 1 1 1 1 1 1 1 1 1 1 1
 1 1 1 1 1 1 1 1 1 1 1 1
# wt_pop
 0.000530656 0.00119633 0.00205827 0.00303499 0.00405521 0.0050647 0.00602623 0.00691692 0.00772489 0.00844611 0.00908185 0.0096367
# maturity
 0.0229774 0.320821 0.904651 0.99478 0.999739 0.999987 0.999999 1 1 1 1 1
# spawnmo
1
# age_err
 1 0 0 0 0 0 0 0 0 0 0 0
 0 1 0 0 0 0 0 0 0 0 0 0
 0 0 1 0 0 0 0 0 0 0 0 0
 0 0 0 1 0 0 0 0 0 0 0 0
 0 0 0 0 1 0 0 0 0 0 0 0
 0 0 0 0 0 1 0 0 0 0 0 0
 0 0 0 0 0 0 1 0 0 0 0 0
 0 0 0 0 0 0 0 1 0 0 0 0
 0 0 0 0 0 0 0 0 1 0 0 0
 0 0 0 0 0 0 0 0 0 1 0 0
 0 0 0 0 0 0 0 0 0 0 1 0
 0 0 0 0 0 0 0 0 0 0 0 1
# cntrlfile_name
C:\Users\bai.li\Desktop\s1_test\AMAK\s98\amak.dat
# Map shared selectivity: 
# sel_map
 1 2
 1 1
# datafile_name
amak_data.dat
# model_name
OM_1
# SrType
2
# use_age_err
0
# retro
0
# sigmarprior
0.2
# cvsigmarprior
0.25
# phase_sigmar
-3
# styr_rec_est
1
# endyr_rec_est
30
# Linfprior
80
# cvLinfprior
0.25
# kprior
0.18
# cvkprior
0.25
# Loprior
27.688
# cvLoprior
0.25
# sdageprior
0.1
# cvsdageprior
0.25
# natmortprior
0.2
# cvnatmortprior
0.25
# phase_M
-4
# npars_Mage
0
# ages_M_changes

# Mage_in

# phase_Mage
-5
# phase_rw_M
0
# npars_rw_M
0
# yrs_rw_M

# sigma_rw_M

# qprior
 3.48998e-007
# cvqprior
 1
# phase_q
 1
# q_power_prior
 1
# cvq_power_prior
 0.2
# phase_q_power
 -4
# phase_rw_q
 -1
# npars_rw_q
 0
# yrs_rw_q

# sigma_rw_q

# q_age_min
 1
# q_age_max
 12
# q_age_min
 1
# q_age_max
 12
# fsh_sel_opt(k)
2
# phase_sel_fsh(k)
-2
# n_sel_ch_fsh(k)
1
# sel_slp_in_fsh(k)(1,n_sel_ch_fsh(k))
 1
# sel_inf_in_fsh(k)(1,n_sel_ch_fsh(k))
 2
# logsel_slp_in_fsh(k)(1,n_sel_ch_fsh(k))
 0
# yrs_sel_ch_fsh(k)(1,n_sel_ch_fsh(k))
 1

Survey survey_index1
# ind_sel_opt(k)
2
# indname(k)
survey_index1
# nselages_in_ind(k)
11
# phase_sel_ind(k)
-2
# sel_change_in_ind(k)
 1 0 0 0 0 0 0 0 0 0 0 0 0 0 0 0 0 0 0 0 0 0 0 0 0 0 0 0 0 0
# n_sel_ch_ind(k)
1
# yrs_sel_ch_ind(k)(1,n_sel_ch_ind(k))
 1
# sel_slp_in_ind(k,1)
2
# sel_inf_in_ind(k,1)
1.5
# logsel_slp_in_ind(k,1)
0.693147
# logsel_slp_in_indv(k)
0.693147
survey_index1 ind sel opt 2  1 0 0 0 0 0 0 0 0 0 0 0 0 0 0 0 0 0 0 0 0 0 0 0 0 0 0 0 0 0
Phase indices Sel_Coffs:  -1
 Test: 1.23457e+008
# Fshry Selages:  11
# Srvy  Selages:  11
# Phase for age-spec fishery  -1
# Phase for logistic fishery  -2
# Phase for dble logistic fishery  -1
# Phase for age-spec indices   -1
# Phase for logistic indices   -2
# Phase for dble logistic ind  -1
# Curv_pen_fsh: 
 0
# Curv_pen_ind: 
 0
# styr_fut
31
# endyr_fut
35
# nyrs_fsh_age
 30
# nyrs_fsh_age
 30
# yrs_fsh_age
 1 2 3 4 5 6 7 8 9 10 11 12 13 14 15 16 17 18 19 20 21 22 23 24 25 26 27 28 29 30
# n_sample_fsh_age
 200 200 200 200 200 200 200 200 200 200 200 200 200 200 200 200 200 200 200 200 200 200 200 200 200 200 200 200 200 200
# oac_fsh
 0.035 0.14 0.11 0.065 0.075 0.125 0.045 0.095 0.08 0.05 0.01 0.17
 0.06 0.105 0.085 0.13 0.11 0.11 0.085 0.065 0.035 0.04 0.03 0.145
 0.065 0.145 0.13 0.125 0.105 0.075 0.06 0.035 0.045 0.085 0.015 0.115
 0.05 0.085 0.125 0.115 0.08 0.1 0.11 0.09 0.045 0.04 0.045 0.115
 0.1 0.08 0.125 0.175 0.08 0.085 0.065 0.05 0.045 0.06 0.025 0.11
 0.09 0.165 0.095 0.14 0.12 0.035 0.105 0.045 0.025 0.035 0.035 0.11
 0.075 0.17 0.18 0.095 0.095 0.095 0.065 0.05 0.035 0.03 0.02 0.09
 0.105 0.09 0.13 0.17 0.075 0.075 0.095 0.035 0.035 0.025 0.025 0.14
 0.075 0.155 0.13 0.115 0.155 0.05 0.05 0.065 0.03 0.02 0.03 0.125
 0.09 0.115 0.19 0.15 0.11 0.1 0.035 0.03 0.04 0.035 0.02 0.085
 0.08 0.13 0.11 0.165 0.085 0.08 0.095 0.04 0.015 0.055 0.03 0.115
 0.055 0.155 0.18 0.125 0.14 0.06 0.06 0.06 0.025 0.03 0.03 0.08
 0.09 0.115 0.14 0.205 0.09 0.105 0.06 0.075 0.035 0.01 0.025 0.05
 0.075 0.115 0.205 0.19 0.135 0.07 0.045 0.04 0.04 0.02 0 0.065
 0.09 0.205 0.175 0.115 0.1 0.095 0.055 0.055 0.035 0.01 0.025 0.04
 0.125 0.165 0.165 0.125 0.085 0.12 0.045 0.035 0.035 0.025 0.025 0.05
 0.1 0.16 0.18 0.155 0.13 0.06 0.045 0.05 0.03 0.02 0.005 0.065
 0.08 0.135 0.245 0.14 0.125 0.035 0.055 0.065 0.035 0.035 0 0.05
 0.095 0.12 0.24 0.175 0.125 0.085 0.015 0.03 0.035 0.035 0.015 0.03
 0.1 0.14 0.21 0.13 0.155 0.07 0.06 0.055 0.015 0.015 0.02 0.03
 0.12 0.245 0.195 0.095 0.165 0.07 0.02 0.035 0.01 0.005 0.02 0.02
 0.165 0.195 0.16 0.17 0.09 0.05 0.04 0.04 0.055 0.005 0.02 0.01
 0.13 0.21 0.245 0.125 0.105 0.08 0.03 0.045 0.005 0.005 0 0.02
 0.06 0.235 0.23 0.18 0.065 0.07 0.035 0.045 0.04 0.015 0.015 0.01
 0.19 0.235 0.16 0.16 0.11 0.025 0.03 0.015 0.02 0.015 0.005 0.035
 0.095 0.205 0.19 0.17 0.13 0.09 0.03 0.045 0.03 0.005 0.005 0.005
 0.185 0.2 0.235 0.15 0.065 0.06 0.025 0.04 0.015 0 0.005 0.02
 0.15 0.19 0.195 0.19 0.12 0.045 0.045 0.02 0.01 0.01 0.005 0.02
 0.19 0.26 0.175 0.105 0.12 0.065 0.01 0.02 0.02 0.01 0.01 0.015
 0.18 0.25 0.21 0.11 0.045 0.095 0.045 0.03 0.025 0 0 0.01
# olc_fsh

# wt_fsh
 0.000530656 0.00119633 0.00205827 0.00303499 0.00405521 0.0050647 0.00602623 0.00691692 0.00772489 0.00844611 0.00908185 0.0096367
 0.000530656 0.00119633 0.00205827 0.00303499 0.00405521 0.0050647 0.00602623 0.00691692 0.00772489 0.00844611 0.00908185 0.0096367
 0.000530656 0.00119633 0.00205827 0.00303499 0.00405521 0.0050647 0.00602623 0.00691692 0.00772489 0.00844611 0.00908185 0.0096367
 0.000530656 0.00119633 0.00205827 0.00303499 0.00405521 0.0050647 0.00602623 0.00691692 0.00772489 0.00844611 0.00908185 0.0096367
 0.000530656 0.00119633 0.00205827 0.00303499 0.00405521 0.0050647 0.00602623 0.00691692 0.00772489 0.00844611 0.00908185 0.0096367
 0.000530656 0.00119633 0.00205827 0.00303499 0.00405521 0.0050647 0.00602623 0.00691692 0.00772489 0.00844611 0.00908185 0.0096367
 0.000530656 0.00119633 0.00205827 0.00303499 0.00405521 0.0050647 0.00602623 0.00691692 0.00772489 0.00844611 0.00908185 0.0096367
 0.000530656 0.00119633 0.00205827 0.00303499 0.00405521 0.0050647 0.00602623 0.00691692 0.00772489 0.00844611 0.00908185 0.0096367
 0.000530656 0.00119633 0.00205827 0.00303499 0.00405521 0.0050647 0.00602623 0.00691692 0.00772489 0.00844611 0.00908185 0.0096367
 0.000530656 0.00119633 0.00205827 0.00303499 0.00405521 0.0050647 0.00602623 0.00691692 0.00772489 0.00844611 0.00908185 0.0096367
 0.000530656 0.00119633 0.00205827 0.00303499 0.00405521 0.0050647 0.00602623 0.00691692 0.00772489 0.00844611 0.00908185 0.0096367
 0.000530656 0.00119633 0.00205827 0.00303499 0.00405521 0.0050647 0.00602623 0.00691692 0.00772489 0.00844611 0.00908185 0.0096367
 0.000530656 0.00119633 0.00205827 0.00303499 0.00405521 0.0050647 0.00602623 0.00691692 0.00772489 0.00844611 0.00908185 0.0096367
 0.000530656 0.00119633 0.00205827 0.00303499 0.00405521 0.0050647 0.00602623 0.00691692 0.00772489 0.00844611 0.00908185 0.0096367
 0.000530656 0.00119633 0.00205827 0.00303499 0.00405521 0.0050647 0.00602623 0.00691692 0.00772489 0.00844611 0.00908185 0.0096367
 0.000530656 0.00119633 0.00205827 0.00303499 0.00405521 0.0050647 0.00602623 0.00691692 0.00772489 0.00844611 0.00908185 0.0096367
 0.000530656 0.00119633 0.00205827 0.00303499 0.00405521 0.0050647 0.00602623 0.00691692 0.00772489 0.00844611 0.00908185 0.0096367
 0.000530656 0.00119633 0.00205827 0.00303499 0.00405521 0.0050647 0.00602623 0.00691692 0.00772489 0.00844611 0.00908185 0.0096367
 0.000530656 0.00119633 0.00205827 0.00303499 0.00405521 0.0050647 0.00602623 0.00691692 0.00772489 0.00844611 0.00908185 0.0096367
 0.000530656 0.00119633 0.00205827 0.00303499 0.00405521 0.0050647 0.00602623 0.00691692 0.00772489 0.00844611 0.00908185 0.0096367
 0.000530656 0.00119633 0.00205827 0.00303499 0.00405521 0.0050647 0.00602623 0.00691692 0.00772489 0.00844611 0.00908185 0.0096367
 0.000530656 0.00119633 0.00205827 0.00303499 0.00405521 0.0050647 0.00602623 0.00691692 0.00772489 0.00844611 0.00908185 0.0096367
 0.000530656 0.00119633 0.00205827 0.00303499 0.00405521 0.0050647 0.00602623 0.00691692 0.00772489 0.00844611 0.00908185 0.0096367
 0.000530656 0.00119633 0.00205827 0.00303499 0.00405521 0.0050647 0.00602623 0.00691692 0.00772489 0.00844611 0.00908185 0.0096367
 0.000530656 0.00119633 0.00205827 0.00303499 0.00405521 0.0050647 0.00602623 0.00691692 0.00772489 0.00844611 0.00908185 0.0096367
 0.000530656 0.00119633 0.00205827 0.00303499 0.00405521 0.0050647 0.00602623 0.00691692 0.00772489 0.00844611 0.00908185 0.0096367
 0.000530656 0.00119633 0.00205827 0.00303499 0.00405521 0.0050647 0.00602623 0.00691692 0.00772489 0.00844611 0.00908185 0.0096367
 0.000530656 0.00119633 0.00205827 0.00303499 0.00405521 0.0050647 0.00602623 0.00691692 0.00772489 0.00844611 0.00908185 0.0096367
 0.000530656 0.00119633 0.00205827 0.00303499 0.00405521 0.0050647 0.00602623 0.00691692 0.00772489 0.00844611 0.00908185 0.0096367
 0.000530656 0.00119633 0.00205827 0.00303499 0.00405521 0.0050647 0.00602623 0.00691692 0.00772489 0.00844611 0.00908185 0.0096367
# nyrs_ind_age
 30
# yrs_ind_age
 1 2 3 4 5 6 7 8 9 10 11 12 13 14 15 16 17 18 19 20 21 22 23 24 25 26 27 28 29 30
# n_sample_ind_age
 200 200 200 200 200 200 200 200 200 200 200 200 200 200 200 200 200 200 200 200 200 200 200 200 200 200 200 200 200 200
# oac_ind
 0.085 0.125 0.135 0.12 0.08 0.105 0.065 0.05 0.025 0.04 0.035 0.135
 0.1 0.155 0.12 0.115 0.115 0.095 0.06 0.04 0.035 0.035 0.02 0.11
 0.055 0.21 0.16 0.12 0.095 0.06 0.04 0.045 0.045 0.045 0.015 0.11
 0.055 0.145 0.175 0.15 0.06 0.07 0.03 0.065 0.01 0.045 0.04 0.155
 0.07 0.14 0.13 0.145 0.1 0.075 0.07 0.085 0.035 0.01 0.03 0.11
 0.08 0.22 0.08 0.095 0.125 0.11 0.075 0.065 0.03 0.035 0.01 0.075
 0.035 0.155 0.235 0.08 0.08 0.08 0.085 0.055 0.03 0.035 0.005 0.125
 0.085 0.165 0.125 0.155 0.085 0.085 0.06 0.045 0.045 0.025 0.03 0.095
 0.065 0.19 0.14 0.15 0.13 0.03 0.065 0.045 0.03 0.015 0.02 0.12
 0.06 0.185 0.23 0.12 0.115 0.11 0.04 0.015 0.025 0.02 0.04 0.04
 0.075 0.2 0.135 0.19 0.115 0.08 0.05 0.02 0.02 0.04 0.025 0.05
 0.09 0.18 0.15 0.09 0.145 0.045 0.085 0.05 0.03 0.015 0.045 0.075
 0.075 0.155 0.225 0.15 0.095 0.04 0.06 0.05 0.035 0.025 0.015 0.075
 0.07 0.19 0.135 0.15 0.135 0.095 0.04 0.04 0.035 0.025 0.01 0.075
 0.075 0.235 0.155 0.15 0.105 0.07 0.05 0.03 0.025 0.03 0.02 0.055
 0.105 0.225 0.165 0.145 0.085 0.06 0.055 0.055 0.015 0.02 0.015 0.055
 0.12 0.195 0.195 0.135 0.11 0.045 0.04 0.06 0.025 0.025 0.015 0.035
 0.045 0.305 0.215 0.135 0.1 0.045 0.035 0.035 0.01 0.01 0.03 0.035
 0.095 0.195 0.19 0.2 0.095 0.07 0.065 0.045 0.015 0.005 0.005 0.02
 0.1 0.19 0.16 0.185 0.095 0.085 0.07 0.02 0.02 0.01 0.025 0.04
 0.16 0.18 0.175 0.18 0.105 0.06 0.035 0.035 0.015 0.01 0.02 0.025
 0.13 0.34 0.12 0.11 0.055 0.095 0.04 0.02 0.04 0.01 0.015 0.025
 0.09 0.21 0.21 0.115 0.1 0.06 0.08 0.055 0.035 0.02 0.01 0.015
 0.105 0.255 0.225 0.2 0.065 0.05 0.02 0.05 0.015 0.005 0.005 0.005
 0.085 0.23 0.235 0.175 0.11 0.04 0.04 0.035 0.01 0.01 0.01 0.02
 0.075 0.325 0.13 0.12 0.17 0.07 0.025 0.03 0.005 0.02 0.005 0.025
 0.125 0.21 0.28 0.135 0.12 0.06 0.02 0.01 0.015 0 0.015 0.01
 0.185 0.255 0.225 0.12 0.065 0.03 0.035 0.035 0.035 0 0.005 0.01
 0.2 0.28 0.16 0.125 0.11 0.035 0.02 0.025 0.02 0.005 0.02 0
 0.11 0.345 0.27 0.11 0.05 0.075 0.015 0.005 0 0.005 0.01 0.005
# olc_ind

# obs_lse_ind
 0.198042 0.198042 0.198042 0.198042 0.198042 0.198042 0.198042 0.198042 0.198042 0.198042 0.198042 0.198042 0.198042 0.198042 0.198042 0.198042 0.198042 0.198042 0.198042 0.198042 0.198042 0.198042 0.198042 0.198042 0.198042 0.198042 0.198042 0.198042 0.198042 0.198042
# xages_fsh
 0 0 0 0 0 0 0 0 0 0 0 0
# xages_fsh
 0 0.0909091 0.181818 0.272727 0.363636 0.454545 0.545455 0.636364 0.727273 0.818182 0.909091 1
# xnodes_fsh

Yrs fsh_sel change:  1 0 0 0 0 0 0 0 0 0 0 0 0 0 0 0 0 0 0 0 0 0 0 0 0 0 0 0 0
Yrs ind_sel change:  1 0 0 0 0 0 0 0 0 0 0 0 0 0 0 0 0 0 0 0 0 0 0 0 0 0 0 0 0
# steepnessprior
0.75
# sigmarprior
0.2
#  SSB estimated in styr endyr: -12 28 
#  Rec estimated in styr endyr: -10 30 
#  SR Curve fit  in styr endyr: 1 30 
#             Model styr endyr: 1 30 
# qprior
 3.48998e-007
# q_power_prior 
 1 
# cv_catchbiomass 
0.05 
# CatchbiomassPen 
200 
# Number of projection years 
5 
# offset_fsh
 13399.5
# offset_ind
 13097.4
Mean Catch
1277.1
R_guess 
13.8155
# nfsh
1
# n_sel_ch_fsh
 1
# nselages_fsh
 11
# phase_selcoff_fsh
 -1
logRzero 13.8155
logmeanrec 13.8155
exp(log_sigmarprior 0.2
Fish sel phase: -1 OM1
Fixing fishery sel to
1
Fixing fishery sel to
1
Srvy sel phase: -1
Fixing survey_index1 indices sel to
1
Fixing index sel to
1
# logsel_slp_in_indv
 0.693147
Leaving parameter init secton
# M
 0.2 0.2 0.2 0.2 0.2 0.2 0.2 0.2 0.2 0.2 0.2 0.2
 0.2 0.2 0.2 0.2 0.2 0.2 0.2 0.2 0.2 0.2 0.2 0.2
 0.2 0.2 0.2 0.2 0.2 0.2 0.2 0.2 0.2 0.2 0.2 0.2
 0.2 0.2 0.2 0.2 0.2 0.2 0.2 0.2 0.2 0.2 0.2 0.2
 0.2 0.2 0.2 0.2 0.2 0.2 0.2 0.2 0.2 0.2 0.2 0.2
 0.2 0.2 0.2 0.2 0.2 0.2 0.2 0.2 0.2 0.2 0.2 0.2
 0.2 0.2 0.2 0.2 0.2 0.2 0.2 0.2 0.2 0.2 0.2 0.2
 0.2 0.2 0.2 0.2 0.2 0.2 0.2 0.2 0.2 0.2 0.2 0.2
 0.2 0.2 0.2 0.2 0.2 0.2 0.2 0.2 0.2 0.2 0.2 0.2
 0.2 0.2 0.2 0.2 0.2 0.2 0.2 0.2 0.2 0.2 0.2 0.2
 0.2 0.2 0.2 0.2 0.2 0.2 0.2 0.2 0.2 0.2 0.2 0.2
 0.2 0.2 0.2 0.2 0.2 0.2 0.2 0.2 0.2 0.2 0.2 0.2
 0.2 0.2 0.2 0.2 0.2 0.2 0.2 0.2 0.2 0.2 0.2 0.2
 0.2 0.2 0.2 0.2 0.2 0.2 0.2 0.2 0.2 0.2 0.2 0.2
 0.2 0.2 0.2 0.2 0.2 0.2 0.2 0.2 0.2 0.2 0.2 0.2
 0.2 0.2 0.2 0.2 0.2 0.2 0.2 0.2 0.2 0.2 0.2 0.2
 0.2 0.2 0.2 0.2 0.2 0.2 0.2 0.2 0.2 0.2 0.2 0.2
 0.2 0.2 0.2 0.2 0.2 0.2 0.2 0.2 0.2 0.2 0.2 0.2
 0.2 0.2 0.2 0.2 0.2 0.2 0.2 0.2 0.2 0.2 0.2 0.2
 0.2 0.2 0.2 0.2 0.2 0.2 0.2 0.2 0.2 0.2 0.2 0.2
 0.2 0.2 0.2 0.2 0.2 0.2 0.2 0.2 0.2 0.2 0.2 0.2
 0.2 0.2 0.2 0.2 0.2 0.2 0.2 0.2 0.2 0.2 0.2 0.2
 0.2 0.2 0.2 0.2 0.2 0.2 0.2 0.2 0.2 0.2 0.2 0.2
 0.2 0.2 0.2 0.2 0.2 0.2 0.2 0.2 0.2 0.2 0.2 0.2
 0.2 0.2 0.2 0.2 0.2 0.2 0.2 0.2 0.2 0.2 0.2 0.2
 0.2 0.2 0.2 0.2 0.2 0.2 0.2 0.2 0.2 0.2 0.2 0.2
 0.2 0.2 0.2 0.2 0.2 0.2 0.2 0.2 0.2 0.2 0.2 0.2
 0.2 0.2 0.2 0.2 0.2 0.2 0.2 0.2 0.2 0.2 0.2 0.2
 0.2 0.2 0.2 0.2 0.2 0.2 0.2 0.2 0.2 0.2 0.2 0.2
 0.2 0.2 0.2 0.2 0.2 0.2 0.2 0.2 0.2 0.2 0.2 0.2
# mean_log_rec
13.7323
# log_Rzero
13.8077
# rec_dev
 -0.0657987 -0.152468 -0.0264927 -0.053346 0.180614 -0.0286028 0.0321584 0.0138469 0.00602663 0.0362088 0.0461367 0.0964925 0.316431 0.00455751 -0.202602 0.398708 0.212712 0.0267121 0.257048 -0.0251252 0.155695 0.107468 -0.0880926 -0.0626716 0.118264 0.0291834 0.152998 0.126086 -0.233176 -0.161538 -0.295163 0.0211156 -0.059951 -0.262508 -0.376644 -0.131862 -0.465001 -0.359929 -0.113955 -0.00653382 -0.238417
# fmort
 0.00935912 0.0274661 0.045727 0.0619399 0.0492297 0.090283 0.0924459 0.195201 0.114948 0.139553 0.158748 0.169622 0.122543 0.179791 0.190275 0.168506 0.325258 0.264775 0.259683 0.251899 0.351619 0.256404 0.419322 0.351199 0.35069 0.324381 0.319883 0.447295 0.33791 0.509724
# rec_dev_future
 0 0 0 0 0
