AMAK;August_2013
# styr
1
# endyr
30
# rec_age
1
# oldest_age
12
# nlength
81
# len_bins
 10 11 12 13 14 15 16 17 18 19 20 21 22 23 24 25 26 27 28 29 30 31 32 33 34 35 36 37 38 39 40 41 42 43 44 45 46 47 48 49 50 51 52 53 54 55 56 57 58 59 60 61 62 63 64 65 66 67 68 69 70 71 72 73 74 75 76 77 78 79 80 81 82 83 84 85 86 87 88 89 90
# datafile_name
amak_data.dat
# model_name
OM_1
# styr
1
# endyr
30
# rec_age
1
# oldest_age
12
# nfsh
1
# fshname
OM1
# catch_bio_in
 160.325 470.081 759.828 999.026 759.498 1329.28 1279.68 2477.95 1323.53 1522.26 1616.68 1614.9 1109.74 1523.65 1523.43 1287.2 2234.76 1607.42 1451.6 1322.23 1625.3 1077 1633.43 1209.12 1106.92 970.109 932.181 1215.1 877.416 1273.43
# catch_bio_sd_in
 0.01 0.01 0.01 0.01 0.01 0.01 0.01 0.01 0.01 0.01 0.01 0.01 0.01 0.01 0.01 0.01 0.01 0.01 0.01 0.01 0.01 0.01 0.01 0.01 0.01 0.01 0.01 0.01 0.01 0.01
# nyrs_fsh_age
 30
# nyrs_fsh_length
 0
# yrs_fsh_age_in
 1 2 3 4 5 6 7 8 9 10 11 12 13 14 15 16 17 18 19 20 21 22 23 24 25 26 27 28 29 30
# yrs_fsh_length_in

# n_sample_fsh_length_in

# olc_fsh_in

# nind
1
# indname
survey_index1
# nyrs_ind
 30
# yrs_ind_in
 1 2 3 4 5 6 7 8 9 10 11 12 13 14 15 16 17 18 19 20 21 22 23 24 25 26 27 28 29 30
# mo_ind
 1
# obs_ind_in
 1.74316 2.03713 1.41834 1.67971 1.39297 1.32375 1.44874 1.20282 1.32608 1.1869 1.12864 1.10041 1.199 0.931856 1.06874 0.916795 1.03157 0.702835 0.756022 0.619273 0.679919 0.629468 0.699661 0.541864 0.515659 0.616192 0.533559 0.61769 0.531455 0.574625
# obs_se_ind_in
 0.348633 0.407426 0.283668 0.335943 0.278594 0.26475 0.289748 0.240563 0.265216 0.237379 0.225727 0.220082 0.239801 0.186371 0.213747 0.183359 0.206315 0.140567 0.151204 0.123855 0.135984 0.125894 0.139932 0.108373 0.103132 0.123238 0.106712 0.123538 0.106291 0.114925
# nyrs_ind_age
 30
# nyrs_ind_length
 0
# yrs_ind_age_in
 1 2 3 4 5 6 7 8 9 10 11 12 13 14 15 16 17 18 19 20 21 22 23 24 25 26 27 28 29 30
# yrs_ind_length_in

# yrs_ind_age_in
 1 2 3 4 5 6 7 8 9 10 11 12 13 14 15 16 17 18 19 20 21 22 23 24 25 26 27 28 29 30
# n_sample_ind_length_in

# olc_ind_in

# oac_ind_in
 0.04 0.125 0.155 0.125 0.11 0.065 0.075 0.02 0.065 0.03 0.035 0.155
 0.08 0.135 0.115 0.105 0.095 0.085 0.065 0.065 0.03 0.06 0.025 0.14
 0.05 0.185 0.14 0.1 0.085 0.07 0.05 0.05 0.06 0.045 0.035 0.13
 0.055 0.11 0.18 0.095 0.13 0.09 0.07 0.065 0.04 0.05 0.01 0.105
 0.09 0.135 0.135 0.12 0.09 0.095 0.075 0.035 0.045 0.02 0.02 0.14
 0.075 0.175 0.115 0.105 0.135 0.095 0.055 0.05 0.045 0.005 0.03 0.115
 0.06 0.145 0.195 0.095 0.125 0.06 0.085 0.075 0.05 0.01 0.015 0.085
 0.11 0.11 0.255 0.145 0.07 0.045 0.065 0.05 0.04 0.03 0.02 0.06
 0.07 0.17 0.135 0.165 0.12 0.035 0.06 0.055 0.035 0.04 0.03 0.085
 0.1 0.18 0.185 0.15 0.1 0.085 0.035 0.025 0.045 0.005 0.015 0.075
 0.09 0.175 0.17 0.125 0.11 0.07 0.08 0.02 0.03 0.025 0.02 0.085
 0.08 0.165 0.235 0.12 0.085 0.075 0.09 0.06 0.02 0.02 0.01 0.04
 0.1 0.19 0.18 0.115 0.105 0.055 0.055 0.065 0.035 0.015 0.03 0.055
 0.065 0.18 0.14 0.17 0.135 0.085 0.05 0.04 0.03 0.025 0.02 0.06
 0.075 0.19 0.225 0.135 0.085 0.105 0.07 0.015 0.015 0.02 0.01 0.055
 0.11 0.145 0.13 0.12 0.12 0.135 0.075 0.025 0.035 0.03 0.03 0.045
 0.13 0.235 0.205 0.15 0.09 0.035 0.035 0.025 0.015 0.03 0.015 0.035
 0.06 0.21 0.24 0.175 0.055 0.075 0.035 0.04 0.015 0.015 0.025 0.055
 0.1 0.11 0.29 0.18 0.085 0.06 0.02 0.07 0.03 0.015 0.01 0.03
 0.125 0.215 0.16 0.145 0.14 0.06 0.05 0.01 0.025 0.04 0.01 0.02
 0.14 0.225 0.19 0.13 0.11 0.07 0.015 0.03 0.015 0.015 0.025 0.035
 0.16 0.255 0.17 0.14 0.08 0.055 0.055 0.03 0.025 0 0 0.03
 0.075 0.235 0.255 0.155 0.1 0.065 0.03 0.025 0.01 0.015 0 0.035
 0.09 0.18 0.28 0.18 0.115 0.045 0.025 0.02 0.025 0 0.01 0.03
 0.145 0.26 0.135 0.195 0.105 0.03 0.07 0.035 0.005 0.005 0 0.015
 0.11 0.31 0.175 0.145 0.095 0.05 0.025 0.025 0.005 0.015 0.025 0.02
 0.14 0.16 0.285 0.125 0.095 0.095 0.04 0.015 0.015 0.015 0.005 0.01
 0.12 0.29 0.165 0.135 0.105 0.045 0.05 0.04 0.005 0.005 0.015 0.025
 0.16 0.245 0.22 0.115 0.1 0.055 0.02 0.04 0.02 0.01 0.005 0.01
 0.105 0.345 0.275 0.09 0.045 0.08 0.02 0.01 0.01 0.01 0.005 0.005
# wt_ind
 1 1 1 1 1 1 1 1 1 1 1 1
 1 1 1 1 1 1 1 1 1 1 1 1
 1 1 1 1 1 1 1 1 1 1 1 1
 1 1 1 1 1 1 1 1 1 1 1 1
 1 1 1 1 1 1 1 1 1 1 1 1
 1 1 1 1 1 1 1 1 1 1 1 1
 1 1 1 1 1 1 1 1 1 1 1 1
 1 1 1 1 1 1 1 1 1 1 1 1
 1 1 1 1 1 1 1 1 1 1 1 1
 1 1 1 1 1 1 1 1 1 1 1 1
 1 1 1 1 1 1 1 1 1 1 1 1
 1 1 1 1 1 1 1 1 1 1 1 1
 1 1 1 1 1 1 1 1 1 1 1 1
 1 1 1 1 1 1 1 1 1 1 1 1
 1 1 1 1 1 1 1 1 1 1 1 1
 1 1 1 1 1 1 1 1 1 1 1 1
 1 1 1 1 1 1 1 1 1 1 1 1
 1 1 1 1 1 1 1 1 1 1 1 1
 1 1 1 1 1 1 1 1 1 1 1 1
 1 1 1 1 1 1 1 1 1 1 1 1
 1 1 1 1 1 1 1 1 1 1 1 1
 1 1 1 1 1 1 1 1 1 1 1 1
 1 1 1 1 1 1 1 1 1 1 1 1
 1 1 1 1 1 1 1 1 1 1 1 1
 1 1 1 1 1 1 1 1 1 1 1 1
 1 1 1 1 1 1 1 1 1 1 1 1
 1 1 1 1 1 1 1 1 1 1 1 1
 1 1 1 1 1 1 1 1 1 1 1 1
 1 1 1 1 1 1 1 1 1 1 1 1
 1 1 1 1 1 1 1 1 1 1 1 1
# wt_pop
 0.000530656 0.00119633 0.00205827 0.00303499 0.00405521 0.0050647 0.00602623 0.00691692 0.00772489 0.00844611 0.00908185 0.0096367
# maturity
 0.0229774 0.320821 0.904651 0.99478 0.999739 0.999987 0.999999 1 1 1 1 1
# spawnmo
1
# age_err
 1 0 0 0 0 0 0 0 0 0 0 0
 0 1 0 0 0 0 0 0 0 0 0 0
 0 0 1 0 0 0 0 0 0 0 0 0
 0 0 0 1 0 0 0 0 0 0 0 0
 0 0 0 0 1 0 0 0 0 0 0 0
 0 0 0 0 0 1 0 0 0 0 0 0
 0 0 0 0 0 0 1 0 0 0 0 0
 0 0 0 0 0 0 0 1 0 0 0 0
 0 0 0 0 0 0 0 0 1 0 0 0
 0 0 0 0 0 0 0 0 0 1 0 0
 0 0 0 0 0 0 0 0 0 0 1 0
 0 0 0 0 0 0 0 0 0 0 0 1
# cntrlfile_name
C:\Users\bai.li\Desktop\s1_test\AMAK\s23\amak.dat
# Map shared selectivity: 
# sel_map
 1 2
 1 1
# datafile_name
amak_data.dat
# model_name
OM_1
# SrType
2
# use_age_err
0
# retro
0
# sigmarprior
0.2
# cvsigmarprior
0.25
# phase_sigmar
-3
# styr_rec_est
1
# endyr_rec_est
30
# Linfprior
80
# cvLinfprior
0.25
# kprior
0.18
# cvkprior
0.25
# Loprior
27.688
# cvLoprior
0.25
# sdageprior
0.1
# cvsdageprior
0.25
# natmortprior
0.2
# cvnatmortprior
0.25
# phase_M
-4
# npars_Mage
0
# ages_M_changes

# Mage_in

# phase_Mage
-5
# phase_rw_M
0
# npars_rw_M
0
# yrs_rw_M

# sigma_rw_M

# qprior
 3.48998e-007
# cvqprior
 1
# phase_q
 1
# q_power_prior
 1
# cvq_power_prior
 0.2
# phase_q_power
 -4
# phase_rw_q
 -1
# npars_rw_q
 0
# yrs_rw_q

# sigma_rw_q

# q_age_min
 1
# q_age_max
 12
# q_age_min
 1
# q_age_max
 12
# fsh_sel_opt(k)
2
# phase_sel_fsh(k)
-2
# n_sel_ch_fsh(k)
1
# sel_slp_in_fsh(k)(1,n_sel_ch_fsh(k))
 1
# sel_inf_in_fsh(k)(1,n_sel_ch_fsh(k))
 2
# logsel_slp_in_fsh(k)(1,n_sel_ch_fsh(k))
 0
# yrs_sel_ch_fsh(k)(1,n_sel_ch_fsh(k))
 1

Survey survey_index1
# ind_sel_opt(k)
2
# indname(k)
survey_index1
# nselages_in_ind(k)
11
# phase_sel_ind(k)
-2
# sel_change_in_ind(k)
 1 0 0 0 0 0 0 0 0 0 0 0 0 0 0 0 0 0 0 0 0 0 0 0 0 0 0 0 0 0
# n_sel_ch_ind(k)
1
# yrs_sel_ch_ind(k)(1,n_sel_ch_ind(k))
 1
# sel_slp_in_ind(k,1)
2
# sel_inf_in_ind(k,1)
1.5
# logsel_slp_in_ind(k,1)
0.693147
# logsel_slp_in_indv(k)
0.693147
survey_index1 ind sel opt 2  1 0 0 0 0 0 0 0 0 0 0 0 0 0 0 0 0 0 0 0 0 0 0 0 0 0 0 0 0 0
Phase indices Sel_Coffs:  -1
 Test: 1.23457e+008
# Fshry Selages:  11
# Srvy  Selages:  11
# Phase for age-spec fishery  -1
# Phase for logistic fishery  -2
# Phase for dble logistic fishery  -1
# Phase for age-spec indices   -1
# Phase for logistic indices   -2
# Phase for dble logistic ind  -1
# Curv_pen_fsh: 
 0
# Curv_pen_ind: 
 0
# styr_fut
31
# endyr_fut
35
# nyrs_fsh_age
 30
# nyrs_fsh_age
 30
# yrs_fsh_age
 1 2 3 4 5 6 7 8 9 10 11 12 13 14 15 16 17 18 19 20 21 22 23 24 25 26 27 28 29 30
# n_sample_fsh_age
 200 200 200 200 200 200 200 200 200 200 200 200 200 200 200 200 200 200 200 200 200 200 200 200 200 200 200 200 200 200
# oac_fsh
 0.06 0.11 0.145 0.15 0.09 0.085 0.065 0.045 0.045 0.035 0.035 0.135
 0.045 0.075 0.165 0.09 0.13 0.11 0.09 0.035 0.065 0.055 0.04 0.1
 0.095 0.145 0.12 0.1 0.09 0.075 0.065 0.06 0.035 0.04 0.045 0.13
 0.035 0.095 0.21 0.085 0.105 0.075 0.085 0.03 0.02 0.055 0.045 0.16
 0.125 0.08 0.1 0.175 0.13 0.045 0.055 0.045 0.03 0.035 0.055 0.125
 0.085 0.16 0.08 0.12 0.11 0.095 0.055 0.045 0.035 0.045 0.025 0.145
 0.085 0.175 0.2 0.095 0.105 0.085 0.04 0.03 0.045 0.025 0.03 0.085
 0.085 0.165 0.145 0.125 0.07 0.085 0.08 0.055 0.035 0.015 0.015 0.125
 0.08 0.15 0.12 0.15 0.095 0.06 0.06 0.055 0.055 0.045 0.01 0.12
 0.08 0.12 0.185 0.16 0.1 0.07 0.075 0.045 0.025 0.03 0.02 0.09
 0.08 0.15 0.13 0.145 0.095 0.1 0.06 0.035 0.035 0.045 0.025 0.1
 0.07 0.15 0.15 0.125 0.115 0.06 0.09 0.06 0.02 0.045 0.035 0.08
 0.095 0.13 0.17 0.1 0.135 0.06 0.035 0.045 0.08 0.025 0.03 0.095
 0.095 0.095 0.15 0.17 0.125 0.045 0.08 0.035 0.06 0.05 0.005 0.09
 0.095 0.155 0.105 0.135 0.15 0.105 0.04 0.05 0.05 0.045 0.015 0.055
 0.12 0.165 0.14 0.15 0.085 0.105 0.04 0.02 0.03 0.03 0.03 0.085
 0.13 0.185 0.17 0.155 0.095 0.05 0.05 0.025 0.05 0.025 0.005 0.06
 0.125 0.185 0.175 0.13 0.115 0.065 0.075 0.035 0.02 0.02 0.02 0.035
 0.105 0.185 0.18 0.115 0.14 0.1 0.055 0.035 0.045 0.005 0.005 0.03
 0.165 0.185 0.14 0.15 0.085 0.085 0.075 0.03 0.01 0.025 0.03 0.02
 0.23 0.14 0.135 0.11 0.125 0.06 0.075 0.035 0.03 0.02 0.01 0.03
 0.195 0.25 0.165 0.135 0.065 0.065 0.06 0.02 0.015 0.01 0 0.02
 0.145 0.205 0.295 0.1 0.095 0.035 0.045 0.035 0.005 0.005 0.005 0.03
 0.13 0.215 0.21 0.175 0.095 0.045 0.075 0.005 0.015 0.005 0.005 0.025
 0.19 0.155 0.165 0.16 0.125 0.05 0.08 0.025 0.02 0.005 0.01 0.015
 0.15 0.235 0.175 0.145 0.105 0.085 0.025 0.025 0.01 0.01 0.01 0.025
 0.165 0.15 0.23 0.12 0.125 0.085 0.035 0.01 0.03 0 0.02 0.03
 0.205 0.21 0.165 0.165 0.075 0.04 0.065 0.05 0.015 0 0 0.01
 0.195 0.23 0.185 0.12 0.095 0.05 0.04 0.04 0.03 0.005 0 0.01
 0.2 0.225 0.265 0.115 0.085 0.055 0.02 0.015 0.015 0.005 0 0
# olc_fsh

# wt_fsh
 0.000530656 0.00119633 0.00205827 0.00303499 0.00405521 0.0050647 0.00602623 0.00691692 0.00772489 0.00844611 0.00908185 0.0096367
 0.000530656 0.00119633 0.00205827 0.00303499 0.00405521 0.0050647 0.00602623 0.00691692 0.00772489 0.00844611 0.00908185 0.0096367
 0.000530656 0.00119633 0.00205827 0.00303499 0.00405521 0.0050647 0.00602623 0.00691692 0.00772489 0.00844611 0.00908185 0.0096367
 0.000530656 0.00119633 0.00205827 0.00303499 0.00405521 0.0050647 0.00602623 0.00691692 0.00772489 0.00844611 0.00908185 0.0096367
 0.000530656 0.00119633 0.00205827 0.00303499 0.00405521 0.0050647 0.00602623 0.00691692 0.00772489 0.00844611 0.00908185 0.0096367
 0.000530656 0.00119633 0.00205827 0.00303499 0.00405521 0.0050647 0.00602623 0.00691692 0.00772489 0.00844611 0.00908185 0.0096367
 0.000530656 0.00119633 0.00205827 0.00303499 0.00405521 0.0050647 0.00602623 0.00691692 0.00772489 0.00844611 0.00908185 0.0096367
 0.000530656 0.00119633 0.00205827 0.00303499 0.00405521 0.0050647 0.00602623 0.00691692 0.00772489 0.00844611 0.00908185 0.0096367
 0.000530656 0.00119633 0.00205827 0.00303499 0.00405521 0.0050647 0.00602623 0.00691692 0.00772489 0.00844611 0.00908185 0.0096367
 0.000530656 0.00119633 0.00205827 0.00303499 0.00405521 0.0050647 0.00602623 0.00691692 0.00772489 0.00844611 0.00908185 0.0096367
 0.000530656 0.00119633 0.00205827 0.00303499 0.00405521 0.0050647 0.00602623 0.00691692 0.00772489 0.00844611 0.00908185 0.0096367
 0.000530656 0.00119633 0.00205827 0.00303499 0.00405521 0.0050647 0.00602623 0.00691692 0.00772489 0.00844611 0.00908185 0.0096367
 0.000530656 0.00119633 0.00205827 0.00303499 0.00405521 0.0050647 0.00602623 0.00691692 0.00772489 0.00844611 0.00908185 0.0096367
 0.000530656 0.00119633 0.00205827 0.00303499 0.00405521 0.0050647 0.00602623 0.00691692 0.00772489 0.00844611 0.00908185 0.0096367
 0.000530656 0.00119633 0.00205827 0.00303499 0.00405521 0.0050647 0.00602623 0.00691692 0.00772489 0.00844611 0.00908185 0.0096367
 0.000530656 0.00119633 0.00205827 0.00303499 0.00405521 0.0050647 0.00602623 0.00691692 0.00772489 0.00844611 0.00908185 0.0096367
 0.000530656 0.00119633 0.00205827 0.00303499 0.00405521 0.0050647 0.00602623 0.00691692 0.00772489 0.00844611 0.00908185 0.0096367
 0.000530656 0.00119633 0.00205827 0.00303499 0.00405521 0.0050647 0.00602623 0.00691692 0.00772489 0.00844611 0.00908185 0.0096367
 0.000530656 0.00119633 0.00205827 0.00303499 0.00405521 0.0050647 0.00602623 0.00691692 0.00772489 0.00844611 0.00908185 0.0096367
 0.000530656 0.00119633 0.00205827 0.00303499 0.00405521 0.0050647 0.00602623 0.00691692 0.00772489 0.00844611 0.00908185 0.0096367
 0.000530656 0.00119633 0.00205827 0.00303499 0.00405521 0.0050647 0.00602623 0.00691692 0.00772489 0.00844611 0.00908185 0.0096367
 0.000530656 0.00119633 0.00205827 0.00303499 0.00405521 0.0050647 0.00602623 0.00691692 0.00772489 0.00844611 0.00908185 0.0096367
 0.000530656 0.00119633 0.00205827 0.00303499 0.00405521 0.0050647 0.00602623 0.00691692 0.00772489 0.00844611 0.00908185 0.0096367
 0.000530656 0.00119633 0.00205827 0.00303499 0.00405521 0.0050647 0.00602623 0.00691692 0.00772489 0.00844611 0.00908185 0.0096367
 0.000530656 0.00119633 0.00205827 0.00303499 0.00405521 0.0050647 0.00602623 0.00691692 0.00772489 0.00844611 0.00908185 0.0096367
 0.000530656 0.00119633 0.00205827 0.00303499 0.00405521 0.0050647 0.00602623 0.00691692 0.00772489 0.00844611 0.00908185 0.0096367
 0.000530656 0.00119633 0.00205827 0.00303499 0.00405521 0.0050647 0.00602623 0.00691692 0.00772489 0.00844611 0.00908185 0.0096367
 0.000530656 0.00119633 0.00205827 0.00303499 0.00405521 0.0050647 0.00602623 0.00691692 0.00772489 0.00844611 0.00908185 0.0096367
 0.000530656 0.00119633 0.00205827 0.00303499 0.00405521 0.0050647 0.00602623 0.00691692 0.00772489 0.00844611 0.00908185 0.0096367
 0.000530656 0.00119633 0.00205827 0.00303499 0.00405521 0.0050647 0.00602623 0.00691692 0.00772489 0.00844611 0.00908185 0.0096367
# nyrs_ind_age
 30
# yrs_ind_age
 1 2 3 4 5 6 7 8 9 10 11 12 13 14 15 16 17 18 19 20 21 22 23 24 25 26 27 28 29 30
# n_sample_ind_age
 200 200 200 200 200 200 200 200 200 200 200 200 200 200 200 200 200 200 200 200 200 200 200 200 200 200 200 200 200 200
# oac_ind
 0.04 0.125 0.155 0.125 0.11 0.065 0.075 0.02 0.065 0.03 0.035 0.155
 0.08 0.135 0.115 0.105 0.095 0.085 0.065 0.065 0.03 0.06 0.025 0.14
 0.05 0.185 0.14 0.1 0.085 0.07 0.05 0.05 0.06 0.045 0.035 0.13
 0.055 0.11 0.18 0.095 0.13 0.09 0.07 0.065 0.04 0.05 0.01 0.105
 0.09 0.135 0.135 0.12 0.09 0.095 0.075 0.035 0.045 0.02 0.02 0.14
 0.075 0.175 0.115 0.105 0.135 0.095 0.055 0.05 0.045 0.005 0.03 0.115
 0.06 0.145 0.195 0.095 0.125 0.06 0.085 0.075 0.05 0.01 0.015 0.085
 0.11 0.11 0.255 0.145 0.07 0.045 0.065 0.05 0.04 0.03 0.02 0.06
 0.07 0.17 0.135 0.165 0.12 0.035 0.06 0.055 0.035 0.04 0.03 0.085
 0.1 0.18 0.185 0.15 0.1 0.085 0.035 0.025 0.045 0.005 0.015 0.075
 0.09 0.175 0.17 0.125 0.11 0.07 0.08 0.02 0.03 0.025 0.02 0.085
 0.08 0.165 0.235 0.12 0.085 0.075 0.09 0.06 0.02 0.02 0.01 0.04
 0.1 0.19 0.18 0.115 0.105 0.055 0.055 0.065 0.035 0.015 0.03 0.055
 0.065 0.18 0.14 0.17 0.135 0.085 0.05 0.04 0.03 0.025 0.02 0.06
 0.075 0.19 0.225 0.135 0.085 0.105 0.07 0.015 0.015 0.02 0.01 0.055
 0.11 0.145 0.13 0.12 0.12 0.135 0.075 0.025 0.035 0.03 0.03 0.045
 0.13 0.235 0.205 0.15 0.09 0.035 0.035 0.025 0.015 0.03 0.015 0.035
 0.06 0.21 0.24 0.175 0.055 0.075 0.035 0.04 0.015 0.015 0.025 0.055
 0.1 0.11 0.29 0.18 0.085 0.06 0.02 0.07 0.03 0.015 0.01 0.03
 0.125 0.215 0.16 0.145 0.14 0.06 0.05 0.01 0.025 0.04 0.01 0.02
 0.14 0.225 0.19 0.13 0.11 0.07 0.015 0.03 0.015 0.015 0.025 0.035
 0.16 0.255 0.17 0.14 0.08 0.055 0.055 0.03 0.025 0 0 0.03
 0.075 0.235 0.255 0.155 0.1 0.065 0.03 0.025 0.01 0.015 0 0.035
 0.09 0.18 0.28 0.18 0.115 0.045 0.025 0.02 0.025 0 0.01 0.03
 0.145 0.26 0.135 0.195 0.105 0.03 0.07 0.035 0.005 0.005 0 0.015
 0.11 0.31 0.175 0.145 0.095 0.05 0.025 0.025 0.005 0.015 0.025 0.02
 0.14 0.16 0.285 0.125 0.095 0.095 0.04 0.015 0.015 0.015 0.005 0.01
 0.12 0.29 0.165 0.135 0.105 0.045 0.05 0.04 0.005 0.005 0.015 0.025
 0.16 0.245 0.22 0.115 0.1 0.055 0.02 0.04 0.02 0.01 0.005 0.01
 0.105 0.345 0.275 0.09 0.045 0.08 0.02 0.01 0.01 0.01 0.005 0.005
# olc_ind

# obs_lse_ind
 0.198042 0.198042 0.198042 0.198042 0.198042 0.198042 0.198042 0.198042 0.198042 0.198042 0.198042 0.198042 0.198042 0.198042 0.198042 0.198042 0.198042 0.198042 0.198042 0.198042 0.198042 0.198042 0.198042 0.198042 0.198042 0.198042 0.198042 0.198042 0.198042 0.198042
# xages_fsh
 0 0 0 0 0 0 0 0 0 0 0 0
# xages_fsh
 0 0.0909091 0.181818 0.272727 0.363636 0.454545 0.545455 0.636364 0.727273 0.818182 0.909091 1
# xnodes_fsh

Yrs fsh_sel change:  1 0 0 0 0 0 0 0 0 0 0 0 0 0 0 0 0 0 0 0 0 0 0 0 0 0 0 0 0
Yrs ind_sel change:  1 0 0 0 0 0 0 0 0 0 0 0 0 0 0 0 0 0 0 0 0 0 0 0 0 0 0 0 0
# steepnessprior
0.75
# sigmarprior
0.2
#  SSB estimated in styr endyr: -12 28 
#  Rec estimated in styr endyr: -10 30 
#  SR Curve fit  in styr endyr: 1 30 
#             Model styr endyr: 1 30 
# qprior
 3.48998e-007
# q_power_prior 
 1 
# cv_catchbiomass 
0.05 
# CatchbiomassPen 
200 
# Number of projection years 
5 
# offset_fsh
 13457.1
# offset_ind
 13162.9
Mean Catch
1276.44
R_guess 
13.8155
# nfsh
1
# n_sel_ch_fsh
 1
# nselages_fsh
 11
# phase_selcoff_fsh
 -1
logRzero 13.8155
logmeanrec 13.8155
exp(log_sigmarprior 0.2
Fish sel phase: -1 OM1
Fixing fishery sel to
1
Fixing fishery sel to
1
Srvy sel phase: -1
Fixing survey_index1 indices sel to
1
Fixing index sel to
1
# logsel_slp_in_indv
 0.693147
Leaving parameter init secton
# M
 0.2 0.2 0.2 0.2 0.2 0.2 0.2 0.2 0.2 0.2 0.2 0.2
 0.2 0.2 0.2 0.2 0.2 0.2 0.2 0.2 0.2 0.2 0.2 0.2
 0.2 0.2 0.2 0.2 0.2 0.2 0.2 0.2 0.2 0.2 0.2 0.2
 0.2 0.2 0.2 0.2 0.2 0.2 0.2 0.2 0.2 0.2 0.2 0.2
 0.2 0.2 0.2 0.2 0.2 0.2 0.2 0.2 0.2 0.2 0.2 0.2
 0.2 0.2 0.2 0.2 0.2 0.2 0.2 0.2 0.2 0.2 0.2 0.2
 0.2 0.2 0.2 0.2 0.2 0.2 0.2 0.2 0.2 0.2 0.2 0.2
 0.2 0.2 0.2 0.2 0.2 0.2 0.2 0.2 0.2 0.2 0.2 0.2
 0.2 0.2 0.2 0.2 0.2 0.2 0.2 0.2 0.2 0.2 0.2 0.2
 0.2 0.2 0.2 0.2 0.2 0.2 0.2 0.2 0.2 0.2 0.2 0.2
 0.2 0.2 0.2 0.2 0.2 0.2 0.2 0.2 0.2 0.2 0.2 0.2
 0.2 0.2 0.2 0.2 0.2 0.2 0.2 0.2 0.2 0.2 0.2 0.2
 0.2 0.2 0.2 0.2 0.2 0.2 0.2 0.2 0.2 0.2 0.2 0.2
 0.2 0.2 0.2 0.2 0.2 0.2 0.2 0.2 0.2 0.2 0.2 0.2
 0.2 0.2 0.2 0.2 0.2 0.2 0.2 0.2 0.2 0.2 0.2 0.2
 0.2 0.2 0.2 0.2 0.2 0.2 0.2 0.2 0.2 0.2 0.2 0.2
 0.2 0.2 0.2 0.2 0.2 0.2 0.2 0.2 0.2 0.2 0.2 0.2
 0.2 0.2 0.2 0.2 0.2 0.2 0.2 0.2 0.2 0.2 0.2 0.2
 0.2 0.2 0.2 0.2 0.2 0.2 0.2 0.2 0.2 0.2 0.2 0.2
 0.2 0.2 0.2 0.2 0.2 0.2 0.2 0.2 0.2 0.2 0.2 0.2
 0.2 0.2 0.2 0.2 0.2 0.2 0.2 0.2 0.2 0.2 0.2 0.2
 0.2 0.2 0.2 0.2 0.2 0.2 0.2 0.2 0.2 0.2 0.2 0.2
 0.2 0.2 0.2 0.2 0.2 0.2 0.2 0.2 0.2 0.2 0.2 0.2
 0.2 0.2 0.2 0.2 0.2 0.2 0.2 0.2 0.2 0.2 0.2 0.2
 0.2 0.2 0.2 0.2 0.2 0.2 0.2 0.2 0.2 0.2 0.2 0.2
 0.2 0.2 0.2 0.2 0.2 0.2 0.2 0.2 0.2 0.2 0.2 0.2
 0.2 0.2 0.2 0.2 0.2 0.2 0.2 0.2 0.2 0.2 0.2 0.2
 0.2 0.2 0.2 0.2 0.2 0.2 0.2 0.2 0.2 0.2 0.2 0.2
 0.2 0.2 0.2 0.2 0.2 0.2 0.2 0.2 0.2 0.2 0.2 0.2
 0.2 0.2 0.2 0.2 0.2 0.2 0.2 0.2 0.2 0.2 0.2 0.2
# mean_log_rec
13.7591
# log_Rzero
13.818
# rec_dev
 -0.0700852 -0.0186415 -0.0433896 0.197659 -0.0801438 0.0777136 -0.0532887 -0.0212583 0.0291373 0.0120497 0.0538997 0.0305875 0.266171 0.0465911 -0.184045 0.316901 0.312129 0.0655967 0.136784 -0.00452594 0.0867114 0.136984 -0.0756365 -0.107146 -0.0517631 -0.0448638 0.0693111 0.0228725 -0.290055 -0.155811 -0.218382 0.106329 0.0118216 -0.33406 -0.391778 -0.129973 -0.495965 -0.270261 -0.0952623 -0.0260892 -0.161165
# fmort
 0.00907926 0.0270212 0.0448661 0.0613468 0.0484482 0.0885451 0.0897462 0.189184 0.110558 0.134553 0.153123 0.1647 0.119195 0.172259 0.18625 0.167983 0.324927 0.268573 0.267319 0.265816 0.364003 0.259565 0.419698 0.34254 0.333204 0.305335 0.300453 0.414534 0.308879 0.453709
# rec_dev_future
 0 0 0 0 0
