AMAK;August_2013
# styr
1
# endyr
30
# rec_age
1
# oldest_age
12
# nlength
81
# len_bins
 10 11 12 13 14 15 16 17 18 19 20 21 22 23 24 25 26 27 28 29 30 31 32 33 34 35 36 37 38 39 40 41 42 43 44 45 46 47 48 49 50 51 52 53 54 55 56 57 58 59 60 61 62 63 64 65 66 67 68 69 70 71 72 73 74 75 76 77 78 79 80 81 82 83 84 85 86 87 88 89 90
# datafile_name
amak_data.dat
# model_name
OM_1
# styr
1
# endyr
30
# rec_age
1
# oldest_age
12
# nfsh
1
# fshname
OM1
# catch_bio_in
 160.449 468.266 766.786 999.519 768.855 1325.11 1288.21 2490.61 1333.16 1528.55 1609.6 1607.41 1112.16 1533.69 1512.22 1269.91 2254.78 1616.86 1454.62 1314.73 1628.87 1083.99 1624 1200.94 1122.19 968.787 919.198 1202.32 874.238 1276.51
# catch_bio_sd_in
 0.01 0.01 0.01 0.01 0.01 0.01 0.01 0.01 0.01 0.01 0.01 0.01 0.01 0.01 0.01 0.01 0.01 0.01 0.01 0.01 0.01 0.01 0.01 0.01 0.01 0.01 0.01 0.01 0.01 0.01
# nyrs_fsh_age
 30
# nyrs_fsh_length
 0
# yrs_fsh_age_in
 1 2 3 4 5 6 7 8 9 10 11 12 13 14 15 16 17 18 19 20 21 22 23 24 25 26 27 28 29 30
# yrs_fsh_length_in

# n_sample_fsh_length_in

# olc_fsh_in

# nind
1
# indname
survey_index1
# nyrs_ind
 30
# yrs_ind_in
 1 2 3 4 5 6 7 8 9 10 11 12 13 14 15 16 17 18 19 20 21 22 23 24 25 26 27 28 29 30
# mo_ind
 1
# obs_ind_in
 1.61223 1.4456 1.37012 1.57321 1.42096 1.44179 1.33958 1.3611 1.34062 1.23556 1.08934 1.02748 0.987647 1.08892 1.00398 0.997268 0.84781 0.824643 0.79448 0.874197 0.818996 0.569823 0.623811 0.640844 0.492955 0.523166 0.487303 0.449734 0.544405 0.565574
# obs_se_ind_in
 0.322447 0.289119 0.274024 0.314641 0.284192 0.288358 0.267916 0.27222 0.268124 0.247112 0.217868 0.205496 0.197529 0.217785 0.200797 0.199454 0.169562 0.164929 0.158896 0.174839 0.163799 0.113965 0.124762 0.128169 0.098591 0.104633 0.0974606 0.0899467 0.108881 0.113115
# nyrs_ind_age
 30
# nyrs_ind_length
 0
# yrs_ind_age_in
 1 2 3 4 5 6 7 8 9 10 11 12 13 14 15 16 17 18 19 20 21 22 23 24 25 26 27 28 29 30
# yrs_ind_length_in

# yrs_ind_age_in
 1 2 3 4 5 6 7 8 9 10 11 12 13 14 15 16 17 18 19 20 21 22 23 24 25 26 27 28 29 30
# n_sample_ind_length_in

# olc_ind_in

# oac_ind_in
 0.055 0.17 0.085 0.12 0.11 0.08 0.09 0.035 0.03 0.04 0.045 0.14
 0.095 0.115 0.13 0.09 0.11 0.125 0.065 0.05 0.05 0.025 0.01 0.135
 0.035 0.15 0.17 0.13 0.085 0.065 0.075 0.08 0.05 0.03 0.035 0.095
 0.05 0.13 0.16 0.125 0.125 0.04 0.07 0.05 0.03 0.05 0.025 0.145
 0.08 0.175 0.125 0.125 0.075 0.08 0.075 0.065 0.035 0.02 0.03 0.115
 0.08 0.18 0.095 0.095 0.125 0.08 0.075 0.045 0.055 0.01 0.035 0.125
 0.065 0.16 0.16 0.08 0.135 0.08 0.065 0.07 0.025 0.035 0.035 0.09
 0.065 0.165 0.185 0.145 0.085 0.07 0.07 0.035 0.035 0.02 0.03 0.095
 0.065 0.225 0.125 0.22 0.08 0.075 0.045 0.02 0.025 0.02 0.025 0.075
 0.065 0.145 0.18 0.105 0.115 0.095 0.045 0.045 0.03 0.025 0.04 0.11
 0.085 0.23 0.14 0.19 0.06 0.04 0.075 0.03 0.015 0.025 0.015 0.095
 0.065 0.215 0.205 0.095 0.135 0.09 0.06 0.03 0.025 0.01 0.015 0.055
 0.105 0.185 0.155 0.195 0.1 0.05 0.035 0.06 0.05 0.005 0.015 0.045
 0.1 0.205 0.175 0.17 0.085 0.075 0.06 0.02 0.035 0.035 0.005 0.035
 0.08 0.195 0.155 0.12 0.125 0.12 0.035 0.055 0.015 0.03 0.02 0.05
 0.12 0.14 0.205 0.17 0.08 0.07 0.055 0.04 0.055 0.03 0.005 0.03
 0.1 0.2 0.15 0.16 0.075 0.055 0.075 0.06 0.055 0.03 0 0.04
 0.07 0.21 0.23 0.14 0.11 0.06 0.06 0.03 0.03 0.005 0.02 0.035
 0.095 0.205 0.22 0.17 0.095 0.06 0.04 0.02 0.035 0.035 0 0.025
 0.07 0.22 0.17 0.205 0.1 0.095 0.03 0.04 0.015 0.01 0.005 0.04
 0.16 0.16 0.215 0.13 0.1 0.105 0.05 0.025 0.025 0.005 0.01 0.015
 0.105 0.345 0.12 0.105 0.075 0.105 0.06 0.025 0.02 0.005 0.01 0.025
 0.1 0.26 0.25 0.14 0.1 0.05 0.02 0.015 0.015 0.01 0.015 0.025
 0.095 0.22 0.26 0.185 0.055 0.07 0.025 0.02 0.02 0.02 0.005 0.025
 0.19 0.17 0.2 0.15 0.155 0.06 0.03 0.005 0.005 0 0.015 0.02
 0.065 0.315 0.195 0.12 0.105 0.095 0.04 0.015 0.01 0.01 0.015 0.015
 0.105 0.18 0.32 0.115 0.095 0.085 0.04 0.01 0.015 0.01 0.015 0.01
 0.16 0.275 0.14 0.18 0.09 0.065 0.035 0.01 0.01 0.015 0.01 0.01
 0.165 0.285 0.175 0.165 0.11 0.06 0.005 0.025 0.005 0 0.005 0
 0.1 0.31 0.285 0.1 0.05 0.075 0.03 0.02 0.005 0.01 0.005 0.01
# wt_ind
 1 1 1 1 1 1 1 1 1 1 1 1
 1 1 1 1 1 1 1 1 1 1 1 1
 1 1 1 1 1 1 1 1 1 1 1 1
 1 1 1 1 1 1 1 1 1 1 1 1
 1 1 1 1 1 1 1 1 1 1 1 1
 1 1 1 1 1 1 1 1 1 1 1 1
 1 1 1 1 1 1 1 1 1 1 1 1
 1 1 1 1 1 1 1 1 1 1 1 1
 1 1 1 1 1 1 1 1 1 1 1 1
 1 1 1 1 1 1 1 1 1 1 1 1
 1 1 1 1 1 1 1 1 1 1 1 1
 1 1 1 1 1 1 1 1 1 1 1 1
 1 1 1 1 1 1 1 1 1 1 1 1
 1 1 1 1 1 1 1 1 1 1 1 1
 1 1 1 1 1 1 1 1 1 1 1 1
 1 1 1 1 1 1 1 1 1 1 1 1
 1 1 1 1 1 1 1 1 1 1 1 1
 1 1 1 1 1 1 1 1 1 1 1 1
 1 1 1 1 1 1 1 1 1 1 1 1
 1 1 1 1 1 1 1 1 1 1 1 1
 1 1 1 1 1 1 1 1 1 1 1 1
 1 1 1 1 1 1 1 1 1 1 1 1
 1 1 1 1 1 1 1 1 1 1 1 1
 1 1 1 1 1 1 1 1 1 1 1 1
 1 1 1 1 1 1 1 1 1 1 1 1
 1 1 1 1 1 1 1 1 1 1 1 1
 1 1 1 1 1 1 1 1 1 1 1 1
 1 1 1 1 1 1 1 1 1 1 1 1
 1 1 1 1 1 1 1 1 1 1 1 1
 1 1 1 1 1 1 1 1 1 1 1 1
# wt_pop
 0.000530656 0.00119633 0.00205827 0.00303499 0.00405521 0.0050647 0.00602623 0.00691692 0.00772489 0.00844611 0.00908185 0.0096367
# maturity
 0.0229774 0.320821 0.904651 0.99478 0.999739 0.999987 0.999999 1 1 1 1 1
# spawnmo
1
# age_err
 1 0 0 0 0 0 0 0 0 0 0 0
 0 1 0 0 0 0 0 0 0 0 0 0
 0 0 1 0 0 0 0 0 0 0 0 0
 0 0 0 1 0 0 0 0 0 0 0 0
 0 0 0 0 1 0 0 0 0 0 0 0
 0 0 0 0 0 1 0 0 0 0 0 0
 0 0 0 0 0 0 1 0 0 0 0 0
 0 0 0 0 0 0 0 1 0 0 0 0
 0 0 0 0 0 0 0 0 1 0 0 0
 0 0 0 0 0 0 0 0 0 1 0 0
 0 0 0 0 0 0 0 0 0 0 1 0
 0 0 0 0 0 0 0 0 0 0 0 1
# cntrlfile_name
C:\Users\bai.li\Desktop\s1_test\AMAK\s19\amak.dat
# Map shared selectivity: 
# sel_map
 1 2
 1 1
# datafile_name
amak_data.dat
# model_name
OM_1
# SrType
2
# use_age_err
0
# retro
0
# sigmarprior
0.2
# cvsigmarprior
0.25
# phase_sigmar
-3
# styr_rec_est
1
# endyr_rec_est
30
# Linfprior
80
# cvLinfprior
0.25
# kprior
0.18
# cvkprior
0.25
# Loprior
27.688
# cvLoprior
0.25
# sdageprior
0.1
# cvsdageprior
0.25
# natmortprior
0.2
# cvnatmortprior
0.25
# phase_M
-4
# npars_Mage
0
# ages_M_changes

# Mage_in

# phase_Mage
-5
# phase_rw_M
0
# npars_rw_M
0
# yrs_rw_M

# sigma_rw_M

# qprior
 3.48998e-007
# cvqprior
 1
# phase_q
 1
# q_power_prior
 1
# cvq_power_prior
 0.2
# phase_q_power
 -4
# phase_rw_q
 -1
# npars_rw_q
 0
# yrs_rw_q

# sigma_rw_q

# q_age_min
 1
# q_age_max
 12
# q_age_min
 1
# q_age_max
 12
# fsh_sel_opt(k)
2
# phase_sel_fsh(k)
-2
# n_sel_ch_fsh(k)
1
# sel_slp_in_fsh(k)(1,n_sel_ch_fsh(k))
 1
# sel_inf_in_fsh(k)(1,n_sel_ch_fsh(k))
 2
# logsel_slp_in_fsh(k)(1,n_sel_ch_fsh(k))
 0
# yrs_sel_ch_fsh(k)(1,n_sel_ch_fsh(k))
 1

Survey survey_index1
# ind_sel_opt(k)
2
# indname(k)
survey_index1
# nselages_in_ind(k)
11
# phase_sel_ind(k)
-2
# sel_change_in_ind(k)
 1 0 0 0 0 0 0 0 0 0 0 0 0 0 0 0 0 0 0 0 0 0 0 0 0 0 0 0 0 0
# n_sel_ch_ind(k)
1
# yrs_sel_ch_ind(k)(1,n_sel_ch_ind(k))
 1
# sel_slp_in_ind(k,1)
2
# sel_inf_in_ind(k,1)
1.5
# logsel_slp_in_ind(k,1)
0.693147
# logsel_slp_in_indv(k)
0.693147
survey_index1 ind sel opt 2  1 0 0 0 0 0 0 0 0 0 0 0 0 0 0 0 0 0 0 0 0 0 0 0 0 0 0 0 0 0
Phase indices Sel_Coffs:  -1
 Test: 1.23457e+008
# Fshry Selages:  11
# Srvy  Selages:  11
# Phase for age-spec fishery  -1
# Phase for logistic fishery  -2
# Phase for dble logistic fishery  -1
# Phase for age-spec indices   -1
# Phase for logistic indices   -2
# Phase for dble logistic ind  -1
# Curv_pen_fsh: 
 0
# Curv_pen_ind: 
 0
# styr_fut
31
# endyr_fut
35
# nyrs_fsh_age
 30
# nyrs_fsh_age
 30
# yrs_fsh_age
 1 2 3 4 5 6 7 8 9 10 11 12 13 14 15 16 17 18 19 20 21 22 23 24 25 26 27 28 29 30
# n_sample_fsh_age
 200 200 200 200 200 200 200 200 200 200 200 200 200 200 200 200 200 200 200 200 200 200 200 200 200 200 200 200 200 200
# oac_fsh
 0.05 0.12 0.13 0.08 0.11 0.1 0.09 0.065 0.06 0.025 0.045 0.125
 0.055 0.1 0.145 0.145 0.1 0.09 0.065 0.105 0.03 0.02 0.01 0.135
 0.045 0.12 0.105 0.1 0.135 0.095 0.055 0.085 0.05 0.03 0.05 0.13
 0.075 0.09 0.135 0.16 0.095 0.105 0.045 0.065 0.025 0.06 0.03 0.115
 0.095 0.06 0.105 0.125 0.115 0.105 0.085 0.045 0.035 0.05 0.035 0.145
 0.05 0.17 0.095 0.13 0.115 0.065 0.1 0.05 0.05 0.04 0.045 0.09
 0.1 0.125 0.21 0.09 0.07 0.06 0.06 0.085 0.06 0.03 0.025 0.085
 0.095 0.11 0.185 0.155 0.075 0.065 0.07 0.05 0.04 0.025 0.02 0.11
 0.105 0.135 0.12 0.165 0.15 0.04 0.06 0.045 0.05 0.025 0.005 0.1
 0.055 0.105 0.125 0.14 0.105 0.12 0.04 0.06 0.075 0.04 0.005 0.13
 0.095 0.13 0.12 0.185 0.09 0.135 0.1 0.035 0.02 0.04 0 0.05
 0.07 0.095 0.16 0.11 0.13 0.085 0.085 0.05 0.015 0.02 0.04 0.14
 0.06 0.135 0.2 0.15 0.17 0.075 0.04 0.05 0.025 0.02 0.005 0.07
 0.105 0.125 0.17 0.145 0.11 0.065 0.065 0.045 0.045 0.03 0.015 0.08
 0.1 0.13 0.16 0.12 0.14 0.09 0.09 0.05 0.025 0.03 0.03 0.035
 0.115 0.16 0.18 0.13 0.11 0.13 0.045 0.03 0.02 0.015 0.015 0.05
 0.11 0.185 0.195 0.155 0.1 0.045 0.06 0.045 0.015 0.005 0.015 0.07
 0.11 0.185 0.185 0.14 0.12 0.065 0.05 0.035 0.04 0.03 0.01 0.03
 0.08 0.12 0.25 0.13 0.15 0.105 0.06 0.03 0.02 0.01 0.015 0.03
 0.125 0.155 0.165 0.19 0.095 0.075 0.07 0.01 0.035 0.025 0.015 0.04
 0.17 0.13 0.23 0.12 0.125 0.06 0.045 0.05 0.02 0.01 0.02 0.02
 0.155 0.2 0.125 0.165 0.125 0.08 0.045 0.035 0.005 0.01 0.02 0.035
 0.14 0.23 0.2 0.14 0.085 0.065 0.04 0.025 0.01 0.04 0.005 0.02
 0.145 0.16 0.23 0.19 0.075 0.055 0.04 0.035 0.02 0.025 0.01 0.015
 0.245 0.185 0.17 0.15 0.11 0.06 0.025 0.02 0.01 0.015 0 0.01
 0.13 0.23 0.185 0.13 0.15 0.085 0.03 0.035 0.01 0.005 0.005 0.005
 0.165 0.2 0.22 0.19 0.07 0.075 0.035 0.005 0.015 0 0.005 0.02
 0.215 0.225 0.16 0.15 0.095 0.07 0.045 0.02 0.015 0 0 0.005
 0.17 0.25 0.21 0.105 0.16 0.02 0.015 0.045 0.005 0.01 0 0.01
 0.15 0.205 0.2 0.19 0.105 0.06 0.055 0 0.01 0.01 0.01 0.005
# olc_fsh

# wt_fsh
 0.000530656 0.00119633 0.00205827 0.00303499 0.00405521 0.0050647 0.00602623 0.00691692 0.00772489 0.00844611 0.00908185 0.0096367
 0.000530656 0.00119633 0.00205827 0.00303499 0.00405521 0.0050647 0.00602623 0.00691692 0.00772489 0.00844611 0.00908185 0.0096367
 0.000530656 0.00119633 0.00205827 0.00303499 0.00405521 0.0050647 0.00602623 0.00691692 0.00772489 0.00844611 0.00908185 0.0096367
 0.000530656 0.00119633 0.00205827 0.00303499 0.00405521 0.0050647 0.00602623 0.00691692 0.00772489 0.00844611 0.00908185 0.0096367
 0.000530656 0.00119633 0.00205827 0.00303499 0.00405521 0.0050647 0.00602623 0.00691692 0.00772489 0.00844611 0.00908185 0.0096367
 0.000530656 0.00119633 0.00205827 0.00303499 0.00405521 0.0050647 0.00602623 0.00691692 0.00772489 0.00844611 0.00908185 0.0096367
 0.000530656 0.00119633 0.00205827 0.00303499 0.00405521 0.0050647 0.00602623 0.00691692 0.00772489 0.00844611 0.00908185 0.0096367
 0.000530656 0.00119633 0.00205827 0.00303499 0.00405521 0.0050647 0.00602623 0.00691692 0.00772489 0.00844611 0.00908185 0.0096367
 0.000530656 0.00119633 0.00205827 0.00303499 0.00405521 0.0050647 0.00602623 0.00691692 0.00772489 0.00844611 0.00908185 0.0096367
 0.000530656 0.00119633 0.00205827 0.00303499 0.00405521 0.0050647 0.00602623 0.00691692 0.00772489 0.00844611 0.00908185 0.0096367
 0.000530656 0.00119633 0.00205827 0.00303499 0.00405521 0.0050647 0.00602623 0.00691692 0.00772489 0.00844611 0.00908185 0.0096367
 0.000530656 0.00119633 0.00205827 0.00303499 0.00405521 0.0050647 0.00602623 0.00691692 0.00772489 0.00844611 0.00908185 0.0096367
 0.000530656 0.00119633 0.00205827 0.00303499 0.00405521 0.0050647 0.00602623 0.00691692 0.00772489 0.00844611 0.00908185 0.0096367
 0.000530656 0.00119633 0.00205827 0.00303499 0.00405521 0.0050647 0.00602623 0.00691692 0.00772489 0.00844611 0.00908185 0.0096367
 0.000530656 0.00119633 0.00205827 0.00303499 0.00405521 0.0050647 0.00602623 0.00691692 0.00772489 0.00844611 0.00908185 0.0096367
 0.000530656 0.00119633 0.00205827 0.00303499 0.00405521 0.0050647 0.00602623 0.00691692 0.00772489 0.00844611 0.00908185 0.0096367
 0.000530656 0.00119633 0.00205827 0.00303499 0.00405521 0.0050647 0.00602623 0.00691692 0.00772489 0.00844611 0.00908185 0.0096367
 0.000530656 0.00119633 0.00205827 0.00303499 0.00405521 0.0050647 0.00602623 0.00691692 0.00772489 0.00844611 0.00908185 0.0096367
 0.000530656 0.00119633 0.00205827 0.00303499 0.00405521 0.0050647 0.00602623 0.00691692 0.00772489 0.00844611 0.00908185 0.0096367
 0.000530656 0.00119633 0.00205827 0.00303499 0.00405521 0.0050647 0.00602623 0.00691692 0.00772489 0.00844611 0.00908185 0.0096367
 0.000530656 0.00119633 0.00205827 0.00303499 0.00405521 0.0050647 0.00602623 0.00691692 0.00772489 0.00844611 0.00908185 0.0096367
 0.000530656 0.00119633 0.00205827 0.00303499 0.00405521 0.0050647 0.00602623 0.00691692 0.00772489 0.00844611 0.00908185 0.0096367
 0.000530656 0.00119633 0.00205827 0.00303499 0.00405521 0.0050647 0.00602623 0.00691692 0.00772489 0.00844611 0.00908185 0.0096367
 0.000530656 0.00119633 0.00205827 0.00303499 0.00405521 0.0050647 0.00602623 0.00691692 0.00772489 0.00844611 0.00908185 0.0096367
 0.000530656 0.00119633 0.00205827 0.00303499 0.00405521 0.0050647 0.00602623 0.00691692 0.00772489 0.00844611 0.00908185 0.0096367
 0.000530656 0.00119633 0.00205827 0.00303499 0.00405521 0.0050647 0.00602623 0.00691692 0.00772489 0.00844611 0.00908185 0.0096367
 0.000530656 0.00119633 0.00205827 0.00303499 0.00405521 0.0050647 0.00602623 0.00691692 0.00772489 0.00844611 0.00908185 0.0096367
 0.000530656 0.00119633 0.00205827 0.00303499 0.00405521 0.0050647 0.00602623 0.00691692 0.00772489 0.00844611 0.00908185 0.0096367
 0.000530656 0.00119633 0.00205827 0.00303499 0.00405521 0.0050647 0.00602623 0.00691692 0.00772489 0.00844611 0.00908185 0.0096367
 0.000530656 0.00119633 0.00205827 0.00303499 0.00405521 0.0050647 0.00602623 0.00691692 0.00772489 0.00844611 0.00908185 0.0096367
# nyrs_ind_age
 30
# yrs_ind_age
 1 2 3 4 5 6 7 8 9 10 11 12 13 14 15 16 17 18 19 20 21 22 23 24 25 26 27 28 29 30
# n_sample_ind_age
 200 200 200 200 200 200 200 200 200 200 200 200 200 200 200 200 200 200 200 200 200 200 200 200 200 200 200 200 200 200
# oac_ind
 0.055 0.17 0.085 0.12 0.11 0.08 0.09 0.035 0.03 0.04 0.045 0.14
 0.095 0.115 0.13 0.09 0.11 0.125 0.065 0.05 0.05 0.025 0.01 0.135
 0.035 0.15 0.17 0.13 0.085 0.065 0.075 0.08 0.05 0.03 0.035 0.095
 0.05 0.13 0.16 0.125 0.125 0.04 0.07 0.05 0.03 0.05 0.025 0.145
 0.08 0.175 0.125 0.125 0.075 0.08 0.075 0.065 0.035 0.02 0.03 0.115
 0.08 0.18 0.095 0.095 0.125 0.08 0.075 0.045 0.055 0.01 0.035 0.125
 0.065 0.16 0.16 0.08 0.135 0.08 0.065 0.07 0.025 0.035 0.035 0.09
 0.065 0.165 0.185 0.145 0.085 0.07 0.07 0.035 0.035 0.02 0.03 0.095
 0.065 0.225 0.125 0.22 0.08 0.075 0.045 0.02 0.025 0.02 0.025 0.075
 0.065 0.145 0.18 0.105 0.115 0.095 0.045 0.045 0.03 0.025 0.04 0.11
 0.085 0.23 0.14 0.19 0.06 0.04 0.075 0.03 0.015 0.025 0.015 0.095
 0.065 0.215 0.205 0.095 0.135 0.09 0.06 0.03 0.025 0.01 0.015 0.055
 0.105 0.185 0.155 0.195 0.1 0.05 0.035 0.06 0.05 0.005 0.015 0.045
 0.1 0.205 0.175 0.17 0.085 0.075 0.06 0.02 0.035 0.035 0.005 0.035
 0.08 0.195 0.155 0.12 0.125 0.12 0.035 0.055 0.015 0.03 0.02 0.05
 0.12 0.14 0.205 0.17 0.08 0.07 0.055 0.04 0.055 0.03 0.005 0.03
 0.1 0.2 0.15 0.16 0.075 0.055 0.075 0.06 0.055 0.03 0 0.04
 0.07 0.21 0.23 0.14 0.11 0.06 0.06 0.03 0.03 0.005 0.02 0.035
 0.095 0.205 0.22 0.17 0.095 0.06 0.04 0.02 0.035 0.035 0 0.025
 0.07 0.22 0.17 0.205 0.1 0.095 0.03 0.04 0.015 0.01 0.005 0.04
 0.16 0.16 0.215 0.13 0.1 0.105 0.05 0.025 0.025 0.005 0.01 0.015
 0.105 0.345 0.12 0.105 0.075 0.105 0.06 0.025 0.02 0.005 0.01 0.025
 0.1 0.26 0.25 0.14 0.1 0.05 0.02 0.015 0.015 0.01 0.015 0.025
 0.095 0.22 0.26 0.185 0.055 0.07 0.025 0.02 0.02 0.02 0.005 0.025
 0.19 0.17 0.2 0.15 0.155 0.06 0.03 0.005 0.005 0 0.015 0.02
 0.065 0.315 0.195 0.12 0.105 0.095 0.04 0.015 0.01 0.01 0.015 0.015
 0.105 0.18 0.32 0.115 0.095 0.085 0.04 0.01 0.015 0.01 0.015 0.01
 0.16 0.275 0.14 0.18 0.09 0.065 0.035 0.01 0.01 0.015 0.01 0.01
 0.165 0.285 0.175 0.165 0.11 0.06 0.005 0.025 0.005 0 0.005 0
 0.1 0.31 0.285 0.1 0.05 0.075 0.03 0.02 0.005 0.01 0.005 0.01
# olc_ind

# obs_lse_ind
 0.198042 0.198042 0.198042 0.198042 0.198042 0.198042 0.198042 0.198042 0.198042 0.198042 0.198042 0.198042 0.198042 0.198042 0.198042 0.198042 0.198042 0.198042 0.198042 0.198042 0.198042 0.198042 0.198042 0.198042 0.198042 0.198042 0.198042 0.198042 0.198042 0.198042
# xages_fsh
 0 0 0 0 0 0 0 0 0 0 0 0
# xages_fsh
 0 0.0909091 0.181818 0.272727 0.363636 0.454545 0.545455 0.636364 0.727273 0.818182 0.909091 1
# xnodes_fsh

Yrs fsh_sel change:  1 0 0 0 0 0 0 0 0 0 0 0 0 0 0 0 0 0 0 0 0 0 0 0 0 0 0 0 0
Yrs ind_sel change:  1 0 0 0 0 0 0 0 0 0 0 0 0 0 0 0 0 0 0 0 0 0 0 0 0 0 0 0 0
# steepnessprior
0.75
# sigmarprior
0.2
#  SSB estimated in styr endyr: -12 28 
#  Rec estimated in styr endyr: -10 30 
#  SR Curve fit  in styr endyr: 1 30 
#             Model styr endyr: 1 30 
# qprior
 3.48998e-007
# q_power_prior 
 1 
# cv_catchbiomass 
0.05 
# CatchbiomassPen 
200 
# Number of projection years 
5 
# offset_fsh
 13388.1
# offset_ind
 13094.7
Mean Catch
1277.22
R_guess 
13.8155
# nfsh
1
# n_sel_ch_fsh
 1
# nselages_fsh
 11
# phase_selcoff_fsh
 -1
logRzero 13.8155
logmeanrec 13.8155
exp(log_sigmarprior 0.2
Fish sel phase: -1 OM1
Fixing fishery sel to
1
Fixing fishery sel to
1
Srvy sel phase: -1
Fixing survey_index1 indices sel to
1
Fixing index sel to
1
# logsel_slp_in_indv
 0.693147
Leaving parameter init secton
# M
 0.2 0.2 0.2 0.2 0.2 0.2 0.2 0.2 0.2 0.2 0.2 0.2
 0.2 0.2 0.2 0.2 0.2 0.2 0.2 0.2 0.2 0.2 0.2 0.2
 0.2 0.2 0.2 0.2 0.2 0.2 0.2 0.2 0.2 0.2 0.2 0.2
 0.2 0.2 0.2 0.2 0.2 0.2 0.2 0.2 0.2 0.2 0.2 0.2
 0.2 0.2 0.2 0.2 0.2 0.2 0.2 0.2 0.2 0.2 0.2 0.2
 0.2 0.2 0.2 0.2 0.2 0.2 0.2 0.2 0.2 0.2 0.2 0.2
 0.2 0.2 0.2 0.2 0.2 0.2 0.2 0.2 0.2 0.2 0.2 0.2
 0.2 0.2 0.2 0.2 0.2 0.2 0.2 0.2 0.2 0.2 0.2 0.2
 0.2 0.2 0.2 0.2 0.2 0.2 0.2 0.2 0.2 0.2 0.2 0.2
 0.2 0.2 0.2 0.2 0.2 0.2 0.2 0.2 0.2 0.2 0.2 0.2
 0.2 0.2 0.2 0.2 0.2 0.2 0.2 0.2 0.2 0.2 0.2 0.2
 0.2 0.2 0.2 0.2 0.2 0.2 0.2 0.2 0.2 0.2 0.2 0.2
 0.2 0.2 0.2 0.2 0.2 0.2 0.2 0.2 0.2 0.2 0.2 0.2
 0.2 0.2 0.2 0.2 0.2 0.2 0.2 0.2 0.2 0.2 0.2 0.2
 0.2 0.2 0.2 0.2 0.2 0.2 0.2 0.2 0.2 0.2 0.2 0.2
 0.2 0.2 0.2 0.2 0.2 0.2 0.2 0.2 0.2 0.2 0.2 0.2
 0.2 0.2 0.2 0.2 0.2 0.2 0.2 0.2 0.2 0.2 0.2 0.2
 0.2 0.2 0.2 0.2 0.2 0.2 0.2 0.2 0.2 0.2 0.2 0.2
 0.2 0.2 0.2 0.2 0.2 0.2 0.2 0.2 0.2 0.2 0.2 0.2
 0.2 0.2 0.2 0.2 0.2 0.2 0.2 0.2 0.2 0.2 0.2 0.2
 0.2 0.2 0.2 0.2 0.2 0.2 0.2 0.2 0.2 0.2 0.2 0.2
 0.2 0.2 0.2 0.2 0.2 0.2 0.2 0.2 0.2 0.2 0.2 0.2
 0.2 0.2 0.2 0.2 0.2 0.2 0.2 0.2 0.2 0.2 0.2 0.2
 0.2 0.2 0.2 0.2 0.2 0.2 0.2 0.2 0.2 0.2 0.2 0.2
 0.2 0.2 0.2 0.2 0.2 0.2 0.2 0.2 0.2 0.2 0.2 0.2
 0.2 0.2 0.2 0.2 0.2 0.2 0.2 0.2 0.2 0.2 0.2 0.2
 0.2 0.2 0.2 0.2 0.2 0.2 0.2 0.2 0.2 0.2 0.2 0.2
 0.2 0.2 0.2 0.2 0.2 0.2 0.2 0.2 0.2 0.2 0.2 0.2
 0.2 0.2 0.2 0.2 0.2 0.2 0.2 0.2 0.2 0.2 0.2 0.2
 0.2 0.2 0.2 0.2 0.2 0.2 0.2 0.2 0.2 0.2 0.2 0.2
# mean_log_rec
13.7522
# log_Rzero
13.793
# rec_dev
 -0.0937413 0.0788723 -0.241427 -0.031823 -0.101254 0.206013 0.0695967 0.065756 0.00802544 0.00318493 0.155065 0.0317634 0.144586 -0.0712264 -0.175607 0.314511 0.265027 -0.0213452 0.20272 -0.0159116 0.13515 0.123357 -0.0829606 -0.0589155 0.0720934 -0.0086827 0.047441 0.0715693 -0.248986 -0.167909 -0.384414 0.0548846 -0.0468033 -0.341558 -0.347085 -0.0288023 -0.482115 -0.271906 -0.0898482 -0.146238 -0.348181
# fmort
 0.00914558 0.0269691 0.0453514 0.0617112 0.049595 0.0897827 0.0924854 0.196292 0.115809 0.140936 0.159019 0.170745 0.12414 0.179513 0.189976 0.168274 0.329899 0.270472 0.266745 0.262797 0.365678 0.267166 0.436971 0.363535 0.364748 0.328893 0.315652 0.432325 0.324492 0.490033
# rec_dev_future
 0 0 0 0 0
