AMAK;August_2013
# styr
1
# endyr
30
# rec_age
1
# oldest_age
12
# nlength
81
# len_bins
 10 11 12 13 14 15 16 17 18 19 20 21 22 23 24 25 26 27 28 29 30 31 32 33 34 35 36 37 38 39 40 41 42 43 44 45 46 47 48 49 50 51 52 53 54 55 56 57 58 59 60 61 62 63 64 65 66 67 68 69 70 71 72 73 74 75 76 77 78 79 80 81 82 83 84 85 86 87 88 89 90
# datafile_name
amak_data.dat
# model_name
OM_1
# styr
1
# endyr
30
# rec_age
1
# oldest_age
12
# nfsh
1
# fshname
OM1
# catch_bio_in
 160.349 469.873 757.8 992.46 773.691 1330.38 1275.95 2495.22 1341.42 1531.9 1612.91 1621.91 1100.19 1544.3 1519.65 1274.87 2242.75 1604.5 1466.84 1319.42 1607.39 1081.33 1623.45 1202.11 1120.89 970.233 923.282 1222.18 875.127 1278.15
# catch_bio_sd_in
 0.01 0.01 0.01 0.01 0.01 0.01 0.01 0.01 0.01 0.01 0.01 0.01 0.01 0.01 0.01 0.01 0.01 0.01 0.01 0.01 0.01 0.01 0.01 0.01 0.01 0.01 0.01 0.01 0.01 0.01
# nyrs_fsh_age
 30
# nyrs_fsh_length
 0
# yrs_fsh_age_in
 1 2 3 4 5 6 7 8 9 10 11 12 13 14 15 16 17 18 19 20 21 22 23 24 25 26 27 28 29 30
# yrs_fsh_length_in

# n_sample_fsh_length_in

# olc_fsh_in

# nind
1
# indname
survey_index1
# nyrs_ind
 30
# yrs_ind_in
 1 2 3 4 5 6 7 8 9 10 11 12 13 14 15 16 17 18 19 20 21 22 23 24 25 26 27 28 29 30
# mo_ind
 1
# obs_ind_in
 1.58562 1.4111 1.39734 1.49677 1.32709 1.79612 1.40557 1.37036 1.04781 1.41503 1.20208 1.08257 1.18145 0.943157 1.01357 0.918134 1.02538 0.767405 0.71356 0.734461 0.748922 0.668983 0.66498 0.663068 0.574609 0.648915 0.522501 0.547824 0.569782 0.524661
# obs_se_ind_in
 0.317123 0.28222 0.279469 0.299353 0.265418 0.359224 0.281115 0.274071 0.209563 0.283006 0.240416 0.216515 0.236289 0.188631 0.202713 0.183627 0.205077 0.153481 0.142712 0.146892 0.149784 0.133797 0.132996 0.132614 0.114922 0.129783 0.1045 0.109565 0.113956 0.104932
# nyrs_ind_age
 30
# nyrs_ind_length
 0
# yrs_ind_age_in
 1 2 3 4 5 6 7 8 9 10 11 12 13 14 15 16 17 18 19 20 21 22 23 24 25 26 27 28 29 30
# yrs_ind_length_in

# yrs_ind_age_in
 1 2 3 4 5 6 7 8 9 10 11 12 13 14 15 16 17 18 19 20 21 22 23 24 25 26 27 28 29 30
# n_sample_ind_length_in

# olc_ind_in

# oac_ind_in
 0.055 0.15 0.17 0.105 0.105 0.09 0.05 0.065 0.045 0.02 0.035 0.11
 0.04 0.15 0.1 0.12 0.125 0.075 0.055 0.07 0.075 0.05 0.02 0.12
 0.035 0.17 0.165 0.09 0.14 0.06 0.06 0.055 0.045 0.03 0.03 0.12
 0.055 0.175 0.205 0.08 0.1 0.055 0.07 0.06 0.04 0.045 0.03 0.085
 0.09 0.12 0.145 0.135 0.09 0.085 0.06 0.045 0.05 0.015 0.03 0.135
 0.085 0.2 0.11 0.12 0.115 0.07 0.08 0.045 0.025 0.03 0.02 0.1
 0.045 0.18 0.165 0.1 0.06 0.095 0.075 0.06 0.03 0.055 0.03 0.105
 0.07 0.175 0.2 0.15 0.05 0.07 0.085 0.04 0.045 0.005 0.03 0.08
 0.08 0.155 0.14 0.18 0.12 0.075 0.03 0.055 0.025 0.025 0.02 0.095
 0.075 0.16 0.22 0.085 0.14 0.095 0.03 0.04 0.03 0.02 0.025 0.08
 0.08 0.155 0.155 0.17 0.1 0.09 0.08 0.025 0.01 0.05 0.025 0.06
 0.065 0.205 0.15 0.155 0.12 0.07 0.065 0.05 0.02 0.015 0.025 0.06
 0.08 0.13 0.21 0.155 0.115 0.11 0.05 0.04 0.035 0.02 0.01 0.045
 0.06 0.16 0.145 0.17 0.125 0.075 0.06 0.035 0.075 0.03 0.015 0.05
 0.095 0.19 0.145 0.14 0.135 0.085 0.07 0.03 0.005 0.03 0.025 0.05
 0.095 0.17 0.22 0.13 0.095 0.055 0.09 0.03 0.01 0.025 0.01 0.07
 0.095 0.2 0.17 0.185 0.1 0.07 0.04 0.04 0.025 0.02 0.005 0.05
 0.1 0.22 0.23 0.125 0.1 0.07 0.03 0.03 0.035 0.02 0 0.04
 0.095 0.16 0.25 0.18 0.065 0.095 0.03 0.02 0.035 0.015 0 0.055
 0.1 0.24 0.125 0.17 0.14 0.07 0.045 0.04 0.015 0.01 0 0.045
 0.115 0.17 0.22 0.145 0.105 0.085 0.05 0.02 0.03 0.015 0.01 0.035
 0.145 0.29 0.185 0.09 0.095 0.05 0.055 0.035 0.02 0 0.015 0.02
 0.07 0.21 0.34 0.12 0.08 0.05 0.045 0.035 0.01 0.015 0.005 0.02
 0.075 0.21 0.195 0.24 0.03 0.065 0.055 0.05 0.03 0.01 0.01 0.03
 0.185 0.22 0.22 0.175 0.07 0.05 0.03 0.025 0.005 0 0.005 0.015
 0.085 0.285 0.18 0.145 0.15 0.08 0.02 0.015 0.01 0.01 0.005 0.015
 0.075 0.215 0.32 0.165 0.085 0.05 0.035 0 0.015 0.015 0.01 0.015
 0.115 0.28 0.24 0.13 0.1 0.065 0.035 0.005 0.015 0.005 0.005 0.005
 0.155 0.325 0.185 0.09 0.095 0.075 0.04 0.005 0.025 0.005 0 0
 0.125 0.34 0.24 0.13 0.06 0.055 0.02 0.01 0.02 0 0 0
# wt_ind
 1 1 1 1 1 1 1 1 1 1 1 1
 1 1 1 1 1 1 1 1 1 1 1 1
 1 1 1 1 1 1 1 1 1 1 1 1
 1 1 1 1 1 1 1 1 1 1 1 1
 1 1 1 1 1 1 1 1 1 1 1 1
 1 1 1 1 1 1 1 1 1 1 1 1
 1 1 1 1 1 1 1 1 1 1 1 1
 1 1 1 1 1 1 1 1 1 1 1 1
 1 1 1 1 1 1 1 1 1 1 1 1
 1 1 1 1 1 1 1 1 1 1 1 1
 1 1 1 1 1 1 1 1 1 1 1 1
 1 1 1 1 1 1 1 1 1 1 1 1
 1 1 1 1 1 1 1 1 1 1 1 1
 1 1 1 1 1 1 1 1 1 1 1 1
 1 1 1 1 1 1 1 1 1 1 1 1
 1 1 1 1 1 1 1 1 1 1 1 1
 1 1 1 1 1 1 1 1 1 1 1 1
 1 1 1 1 1 1 1 1 1 1 1 1
 1 1 1 1 1 1 1 1 1 1 1 1
 1 1 1 1 1 1 1 1 1 1 1 1
 1 1 1 1 1 1 1 1 1 1 1 1
 1 1 1 1 1 1 1 1 1 1 1 1
 1 1 1 1 1 1 1 1 1 1 1 1
 1 1 1 1 1 1 1 1 1 1 1 1
 1 1 1 1 1 1 1 1 1 1 1 1
 1 1 1 1 1 1 1 1 1 1 1 1
 1 1 1 1 1 1 1 1 1 1 1 1
 1 1 1 1 1 1 1 1 1 1 1 1
 1 1 1 1 1 1 1 1 1 1 1 1
 1 1 1 1 1 1 1 1 1 1 1 1
# wt_pop
 0.000530656 0.00119633 0.00205827 0.00303499 0.00405521 0.0050647 0.00602623 0.00691692 0.00772489 0.00844611 0.00908185 0.0096367
# maturity
 0.0229774 0.320821 0.904651 0.99478 0.999739 0.999987 0.999999 1 1 1 1 1
# spawnmo
1
# age_err
 1 0 0 0 0 0 0 0 0 0 0 0
 0 1 0 0 0 0 0 0 0 0 0 0
 0 0 1 0 0 0 0 0 0 0 0 0
 0 0 0 1 0 0 0 0 0 0 0 0
 0 0 0 0 1 0 0 0 0 0 0 0
 0 0 0 0 0 1 0 0 0 0 0 0
 0 0 0 0 0 0 1 0 0 0 0 0
 0 0 0 0 0 0 0 1 0 0 0 0
 0 0 0 0 0 0 0 0 1 0 0 0
 0 0 0 0 0 0 0 0 0 1 0 0
 0 0 0 0 0 0 0 0 0 0 1 0
 0 0 0 0 0 0 0 0 0 0 0 1
# cntrlfile_name
C:\Users\bai.li\Desktop\s1_test\AMAK\s82\amak.dat
# Map shared selectivity: 
# sel_map
 1 2
 1 1
# datafile_name
amak_data.dat
# model_name
OM_1
# SrType
2
# use_age_err
0
# retro
0
# sigmarprior
0.2
# cvsigmarprior
0.25
# phase_sigmar
-3
# styr_rec_est
1
# endyr_rec_est
30
# Linfprior
80
# cvLinfprior
0.25
# kprior
0.18
# cvkprior
0.25
# Loprior
27.688
# cvLoprior
0.25
# sdageprior
0.1
# cvsdageprior
0.25
# natmortprior
0.2
# cvnatmortprior
0.25
# phase_M
-4
# npars_Mage
0
# ages_M_changes

# Mage_in

# phase_Mage
-5
# phase_rw_M
0
# npars_rw_M
0
# yrs_rw_M

# sigma_rw_M

# qprior
 3.48998e-007
# cvqprior
 1
# phase_q
 1
# q_power_prior
 1
# cvq_power_prior
 0.2
# phase_q_power
 -4
# phase_rw_q
 -1
# npars_rw_q
 0
# yrs_rw_q

# sigma_rw_q

# q_age_min
 1
# q_age_max
 12
# q_age_min
 1
# q_age_max
 12
# fsh_sel_opt(k)
2
# phase_sel_fsh(k)
-2
# n_sel_ch_fsh(k)
1
# sel_slp_in_fsh(k)(1,n_sel_ch_fsh(k))
 1
# sel_inf_in_fsh(k)(1,n_sel_ch_fsh(k))
 2
# logsel_slp_in_fsh(k)(1,n_sel_ch_fsh(k))
 0
# yrs_sel_ch_fsh(k)(1,n_sel_ch_fsh(k))
 1

Survey survey_index1
# ind_sel_opt(k)
2
# indname(k)
survey_index1
# nselages_in_ind(k)
11
# phase_sel_ind(k)
-2
# sel_change_in_ind(k)
 1 0 0 0 0 0 0 0 0 0 0 0 0 0 0 0 0 0 0 0 0 0 0 0 0 0 0 0 0 0
# n_sel_ch_ind(k)
1
# yrs_sel_ch_ind(k)(1,n_sel_ch_ind(k))
 1
# sel_slp_in_ind(k,1)
2
# sel_inf_in_ind(k,1)
1.5
# logsel_slp_in_ind(k,1)
0.693147
# logsel_slp_in_indv(k)
0.693147
survey_index1 ind sel opt 2  1 0 0 0 0 0 0 0 0 0 0 0 0 0 0 0 0 0 0 0 0 0 0 0 0 0 0 0 0 0
Phase indices Sel_Coffs:  -1
 Test: 1.23457e+008
# Fshry Selages:  11
# Srvy  Selages:  11
# Phase for age-spec fishery  -1
# Phase for logistic fishery  -2
# Phase for dble logistic fishery  -1
# Phase for age-spec indices   -1
# Phase for logistic indices   -2
# Phase for dble logistic ind  -1
# Curv_pen_fsh: 
 0
# Curv_pen_ind: 
 0
# styr_fut
31
# endyr_fut
35
# nyrs_fsh_age
 30
# nyrs_fsh_age
 30
# yrs_fsh_age
 1 2 3 4 5 6 7 8 9 10 11 12 13 14 15 16 17 18 19 20 21 22 23 24 25 26 27 28 29 30
# n_sample_fsh_age
 200 200 200 200 200 200 200 200 200 200 200 200 200 200 200 200 200 200 200 200 200 200 200 200 200 200 200 200 200 200
# oac_fsh
 0.06 0.075 0.15 0.12 0.07 0.105 0.06 0.075 0.05 0.06 0.035 0.14
 0.07 0.14 0.155 0.095 0.1 0.075 0.06 0.035 0.06 0.05 0.04 0.12
 0.05 0.155 0.155 0.11 0.08 0.065 0.07 0.05 0.05 0.04 0.025 0.15
 0.04 0.105 0.155 0.115 0.115 0.075 0.095 0.1 0.045 0.025 0.01 0.12
 0.115 0.065 0.065 0.22 0.11 0.045 0.075 0.095 0.035 0.025 0.035 0.115
 0.095 0.115 0.125 0.13 0.145 0.095 0.055 0.07 0.04 0.03 0.02 0.08
 0.065 0.12 0.175 0.115 0.085 0.105 0.08 0.05 0.065 0.02 0.02 0.1
 0.09 0.095 0.145 0.205 0.07 0.075 0.07 0.065 0.045 0.015 0.025 0.1
 0.085 0.175 0.145 0.155 0.13 0.05 0.03 0.02 0.035 0.035 0.015 0.125
 0.085 0.135 0.115 0.095 0.13 0.125 0.06 0.065 0.045 0.02 0.015 0.11
 0.08 0.15 0.1 0.185 0.11 0.105 0.05 0.03 0.03 0.05 0.025 0.085
 0.11 0.155 0.15 0.14 0.105 0.075 0.085 0.055 0.01 0.04 0.02 0.055
 0.065 0.12 0.17 0.16 0.14 0.095 0.055 0.07 0.025 0.02 0 0.08
 0.065 0.13 0.19 0.12 0.145 0.08 0.075 0.045 0.04 0.03 0 0.08
 0.125 0.215 0.16 0.135 0.075 0.12 0.045 0.04 0 0.02 0.01 0.055
 0.08 0.155 0.17 0.2 0.115 0.11 0.06 0.035 0.015 0.015 0.01 0.035
 0.09 0.205 0.12 0.16 0.115 0.08 0.075 0.06 0.015 0.025 0.01 0.045
 0.11 0.245 0.18 0.12 0.115 0.07 0.055 0.03 0.03 0.01 0.005 0.03
 0.145 0.115 0.235 0.145 0.09 0.09 0.055 0.03 0.035 0.02 0.015 0.025
 0.14 0.16 0.155 0.15 0.125 0.09 0.035 0.02 0.025 0.025 0.015 0.06
 0.165 0.14 0.185 0.105 0.16 0.065 0.075 0.025 0.005 0.02 0.015 0.04
 0.16 0.21 0.16 0.125 0.06 0.1 0.07 0.02 0.035 0.015 0.015 0.03
 0.14 0.245 0.215 0.095 0.11 0.04 0.035 0.04 0.02 0.01 0.01 0.04
 0.09 0.195 0.185 0.23 0.115 0.07 0.02 0.055 0.02 0.01 0 0.01
 0.185 0.12 0.15 0.215 0.15 0.055 0.065 0.015 0.02 0.01 0.01 0.005
 0.17 0.21 0.155 0.12 0.14 0.095 0.025 0.025 0.025 0.015 0.01 0.01
 0.16 0.21 0.21 0.145 0.11 0.055 0.07 0.03 0.005 0 0 0.005
 0.19 0.175 0.17 0.18 0.085 0.05 0.075 0.04 0.015 0 0.005 0.015
 0.215 0.235 0.18 0.135 0.12 0.045 0.03 0.02 0.005 0.005 0.005 0.005
 0.155 0.23 0.195 0.19 0.065 0.07 0.04 0.02 0.02 0 0.005 0.01
# olc_fsh

# wt_fsh
 0.000530656 0.00119633 0.00205827 0.00303499 0.00405521 0.0050647 0.00602623 0.00691692 0.00772489 0.00844611 0.00908185 0.0096367
 0.000530656 0.00119633 0.00205827 0.00303499 0.00405521 0.0050647 0.00602623 0.00691692 0.00772489 0.00844611 0.00908185 0.0096367
 0.000530656 0.00119633 0.00205827 0.00303499 0.00405521 0.0050647 0.00602623 0.00691692 0.00772489 0.00844611 0.00908185 0.0096367
 0.000530656 0.00119633 0.00205827 0.00303499 0.00405521 0.0050647 0.00602623 0.00691692 0.00772489 0.00844611 0.00908185 0.0096367
 0.000530656 0.00119633 0.00205827 0.00303499 0.00405521 0.0050647 0.00602623 0.00691692 0.00772489 0.00844611 0.00908185 0.0096367
 0.000530656 0.00119633 0.00205827 0.00303499 0.00405521 0.0050647 0.00602623 0.00691692 0.00772489 0.00844611 0.00908185 0.0096367
 0.000530656 0.00119633 0.00205827 0.00303499 0.00405521 0.0050647 0.00602623 0.00691692 0.00772489 0.00844611 0.00908185 0.0096367
 0.000530656 0.00119633 0.00205827 0.00303499 0.00405521 0.0050647 0.00602623 0.00691692 0.00772489 0.00844611 0.00908185 0.0096367
 0.000530656 0.00119633 0.00205827 0.00303499 0.00405521 0.0050647 0.00602623 0.00691692 0.00772489 0.00844611 0.00908185 0.0096367
 0.000530656 0.00119633 0.00205827 0.00303499 0.00405521 0.0050647 0.00602623 0.00691692 0.00772489 0.00844611 0.00908185 0.0096367
 0.000530656 0.00119633 0.00205827 0.00303499 0.00405521 0.0050647 0.00602623 0.00691692 0.00772489 0.00844611 0.00908185 0.0096367
 0.000530656 0.00119633 0.00205827 0.00303499 0.00405521 0.0050647 0.00602623 0.00691692 0.00772489 0.00844611 0.00908185 0.0096367
 0.000530656 0.00119633 0.00205827 0.00303499 0.00405521 0.0050647 0.00602623 0.00691692 0.00772489 0.00844611 0.00908185 0.0096367
 0.000530656 0.00119633 0.00205827 0.00303499 0.00405521 0.0050647 0.00602623 0.00691692 0.00772489 0.00844611 0.00908185 0.0096367
 0.000530656 0.00119633 0.00205827 0.00303499 0.00405521 0.0050647 0.00602623 0.00691692 0.00772489 0.00844611 0.00908185 0.0096367
 0.000530656 0.00119633 0.00205827 0.00303499 0.00405521 0.0050647 0.00602623 0.00691692 0.00772489 0.00844611 0.00908185 0.0096367
 0.000530656 0.00119633 0.00205827 0.00303499 0.00405521 0.0050647 0.00602623 0.00691692 0.00772489 0.00844611 0.00908185 0.0096367
 0.000530656 0.00119633 0.00205827 0.00303499 0.00405521 0.0050647 0.00602623 0.00691692 0.00772489 0.00844611 0.00908185 0.0096367
 0.000530656 0.00119633 0.00205827 0.00303499 0.00405521 0.0050647 0.00602623 0.00691692 0.00772489 0.00844611 0.00908185 0.0096367
 0.000530656 0.00119633 0.00205827 0.00303499 0.00405521 0.0050647 0.00602623 0.00691692 0.00772489 0.00844611 0.00908185 0.0096367
 0.000530656 0.00119633 0.00205827 0.00303499 0.00405521 0.0050647 0.00602623 0.00691692 0.00772489 0.00844611 0.00908185 0.0096367
 0.000530656 0.00119633 0.00205827 0.00303499 0.00405521 0.0050647 0.00602623 0.00691692 0.00772489 0.00844611 0.00908185 0.0096367
 0.000530656 0.00119633 0.00205827 0.00303499 0.00405521 0.0050647 0.00602623 0.00691692 0.00772489 0.00844611 0.00908185 0.0096367
 0.000530656 0.00119633 0.00205827 0.00303499 0.00405521 0.0050647 0.00602623 0.00691692 0.00772489 0.00844611 0.00908185 0.0096367
 0.000530656 0.00119633 0.00205827 0.00303499 0.00405521 0.0050647 0.00602623 0.00691692 0.00772489 0.00844611 0.00908185 0.0096367
 0.000530656 0.00119633 0.00205827 0.00303499 0.00405521 0.0050647 0.00602623 0.00691692 0.00772489 0.00844611 0.00908185 0.0096367
 0.000530656 0.00119633 0.00205827 0.00303499 0.00405521 0.0050647 0.00602623 0.00691692 0.00772489 0.00844611 0.00908185 0.0096367
 0.000530656 0.00119633 0.00205827 0.00303499 0.00405521 0.0050647 0.00602623 0.00691692 0.00772489 0.00844611 0.00908185 0.0096367
 0.000530656 0.00119633 0.00205827 0.00303499 0.00405521 0.0050647 0.00602623 0.00691692 0.00772489 0.00844611 0.00908185 0.0096367
 0.000530656 0.00119633 0.00205827 0.00303499 0.00405521 0.0050647 0.00602623 0.00691692 0.00772489 0.00844611 0.00908185 0.0096367
# nyrs_ind_age
 30
# yrs_ind_age
 1 2 3 4 5 6 7 8 9 10 11 12 13 14 15 16 17 18 19 20 21 22 23 24 25 26 27 28 29 30
# n_sample_ind_age
 200 200 200 200 200 200 200 200 200 200 200 200 200 200 200 200 200 200 200 200 200 200 200 200 200 200 200 200 200 200
# oac_ind
 0.055 0.15 0.17 0.105 0.105 0.09 0.05 0.065 0.045 0.02 0.035 0.11
 0.04 0.15 0.1 0.12 0.125 0.075 0.055 0.07 0.075 0.05 0.02 0.12
 0.035 0.17 0.165 0.09 0.14 0.06 0.06 0.055 0.045 0.03 0.03 0.12
 0.055 0.175 0.205 0.08 0.1 0.055 0.07 0.06 0.04 0.045 0.03 0.085
 0.09 0.12 0.145 0.135 0.09 0.085 0.06 0.045 0.05 0.015 0.03 0.135
 0.085 0.2 0.11 0.12 0.115 0.07 0.08 0.045 0.025 0.03 0.02 0.1
 0.045 0.18 0.165 0.1 0.06 0.095 0.075 0.06 0.03 0.055 0.03 0.105
 0.07 0.175 0.2 0.15 0.05 0.07 0.085 0.04 0.045 0.005 0.03 0.08
 0.08 0.155 0.14 0.18 0.12 0.075 0.03 0.055 0.025 0.025 0.02 0.095
 0.075 0.16 0.22 0.085 0.14 0.095 0.03 0.04 0.03 0.02 0.025 0.08
 0.08 0.155 0.155 0.17 0.1 0.09 0.08 0.025 0.01 0.05 0.025 0.06
 0.065 0.205 0.15 0.155 0.12 0.07 0.065 0.05 0.02 0.015 0.025 0.06
 0.08 0.13 0.21 0.155 0.115 0.11 0.05 0.04 0.035 0.02 0.01 0.045
 0.06 0.16 0.145 0.17 0.125 0.075 0.06 0.035 0.075 0.03 0.015 0.05
 0.095 0.19 0.145 0.14 0.135 0.085 0.07 0.03 0.005 0.03 0.025 0.05
 0.095 0.17 0.22 0.13 0.095 0.055 0.09 0.03 0.01 0.025 0.01 0.07
 0.095 0.2 0.17 0.185 0.1 0.07 0.04 0.04 0.025 0.02 0.005 0.05
 0.1 0.22 0.23 0.125 0.1 0.07 0.03 0.03 0.035 0.02 0 0.04
 0.095 0.16 0.25 0.18 0.065 0.095 0.03 0.02 0.035 0.015 0 0.055
 0.1 0.24 0.125 0.17 0.14 0.07 0.045 0.04 0.015 0.01 0 0.045
 0.115 0.17 0.22 0.145 0.105 0.085 0.05 0.02 0.03 0.015 0.01 0.035
 0.145 0.29 0.185 0.09 0.095 0.05 0.055 0.035 0.02 0 0.015 0.02
 0.07 0.21 0.34 0.12 0.08 0.05 0.045 0.035 0.01 0.015 0.005 0.02
 0.075 0.21 0.195 0.24 0.03 0.065 0.055 0.05 0.03 0.01 0.01 0.03
 0.185 0.22 0.22 0.175 0.07 0.05 0.03 0.025 0.005 0 0.005 0.015
 0.085 0.285 0.18 0.145 0.15 0.08 0.02 0.015 0.01 0.01 0.005 0.015
 0.075 0.215 0.32 0.165 0.085 0.05 0.035 0 0.015 0.015 0.01 0.015
 0.115 0.28 0.24 0.13 0.1 0.065 0.035 0.005 0.015 0.005 0.005 0.005
 0.155 0.325 0.185 0.09 0.095 0.075 0.04 0.005 0.025 0.005 0 0
 0.125 0.34 0.24 0.13 0.06 0.055 0.02 0.01 0.02 0 0 0
# olc_ind

# obs_lse_ind
 0.198042 0.198042 0.198042 0.198042 0.198042 0.198042 0.198042 0.198042 0.198042 0.198042 0.198042 0.198042 0.198042 0.198042 0.198042 0.198042 0.198042 0.198042 0.198042 0.198042 0.198042 0.198042 0.198042 0.198042 0.198042 0.198042 0.198042 0.198042 0.198042 0.198042
# xages_fsh
 0 0 0 0 0 0 0 0 0 0 0 0
# xages_fsh
 0 0.0909091 0.181818 0.272727 0.363636 0.454545 0.545455 0.636364 0.727273 0.818182 0.909091 1
# xnodes_fsh

Yrs fsh_sel change:  1 0 0 0 0 0 0 0 0 0 0 0 0 0 0 0 0 0 0 0 0 0 0 0 0 0 0 0 0
Yrs ind_sel change:  1 0 0 0 0 0 0 0 0 0 0 0 0 0 0 0 0 0 0 0 0 0 0 0 0 0 0 0 0
# steepnessprior
0.75
# sigmarprior
0.2
#  SSB estimated in styr endyr: -12 28 
#  Rec estimated in styr endyr: -10 30 
#  SR Curve fit  in styr endyr: 1 30 
#             Model styr endyr: 1 30 
# qprior
 3.48998e-007
# q_power_prior 
 1 
# cv_catchbiomass 
0.05 
# CatchbiomassPen 
200 
# Number of projection years 
5 
# offset_fsh
 13389.1
# offset_ind
 13077.8
Mean Catch
1278.02
R_guess 
13.8155
# nfsh
1
# n_sel_ch_fsh
 1
# nselages_fsh
 11
# phase_selcoff_fsh
 -1
logRzero 13.8155
logmeanrec 13.8155
exp(log_sigmarprior 0.2
Fish sel phase: -1 OM1
Fixing fishery sel to
1
Fixing fishery sel to
1
Srvy sel phase: -1
Fixing survey_index1 indices sel to
1
Fixing index sel to
1
# logsel_slp_in_indv
 0.693147
Leaving parameter init secton
# M
 0.2 0.2 0.2 0.2 0.2 0.2 0.2 0.2 0.2 0.2 0.2 0.2
 0.2 0.2 0.2 0.2 0.2 0.2 0.2 0.2 0.2 0.2 0.2 0.2
 0.2 0.2 0.2 0.2 0.2 0.2 0.2 0.2 0.2 0.2 0.2 0.2
 0.2 0.2 0.2 0.2 0.2 0.2 0.2 0.2 0.2 0.2 0.2 0.2
 0.2 0.2 0.2 0.2 0.2 0.2 0.2 0.2 0.2 0.2 0.2 0.2
 0.2 0.2 0.2 0.2 0.2 0.2 0.2 0.2 0.2 0.2 0.2 0.2
 0.2 0.2 0.2 0.2 0.2 0.2 0.2 0.2 0.2 0.2 0.2 0.2
 0.2 0.2 0.2 0.2 0.2 0.2 0.2 0.2 0.2 0.2 0.2 0.2
 0.2 0.2 0.2 0.2 0.2 0.2 0.2 0.2 0.2 0.2 0.2 0.2
 0.2 0.2 0.2 0.2 0.2 0.2 0.2 0.2 0.2 0.2 0.2 0.2
 0.2 0.2 0.2 0.2 0.2 0.2 0.2 0.2 0.2 0.2 0.2 0.2
 0.2 0.2 0.2 0.2 0.2 0.2 0.2 0.2 0.2 0.2 0.2 0.2
 0.2 0.2 0.2 0.2 0.2 0.2 0.2 0.2 0.2 0.2 0.2 0.2
 0.2 0.2 0.2 0.2 0.2 0.2 0.2 0.2 0.2 0.2 0.2 0.2
 0.2 0.2 0.2 0.2 0.2 0.2 0.2 0.2 0.2 0.2 0.2 0.2
 0.2 0.2 0.2 0.2 0.2 0.2 0.2 0.2 0.2 0.2 0.2 0.2
 0.2 0.2 0.2 0.2 0.2 0.2 0.2 0.2 0.2 0.2 0.2 0.2
 0.2 0.2 0.2 0.2 0.2 0.2 0.2 0.2 0.2 0.2 0.2 0.2
 0.2 0.2 0.2 0.2 0.2 0.2 0.2 0.2 0.2 0.2 0.2 0.2
 0.2 0.2 0.2 0.2 0.2 0.2 0.2 0.2 0.2 0.2 0.2 0.2
 0.2 0.2 0.2 0.2 0.2 0.2 0.2 0.2 0.2 0.2 0.2 0.2
 0.2 0.2 0.2 0.2 0.2 0.2 0.2 0.2 0.2 0.2 0.2 0.2
 0.2 0.2 0.2 0.2 0.2 0.2 0.2 0.2 0.2 0.2 0.2 0.2
 0.2 0.2 0.2 0.2 0.2 0.2 0.2 0.2 0.2 0.2 0.2 0.2
 0.2 0.2 0.2 0.2 0.2 0.2 0.2 0.2 0.2 0.2 0.2 0.2
 0.2 0.2 0.2 0.2 0.2 0.2 0.2 0.2 0.2 0.2 0.2 0.2
 0.2 0.2 0.2 0.2 0.2 0.2 0.2 0.2 0.2 0.2 0.2 0.2
 0.2 0.2 0.2 0.2 0.2 0.2 0.2 0.2 0.2 0.2 0.2 0.2
 0.2 0.2 0.2 0.2 0.2 0.2 0.2 0.2 0.2 0.2 0.2 0.2
 0.2 0.2 0.2 0.2 0.2 0.2 0.2 0.2 0.2 0.2 0.2 0.2
# mean_log_rec
13.7305
# log_Rzero
13.7883
# rec_dev
 -0.143621 -0.0484039 -0.0360313 0.0194023 0.091073 -0.0439411 -0.043777 0.0222009 0.0729658 0.0495241 0.0294885 0.108322 0.317334 -0.0403629 -0.158614 0.345334 0.338103 -0.0198422 0.20297 0.0597674 0.158504 0.109603 -0.0320701 -0.0425294 0.086107 -0.0528322 0.111078 0.124172 -0.29223 -0.135817 -0.306887 0.118951 -0.0366228 -0.282754 -0.401008 -0.109927 -0.37779 -0.304557 -0.143339 -0.0463005 -0.261793
# fmort
 0.00941078 0.0278737 0.0460061 0.0624984 0.0505736 0.0908701 0.0918219 0.196114 0.115844 0.14013 0.157849 0.170564 0.121604 0.179089 0.189558 0.168279 0.327401 0.26726 0.267643 0.262686 0.357696 0.261673 0.424741 0.351246 0.352239 0.321515 0.313419 0.441346 0.330769 0.501731
# rec_dev_future
 0 0 0 0 0
