AMAK;August_2013
# styr
1
# endyr
30
# rec_age
1
# oldest_age
12
# nlength
81
# len_bins
 10 11 12 13 14 15 16 17 18 19 20 21 22 23 24 25 26 27 28 29 30 31 32 33 34 35 36 37 38 39 40 41 42 43 44 45 46 47 48 49 50 51 52 53 54 55 56 57 58 59 60 61 62 63 64 65 66 67 68 69 70 71 72 73 74 75 76 77 78 79 80 81 82 83 84 85 86 87 88 89 90
# datafile_name
amak_data.dat
# model_name
OM_1
# styr
1
# endyr
30
# rec_age
1
# oldest_age
12
# nfsh
1
# fshname
OM1
# catch_bio_in
 161.46 469.039 758.358 997.704 773.509 1328.79 1273.75 2473.53 1324.13 1531.78 1618.76 1608.77 1115.88 1536.41 1502.87 1275.47 2237.66 1607.36 1456.71 1322.39 1621.09 1081.9 1632.37 1211.46 1113.93 974.982 927.083 1208.89 866.707 1273.51
# catch_bio_sd_in
 0.01 0.01 0.01 0.01 0.01 0.01 0.01 0.01 0.01 0.01 0.01 0.01 0.01 0.01 0.01 0.01 0.01 0.01 0.01 0.01 0.01 0.01 0.01 0.01 0.01 0.01 0.01 0.01 0.01 0.01
# nyrs_fsh_age
 30
# nyrs_fsh_length
 0
# yrs_fsh_age_in
 1 2 3 4 5 6 7 8 9 10 11 12 13 14 15 16 17 18 19 20 21 22 23 24 25 26 27 28 29 30
# yrs_fsh_length_in

# n_sample_fsh_length_in

# olc_fsh_in

# nind
1
# indname
survey_index1
# nyrs_ind
 30
# yrs_ind_in
 1 2 3 4 5 6 7 8 9 10 11 12 13 14 15 16 17 18 19 20 21 22 23 24 25 26 27 28 29 30
# mo_ind
 1
# obs_ind_in
 1.42361 1.76109 1.74268 1.5793 1.15742 1.57529 1.33024 1.29533 1.23831 1.32765 1.16048 1.04451 1.20003 1.01836 0.95264 0.999036 0.894099 0.805692 0.766875 0.708024 0.744093 0.771605 0.691243 0.652094 0.559341 0.523903 0.576768 0.463295 0.549632 0.585607
# obs_se_ind_in
 0.284721 0.352219 0.348536 0.31586 0.231484 0.315058 0.266049 0.259066 0.247661 0.26553 0.232095 0.208902 0.240005 0.203671 0.190528 0.199807 0.17882 0.161138 0.153375 0.141605 0.148819 0.154321 0.138249 0.130419 0.111868 0.104781 0.115354 0.092659 0.109926 0.117121
# nyrs_ind_age
 30
# nyrs_ind_length
 0
# yrs_ind_age_in
 1 2 3 4 5 6 7 8 9 10 11 12 13 14 15 16 17 18 19 20 21 22 23 24 25 26 27 28 29 30
# yrs_ind_length_in

# yrs_ind_age_in
 1 2 3 4 5 6 7 8 9 10 11 12 13 14 15 16 17 18 19 20 21 22 23 24 25 26 27 28 29 30
# n_sample_ind_length_in

# olc_ind_in

# oac_ind_in
 0.035 0.18 0.135 0.095 0.125 0.085 0.025 0.05 0.045 0.035 0.035 0.155
 0.1 0.165 0.115 0.095 0.065 0.095 0.08 0.04 0.04 0.025 0.03 0.15
 0.06 0.235 0.125 0.085 0.085 0.07 0.055 0.05 0.03 0.035 0.03 0.14
 0.06 0.145 0.16 0.1 0.105 0.065 0.08 0.07 0.035 0.035 0.015 0.13
 0.125 0.09 0.115 0.18 0.075 0.085 0.05 0.055 0.045 0.025 0.02 0.135
 0.07 0.165 0.125 0.09 0.135 0.08 0.03 0.05 0.055 0.03 0.045 0.125
 0.065 0.155 0.185 0.13 0.075 0.115 0.06 0.04 0.03 0.03 0.015 0.1
 0.08 0.12 0.22 0.195 0.055 0.1 0.05 0.035 0.02 0.02 0.015 0.09
 0.07 0.155 0.145 0.15 0.15 0.085 0.055 0.03 0.035 0.015 0.005 0.105
 0.06 0.16 0.21 0.11 0.105 0.085 0.05 0.025 0.055 0.025 0.025 0.09
 0.075 0.24 0.145 0.175 0.06 0.075 0.065 0.03 0.01 0.025 0.025 0.075
 0.08 0.15 0.17 0.185 0.11 0.065 0.06 0.07 0.04 0.02 0.01 0.04
 0.075 0.16 0.245 0.12 0.09 0.095 0.045 0.03 0.05 0.01 0.01 0.07
 0.11 0.16 0.175 0.13 0.085 0.06 0.09 0.045 0.04 0.025 0.025 0.055
 0.04 0.21 0.135 0.105 0.135 0.08 0.065 0.045 0.015 0.035 0.025 0.11
 0.095 0.17 0.235 0.17 0.09 0.1 0.065 0.015 0.01 0 0.01 0.04
 0.07 0.225 0.16 0.135 0.105 0.11 0.055 0.02 0.01 0.025 0.01 0.075
 0.085 0.215 0.215 0.11 0.14 0.07 0.02 0.035 0.02 0.03 0.015 0.045
 0.06 0.15 0.26 0.165 0.145 0.06 0.045 0.035 0.01 0.03 0 0.04
 0.045 0.235 0.14 0.195 0.175 0.055 0.045 0.02 0.02 0.025 0.015 0.03
 0.135 0.18 0.2 0.13 0.15 0.07 0.04 0.03 0.01 0.015 0 0.04
 0.125 0.285 0.195 0.1 0.09 0.08 0.06 0.015 0.015 0.005 0.02 0.01
 0.08 0.3 0.255 0.125 0.05 0.08 0.015 0.035 0.035 0.01 0.01 0.005
 0.115 0.275 0.235 0.16 0.055 0.075 0.02 0.01 0.01 0.01 0.01 0.025
 0.145 0.145 0.22 0.21 0.14 0.075 0.03 0.025 0 0.005 0 0.005
 0.085 0.325 0.205 0.1 0.075 0.13 0.035 0.01 0.01 0.005 0.01 0.01
 0.12 0.22 0.265 0.17 0.06 0.075 0.02 0.015 0.015 0.005 0.015 0.02
 0.12 0.26 0.19 0.195 0.105 0.075 0.025 0.02 0.005 0.005 0 0
 0.185 0.25 0.23 0.11 0.1 0.03 0.03 0.015 0.02 0.005 0.005 0.02
 0.125 0.285 0.26 0.155 0.065 0.045 0.025 0.005 0.025 0 0 0.01
# wt_ind
 1 1 1 1 1 1 1 1 1 1 1 1
 1 1 1 1 1 1 1 1 1 1 1 1
 1 1 1 1 1 1 1 1 1 1 1 1
 1 1 1 1 1 1 1 1 1 1 1 1
 1 1 1 1 1 1 1 1 1 1 1 1
 1 1 1 1 1 1 1 1 1 1 1 1
 1 1 1 1 1 1 1 1 1 1 1 1
 1 1 1 1 1 1 1 1 1 1 1 1
 1 1 1 1 1 1 1 1 1 1 1 1
 1 1 1 1 1 1 1 1 1 1 1 1
 1 1 1 1 1 1 1 1 1 1 1 1
 1 1 1 1 1 1 1 1 1 1 1 1
 1 1 1 1 1 1 1 1 1 1 1 1
 1 1 1 1 1 1 1 1 1 1 1 1
 1 1 1 1 1 1 1 1 1 1 1 1
 1 1 1 1 1 1 1 1 1 1 1 1
 1 1 1 1 1 1 1 1 1 1 1 1
 1 1 1 1 1 1 1 1 1 1 1 1
 1 1 1 1 1 1 1 1 1 1 1 1
 1 1 1 1 1 1 1 1 1 1 1 1
 1 1 1 1 1 1 1 1 1 1 1 1
 1 1 1 1 1 1 1 1 1 1 1 1
 1 1 1 1 1 1 1 1 1 1 1 1
 1 1 1 1 1 1 1 1 1 1 1 1
 1 1 1 1 1 1 1 1 1 1 1 1
 1 1 1 1 1 1 1 1 1 1 1 1
 1 1 1 1 1 1 1 1 1 1 1 1
 1 1 1 1 1 1 1 1 1 1 1 1
 1 1 1 1 1 1 1 1 1 1 1 1
 1 1 1 1 1 1 1 1 1 1 1 1
# wt_pop
 0.000530656 0.00119633 0.00205827 0.00303499 0.00405521 0.0050647 0.00602623 0.00691692 0.00772489 0.00844611 0.00908185 0.0096367
# maturity
 0.0229774 0.320821 0.904651 0.99478 0.999739 0.999987 0.999999 1 1 1 1 1
# spawnmo
1
# age_err
 1 0 0 0 0 0 0 0 0 0 0 0
 0 1 0 0 0 0 0 0 0 0 0 0
 0 0 1 0 0 0 0 0 0 0 0 0
 0 0 0 1 0 0 0 0 0 0 0 0
 0 0 0 0 1 0 0 0 0 0 0 0
 0 0 0 0 0 1 0 0 0 0 0 0
 0 0 0 0 0 0 1 0 0 0 0 0
 0 0 0 0 0 0 0 1 0 0 0 0
 0 0 0 0 0 0 0 0 1 0 0 0
 0 0 0 0 0 0 0 0 0 1 0 0
 0 0 0 0 0 0 0 0 0 0 1 0
 0 0 0 0 0 0 0 0 0 0 0 1
# cntrlfile_name
C:\Users\bai.li\Desktop\s1_test\AMAK\s135\amak.dat
# Map shared selectivity: 
# sel_map
 1 2
 1 1
# datafile_name
amak_data.dat
# model_name
OM_1
# SrType
2
# use_age_err
0
# retro
0
# sigmarprior
0.2
# cvsigmarprior
0.25
# phase_sigmar
-3
# styr_rec_est
1
# endyr_rec_est
30
# Linfprior
80
# cvLinfprior
0.25
# kprior
0.18
# cvkprior
0.25
# Loprior
27.688
# cvLoprior
0.25
# sdageprior
0.1
# cvsdageprior
0.25
# natmortprior
0.2
# cvnatmortprior
0.25
# phase_M
-4
# npars_Mage
0
# ages_M_changes

# Mage_in

# phase_Mage
-5
# phase_rw_M
0
# npars_rw_M
0
# yrs_rw_M

# sigma_rw_M

# qprior
 3.48998e-007
# cvqprior
 1
# phase_q
 1
# q_power_prior
 1
# cvq_power_prior
 0.2
# phase_q_power
 -4
# phase_rw_q
 -1
# npars_rw_q
 0
# yrs_rw_q

# sigma_rw_q

# q_age_min
 1
# q_age_max
 12
# q_age_min
 1
# q_age_max
 12
# fsh_sel_opt(k)
2
# phase_sel_fsh(k)
-2
# n_sel_ch_fsh(k)
1
# sel_slp_in_fsh(k)(1,n_sel_ch_fsh(k))
 1
# sel_inf_in_fsh(k)(1,n_sel_ch_fsh(k))
 2
# logsel_slp_in_fsh(k)(1,n_sel_ch_fsh(k))
 0
# yrs_sel_ch_fsh(k)(1,n_sel_ch_fsh(k))
 1

Survey survey_index1
# ind_sel_opt(k)
2
# indname(k)
survey_index1
# nselages_in_ind(k)
11
# phase_sel_ind(k)
-2
# sel_change_in_ind(k)
 1 0 0 0 0 0 0 0 0 0 0 0 0 0 0 0 0 0 0 0 0 0 0 0 0 0 0 0 0 0
# n_sel_ch_ind(k)
1
# yrs_sel_ch_ind(k)(1,n_sel_ch_ind(k))
 1
# sel_slp_in_ind(k,1)
2
# sel_inf_in_ind(k,1)
1.5
# logsel_slp_in_ind(k,1)
0.693147
# logsel_slp_in_indv(k)
0.693147
survey_index1 ind sel opt 2  1 0 0 0 0 0 0 0 0 0 0 0 0 0 0 0 0 0 0 0 0 0 0 0 0 0 0 0 0 0
Phase indices Sel_Coffs:  -1
 Test: 1.23457e+008
# Fshry Selages:  11
# Srvy  Selages:  11
# Phase for age-spec fishery  -1
# Phase for logistic fishery  -2
# Phase for dble logistic fishery  -1
# Phase for age-spec indices   -1
# Phase for logistic indices   -2
# Phase for dble logistic ind  -1
# Curv_pen_fsh: 
 0
# Curv_pen_ind: 
 0
# styr_fut
31
# endyr_fut
35
# nyrs_fsh_age
 30
# nyrs_fsh_age
 30
# yrs_fsh_age
 1 2 3 4 5 6 7 8 9 10 11 12 13 14 15 16 17 18 19 20 21 22 23 24 25 26 27 28 29 30
# n_sample_fsh_age
 200 200 200 200 200 200 200 200 200 200 200 200 200 200 200 200 200 200 200 200 200 200 200 200 200 200 200 200 200 200
# oac_fsh
 0.045 0.105 0.155 0.125 0.115 0.115 0.075 0.05 0.035 0.025 0.025 0.13
 0.09 0.1 0.115 0.12 0.11 0.09 0.095 0.075 0.02 0.045 0.03 0.11
 0.07 0.16 0.12 0.085 0.135 0.085 0.055 0.065 0.04 0.045 0.01 0.13
 0.04 0.14 0.17 0.09 0.13 0.075 0.06 0.065 0.04 0.04 0.04 0.11
 0.145 0.03 0.1 0.155 0.12 0.115 0.075 0.05 0.01 0.05 0.03 0.12
 0.075 0.18 0.09 0.095 0.12 0.11 0.03 0.05 0.06 0.04 0.04 0.11
 0.075 0.165 0.14 0.11 0.1 0.13 0.03 0.04 0.03 0.02 0.03 0.13
 0.09 0.11 0.13 0.225 0.045 0.07 0.07 0.07 0.02 0.03 0.025 0.115
 0.1 0.125 0.125 0.145 0.145 0.075 0.045 0.05 0.02 0.025 0.005 0.14
 0.055 0.12 0.17 0.135 0.15 0.085 0.035 0.035 0.05 0.025 0.035 0.105
 0.135 0.125 0.17 0.135 0.08 0.095 0.045 0.04 0.04 0.035 0.015 0.085
 0.1 0.105 0.155 0.16 0.135 0.065 0.07 0.08 0.03 0.01 0.04 0.05
 0.1 0.155 0.145 0.14 0.125 0.08 0.055 0.06 0.045 0.03 0.005 0.06
 0.12 0.135 0.105 0.19 0.075 0.105 0.06 0.03 0.045 0.045 0.015 0.075
 0.085 0.135 0.12 0.195 0.105 0.11 0.015 0.075 0.03 0.035 0.035 0.06
 0.11 0.16 0.185 0.105 0.11 0.085 0.095 0.04 0.035 0.015 0.01 0.05
 0.115 0.14 0.145 0.16 0.125 0.085 0.065 0.035 0.015 0.03 0.015 0.07
 0.1 0.16 0.225 0.15 0.085 0.06 0.055 0.025 0.025 0.03 0.025 0.06
 0.12 0.15 0.195 0.185 0.11 0.05 0.035 0.065 0.04 0.005 0.025 0.02
 0.085 0.205 0.195 0.17 0.09 0.055 0.065 0.025 0.035 0.03 0.005 0.04
 0.165 0.155 0.14 0.135 0.155 0.09 0.05 0.04 0.01 0.03 0.02 0.01
 0.155 0.2 0.16 0.165 0.09 0.11 0.03 0.025 0.015 0.005 0.02 0.025
 0.165 0.21 0.205 0.105 0.07 0.08 0.065 0.045 0.015 0.005 0.015 0.02
 0.105 0.195 0.28 0.19 0.05 0.065 0.03 0.04 0.015 0.01 0.005 0.015
 0.185 0.13 0.215 0.175 0.12 0.06 0.055 0.005 0.025 0.01 0.015 0.005
 0.135 0.255 0.215 0.12 0.125 0.065 0.04 0.015 0.005 0.015 0.005 0.005
 0.195 0.175 0.22 0.12 0.12 0.055 0.06 0 0.02 0.025 0.005 0.005
 0.235 0.185 0.12 0.19 0.08 0.07 0.045 0.03 0 0.02 0.01 0.015
 0.225 0.225 0.19 0.13 0.06 0.06 0.04 0.04 0.015 0 0.005 0.01
 0.14 0.245 0.215 0.12 0.09 0.065 0.045 0.03 0.03 0.015 0.005 0
# olc_fsh

# wt_fsh
 0.000530656 0.00119633 0.00205827 0.00303499 0.00405521 0.0050647 0.00602623 0.00691692 0.00772489 0.00844611 0.00908185 0.0096367
 0.000530656 0.00119633 0.00205827 0.00303499 0.00405521 0.0050647 0.00602623 0.00691692 0.00772489 0.00844611 0.00908185 0.0096367
 0.000530656 0.00119633 0.00205827 0.00303499 0.00405521 0.0050647 0.00602623 0.00691692 0.00772489 0.00844611 0.00908185 0.0096367
 0.000530656 0.00119633 0.00205827 0.00303499 0.00405521 0.0050647 0.00602623 0.00691692 0.00772489 0.00844611 0.00908185 0.0096367
 0.000530656 0.00119633 0.00205827 0.00303499 0.00405521 0.0050647 0.00602623 0.00691692 0.00772489 0.00844611 0.00908185 0.0096367
 0.000530656 0.00119633 0.00205827 0.00303499 0.00405521 0.0050647 0.00602623 0.00691692 0.00772489 0.00844611 0.00908185 0.0096367
 0.000530656 0.00119633 0.00205827 0.00303499 0.00405521 0.0050647 0.00602623 0.00691692 0.00772489 0.00844611 0.00908185 0.0096367
 0.000530656 0.00119633 0.00205827 0.00303499 0.00405521 0.0050647 0.00602623 0.00691692 0.00772489 0.00844611 0.00908185 0.0096367
 0.000530656 0.00119633 0.00205827 0.00303499 0.00405521 0.0050647 0.00602623 0.00691692 0.00772489 0.00844611 0.00908185 0.0096367
 0.000530656 0.00119633 0.00205827 0.00303499 0.00405521 0.0050647 0.00602623 0.00691692 0.00772489 0.00844611 0.00908185 0.0096367
 0.000530656 0.00119633 0.00205827 0.00303499 0.00405521 0.0050647 0.00602623 0.00691692 0.00772489 0.00844611 0.00908185 0.0096367
 0.000530656 0.00119633 0.00205827 0.00303499 0.00405521 0.0050647 0.00602623 0.00691692 0.00772489 0.00844611 0.00908185 0.0096367
 0.000530656 0.00119633 0.00205827 0.00303499 0.00405521 0.0050647 0.00602623 0.00691692 0.00772489 0.00844611 0.00908185 0.0096367
 0.000530656 0.00119633 0.00205827 0.00303499 0.00405521 0.0050647 0.00602623 0.00691692 0.00772489 0.00844611 0.00908185 0.0096367
 0.000530656 0.00119633 0.00205827 0.00303499 0.00405521 0.0050647 0.00602623 0.00691692 0.00772489 0.00844611 0.00908185 0.0096367
 0.000530656 0.00119633 0.00205827 0.00303499 0.00405521 0.0050647 0.00602623 0.00691692 0.00772489 0.00844611 0.00908185 0.0096367
 0.000530656 0.00119633 0.00205827 0.00303499 0.00405521 0.0050647 0.00602623 0.00691692 0.00772489 0.00844611 0.00908185 0.0096367
 0.000530656 0.00119633 0.00205827 0.00303499 0.00405521 0.0050647 0.00602623 0.00691692 0.00772489 0.00844611 0.00908185 0.0096367
 0.000530656 0.00119633 0.00205827 0.00303499 0.00405521 0.0050647 0.00602623 0.00691692 0.00772489 0.00844611 0.00908185 0.0096367
 0.000530656 0.00119633 0.00205827 0.00303499 0.00405521 0.0050647 0.00602623 0.00691692 0.00772489 0.00844611 0.00908185 0.0096367
 0.000530656 0.00119633 0.00205827 0.00303499 0.00405521 0.0050647 0.00602623 0.00691692 0.00772489 0.00844611 0.00908185 0.0096367
 0.000530656 0.00119633 0.00205827 0.00303499 0.00405521 0.0050647 0.00602623 0.00691692 0.00772489 0.00844611 0.00908185 0.0096367
 0.000530656 0.00119633 0.00205827 0.00303499 0.00405521 0.0050647 0.00602623 0.00691692 0.00772489 0.00844611 0.00908185 0.0096367
 0.000530656 0.00119633 0.00205827 0.00303499 0.00405521 0.0050647 0.00602623 0.00691692 0.00772489 0.00844611 0.00908185 0.0096367
 0.000530656 0.00119633 0.00205827 0.00303499 0.00405521 0.0050647 0.00602623 0.00691692 0.00772489 0.00844611 0.00908185 0.0096367
 0.000530656 0.00119633 0.00205827 0.00303499 0.00405521 0.0050647 0.00602623 0.00691692 0.00772489 0.00844611 0.00908185 0.0096367
 0.000530656 0.00119633 0.00205827 0.00303499 0.00405521 0.0050647 0.00602623 0.00691692 0.00772489 0.00844611 0.00908185 0.0096367
 0.000530656 0.00119633 0.00205827 0.00303499 0.00405521 0.0050647 0.00602623 0.00691692 0.00772489 0.00844611 0.00908185 0.0096367
 0.000530656 0.00119633 0.00205827 0.00303499 0.00405521 0.0050647 0.00602623 0.00691692 0.00772489 0.00844611 0.00908185 0.0096367
 0.000530656 0.00119633 0.00205827 0.00303499 0.00405521 0.0050647 0.00602623 0.00691692 0.00772489 0.00844611 0.00908185 0.0096367
# nyrs_ind_age
 30
# yrs_ind_age
 1 2 3 4 5 6 7 8 9 10 11 12 13 14 15 16 17 18 19 20 21 22 23 24 25 26 27 28 29 30
# n_sample_ind_age
 200 200 200 200 200 200 200 200 200 200 200 200 200 200 200 200 200 200 200 200 200 200 200 200 200 200 200 200 200 200
# oac_ind
 0.035 0.18 0.135 0.095 0.125 0.085 0.025 0.05 0.045 0.035 0.035 0.155
 0.1 0.165 0.115 0.095 0.065 0.095 0.08 0.04 0.04 0.025 0.03 0.15
 0.06 0.235 0.125 0.085 0.085 0.07 0.055 0.05 0.03 0.035 0.03 0.14
 0.06 0.145 0.16 0.1 0.105 0.065 0.08 0.07 0.035 0.035 0.015 0.13
 0.125 0.09 0.115 0.18 0.075 0.085 0.05 0.055 0.045 0.025 0.02 0.135
 0.07 0.165 0.125 0.09 0.135 0.08 0.03 0.05 0.055 0.03 0.045 0.125
 0.065 0.155 0.185 0.13 0.075 0.115 0.06 0.04 0.03 0.03 0.015 0.1
 0.08 0.12 0.22 0.195 0.055 0.1 0.05 0.035 0.02 0.02 0.015 0.09
 0.07 0.155 0.145 0.15 0.15 0.085 0.055 0.03 0.035 0.015 0.005 0.105
 0.06 0.16 0.21 0.11 0.105 0.085 0.05 0.025 0.055 0.025 0.025 0.09
 0.075 0.24 0.145 0.175 0.06 0.075 0.065 0.03 0.01 0.025 0.025 0.075
 0.08 0.15 0.17 0.185 0.11 0.065 0.06 0.07 0.04 0.02 0.01 0.04
 0.075 0.16 0.245 0.12 0.09 0.095 0.045 0.03 0.05 0.01 0.01 0.07
 0.11 0.16 0.175 0.13 0.085 0.06 0.09 0.045 0.04 0.025 0.025 0.055
 0.04 0.21 0.135 0.105 0.135 0.08 0.065 0.045 0.015 0.035 0.025 0.11
 0.095 0.17 0.235 0.17 0.09 0.1 0.065 0.015 0.01 0 0.01 0.04
 0.07 0.225 0.16 0.135 0.105 0.11 0.055 0.02 0.01 0.025 0.01 0.075
 0.085 0.215 0.215 0.11 0.14 0.07 0.02 0.035 0.02 0.03 0.015 0.045
 0.06 0.15 0.26 0.165 0.145 0.06 0.045 0.035 0.01 0.03 0 0.04
 0.045 0.235 0.14 0.195 0.175 0.055 0.045 0.02 0.02 0.025 0.015 0.03
 0.135 0.18 0.2 0.13 0.15 0.07 0.04 0.03 0.01 0.015 0 0.04
 0.125 0.285 0.195 0.1 0.09 0.08 0.06 0.015 0.015 0.005 0.02 0.01
 0.08 0.3 0.255 0.125 0.05 0.08 0.015 0.035 0.035 0.01 0.01 0.005
 0.115 0.275 0.235 0.16 0.055 0.075 0.02 0.01 0.01 0.01 0.01 0.025
 0.145 0.145 0.22 0.21 0.14 0.075 0.03 0.025 0 0.005 0 0.005
 0.085 0.325 0.205 0.1 0.075 0.13 0.035 0.01 0.01 0.005 0.01 0.01
 0.12 0.22 0.265 0.17 0.06 0.075 0.02 0.015 0.015 0.005 0.015 0.02
 0.12 0.26 0.19 0.195 0.105 0.075 0.025 0.02 0.005 0.005 0 0
 0.185 0.25 0.23 0.11 0.1 0.03 0.03 0.015 0.02 0.005 0.005 0.02
 0.125 0.285 0.26 0.155 0.065 0.045 0.025 0.005 0.025 0 0 0.01
# olc_ind

# obs_lse_ind
 0.198042 0.198042 0.198042 0.198042 0.198042 0.198042 0.198042 0.198042 0.198042 0.198042 0.198042 0.198042 0.198042 0.198042 0.198042 0.198042 0.198042 0.198042 0.198042 0.198042 0.198042 0.198042 0.198042 0.198042 0.198042 0.198042 0.198042 0.198042 0.198042 0.198042
# xages_fsh
 0 0 0 0 0 0 0 0 0 0 0 0
# xages_fsh
 0 0.0909091 0.181818 0.272727 0.363636 0.454545 0.545455 0.636364 0.727273 0.818182 0.909091 1
# xnodes_fsh

Yrs fsh_sel change:  1 0 0 0 0 0 0 0 0 0 0 0 0 0 0 0 0 0 0 0 0 0 0 0 0 0 0 0 0
Yrs ind_sel change:  1 0 0 0 0 0 0 0 0 0 0 0 0 0 0 0 0 0 0 0 0 0 0 0 0 0 0 0 0
# steepnessprior
0.75
# sigmarprior
0.2
#  SSB estimated in styr endyr: -12 28 
#  Rec estimated in styr endyr: -10 30 
#  SR Curve fit  in styr endyr: 1 30 
#             Model styr endyr: 1 30 
# qprior
 3.48998e-007
# q_power_prior 
 1 
# cv_catchbiomass 
0.05 
# CatchbiomassPen 
200 
# Number of projection years 
5 
# offset_fsh
 13426.9
# offset_ind
 13005.4
Mean Catch
1276.21
R_guess 
13.8155
# nfsh
1
# n_sel_ch_fsh
 1
# nselages_fsh
 11
# phase_selcoff_fsh
 -1
logRzero 13.8155
logmeanrec 13.8155
exp(log_sigmarprior 0.2
Fish sel phase: -1 OM1
Fixing fishery sel to
1
Fixing fishery sel to
1
Srvy sel phase: -1
Fixing survey_index1 indices sel to
1
Fixing index sel to
1
# logsel_slp_in_indv
 0.693147
Leaving parameter init secton
# M
 0.2 0.2 0.2 0.2 0.2 0.2 0.2 0.2 0.2 0.2 0.2 0.2
 0.2 0.2 0.2 0.2 0.2 0.2 0.2 0.2 0.2 0.2 0.2 0.2
 0.2 0.2 0.2 0.2 0.2 0.2 0.2 0.2 0.2 0.2 0.2 0.2
 0.2 0.2 0.2 0.2 0.2 0.2 0.2 0.2 0.2 0.2 0.2 0.2
 0.2 0.2 0.2 0.2 0.2 0.2 0.2 0.2 0.2 0.2 0.2 0.2
 0.2 0.2 0.2 0.2 0.2 0.2 0.2 0.2 0.2 0.2 0.2 0.2
 0.2 0.2 0.2 0.2 0.2 0.2 0.2 0.2 0.2 0.2 0.2 0.2
 0.2 0.2 0.2 0.2 0.2 0.2 0.2 0.2 0.2 0.2 0.2 0.2
 0.2 0.2 0.2 0.2 0.2 0.2 0.2 0.2 0.2 0.2 0.2 0.2
 0.2 0.2 0.2 0.2 0.2 0.2 0.2 0.2 0.2 0.2 0.2 0.2
 0.2 0.2 0.2 0.2 0.2 0.2 0.2 0.2 0.2 0.2 0.2 0.2
 0.2 0.2 0.2 0.2 0.2 0.2 0.2 0.2 0.2 0.2 0.2 0.2
 0.2 0.2 0.2 0.2 0.2 0.2 0.2 0.2 0.2 0.2 0.2 0.2
 0.2 0.2 0.2 0.2 0.2 0.2 0.2 0.2 0.2 0.2 0.2 0.2
 0.2 0.2 0.2 0.2 0.2 0.2 0.2 0.2 0.2 0.2 0.2 0.2
 0.2 0.2 0.2 0.2 0.2 0.2 0.2 0.2 0.2 0.2 0.2 0.2
 0.2 0.2 0.2 0.2 0.2 0.2 0.2 0.2 0.2 0.2 0.2 0.2
 0.2 0.2 0.2 0.2 0.2 0.2 0.2 0.2 0.2 0.2 0.2 0.2
 0.2 0.2 0.2 0.2 0.2 0.2 0.2 0.2 0.2 0.2 0.2 0.2
 0.2 0.2 0.2 0.2 0.2 0.2 0.2 0.2 0.2 0.2 0.2 0.2
 0.2 0.2 0.2 0.2 0.2 0.2 0.2 0.2 0.2 0.2 0.2 0.2
 0.2 0.2 0.2 0.2 0.2 0.2 0.2 0.2 0.2 0.2 0.2 0.2
 0.2 0.2 0.2 0.2 0.2 0.2 0.2 0.2 0.2 0.2 0.2 0.2
 0.2 0.2 0.2 0.2 0.2 0.2 0.2 0.2 0.2 0.2 0.2 0.2
 0.2 0.2 0.2 0.2 0.2 0.2 0.2 0.2 0.2 0.2 0.2 0.2
 0.2 0.2 0.2 0.2 0.2 0.2 0.2 0.2 0.2 0.2 0.2 0.2
 0.2 0.2 0.2 0.2 0.2 0.2 0.2 0.2 0.2 0.2 0.2 0.2
 0.2 0.2 0.2 0.2 0.2 0.2 0.2 0.2 0.2 0.2 0.2 0.2
 0.2 0.2 0.2 0.2 0.2 0.2 0.2 0.2 0.2 0.2 0.2 0.2
 0.2 0.2 0.2 0.2 0.2 0.2 0.2 0.2 0.2 0.2 0.2 0.2
# mean_log_rec
13.7216
# log_Rzero
13.8265
# rec_dev
 -0.0324549 -0.0177569 -0.0440854 -0.0811352 -0.0512234 -0.0594976 0.171641 0.077696 0.0274164 0.0110332 0.00797134 0.0242516 0.389085 0.00327037 -0.110417 0.46289 0.288585 -0.0298322 0.240397 0.0840249 0.0592288 0.125809 0.0469962 -0.0948262 0.0788408 -0.0726912 0.120751 0.114008 -0.200474 -0.169645 -0.340307 0.0794376 0.0355631 -0.178082 -0.351333 -0.0786861 -0.423009 -0.21447 -0.092357 0.013857 -0.234074
# fmort
 0.00940342 0.02773 0.0460415 0.062899 0.0504901 0.0901728 0.0905779 0.191276 0.112129 0.137278 0.155494 0.16653 0.121735 0.176232 0.18573 0.167284 0.325909 0.267742 0.265774 0.263047 0.362311 0.264909 0.433288 0.357169 0.348624 0.317744 0.307295 0.421388 0.310372 0.463392
# rec_dev_future
 0 0 0 0 0
