AMAK;August_2013
# styr
1
# endyr
30
# rec_age
1
# oldest_age
12
# nlength
81
# len_bins
 10 11 12 13 14 15 16 17 18 19 20 21 22 23 24 25 26 27 28 29 30 31 32 33 34 35 36 37 38 39 40 41 42 43 44 45 46 47 48 49 50 51 52 53 54 55 56 57 58 59 60 61 62 63 64 65 66 67 68 69 70 71 72 73 74 75 76 77 78 79 80 81 82 83 84 85 86 87 88 89 90
# datafile_name
amak_data.dat
# model_name
OM_1
# styr
1
# endyr
30
# rec_age
1
# oldest_age
12
# nfsh
1
# fshname
OM1
# catch_bio_in
 160.757 467.432 765.661 991.939 766.608 1332.97 1290.88 2485.7 1327.36 1529.72 1614.21 1601.42 1104.57 1532.09 1502.45 1272.42 2262.75 1605.08 1450.18 1309.41 1612.8 1081.48 1642.08 1198.14 1114.12 961.733 920.796 1202.67 875.126 1269.41
# catch_bio_sd_in
 0.01 0.01 0.01 0.01 0.01 0.01 0.01 0.01 0.01 0.01 0.01 0.01 0.01 0.01 0.01 0.01 0.01 0.01 0.01 0.01 0.01 0.01 0.01 0.01 0.01 0.01 0.01 0.01 0.01 0.01
# nyrs_fsh_age
 30
# nyrs_fsh_length
 0
# yrs_fsh_age_in
 1 2 3 4 5 6 7 8 9 10 11 12 13 14 15 16 17 18 19 20 21 22 23 24 25 26 27 28 29 30
# yrs_fsh_length_in

# n_sample_fsh_length_in

# olc_fsh_in

# nind
1
# indname
survey_index1
# nyrs_ind
 30
# yrs_ind_in
 1 2 3 4 5 6 7 8 9 10 11 12 13 14 15 16 17 18 19 20 21 22 23 24 25 26 27 28 29 30
# mo_ind
 1
# obs_ind_in
 1.28802 1.90844 1.55772 1.43787 1.14329 1.47916 1.23137 1.38061 1.21438 1.28563 1.13347 1.00746 0.943824 1.06394 1.10076 0.916517 0.877827 0.805876 0.733081 0.78122 0.747543 0.632644 0.714235 0.603138 0.592136 0.530228 0.544908 0.488706 0.530598 0.575654
# obs_se_ind_in
 0.257604 0.381689 0.311543 0.287575 0.228659 0.295833 0.246274 0.276122 0.242876 0.257126 0.226694 0.201493 0.188765 0.212788 0.220152 0.183303 0.175565 0.161175 0.146616 0.156244 0.149509 0.126529 0.142847 0.120628 0.118427 0.106046 0.108982 0.0977413 0.10612 0.115131
# nyrs_ind_age
 30
# nyrs_ind_length
 0
# yrs_ind_age_in
 1 2 3 4 5 6 7 8 9 10 11 12 13 14 15 16 17 18 19 20 21 22 23 24 25 26 27 28 29 30
# yrs_ind_length_in

# yrs_ind_age_in
 1 2 3 4 5 6 7 8 9 10 11 12 13 14 15 16 17 18 19 20 21 22 23 24 25 26 27 28 29 30
# n_sample_ind_length_in

# olc_ind_in

# oac_ind_in
 0.045 0.17 0.125 0.09 0.145 0.115 0.04 0.04 0.035 0.025 0.045 0.125
 0.1 0.15 0.135 0.11 0.15 0.07 0.045 0.035 0.035 0.045 0.02 0.105
 0.055 0.16 0.135 0.12 0.12 0.06 0.035 0.04 0.05 0.035 0.045 0.145
 0.055 0.125 0.145 0.12 0.125 0.07 0.075 0.085 0.055 0.02 0.05 0.075
 0.11 0.145 0.145 0.12 0.11 0.075 0.025 0.035 0.06 0.025 0.025 0.125
 0.07 0.195 0.11 0.06 0.13 0.1 0.045 0.075 0.035 0.025 0.03 0.125
 0.075 0.15 0.195 0.085 0.085 0.105 0.05 0.05 0.045 0.03 0.025 0.105
 0.055 0.13 0.215 0.195 0.06 0.055 0.06 0.065 0.02 0.035 0.015 0.095
 0.08 0.195 0.135 0.105 0.185 0.04 0.03 0.03 0.055 0.03 0.035 0.08
 0.085 0.185 0.18 0.095 0.145 0.05 0.01 0.04 0.025 0.015 0.02 0.15
 0.065 0.195 0.18 0.185 0.07 0.11 0.07 0.02 0.01 0.02 0.005 0.07
 0.045 0.21 0.175 0.12 0.125 0.105 0.06 0.06 0.005 0.01 0.02 0.065
 0.065 0.155 0.2 0.185 0.125 0.04 0.045 0.045 0.03 0.015 0.02 0.075
 0.08 0.215 0.135 0.15 0.105 0.05 0.07 0.03 0.045 0.055 0.015 0.05
 0.095 0.21 0.175 0.095 0.11 0.1 0.045 0.075 0.02 0.015 0.01 0.05
 0.1 0.17 0.185 0.135 0.1 0.065 0.075 0.06 0.035 0.02 0.025 0.03
 0.13 0.25 0.165 0.14 0.105 0.045 0.045 0.02 0.02 0.03 0.005 0.045
 0.045 0.23 0.235 0.105 0.105 0.095 0.055 0.035 0.025 0.005 0.02 0.045
 0.13 0.17 0.165 0.17 0.14 0.075 0.03 0.025 0.015 0.015 0.01 0.055
 0.1 0.215 0.13 0.215 0.135 0.06 0.03 0.04 0.015 0 0.015 0.045
 0.17 0.13 0.225 0.12 0.12 0.08 0.03 0.035 0.025 0.01 0.02 0.035
 0.12 0.34 0.19 0.125 0.07 0.055 0.03 0.02 0.02 0 0.01 0.02
 0.12 0.245 0.315 0.09 0.085 0.035 0.025 0.04 0.015 0.005 0.005 0.02
 0.125 0.225 0.235 0.175 0.08 0.07 0.035 0.025 0.01 0.01 0.005 0.005
 0.085 0.205 0.195 0.18 0.14 0.075 0.05 0.01 0.02 0.02 0.015 0.005
 0.105 0.32 0.185 0.15 0.09 0.075 0.025 0.02 0.015 0.005 0 0.01
 0.11 0.18 0.33 0.13 0.07 0.09 0.05 0.01 0.005 0.005 0.005 0.015
 0.105 0.25 0.175 0.22 0.095 0.06 0.015 0.025 0.005 0.025 0.01 0.015
 0.155 0.28 0.16 0.13 0.12 0.04 0.075 0.015 0.02 0 0 0.005
 0.07 0.325 0.22 0.18 0.065 0.065 0.04 0.025 0.005 0 0.005 0
# wt_ind
 1 1 1 1 1 1 1 1 1 1 1 1
 1 1 1 1 1 1 1 1 1 1 1 1
 1 1 1 1 1 1 1 1 1 1 1 1
 1 1 1 1 1 1 1 1 1 1 1 1
 1 1 1 1 1 1 1 1 1 1 1 1
 1 1 1 1 1 1 1 1 1 1 1 1
 1 1 1 1 1 1 1 1 1 1 1 1
 1 1 1 1 1 1 1 1 1 1 1 1
 1 1 1 1 1 1 1 1 1 1 1 1
 1 1 1 1 1 1 1 1 1 1 1 1
 1 1 1 1 1 1 1 1 1 1 1 1
 1 1 1 1 1 1 1 1 1 1 1 1
 1 1 1 1 1 1 1 1 1 1 1 1
 1 1 1 1 1 1 1 1 1 1 1 1
 1 1 1 1 1 1 1 1 1 1 1 1
 1 1 1 1 1 1 1 1 1 1 1 1
 1 1 1 1 1 1 1 1 1 1 1 1
 1 1 1 1 1 1 1 1 1 1 1 1
 1 1 1 1 1 1 1 1 1 1 1 1
 1 1 1 1 1 1 1 1 1 1 1 1
 1 1 1 1 1 1 1 1 1 1 1 1
 1 1 1 1 1 1 1 1 1 1 1 1
 1 1 1 1 1 1 1 1 1 1 1 1
 1 1 1 1 1 1 1 1 1 1 1 1
 1 1 1 1 1 1 1 1 1 1 1 1
 1 1 1 1 1 1 1 1 1 1 1 1
 1 1 1 1 1 1 1 1 1 1 1 1
 1 1 1 1 1 1 1 1 1 1 1 1
 1 1 1 1 1 1 1 1 1 1 1 1
 1 1 1 1 1 1 1 1 1 1 1 1
# wt_pop
 0.000530656 0.00119633 0.00205827 0.00303499 0.00405521 0.0050647 0.00602623 0.00691692 0.00772489 0.00844611 0.00908185 0.0096367
# maturity
 0.0229774 0.320821 0.904651 0.99478 0.999739 0.999987 0.999999 1 1 1 1 1
# spawnmo
1
# age_err
 1 0 0 0 0 0 0 0 0 0 0 0
 0 1 0 0 0 0 0 0 0 0 0 0
 0 0 1 0 0 0 0 0 0 0 0 0
 0 0 0 1 0 0 0 0 0 0 0 0
 0 0 0 0 1 0 0 0 0 0 0 0
 0 0 0 0 0 1 0 0 0 0 0 0
 0 0 0 0 0 0 1 0 0 0 0 0
 0 0 0 0 0 0 0 1 0 0 0 0
 0 0 0 0 0 0 0 0 1 0 0 0
 0 0 0 0 0 0 0 0 0 1 0 0
 0 0 0 0 0 0 0 0 0 0 1 0
 0 0 0 0 0 0 0 0 0 0 0 1
# cntrlfile_name
C:\Users\bai.li\Desktop\s1_test\AMAK\s103\amak.dat
# Map shared selectivity: 
# sel_map
 1 2
 1 1
# datafile_name
amak_data.dat
# model_name
OM_1
# SrType
2
# use_age_err
0
# retro
0
# sigmarprior
0.2
# cvsigmarprior
0.25
# phase_sigmar
-3
# styr_rec_est
1
# endyr_rec_est
30
# Linfprior
80
# cvLinfprior
0.25
# kprior
0.18
# cvkprior
0.25
# Loprior
27.688
# cvLoprior
0.25
# sdageprior
0.1
# cvsdageprior
0.25
# natmortprior
0.2
# cvnatmortprior
0.25
# phase_M
-4
# npars_Mage
0
# ages_M_changes

# Mage_in

# phase_Mage
-5
# phase_rw_M
0
# npars_rw_M
0
# yrs_rw_M

# sigma_rw_M

# qprior
 3.48998e-007
# cvqprior
 1
# phase_q
 1
# q_power_prior
 1
# cvq_power_prior
 0.2
# phase_q_power
 -4
# phase_rw_q
 -1
# npars_rw_q
 0
# yrs_rw_q

# sigma_rw_q

# q_age_min
 1
# q_age_max
 12
# q_age_min
 1
# q_age_max
 12
# fsh_sel_opt(k)
2
# phase_sel_fsh(k)
-2
# n_sel_ch_fsh(k)
1
# sel_slp_in_fsh(k)(1,n_sel_ch_fsh(k))
 1
# sel_inf_in_fsh(k)(1,n_sel_ch_fsh(k))
 2
# logsel_slp_in_fsh(k)(1,n_sel_ch_fsh(k))
 0
# yrs_sel_ch_fsh(k)(1,n_sel_ch_fsh(k))
 1

Survey survey_index1
# ind_sel_opt(k)
2
# indname(k)
survey_index1
# nselages_in_ind(k)
11
# phase_sel_ind(k)
-2
# sel_change_in_ind(k)
 1 0 0 0 0 0 0 0 0 0 0 0 0 0 0 0 0 0 0 0 0 0 0 0 0 0 0 0 0 0
# n_sel_ch_ind(k)
1
# yrs_sel_ch_ind(k)(1,n_sel_ch_ind(k))
 1
# sel_slp_in_ind(k,1)
2
# sel_inf_in_ind(k,1)
1.5
# logsel_slp_in_ind(k,1)
0.693147
# logsel_slp_in_indv(k)
0.693147
survey_index1 ind sel opt 2  1 0 0 0 0 0 0 0 0 0 0 0 0 0 0 0 0 0 0 0 0 0 0 0 0 0 0 0 0 0
Phase indices Sel_Coffs:  -1
 Test: 1.23457e+008
# Fshry Selages:  11
# Srvy  Selages:  11
# Phase for age-spec fishery  -1
# Phase for logistic fishery  -2
# Phase for dble logistic fishery  -1
# Phase for age-spec indices   -1
# Phase for logistic indices   -2
# Phase for dble logistic ind  -1
# Curv_pen_fsh: 
 0
# Curv_pen_ind: 
 0
# styr_fut
31
# endyr_fut
35
# nyrs_fsh_age
 30
# nyrs_fsh_age
 30
# yrs_fsh_age
 1 2 3 4 5 6 7 8 9 10 11 12 13 14 15 16 17 18 19 20 21 22 23 24 25 26 27 28 29 30
# n_sample_fsh_age
 200 200 200 200 200 200 200 200 200 200 200 200 200 200 200 200 200 200 200 200 200 200 200 200 200 200 200 200 200 200
# oac_fsh
 0.07 0.095 0.09 0.12 0.105 0.09 0.085 0.06 0.055 0.03 0.025 0.175
 0.075 0.09 0.125 0.125 0.135 0.07 0.105 0.045 0.04 0.03 0.02 0.14
 0.055 0.08 0.16 0.135 0.11 0.065 0.065 0.055 0.06 0.02 0.025 0.17
 0.055 0.08 0.175 0.105 0.095 0.105 0.05 0.075 0.075 0.04 0.015 0.13
 0.105 0.085 0.125 0.145 0.135 0.05 0.07 0.085 0.04 0.035 0.02 0.105
 0.065 0.135 0.11 0.09 0.17 0.08 0.07 0.045 0.03 0.055 0.025 0.125
 0.085 0.145 0.195 0.135 0.085 0.035 0.075 0.05 0.025 0.03 0.005 0.135
 0.07 0.125 0.205 0.135 0.115 0.055 0.08 0.05 0.025 0.01 0.04 0.09
 0.1 0.115 0.1 0.175 0.125 0.08 0.05 0.085 0.05 0.025 0.01 0.085
 0.065 0.145 0.16 0.15 0.13 0.115 0.025 0.04 0.045 0.02 0.01 0.095
 0.09 0.14 0.105 0.135 0.09 0.115 0.11 0.035 0.04 0.035 0.015 0.09
 0.07 0.14 0.21 0.105 0.095 0.065 0.075 0.035 0.005 0.03 0.05 0.12
 0.09 0.125 0.205 0.18 0.075 0.08 0.075 0.045 0.03 0.01 0.015 0.07
 0.12 0.13 0.09 0.15 0.145 0.075 0.08 0.035 0.04 0.045 0.01 0.08
 0.09 0.145 0.16 0.17 0.185 0.075 0.035 0.02 0.035 0.01 0.035 0.04
 0.09 0.175 0.19 0.135 0.095 0.09 0.05 0.045 0.03 0.015 0.025 0.06
 0.165 0.155 0.095 0.19 0.125 0.065 0.05 0.045 0.025 0.025 0.015 0.045
 0.085 0.205 0.18 0.165 0.08 0.085 0.07 0.055 0.02 0.02 0.005 0.03
 0.135 0.135 0.19 0.185 0.105 0.075 0.045 0.03 0.045 0.015 0.01 0.03
 0.085 0.18 0.17 0.21 0.115 0.065 0.03 0.045 0.025 0.035 0.01 0.03
 0.12 0.145 0.235 0.13 0.145 0.075 0.045 0.05 0.02 0.01 0.01 0.015
 0.165 0.23 0.14 0.165 0.095 0.095 0.055 0.025 0.005 0.005 0.005 0.015
 0.18 0.235 0.215 0.09 0.08 0.025 0.065 0.035 0.01 0.02 0.015 0.03
 0.145 0.2 0.22 0.185 0.095 0.08 0.005 0.03 0.015 0 0.01 0.015
 0.155 0.21 0.18 0.1 0.155 0.055 0.03 0.04 0.03 0.015 0.005 0.025
 0.14 0.255 0.215 0.13 0.085 0.085 0.02 0.025 0.01 0.01 0.01 0.015
 0.165 0.1 0.255 0.155 0.11 0.09 0.07 0.015 0.01 0.01 0.01 0.01
 0.2 0.21 0.17 0.17 0.08 0.08 0.04 0.03 0.01 0.005 0 0.005
 0.205 0.19 0.225 0.12 0.13 0.035 0.03 0.035 0.015 0 0.005 0.01
 0.17 0.255 0.23 0.1 0.085 0.065 0.045 0.02 0.01 0.015 0.005 0
# olc_fsh

# wt_fsh
 0.000530656 0.00119633 0.00205827 0.00303499 0.00405521 0.0050647 0.00602623 0.00691692 0.00772489 0.00844611 0.00908185 0.0096367
 0.000530656 0.00119633 0.00205827 0.00303499 0.00405521 0.0050647 0.00602623 0.00691692 0.00772489 0.00844611 0.00908185 0.0096367
 0.000530656 0.00119633 0.00205827 0.00303499 0.00405521 0.0050647 0.00602623 0.00691692 0.00772489 0.00844611 0.00908185 0.0096367
 0.000530656 0.00119633 0.00205827 0.00303499 0.00405521 0.0050647 0.00602623 0.00691692 0.00772489 0.00844611 0.00908185 0.0096367
 0.000530656 0.00119633 0.00205827 0.00303499 0.00405521 0.0050647 0.00602623 0.00691692 0.00772489 0.00844611 0.00908185 0.0096367
 0.000530656 0.00119633 0.00205827 0.00303499 0.00405521 0.0050647 0.00602623 0.00691692 0.00772489 0.00844611 0.00908185 0.0096367
 0.000530656 0.00119633 0.00205827 0.00303499 0.00405521 0.0050647 0.00602623 0.00691692 0.00772489 0.00844611 0.00908185 0.0096367
 0.000530656 0.00119633 0.00205827 0.00303499 0.00405521 0.0050647 0.00602623 0.00691692 0.00772489 0.00844611 0.00908185 0.0096367
 0.000530656 0.00119633 0.00205827 0.00303499 0.00405521 0.0050647 0.00602623 0.00691692 0.00772489 0.00844611 0.00908185 0.0096367
 0.000530656 0.00119633 0.00205827 0.00303499 0.00405521 0.0050647 0.00602623 0.00691692 0.00772489 0.00844611 0.00908185 0.0096367
 0.000530656 0.00119633 0.00205827 0.00303499 0.00405521 0.0050647 0.00602623 0.00691692 0.00772489 0.00844611 0.00908185 0.0096367
 0.000530656 0.00119633 0.00205827 0.00303499 0.00405521 0.0050647 0.00602623 0.00691692 0.00772489 0.00844611 0.00908185 0.0096367
 0.000530656 0.00119633 0.00205827 0.00303499 0.00405521 0.0050647 0.00602623 0.00691692 0.00772489 0.00844611 0.00908185 0.0096367
 0.000530656 0.00119633 0.00205827 0.00303499 0.00405521 0.0050647 0.00602623 0.00691692 0.00772489 0.00844611 0.00908185 0.0096367
 0.000530656 0.00119633 0.00205827 0.00303499 0.00405521 0.0050647 0.00602623 0.00691692 0.00772489 0.00844611 0.00908185 0.0096367
 0.000530656 0.00119633 0.00205827 0.00303499 0.00405521 0.0050647 0.00602623 0.00691692 0.00772489 0.00844611 0.00908185 0.0096367
 0.000530656 0.00119633 0.00205827 0.00303499 0.00405521 0.0050647 0.00602623 0.00691692 0.00772489 0.00844611 0.00908185 0.0096367
 0.000530656 0.00119633 0.00205827 0.00303499 0.00405521 0.0050647 0.00602623 0.00691692 0.00772489 0.00844611 0.00908185 0.0096367
 0.000530656 0.00119633 0.00205827 0.00303499 0.00405521 0.0050647 0.00602623 0.00691692 0.00772489 0.00844611 0.00908185 0.0096367
 0.000530656 0.00119633 0.00205827 0.00303499 0.00405521 0.0050647 0.00602623 0.00691692 0.00772489 0.00844611 0.00908185 0.0096367
 0.000530656 0.00119633 0.00205827 0.00303499 0.00405521 0.0050647 0.00602623 0.00691692 0.00772489 0.00844611 0.00908185 0.0096367
 0.000530656 0.00119633 0.00205827 0.00303499 0.00405521 0.0050647 0.00602623 0.00691692 0.00772489 0.00844611 0.00908185 0.0096367
 0.000530656 0.00119633 0.00205827 0.00303499 0.00405521 0.0050647 0.00602623 0.00691692 0.00772489 0.00844611 0.00908185 0.0096367
 0.000530656 0.00119633 0.00205827 0.00303499 0.00405521 0.0050647 0.00602623 0.00691692 0.00772489 0.00844611 0.00908185 0.0096367
 0.000530656 0.00119633 0.00205827 0.00303499 0.00405521 0.0050647 0.00602623 0.00691692 0.00772489 0.00844611 0.00908185 0.0096367
 0.000530656 0.00119633 0.00205827 0.00303499 0.00405521 0.0050647 0.00602623 0.00691692 0.00772489 0.00844611 0.00908185 0.0096367
 0.000530656 0.00119633 0.00205827 0.00303499 0.00405521 0.0050647 0.00602623 0.00691692 0.00772489 0.00844611 0.00908185 0.0096367
 0.000530656 0.00119633 0.00205827 0.00303499 0.00405521 0.0050647 0.00602623 0.00691692 0.00772489 0.00844611 0.00908185 0.0096367
 0.000530656 0.00119633 0.00205827 0.00303499 0.00405521 0.0050647 0.00602623 0.00691692 0.00772489 0.00844611 0.00908185 0.0096367
 0.000530656 0.00119633 0.00205827 0.00303499 0.00405521 0.0050647 0.00602623 0.00691692 0.00772489 0.00844611 0.00908185 0.0096367
# nyrs_ind_age
 30
# yrs_ind_age
 1 2 3 4 5 6 7 8 9 10 11 12 13 14 15 16 17 18 19 20 21 22 23 24 25 26 27 28 29 30
# n_sample_ind_age
 200 200 200 200 200 200 200 200 200 200 200 200 200 200 200 200 200 200 200 200 200 200 200 200 200 200 200 200 200 200
# oac_ind
 0.045 0.17 0.125 0.09 0.145 0.115 0.04 0.04 0.035 0.025 0.045 0.125
 0.1 0.15 0.135 0.11 0.15 0.07 0.045 0.035 0.035 0.045 0.02 0.105
 0.055 0.16 0.135 0.12 0.12 0.06 0.035 0.04 0.05 0.035 0.045 0.145
 0.055 0.125 0.145 0.12 0.125 0.07 0.075 0.085 0.055 0.02 0.05 0.075
 0.11 0.145 0.145 0.12 0.11 0.075 0.025 0.035 0.06 0.025 0.025 0.125
 0.07 0.195 0.11 0.06 0.13 0.1 0.045 0.075 0.035 0.025 0.03 0.125
 0.075 0.15 0.195 0.085 0.085 0.105 0.05 0.05 0.045 0.03 0.025 0.105
 0.055 0.13 0.215 0.195 0.06 0.055 0.06 0.065 0.02 0.035 0.015 0.095
 0.08 0.195 0.135 0.105 0.185 0.04 0.03 0.03 0.055 0.03 0.035 0.08
 0.085 0.185 0.18 0.095 0.145 0.05 0.01 0.04 0.025 0.015 0.02 0.15
 0.065 0.195 0.18 0.185 0.07 0.11 0.07 0.02 0.01 0.02 0.005 0.07
 0.045 0.21 0.175 0.12 0.125 0.105 0.06 0.06 0.005 0.01 0.02 0.065
 0.065 0.155 0.2 0.185 0.125 0.04 0.045 0.045 0.03 0.015 0.02 0.075
 0.08 0.215 0.135 0.15 0.105 0.05 0.07 0.03 0.045 0.055 0.015 0.05
 0.095 0.21 0.175 0.095 0.11 0.1 0.045 0.075 0.02 0.015 0.01 0.05
 0.1 0.17 0.185 0.135 0.1 0.065 0.075 0.06 0.035 0.02 0.025 0.03
 0.13 0.25 0.165 0.14 0.105 0.045 0.045 0.02 0.02 0.03 0.005 0.045
 0.045 0.23 0.235 0.105 0.105 0.095 0.055 0.035 0.025 0.005 0.02 0.045
 0.13 0.17 0.165 0.17 0.14 0.075 0.03 0.025 0.015 0.015 0.01 0.055
 0.1 0.215 0.13 0.215 0.135 0.06 0.03 0.04 0.015 0 0.015 0.045
 0.17 0.13 0.225 0.12 0.12 0.08 0.03 0.035 0.025 0.01 0.02 0.035
 0.12 0.34 0.19 0.125 0.07 0.055 0.03 0.02 0.02 0 0.01 0.02
 0.12 0.245 0.315 0.09 0.085 0.035 0.025 0.04 0.015 0.005 0.005 0.02
 0.125 0.225 0.235 0.175 0.08 0.07 0.035 0.025 0.01 0.01 0.005 0.005
 0.085 0.205 0.195 0.18 0.14 0.075 0.05 0.01 0.02 0.02 0.015 0.005
 0.105 0.32 0.185 0.15 0.09 0.075 0.025 0.02 0.015 0.005 0 0.01
 0.11 0.18 0.33 0.13 0.07 0.09 0.05 0.01 0.005 0.005 0.005 0.015
 0.105 0.25 0.175 0.22 0.095 0.06 0.015 0.025 0.005 0.025 0.01 0.015
 0.155 0.28 0.16 0.13 0.12 0.04 0.075 0.015 0.02 0 0 0.005
 0.07 0.325 0.22 0.18 0.065 0.065 0.04 0.025 0.005 0 0.005 0
# olc_ind

# obs_lse_ind
 0.198042 0.198042 0.198042 0.198042 0.198042 0.198042 0.198042 0.198042 0.198042 0.198042 0.198042 0.198042 0.198042 0.198042 0.198042 0.198042 0.198042 0.198042 0.198042 0.198042 0.198042 0.198042 0.198042 0.198042 0.198042 0.198042 0.198042 0.198042 0.198042 0.198042
# xages_fsh
 0 0 0 0 0 0 0 0 0 0 0 0
# xages_fsh
 0 0.0909091 0.181818 0.272727 0.363636 0.454545 0.545455 0.636364 0.727273 0.818182 0.909091 1
# xnodes_fsh

Yrs fsh_sel change:  1 0 0 0 0 0 0 0 0 0 0 0 0 0 0 0 0 0 0 0 0 0 0 0 0 0 0 0 0
Yrs ind_sel change:  1 0 0 0 0 0 0 0 0 0 0 0 0 0 0 0 0 0 0 0 0 0 0 0 0 0 0 0 0
# steepnessprior
0.75
# sigmarprior
0.2
#  SSB estimated in styr endyr: -12 28 
#  Rec estimated in styr endyr: -10 30 
#  SR Curve fit  in styr endyr: 1 30 
#             Model styr endyr: 1 30 
# qprior
 3.48998e-007
# q_power_prior 
 1 
# cv_catchbiomass 
0.05 
# CatchbiomassPen 
200 
# Number of projection years 
5 
# offset_fsh
 13348.2
# offset_ind
 13044.2
Mean Catch
1275.07
R_guess 
13.8155
# nfsh
1
# n_sel_ch_fsh
 1
# nselages_fsh
 11
# phase_selcoff_fsh
 -1
logRzero 13.8155
logmeanrec 13.8155
exp(log_sigmarprior 0.2
Fish sel phase: -1 OM1
Fixing fishery sel to
1
Fixing fishery sel to
1
Srvy sel phase: -1
Fixing survey_index1 indices sel to
1
Fixing index sel to
1
# logsel_slp_in_indv
 0.693147
Leaving parameter init secton
# M
 0.2 0.2 0.2 0.2 0.2 0.2 0.2 0.2 0.2 0.2 0.2 0.2
 0.2 0.2 0.2 0.2 0.2 0.2 0.2 0.2 0.2 0.2 0.2 0.2
 0.2 0.2 0.2 0.2 0.2 0.2 0.2 0.2 0.2 0.2 0.2 0.2
 0.2 0.2 0.2 0.2 0.2 0.2 0.2 0.2 0.2 0.2 0.2 0.2
 0.2 0.2 0.2 0.2 0.2 0.2 0.2 0.2 0.2 0.2 0.2 0.2
 0.2 0.2 0.2 0.2 0.2 0.2 0.2 0.2 0.2 0.2 0.2 0.2
 0.2 0.2 0.2 0.2 0.2 0.2 0.2 0.2 0.2 0.2 0.2 0.2
 0.2 0.2 0.2 0.2 0.2 0.2 0.2 0.2 0.2 0.2 0.2 0.2
 0.2 0.2 0.2 0.2 0.2 0.2 0.2 0.2 0.2 0.2 0.2 0.2
 0.2 0.2 0.2 0.2 0.2 0.2 0.2 0.2 0.2 0.2 0.2 0.2
 0.2 0.2 0.2 0.2 0.2 0.2 0.2 0.2 0.2 0.2 0.2 0.2
 0.2 0.2 0.2 0.2 0.2 0.2 0.2 0.2 0.2 0.2 0.2 0.2
 0.2 0.2 0.2 0.2 0.2 0.2 0.2 0.2 0.2 0.2 0.2 0.2
 0.2 0.2 0.2 0.2 0.2 0.2 0.2 0.2 0.2 0.2 0.2 0.2
 0.2 0.2 0.2 0.2 0.2 0.2 0.2 0.2 0.2 0.2 0.2 0.2
 0.2 0.2 0.2 0.2 0.2 0.2 0.2 0.2 0.2 0.2 0.2 0.2
 0.2 0.2 0.2 0.2 0.2 0.2 0.2 0.2 0.2 0.2 0.2 0.2
 0.2 0.2 0.2 0.2 0.2 0.2 0.2 0.2 0.2 0.2 0.2 0.2
 0.2 0.2 0.2 0.2 0.2 0.2 0.2 0.2 0.2 0.2 0.2 0.2
 0.2 0.2 0.2 0.2 0.2 0.2 0.2 0.2 0.2 0.2 0.2 0.2
 0.2 0.2 0.2 0.2 0.2 0.2 0.2 0.2 0.2 0.2 0.2 0.2
 0.2 0.2 0.2 0.2 0.2 0.2 0.2 0.2 0.2 0.2 0.2 0.2
 0.2 0.2 0.2 0.2 0.2 0.2 0.2 0.2 0.2 0.2 0.2 0.2
 0.2 0.2 0.2 0.2 0.2 0.2 0.2 0.2 0.2 0.2 0.2 0.2
 0.2 0.2 0.2 0.2 0.2 0.2 0.2 0.2 0.2 0.2 0.2 0.2
 0.2 0.2 0.2 0.2 0.2 0.2 0.2 0.2 0.2 0.2 0.2 0.2
 0.2 0.2 0.2 0.2 0.2 0.2 0.2 0.2 0.2 0.2 0.2 0.2
 0.2 0.2 0.2 0.2 0.2 0.2 0.2 0.2 0.2 0.2 0.2 0.2
 0.2 0.2 0.2 0.2 0.2 0.2 0.2 0.2 0.2 0.2 0.2 0.2
 0.2 0.2 0.2 0.2 0.2 0.2 0.2 0.2 0.2 0.2 0.2 0.2
# mean_log_rec
13.7341
# log_Rzero
13.814
# rec_dev
 -0.0338823 0.00933947 -0.155606 0.00503896 -0.0767621 -0.0568078 0.114258 0.0741006 0.0466005 0.0167449 0.0378388 0.112139 0.225105 -0.113512 -0.160246 0.393126 0.298654 0.0119915 0.151376 0.00125896 0.153351 0.141478 -0.157334 0.00791965 0.0441993 -0.0756042 0.108364 0.142407 -0.339501 -0.0527688 -0.361993 0.15529 -0.0738052 -0.162474 -0.275279 -0.0399184 -0.480177 -0.278562 -0.18385 -0.0230388 -0.331138
# fmort
 0.00934113 0.0274976 0.0462554 0.0624737 0.0503356 0.0916881 0.0936684 0.197229 0.11586 0.141765 0.16058 0.171636 0.124635 0.181813 0.192085 0.172416 0.340546 0.277214 0.274224 0.269272 0.36951 0.26883 0.44018 0.355739 0.348064 0.308614 0.29729 0.408247 0.308884 0.464264
# rec_dev_future
 0 0 0 0 0
