AMAK;August_2013
# styr
1
# endyr
30
# rec_age
1
# oldest_age
12
# nlength
81
# len_bins
 10 11 12 13 14 15 16 17 18 19 20 21 22 23 24 25 26 27 28 29 30 31 32 33 34 35 36 37 38 39 40 41 42 43 44 45 46 47 48 49 50 51 52 53 54 55 56 57 58 59 60 61 62 63 64 65 66 67 68 69 70 71 72 73 74 75 76 77 78 79 80 81 82 83 84 85 86 87 88 89 90
# datafile_name
amak_data.dat
# model_name
OM_1
# styr
1
# endyr
30
# rec_age
1
# oldest_age
12
# nfsh
1
# fshname
OM1
# catch_bio_in
 161.666 467.336 757.606 993.508 771.277 1324.36 1284.31 2474.82 1319.16 1514.76 1618.62 1602.16 1110.04 1535.17 1504.63 1281.46 2254.73 1595.64 1462.86 1323.12 1609.85 1068.34 1653.98 1201.7 1105.81 969.712 928.535 1212.47 876.064 1279.76
# catch_bio_sd_in
 0.01 0.01 0.01 0.01 0.01 0.01 0.01 0.01 0.01 0.01 0.01 0.01 0.01 0.01 0.01 0.01 0.01 0.01 0.01 0.01 0.01 0.01 0.01 0.01 0.01 0.01 0.01 0.01 0.01 0.01
# nyrs_fsh_age
 30
# nyrs_fsh_length
 0
# yrs_fsh_age_in
 1 2 3 4 5 6 7 8 9 10 11 12 13 14 15 16 17 18 19 20 21 22 23 24 25 26 27 28 29 30
# yrs_fsh_length_in

# n_sample_fsh_length_in

# olc_fsh_in

# nind
1
# indname
survey_index1
# nyrs_ind
 30
# yrs_ind_in
 1 2 3 4 5 6 7 8 9 10 11 12 13 14 15 16 17 18 19 20 21 22 23 24 25 26 27 28 29 30
# mo_ind
 1
# obs_ind_in
 1.49379 1.48986 1.47018 1.4423 1.27905 1.44467 1.52662 1.57601 1.22589 1.18755 0.975004 1.32958 1.06292 0.933398 0.960749 1.06251 0.863764 0.906127 0.828209 0.661909 0.689127 0.540171 0.762867 0.626326 0.555624 0.480873 0.582597 0.521083 0.580254 0.614622
# obs_se_ind_in
 0.298758 0.297973 0.294036 0.28846 0.25581 0.288934 0.305325 0.315202 0.245177 0.23751 0.195001 0.265915 0.212584 0.18668 0.19215 0.212502 0.172753 0.181225 0.165642 0.132382 0.137825 0.108034 0.152573 0.125265 0.111125 0.0961746 0.116519 0.104217 0.116051 0.122924
# nyrs_ind_age
 30
# nyrs_ind_length
 0
# yrs_ind_age_in
 1 2 3 4 5 6 7 8 9 10 11 12 13 14 15 16 17 18 19 20 21 22 23 24 25 26 27 28 29 30
# yrs_ind_length_in

# yrs_ind_age_in
 1 2 3 4 5 6 7 8 9 10 11 12 13 14 15 16 17 18 19 20 21 22 23 24 25 26 27 28 29 30
# n_sample_ind_length_in

# olc_ind_in

# oac_ind_in
 0.085 0.155 0.15 0.145 0.09 0.09 0.05 0.045 0.04 0.045 0.025 0.08
 0.055 0.145 0.145 0.14 0.11 0.035 0.08 0.07 0.025 0.045 0.02 0.13
 0.045 0.17 0.11 0.11 0.1 0.09 0.06 0.045 0.055 0.04 0.03 0.145
 0.04 0.15 0.21 0.125 0.085 0.06 0.065 0.045 0.03 0.05 0.015 0.125
 0.065 0.155 0.175 0.185 0.095 0.07 0.06 0.015 0.04 0.02 0.02 0.1
 0.075 0.14 0.13 0.095 0.16 0.08 0.055 0.02 0.04 0.015 0.015 0.175
 0.035 0.155 0.24 0.085 0.095 0.075 0.08 0.045 0.055 0.01 0.015 0.11
 0.085 0.185 0.17 0.15 0.075 0.055 0.075 0.025 0.025 0.025 0.025 0.105
 0.055 0.18 0.12 0.13 0.145 0.045 0.05 0.04 0.035 0.04 0.045 0.115
 0.12 0.11 0.2 0.12 0.13 0.115 0.03 0.02 0.03 0.02 0.015 0.09
 0.085 0.205 0.125 0.15 0.095 0.095 0.055 0.045 0.015 0.015 0.035 0.08
 0.08 0.195 0.175 0.095 0.105 0.09 0.075 0.05 0.025 0.015 0.01 0.085
 0.065 0.145 0.215 0.135 0.09 0.115 0.04 0.03 0.05 0.02 0.005 0.09
 0.075 0.145 0.215 0.15 0.09 0.12 0.045 0.025 0.035 0.035 0.01 0.055
 0.04 0.19 0.175 0.115 0.135 0.1 0.03 0.055 0.02 0.04 0.025 0.075
 0.09 0.215 0.185 0.13 0.115 0.075 0.08 0.025 0.02 0.01 0.02 0.035
 0.11 0.195 0.18 0.155 0.125 0.065 0.04 0.055 0.04 0 0 0.035
 0.08 0.2 0.215 0.155 0.09 0.075 0.035 0.04 0.04 0.01 0.015 0.045
 0.125 0.16 0.2 0.175 0.11 0.075 0.045 0.03 0.02 0.035 0.015 0.01
 0.08 0.195 0.16 0.185 0.14 0.07 0.045 0.015 0.025 0.025 0.015 0.045
 0.155 0.15 0.215 0.1 0.13 0.11 0.03 0.03 0.04 0.005 0.005 0.03
 0.12 0.23 0.205 0.12 0.07 0.085 0.085 0.03 0.02 0.01 0.005 0.02
 0.065 0.255 0.295 0.115 0.1 0.035 0.065 0.015 0.01 0.01 0.005 0.03
 0.15 0.215 0.23 0.16 0.09 0.08 0.035 0.025 0 0 0 0.015
 0.13 0.25 0.16 0.165 0.105 0.045 0.04 0.025 0.03 0.02 0.005 0.025
 0.11 0.3 0.2 0.115 0.085 0.07 0.04 0.02 0.01 0.01 0.005 0.035
 0.145 0.18 0.26 0.16 0.11 0.075 0.02 0.015 0.015 0 0.01 0.01
 0.12 0.24 0.165 0.225 0.11 0.045 0.03 0.03 0.01 0.005 0.005 0.015
 0.16 0.29 0.225 0.095 0.12 0.04 0.01 0.03 0.02 0 0 0.01
 0.12 0.335 0.235 0.13 0.085 0.03 0.015 0.015 0.01 0.005 0 0.02
# wt_ind
 1 1 1 1 1 1 1 1 1 1 1 1
 1 1 1 1 1 1 1 1 1 1 1 1
 1 1 1 1 1 1 1 1 1 1 1 1
 1 1 1 1 1 1 1 1 1 1 1 1
 1 1 1 1 1 1 1 1 1 1 1 1
 1 1 1 1 1 1 1 1 1 1 1 1
 1 1 1 1 1 1 1 1 1 1 1 1
 1 1 1 1 1 1 1 1 1 1 1 1
 1 1 1 1 1 1 1 1 1 1 1 1
 1 1 1 1 1 1 1 1 1 1 1 1
 1 1 1 1 1 1 1 1 1 1 1 1
 1 1 1 1 1 1 1 1 1 1 1 1
 1 1 1 1 1 1 1 1 1 1 1 1
 1 1 1 1 1 1 1 1 1 1 1 1
 1 1 1 1 1 1 1 1 1 1 1 1
 1 1 1 1 1 1 1 1 1 1 1 1
 1 1 1 1 1 1 1 1 1 1 1 1
 1 1 1 1 1 1 1 1 1 1 1 1
 1 1 1 1 1 1 1 1 1 1 1 1
 1 1 1 1 1 1 1 1 1 1 1 1
 1 1 1 1 1 1 1 1 1 1 1 1
 1 1 1 1 1 1 1 1 1 1 1 1
 1 1 1 1 1 1 1 1 1 1 1 1
 1 1 1 1 1 1 1 1 1 1 1 1
 1 1 1 1 1 1 1 1 1 1 1 1
 1 1 1 1 1 1 1 1 1 1 1 1
 1 1 1 1 1 1 1 1 1 1 1 1
 1 1 1 1 1 1 1 1 1 1 1 1
 1 1 1 1 1 1 1 1 1 1 1 1
 1 1 1 1 1 1 1 1 1 1 1 1
# wt_pop
 0.000530656 0.00119633 0.00205827 0.00303499 0.00405521 0.0050647 0.00602623 0.00691692 0.00772489 0.00844611 0.00908185 0.0096367
# maturity
 0.0229774 0.320821 0.904651 0.99478 0.999739 0.999987 0.999999 1 1 1 1 1
# spawnmo
1
# age_err
 1 0 0 0 0 0 0 0 0 0 0 0
 0 1 0 0 0 0 0 0 0 0 0 0
 0 0 1 0 0 0 0 0 0 0 0 0
 0 0 0 1 0 0 0 0 0 0 0 0
 0 0 0 0 1 0 0 0 0 0 0 0
 0 0 0 0 0 1 0 0 0 0 0 0
 0 0 0 0 0 0 1 0 0 0 0 0
 0 0 0 0 0 0 0 1 0 0 0 0
 0 0 0 0 0 0 0 0 1 0 0 0
 0 0 0 0 0 0 0 0 0 1 0 0
 0 0 0 0 0 0 0 0 0 0 1 0
 0 0 0 0 0 0 0 0 0 0 0 1
# cntrlfile_name
C:\Users\bai.li\Desktop\s1_test\AMAK\s34\amak.dat
# Map shared selectivity: 
# sel_map
 1 2
 1 1
# datafile_name
amak_data.dat
# model_name
OM_1
# SrType
2
# use_age_err
0
# retro
0
# sigmarprior
0.2
# cvsigmarprior
0.25
# phase_sigmar
-3
# styr_rec_est
1
# endyr_rec_est
30
# Linfprior
80
# cvLinfprior
0.25
# kprior
0.18
# cvkprior
0.25
# Loprior
27.688
# cvLoprior
0.25
# sdageprior
0.1
# cvsdageprior
0.25
# natmortprior
0.2
# cvnatmortprior
0.25
# phase_M
-4
# npars_Mage
0
# ages_M_changes

# Mage_in

# phase_Mage
-5
# phase_rw_M
0
# npars_rw_M
0
# yrs_rw_M

# sigma_rw_M

# qprior
 3.48998e-007
# cvqprior
 1
# phase_q
 1
# q_power_prior
 1
# cvq_power_prior
 0.2
# phase_q_power
 -4
# phase_rw_q
 -1
# npars_rw_q
 0
# yrs_rw_q

# sigma_rw_q

# q_age_min
 1
# q_age_max
 12
# q_age_min
 1
# q_age_max
 12
# fsh_sel_opt(k)
2
# phase_sel_fsh(k)
-2
# n_sel_ch_fsh(k)
1
# sel_slp_in_fsh(k)(1,n_sel_ch_fsh(k))
 1
# sel_inf_in_fsh(k)(1,n_sel_ch_fsh(k))
 2
# logsel_slp_in_fsh(k)(1,n_sel_ch_fsh(k))
 0
# yrs_sel_ch_fsh(k)(1,n_sel_ch_fsh(k))
 1

Survey survey_index1
# ind_sel_opt(k)
2
# indname(k)
survey_index1
# nselages_in_ind(k)
11
# phase_sel_ind(k)
-2
# sel_change_in_ind(k)
 1 0 0 0 0 0 0 0 0 0 0 0 0 0 0 0 0 0 0 0 0 0 0 0 0 0 0 0 0 0
# n_sel_ch_ind(k)
1
# yrs_sel_ch_ind(k)(1,n_sel_ch_ind(k))
 1
# sel_slp_in_ind(k,1)
2
# sel_inf_in_ind(k,1)
1.5
# logsel_slp_in_ind(k,1)
0.693147
# logsel_slp_in_indv(k)
0.693147
survey_index1 ind sel opt 2  1 0 0 0 0 0 0 0 0 0 0 0 0 0 0 0 0 0 0 0 0 0 0 0 0 0 0 0 0 0
Phase indices Sel_Coffs:  -1
 Test: 1.23457e+008
# Fshry Selages:  11
# Srvy  Selages:  11
# Phase for age-spec fishery  -1
# Phase for logistic fishery  -2
# Phase for dble logistic fishery  -1
# Phase for age-spec indices   -1
# Phase for logistic indices   -2
# Phase for dble logistic ind  -1
# Curv_pen_fsh: 
 0
# Curv_pen_ind: 
 0
# styr_fut
31
# endyr_fut
35
# nyrs_fsh_age
 30
# nyrs_fsh_age
 30
# yrs_fsh_age
 1 2 3 4 5 6 7 8 9 10 11 12 13 14 15 16 17 18 19 20 21 22 23 24 25 26 27 28 29 30
# n_sample_fsh_age
 200 200 200 200 200 200 200 200 200 200 200 200 200 200 200 200 200 200 200 200 200 200 200 200 200 200 200 200 200 200
# oac_fsh
 0.05 0.105 0.145 0.135 0.055 0.12 0.055 0.06 0.055 0.06 0.02 0.14
 0.09 0.075 0.1 0.155 0.105 0.075 0.08 0.06 0.04 0.035 0.035 0.15
 0.07 0.12 0.11 0.17 0.11 0.065 0.055 0.05 0.05 0.05 0.035 0.115
 0.085 0.115 0.16 0.125 0.08 0.11 0.06 0.06 0.055 0.025 0.02 0.105
 0.13 0.12 0.1 0.14 0.09 0.065 0.08 0.035 0.045 0.045 0.045 0.105
 0.105 0.175 0.09 0.1 0.105 0.09 0.055 0.07 0.05 0.035 0.035 0.09
 0.085 0.11 0.195 0.105 0.105 0.08 0.09 0.035 0.035 0.03 0.035 0.095
 0.065 0.15 0.14 0.145 0.09 0.08 0.09 0.045 0.045 0.02 0.015 0.115
 0.12 0.115 0.14 0.185 0.105 0.065 0.065 0.045 0.035 0.035 0.02 0.07
 0.095 0.13 0.17 0.095 0.105 0.11 0.04 0.035 0.045 0.02 0.035 0.12
 0.08 0.185 0.155 0.12 0.1 0.105 0.075 0.03 0.03 0.04 0.02 0.06
 0.095 0.145 0.15 0.12 0.15 0.06 0.065 0.05 0.025 0.015 0.02 0.105
 0.075 0.13 0.15 0.17 0.11 0.07 0.06 0.05 0.035 0.02 0.015 0.115
 0.105 0.105 0.15 0.185 0.065 0.09 0.115 0.035 0.03 0.035 0.01 0.075
 0.14 0.18 0.135 0.14 0.06 0.095 0.05 0.065 0.045 0.015 0.02 0.055
 0.165 0.14 0.16 0.135 0.09 0.065 0.05 0.06 0.035 0.025 0.015 0.06
 0.12 0.125 0.16 0.19 0.085 0.06 0.08 0.065 0.015 0.02 0.01 0.07
 0.11 0.185 0.18 0.145 0.13 0.05 0.035 0.055 0.03 0.015 0.02 0.045
 0.12 0.14 0.175 0.19 0.12 0.075 0.05 0.02 0.025 0.01 0.015 0.06
 0.11 0.18 0.12 0.155 0.155 0.075 0.08 0.05 0.01 0.01 0.01 0.045
 0.19 0.105 0.18 0.155 0.115 0.095 0.05 0.03 0.025 0.015 0.01 0.03
 0.18 0.23 0.155 0.115 0.085 0.085 0.05 0.035 0.015 0.01 0.015 0.025
 0.12 0.2 0.22 0.085 0.14 0.06 0.05 0.035 0.03 0.035 0.005 0.02
 0.15 0.14 0.27 0.21 0.11 0.03 0.03 0.02 0.005 0.01 0.005 0.02
 0.17 0.185 0.15 0.19 0.12 0.03 0.035 0.035 0.025 0.025 0.005 0.03
 0.12 0.195 0.19 0.15 0.165 0.09 0.025 0.035 0.005 0.005 0.015 0.005
 0.155 0.165 0.24 0.13 0.125 0.08 0.055 0.02 0.005 0.01 0 0.015
 0.195 0.205 0.14 0.18 0.085 0.06 0.05 0.04 0 0.02 0.005 0.02
 0.245 0.23 0.215 0.135 0.09 0.03 0.02 0.01 0.01 0.01 0 0.005
 0.165 0.3 0.21 0.1 0.08 0.07 0.005 0.02 0.03 0.01 0 0.01
# olc_fsh

# wt_fsh
 0.000530656 0.00119633 0.00205827 0.00303499 0.00405521 0.0050647 0.00602623 0.00691692 0.00772489 0.00844611 0.00908185 0.0096367
 0.000530656 0.00119633 0.00205827 0.00303499 0.00405521 0.0050647 0.00602623 0.00691692 0.00772489 0.00844611 0.00908185 0.0096367
 0.000530656 0.00119633 0.00205827 0.00303499 0.00405521 0.0050647 0.00602623 0.00691692 0.00772489 0.00844611 0.00908185 0.0096367
 0.000530656 0.00119633 0.00205827 0.00303499 0.00405521 0.0050647 0.00602623 0.00691692 0.00772489 0.00844611 0.00908185 0.0096367
 0.000530656 0.00119633 0.00205827 0.00303499 0.00405521 0.0050647 0.00602623 0.00691692 0.00772489 0.00844611 0.00908185 0.0096367
 0.000530656 0.00119633 0.00205827 0.00303499 0.00405521 0.0050647 0.00602623 0.00691692 0.00772489 0.00844611 0.00908185 0.0096367
 0.000530656 0.00119633 0.00205827 0.00303499 0.00405521 0.0050647 0.00602623 0.00691692 0.00772489 0.00844611 0.00908185 0.0096367
 0.000530656 0.00119633 0.00205827 0.00303499 0.00405521 0.0050647 0.00602623 0.00691692 0.00772489 0.00844611 0.00908185 0.0096367
 0.000530656 0.00119633 0.00205827 0.00303499 0.00405521 0.0050647 0.00602623 0.00691692 0.00772489 0.00844611 0.00908185 0.0096367
 0.000530656 0.00119633 0.00205827 0.00303499 0.00405521 0.0050647 0.00602623 0.00691692 0.00772489 0.00844611 0.00908185 0.0096367
 0.000530656 0.00119633 0.00205827 0.00303499 0.00405521 0.0050647 0.00602623 0.00691692 0.00772489 0.00844611 0.00908185 0.0096367
 0.000530656 0.00119633 0.00205827 0.00303499 0.00405521 0.0050647 0.00602623 0.00691692 0.00772489 0.00844611 0.00908185 0.0096367
 0.000530656 0.00119633 0.00205827 0.00303499 0.00405521 0.0050647 0.00602623 0.00691692 0.00772489 0.00844611 0.00908185 0.0096367
 0.000530656 0.00119633 0.00205827 0.00303499 0.00405521 0.0050647 0.00602623 0.00691692 0.00772489 0.00844611 0.00908185 0.0096367
 0.000530656 0.00119633 0.00205827 0.00303499 0.00405521 0.0050647 0.00602623 0.00691692 0.00772489 0.00844611 0.00908185 0.0096367
 0.000530656 0.00119633 0.00205827 0.00303499 0.00405521 0.0050647 0.00602623 0.00691692 0.00772489 0.00844611 0.00908185 0.0096367
 0.000530656 0.00119633 0.00205827 0.00303499 0.00405521 0.0050647 0.00602623 0.00691692 0.00772489 0.00844611 0.00908185 0.0096367
 0.000530656 0.00119633 0.00205827 0.00303499 0.00405521 0.0050647 0.00602623 0.00691692 0.00772489 0.00844611 0.00908185 0.0096367
 0.000530656 0.00119633 0.00205827 0.00303499 0.00405521 0.0050647 0.00602623 0.00691692 0.00772489 0.00844611 0.00908185 0.0096367
 0.000530656 0.00119633 0.00205827 0.00303499 0.00405521 0.0050647 0.00602623 0.00691692 0.00772489 0.00844611 0.00908185 0.0096367
 0.000530656 0.00119633 0.00205827 0.00303499 0.00405521 0.0050647 0.00602623 0.00691692 0.00772489 0.00844611 0.00908185 0.0096367
 0.000530656 0.00119633 0.00205827 0.00303499 0.00405521 0.0050647 0.00602623 0.00691692 0.00772489 0.00844611 0.00908185 0.0096367
 0.000530656 0.00119633 0.00205827 0.00303499 0.00405521 0.0050647 0.00602623 0.00691692 0.00772489 0.00844611 0.00908185 0.0096367
 0.000530656 0.00119633 0.00205827 0.00303499 0.00405521 0.0050647 0.00602623 0.00691692 0.00772489 0.00844611 0.00908185 0.0096367
 0.000530656 0.00119633 0.00205827 0.00303499 0.00405521 0.0050647 0.00602623 0.00691692 0.00772489 0.00844611 0.00908185 0.0096367
 0.000530656 0.00119633 0.00205827 0.00303499 0.00405521 0.0050647 0.00602623 0.00691692 0.00772489 0.00844611 0.00908185 0.0096367
 0.000530656 0.00119633 0.00205827 0.00303499 0.00405521 0.0050647 0.00602623 0.00691692 0.00772489 0.00844611 0.00908185 0.0096367
 0.000530656 0.00119633 0.00205827 0.00303499 0.00405521 0.0050647 0.00602623 0.00691692 0.00772489 0.00844611 0.00908185 0.0096367
 0.000530656 0.00119633 0.00205827 0.00303499 0.00405521 0.0050647 0.00602623 0.00691692 0.00772489 0.00844611 0.00908185 0.0096367
 0.000530656 0.00119633 0.00205827 0.00303499 0.00405521 0.0050647 0.00602623 0.00691692 0.00772489 0.00844611 0.00908185 0.0096367
# nyrs_ind_age
 30
# yrs_ind_age
 1 2 3 4 5 6 7 8 9 10 11 12 13 14 15 16 17 18 19 20 21 22 23 24 25 26 27 28 29 30
# n_sample_ind_age
 200 200 200 200 200 200 200 200 200 200 200 200 200 200 200 200 200 200 200 200 200 200 200 200 200 200 200 200 200 200
# oac_ind
 0.085 0.155 0.15 0.145 0.09 0.09 0.05 0.045 0.04 0.045 0.025 0.08
 0.055 0.145 0.145 0.14 0.11 0.035 0.08 0.07 0.025 0.045 0.02 0.13
 0.045 0.17 0.11 0.11 0.1 0.09 0.06 0.045 0.055 0.04 0.03 0.145
 0.04 0.15 0.21 0.125 0.085 0.06 0.065 0.045 0.03 0.05 0.015 0.125
 0.065 0.155 0.175 0.185 0.095 0.07 0.06 0.015 0.04 0.02 0.02 0.1
 0.075 0.14 0.13 0.095 0.16 0.08 0.055 0.02 0.04 0.015 0.015 0.175
 0.035 0.155 0.24 0.085 0.095 0.075 0.08 0.045 0.055 0.01 0.015 0.11
 0.085 0.185 0.17 0.15 0.075 0.055 0.075 0.025 0.025 0.025 0.025 0.105
 0.055 0.18 0.12 0.13 0.145 0.045 0.05 0.04 0.035 0.04 0.045 0.115
 0.12 0.11 0.2 0.12 0.13 0.115 0.03 0.02 0.03 0.02 0.015 0.09
 0.085 0.205 0.125 0.15 0.095 0.095 0.055 0.045 0.015 0.015 0.035 0.08
 0.08 0.195 0.175 0.095 0.105 0.09 0.075 0.05 0.025 0.015 0.01 0.085
 0.065 0.145 0.215 0.135 0.09 0.115 0.04 0.03 0.05 0.02 0.005 0.09
 0.075 0.145 0.215 0.15 0.09 0.12 0.045 0.025 0.035 0.035 0.01 0.055
 0.04 0.19 0.175 0.115 0.135 0.1 0.03 0.055 0.02 0.04 0.025 0.075
 0.09 0.215 0.185 0.13 0.115 0.075 0.08 0.025 0.02 0.01 0.02 0.035
 0.11 0.195 0.18 0.155 0.125 0.065 0.04 0.055 0.04 0 0 0.035
 0.08 0.2 0.215 0.155 0.09 0.075 0.035 0.04 0.04 0.01 0.015 0.045
 0.125 0.16 0.2 0.175 0.11 0.075 0.045 0.03 0.02 0.035 0.015 0.01
 0.08 0.195 0.16 0.185 0.14 0.07 0.045 0.015 0.025 0.025 0.015 0.045
 0.155 0.15 0.215 0.1 0.13 0.11 0.03 0.03 0.04 0.005 0.005 0.03
 0.12 0.23 0.205 0.12 0.07 0.085 0.085 0.03 0.02 0.01 0.005 0.02
 0.065 0.255 0.295 0.115 0.1 0.035 0.065 0.015 0.01 0.01 0.005 0.03
 0.15 0.215 0.23 0.16 0.09 0.08 0.035 0.025 0 0 0 0.015
 0.13 0.25 0.16 0.165 0.105 0.045 0.04 0.025 0.03 0.02 0.005 0.025
 0.11 0.3 0.2 0.115 0.085 0.07 0.04 0.02 0.01 0.01 0.005 0.035
 0.145 0.18 0.26 0.16 0.11 0.075 0.02 0.015 0.015 0 0.01 0.01
 0.12 0.24 0.165 0.225 0.11 0.045 0.03 0.03 0.01 0.005 0.005 0.015
 0.16 0.29 0.225 0.095 0.12 0.04 0.01 0.03 0.02 0 0 0.01
 0.12 0.335 0.235 0.13 0.085 0.03 0.015 0.015 0.01 0.005 0 0.02
# olc_ind

# obs_lse_ind
 0.198042 0.198042 0.198042 0.198042 0.198042 0.198042 0.198042 0.198042 0.198042 0.198042 0.198042 0.198042 0.198042 0.198042 0.198042 0.198042 0.198042 0.198042 0.198042 0.198042 0.198042 0.198042 0.198042 0.198042 0.198042 0.198042 0.198042 0.198042 0.198042 0.198042
# xages_fsh
 0 0 0 0 0 0 0 0 0 0 0 0
# xages_fsh
 0 0.0909091 0.181818 0.272727 0.363636 0.454545 0.545455 0.636364 0.727273 0.818182 0.909091 1
# xnodes_fsh

Yrs fsh_sel change:  1 0 0 0 0 0 0 0 0 0 0 0 0 0 0 0 0 0 0 0 0 0 0 0 0 0 0 0 0
Yrs ind_sel change:  1 0 0 0 0 0 0 0 0 0 0 0 0 0 0 0 0 0 0 0 0 0 0 0 0 0 0 0 0
# steepnessprior
0.75
# sigmarprior
0.2
#  SSB estimated in styr endyr: -12 28 
#  Rec estimated in styr endyr: -10 30 
#  SR Curve fit  in styr endyr: 1 30 
#             Model styr endyr: 1 30 
# qprior
 3.48998e-007
# q_power_prior 
 1 
# cv_catchbiomass 
0.05 
# CatchbiomassPen 
200 
# Number of projection years 
5 
# offset_fsh
 13468
# offset_ind
 13101.4
Mean Catch
1275.45
R_guess 
13.8155
# nfsh
1
# n_sel_ch_fsh
 1
# nselages_fsh
 11
# phase_selcoff_fsh
 -1
logRzero 13.8155
logmeanrec 13.8155
exp(log_sigmarprior 0.2
Fish sel phase: -1 OM1
Fixing fishery sel to
1
Fixing fishery sel to
1
Srvy sel phase: -1
Fixing survey_index1 indices sel to
1
Fixing index sel to
1
# logsel_slp_in_indv
 0.693147
Leaving parameter init secton
# M
 0.2 0.2 0.2 0.2 0.2 0.2 0.2 0.2 0.2 0.2 0.2 0.2
 0.2 0.2 0.2 0.2 0.2 0.2 0.2 0.2 0.2 0.2 0.2 0.2
 0.2 0.2 0.2 0.2 0.2 0.2 0.2 0.2 0.2 0.2 0.2 0.2
 0.2 0.2 0.2 0.2 0.2 0.2 0.2 0.2 0.2 0.2 0.2 0.2
 0.2 0.2 0.2 0.2 0.2 0.2 0.2 0.2 0.2 0.2 0.2 0.2
 0.2 0.2 0.2 0.2 0.2 0.2 0.2 0.2 0.2 0.2 0.2 0.2
 0.2 0.2 0.2 0.2 0.2 0.2 0.2 0.2 0.2 0.2 0.2 0.2
 0.2 0.2 0.2 0.2 0.2 0.2 0.2 0.2 0.2 0.2 0.2 0.2
 0.2 0.2 0.2 0.2 0.2 0.2 0.2 0.2 0.2 0.2 0.2 0.2
 0.2 0.2 0.2 0.2 0.2 0.2 0.2 0.2 0.2 0.2 0.2 0.2
 0.2 0.2 0.2 0.2 0.2 0.2 0.2 0.2 0.2 0.2 0.2 0.2
 0.2 0.2 0.2 0.2 0.2 0.2 0.2 0.2 0.2 0.2 0.2 0.2
 0.2 0.2 0.2 0.2 0.2 0.2 0.2 0.2 0.2 0.2 0.2 0.2
 0.2 0.2 0.2 0.2 0.2 0.2 0.2 0.2 0.2 0.2 0.2 0.2
 0.2 0.2 0.2 0.2 0.2 0.2 0.2 0.2 0.2 0.2 0.2 0.2
 0.2 0.2 0.2 0.2 0.2 0.2 0.2 0.2 0.2 0.2 0.2 0.2
 0.2 0.2 0.2 0.2 0.2 0.2 0.2 0.2 0.2 0.2 0.2 0.2
 0.2 0.2 0.2 0.2 0.2 0.2 0.2 0.2 0.2 0.2 0.2 0.2
 0.2 0.2 0.2 0.2 0.2 0.2 0.2 0.2 0.2 0.2 0.2 0.2
 0.2 0.2 0.2 0.2 0.2 0.2 0.2 0.2 0.2 0.2 0.2 0.2
 0.2 0.2 0.2 0.2 0.2 0.2 0.2 0.2 0.2 0.2 0.2 0.2
 0.2 0.2 0.2 0.2 0.2 0.2 0.2 0.2 0.2 0.2 0.2 0.2
 0.2 0.2 0.2 0.2 0.2 0.2 0.2 0.2 0.2 0.2 0.2 0.2
 0.2 0.2 0.2 0.2 0.2 0.2 0.2 0.2 0.2 0.2 0.2 0.2
 0.2 0.2 0.2 0.2 0.2 0.2 0.2 0.2 0.2 0.2 0.2 0.2
 0.2 0.2 0.2 0.2 0.2 0.2 0.2 0.2 0.2 0.2 0.2 0.2
 0.2 0.2 0.2 0.2 0.2 0.2 0.2 0.2 0.2 0.2 0.2 0.2
 0.2 0.2 0.2 0.2 0.2 0.2 0.2 0.2 0.2 0.2 0.2 0.2
 0.2 0.2 0.2 0.2 0.2 0.2 0.2 0.2 0.2 0.2 0.2 0.2
 0.2 0.2 0.2 0.2 0.2 0.2 0.2 0.2 0.2 0.2 0.2 0.2
# mean_log_rec
13.7457
# log_Rzero
13.8029
# rec_dev
 -0.102064 -0.10348 0.0710605 0.0327577 -0.0745167 0.0581129 0.0857403 -0.134296 0.0135646 0.141737 0.0482332 0.0637988 0.279213 0.000592047 -0.066168 0.370639 0.240976 0.0327617 0.199113 -0.00881793 0.168765 0.0877787 -0.0648846 -0.0977145 0.0814536 0.00301644 0.138059 0.0494973 -0.308762 -0.145837 -0.382166 0.0451822 -0.0247571 -0.381737 -0.315327 -0.143857 -0.497587 -0.279793 -0.147125 0.0701396 -0.224555
# fmort
 0.00932334 0.027242 0.0452124 0.0615108 0.0494751 0.088463 0.0901778 0.189405 0.110623 0.134334 0.15361 0.163472 0.119265 0.173621 0.183188 0.164854 0.319643 0.256947 0.257493 0.254365 0.347212 0.252028 0.426695 0.349401 0.346015 0.319524 0.314857 0.439467 0.330082 0.491115
# rec_dev_future
 0 0 0 0 0
