AMAK;August_2013
# styr
1
# endyr
30
# rec_age
1
# oldest_age
12
# nlength
81
# len_bins
 10 11 12 13 14 15 16 17 18 19 20 21 22 23 24 25 26 27 28 29 30 31 32 33 34 35 36 37 38 39 40 41 42 43 44 45 46 47 48 49 50 51 52 53 54 55 56 57 58 59 60 61 62 63 64 65 66 67 68 69 70 71 72 73 74 75 76 77 78 79 80 81 82 83 84 85 86 87 88 89 90
# datafile_name
amak_data.dat
# model_name
OM_1
# styr
1
# endyr
30
# rec_age
1
# oldest_age
12
# nfsh
1
# fshname
OM1
# catch_bio_in
 160.281 465.319 757.969 994.626 775.157 1327.27 1265.51 2477.8 1331.88 1518.25 1617.31 1612.68 1104.93 1527.44 1500.96 1276.21 2235.72 1597.97 1454.87 1320.02 1630.08 1078.99 1627.68 1206.82 1117.34 966.495 920.224 1220.56 875.879 1278.2
# catch_bio_sd_in
 0.01 0.01 0.01 0.01 0.01 0.01 0.01 0.01 0.01 0.01 0.01 0.01 0.01 0.01 0.01 0.01 0.01 0.01 0.01 0.01 0.01 0.01 0.01 0.01 0.01 0.01 0.01 0.01 0.01 0.01
# nyrs_fsh_age
 30
# nyrs_fsh_length
 0
# yrs_fsh_age_in
 1 2 3 4 5 6 7 8 9 10 11 12 13 14 15 16 17 18 19 20 21 22 23 24 25 26 27 28 29 30
# yrs_fsh_length_in

# n_sample_fsh_length_in

# olc_fsh_in

# nind
1
# indname
survey_index1
# nyrs_ind
 30
# yrs_ind_in
 1 2 3 4 5 6 7 8 9 10 11 12 13 14 15 16 17 18 19 20 21 22 23 24 25 26 27 28 29 30
# mo_ind
 1
# obs_ind_in
 1.29908 1.62058 1.58685 1.38061 1.55529 1.48657 1.2599 1.4501 1.21664 1.17548 1.19878 1.18567 1.0981 1.31953 0.905504 0.98632 1.14487 0.810412 0.877169 0.728854 0.647631 0.758977 0.717215 0.523352 0.590835 0.619963 0.430659 0.555039 0.559067 0.555108
# obs_se_ind_in
 0.259816 0.324116 0.31737 0.276121 0.311059 0.297314 0.251979 0.29002 0.243328 0.235095 0.239756 0.237133 0.219621 0.263907 0.181101 0.197264 0.228974 0.162082 0.175434 0.145771 0.129526 0.151795 0.143443 0.10467 0.118167 0.123993 0.0861318 0.111008 0.111813 0.111022
# nyrs_ind_age
 30
# nyrs_ind_length
 0
# yrs_ind_age_in
 1 2 3 4 5 6 7 8 9 10 11 12 13 14 15 16 17 18 19 20 21 22 23 24 25 26 27 28 29 30
# yrs_ind_length_in

# yrs_ind_age_in
 1 2 3 4 5 6 7 8 9 10 11 12 13 14 15 16 17 18 19 20 21 22 23 24 25 26 27 28 29 30
# n_sample_ind_length_in

# olc_ind_in

# oac_ind_in
 0.075 0.12 0.145 0.085 0.08 0.12 0.09 0.07 0.05 0.035 0.01 0.12
 0.07 0.13 0.135 0.11 0.1 0.08 0.07 0.08 0.05 0.015 0.04 0.12
 0.065 0.135 0.145 0.09 0.08 0.075 0.065 0.055 0.11 0.045 0.025 0.11
 0.07 0.095 0.195 0.11 0.07 0.1 0.075 0.065 0.04 0.035 0.025 0.12
 0.075 0.12 0.155 0.125 0.1 0.065 0.06 0.035 0.08 0.03 0.02 0.135
 0.07 0.215 0.125 0.11 0.135 0.06 0.055 0.06 0.055 0.03 0.01 0.075
 0.06 0.175 0.21 0.09 0.09 0.1 0.04 0.03 0.07 0.055 0.01 0.07
 0.08 0.105 0.185 0.16 0.07 0.06 0.055 0.04 0.06 0.04 0.015 0.13
 0.065 0.21 0.17 0.145 0.1 0.06 0.035 0.06 0.04 0.03 0.015 0.07
 0.095 0.185 0.15 0.08 0.13 0.125 0.025 0.055 0.03 0.05 0.015 0.06
 0.075 0.23 0.175 0.145 0.08 0.1 0.035 0.035 0.04 0.02 0.01 0.055
 0.06 0.16 0.19 0.17 0.095 0.09 0.05 0.035 0.025 0.02 0.02 0.085
 0.07 0.155 0.16 0.16 0.13 0.085 0.04 0.055 0.04 0.005 0.015 0.085
 0.05 0.165 0.175 0.15 0.1 0.075 0.085 0.045 0.035 0.04 0.01 0.07
 0.12 0.15 0.165 0.12 0.105 0.105 0.07 0.04 0.03 0.03 0.02 0.045
 0.13 0.18 0.215 0.095 0.1 0.095 0.05 0.03 0.015 0.01 0.025 0.055
 0.1 0.21 0.165 0.13 0.095 0.08 0.06 0.07 0.015 0.04 0.01 0.025
 0.08 0.255 0.18 0.13 0.095 0.08 0.055 0.045 0.03 0.015 0.005 0.03
 0.125 0.155 0.2 0.195 0.1 0.07 0.05 0.02 0.015 0.005 0.01 0.055
 0.1 0.15 0.14 0.155 0.155 0.075 0.045 0.05 0.03 0.025 0.025 0.05
 0.155 0.16 0.195 0.11 0.095 0.105 0.05 0.035 0.01 0.015 0.035 0.035
 0.155 0.29 0.19 0.11 0.065 0.085 0.035 0.025 0.025 0.005 0 0.015
 0.105 0.24 0.22 0.13 0.11 0.075 0.035 0.025 0.025 0.03 0.005 0
 0.095 0.225 0.235 0.205 0.065 0.07 0.035 0.02 0.02 0.01 0.005 0.015
 0.13 0.195 0.28 0.185 0.09 0.05 0.025 0.01 0.015 0.005 0 0.015
 0.105 0.295 0.195 0.1 0.155 0.065 0.025 0.02 0 0.015 0.015 0.01
 0.13 0.23 0.25 0.105 0.09 0.075 0.035 0.02 0.01 0.025 0.01 0.02
 0.155 0.26 0.195 0.185 0.075 0.045 0.04 0.02 0.005 0.005 0 0.015
 0.16 0.275 0.22 0.135 0.095 0.065 0.025 0.005 0.01 0 0 0.01
 0.065 0.28 0.255 0.155 0.1 0.05 0.03 0.01 0.025 0.015 0 0.015
# wt_ind
 1 1 1 1 1 1 1 1 1 1 1 1
 1 1 1 1 1 1 1 1 1 1 1 1
 1 1 1 1 1 1 1 1 1 1 1 1
 1 1 1 1 1 1 1 1 1 1 1 1
 1 1 1 1 1 1 1 1 1 1 1 1
 1 1 1 1 1 1 1 1 1 1 1 1
 1 1 1 1 1 1 1 1 1 1 1 1
 1 1 1 1 1 1 1 1 1 1 1 1
 1 1 1 1 1 1 1 1 1 1 1 1
 1 1 1 1 1 1 1 1 1 1 1 1
 1 1 1 1 1 1 1 1 1 1 1 1
 1 1 1 1 1 1 1 1 1 1 1 1
 1 1 1 1 1 1 1 1 1 1 1 1
 1 1 1 1 1 1 1 1 1 1 1 1
 1 1 1 1 1 1 1 1 1 1 1 1
 1 1 1 1 1 1 1 1 1 1 1 1
 1 1 1 1 1 1 1 1 1 1 1 1
 1 1 1 1 1 1 1 1 1 1 1 1
 1 1 1 1 1 1 1 1 1 1 1 1
 1 1 1 1 1 1 1 1 1 1 1 1
 1 1 1 1 1 1 1 1 1 1 1 1
 1 1 1 1 1 1 1 1 1 1 1 1
 1 1 1 1 1 1 1 1 1 1 1 1
 1 1 1 1 1 1 1 1 1 1 1 1
 1 1 1 1 1 1 1 1 1 1 1 1
 1 1 1 1 1 1 1 1 1 1 1 1
 1 1 1 1 1 1 1 1 1 1 1 1
 1 1 1 1 1 1 1 1 1 1 1 1
 1 1 1 1 1 1 1 1 1 1 1 1
 1 1 1 1 1 1 1 1 1 1 1 1
# wt_pop
 0.000530656 0.00119633 0.00205827 0.00303499 0.00405521 0.0050647 0.00602623 0.00691692 0.00772489 0.00844611 0.00908185 0.0096367
# maturity
 0.0229774 0.320821 0.904651 0.99478 0.999739 0.999987 0.999999 1 1 1 1 1
# spawnmo
1
# age_err
 1 0 0 0 0 0 0 0 0 0 0 0
 0 1 0 0 0 0 0 0 0 0 0 0
 0 0 1 0 0 0 0 0 0 0 0 0
 0 0 0 1 0 0 0 0 0 0 0 0
 0 0 0 0 1 0 0 0 0 0 0 0
 0 0 0 0 0 1 0 0 0 0 0 0
 0 0 0 0 0 0 1 0 0 0 0 0
 0 0 0 0 0 0 0 1 0 0 0 0
 0 0 0 0 0 0 0 0 1 0 0 0
 0 0 0 0 0 0 0 0 0 1 0 0
 0 0 0 0 0 0 0 0 0 0 1 0
 0 0 0 0 0 0 0 0 0 0 0 1
# cntrlfile_name
C:\Users\bai.li\Desktop\s1_test\AMAK\s128\amak.dat
# Map shared selectivity: 
# sel_map
 1 2
 1 1
# datafile_name
amak_data.dat
# model_name
OM_1
# SrType
2
# use_age_err
0
# retro
0
# sigmarprior
0.2
# cvsigmarprior
0.25
# phase_sigmar
-3
# styr_rec_est
1
# endyr_rec_est
30
# Linfprior
80
# cvLinfprior
0.25
# kprior
0.18
# cvkprior
0.25
# Loprior
27.688
# cvLoprior
0.25
# sdageprior
0.1
# cvsdageprior
0.25
# natmortprior
0.2
# cvnatmortprior
0.25
# phase_M
-4
# npars_Mage
0
# ages_M_changes

# Mage_in

# phase_Mage
-5
# phase_rw_M
0
# npars_rw_M
0
# yrs_rw_M

# sigma_rw_M

# qprior
 3.48998e-007
# cvqprior
 1
# phase_q
 1
# q_power_prior
 1
# cvq_power_prior
 0.2
# phase_q_power
 -4
# phase_rw_q
 -1
# npars_rw_q
 0
# yrs_rw_q

# sigma_rw_q

# q_age_min
 1
# q_age_max
 12
# q_age_min
 1
# q_age_max
 12
# fsh_sel_opt(k)
2
# phase_sel_fsh(k)
-2
# n_sel_ch_fsh(k)
1
# sel_slp_in_fsh(k)(1,n_sel_ch_fsh(k))
 1
# sel_inf_in_fsh(k)(1,n_sel_ch_fsh(k))
 2
# logsel_slp_in_fsh(k)(1,n_sel_ch_fsh(k))
 0
# yrs_sel_ch_fsh(k)(1,n_sel_ch_fsh(k))
 1

Survey survey_index1
# ind_sel_opt(k)
2
# indname(k)
survey_index1
# nselages_in_ind(k)
11
# phase_sel_ind(k)
-2
# sel_change_in_ind(k)
 1 0 0 0 0 0 0 0 0 0 0 0 0 0 0 0 0 0 0 0 0 0 0 0 0 0 0 0 0 0
# n_sel_ch_ind(k)
1
# yrs_sel_ch_ind(k)(1,n_sel_ch_ind(k))
 1
# sel_slp_in_ind(k,1)
2
# sel_inf_in_ind(k,1)
1.5
# logsel_slp_in_ind(k,1)
0.693147
# logsel_slp_in_indv(k)
0.693147
survey_index1 ind sel opt 2  1 0 0 0 0 0 0 0 0 0 0 0 0 0 0 0 0 0 0 0 0 0 0 0 0 0 0 0 0 0
Phase indices Sel_Coffs:  -1
 Test: 1.23457e+008
# Fshry Selages:  11
# Srvy  Selages:  11
# Phase for age-spec fishery  -1
# Phase for logistic fishery  -2
# Phase for dble logistic fishery  -1
# Phase for age-spec indices   -1
# Phase for logistic indices   -2
# Phase for dble logistic ind  -1
# Curv_pen_fsh: 
 0
# Curv_pen_ind: 
 0
# styr_fut
31
# endyr_fut
35
# nyrs_fsh_age
 30
# nyrs_fsh_age
 30
# yrs_fsh_age
 1 2 3 4 5 6 7 8 9 10 11 12 13 14 15 16 17 18 19 20 21 22 23 24 25 26 27 28 29 30
# n_sample_fsh_age
 200 200 200 200 200 200 200 200 200 200 200 200 200 200 200 200 200 200 200 200 200 200 200 200 200 200 200 200 200 200
# oac_fsh
 0.075 0.12 0.13 0.08 0.125 0.075 0.075 0.08 0.055 0.02 0.035 0.13
 0.12 0.105 0.15 0.115 0.1 0.07 0.05 0.06 0.04 0.035 0.035 0.12
 0.04 0.145 0.105 0.115 0.13 0.06 0.075 0.07 0.04 0.04 0.02 0.16
 0.05 0.08 0.175 0.145 0.085 0.07 0.08 0.06 0.03 0.035 0.05 0.14
 0.135 0.1 0.115 0.12 0.055 0.12 0.08 0.025 0.06 0.05 0.04 0.1
 0.055 0.135 0.105 0.13 0.135 0.115 0.05 0.035 0.065 0.025 0.03 0.12
 0.11 0.135 0.15 0.065 0.09 0.12 0.065 0.035 0.035 0.045 0.04 0.11
 0.09 0.085 0.15 0.195 0.09 0.07 0.06 0.035 0.045 0.03 0.015 0.135
 0.035 0.14 0.1 0.17 0.13 0.065 0.1 0.065 0.05 0.03 0.02 0.095
 0.09 0.11 0.195 0.135 0.105 0.105 0.04 0.045 0.065 0.015 0.02 0.075
 0.105 0.13 0.135 0.105 0.1 0.115 0.135 0.035 0.035 0.035 0.015 0.055
 0.11 0.145 0.16 0.105 0.14 0.055 0.085 0.035 0.025 0.035 0.025 0.08
 0.07 0.145 0.17 0.17 0.105 0.095 0.065 0.02 0.035 0.015 0.015 0.095
 0.14 0.12 0.155 0.155 0.095 0.07 0.11 0.05 0.05 0.015 0.005 0.035
 0.11 0.13 0.2 0.125 0.1 0.11 0.085 0.04 0.02 0.02 0.025 0.035
 0.095 0.115 0.205 0.17 0.115 0.065 0.045 0.03 0.025 0.025 0.035 0.075
 0.135 0.2 0.14 0.15 0.06 0.085 0.06 0.035 0.035 0.025 0.025 0.05
 0.1 0.19 0.25 0.145 0.115 0.06 0.04 0.025 0.015 0.005 0.015 0.04
 0.065 0.11 0.24 0.21 0.105 0.095 0.05 0.035 0.015 0.025 0.015 0.035
 0.08 0.165 0.155 0.185 0.145 0.085 0.065 0.035 0.025 0.01 0 0.05
 0.155 0.135 0.16 0.135 0.11 0.07 0.07 0.055 0.045 0.01 0.01 0.045
 0.195 0.25 0.145 0.16 0.095 0.045 0.04 0.02 0.025 0.005 0.01 0.01
 0.115 0.215 0.32 0.095 0.05 0.07 0.05 0.015 0.015 0.01 0.015 0.03
 0.15 0.175 0.24 0.18 0.09 0.05 0.035 0.025 0.03 0.01 0.005 0.01
 0.14 0.17 0.185 0.175 0.125 0.065 0.025 0.02 0.025 0.015 0.005 0.05
 0.15 0.26 0.15 0.135 0.14 0.085 0.02 0.005 0.005 0.025 0.02 0.005
 0.155 0.155 0.28 0.115 0.15 0.08 0.035 0.01 0 0.005 0.01 0.005
 0.23 0.175 0.115 0.195 0.07 0.055 0.055 0.05 0.005 0.01 0.015 0.025
 0.205 0.245 0.165 0.13 0.145 0.035 0.01 0.035 0 0.02 0.01 0
 0.105 0.23 0.31 0.11 0.095 0.055 0.035 0.01 0.03 0.01 0 0.01
# olc_fsh

# wt_fsh
 0.000530656 0.00119633 0.00205827 0.00303499 0.00405521 0.0050647 0.00602623 0.00691692 0.00772489 0.00844611 0.00908185 0.0096367
 0.000530656 0.00119633 0.00205827 0.00303499 0.00405521 0.0050647 0.00602623 0.00691692 0.00772489 0.00844611 0.00908185 0.0096367
 0.000530656 0.00119633 0.00205827 0.00303499 0.00405521 0.0050647 0.00602623 0.00691692 0.00772489 0.00844611 0.00908185 0.0096367
 0.000530656 0.00119633 0.00205827 0.00303499 0.00405521 0.0050647 0.00602623 0.00691692 0.00772489 0.00844611 0.00908185 0.0096367
 0.000530656 0.00119633 0.00205827 0.00303499 0.00405521 0.0050647 0.00602623 0.00691692 0.00772489 0.00844611 0.00908185 0.0096367
 0.000530656 0.00119633 0.00205827 0.00303499 0.00405521 0.0050647 0.00602623 0.00691692 0.00772489 0.00844611 0.00908185 0.0096367
 0.000530656 0.00119633 0.00205827 0.00303499 0.00405521 0.0050647 0.00602623 0.00691692 0.00772489 0.00844611 0.00908185 0.0096367
 0.000530656 0.00119633 0.00205827 0.00303499 0.00405521 0.0050647 0.00602623 0.00691692 0.00772489 0.00844611 0.00908185 0.0096367
 0.000530656 0.00119633 0.00205827 0.00303499 0.00405521 0.0050647 0.00602623 0.00691692 0.00772489 0.00844611 0.00908185 0.0096367
 0.000530656 0.00119633 0.00205827 0.00303499 0.00405521 0.0050647 0.00602623 0.00691692 0.00772489 0.00844611 0.00908185 0.0096367
 0.000530656 0.00119633 0.00205827 0.00303499 0.00405521 0.0050647 0.00602623 0.00691692 0.00772489 0.00844611 0.00908185 0.0096367
 0.000530656 0.00119633 0.00205827 0.00303499 0.00405521 0.0050647 0.00602623 0.00691692 0.00772489 0.00844611 0.00908185 0.0096367
 0.000530656 0.00119633 0.00205827 0.00303499 0.00405521 0.0050647 0.00602623 0.00691692 0.00772489 0.00844611 0.00908185 0.0096367
 0.000530656 0.00119633 0.00205827 0.00303499 0.00405521 0.0050647 0.00602623 0.00691692 0.00772489 0.00844611 0.00908185 0.0096367
 0.000530656 0.00119633 0.00205827 0.00303499 0.00405521 0.0050647 0.00602623 0.00691692 0.00772489 0.00844611 0.00908185 0.0096367
 0.000530656 0.00119633 0.00205827 0.00303499 0.00405521 0.0050647 0.00602623 0.00691692 0.00772489 0.00844611 0.00908185 0.0096367
 0.000530656 0.00119633 0.00205827 0.00303499 0.00405521 0.0050647 0.00602623 0.00691692 0.00772489 0.00844611 0.00908185 0.0096367
 0.000530656 0.00119633 0.00205827 0.00303499 0.00405521 0.0050647 0.00602623 0.00691692 0.00772489 0.00844611 0.00908185 0.0096367
 0.000530656 0.00119633 0.00205827 0.00303499 0.00405521 0.0050647 0.00602623 0.00691692 0.00772489 0.00844611 0.00908185 0.0096367
 0.000530656 0.00119633 0.00205827 0.00303499 0.00405521 0.0050647 0.00602623 0.00691692 0.00772489 0.00844611 0.00908185 0.0096367
 0.000530656 0.00119633 0.00205827 0.00303499 0.00405521 0.0050647 0.00602623 0.00691692 0.00772489 0.00844611 0.00908185 0.0096367
 0.000530656 0.00119633 0.00205827 0.00303499 0.00405521 0.0050647 0.00602623 0.00691692 0.00772489 0.00844611 0.00908185 0.0096367
 0.000530656 0.00119633 0.00205827 0.00303499 0.00405521 0.0050647 0.00602623 0.00691692 0.00772489 0.00844611 0.00908185 0.0096367
 0.000530656 0.00119633 0.00205827 0.00303499 0.00405521 0.0050647 0.00602623 0.00691692 0.00772489 0.00844611 0.00908185 0.0096367
 0.000530656 0.00119633 0.00205827 0.00303499 0.00405521 0.0050647 0.00602623 0.00691692 0.00772489 0.00844611 0.00908185 0.0096367
 0.000530656 0.00119633 0.00205827 0.00303499 0.00405521 0.0050647 0.00602623 0.00691692 0.00772489 0.00844611 0.00908185 0.0096367
 0.000530656 0.00119633 0.00205827 0.00303499 0.00405521 0.0050647 0.00602623 0.00691692 0.00772489 0.00844611 0.00908185 0.0096367
 0.000530656 0.00119633 0.00205827 0.00303499 0.00405521 0.0050647 0.00602623 0.00691692 0.00772489 0.00844611 0.00908185 0.0096367
 0.000530656 0.00119633 0.00205827 0.00303499 0.00405521 0.0050647 0.00602623 0.00691692 0.00772489 0.00844611 0.00908185 0.0096367
 0.000530656 0.00119633 0.00205827 0.00303499 0.00405521 0.0050647 0.00602623 0.00691692 0.00772489 0.00844611 0.00908185 0.0096367
# nyrs_ind_age
 30
# yrs_ind_age
 1 2 3 4 5 6 7 8 9 10 11 12 13 14 15 16 17 18 19 20 21 22 23 24 25 26 27 28 29 30
# n_sample_ind_age
 200 200 200 200 200 200 200 200 200 200 200 200 200 200 200 200 200 200 200 200 200 200 200 200 200 200 200 200 200 200
# oac_ind
 0.075 0.12 0.145 0.085 0.08 0.12 0.09 0.07 0.05 0.035 0.01 0.12
 0.07 0.13 0.135 0.11 0.1 0.08 0.07 0.08 0.05 0.015 0.04 0.12
 0.065 0.135 0.145 0.09 0.08 0.075 0.065 0.055 0.11 0.045 0.025 0.11
 0.07 0.095 0.195 0.11 0.07 0.1 0.075 0.065 0.04 0.035 0.025 0.12
 0.075 0.12 0.155 0.125 0.1 0.065 0.06 0.035 0.08 0.03 0.02 0.135
 0.07 0.215 0.125 0.11 0.135 0.06 0.055 0.06 0.055 0.03 0.01 0.075
 0.06 0.175 0.21 0.09 0.09 0.1 0.04 0.03 0.07 0.055 0.01 0.07
 0.08 0.105 0.185 0.16 0.07 0.06 0.055 0.04 0.06 0.04 0.015 0.13
 0.065 0.21 0.17 0.145 0.1 0.06 0.035 0.06 0.04 0.03 0.015 0.07
 0.095 0.185 0.15 0.08 0.13 0.125 0.025 0.055 0.03 0.05 0.015 0.06
 0.075 0.23 0.175 0.145 0.08 0.1 0.035 0.035 0.04 0.02 0.01 0.055
 0.06 0.16 0.19 0.17 0.095 0.09 0.05 0.035 0.025 0.02 0.02 0.085
 0.07 0.155 0.16 0.16 0.13 0.085 0.04 0.055 0.04 0.005 0.015 0.085
 0.05 0.165 0.175 0.15 0.1 0.075 0.085 0.045 0.035 0.04 0.01 0.07
 0.12 0.15 0.165 0.12 0.105 0.105 0.07 0.04 0.03 0.03 0.02 0.045
 0.13 0.18 0.215 0.095 0.1 0.095 0.05 0.03 0.015 0.01 0.025 0.055
 0.1 0.21 0.165 0.13 0.095 0.08 0.06 0.07 0.015 0.04 0.01 0.025
 0.08 0.255 0.18 0.13 0.095 0.08 0.055 0.045 0.03 0.015 0.005 0.03
 0.125 0.155 0.2 0.195 0.1 0.07 0.05 0.02 0.015 0.005 0.01 0.055
 0.1 0.15 0.14 0.155 0.155 0.075 0.045 0.05 0.03 0.025 0.025 0.05
 0.155 0.16 0.195 0.11 0.095 0.105 0.05 0.035 0.01 0.015 0.035 0.035
 0.155 0.29 0.19 0.11 0.065 0.085 0.035 0.025 0.025 0.005 0 0.015
 0.105 0.24 0.22 0.13 0.11 0.075 0.035 0.025 0.025 0.03 0.005 0
 0.095 0.225 0.235 0.205 0.065 0.07 0.035 0.02 0.02 0.01 0.005 0.015
 0.13 0.195 0.28 0.185 0.09 0.05 0.025 0.01 0.015 0.005 0 0.015
 0.105 0.295 0.195 0.1 0.155 0.065 0.025 0.02 0 0.015 0.015 0.01
 0.13 0.23 0.25 0.105 0.09 0.075 0.035 0.02 0.01 0.025 0.01 0.02
 0.155 0.26 0.195 0.185 0.075 0.045 0.04 0.02 0.005 0.005 0 0.015
 0.16 0.275 0.22 0.135 0.095 0.065 0.025 0.005 0.01 0 0 0.01
 0.065 0.28 0.255 0.155 0.1 0.05 0.03 0.01 0.025 0.015 0 0.015
# olc_ind

# obs_lse_ind
 0.198042 0.198042 0.198042 0.198042 0.198042 0.198042 0.198042 0.198042 0.198042 0.198042 0.198042 0.198042 0.198042 0.198042 0.198042 0.198042 0.198042 0.198042 0.198042 0.198042 0.198042 0.198042 0.198042 0.198042 0.198042 0.198042 0.198042 0.198042 0.198042 0.198042
# xages_fsh
 0 0 0 0 0 0 0 0 0 0 0 0
# xages_fsh
 0 0.0909091 0.181818 0.272727 0.363636 0.454545 0.545455 0.636364 0.727273 0.818182 0.909091 1
# xnodes_fsh

Yrs fsh_sel change:  1 0 0 0 0 0 0 0 0 0 0 0 0 0 0 0 0 0 0 0 0 0 0 0 0 0 0 0 0
Yrs ind_sel change:  1 0 0 0 0 0 0 0 0 0 0 0 0 0 0 0 0 0 0 0 0 0 0 0 0 0 0 0 0
# steepnessprior
0.75
# sigmarprior
0.2
#  SSB estimated in styr endyr: -12 28 
#  Rec estimated in styr endyr: -10 30 
#  SR Curve fit  in styr endyr: 1 30 
#             Model styr endyr: 1 30 
# qprior
 3.48998e-007
# q_power_prior 
 1 
# cv_catchbiomass 
0.05 
# CatchbiomassPen 
200 
# Number of projection years 
5 
# offset_fsh
 13375.9
# offset_ind
 13224.3
Mean Catch
1274.81
R_guess 
13.8155
# nfsh
1
# n_sel_ch_fsh
 1
# nselages_fsh
 11
# phase_selcoff_fsh
 -1
logRzero 13.8155
logmeanrec 13.8155
exp(log_sigmarprior 0.2
Fish sel phase: -1 OM1
Fixing fishery sel to
1
Fixing fishery sel to
1
Srvy sel phase: -1
Fixing survey_index1 indices sel to
1
Fixing index sel to
1
# logsel_slp_in_indv
 0.693147
Leaving parameter init secton
# M
 0.2 0.2 0.2 0.2 0.2 0.2 0.2 0.2 0.2 0.2 0.2 0.2
 0.2 0.2 0.2 0.2 0.2 0.2 0.2 0.2 0.2 0.2 0.2 0.2
 0.2 0.2 0.2 0.2 0.2 0.2 0.2 0.2 0.2 0.2 0.2 0.2
 0.2 0.2 0.2 0.2 0.2 0.2 0.2 0.2 0.2 0.2 0.2 0.2
 0.2 0.2 0.2 0.2 0.2 0.2 0.2 0.2 0.2 0.2 0.2 0.2
 0.2 0.2 0.2 0.2 0.2 0.2 0.2 0.2 0.2 0.2 0.2 0.2
 0.2 0.2 0.2 0.2 0.2 0.2 0.2 0.2 0.2 0.2 0.2 0.2
 0.2 0.2 0.2 0.2 0.2 0.2 0.2 0.2 0.2 0.2 0.2 0.2
 0.2 0.2 0.2 0.2 0.2 0.2 0.2 0.2 0.2 0.2 0.2 0.2
 0.2 0.2 0.2 0.2 0.2 0.2 0.2 0.2 0.2 0.2 0.2 0.2
 0.2 0.2 0.2 0.2 0.2 0.2 0.2 0.2 0.2 0.2 0.2 0.2
 0.2 0.2 0.2 0.2 0.2 0.2 0.2 0.2 0.2 0.2 0.2 0.2
 0.2 0.2 0.2 0.2 0.2 0.2 0.2 0.2 0.2 0.2 0.2 0.2
 0.2 0.2 0.2 0.2 0.2 0.2 0.2 0.2 0.2 0.2 0.2 0.2
 0.2 0.2 0.2 0.2 0.2 0.2 0.2 0.2 0.2 0.2 0.2 0.2
 0.2 0.2 0.2 0.2 0.2 0.2 0.2 0.2 0.2 0.2 0.2 0.2
 0.2 0.2 0.2 0.2 0.2 0.2 0.2 0.2 0.2 0.2 0.2 0.2
 0.2 0.2 0.2 0.2 0.2 0.2 0.2 0.2 0.2 0.2 0.2 0.2
 0.2 0.2 0.2 0.2 0.2 0.2 0.2 0.2 0.2 0.2 0.2 0.2
 0.2 0.2 0.2 0.2 0.2 0.2 0.2 0.2 0.2 0.2 0.2 0.2
 0.2 0.2 0.2 0.2 0.2 0.2 0.2 0.2 0.2 0.2 0.2 0.2
 0.2 0.2 0.2 0.2 0.2 0.2 0.2 0.2 0.2 0.2 0.2 0.2
 0.2 0.2 0.2 0.2 0.2 0.2 0.2 0.2 0.2 0.2 0.2 0.2
 0.2 0.2 0.2 0.2 0.2 0.2 0.2 0.2 0.2 0.2 0.2 0.2
 0.2 0.2 0.2 0.2 0.2 0.2 0.2 0.2 0.2 0.2 0.2 0.2
 0.2 0.2 0.2 0.2 0.2 0.2 0.2 0.2 0.2 0.2 0.2 0.2
 0.2 0.2 0.2 0.2 0.2 0.2 0.2 0.2 0.2 0.2 0.2 0.2
 0.2 0.2 0.2 0.2 0.2 0.2 0.2 0.2 0.2 0.2 0.2 0.2
 0.2 0.2 0.2 0.2 0.2 0.2 0.2 0.2 0.2 0.2 0.2 0.2
 0.2 0.2 0.2 0.2 0.2 0.2 0.2 0.2 0.2 0.2 0.2 0.2
# mean_log_rec
13.7379
# log_Rzero
13.7951
# rec_dev
 -0.111487 -0.142832 -0.0471262 -0.096923 0.111783 0.174449 0.0168354 0.0800968 -0.0385446 0.0707562 0.0191184 0.0547162 0.2964 0.0214167 -0.145574 0.375469 0.267585 0.00145469 0.215828 0.0423987 0.156877 0.0552574 -0.0216556 -0.053816 0.0685481 -0.0247607 0.178981 0.0749443 -0.299943 -0.274896 -0.357037 0.0935306 0.0494784 -0.240571 -0.403459 -0.072823 -0.37068 -0.271392 0.0172971 -0.0597958 -0.509306
# fmort
 0.0092244 0.0271157 0.0452955 0.0617502 0.0499398 0.0892693 0.0896304 0.191535 0.113024 0.136318 0.155333 0.166625 0.12023 0.174639 0.184409 0.165525 0.31904 0.258231 0.256872 0.255427 0.357125 0.25989 0.424115 0.348223 0.342535 0.308315 0.296959 0.410271 0.300049 0.445281
# rec_dev_future
 0 0 0 0 0
