AMAK;August_2013
# styr
1
# endyr
30
# rec_age
1
# oldest_age
12
# nlength
81
# len_bins
 10 11 12 13 14 15 16 17 18 19 20 21 22 23 24 25 26 27 28 29 30 31 32 33 34 35 36 37 38 39 40 41 42 43 44 45 46 47 48 49 50 51 52 53 54 55 56 57 58 59 60 61 62 63 64 65 66 67 68 69 70 71 72 73 74 75 76 77 78 79 80 81 82 83 84 85 86 87 88 89 90
# datafile_name
amak_data.dat
# model_name
OM_1
# styr
1
# endyr
30
# rec_age
1
# oldest_age
12
# nfsh
1
# fshname
OM1
# catch_bio_in
 160.355 466.878 757.616 1001.41 762.749 1331.87 1274.62 2493.2 1334.5 1530.91 1637.59 1614.1 1106.97 1538.56 1509.2 1275.59 2253.26 1603.21 1456.55 1310.63 1632.29 1071.42 1634.06 1207.88 1114.82 972.824 933.609 1212.25 874.384 1267.35
# catch_bio_sd_in
 0.01 0.01 0.01 0.01 0.01 0.01 0.01 0.01 0.01 0.01 0.01 0.01 0.01 0.01 0.01 0.01 0.01 0.01 0.01 0.01 0.01 0.01 0.01 0.01 0.01 0.01 0.01 0.01 0.01 0.01
# nyrs_fsh_age
 30
# nyrs_fsh_length
 0
# yrs_fsh_age_in
 1 2 3 4 5 6 7 8 9 10 11 12 13 14 15 16 17 18 19 20 21 22 23 24 25 26 27 28 29 30
# yrs_fsh_length_in

# n_sample_fsh_length_in

# olc_fsh_in

# nind
1
# indname
survey_index1
# nyrs_ind
 30
# yrs_ind_in
 1 2 3 4 5 6 7 8 9 10 11 12 13 14 15 16 17 18 19 20 21 22 23 24 25 26 27 28 29 30
# mo_ind
 1
# obs_ind_in
 1.62599 1.58257 1.37456 1.36978 1.49497 1.4633 1.56843 1.36959 1.38083 1.18568 1.20486 1.18534 0.989679 1.07438 0.910909 0.860045 0.93289 0.904794 0.854908 0.751971 0.82047 0.632843 0.639151 0.631661 0.614306 0.479457 0.573221 0.509895 0.580025 0.494377
# obs_se_ind_in
 0.325198 0.316513 0.274912 0.273955 0.298994 0.29266 0.313685 0.273918 0.276165 0.237135 0.240972 0.237068 0.197936 0.214876 0.182182 0.172009 0.186578 0.180959 0.170982 0.150394 0.164094 0.126569 0.12783 0.126332 0.122861 0.0958913 0.114644 0.101979 0.116005 0.0988755
# nyrs_ind_age
 30
# nyrs_ind_length
 0
# yrs_ind_age_in
 1 2 3 4 5 6 7 8 9 10 11 12 13 14 15 16 17 18 19 20 21 22 23 24 25 26 27 28 29 30
# yrs_ind_length_in

# yrs_ind_age_in
 1 2 3 4 5 6 7 8 9 10 11 12 13 14 15 16 17 18 19 20 21 22 23 24 25 26 27 28 29 30
# n_sample_ind_length_in

# olc_ind_in

# oac_ind_in
 0.09 0.085 0.165 0.125 0.06 0.135 0.095 0.04 0.025 0.025 0.01 0.145
 0.07 0.115 0.12 0.135 0.115 0.08 0.06 0.035 0.055 0.025 0.05 0.14
 0.085 0.145 0.145 0.14 0.125 0.07 0.035 0.025 0.055 0.035 0.03 0.11
 0.065 0.11 0.16 0.135 0.125 0.065 0.06 0.065 0.02 0.02 0.035 0.14
 0.085 0.11 0.165 0.105 0.125 0.06 0.08 0.09 0.035 0.03 0.005 0.11
 0.095 0.185 0.13 0.11 0.125 0.07 0.09 0.04 0.045 0.01 0.01 0.09
 0.075 0.165 0.24 0.125 0.065 0.08 0.03 0.035 0.035 0.03 0.025 0.095
 0.105 0.145 0.195 0.14 0.055 0.06 0.07 0.07 0.03 0.02 0.03 0.08
 0.06 0.195 0.135 0.165 0.125 0.075 0.055 0.05 0.04 0.005 0.015 0.08
 0.085 0.17 0.19 0.095 0.105 0.1 0.065 0.055 0.035 0.02 0.015 0.065
 0.075 0.22 0.1 0.145 0.125 0.12 0.055 0.03 0.025 0.025 0.025 0.055
 0.045 0.175 0.215 0.11 0.145 0.065 0.06 0.055 0.02 0.02 0.015 0.075
 0.08 0.16 0.185 0.16 0.105 0.055 0.055 0.05 0.065 0.015 0.02 0.05
 0.105 0.145 0.15 0.18 0.13 0.075 0.045 0.01 0.055 0.03 0.02 0.055
 0.1 0.27 0.125 0.13 0.09 0.055 0.055 0.03 0.03 0.03 0.02 0.065
 0.095 0.155 0.165 0.195 0.12 0.085 0.05 0.035 0.015 0.01 0.015 0.06
 0.105 0.205 0.19 0.15 0.075 0.07 0.06 0.05 0.015 0.005 0.025 0.05
 0.1 0.23 0.165 0.125 0.075 0.045 0.055 0.05 0.05 0.045 0.02 0.04
 0.09 0.17 0.22 0.215 0.075 0.075 0.025 0.02 0.025 0.02 0.02 0.045
 0.105 0.165 0.145 0.22 0.115 0.1 0.04 0.005 0.035 0.02 0.005 0.045
 0.13 0.17 0.23 0.125 0.1 0.075 0.03 0.065 0.04 0.01 0.01 0.015
 0.13 0.31 0.175 0.135 0.085 0.05 0.04 0.03 0.005 0.015 0.01 0.015
 0.075 0.31 0.245 0.11 0.07 0.025 0.06 0.04 0.03 0.01 0.01 0.015
 0.07 0.205 0.285 0.225 0.095 0.055 0.025 0.01 0.01 0 0.01 0.01
 0.12 0.175 0.225 0.175 0.145 0.04 0.025 0.03 0.02 0.025 0.005 0.015
 0.105 0.27 0.185 0.145 0.125 0.085 0.01 0.02 0.015 0.025 0 0.015
 0.095 0.23 0.285 0.105 0.09 0.08 0.07 0.01 0.005 0 0.02 0.01
 0.145 0.26 0.185 0.195 0.07 0.05 0.045 0.015 0.015 0 0.01 0.01
 0.17 0.275 0.215 0.14 0.09 0.05 0.015 0.01 0.02 0.005 0.005 0.005
 0.125 0.33 0.235 0.105 0.06 0.055 0.03 0.025 0.005 0.015 0.01 0.005
# wt_ind
 1 1 1 1 1 1 1 1 1 1 1 1
 1 1 1 1 1 1 1 1 1 1 1 1
 1 1 1 1 1 1 1 1 1 1 1 1
 1 1 1 1 1 1 1 1 1 1 1 1
 1 1 1 1 1 1 1 1 1 1 1 1
 1 1 1 1 1 1 1 1 1 1 1 1
 1 1 1 1 1 1 1 1 1 1 1 1
 1 1 1 1 1 1 1 1 1 1 1 1
 1 1 1 1 1 1 1 1 1 1 1 1
 1 1 1 1 1 1 1 1 1 1 1 1
 1 1 1 1 1 1 1 1 1 1 1 1
 1 1 1 1 1 1 1 1 1 1 1 1
 1 1 1 1 1 1 1 1 1 1 1 1
 1 1 1 1 1 1 1 1 1 1 1 1
 1 1 1 1 1 1 1 1 1 1 1 1
 1 1 1 1 1 1 1 1 1 1 1 1
 1 1 1 1 1 1 1 1 1 1 1 1
 1 1 1 1 1 1 1 1 1 1 1 1
 1 1 1 1 1 1 1 1 1 1 1 1
 1 1 1 1 1 1 1 1 1 1 1 1
 1 1 1 1 1 1 1 1 1 1 1 1
 1 1 1 1 1 1 1 1 1 1 1 1
 1 1 1 1 1 1 1 1 1 1 1 1
 1 1 1 1 1 1 1 1 1 1 1 1
 1 1 1 1 1 1 1 1 1 1 1 1
 1 1 1 1 1 1 1 1 1 1 1 1
 1 1 1 1 1 1 1 1 1 1 1 1
 1 1 1 1 1 1 1 1 1 1 1 1
 1 1 1 1 1 1 1 1 1 1 1 1
 1 1 1 1 1 1 1 1 1 1 1 1
# wt_pop
 0.000530656 0.00119633 0.00205827 0.00303499 0.00405521 0.0050647 0.00602623 0.00691692 0.00772489 0.00844611 0.00908185 0.0096367
# maturity
 0.0229774 0.320821 0.904651 0.99478 0.999739 0.999987 0.999999 1 1 1 1 1
# spawnmo
1
# age_err
 1 0 0 0 0 0 0 0 0 0 0 0
 0 1 0 0 0 0 0 0 0 0 0 0
 0 0 1 0 0 0 0 0 0 0 0 0
 0 0 0 1 0 0 0 0 0 0 0 0
 0 0 0 0 1 0 0 0 0 0 0 0
 0 0 0 0 0 1 0 0 0 0 0 0
 0 0 0 0 0 0 1 0 0 0 0 0
 0 0 0 0 0 0 0 1 0 0 0 0
 0 0 0 0 0 0 0 0 1 0 0 0
 0 0 0 0 0 0 0 0 0 1 0 0
 0 0 0 0 0 0 0 0 0 0 1 0
 0 0 0 0 0 0 0 0 0 0 0 1
# cntrlfile_name
C:\Users\bai.li\Desktop\s1_test\AMAK\s132\amak.dat
# Map shared selectivity: 
# sel_map
 1 2
 1 1
# datafile_name
amak_data.dat
# model_name
OM_1
# SrType
2
# use_age_err
0
# retro
0
# sigmarprior
0.2
# cvsigmarprior
0.25
# phase_sigmar
-3
# styr_rec_est
1
# endyr_rec_est
30
# Linfprior
80
# cvLinfprior
0.25
# kprior
0.18
# cvkprior
0.25
# Loprior
27.688
# cvLoprior
0.25
# sdageprior
0.1
# cvsdageprior
0.25
# natmortprior
0.2
# cvnatmortprior
0.25
# phase_M
-4
# npars_Mage
0
# ages_M_changes

# Mage_in

# phase_Mage
-5
# phase_rw_M
0
# npars_rw_M
0
# yrs_rw_M

# sigma_rw_M

# qprior
 3.48998e-007
# cvqprior
 1
# phase_q
 1
# q_power_prior
 1
# cvq_power_prior
 0.2
# phase_q_power
 -4
# phase_rw_q
 -1
# npars_rw_q
 0
# yrs_rw_q

# sigma_rw_q

# q_age_min
 1
# q_age_max
 12
# q_age_min
 1
# q_age_max
 12
# fsh_sel_opt(k)
2
# phase_sel_fsh(k)
-2
# n_sel_ch_fsh(k)
1
# sel_slp_in_fsh(k)(1,n_sel_ch_fsh(k))
 1
# sel_inf_in_fsh(k)(1,n_sel_ch_fsh(k))
 2
# logsel_slp_in_fsh(k)(1,n_sel_ch_fsh(k))
 0
# yrs_sel_ch_fsh(k)(1,n_sel_ch_fsh(k))
 1

Survey survey_index1
# ind_sel_opt(k)
2
# indname(k)
survey_index1
# nselages_in_ind(k)
11
# phase_sel_ind(k)
-2
# sel_change_in_ind(k)
 1 0 0 0 0 0 0 0 0 0 0 0 0 0 0 0 0 0 0 0 0 0 0 0 0 0 0 0 0 0
# n_sel_ch_ind(k)
1
# yrs_sel_ch_ind(k)(1,n_sel_ch_ind(k))
 1
# sel_slp_in_ind(k,1)
2
# sel_inf_in_ind(k,1)
1.5
# logsel_slp_in_ind(k,1)
0.693147
# logsel_slp_in_indv(k)
0.693147
survey_index1 ind sel opt 2  1 0 0 0 0 0 0 0 0 0 0 0 0 0 0 0 0 0 0 0 0 0 0 0 0 0 0 0 0 0
Phase indices Sel_Coffs:  -1
 Test: 1.23457e+008
# Fshry Selages:  11
# Srvy  Selages:  11
# Phase for age-spec fishery  -1
# Phase for logistic fishery  -2
# Phase for dble logistic fishery  -1
# Phase for age-spec indices   -1
# Phase for logistic indices   -2
# Phase for dble logistic ind  -1
# Curv_pen_fsh: 
 0
# Curv_pen_ind: 
 0
# styr_fut
31
# endyr_fut
35
# nyrs_fsh_age
 30
# nyrs_fsh_age
 30
# yrs_fsh_age
 1 2 3 4 5 6 7 8 9 10 11 12 13 14 15 16 17 18 19 20 21 22 23 24 25 26 27 28 29 30
# n_sample_fsh_age
 200 200 200 200 200 200 200 200 200 200 200 200 200 200 200 200 200 200 200 200 200 200 200 200 200 200 200 200 200 200
# oac_fsh
 0.05 0.105 0.115 0.115 0.09 0.09 0.11 0.075 0.035 0.055 0.035 0.125
 0.065 0.1 0.105 0.095 0.115 0.105 0.08 0.06 0.065 0.055 0.03 0.125
 0.055 0.16 0.125 0.115 0.135 0.075 0.035 0.095 0.025 0.055 0.025 0.1
 0.055 0.08 0.19 0.13 0.11 0.055 0.1 0.055 0.035 0.03 0.01 0.15
 0.1 0.075 0.115 0.125 0.11 0.1 0.095 0.05 0.04 0.045 0.035 0.11
 0.075 0.2 0.12 0.13 0.115 0.065 0.045 0.04 0.04 0.035 0.04 0.095
 0.055 0.16 0.175 0.07 0.095 0.115 0.045 0.05 0.02 0.02 0.045 0.15
 0.095 0.12 0.19 0.11 0.105 0.08 0.04 0.06 0.045 0.035 0.025 0.095
 0.12 0.125 0.125 0.155 0.155 0.06 0.05 0.025 0.045 0.015 0.03 0.095
 0.075 0.165 0.17 0.12 0.095 0.1 0.035 0.065 0.03 0.04 0.03 0.075
 0.11 0.13 0.205 0.135 0.065 0.09 0.085 0.025 0.015 0.035 0.02 0.085
 0.085 0.13 0.165 0.165 0.1 0.055 0.075 0.07 0.035 0.015 0.025 0.08
 0.095 0.115 0.15 0.195 0.09 0.095 0.045 0.06 0.045 0.005 0.045 0.06
 0.105 0.115 0.185 0.145 0.14 0.07 0.055 0.04 0.02 0.025 0.02 0.08
 0.105 0.175 0.195 0.1 0.1 0.09 0.045 0.045 0.04 0.035 0.02 0.05
 0.09 0.16 0.215 0.14 0.095 0.065 0.07 0.025 0.04 0.02 0.025 0.055
 0.135 0.18 0.11 0.17 0.095 0.065 0.07 0.05 0.04 0.04 0.005 0.04
 0.12 0.14 0.19 0.17 0.11 0.075 0.055 0.025 0.03 0.03 0.01 0.045
 0.135 0.14 0.26 0.145 0.075 0.07 0.055 0.035 0.035 0.02 0.005 0.025
 0.135 0.185 0.165 0.115 0.135 0.065 0.04 0.04 0.055 0.01 0.015 0.04
 0.12 0.115 0.2 0.12 0.155 0.115 0.045 0.04 0.025 0.015 0.02 0.03
 0.18 0.2 0.145 0.11 0.125 0.07 0.075 0.02 0.03 0.015 0.015 0.015
 0.135 0.19 0.28 0.11 0.06 0.055 0.065 0.015 0.035 0.015 0.005 0.035
 0.135 0.17 0.22 0.2 0.055 0.095 0.04 0.035 0.02 0.005 0 0.025
 0.16 0.175 0.18 0.15 0.16 0.035 0.035 0.015 0.04 0 0.015 0.035
 0.135 0.23 0.155 0.135 0.14 0.105 0.045 0.02 0.005 0.005 0.01 0.015
 0.1 0.18 0.3 0.155 0.065 0.07 0.055 0.03 0.005 0.005 0.01 0.025
 0.175 0.195 0.165 0.21 0.09 0.06 0.035 0.02 0.01 0.02 0.005 0.015
 0.165 0.2 0.24 0.1 0.13 0.07 0.025 0.025 0.02 0.005 0 0.02
 0.145 0.285 0.19 0.135 0.06 0.09 0.035 0.015 0.03 0.01 0 0.005
# olc_fsh

# wt_fsh
 0.000530656 0.00119633 0.00205827 0.00303499 0.00405521 0.0050647 0.00602623 0.00691692 0.00772489 0.00844611 0.00908185 0.0096367
 0.000530656 0.00119633 0.00205827 0.00303499 0.00405521 0.0050647 0.00602623 0.00691692 0.00772489 0.00844611 0.00908185 0.0096367
 0.000530656 0.00119633 0.00205827 0.00303499 0.00405521 0.0050647 0.00602623 0.00691692 0.00772489 0.00844611 0.00908185 0.0096367
 0.000530656 0.00119633 0.00205827 0.00303499 0.00405521 0.0050647 0.00602623 0.00691692 0.00772489 0.00844611 0.00908185 0.0096367
 0.000530656 0.00119633 0.00205827 0.00303499 0.00405521 0.0050647 0.00602623 0.00691692 0.00772489 0.00844611 0.00908185 0.0096367
 0.000530656 0.00119633 0.00205827 0.00303499 0.00405521 0.0050647 0.00602623 0.00691692 0.00772489 0.00844611 0.00908185 0.0096367
 0.000530656 0.00119633 0.00205827 0.00303499 0.00405521 0.0050647 0.00602623 0.00691692 0.00772489 0.00844611 0.00908185 0.0096367
 0.000530656 0.00119633 0.00205827 0.00303499 0.00405521 0.0050647 0.00602623 0.00691692 0.00772489 0.00844611 0.00908185 0.0096367
 0.000530656 0.00119633 0.00205827 0.00303499 0.00405521 0.0050647 0.00602623 0.00691692 0.00772489 0.00844611 0.00908185 0.0096367
 0.000530656 0.00119633 0.00205827 0.00303499 0.00405521 0.0050647 0.00602623 0.00691692 0.00772489 0.00844611 0.00908185 0.0096367
 0.000530656 0.00119633 0.00205827 0.00303499 0.00405521 0.0050647 0.00602623 0.00691692 0.00772489 0.00844611 0.00908185 0.0096367
 0.000530656 0.00119633 0.00205827 0.00303499 0.00405521 0.0050647 0.00602623 0.00691692 0.00772489 0.00844611 0.00908185 0.0096367
 0.000530656 0.00119633 0.00205827 0.00303499 0.00405521 0.0050647 0.00602623 0.00691692 0.00772489 0.00844611 0.00908185 0.0096367
 0.000530656 0.00119633 0.00205827 0.00303499 0.00405521 0.0050647 0.00602623 0.00691692 0.00772489 0.00844611 0.00908185 0.0096367
 0.000530656 0.00119633 0.00205827 0.00303499 0.00405521 0.0050647 0.00602623 0.00691692 0.00772489 0.00844611 0.00908185 0.0096367
 0.000530656 0.00119633 0.00205827 0.00303499 0.00405521 0.0050647 0.00602623 0.00691692 0.00772489 0.00844611 0.00908185 0.0096367
 0.000530656 0.00119633 0.00205827 0.00303499 0.00405521 0.0050647 0.00602623 0.00691692 0.00772489 0.00844611 0.00908185 0.0096367
 0.000530656 0.00119633 0.00205827 0.00303499 0.00405521 0.0050647 0.00602623 0.00691692 0.00772489 0.00844611 0.00908185 0.0096367
 0.000530656 0.00119633 0.00205827 0.00303499 0.00405521 0.0050647 0.00602623 0.00691692 0.00772489 0.00844611 0.00908185 0.0096367
 0.000530656 0.00119633 0.00205827 0.00303499 0.00405521 0.0050647 0.00602623 0.00691692 0.00772489 0.00844611 0.00908185 0.0096367
 0.000530656 0.00119633 0.00205827 0.00303499 0.00405521 0.0050647 0.00602623 0.00691692 0.00772489 0.00844611 0.00908185 0.0096367
 0.000530656 0.00119633 0.00205827 0.00303499 0.00405521 0.0050647 0.00602623 0.00691692 0.00772489 0.00844611 0.00908185 0.0096367
 0.000530656 0.00119633 0.00205827 0.00303499 0.00405521 0.0050647 0.00602623 0.00691692 0.00772489 0.00844611 0.00908185 0.0096367
 0.000530656 0.00119633 0.00205827 0.00303499 0.00405521 0.0050647 0.00602623 0.00691692 0.00772489 0.00844611 0.00908185 0.0096367
 0.000530656 0.00119633 0.00205827 0.00303499 0.00405521 0.0050647 0.00602623 0.00691692 0.00772489 0.00844611 0.00908185 0.0096367
 0.000530656 0.00119633 0.00205827 0.00303499 0.00405521 0.0050647 0.00602623 0.00691692 0.00772489 0.00844611 0.00908185 0.0096367
 0.000530656 0.00119633 0.00205827 0.00303499 0.00405521 0.0050647 0.00602623 0.00691692 0.00772489 0.00844611 0.00908185 0.0096367
 0.000530656 0.00119633 0.00205827 0.00303499 0.00405521 0.0050647 0.00602623 0.00691692 0.00772489 0.00844611 0.00908185 0.0096367
 0.000530656 0.00119633 0.00205827 0.00303499 0.00405521 0.0050647 0.00602623 0.00691692 0.00772489 0.00844611 0.00908185 0.0096367
 0.000530656 0.00119633 0.00205827 0.00303499 0.00405521 0.0050647 0.00602623 0.00691692 0.00772489 0.00844611 0.00908185 0.0096367
# nyrs_ind_age
 30
# yrs_ind_age
 1 2 3 4 5 6 7 8 9 10 11 12 13 14 15 16 17 18 19 20 21 22 23 24 25 26 27 28 29 30
# n_sample_ind_age
 200 200 200 200 200 200 200 200 200 200 200 200 200 200 200 200 200 200 200 200 200 200 200 200 200 200 200 200 200 200
# oac_ind
 0.09 0.085 0.165 0.125 0.06 0.135 0.095 0.04 0.025 0.025 0.01 0.145
 0.07 0.115 0.12 0.135 0.115 0.08 0.06 0.035 0.055 0.025 0.05 0.14
 0.085 0.145 0.145 0.14 0.125 0.07 0.035 0.025 0.055 0.035 0.03 0.11
 0.065 0.11 0.16 0.135 0.125 0.065 0.06 0.065 0.02 0.02 0.035 0.14
 0.085 0.11 0.165 0.105 0.125 0.06 0.08 0.09 0.035 0.03 0.005 0.11
 0.095 0.185 0.13 0.11 0.125 0.07 0.09 0.04 0.045 0.01 0.01 0.09
 0.075 0.165 0.24 0.125 0.065 0.08 0.03 0.035 0.035 0.03 0.025 0.095
 0.105 0.145 0.195 0.14 0.055 0.06 0.07 0.07 0.03 0.02 0.03 0.08
 0.06 0.195 0.135 0.165 0.125 0.075 0.055 0.05 0.04 0.005 0.015 0.08
 0.085 0.17 0.19 0.095 0.105 0.1 0.065 0.055 0.035 0.02 0.015 0.065
 0.075 0.22 0.1 0.145 0.125 0.12 0.055 0.03 0.025 0.025 0.025 0.055
 0.045 0.175 0.215 0.11 0.145 0.065 0.06 0.055 0.02 0.02 0.015 0.075
 0.08 0.16 0.185 0.16 0.105 0.055 0.055 0.05 0.065 0.015 0.02 0.05
 0.105 0.145 0.15 0.18 0.13 0.075 0.045 0.01 0.055 0.03 0.02 0.055
 0.1 0.27 0.125 0.13 0.09 0.055 0.055 0.03 0.03 0.03 0.02 0.065
 0.095 0.155 0.165 0.195 0.12 0.085 0.05 0.035 0.015 0.01 0.015 0.06
 0.105 0.205 0.19 0.15 0.075 0.07 0.06 0.05 0.015 0.005 0.025 0.05
 0.1 0.23 0.165 0.125 0.075 0.045 0.055 0.05 0.05 0.045 0.02 0.04
 0.09 0.17 0.22 0.215 0.075 0.075 0.025 0.02 0.025 0.02 0.02 0.045
 0.105 0.165 0.145 0.22 0.115 0.1 0.04 0.005 0.035 0.02 0.005 0.045
 0.13 0.17 0.23 0.125 0.1 0.075 0.03 0.065 0.04 0.01 0.01 0.015
 0.13 0.31 0.175 0.135 0.085 0.05 0.04 0.03 0.005 0.015 0.01 0.015
 0.075 0.31 0.245 0.11 0.07 0.025 0.06 0.04 0.03 0.01 0.01 0.015
 0.07 0.205 0.285 0.225 0.095 0.055 0.025 0.01 0.01 0 0.01 0.01
 0.12 0.175 0.225 0.175 0.145 0.04 0.025 0.03 0.02 0.025 0.005 0.015
 0.105 0.27 0.185 0.145 0.125 0.085 0.01 0.02 0.015 0.025 0 0.015
 0.095 0.23 0.285 0.105 0.09 0.08 0.07 0.01 0.005 0 0.02 0.01
 0.145 0.26 0.185 0.195 0.07 0.05 0.045 0.015 0.015 0 0.01 0.01
 0.17 0.275 0.215 0.14 0.09 0.05 0.015 0.01 0.02 0.005 0.005 0.005
 0.125 0.33 0.235 0.105 0.06 0.055 0.03 0.025 0.005 0.015 0.01 0.005
# olc_ind

# obs_lse_ind
 0.198042 0.198042 0.198042 0.198042 0.198042 0.198042 0.198042 0.198042 0.198042 0.198042 0.198042 0.198042 0.198042 0.198042 0.198042 0.198042 0.198042 0.198042 0.198042 0.198042 0.198042 0.198042 0.198042 0.198042 0.198042 0.198042 0.198042 0.198042 0.198042 0.198042
# xages_fsh
 0 0 0 0 0 0 0 0 0 0 0 0
# xages_fsh
 0 0.0909091 0.181818 0.272727 0.363636 0.454545 0.545455 0.636364 0.727273 0.818182 0.909091 1
# xnodes_fsh

Yrs fsh_sel change:  1 0 0 0 0 0 0 0 0 0 0 0 0 0 0 0 0 0 0 0 0 0 0 0 0 0 0 0 0
Yrs ind_sel change:  1 0 0 0 0 0 0 0 0 0 0 0 0 0 0 0 0 0 0 0 0 0 0 0 0 0 0 0 0
# steepnessprior
0.75
# sigmarprior
0.2
#  SSB estimated in styr endyr: -12 28 
#  Rec estimated in styr endyr: -10 30 
#  SR Curve fit  in styr endyr: 1 30 
#             Model styr endyr: 1 30 
# qprior
 3.48998e-007
# q_power_prior 
 1 
# cv_catchbiomass 
0.05 
# CatchbiomassPen 
200 
# Number of projection years 
5 
# offset_fsh
 13481.5
# offset_ind
 13113.9
Mean Catch
1278.02
R_guess 
13.8155
# nfsh
1
# n_sel_ch_fsh
 1
# nselages_fsh
 11
# phase_selcoff_fsh
 -1
logRzero 13.8155
logmeanrec 13.8155
exp(log_sigmarprior 0.2
Fish sel phase: -1 OM1
Fixing fishery sel to
1
Fixing fishery sel to
1
Srvy sel phase: -1
Fixing survey_index1 indices sel to
1
Fixing index sel to
1
# logsel_slp_in_indv
 0.693147
Leaving parameter init secton
# M
 0.2 0.2 0.2 0.2 0.2 0.2 0.2 0.2 0.2 0.2 0.2 0.2
 0.2 0.2 0.2 0.2 0.2 0.2 0.2 0.2 0.2 0.2 0.2 0.2
 0.2 0.2 0.2 0.2 0.2 0.2 0.2 0.2 0.2 0.2 0.2 0.2
 0.2 0.2 0.2 0.2 0.2 0.2 0.2 0.2 0.2 0.2 0.2 0.2
 0.2 0.2 0.2 0.2 0.2 0.2 0.2 0.2 0.2 0.2 0.2 0.2
 0.2 0.2 0.2 0.2 0.2 0.2 0.2 0.2 0.2 0.2 0.2 0.2
 0.2 0.2 0.2 0.2 0.2 0.2 0.2 0.2 0.2 0.2 0.2 0.2
 0.2 0.2 0.2 0.2 0.2 0.2 0.2 0.2 0.2 0.2 0.2 0.2
 0.2 0.2 0.2 0.2 0.2 0.2 0.2 0.2 0.2 0.2 0.2 0.2
 0.2 0.2 0.2 0.2 0.2 0.2 0.2 0.2 0.2 0.2 0.2 0.2
 0.2 0.2 0.2 0.2 0.2 0.2 0.2 0.2 0.2 0.2 0.2 0.2
 0.2 0.2 0.2 0.2 0.2 0.2 0.2 0.2 0.2 0.2 0.2 0.2
 0.2 0.2 0.2 0.2 0.2 0.2 0.2 0.2 0.2 0.2 0.2 0.2
 0.2 0.2 0.2 0.2 0.2 0.2 0.2 0.2 0.2 0.2 0.2 0.2
 0.2 0.2 0.2 0.2 0.2 0.2 0.2 0.2 0.2 0.2 0.2 0.2
 0.2 0.2 0.2 0.2 0.2 0.2 0.2 0.2 0.2 0.2 0.2 0.2
 0.2 0.2 0.2 0.2 0.2 0.2 0.2 0.2 0.2 0.2 0.2 0.2
 0.2 0.2 0.2 0.2 0.2 0.2 0.2 0.2 0.2 0.2 0.2 0.2
 0.2 0.2 0.2 0.2 0.2 0.2 0.2 0.2 0.2 0.2 0.2 0.2
 0.2 0.2 0.2 0.2 0.2 0.2 0.2 0.2 0.2 0.2 0.2 0.2
 0.2 0.2 0.2 0.2 0.2 0.2 0.2 0.2 0.2 0.2 0.2 0.2
 0.2 0.2 0.2 0.2 0.2 0.2 0.2 0.2 0.2 0.2 0.2 0.2
 0.2 0.2 0.2 0.2 0.2 0.2 0.2 0.2 0.2 0.2 0.2 0.2
 0.2 0.2 0.2 0.2 0.2 0.2 0.2 0.2 0.2 0.2 0.2 0.2
 0.2 0.2 0.2 0.2 0.2 0.2 0.2 0.2 0.2 0.2 0.2 0.2
 0.2 0.2 0.2 0.2 0.2 0.2 0.2 0.2 0.2 0.2 0.2 0.2
 0.2 0.2 0.2 0.2 0.2 0.2 0.2 0.2 0.2 0.2 0.2 0.2
 0.2 0.2 0.2 0.2 0.2 0.2 0.2 0.2 0.2 0.2 0.2 0.2
 0.2 0.2 0.2 0.2 0.2 0.2 0.2 0.2 0.2 0.2 0.2 0.2
 0.2 0.2 0.2 0.2 0.2 0.2 0.2 0.2 0.2 0.2 0.2 0.2
# mean_log_rec
13.7143
# log_Rzero
13.7986
# rec_dev
 -0.106335 -0.151769 0.0374831 -0.0947256 0.0584847 0.00919111 0.0768154 -0.0861315 0.0974403 0.066558 0.0220981 0.10396 0.208153 0.0604212 -0.0578107 0.419756 0.346626 0.0137885 0.207698 0.111923 0.224963 0.102415 -0.015997 -0.0305101 0.141567 -0.0281171 0.113213 0.134203 -0.21327 -0.163735 -0.320903 0.154498 0.0256019 -0.292409 -0.395555 -0.0568991 -0.416518 -0.312557 -0.190074 -0.0215727 -0.266229
# fmort
 0.0095111 0.028042 0.0466946 0.0642206 0.0507333 0.0921519 0.0924059 0.196489 0.115115 0.139325 0.158955 0.167859 0.120729 0.175779 0.184906 0.164941 0.321634 0.26064 0.258626 0.253092 0.352648 0.251883 0.413721 0.340002 0.336044 0.308074 0.303442 0.420913 0.319914 0.484986
# rec_dev_future
 0 0 0 0 0
