AMAK;August_2013
# styr
1
# endyr
30
# rec_age
1
# oldest_age
12
# nlength
81
# len_bins
 10 11 12 13 14 15 16 17 18 19 20 21 22 23 24 25 26 27 28 29 30 31 32 33 34 35 36 37 38 39 40 41 42 43 44 45 46 47 48 49 50 51 52 53 54 55 56 57 58 59 60 61 62 63 64 65 66 67 68 69 70 71 72 73 74 75 76 77 78 79 80 81 82 83 84 85 86 87 88 89 90
# datafile_name
amak_data.dat
# model_name
OM_1
# styr
1
# endyr
30
# rec_age
1
# oldest_age
12
# nfsh
1
# fshname
OM1
# catch_bio_in
 162.102 464.743 757.402 997.78 765.347 1336.22 1282.19 2470.48 1322.18 1535.79 1616.61 1612.04 1105.78 1532.54 1511.81 1272.83 2246.12 1610.88 1450.14 1312.02 1624.87 1090.73 1624.02 1215.18 1110.3 972.416 928.694 1223.15 868.923 1282.92
# catch_bio_sd_in
 0.01 0.01 0.01 0.01 0.01 0.01 0.01 0.01 0.01 0.01 0.01 0.01 0.01 0.01 0.01 0.01 0.01 0.01 0.01 0.01 0.01 0.01 0.01 0.01 0.01 0.01 0.01 0.01 0.01 0.01
# nyrs_fsh_age
 30
# nyrs_fsh_length
 0
# yrs_fsh_age_in
 1 2 3 4 5 6 7 8 9 10 11 12 13 14 15 16 17 18 19 20 21 22 23 24 25 26 27 28 29 30
# yrs_fsh_length_in

# n_sample_fsh_length_in

# olc_fsh_in

# nind
1
# indname
survey_index1
# nyrs_ind
 30
# yrs_ind_in
 1 2 3 4 5 6 7 8 9 10 11 12 13 14 15 16 17 18 19 20 21 22 23 24 25 26 27 28 29 30
# mo_ind
 1
# obs_ind_in
 1.53995 1.30878 1.43234 1.44742 1.15228 1.36639 1.2673 1.44052 1.43752 1.0754 1.14358 1.20563 0.870469 0.983716 0.952789 0.891925 0.96661 0.893232 0.735979 0.6548 0.715719 0.61395 0.719438 0.557756 0.597538 0.628881 0.500542 0.532901 0.481099 0.525543
# obs_se_ind_in
 0.30799 0.261756 0.286469 0.289484 0.230456 0.273278 0.253459 0.288103 0.287504 0.215079 0.228715 0.241127 0.174094 0.196743 0.190558 0.178385 0.193322 0.178646 0.147196 0.13096 0.143144 0.12279 0.143888 0.111551 0.119508 0.125776 0.100108 0.10658 0.0962197 0.105109
# nyrs_ind_age
 30
# nyrs_ind_length
 0
# yrs_ind_age_in
 1 2 3 4 5 6 7 8 9 10 11 12 13 14 15 16 17 18 19 20 21 22 23 24 25 26 27 28 29 30
# yrs_ind_length_in

# yrs_ind_age_in
 1 2 3 4 5 6 7 8 9 10 11 12 13 14 15 16 17 18 19 20 21 22 23 24 25 26 27 28 29 30
# n_sample_ind_length_in

# olc_ind_in

# oac_ind_in
 0.05 0.16 0.11 0.135 0.095 0.055 0.09 0.06 0.035 0.02 0.035 0.155
 0.055 0.115 0.155 0.085 0.11 0.09 0.09 0.06 0.05 0.025 0.035 0.13
 0.035 0.11 0.195 0.145 0.095 0.075 0.065 0.065 0.03 0.03 0.025 0.13
 0.095 0.12 0.175 0.135 0.075 0.105 0.035 0.05 0.045 0.035 0.01 0.12
 0.1 0.11 0.115 0.17 0.08 0.07 0.07 0.055 0.04 0.025 0.045 0.12
 0.075 0.225 0.14 0.125 0.105 0.07 0.05 0.02 0.04 0.02 0.025 0.105
 0.045 0.19 0.14 0.1 0.12 0.095 0.06 0.045 0.05 0.03 0.015 0.11
 0.065 0.11 0.205 0.205 0.065 0.075 0.075 0.055 0.05 0.01 0.025 0.06
 0.065 0.19 0.125 0.145 0.15 0.04 0.04 0.045 0.04 0.03 0.03 0.1
 0.105 0.17 0.16 0.125 0.11 0.095 0.05 0.05 0.03 0.02 0.02 0.065
 0.06 0.23 0.16 0.125 0.085 0.09 0.055 0.045 0.025 0.035 0.02 0.07
 0.03 0.155 0.18 0.11 0.135 0.055 0.09 0.08 0.025 0.04 0.025 0.075
 0.07 0.16 0.215 0.175 0.07 0.075 0.05 0.07 0.02 0.02 0.015 0.06
 0.12 0.155 0.19 0.1 0.115 0.075 0.035 0.05 0.03 0.06 0.025 0.045
 0.105 0.23 0.185 0.07 0.125 0.06 0.045 0.05 0.025 0.005 0.03 0.07
 0.065 0.185 0.23 0.15 0.09 0.11 0.03 0.05 0.025 0.025 0.02 0.02
 0.07 0.255 0.155 0.175 0.075 0.02 0.06 0.045 0.03 0.025 0.005 0.085
 0.065 0.22 0.245 0.12 0.09 0.06 0.055 0.03 0.04 0.025 0.005 0.045
 0.08 0.2 0.245 0.125 0.125 0.085 0.04 0.025 0.015 0.005 0.015 0.04
 0.105 0.2 0.155 0.185 0.115 0.065 0.045 0.055 0.015 0.005 0.015 0.04
 0.185 0.16 0.18 0.165 0.13 0.065 0.035 0.03 0.005 0.005 0.005 0.035
 0.135 0.325 0.175 0.13 0.065 0.055 0.035 0.025 0.01 0.015 0.01 0.02
 0.095 0.225 0.305 0.13 0.1 0.02 0.03 0.04 0.03 0.005 0 0.02
 0.105 0.2 0.215 0.195 0.085 0.075 0.035 0.04 0.01 0 0.015 0.025
 0.18 0.24 0.135 0.18 0.1 0.065 0.025 0.01 0.02 0.02 0.01 0.015
 0.095 0.34 0.19 0.14 0.1 0.05 0.025 0.045 0 0.01 0 0.005
 0.11 0.175 0.315 0.095 0.12 0.09 0.04 0.025 0.01 0 0 0.02
 0.155 0.26 0.18 0.16 0.07 0.055 0.045 0.035 0.015 0 0.01 0.015
 0.2 0.28 0.19 0.095 0.12 0.035 0.035 0.035 0.005 0.005 0 0
 0.14 0.265 0.27 0.145 0.07 0.055 0.015 0.01 0.02 0.005 0 0.005
# wt_ind
 1 1 1 1 1 1 1 1 1 1 1 1
 1 1 1 1 1 1 1 1 1 1 1 1
 1 1 1 1 1 1 1 1 1 1 1 1
 1 1 1 1 1 1 1 1 1 1 1 1
 1 1 1 1 1 1 1 1 1 1 1 1
 1 1 1 1 1 1 1 1 1 1 1 1
 1 1 1 1 1 1 1 1 1 1 1 1
 1 1 1 1 1 1 1 1 1 1 1 1
 1 1 1 1 1 1 1 1 1 1 1 1
 1 1 1 1 1 1 1 1 1 1 1 1
 1 1 1 1 1 1 1 1 1 1 1 1
 1 1 1 1 1 1 1 1 1 1 1 1
 1 1 1 1 1 1 1 1 1 1 1 1
 1 1 1 1 1 1 1 1 1 1 1 1
 1 1 1 1 1 1 1 1 1 1 1 1
 1 1 1 1 1 1 1 1 1 1 1 1
 1 1 1 1 1 1 1 1 1 1 1 1
 1 1 1 1 1 1 1 1 1 1 1 1
 1 1 1 1 1 1 1 1 1 1 1 1
 1 1 1 1 1 1 1 1 1 1 1 1
 1 1 1 1 1 1 1 1 1 1 1 1
 1 1 1 1 1 1 1 1 1 1 1 1
 1 1 1 1 1 1 1 1 1 1 1 1
 1 1 1 1 1 1 1 1 1 1 1 1
 1 1 1 1 1 1 1 1 1 1 1 1
 1 1 1 1 1 1 1 1 1 1 1 1
 1 1 1 1 1 1 1 1 1 1 1 1
 1 1 1 1 1 1 1 1 1 1 1 1
 1 1 1 1 1 1 1 1 1 1 1 1
 1 1 1 1 1 1 1 1 1 1 1 1
# wt_pop
 0.000530656 0.00119633 0.00205827 0.00303499 0.00405521 0.0050647 0.00602623 0.00691692 0.00772489 0.00844611 0.00908185 0.0096367
# maturity
 0.0229774 0.320821 0.904651 0.99478 0.999739 0.999987 0.999999 1 1 1 1 1
# spawnmo
1
# age_err
 1 0 0 0 0 0 0 0 0 0 0 0
 0 1 0 0 0 0 0 0 0 0 0 0
 0 0 1 0 0 0 0 0 0 0 0 0
 0 0 0 1 0 0 0 0 0 0 0 0
 0 0 0 0 1 0 0 0 0 0 0 0
 0 0 0 0 0 1 0 0 0 0 0 0
 0 0 0 0 0 0 1 0 0 0 0 0
 0 0 0 0 0 0 0 1 0 0 0 0
 0 0 0 0 0 0 0 0 1 0 0 0
 0 0 0 0 0 0 0 0 0 1 0 0
 0 0 0 0 0 0 0 0 0 0 1 0
 0 0 0 0 0 0 0 0 0 0 0 1
# cntrlfile_name
C:\Users\bai.li\Desktop\s1_test\AMAK\s145\amak.dat
# Map shared selectivity: 
# sel_map
 1 2
 1 1
# datafile_name
amak_data.dat
# model_name
OM_1
# SrType
2
# use_age_err
0
# retro
0
# sigmarprior
0.2
# cvsigmarprior
0.25
# phase_sigmar
-3
# styr_rec_est
1
# endyr_rec_est
30
# Linfprior
80
# cvLinfprior
0.25
# kprior
0.18
# cvkprior
0.25
# Loprior
27.688
# cvLoprior
0.25
# sdageprior
0.1
# cvsdageprior
0.25
# natmortprior
0.2
# cvnatmortprior
0.25
# phase_M
-4
# npars_Mage
0
# ages_M_changes

# Mage_in

# phase_Mage
-5
# phase_rw_M
0
# npars_rw_M
0
# yrs_rw_M

# sigma_rw_M

# qprior
 3.48998e-007
# cvqprior
 1
# phase_q
 1
# q_power_prior
 1
# cvq_power_prior
 0.2
# phase_q_power
 -4
# phase_rw_q
 -1
# npars_rw_q
 0
# yrs_rw_q

# sigma_rw_q

# q_age_min
 1
# q_age_max
 12
# q_age_min
 1
# q_age_max
 12
# fsh_sel_opt(k)
2
# phase_sel_fsh(k)
-2
# n_sel_ch_fsh(k)
1
# sel_slp_in_fsh(k)(1,n_sel_ch_fsh(k))
 1
# sel_inf_in_fsh(k)(1,n_sel_ch_fsh(k))
 2
# logsel_slp_in_fsh(k)(1,n_sel_ch_fsh(k))
 0
# yrs_sel_ch_fsh(k)(1,n_sel_ch_fsh(k))
 1

Survey survey_index1
# ind_sel_opt(k)
2
# indname(k)
survey_index1
# nselages_in_ind(k)
11
# phase_sel_ind(k)
-2
# sel_change_in_ind(k)
 1 0 0 0 0 0 0 0 0 0 0 0 0 0 0 0 0 0 0 0 0 0 0 0 0 0 0 0 0 0
# n_sel_ch_ind(k)
1
# yrs_sel_ch_ind(k)(1,n_sel_ch_ind(k))
 1
# sel_slp_in_ind(k,1)
2
# sel_inf_in_ind(k,1)
1.5
# logsel_slp_in_ind(k,1)
0.693147
# logsel_slp_in_indv(k)
0.693147
survey_index1 ind sel opt 2  1 0 0 0 0 0 0 0 0 0 0 0 0 0 0 0 0 0 0 0 0 0 0 0 0 0 0 0 0 0
Phase indices Sel_Coffs:  -1
 Test: 1.23457e+008
# Fshry Selages:  11
# Srvy  Selages:  11
# Phase for age-spec fishery  -1
# Phase for logistic fishery  -2
# Phase for dble logistic fishery  -1
# Phase for age-spec indices   -1
# Phase for logistic indices   -2
# Phase for dble logistic ind  -1
# Curv_pen_fsh: 
 0
# Curv_pen_ind: 
 0
# styr_fut
31
# endyr_fut
35
# nyrs_fsh_age
 30
# nyrs_fsh_age
 30
# yrs_fsh_age
 1 2 3 4 5 6 7 8 9 10 11 12 13 14 15 16 17 18 19 20 21 22 23 24 25 26 27 28 29 30
# n_sample_fsh_age
 200 200 200 200 200 200 200 200 200 200 200 200 200 200 200 200 200 200 200 200 200 200 200 200 200 200 200 200 200 200
# oac_fsh
 0.075 0.1 0.085 0.15 0.115 0.095 0.065 0.06 0.05 0.02 0.03 0.155
 0.1 0.09 0.105 0.155 0.12 0.1 0.045 0.07 0.02 0.035 0.035 0.125
 0.06 0.125 0.125 0.085 0.14 0.075 0.085 0.065 0.035 0.05 0.035 0.12
 0.055 0.12 0.19 0.095 0.09 0.11 0.08 0.035 0.07 0.025 0.015 0.115
 0.08 0.06 0.095 0.125 0.15 0.095 0.075 0.06 0.05 0.05 0.01 0.15
 0.065 0.145 0.11 0.145 0.135 0.075 0.05 0.055 0.02 0.025 0.055 0.12
 0.08 0.085 0.17 0.085 0.115 0.115 0.07 0.055 0.04 0.055 0.035 0.095
 0.09 0.085 0.165 0.17 0.095 0.065 0.055 0.065 0.055 0.04 0.015 0.1
 0.055 0.135 0.145 0.14 0.12 0.05 0.09 0.065 0.04 0.015 0.025 0.12
 0.075 0.12 0.18 0.1 0.15 0.105 0.03 0.045 0.035 0.025 0.025 0.11
 0.09 0.14 0.145 0.115 0.125 0.08 0.085 0.03 0.035 0.02 0.015 0.12
 0.06 0.15 0.13 0.105 0.115 0.135 0.05 0.075 0.01 0.035 0.03 0.105
 0.06 0.145 0.15 0.14 0.15 0.1 0.08 0.025 0.045 0.015 0.01 0.08
 0.095 0.16 0.15 0.135 0.12 0.095 0.065 0.04 0.05 0.03 0.01 0.05
 0.09 0.135 0.14 0.16 0.11 0.095 0.055 0.07 0.03 0.025 0.025 0.065
 0.13 0.1 0.19 0.165 0.115 0.095 0.065 0.015 0.035 0.01 0.02 0.06
 0.12 0.195 0.16 0.115 0.105 0.09 0.045 0.045 0.015 0.05 0.02 0.04
 0.1 0.15 0.175 0.175 0.13 0.065 0.04 0.04 0.035 0.02 0.01 0.06
 0.155 0.1 0.18 0.15 0.105 0.075 0.07 0.07 0.035 0.02 0.02 0.02
 0.135 0.215 0.115 0.2 0.13 0.045 0.025 0.025 0.015 0.015 0.01 0.07
 0.155 0.16 0.18 0.105 0.14 0.07 0.035 0.045 0.03 0.04 0.005 0.035
 0.16 0.205 0.13 0.09 0.105 0.1 0.07 0.035 0.015 0.015 0.005 0.07
 0.13 0.25 0.215 0.15 0.09 0.07 0.03 0.02 0.01 0.01 0.01 0.015
 0.15 0.21 0.225 0.18 0.065 0.045 0.055 0.03 0.025 0.005 0 0.01
 0.175 0.195 0.205 0.21 0.11 0.03 0.025 0.01 0.015 0.01 0.01 0.005
 0.115 0.235 0.19 0.15 0.135 0.06 0.025 0.02 0.025 0.01 0.015 0.02
 0.19 0.155 0.215 0.15 0.105 0.07 0.065 0.03 0.005 0 0 0.015
 0.2 0.215 0.12 0.23 0.06 0.06 0.055 0.045 0 0 0.005 0.01
 0.225 0.21 0.22 0.13 0.11 0.02 0.05 0.02 0.01 0 0.005 0
 0.215 0.26 0.235 0.12 0.03 0.085 0.03 0.015 0.005 0 0.005 0
# olc_fsh

# wt_fsh
 0.000530656 0.00119633 0.00205827 0.00303499 0.00405521 0.0050647 0.00602623 0.00691692 0.00772489 0.00844611 0.00908185 0.0096367
 0.000530656 0.00119633 0.00205827 0.00303499 0.00405521 0.0050647 0.00602623 0.00691692 0.00772489 0.00844611 0.00908185 0.0096367
 0.000530656 0.00119633 0.00205827 0.00303499 0.00405521 0.0050647 0.00602623 0.00691692 0.00772489 0.00844611 0.00908185 0.0096367
 0.000530656 0.00119633 0.00205827 0.00303499 0.00405521 0.0050647 0.00602623 0.00691692 0.00772489 0.00844611 0.00908185 0.0096367
 0.000530656 0.00119633 0.00205827 0.00303499 0.00405521 0.0050647 0.00602623 0.00691692 0.00772489 0.00844611 0.00908185 0.0096367
 0.000530656 0.00119633 0.00205827 0.00303499 0.00405521 0.0050647 0.00602623 0.00691692 0.00772489 0.00844611 0.00908185 0.0096367
 0.000530656 0.00119633 0.00205827 0.00303499 0.00405521 0.0050647 0.00602623 0.00691692 0.00772489 0.00844611 0.00908185 0.0096367
 0.000530656 0.00119633 0.00205827 0.00303499 0.00405521 0.0050647 0.00602623 0.00691692 0.00772489 0.00844611 0.00908185 0.0096367
 0.000530656 0.00119633 0.00205827 0.00303499 0.00405521 0.0050647 0.00602623 0.00691692 0.00772489 0.00844611 0.00908185 0.0096367
 0.000530656 0.00119633 0.00205827 0.00303499 0.00405521 0.0050647 0.00602623 0.00691692 0.00772489 0.00844611 0.00908185 0.0096367
 0.000530656 0.00119633 0.00205827 0.00303499 0.00405521 0.0050647 0.00602623 0.00691692 0.00772489 0.00844611 0.00908185 0.0096367
 0.000530656 0.00119633 0.00205827 0.00303499 0.00405521 0.0050647 0.00602623 0.00691692 0.00772489 0.00844611 0.00908185 0.0096367
 0.000530656 0.00119633 0.00205827 0.00303499 0.00405521 0.0050647 0.00602623 0.00691692 0.00772489 0.00844611 0.00908185 0.0096367
 0.000530656 0.00119633 0.00205827 0.00303499 0.00405521 0.0050647 0.00602623 0.00691692 0.00772489 0.00844611 0.00908185 0.0096367
 0.000530656 0.00119633 0.00205827 0.00303499 0.00405521 0.0050647 0.00602623 0.00691692 0.00772489 0.00844611 0.00908185 0.0096367
 0.000530656 0.00119633 0.00205827 0.00303499 0.00405521 0.0050647 0.00602623 0.00691692 0.00772489 0.00844611 0.00908185 0.0096367
 0.000530656 0.00119633 0.00205827 0.00303499 0.00405521 0.0050647 0.00602623 0.00691692 0.00772489 0.00844611 0.00908185 0.0096367
 0.000530656 0.00119633 0.00205827 0.00303499 0.00405521 0.0050647 0.00602623 0.00691692 0.00772489 0.00844611 0.00908185 0.0096367
 0.000530656 0.00119633 0.00205827 0.00303499 0.00405521 0.0050647 0.00602623 0.00691692 0.00772489 0.00844611 0.00908185 0.0096367
 0.000530656 0.00119633 0.00205827 0.00303499 0.00405521 0.0050647 0.00602623 0.00691692 0.00772489 0.00844611 0.00908185 0.0096367
 0.000530656 0.00119633 0.00205827 0.00303499 0.00405521 0.0050647 0.00602623 0.00691692 0.00772489 0.00844611 0.00908185 0.0096367
 0.000530656 0.00119633 0.00205827 0.00303499 0.00405521 0.0050647 0.00602623 0.00691692 0.00772489 0.00844611 0.00908185 0.0096367
 0.000530656 0.00119633 0.00205827 0.00303499 0.00405521 0.0050647 0.00602623 0.00691692 0.00772489 0.00844611 0.00908185 0.0096367
 0.000530656 0.00119633 0.00205827 0.00303499 0.00405521 0.0050647 0.00602623 0.00691692 0.00772489 0.00844611 0.00908185 0.0096367
 0.000530656 0.00119633 0.00205827 0.00303499 0.00405521 0.0050647 0.00602623 0.00691692 0.00772489 0.00844611 0.00908185 0.0096367
 0.000530656 0.00119633 0.00205827 0.00303499 0.00405521 0.0050647 0.00602623 0.00691692 0.00772489 0.00844611 0.00908185 0.0096367
 0.000530656 0.00119633 0.00205827 0.00303499 0.00405521 0.0050647 0.00602623 0.00691692 0.00772489 0.00844611 0.00908185 0.0096367
 0.000530656 0.00119633 0.00205827 0.00303499 0.00405521 0.0050647 0.00602623 0.00691692 0.00772489 0.00844611 0.00908185 0.0096367
 0.000530656 0.00119633 0.00205827 0.00303499 0.00405521 0.0050647 0.00602623 0.00691692 0.00772489 0.00844611 0.00908185 0.0096367
 0.000530656 0.00119633 0.00205827 0.00303499 0.00405521 0.0050647 0.00602623 0.00691692 0.00772489 0.00844611 0.00908185 0.0096367
# nyrs_ind_age
 30
# yrs_ind_age
 1 2 3 4 5 6 7 8 9 10 11 12 13 14 15 16 17 18 19 20 21 22 23 24 25 26 27 28 29 30
# n_sample_ind_age
 200 200 200 200 200 200 200 200 200 200 200 200 200 200 200 200 200 200 200 200 200 200 200 200 200 200 200 200 200 200
# oac_ind
 0.05 0.16 0.11 0.135 0.095 0.055 0.09 0.06 0.035 0.02 0.035 0.155
 0.055 0.115 0.155 0.085 0.11 0.09 0.09 0.06 0.05 0.025 0.035 0.13
 0.035 0.11 0.195 0.145 0.095 0.075 0.065 0.065 0.03 0.03 0.025 0.13
 0.095 0.12 0.175 0.135 0.075 0.105 0.035 0.05 0.045 0.035 0.01 0.12
 0.1 0.11 0.115 0.17 0.08 0.07 0.07 0.055 0.04 0.025 0.045 0.12
 0.075 0.225 0.14 0.125 0.105 0.07 0.05 0.02 0.04 0.02 0.025 0.105
 0.045 0.19 0.14 0.1 0.12 0.095 0.06 0.045 0.05 0.03 0.015 0.11
 0.065 0.11 0.205 0.205 0.065 0.075 0.075 0.055 0.05 0.01 0.025 0.06
 0.065 0.19 0.125 0.145 0.15 0.04 0.04 0.045 0.04 0.03 0.03 0.1
 0.105 0.17 0.16 0.125 0.11 0.095 0.05 0.05 0.03 0.02 0.02 0.065
 0.06 0.23 0.16 0.125 0.085 0.09 0.055 0.045 0.025 0.035 0.02 0.07
 0.03 0.155 0.18 0.11 0.135 0.055 0.09 0.08 0.025 0.04 0.025 0.075
 0.07 0.16 0.215 0.175 0.07 0.075 0.05 0.07 0.02 0.02 0.015 0.06
 0.12 0.155 0.19 0.1 0.115 0.075 0.035 0.05 0.03 0.06 0.025 0.045
 0.105 0.23 0.185 0.07 0.125 0.06 0.045 0.05 0.025 0.005 0.03 0.07
 0.065 0.185 0.23 0.15 0.09 0.11 0.03 0.05 0.025 0.025 0.02 0.02
 0.07 0.255 0.155 0.175 0.075 0.02 0.06 0.045 0.03 0.025 0.005 0.085
 0.065 0.22 0.245 0.12 0.09 0.06 0.055 0.03 0.04 0.025 0.005 0.045
 0.08 0.2 0.245 0.125 0.125 0.085 0.04 0.025 0.015 0.005 0.015 0.04
 0.105 0.2 0.155 0.185 0.115 0.065 0.045 0.055 0.015 0.005 0.015 0.04
 0.185 0.16 0.18 0.165 0.13 0.065 0.035 0.03 0.005 0.005 0.005 0.035
 0.135 0.325 0.175 0.13 0.065 0.055 0.035 0.025 0.01 0.015 0.01 0.02
 0.095 0.225 0.305 0.13 0.1 0.02 0.03 0.04 0.03 0.005 0 0.02
 0.105 0.2 0.215 0.195 0.085 0.075 0.035 0.04 0.01 0 0.015 0.025
 0.18 0.24 0.135 0.18 0.1 0.065 0.025 0.01 0.02 0.02 0.01 0.015
 0.095 0.34 0.19 0.14 0.1 0.05 0.025 0.045 0 0.01 0 0.005
 0.11 0.175 0.315 0.095 0.12 0.09 0.04 0.025 0.01 0 0 0.02
 0.155 0.26 0.18 0.16 0.07 0.055 0.045 0.035 0.015 0 0.01 0.015
 0.2 0.28 0.19 0.095 0.12 0.035 0.035 0.035 0.005 0.005 0 0
 0.14 0.265 0.27 0.145 0.07 0.055 0.015 0.01 0.02 0.005 0 0.005
# olc_ind

# obs_lse_ind
 0.198042 0.198042 0.198042 0.198042 0.198042 0.198042 0.198042 0.198042 0.198042 0.198042 0.198042 0.198042 0.198042 0.198042 0.198042 0.198042 0.198042 0.198042 0.198042 0.198042 0.198042 0.198042 0.198042 0.198042 0.198042 0.198042 0.198042 0.198042 0.198042 0.198042
# xages_fsh
 0 0 0 0 0 0 0 0 0 0 0 0
# xages_fsh
 0 0.0909091 0.181818 0.272727 0.363636 0.454545 0.545455 0.636364 0.727273 0.818182 0.909091 1
# xnodes_fsh

Yrs fsh_sel change:  1 0 0 0 0 0 0 0 0 0 0 0 0 0 0 0 0 0 0 0 0 0 0 0 0 0 0 0 0
Yrs ind_sel change:  1 0 0 0 0 0 0 0 0 0 0 0 0 0 0 0 0 0 0 0 0 0 0 0 0 0 0 0 0
# steepnessprior
0.75
# sigmarprior
0.2
#  SSB estimated in styr endyr: -12 28 
#  Rec estimated in styr endyr: -10 30 
#  SR Curve fit  in styr endyr: 1 30 
#             Model styr endyr: 1 30 
# qprior
 3.48998e-007
# q_power_prior 
 1 
# cv_catchbiomass 
0.05 
# CatchbiomassPen 
200 
# Number of projection years 
5 
# offset_fsh
 13394.9
# offset_ind
 13089.8
Mean Catch
1276.87
R_guess 
13.8155
# nfsh
1
# n_sel_ch_fsh
 1
# nselages_fsh
 11
# phase_selcoff_fsh
 -1
logRzero 13.8155
logmeanrec 13.8155
exp(log_sigmarprior 0.2
Fish sel phase: -1 OM1
Fixing fishery sel to
1
Fixing fishery sel to
1
Srvy sel phase: -1
Fixing survey_index1 indices sel to
1
Fixing index sel to
1
# logsel_slp_in_indv
 0.693147
Leaving parameter init secton
# M
 0.2 0.2 0.2 0.2 0.2 0.2 0.2 0.2 0.2 0.2 0.2 0.2
 0.2 0.2 0.2 0.2 0.2 0.2 0.2 0.2 0.2 0.2 0.2 0.2
 0.2 0.2 0.2 0.2 0.2 0.2 0.2 0.2 0.2 0.2 0.2 0.2
 0.2 0.2 0.2 0.2 0.2 0.2 0.2 0.2 0.2 0.2 0.2 0.2
 0.2 0.2 0.2 0.2 0.2 0.2 0.2 0.2 0.2 0.2 0.2 0.2
 0.2 0.2 0.2 0.2 0.2 0.2 0.2 0.2 0.2 0.2 0.2 0.2
 0.2 0.2 0.2 0.2 0.2 0.2 0.2 0.2 0.2 0.2 0.2 0.2
 0.2 0.2 0.2 0.2 0.2 0.2 0.2 0.2 0.2 0.2 0.2 0.2
 0.2 0.2 0.2 0.2 0.2 0.2 0.2 0.2 0.2 0.2 0.2 0.2
 0.2 0.2 0.2 0.2 0.2 0.2 0.2 0.2 0.2 0.2 0.2 0.2
 0.2 0.2 0.2 0.2 0.2 0.2 0.2 0.2 0.2 0.2 0.2 0.2
 0.2 0.2 0.2 0.2 0.2 0.2 0.2 0.2 0.2 0.2 0.2 0.2
 0.2 0.2 0.2 0.2 0.2 0.2 0.2 0.2 0.2 0.2 0.2 0.2
 0.2 0.2 0.2 0.2 0.2 0.2 0.2 0.2 0.2 0.2 0.2 0.2
 0.2 0.2 0.2 0.2 0.2 0.2 0.2 0.2 0.2 0.2 0.2 0.2
 0.2 0.2 0.2 0.2 0.2 0.2 0.2 0.2 0.2 0.2 0.2 0.2
 0.2 0.2 0.2 0.2 0.2 0.2 0.2 0.2 0.2 0.2 0.2 0.2
 0.2 0.2 0.2 0.2 0.2 0.2 0.2 0.2 0.2 0.2 0.2 0.2
 0.2 0.2 0.2 0.2 0.2 0.2 0.2 0.2 0.2 0.2 0.2 0.2
 0.2 0.2 0.2 0.2 0.2 0.2 0.2 0.2 0.2 0.2 0.2 0.2
 0.2 0.2 0.2 0.2 0.2 0.2 0.2 0.2 0.2 0.2 0.2 0.2
 0.2 0.2 0.2 0.2 0.2 0.2 0.2 0.2 0.2 0.2 0.2 0.2
 0.2 0.2 0.2 0.2 0.2 0.2 0.2 0.2 0.2 0.2 0.2 0.2
 0.2 0.2 0.2 0.2 0.2 0.2 0.2 0.2 0.2 0.2 0.2 0.2
 0.2 0.2 0.2 0.2 0.2 0.2 0.2 0.2 0.2 0.2 0.2 0.2
 0.2 0.2 0.2 0.2 0.2 0.2 0.2 0.2 0.2 0.2 0.2 0.2
 0.2 0.2 0.2 0.2 0.2 0.2 0.2 0.2 0.2 0.2 0.2 0.2
 0.2 0.2 0.2 0.2 0.2 0.2 0.2 0.2 0.2 0.2 0.2 0.2
 0.2 0.2 0.2 0.2 0.2 0.2 0.2 0.2 0.2 0.2 0.2 0.2
 0.2 0.2 0.2 0.2 0.2 0.2 0.2 0.2 0.2 0.2 0.2 0.2
# mean_log_rec
13.7606
# log_Rzero
13.8227
# rec_dev
 -0.0244494 -0.0232359 -0.113318 -0.0575892 -0.070869 0.00962741 0.0963372 0.0366783 0.0847553 0.0659984 0.0482305 0.0963603 0.242781 0.0660586 -0.124836 0.388836 0.234379 0.0221371 0.152498 -0.0176205 0.097229 0.00934463 -0.121539 -0.0747935 0.0393941 -0.102376 0.0511282 0.0208861 -0.343529 -0.212335 -0.311733 0.0585134 -0.0247704 -0.275596 -0.409346 -0.0660051 -0.60363 -0.297588 -0.150302 -0.076526 -0.123597
# fmort
 0.00918556 0.0265826 0.0442976 0.0604585 0.0479791 0.0871405 0.087823 0.184149 0.107983 0.133105 0.150706 0.162766 0.118514 0.173971 0.185892 0.166696 0.327914 0.271334 0.270656 0.269653 0.377738 0.278517 0.45059 0.377658 0.369406 0.339344 0.332692 0.470839 0.351666 0.535825
# rec_dev_future
 0 0 0 0 0
