AMAK;August_2013
# styr
1
# endyr
30
# rec_age
1
# oldest_age
12
# nlength
81
# len_bins
 10 11 12 13 14 15 16 17 18 19 20 21 22 23 24 25 26 27 28 29 30 31 32 33 34 35 36 37 38 39 40 41 42 43 44 45 46 47 48 49 50 51 52 53 54 55 56 57 58 59 60 61 62 63 64 65 66 67 68 69 70 71 72 73 74 75 76 77 78 79 80 81 82 83 84 85 86 87 88 89 90
# datafile_name
amak_data.dat
# model_name
OM_1
# styr
1
# endyr
30
# rec_age
1
# oldest_age
12
# nfsh
1
# fshname
OM1
# catch_bio_in
 162.112 467.867 757.641 998.825 761.98 1318.71 1292.61 2485.43 1321.01 1544.42 1622.79 1605.93 1109.22 1518.03 1502.73 1274.05 2255.06 1612.15 1451.14 1315.14 1621.07 1074.87 1635.19 1205.5 1127.69 968.97 921.798 1211.25 873.735 1282.42
# catch_bio_sd_in
 0.01 0.01 0.01 0.01 0.01 0.01 0.01 0.01 0.01 0.01 0.01 0.01 0.01 0.01 0.01 0.01 0.01 0.01 0.01 0.01 0.01 0.01 0.01 0.01 0.01 0.01 0.01 0.01 0.01 0.01
# nyrs_fsh_age
 30
# nyrs_fsh_length
 0
# yrs_fsh_age_in
 1 2 3 4 5 6 7 8 9 10 11 12 13 14 15 16 17 18 19 20 21 22 23 24 25 26 27 28 29 30
# yrs_fsh_length_in

# n_sample_fsh_length_in

# olc_fsh_in

# nind
1
# indname
survey_index1
# nyrs_ind
 30
# yrs_ind_in
 1 2 3 4 5 6 7 8 9 10 11 12 13 14 15 16 17 18 19 20 21 22 23 24 25 26 27 28 29 30
# mo_ind
 1
# obs_ind_in
 1.46988 1.61048 1.56029 1.48574 1.29406 1.4458 1.52592 1.15136 1.16753 1.17753 1.07472 1.45574 1.12124 0.983751 1.06649 0.781125 1.02728 0.858843 0.777973 0.727666 0.694618 0.742832 0.828014 0.575249 0.558647 0.504647 0.599603 0.480173 0.526295 0.595535
# obs_se_ind_in
 0.293976 0.322096 0.312057 0.297149 0.258812 0.289161 0.305184 0.230272 0.233507 0.235506 0.214945 0.291147 0.224248 0.19675 0.213298 0.156225 0.205456 0.171769 0.155595 0.145533 0.138924 0.148566 0.165603 0.11505 0.111729 0.100929 0.119921 0.0960347 0.105259 0.119107
# nyrs_ind_age
 30
# nyrs_ind_length
 0
# yrs_ind_age_in
 1 2 3 4 5 6 7 8 9 10 11 12 13 14 15 16 17 18 19 20 21 22 23 24 25 26 27 28 29 30
# yrs_ind_length_in

# yrs_ind_age_in
 1 2 3 4 5 6 7 8 9 10 11 12 13 14 15 16 17 18 19 20 21 22 23 24 25 26 27 28 29 30
# n_sample_ind_length_in

# olc_ind_in

# oac_ind_in
 0.04 0.095 0.15 0.16 0.14 0.09 0.045 0.06 0.03 0.035 0.035 0.12
 0.075 0.16 0.16 0.12 0.08 0.11 0.055 0.045 0.035 0.03 0.02 0.11
 0.06 0.135 0.17 0.155 0.13 0.035 0.095 0.075 0.03 0.02 0.015 0.08
 0.025 0.14 0.115 0.175 0.095 0.11 0.085 0.07 0.04 0.03 0.02 0.095
 0.09 0.115 0.13 0.155 0.09 0.08 0.055 0.055 0.035 0.02 0.045 0.13
 0.045 0.185 0.075 0.095 0.155 0.09 0.065 0.065 0.07 0.03 0.035 0.09
 0.075 0.17 0.175 0.085 0.105 0.08 0.035 0.035 0.045 0.03 0.035 0.13
 0.09 0.125 0.155 0.15 0.08 0.095 0.085 0.04 0.02 0.04 0.04 0.08
 0.085 0.145 0.17 0.195 0.135 0.035 0.04 0.035 0.035 0.025 0.01 0.09
 0.105 0.17 0.175 0.1 0.13 0.08 0.06 0.05 0.03 0.035 0.025 0.04
 0.075 0.215 0.15 0.105 0.08 0.065 0.085 0.06 0.035 0.035 0.025 0.07
 0.065 0.18 0.175 0.15 0.115 0.065 0.105 0.075 0.01 0.02 0.01 0.03
 0.085 0.14 0.215 0.16 0.1 0.08 0.035 0.035 0.03 0.005 0.02 0.095
 0.08 0.185 0.165 0.11 0.125 0.07 0.055 0.045 0.035 0.025 0.015 0.09
 0.08 0.18 0.205 0.14 0.12 0.09 0.05 0.055 0.015 0.02 0.02 0.025
 0.09 0.17 0.195 0.16 0.115 0.09 0.035 0.045 0.015 0.015 0.025 0.045
 0.155 0.21 0.12 0.165 0.1 0.06 0.07 0.035 0.03 0.01 0.005 0.04
 0.115 0.21 0.265 0.08 0.095 0.06 0.06 0.035 0.015 0.025 0.02 0.02
 0.095 0.23 0.215 0.18 0.08 0.065 0.03 0.035 0.035 0.015 0 0.02
 0.09 0.17 0.21 0.19 0.15 0.065 0.055 0.025 0.005 0.015 0.01 0.015
 0.125 0.195 0.24 0.125 0.125 0.075 0.035 0.015 0.015 0.015 0.01 0.025
 0.145 0.27 0.15 0.145 0.05 0.055 0.075 0.03 0.04 0.03 0 0.01
 0.05 0.265 0.26 0.155 0.065 0.06 0.06 0.035 0.01 0.02 0.005 0.015
 0.13 0.195 0.28 0.165 0.08 0.02 0.025 0.04 0.03 0.02 0.005 0.01
 0.11 0.21 0.21 0.23 0.08 0.045 0.04 0.03 0.005 0.015 0.005 0.02
 0.105 0.285 0.195 0.135 0.115 0.105 0.02 0.005 0.005 0.01 0.005 0.015
 0.09 0.185 0.27 0.155 0.09 0.07 0.075 0.03 0.015 0 0.01 0.01
 0.145 0.255 0.15 0.215 0.09 0.055 0.025 0.035 0.01 0 0 0.02
 0.16 0.305 0.175 0.11 0.12 0.02 0.02 0.045 0.03 0.005 0.005 0.005
 0.105 0.295 0.24 0.125 0.065 0.07 0.035 0.02 0.025 0.005 0.005 0.01
# wt_ind
 1 1 1 1 1 1 1 1 1 1 1 1
 1 1 1 1 1 1 1 1 1 1 1 1
 1 1 1 1 1 1 1 1 1 1 1 1
 1 1 1 1 1 1 1 1 1 1 1 1
 1 1 1 1 1 1 1 1 1 1 1 1
 1 1 1 1 1 1 1 1 1 1 1 1
 1 1 1 1 1 1 1 1 1 1 1 1
 1 1 1 1 1 1 1 1 1 1 1 1
 1 1 1 1 1 1 1 1 1 1 1 1
 1 1 1 1 1 1 1 1 1 1 1 1
 1 1 1 1 1 1 1 1 1 1 1 1
 1 1 1 1 1 1 1 1 1 1 1 1
 1 1 1 1 1 1 1 1 1 1 1 1
 1 1 1 1 1 1 1 1 1 1 1 1
 1 1 1 1 1 1 1 1 1 1 1 1
 1 1 1 1 1 1 1 1 1 1 1 1
 1 1 1 1 1 1 1 1 1 1 1 1
 1 1 1 1 1 1 1 1 1 1 1 1
 1 1 1 1 1 1 1 1 1 1 1 1
 1 1 1 1 1 1 1 1 1 1 1 1
 1 1 1 1 1 1 1 1 1 1 1 1
 1 1 1 1 1 1 1 1 1 1 1 1
 1 1 1 1 1 1 1 1 1 1 1 1
 1 1 1 1 1 1 1 1 1 1 1 1
 1 1 1 1 1 1 1 1 1 1 1 1
 1 1 1 1 1 1 1 1 1 1 1 1
 1 1 1 1 1 1 1 1 1 1 1 1
 1 1 1 1 1 1 1 1 1 1 1 1
 1 1 1 1 1 1 1 1 1 1 1 1
 1 1 1 1 1 1 1 1 1 1 1 1
# wt_pop
 0.000530656 0.00119633 0.00205827 0.00303499 0.00405521 0.0050647 0.00602623 0.00691692 0.00772489 0.00844611 0.00908185 0.0096367
# maturity
 0.0229774 0.320821 0.904651 0.99478 0.999739 0.999987 0.999999 1 1 1 1 1
# spawnmo
1
# age_err
 1 0 0 0 0 0 0 0 0 0 0 0
 0 1 0 0 0 0 0 0 0 0 0 0
 0 0 1 0 0 0 0 0 0 0 0 0
 0 0 0 1 0 0 0 0 0 0 0 0
 0 0 0 0 1 0 0 0 0 0 0 0
 0 0 0 0 0 1 0 0 0 0 0 0
 0 0 0 0 0 0 1 0 0 0 0 0
 0 0 0 0 0 0 0 1 0 0 0 0
 0 0 0 0 0 0 0 0 1 0 0 0
 0 0 0 0 0 0 0 0 0 1 0 0
 0 0 0 0 0 0 0 0 0 0 1 0
 0 0 0 0 0 0 0 0 0 0 0 1
# cntrlfile_name
C:\Users\bai.li\Desktop\s1_test\AMAK\s141\amak.dat
# Map shared selectivity: 
# sel_map
 1 2
 1 1
# datafile_name
amak_data.dat
# model_name
OM_1
# SrType
2
# use_age_err
0
# retro
0
# sigmarprior
0.2
# cvsigmarprior
0.25
# phase_sigmar
-3
# styr_rec_est
1
# endyr_rec_est
30
# Linfprior
80
# cvLinfprior
0.25
# kprior
0.18
# cvkprior
0.25
# Loprior
27.688
# cvLoprior
0.25
# sdageprior
0.1
# cvsdageprior
0.25
# natmortprior
0.2
# cvnatmortprior
0.25
# phase_M
-4
# npars_Mage
0
# ages_M_changes

# Mage_in

# phase_Mage
-5
# phase_rw_M
0
# npars_rw_M
0
# yrs_rw_M

# sigma_rw_M

# qprior
 3.48998e-007
# cvqprior
 1
# phase_q
 1
# q_power_prior
 1
# cvq_power_prior
 0.2
# phase_q_power
 -4
# phase_rw_q
 -1
# npars_rw_q
 0
# yrs_rw_q

# sigma_rw_q

# q_age_min
 1
# q_age_max
 12
# q_age_min
 1
# q_age_max
 12
# fsh_sel_opt(k)
2
# phase_sel_fsh(k)
-2
# n_sel_ch_fsh(k)
1
# sel_slp_in_fsh(k)(1,n_sel_ch_fsh(k))
 1
# sel_inf_in_fsh(k)(1,n_sel_ch_fsh(k))
 2
# logsel_slp_in_fsh(k)(1,n_sel_ch_fsh(k))
 0
# yrs_sel_ch_fsh(k)(1,n_sel_ch_fsh(k))
 1

Survey survey_index1
# ind_sel_opt(k)
2
# indname(k)
survey_index1
# nselages_in_ind(k)
11
# phase_sel_ind(k)
-2
# sel_change_in_ind(k)
 1 0 0 0 0 0 0 0 0 0 0 0 0 0 0 0 0 0 0 0 0 0 0 0 0 0 0 0 0 0
# n_sel_ch_ind(k)
1
# yrs_sel_ch_ind(k)(1,n_sel_ch_ind(k))
 1
# sel_slp_in_ind(k,1)
2
# sel_inf_in_ind(k,1)
1.5
# logsel_slp_in_ind(k,1)
0.693147
# logsel_slp_in_indv(k)
0.693147
survey_index1 ind sel opt 2  1 0 0 0 0 0 0 0 0 0 0 0 0 0 0 0 0 0 0 0 0 0 0 0 0 0 0 0 0 0
Phase indices Sel_Coffs:  -1
 Test: 1.23457e+008
# Fshry Selages:  11
# Srvy  Selages:  11
# Phase for age-spec fishery  -1
# Phase for logistic fishery  -2
# Phase for dble logistic fishery  -1
# Phase for age-spec indices   -1
# Phase for logistic indices   -2
# Phase for dble logistic ind  -1
# Curv_pen_fsh: 
 0
# Curv_pen_ind: 
 0
# styr_fut
31
# endyr_fut
35
# nyrs_fsh_age
 30
# nyrs_fsh_age
 30
# yrs_fsh_age
 1 2 3 4 5 6 7 8 9 10 11 12 13 14 15 16 17 18 19 20 21 22 23 24 25 26 27 28 29 30
# n_sample_fsh_age
 200 200 200 200 200 200 200 200 200 200 200 200 200 200 200 200 200 200 200 200 200 200 200 200 200 200 200 200 200 200
# oac_fsh
 0.075 0.09 0.065 0.105 0.13 0.12 0.1 0.06 0.045 0.025 0.025 0.16
 0.09 0.08 0.135 0.11 0.085 0.105 0.095 0.06 0.025 0.045 0.025 0.145
 0.05 0.13 0.105 0.105 0.135 0.08 0.07 0.035 0.05 0.055 0.035 0.15
 0.04 0.115 0.205 0.075 0.085 0.1 0.07 0.045 0.04 0.035 0.03 0.16
 0.11 0.11 0.11 0.155 0.11 0.08 0.04 0.045 0.05 0.03 0.015 0.145
 0.075 0.15 0.08 0.105 0.145 0.065 0.09 0.05 0.05 0.06 0.04 0.09
 0.115 0.145 0.165 0.075 0.095 0.09 0.075 0.035 0.045 0.035 0.04 0.085
 0.065 0.095 0.14 0.185 0.09 0.045 0.13 0.045 0.045 0.02 0.02 0.12
 0.105 0.125 0.105 0.165 0.11 0.065 0.085 0.06 0.055 0.035 0.01 0.08
 0.09 0.085 0.18 0.135 0.095 0.105 0.06 0.045 0.055 0.025 0.015 0.11
 0.075 0.145 0.115 0.14 0.11 0.095 0.095 0.04 0.06 0.04 0.025 0.06
 0.085 0.15 0.14 0.135 0.145 0.08 0.075 0.06 0.015 0.015 0.01 0.09
 0.11 0.15 0.2 0.16 0.07 0.09 0.06 0.07 0.015 0.005 0.025 0.045
 0.1 0.14 0.135 0.15 0.11 0.08 0.065 0.065 0.065 0.04 0.015 0.035
 0.125 0.175 0.165 0.1 0.115 0.08 0.065 0.05 0.015 0.035 0.015 0.06
 0.1 0.115 0.15 0.125 0.16 0.1 0.07 0.07 0.02 0.005 0.02 0.065
 0.095 0.14 0.18 0.155 0.105 0.075 0.06 0.045 0.035 0.025 0.01 0.075
 0.1 0.205 0.235 0.105 0.075 0.085 0.07 0.025 0.035 0.015 0.01 0.04
 0.075 0.175 0.205 0.155 0.125 0.085 0.04 0.05 0.04 0.005 0.015 0.03
 0.095 0.145 0.155 0.185 0.155 0.05 0.04 0.045 0.05 0 0.025 0.055
 0.155 0.195 0.2 0.135 0.125 0.06 0.045 0.025 0.02 0.005 0.01 0.025
 0.14 0.27 0.125 0.1 0.11 0.105 0.045 0.04 0.01 0.025 0 0.03
 0.175 0.18 0.24 0.09 0.115 0.045 0.04 0.035 0.035 0.02 0.01 0.015
 0.12 0.17 0.21 0.215 0.1 0.045 0.04 0.04 0.03 0.005 0.01 0.015
 0.155 0.135 0.145 0.215 0.14 0.095 0.035 0.015 0.025 0.015 0 0.025
 0.14 0.215 0.14 0.17 0.15 0.065 0.045 0.015 0.02 0.025 0 0.015
 0.185 0.145 0.25 0.14 0.085 0.09 0.035 0.01 0.02 0 0.025 0.015
 0.23 0.21 0.145 0.23 0.07 0.03 0.03 0.025 0.01 0 0 0.02
 0.2 0.25 0.16 0.13 0.095 0.055 0.05 0.01 0.03 0 0.005 0.015
 0.115 0.27 0.255 0.125 0.045 0.08 0.055 0.015 0.025 0.005 0 0.01
# olc_fsh

# wt_fsh
 0.000530656 0.00119633 0.00205827 0.00303499 0.00405521 0.0050647 0.00602623 0.00691692 0.00772489 0.00844611 0.00908185 0.0096367
 0.000530656 0.00119633 0.00205827 0.00303499 0.00405521 0.0050647 0.00602623 0.00691692 0.00772489 0.00844611 0.00908185 0.0096367
 0.000530656 0.00119633 0.00205827 0.00303499 0.00405521 0.0050647 0.00602623 0.00691692 0.00772489 0.00844611 0.00908185 0.0096367
 0.000530656 0.00119633 0.00205827 0.00303499 0.00405521 0.0050647 0.00602623 0.00691692 0.00772489 0.00844611 0.00908185 0.0096367
 0.000530656 0.00119633 0.00205827 0.00303499 0.00405521 0.0050647 0.00602623 0.00691692 0.00772489 0.00844611 0.00908185 0.0096367
 0.000530656 0.00119633 0.00205827 0.00303499 0.00405521 0.0050647 0.00602623 0.00691692 0.00772489 0.00844611 0.00908185 0.0096367
 0.000530656 0.00119633 0.00205827 0.00303499 0.00405521 0.0050647 0.00602623 0.00691692 0.00772489 0.00844611 0.00908185 0.0096367
 0.000530656 0.00119633 0.00205827 0.00303499 0.00405521 0.0050647 0.00602623 0.00691692 0.00772489 0.00844611 0.00908185 0.0096367
 0.000530656 0.00119633 0.00205827 0.00303499 0.00405521 0.0050647 0.00602623 0.00691692 0.00772489 0.00844611 0.00908185 0.0096367
 0.000530656 0.00119633 0.00205827 0.00303499 0.00405521 0.0050647 0.00602623 0.00691692 0.00772489 0.00844611 0.00908185 0.0096367
 0.000530656 0.00119633 0.00205827 0.00303499 0.00405521 0.0050647 0.00602623 0.00691692 0.00772489 0.00844611 0.00908185 0.0096367
 0.000530656 0.00119633 0.00205827 0.00303499 0.00405521 0.0050647 0.00602623 0.00691692 0.00772489 0.00844611 0.00908185 0.0096367
 0.000530656 0.00119633 0.00205827 0.00303499 0.00405521 0.0050647 0.00602623 0.00691692 0.00772489 0.00844611 0.00908185 0.0096367
 0.000530656 0.00119633 0.00205827 0.00303499 0.00405521 0.0050647 0.00602623 0.00691692 0.00772489 0.00844611 0.00908185 0.0096367
 0.000530656 0.00119633 0.00205827 0.00303499 0.00405521 0.0050647 0.00602623 0.00691692 0.00772489 0.00844611 0.00908185 0.0096367
 0.000530656 0.00119633 0.00205827 0.00303499 0.00405521 0.0050647 0.00602623 0.00691692 0.00772489 0.00844611 0.00908185 0.0096367
 0.000530656 0.00119633 0.00205827 0.00303499 0.00405521 0.0050647 0.00602623 0.00691692 0.00772489 0.00844611 0.00908185 0.0096367
 0.000530656 0.00119633 0.00205827 0.00303499 0.00405521 0.0050647 0.00602623 0.00691692 0.00772489 0.00844611 0.00908185 0.0096367
 0.000530656 0.00119633 0.00205827 0.00303499 0.00405521 0.0050647 0.00602623 0.00691692 0.00772489 0.00844611 0.00908185 0.0096367
 0.000530656 0.00119633 0.00205827 0.00303499 0.00405521 0.0050647 0.00602623 0.00691692 0.00772489 0.00844611 0.00908185 0.0096367
 0.000530656 0.00119633 0.00205827 0.00303499 0.00405521 0.0050647 0.00602623 0.00691692 0.00772489 0.00844611 0.00908185 0.0096367
 0.000530656 0.00119633 0.00205827 0.00303499 0.00405521 0.0050647 0.00602623 0.00691692 0.00772489 0.00844611 0.00908185 0.0096367
 0.000530656 0.00119633 0.00205827 0.00303499 0.00405521 0.0050647 0.00602623 0.00691692 0.00772489 0.00844611 0.00908185 0.0096367
 0.000530656 0.00119633 0.00205827 0.00303499 0.00405521 0.0050647 0.00602623 0.00691692 0.00772489 0.00844611 0.00908185 0.0096367
 0.000530656 0.00119633 0.00205827 0.00303499 0.00405521 0.0050647 0.00602623 0.00691692 0.00772489 0.00844611 0.00908185 0.0096367
 0.000530656 0.00119633 0.00205827 0.00303499 0.00405521 0.0050647 0.00602623 0.00691692 0.00772489 0.00844611 0.00908185 0.0096367
 0.000530656 0.00119633 0.00205827 0.00303499 0.00405521 0.0050647 0.00602623 0.00691692 0.00772489 0.00844611 0.00908185 0.0096367
 0.000530656 0.00119633 0.00205827 0.00303499 0.00405521 0.0050647 0.00602623 0.00691692 0.00772489 0.00844611 0.00908185 0.0096367
 0.000530656 0.00119633 0.00205827 0.00303499 0.00405521 0.0050647 0.00602623 0.00691692 0.00772489 0.00844611 0.00908185 0.0096367
 0.000530656 0.00119633 0.00205827 0.00303499 0.00405521 0.0050647 0.00602623 0.00691692 0.00772489 0.00844611 0.00908185 0.0096367
# nyrs_ind_age
 30
# yrs_ind_age
 1 2 3 4 5 6 7 8 9 10 11 12 13 14 15 16 17 18 19 20 21 22 23 24 25 26 27 28 29 30
# n_sample_ind_age
 200 200 200 200 200 200 200 200 200 200 200 200 200 200 200 200 200 200 200 200 200 200 200 200 200 200 200 200 200 200
# oac_ind
 0.04 0.095 0.15 0.16 0.14 0.09 0.045 0.06 0.03 0.035 0.035 0.12
 0.075 0.16 0.16 0.12 0.08 0.11 0.055 0.045 0.035 0.03 0.02 0.11
 0.06 0.135 0.17 0.155 0.13 0.035 0.095 0.075 0.03 0.02 0.015 0.08
 0.025 0.14 0.115 0.175 0.095 0.11 0.085 0.07 0.04 0.03 0.02 0.095
 0.09 0.115 0.13 0.155 0.09 0.08 0.055 0.055 0.035 0.02 0.045 0.13
 0.045 0.185 0.075 0.095 0.155 0.09 0.065 0.065 0.07 0.03 0.035 0.09
 0.075 0.17 0.175 0.085 0.105 0.08 0.035 0.035 0.045 0.03 0.035 0.13
 0.09 0.125 0.155 0.15 0.08 0.095 0.085 0.04 0.02 0.04 0.04 0.08
 0.085 0.145 0.17 0.195 0.135 0.035 0.04 0.035 0.035 0.025 0.01 0.09
 0.105 0.17 0.175 0.1 0.13 0.08 0.06 0.05 0.03 0.035 0.025 0.04
 0.075 0.215 0.15 0.105 0.08 0.065 0.085 0.06 0.035 0.035 0.025 0.07
 0.065 0.18 0.175 0.15 0.115 0.065 0.105 0.075 0.01 0.02 0.01 0.03
 0.085 0.14 0.215 0.16 0.1 0.08 0.035 0.035 0.03 0.005 0.02 0.095
 0.08 0.185 0.165 0.11 0.125 0.07 0.055 0.045 0.035 0.025 0.015 0.09
 0.08 0.18 0.205 0.14 0.12 0.09 0.05 0.055 0.015 0.02 0.02 0.025
 0.09 0.17 0.195 0.16 0.115 0.09 0.035 0.045 0.015 0.015 0.025 0.045
 0.155 0.21 0.12 0.165 0.1 0.06 0.07 0.035 0.03 0.01 0.005 0.04
 0.115 0.21 0.265 0.08 0.095 0.06 0.06 0.035 0.015 0.025 0.02 0.02
 0.095 0.23 0.215 0.18 0.08 0.065 0.03 0.035 0.035 0.015 0 0.02
 0.09 0.17 0.21 0.19 0.15 0.065 0.055 0.025 0.005 0.015 0.01 0.015
 0.125 0.195 0.24 0.125 0.125 0.075 0.035 0.015 0.015 0.015 0.01 0.025
 0.145 0.27 0.15 0.145 0.05 0.055 0.075 0.03 0.04 0.03 0 0.01
 0.05 0.265 0.26 0.155 0.065 0.06 0.06 0.035 0.01 0.02 0.005 0.015
 0.13 0.195 0.28 0.165 0.08 0.02 0.025 0.04 0.03 0.02 0.005 0.01
 0.11 0.21 0.21 0.23 0.08 0.045 0.04 0.03 0.005 0.015 0.005 0.02
 0.105 0.285 0.195 0.135 0.115 0.105 0.02 0.005 0.005 0.01 0.005 0.015
 0.09 0.185 0.27 0.155 0.09 0.07 0.075 0.03 0.015 0 0.01 0.01
 0.145 0.255 0.15 0.215 0.09 0.055 0.025 0.035 0.01 0 0 0.02
 0.16 0.305 0.175 0.11 0.12 0.02 0.02 0.045 0.03 0.005 0.005 0.005
 0.105 0.295 0.24 0.125 0.065 0.07 0.035 0.02 0.025 0.005 0.005 0.01
# olc_ind

# obs_lse_ind
 0.198042 0.198042 0.198042 0.198042 0.198042 0.198042 0.198042 0.198042 0.198042 0.198042 0.198042 0.198042 0.198042 0.198042 0.198042 0.198042 0.198042 0.198042 0.198042 0.198042 0.198042 0.198042 0.198042 0.198042 0.198042 0.198042 0.198042 0.198042 0.198042 0.198042
# xages_fsh
 0 0 0 0 0 0 0 0 0 0 0 0
# xages_fsh
 0 0.0909091 0.181818 0.272727 0.363636 0.454545 0.545455 0.636364 0.727273 0.818182 0.909091 1
# xnodes_fsh

Yrs fsh_sel change:  1 0 0 0 0 0 0 0 0 0 0 0 0 0 0 0 0 0 0 0 0 0 0 0 0 0 0 0 0
Yrs ind_sel change:  1 0 0 0 0 0 0 0 0 0 0 0 0 0 0 0 0 0 0 0 0 0 0 0 0 0 0 0 0
# steepnessprior
0.75
# sigmarprior
0.2
#  SSB estimated in styr endyr: -12 28 
#  Rec estimated in styr endyr: -10 30 
#  SR Curve fit  in styr endyr: 1 30 
#             Model styr endyr: 1 30 
# qprior
 3.48998e-007
# q_power_prior 
 1 
# cv_catchbiomass 
0.05 
# CatchbiomassPen 
200 
# Number of projection years 
5 
# offset_fsh
 13455.2
# offset_ind
 13132.5
Mean Catch
1276.64
R_guess 
13.8155
# nfsh
1
# n_sel_ch_fsh
 1
# nselages_fsh
 11
# phase_selcoff_fsh
 -1
logRzero 13.8155
logmeanrec 13.8155
exp(log_sigmarprior 0.2
Fish sel phase: -1 OM1
Fixing fishery sel to
1
Fixing fishery sel to
1
Srvy sel phase: -1
Fixing survey_index1 indices sel to
1
Fixing index sel to
1
# logsel_slp_in_indv
 0.693147
Leaving parameter init secton
# M
 0.2 0.2 0.2 0.2 0.2 0.2 0.2 0.2 0.2 0.2 0.2 0.2
 0.2 0.2 0.2 0.2 0.2 0.2 0.2 0.2 0.2 0.2 0.2 0.2
 0.2 0.2 0.2 0.2 0.2 0.2 0.2 0.2 0.2 0.2 0.2 0.2
 0.2 0.2 0.2 0.2 0.2 0.2 0.2 0.2 0.2 0.2 0.2 0.2
 0.2 0.2 0.2 0.2 0.2 0.2 0.2 0.2 0.2 0.2 0.2 0.2
 0.2 0.2 0.2 0.2 0.2 0.2 0.2 0.2 0.2 0.2 0.2 0.2
 0.2 0.2 0.2 0.2 0.2 0.2 0.2 0.2 0.2 0.2 0.2 0.2
 0.2 0.2 0.2 0.2 0.2 0.2 0.2 0.2 0.2 0.2 0.2 0.2
 0.2 0.2 0.2 0.2 0.2 0.2 0.2 0.2 0.2 0.2 0.2 0.2
 0.2 0.2 0.2 0.2 0.2 0.2 0.2 0.2 0.2 0.2 0.2 0.2
 0.2 0.2 0.2 0.2 0.2 0.2 0.2 0.2 0.2 0.2 0.2 0.2
 0.2 0.2 0.2 0.2 0.2 0.2 0.2 0.2 0.2 0.2 0.2 0.2
 0.2 0.2 0.2 0.2 0.2 0.2 0.2 0.2 0.2 0.2 0.2 0.2
 0.2 0.2 0.2 0.2 0.2 0.2 0.2 0.2 0.2 0.2 0.2 0.2
 0.2 0.2 0.2 0.2 0.2 0.2 0.2 0.2 0.2 0.2 0.2 0.2
 0.2 0.2 0.2 0.2 0.2 0.2 0.2 0.2 0.2 0.2 0.2 0.2
 0.2 0.2 0.2 0.2 0.2 0.2 0.2 0.2 0.2 0.2 0.2 0.2
 0.2 0.2 0.2 0.2 0.2 0.2 0.2 0.2 0.2 0.2 0.2 0.2
 0.2 0.2 0.2 0.2 0.2 0.2 0.2 0.2 0.2 0.2 0.2 0.2
 0.2 0.2 0.2 0.2 0.2 0.2 0.2 0.2 0.2 0.2 0.2 0.2
 0.2 0.2 0.2 0.2 0.2 0.2 0.2 0.2 0.2 0.2 0.2 0.2
 0.2 0.2 0.2 0.2 0.2 0.2 0.2 0.2 0.2 0.2 0.2 0.2
 0.2 0.2 0.2 0.2 0.2 0.2 0.2 0.2 0.2 0.2 0.2 0.2
 0.2 0.2 0.2 0.2 0.2 0.2 0.2 0.2 0.2 0.2 0.2 0.2
 0.2 0.2 0.2 0.2 0.2 0.2 0.2 0.2 0.2 0.2 0.2 0.2
 0.2 0.2 0.2 0.2 0.2 0.2 0.2 0.2 0.2 0.2 0.2 0.2
 0.2 0.2 0.2 0.2 0.2 0.2 0.2 0.2 0.2 0.2 0.2 0.2
 0.2 0.2 0.2 0.2 0.2 0.2 0.2 0.2 0.2 0.2 0.2 0.2
 0.2 0.2 0.2 0.2 0.2 0.2 0.2 0.2 0.2 0.2 0.2 0.2
 0.2 0.2 0.2 0.2 0.2 0.2 0.2 0.2 0.2 0.2 0.2 0.2
# mean_log_rec
13.728
# log_Rzero
13.8067
# rec_dev
 -0.0850344 -0.067555 -0.149685 -0.0778956 -0.0648212 -0.0258755 0.0801706 0.218856 0.0399246 0.0607531 0.0425448 0.081908 0.303882 0.0540967 -0.195784 0.351945 0.278564 0.0174528 0.132512 0.0380948 0.138089 0.117527 -0.00181357 0.0390421 0.0381492 -0.107396 0.175326 0.162986 -0.143958 -0.225691 -0.247915 0.116405 0.0477465 -0.290599 -0.36248 -0.065728 -0.495921 -0.296725 -0.00131177 0.0146347 -0.339169
# fmort
 0.00945048 0.0275202 0.0455671 0.0622702 0.0492353 0.0889329 0.0919514 0.1937 0.113494 0.141279 0.159883 0.170751 0.12399 0.177473 0.188155 0.168534 0.329866 0.267778 0.261231 0.255196 0.348931 0.249885 0.407152 0.33084 0.328944 0.295473 0.287294 0.398498 0.295825 0.440947
# rec_dev_future
 0 0 0 0 0
