AMAK;August_2013
# styr
1
# endyr
30
# rec_age
1
# oldest_age
12
# nlength
81
# len_bins
 10 11 12 13 14 15 16 17 18 19 20 21 22 23 24 25 26 27 28 29 30 31 32 33 34 35 36 37 38 39 40 41 42 43 44 45 46 47 48 49 50 51 52 53 54 55 56 57 58 59 60 61 62 63 64 65 66 67 68 69 70 71 72 73 74 75 76 77 78 79 80 81 82 83 84 85 86 87 88 89 90
# datafile_name
amak_data.dat
# model_name
OM_1
# styr
1
# endyr
30
# rec_age
1
# oldest_age
12
# nfsh
1
# fshname
OM1
# catch_bio_in
 159.785 462.673 764.892 1000.13 767.118 1319.31 1296.92 2489.69 1329.62 1522.53 1619.76 1621.36 1105.02 1527.34 1507.72 1274.22 2268.47 1597.16 1462.43 1305.84 1651.48 1076.85 1621.31 1207.49 1114.96 965.321 922.605 1212.21 870.763 1271.93
# catch_bio_sd_in
 0.01 0.01 0.01 0.01 0.01 0.01 0.01 0.01 0.01 0.01 0.01 0.01 0.01 0.01 0.01 0.01 0.01 0.01 0.01 0.01 0.01 0.01 0.01 0.01 0.01 0.01 0.01 0.01 0.01 0.01
# nyrs_fsh_age
 30
# nyrs_fsh_length
 0
# yrs_fsh_age_in
 1 2 3 4 5 6 7 8 9 10 11 12 13 14 15 16 17 18 19 20 21 22 23 24 25 26 27 28 29 30
# yrs_fsh_length_in

# n_sample_fsh_length_in

# olc_fsh_in

# nind
1
# indname
survey_index1
# nyrs_ind
 30
# yrs_ind_in
 1 2 3 4 5 6 7 8 9 10 11 12 13 14 15 16 17 18 19 20 21 22 23 24 25 26 27 28 29 30
# mo_ind
 1
# obs_ind_in
 1.30812 1.51769 1.5498 1.61402 1.33895 1.51138 1.50842 1.47102 1.12235 1.25107 1.11461 1.3369 1.07874 1.08708 0.912977 0.889081 0.973904 0.97512 0.794058 0.764242 0.680639 0.651296 0.799395 0.58209 0.561432 0.466217 0.534498 0.599717 0.5063 0.463937
# obs_se_ind_in
 0.261625 0.303539 0.309961 0.322803 0.267791 0.302276 0.301684 0.294204 0.22447 0.250214 0.222922 0.267381 0.215748 0.217415 0.182595 0.177816 0.194781 0.195024 0.158812 0.152848 0.136128 0.130259 0.159879 0.116418 0.112286 0.0932433 0.1069 0.119943 0.10126 0.0927874
# nyrs_ind_age
 30
# nyrs_ind_length
 0
# yrs_ind_age_in
 1 2 3 4 5 6 7 8 9 10 11 12 13 14 15 16 17 18 19 20 21 22 23 24 25 26 27 28 29 30
# yrs_ind_length_in

# yrs_ind_age_in
 1 2 3 4 5 6 7 8 9 10 11 12 13 14 15 16 17 18 19 20 21 22 23 24 25 26 27 28 29 30
# n_sample_ind_length_in

# olc_ind_in

# oac_ind_in
 0.075 0.125 0.095 0.135 0.06 0.115 0.03 0.09 0.075 0.025 0.04 0.135
 0.085 0.105 0.12 0.11 0.09 0.1 0.085 0.04 0.055 0.04 0.035 0.135
 0.065 0.18 0.14 0.105 0.095 0.105 0.075 0.03 0.04 0.05 0.025 0.09
 0.065 0.09 0.16 0.125 0.065 0.075 0.035 0.08 0.065 0.035 0.035 0.17
 0.09 0.105 0.145 0.135 0.085 0.07 0.07 0.02 0.07 0.03 0.035 0.145
 0.085 0.17 0.135 0.07 0.13 0.065 0.05 0.045 0.04 0.03 0.065 0.115
 0.065 0.185 0.21 0.09 0.07 0.1 0.08 0.045 0.03 0.035 0.015 0.075
 0.11 0.125 0.185 0.14 0.06 0.075 0.07 0.055 0.05 0.01 0.015 0.105
 0.05 0.22 0.15 0.15 0.1 0.055 0.07 0.045 0.04 0.025 0.025 0.07
 0.08 0.19 0.15 0.135 0.1 0.1 0.035 0.025 0.075 0.01 0.025 0.075
 0.035 0.185 0.16 0.15 0.085 0.09 0.07 0.05 0.05 0.035 0.015 0.075
 0.095 0.2 0.145 0.165 0.1 0.065 0.045 0.05 0.025 0.01 0.015 0.085
 0.07 0.125 0.18 0.19 0.085 0.1 0.045 0.06 0.05 0.025 0.015 0.055
 0.105 0.17 0.13 0.195 0.1 0.045 0.055 0.04 0.06 0.045 0.01 0.045
 0.055 0.19 0.165 0.145 0.11 0.1 0.05 0.02 0.005 0.04 0.045 0.075
 0.13 0.14 0.205 0.115 0.11 0.07 0.055 0.055 0.025 0.015 0.02 0.06
 0.075 0.255 0.155 0.15 0.065 0.08 0.065 0.035 0.035 0.015 0.02 0.05
 0.045 0.3 0.21 0.14 0.095 0.055 0.03 0.025 0.035 0.02 0.02 0.025
 0.055 0.18 0.27 0.2 0.095 0.07 0.04 0.025 0.03 0.02 0.005 0.01
 0.085 0.195 0.205 0.175 0.16 0.065 0.025 0.02 0.035 0.005 0 0.03
 0.185 0.175 0.155 0.11 0.1 0.08 0.05 0.055 0.02 0.025 0.005 0.04
 0.1 0.34 0.165 0.09 0.08 0.085 0.055 0.035 0.015 0.01 0.01 0.015
 0.09 0.335 0.21 0.145 0.09 0.035 0.045 0.015 0.005 0.005 0 0.025
 0.14 0.175 0.27 0.185 0.07 0.035 0.03 0.045 0.035 0.005 0 0.01
 0.165 0.22 0.17 0.165 0.12 0.05 0.05 0.02 0.02 0.015 0.005 0
 0.065 0.245 0.21 0.16 0.145 0.065 0.02 0.03 0.025 0.005 0.01 0.02
 0.115 0.225 0.225 0.11 0.14 0.07 0.05 0.025 0.015 0.005 0.005 0.015
 0.16 0.26 0.195 0.16 0.095 0.05 0.055 0.01 0.005 0.005 0.005 0
 0.14 0.295 0.19 0.105 0.12 0.06 0.03 0.02 0.015 0.005 0 0.02
 0.13 0.31 0.27 0.14 0.05 0.05 0.02 0.015 0.005 0.005 0 0.005
# wt_ind
 1 1 1 1 1 1 1 1 1 1 1 1
 1 1 1 1 1 1 1 1 1 1 1 1
 1 1 1 1 1 1 1 1 1 1 1 1
 1 1 1 1 1 1 1 1 1 1 1 1
 1 1 1 1 1 1 1 1 1 1 1 1
 1 1 1 1 1 1 1 1 1 1 1 1
 1 1 1 1 1 1 1 1 1 1 1 1
 1 1 1 1 1 1 1 1 1 1 1 1
 1 1 1 1 1 1 1 1 1 1 1 1
 1 1 1 1 1 1 1 1 1 1 1 1
 1 1 1 1 1 1 1 1 1 1 1 1
 1 1 1 1 1 1 1 1 1 1 1 1
 1 1 1 1 1 1 1 1 1 1 1 1
 1 1 1 1 1 1 1 1 1 1 1 1
 1 1 1 1 1 1 1 1 1 1 1 1
 1 1 1 1 1 1 1 1 1 1 1 1
 1 1 1 1 1 1 1 1 1 1 1 1
 1 1 1 1 1 1 1 1 1 1 1 1
 1 1 1 1 1 1 1 1 1 1 1 1
 1 1 1 1 1 1 1 1 1 1 1 1
 1 1 1 1 1 1 1 1 1 1 1 1
 1 1 1 1 1 1 1 1 1 1 1 1
 1 1 1 1 1 1 1 1 1 1 1 1
 1 1 1 1 1 1 1 1 1 1 1 1
 1 1 1 1 1 1 1 1 1 1 1 1
 1 1 1 1 1 1 1 1 1 1 1 1
 1 1 1 1 1 1 1 1 1 1 1 1
 1 1 1 1 1 1 1 1 1 1 1 1
 1 1 1 1 1 1 1 1 1 1 1 1
 1 1 1 1 1 1 1 1 1 1 1 1
# wt_pop
 0.000530656 0.00119633 0.00205827 0.00303499 0.00405521 0.0050647 0.00602623 0.00691692 0.00772489 0.00844611 0.00908185 0.0096367
# maturity
 0.0229774 0.320821 0.904651 0.99478 0.999739 0.999987 0.999999 1 1 1 1 1
# spawnmo
1
# age_err
 1 0 0 0 0 0 0 0 0 0 0 0
 0 1 0 0 0 0 0 0 0 0 0 0
 0 0 1 0 0 0 0 0 0 0 0 0
 0 0 0 1 0 0 0 0 0 0 0 0
 0 0 0 0 1 0 0 0 0 0 0 0
 0 0 0 0 0 1 0 0 0 0 0 0
 0 0 0 0 0 0 1 0 0 0 0 0
 0 0 0 0 0 0 0 1 0 0 0 0
 0 0 0 0 0 0 0 0 1 0 0 0
 0 0 0 0 0 0 0 0 0 1 0 0
 0 0 0 0 0 0 0 0 0 0 1 0
 0 0 0 0 0 0 0 0 0 0 0 1
# cntrlfile_name
C:\Users\bai.li\Desktop\s1_test\AMAK\s150\amak.dat
# Map shared selectivity: 
# sel_map
 1 2
 1 1
# datafile_name
amak_data.dat
# model_name
OM_1
# SrType
2
# use_age_err
0
# retro
0
# sigmarprior
0.2
# cvsigmarprior
0.25
# phase_sigmar
-3
# styr_rec_est
1
# endyr_rec_est
30
# Linfprior
80
# cvLinfprior
0.25
# kprior
0.18
# cvkprior
0.25
# Loprior
27.688
# cvLoprior
0.25
# sdageprior
0.1
# cvsdageprior
0.25
# natmortprior
0.2
# cvnatmortprior
0.25
# phase_M
-4
# npars_Mage
0
# ages_M_changes

# Mage_in

# phase_Mage
-5
# phase_rw_M
0
# npars_rw_M
0
# yrs_rw_M

# sigma_rw_M

# qprior
 3.48998e-007
# cvqprior
 1
# phase_q
 1
# q_power_prior
 1
# cvq_power_prior
 0.2
# phase_q_power
 -4
# phase_rw_q
 -1
# npars_rw_q
 0
# yrs_rw_q

# sigma_rw_q

# q_age_min
 1
# q_age_max
 12
# q_age_min
 1
# q_age_max
 12
# fsh_sel_opt(k)
2
# phase_sel_fsh(k)
-2
# n_sel_ch_fsh(k)
1
# sel_slp_in_fsh(k)(1,n_sel_ch_fsh(k))
 1
# sel_inf_in_fsh(k)(1,n_sel_ch_fsh(k))
 2
# logsel_slp_in_fsh(k)(1,n_sel_ch_fsh(k))
 0
# yrs_sel_ch_fsh(k)(1,n_sel_ch_fsh(k))
 1

Survey survey_index1
# ind_sel_opt(k)
2
# indname(k)
survey_index1
# nselages_in_ind(k)
11
# phase_sel_ind(k)
-2
# sel_change_in_ind(k)
 1 0 0 0 0 0 0 0 0 0 0 0 0 0 0 0 0 0 0 0 0 0 0 0 0 0 0 0 0 0
# n_sel_ch_ind(k)
1
# yrs_sel_ch_ind(k)(1,n_sel_ch_ind(k))
 1
# sel_slp_in_ind(k,1)
2
# sel_inf_in_ind(k,1)
1.5
# logsel_slp_in_ind(k,1)
0.693147
# logsel_slp_in_indv(k)
0.693147
survey_index1 ind sel opt 2  1 0 0 0 0 0 0 0 0 0 0 0 0 0 0 0 0 0 0 0 0 0 0 0 0 0 0 0 0 0
Phase indices Sel_Coffs:  -1
 Test: 1.23457e+008
# Fshry Selages:  11
# Srvy  Selages:  11
# Phase for age-spec fishery  -1
# Phase for logistic fishery  -2
# Phase for dble logistic fishery  -1
# Phase for age-spec indices   -1
# Phase for logistic indices   -2
# Phase for dble logistic ind  -1
# Curv_pen_fsh: 
 0
# Curv_pen_ind: 
 0
# styr_fut
31
# endyr_fut
35
# nyrs_fsh_age
 30
# nyrs_fsh_age
 30
# yrs_fsh_age
 1 2 3 4 5 6 7 8 9 10 11 12 13 14 15 16 17 18 19 20 21 22 23 24 25 26 27 28 29 30
# n_sample_fsh_age
 200 200 200 200 200 200 200 200 200 200 200 200 200 200 200 200 200 200 200 200 200 200 200 200 200 200 200 200 200 200
# oac_fsh
 0.085 0.07 0.105 0.14 0.13 0.095 0.09 0.045 0.02 0.045 0.025 0.15
 0.105 0.075 0.145 0.095 0.12 0.105 0.09 0.055 0.03 0.025 0.025 0.13
 0.06 0.08 0.11 0.165 0.095 0.06 0.055 0.055 0.045 0.02 0.03 0.225
 0.045 0.075 0.185 0.075 0.13 0.105 0.055 0.065 0.035 0.04 0.025 0.165
 0.08 0.11 0.11 0.135 0.095 0.075 0.075 0.06 0.05 0.03 0.035 0.145
 0.105 0.145 0.075 0.08 0.105 0.1 0.065 0.055 0.055 0.045 0.015 0.155
 0.06 0.205 0.13 0.09 0.12 0.095 0.07 0.04 0.03 0.04 0.025 0.095
 0.055 0.125 0.16 0.14 0.1 0.09 0.105 0.04 0.025 0.04 0.025 0.095
 0.07 0.175 0.145 0.115 0.09 0.065 0.065 0.06 0.03 0.045 0.02 0.12
 0.095 0.13 0.13 0.115 0.095 0.145 0.025 0.05 0.055 0.02 0.035 0.105
 0.08 0.165 0.125 0.14 0.07 0.145 0.09 0.035 0.03 0.02 0.03 0.07
 0.11 0.21 0.155 0.115 0.085 0.055 0.085 0.06 0.025 0.025 0.015 0.06
 0.065 0.14 0.185 0.175 0.065 0.095 0.06 0.065 0.04 0.01 0.01 0.09
 0.12 0.15 0.16 0.165 0.09 0.075 0.05 0.02 0.065 0.025 0.005 0.075
 0.08 0.19 0.155 0.15 0.14 0.05 0.075 0.03 0.015 0.03 0.045 0.04
 0.095 0.16 0.175 0.12 0.065 0.07 0.09 0.045 0.05 0.02 0.01 0.1
 0.125 0.17 0.185 0.145 0.06 0.07 0.05 0.045 0.045 0.01 0.015 0.08
 0.1 0.2 0.145 0.165 0.13 0.07 0.045 0.03 0.03 0.02 0.02 0.045
 0.125 0.095 0.255 0.22 0.125 0.07 0.03 0.02 0.025 0.01 0.01 0.015
 0.12 0.15 0.125 0.19 0.155 0.09 0.075 0.02 0.02 0.02 0.02 0.015
 0.17 0.145 0.16 0.12 0.105 0.13 0.07 0.04 0.01 0.01 0.02 0.02
 0.17 0.25 0.14 0.13 0.12 0.065 0.065 0.015 0.015 0.01 0.005 0.015
 0.115 0.205 0.21 0.12 0.11 0.065 0.05 0.03 0.02 0.005 0.025 0.045
 0.17 0.18 0.18 0.21 0.085 0.07 0.035 0.01 0.025 0.025 0.005 0.005
 0.15 0.19 0.14 0.2 0.135 0.06 0.025 0.03 0.03 0.005 0.01 0.025
 0.155 0.245 0.16 0.11 0.14 0.095 0.035 0.015 0.03 0.005 0.005 0.005
 0.17 0.185 0.245 0.145 0.115 0.05 0.05 0 0.01 0 0.01 0.02
 0.215 0.165 0.145 0.175 0.13 0.05 0.045 0.03 0.015 0.015 0.005 0.01
 0.21 0.22 0.18 0.12 0.155 0.045 0.02 0.03 0.005 0.005 0 0.01
 0.16 0.23 0.175 0.155 0.1 0.115 0.025 0.02 0.005 0.01 0.005 0
# olc_fsh

# wt_fsh
 0.000530656 0.00119633 0.00205827 0.00303499 0.00405521 0.0050647 0.00602623 0.00691692 0.00772489 0.00844611 0.00908185 0.0096367
 0.000530656 0.00119633 0.00205827 0.00303499 0.00405521 0.0050647 0.00602623 0.00691692 0.00772489 0.00844611 0.00908185 0.0096367
 0.000530656 0.00119633 0.00205827 0.00303499 0.00405521 0.0050647 0.00602623 0.00691692 0.00772489 0.00844611 0.00908185 0.0096367
 0.000530656 0.00119633 0.00205827 0.00303499 0.00405521 0.0050647 0.00602623 0.00691692 0.00772489 0.00844611 0.00908185 0.0096367
 0.000530656 0.00119633 0.00205827 0.00303499 0.00405521 0.0050647 0.00602623 0.00691692 0.00772489 0.00844611 0.00908185 0.0096367
 0.000530656 0.00119633 0.00205827 0.00303499 0.00405521 0.0050647 0.00602623 0.00691692 0.00772489 0.00844611 0.00908185 0.0096367
 0.000530656 0.00119633 0.00205827 0.00303499 0.00405521 0.0050647 0.00602623 0.00691692 0.00772489 0.00844611 0.00908185 0.0096367
 0.000530656 0.00119633 0.00205827 0.00303499 0.00405521 0.0050647 0.00602623 0.00691692 0.00772489 0.00844611 0.00908185 0.0096367
 0.000530656 0.00119633 0.00205827 0.00303499 0.00405521 0.0050647 0.00602623 0.00691692 0.00772489 0.00844611 0.00908185 0.0096367
 0.000530656 0.00119633 0.00205827 0.00303499 0.00405521 0.0050647 0.00602623 0.00691692 0.00772489 0.00844611 0.00908185 0.0096367
 0.000530656 0.00119633 0.00205827 0.00303499 0.00405521 0.0050647 0.00602623 0.00691692 0.00772489 0.00844611 0.00908185 0.0096367
 0.000530656 0.00119633 0.00205827 0.00303499 0.00405521 0.0050647 0.00602623 0.00691692 0.00772489 0.00844611 0.00908185 0.0096367
 0.000530656 0.00119633 0.00205827 0.00303499 0.00405521 0.0050647 0.00602623 0.00691692 0.00772489 0.00844611 0.00908185 0.0096367
 0.000530656 0.00119633 0.00205827 0.00303499 0.00405521 0.0050647 0.00602623 0.00691692 0.00772489 0.00844611 0.00908185 0.0096367
 0.000530656 0.00119633 0.00205827 0.00303499 0.00405521 0.0050647 0.00602623 0.00691692 0.00772489 0.00844611 0.00908185 0.0096367
 0.000530656 0.00119633 0.00205827 0.00303499 0.00405521 0.0050647 0.00602623 0.00691692 0.00772489 0.00844611 0.00908185 0.0096367
 0.000530656 0.00119633 0.00205827 0.00303499 0.00405521 0.0050647 0.00602623 0.00691692 0.00772489 0.00844611 0.00908185 0.0096367
 0.000530656 0.00119633 0.00205827 0.00303499 0.00405521 0.0050647 0.00602623 0.00691692 0.00772489 0.00844611 0.00908185 0.0096367
 0.000530656 0.00119633 0.00205827 0.00303499 0.00405521 0.0050647 0.00602623 0.00691692 0.00772489 0.00844611 0.00908185 0.0096367
 0.000530656 0.00119633 0.00205827 0.00303499 0.00405521 0.0050647 0.00602623 0.00691692 0.00772489 0.00844611 0.00908185 0.0096367
 0.000530656 0.00119633 0.00205827 0.00303499 0.00405521 0.0050647 0.00602623 0.00691692 0.00772489 0.00844611 0.00908185 0.0096367
 0.000530656 0.00119633 0.00205827 0.00303499 0.00405521 0.0050647 0.00602623 0.00691692 0.00772489 0.00844611 0.00908185 0.0096367
 0.000530656 0.00119633 0.00205827 0.00303499 0.00405521 0.0050647 0.00602623 0.00691692 0.00772489 0.00844611 0.00908185 0.0096367
 0.000530656 0.00119633 0.00205827 0.00303499 0.00405521 0.0050647 0.00602623 0.00691692 0.00772489 0.00844611 0.00908185 0.0096367
 0.000530656 0.00119633 0.00205827 0.00303499 0.00405521 0.0050647 0.00602623 0.00691692 0.00772489 0.00844611 0.00908185 0.0096367
 0.000530656 0.00119633 0.00205827 0.00303499 0.00405521 0.0050647 0.00602623 0.00691692 0.00772489 0.00844611 0.00908185 0.0096367
 0.000530656 0.00119633 0.00205827 0.00303499 0.00405521 0.0050647 0.00602623 0.00691692 0.00772489 0.00844611 0.00908185 0.0096367
 0.000530656 0.00119633 0.00205827 0.00303499 0.00405521 0.0050647 0.00602623 0.00691692 0.00772489 0.00844611 0.00908185 0.0096367
 0.000530656 0.00119633 0.00205827 0.00303499 0.00405521 0.0050647 0.00602623 0.00691692 0.00772489 0.00844611 0.00908185 0.0096367
 0.000530656 0.00119633 0.00205827 0.00303499 0.00405521 0.0050647 0.00602623 0.00691692 0.00772489 0.00844611 0.00908185 0.0096367
# nyrs_ind_age
 30
# yrs_ind_age
 1 2 3 4 5 6 7 8 9 10 11 12 13 14 15 16 17 18 19 20 21 22 23 24 25 26 27 28 29 30
# n_sample_ind_age
 200 200 200 200 200 200 200 200 200 200 200 200 200 200 200 200 200 200 200 200 200 200 200 200 200 200 200 200 200 200
# oac_ind
 0.075 0.125 0.095 0.135 0.06 0.115 0.03 0.09 0.075 0.025 0.04 0.135
 0.085 0.105 0.12 0.11 0.09 0.1 0.085 0.04 0.055 0.04 0.035 0.135
 0.065 0.18 0.14 0.105 0.095 0.105 0.075 0.03 0.04 0.05 0.025 0.09
 0.065 0.09 0.16 0.125 0.065 0.075 0.035 0.08 0.065 0.035 0.035 0.17
 0.09 0.105 0.145 0.135 0.085 0.07 0.07 0.02 0.07 0.03 0.035 0.145
 0.085 0.17 0.135 0.07 0.13 0.065 0.05 0.045 0.04 0.03 0.065 0.115
 0.065 0.185 0.21 0.09 0.07 0.1 0.08 0.045 0.03 0.035 0.015 0.075
 0.11 0.125 0.185 0.14 0.06 0.075 0.07 0.055 0.05 0.01 0.015 0.105
 0.05 0.22 0.15 0.15 0.1 0.055 0.07 0.045 0.04 0.025 0.025 0.07
 0.08 0.19 0.15 0.135 0.1 0.1 0.035 0.025 0.075 0.01 0.025 0.075
 0.035 0.185 0.16 0.15 0.085 0.09 0.07 0.05 0.05 0.035 0.015 0.075
 0.095 0.2 0.145 0.165 0.1 0.065 0.045 0.05 0.025 0.01 0.015 0.085
 0.07 0.125 0.18 0.19 0.085 0.1 0.045 0.06 0.05 0.025 0.015 0.055
 0.105 0.17 0.13 0.195 0.1 0.045 0.055 0.04 0.06 0.045 0.01 0.045
 0.055 0.19 0.165 0.145 0.11 0.1 0.05 0.02 0.005 0.04 0.045 0.075
 0.13 0.14 0.205 0.115 0.11 0.07 0.055 0.055 0.025 0.015 0.02 0.06
 0.075 0.255 0.155 0.15 0.065 0.08 0.065 0.035 0.035 0.015 0.02 0.05
 0.045 0.3 0.21 0.14 0.095 0.055 0.03 0.025 0.035 0.02 0.02 0.025
 0.055 0.18 0.27 0.2 0.095 0.07 0.04 0.025 0.03 0.02 0.005 0.01
 0.085 0.195 0.205 0.175 0.16 0.065 0.025 0.02 0.035 0.005 0 0.03
 0.185 0.175 0.155 0.11 0.1 0.08 0.05 0.055 0.02 0.025 0.005 0.04
 0.1 0.34 0.165 0.09 0.08 0.085 0.055 0.035 0.015 0.01 0.01 0.015
 0.09 0.335 0.21 0.145 0.09 0.035 0.045 0.015 0.005 0.005 0 0.025
 0.14 0.175 0.27 0.185 0.07 0.035 0.03 0.045 0.035 0.005 0 0.01
 0.165 0.22 0.17 0.165 0.12 0.05 0.05 0.02 0.02 0.015 0.005 0
 0.065 0.245 0.21 0.16 0.145 0.065 0.02 0.03 0.025 0.005 0.01 0.02
 0.115 0.225 0.225 0.11 0.14 0.07 0.05 0.025 0.015 0.005 0.005 0.015
 0.16 0.26 0.195 0.16 0.095 0.05 0.055 0.01 0.005 0.005 0.005 0
 0.14 0.295 0.19 0.105 0.12 0.06 0.03 0.02 0.015 0.005 0 0.02
 0.13 0.31 0.27 0.14 0.05 0.05 0.02 0.015 0.005 0.005 0 0.005
# olc_ind

# obs_lse_ind
 0.198042 0.198042 0.198042 0.198042 0.198042 0.198042 0.198042 0.198042 0.198042 0.198042 0.198042 0.198042 0.198042 0.198042 0.198042 0.198042 0.198042 0.198042 0.198042 0.198042 0.198042 0.198042 0.198042 0.198042 0.198042 0.198042 0.198042 0.198042 0.198042 0.198042
# xages_fsh
 0 0 0 0 0 0 0 0 0 0 0 0
# xages_fsh
 0 0.0909091 0.181818 0.272727 0.363636 0.454545 0.545455 0.636364 0.727273 0.818182 0.909091 1
# xnodes_fsh

Yrs fsh_sel change:  1 0 0 0 0 0 0 0 0 0 0 0 0 0 0 0 0 0 0 0 0 0 0 0 0 0 0 0 0
Yrs ind_sel change:  1 0 0 0 0 0 0 0 0 0 0 0 0 0 0 0 0 0 0 0 0 0 0 0 0 0 0 0 0
# steepnessprior
0.75
# sigmarprior
0.2
#  SSB estimated in styr endyr: -12 28 
#  Rec estimated in styr endyr: -10 30 
#  SR Curve fit  in styr endyr: 1 30 
#             Model styr endyr: 1 30 
# qprior
 3.48998e-007
# q_power_prior 
 1 
# cv_catchbiomass 
0.05 
# CatchbiomassPen 
200 
# Number of projection years 
5 
# offset_fsh
 13392.3
# offset_ind
 13149.7
Mean Catch
1277.23
R_guess 
13.8155
# nfsh
1
# n_sel_ch_fsh
 1
# nselages_fsh
 11
# phase_selcoff_fsh
 -1
logRzero 13.8155
logmeanrec 13.8155
exp(log_sigmarprior 0.2
Fish sel phase: -1 OM1
Fixing fishery sel to
1
Fixing fishery sel to
1
Srvy sel phase: -1
Fixing survey_index1 indices sel to
1
Fixing index sel to
1
# logsel_slp_in_indv
 0.693147
Leaving parameter init secton
# M
 0.2 0.2 0.2 0.2 0.2 0.2 0.2 0.2 0.2 0.2 0.2 0.2
 0.2 0.2 0.2 0.2 0.2 0.2 0.2 0.2 0.2 0.2 0.2 0.2
 0.2 0.2 0.2 0.2 0.2 0.2 0.2 0.2 0.2 0.2 0.2 0.2
 0.2 0.2 0.2 0.2 0.2 0.2 0.2 0.2 0.2 0.2 0.2 0.2
 0.2 0.2 0.2 0.2 0.2 0.2 0.2 0.2 0.2 0.2 0.2 0.2
 0.2 0.2 0.2 0.2 0.2 0.2 0.2 0.2 0.2 0.2 0.2 0.2
 0.2 0.2 0.2 0.2 0.2 0.2 0.2 0.2 0.2 0.2 0.2 0.2
 0.2 0.2 0.2 0.2 0.2 0.2 0.2 0.2 0.2 0.2 0.2 0.2
 0.2 0.2 0.2 0.2 0.2 0.2 0.2 0.2 0.2 0.2 0.2 0.2
 0.2 0.2 0.2 0.2 0.2 0.2 0.2 0.2 0.2 0.2 0.2 0.2
 0.2 0.2 0.2 0.2 0.2 0.2 0.2 0.2 0.2 0.2 0.2 0.2
 0.2 0.2 0.2 0.2 0.2 0.2 0.2 0.2 0.2 0.2 0.2 0.2
 0.2 0.2 0.2 0.2 0.2 0.2 0.2 0.2 0.2 0.2 0.2 0.2
 0.2 0.2 0.2 0.2 0.2 0.2 0.2 0.2 0.2 0.2 0.2 0.2
 0.2 0.2 0.2 0.2 0.2 0.2 0.2 0.2 0.2 0.2 0.2 0.2
 0.2 0.2 0.2 0.2 0.2 0.2 0.2 0.2 0.2 0.2 0.2 0.2
 0.2 0.2 0.2 0.2 0.2 0.2 0.2 0.2 0.2 0.2 0.2 0.2
 0.2 0.2 0.2 0.2 0.2 0.2 0.2 0.2 0.2 0.2 0.2 0.2
 0.2 0.2 0.2 0.2 0.2 0.2 0.2 0.2 0.2 0.2 0.2 0.2
 0.2 0.2 0.2 0.2 0.2 0.2 0.2 0.2 0.2 0.2 0.2 0.2
 0.2 0.2 0.2 0.2 0.2 0.2 0.2 0.2 0.2 0.2 0.2 0.2
 0.2 0.2 0.2 0.2 0.2 0.2 0.2 0.2 0.2 0.2 0.2 0.2
 0.2 0.2 0.2 0.2 0.2 0.2 0.2 0.2 0.2 0.2 0.2 0.2
 0.2 0.2 0.2 0.2 0.2 0.2 0.2 0.2 0.2 0.2 0.2 0.2
 0.2 0.2 0.2 0.2 0.2 0.2 0.2 0.2 0.2 0.2 0.2 0.2
 0.2 0.2 0.2 0.2 0.2 0.2 0.2 0.2 0.2 0.2 0.2 0.2
 0.2 0.2 0.2 0.2 0.2 0.2 0.2 0.2 0.2 0.2 0.2 0.2
 0.2 0.2 0.2 0.2 0.2 0.2 0.2 0.2 0.2 0.2 0.2 0.2
 0.2 0.2 0.2 0.2 0.2 0.2 0.2 0.2 0.2 0.2 0.2 0.2
 0.2 0.2 0.2 0.2 0.2 0.2 0.2 0.2 0.2 0.2 0.2 0.2
# mean_log_rec
13.7722
# log_Rzero
13.8243
# rec_dev
 0.0253912 0.0467451 0.0211998 -0.0121536 0.0219914 -0.0542789 0.0878238 0.092753 0.00567789 -0.0568681 0.0155684 -0.00481235 0.255502 -0.0648425 -0.167767 0.2986 0.302865 -0.0744051 0.0933022 -0.0311762 0.0791785 0.0809783 -0.0966219 -0.202659 0.0511819 -0.0536638 0.177523 0.120478 -0.304491 -0.298192 -0.347249 0.0709894 -0.0312129 -0.36348 -0.32313 -0.14786 -0.47801 -0.342245 -0.158729 -0.134192 -0.268827
# fmort
 0.00886808 0.0261279 0.0445363 0.0608361 0.0486873 0.0877424 0.0911255 0.191622 0.11285 0.137686 0.15786 0.170995 0.123284 0.179905 0.192157 0.172075 0.337731 0.268859 0.2669 0.258758 0.367981 0.262996 0.42849 0.355363 0.350366 0.31667 0.308438 0.429752 0.322458 0.48822
# rec_dev_future
 0 0 0 0 0
