AMAK;August_2013
# styr
1
# endyr
30
# rec_age
1
# oldest_age
12
# nlength
81
# len_bins
 10 11 12 13 14 15 16 17 18 19 20 21 22 23 24 25 26 27 28 29 30 31 32 33 34 35 36 37 38 39 40 41 42 43 44 45 46 47 48 49 50 51 52 53 54 55 56 57 58 59 60 61 62 63 64 65 66 67 68 69 70 71 72 73 74 75 76 77 78 79 80 81 82 83 84 85 86 87 88 89 90
# datafile_name
amak_data.dat
# model_name
OM_1
# styr
1
# endyr
30
# rec_age
1
# oldest_age
12
# nfsh
1
# fshname
OM1
# catch_bio_in
 160.771 469.252 756.52 997.112 763.557 1320.96 1283.35 2478.8 1328.16 1529.27 1614.04 1609.83 1104.09 1531.33 1503.72 1264.46 2249.39 1603.25 1467.44 1302.27 1629.6 1085.12 1619.54 1207.49 1130.01 970.065 918.851 1211.38 875.461 1269.8
# catch_bio_sd_in
 0.01 0.01 0.01 0.01 0.01 0.01 0.01 0.01 0.01 0.01 0.01 0.01 0.01 0.01 0.01 0.01 0.01 0.01 0.01 0.01 0.01 0.01 0.01 0.01 0.01 0.01 0.01 0.01 0.01 0.01
# nyrs_fsh_age
 30
# nyrs_fsh_length
 0
# yrs_fsh_age_in
 1 2 3 4 5 6 7 8 9 10 11 12 13 14 15 16 17 18 19 20 21 22 23 24 25 26 27 28 29 30
# yrs_fsh_length_in

# n_sample_fsh_length_in

# olc_fsh_in

# nind
1
# indname
survey_index1
# nyrs_ind
 30
# yrs_ind_in
 1 2 3 4 5 6 7 8 9 10 11 12 13 14 15 16 17 18 19 20 21 22 23 24 25 26 27 28 29 30
# mo_ind
 1
# obs_ind_in
 1.12551 1.48725 1.59383 1.60229 1.34743 1.36581 1.52566 1.36584 1.59304 1.21517 1.0951 1.17915 1.06092 1.01503 1.11504 0.896603 1.03109 0.845198 0.805344 0.674662 0.711312 0.630494 0.769111 0.587836 0.560087 0.57941 0.509093 0.49963 0.585238 0.576125
# obs_se_ind_in
 0.225103 0.297449 0.318766 0.320457 0.269487 0.273162 0.305132 0.273168 0.318607 0.243034 0.21902 0.23583 0.212184 0.203006 0.223009 0.179321 0.206217 0.16904 0.161069 0.134932 0.142262 0.126099 0.153822 0.117567 0.112017 0.115882 0.101819 0.099926 0.117048 0.115225
# nyrs_ind_age
 30
# nyrs_ind_length
 0
# yrs_ind_age_in
 1 2 3 4 5 6 7 8 9 10 11 12 13 14 15 16 17 18 19 20 21 22 23 24 25 26 27 28 29 30
# yrs_ind_length_in

# yrs_ind_age_in
 1 2 3 4 5 6 7 8 9 10 11 12 13 14 15 16 17 18 19 20 21 22 23 24 25 26 27 28 29 30
# n_sample_ind_length_in

# olc_ind_in

# oac_ind_in
 0.095 0.155 0.105 0.09 0.09 0.09 0.045 0.045 0.07 0.025 0.04 0.15
 0.085 0.1 0.12 0.135 0.13 0.075 0.08 0.055 0.03 0.035 0.03 0.125
 0.035 0.185 0.17 0.08 0.08 0.075 0.06 0.07 0.05 0.06 0.035 0.1
 0.065 0.11 0.105 0.15 0.105 0.1 0.06 0.06 0.06 0.035 0.015 0.135
 0.095 0.125 0.15 0.11 0.135 0.09 0.05 0.045 0.035 0.05 0.01 0.105
 0.05 0.185 0.165 0.09 0.095 0.09 0.065 0.075 0.04 0.02 0.005 0.12
 0.065 0.145 0.185 0.08 0.135 0.105 0.075 0.03 0.045 0.02 0.02 0.095
 0.06 0.14 0.155 0.17 0.065 0.075 0.055 0.05 0.06 0.04 0.02 0.11
 0.025 0.185 0.165 0.185 0.14 0.065 0.07 0.05 0.015 0.01 0.015 0.075
 0.08 0.19 0.125 0.175 0.135 0.05 0.045 0.015 0.045 0.01 0.03 0.1
 0.085 0.16 0.12 0.175 0.105 0.055 0.085 0.04 0.02 0.04 0.01 0.105
 0.075 0.145 0.19 0.145 0.12 0.09 0.065 0.04 0.035 0.015 0.025 0.055
 0.085 0.17 0.225 0.17 0.11 0.065 0.035 0.05 0.03 0.005 0.03 0.025
 0.09 0.18 0.14 0.15 0.12 0.11 0.045 0.035 0.045 0.015 0.015 0.055
 0.1 0.155 0.22 0.1 0.165 0.085 0.035 0.05 0.025 0.015 0.005 0.045
 0.11 0.185 0.19 0.15 0.105 0.065 0.085 0.025 0.01 0.01 0.01 0.055
 0.11 0.195 0.195 0.15 0.085 0.065 0.055 0.06 0.02 0.01 0.015 0.04
 0.06 0.2 0.275 0.125 0.085 0.07 0.045 0.045 0.025 0.01 0.02 0.04
 0.055 0.2 0.225 0.175 0.11 0.075 0.05 0.025 0.02 0.015 0.01 0.04
 0.115 0.215 0.185 0.15 0.14 0.08 0.01 0.015 0.03 0.01 0.015 0.035
 0.145 0.14 0.23 0.145 0.125 0.085 0.05 0.025 0.005 0.015 0.01 0.025
 0.165 0.3 0.17 0.12 0.055 0.06 0.035 0.025 0.035 0.01 0.005 0.02
 0.105 0.28 0.28 0.105 0.09 0.05 0.025 0.02 0.01 0.015 0.01 0.01
 0.07 0.21 0.29 0.185 0.06 0.07 0.03 0.03 0.02 0.02 0 0.015
 0.135 0.205 0.16 0.195 0.125 0.08 0.03 0.04 0.01 0.02 0 0
 0.115 0.285 0.21 0.145 0.1 0.07 0.02 0.02 0.01 0.01 0.005 0.01
 0.13 0.15 0.24 0.145 0.12 0.1 0.06 0.005 0.02 0.005 0.01 0.015
 0.16 0.225 0.135 0.23 0.055 0.08 0.045 0.02 0.015 0.015 0.005 0.015
 0.135 0.35 0.145 0.14 0.09 0.045 0.03 0.03 0.005 0.015 0 0.015
 0.08 0.295 0.28 0.165 0.08 0.045 0.015 0.01 0.015 0.015 0 0
# wt_ind
 1 1 1 1 1 1 1 1 1 1 1 1
 1 1 1 1 1 1 1 1 1 1 1 1
 1 1 1 1 1 1 1 1 1 1 1 1
 1 1 1 1 1 1 1 1 1 1 1 1
 1 1 1 1 1 1 1 1 1 1 1 1
 1 1 1 1 1 1 1 1 1 1 1 1
 1 1 1 1 1 1 1 1 1 1 1 1
 1 1 1 1 1 1 1 1 1 1 1 1
 1 1 1 1 1 1 1 1 1 1 1 1
 1 1 1 1 1 1 1 1 1 1 1 1
 1 1 1 1 1 1 1 1 1 1 1 1
 1 1 1 1 1 1 1 1 1 1 1 1
 1 1 1 1 1 1 1 1 1 1 1 1
 1 1 1 1 1 1 1 1 1 1 1 1
 1 1 1 1 1 1 1 1 1 1 1 1
 1 1 1 1 1 1 1 1 1 1 1 1
 1 1 1 1 1 1 1 1 1 1 1 1
 1 1 1 1 1 1 1 1 1 1 1 1
 1 1 1 1 1 1 1 1 1 1 1 1
 1 1 1 1 1 1 1 1 1 1 1 1
 1 1 1 1 1 1 1 1 1 1 1 1
 1 1 1 1 1 1 1 1 1 1 1 1
 1 1 1 1 1 1 1 1 1 1 1 1
 1 1 1 1 1 1 1 1 1 1 1 1
 1 1 1 1 1 1 1 1 1 1 1 1
 1 1 1 1 1 1 1 1 1 1 1 1
 1 1 1 1 1 1 1 1 1 1 1 1
 1 1 1 1 1 1 1 1 1 1 1 1
 1 1 1 1 1 1 1 1 1 1 1 1
 1 1 1 1 1 1 1 1 1 1 1 1
# wt_pop
 0.000530656 0.00119633 0.00205827 0.00303499 0.00405521 0.0050647 0.00602623 0.00691692 0.00772489 0.00844611 0.00908185 0.0096367
# maturity
 0.0229774 0.320821 0.904651 0.99478 0.999739 0.999987 0.999999 1 1 1 1 1
# spawnmo
1
# age_err
 1 0 0 0 0 0 0 0 0 0 0 0
 0 1 0 0 0 0 0 0 0 0 0 0
 0 0 1 0 0 0 0 0 0 0 0 0
 0 0 0 1 0 0 0 0 0 0 0 0
 0 0 0 0 1 0 0 0 0 0 0 0
 0 0 0 0 0 1 0 0 0 0 0 0
 0 0 0 0 0 0 1 0 0 0 0 0
 0 0 0 0 0 0 0 1 0 0 0 0
 0 0 0 0 0 0 0 0 1 0 0 0
 0 0 0 0 0 0 0 0 0 1 0 0
 0 0 0 0 0 0 0 0 0 0 1 0
 0 0 0 0 0 0 0 0 0 0 0 1
# cntrlfile_name
C:\Users\bai.li\Desktop\s1_test\AMAK\s160\amak.dat
# Map shared selectivity: 
# sel_map
 1 2
 1 1
# datafile_name
amak_data.dat
# model_name
OM_1
# SrType
2
# use_age_err
0
# retro
0
# sigmarprior
0.2
# cvsigmarprior
0.25
# phase_sigmar
-3
# styr_rec_est
1
# endyr_rec_est
30
# Linfprior
80
# cvLinfprior
0.25
# kprior
0.18
# cvkprior
0.25
# Loprior
27.688
# cvLoprior
0.25
# sdageprior
0.1
# cvsdageprior
0.25
# natmortprior
0.2
# cvnatmortprior
0.25
# phase_M
-4
# npars_Mage
0
# ages_M_changes

# Mage_in

# phase_Mage
-5
# phase_rw_M
0
# npars_rw_M
0
# yrs_rw_M

# sigma_rw_M

# qprior
 3.48998e-007
# cvqprior
 1
# phase_q
 1
# q_power_prior
 1
# cvq_power_prior
 0.2
# phase_q_power
 -4
# phase_rw_q
 -1
# npars_rw_q
 0
# yrs_rw_q

# sigma_rw_q

# q_age_min
 1
# q_age_max
 12
# q_age_min
 1
# q_age_max
 12
# fsh_sel_opt(k)
2
# phase_sel_fsh(k)
-2
# n_sel_ch_fsh(k)
1
# sel_slp_in_fsh(k)(1,n_sel_ch_fsh(k))
 1
# sel_inf_in_fsh(k)(1,n_sel_ch_fsh(k))
 2
# logsel_slp_in_fsh(k)(1,n_sel_ch_fsh(k))
 0
# yrs_sel_ch_fsh(k)(1,n_sel_ch_fsh(k))
 1

Survey survey_index1
# ind_sel_opt(k)
2
# indname(k)
survey_index1
# nselages_in_ind(k)
11
# phase_sel_ind(k)
-2
# sel_change_in_ind(k)
 1 0 0 0 0 0 0 0 0 0 0 0 0 0 0 0 0 0 0 0 0 0 0 0 0 0 0 0 0 0
# n_sel_ch_ind(k)
1
# yrs_sel_ch_ind(k)(1,n_sel_ch_ind(k))
 1
# sel_slp_in_ind(k,1)
2
# sel_inf_in_ind(k,1)
1.5
# logsel_slp_in_ind(k,1)
0.693147
# logsel_slp_in_indv(k)
0.693147
survey_index1 ind sel opt 2  1 0 0 0 0 0 0 0 0 0 0 0 0 0 0 0 0 0 0 0 0 0 0 0 0 0 0 0 0 0
Phase indices Sel_Coffs:  -1
 Test: 1.23457e+008
# Fshry Selages:  11
# Srvy  Selages:  11
# Phase for age-spec fishery  -1
# Phase for logistic fishery  -2
# Phase for dble logistic fishery  -1
# Phase for age-spec indices   -1
# Phase for logistic indices   -2
# Phase for dble logistic ind  -1
# Curv_pen_fsh: 
 0
# Curv_pen_ind: 
 0
# styr_fut
31
# endyr_fut
35
# nyrs_fsh_age
 30
# nyrs_fsh_age
 30
# yrs_fsh_age
 1 2 3 4 5 6 7 8 9 10 11 12 13 14 15 16 17 18 19 20 21 22 23 24 25 26 27 28 29 30
# n_sample_fsh_age
 200 200 200 200 200 200 200 200 200 200 200 200 200 200 200 200 200 200 200 200 200 200 200 200 200 200 200 200 200 200
# oac_fsh
 0.07 0.115 0.12 0.135 0.055 0.09 0.075 0.055 0.035 0.06 0.04 0.15
 0.07 0.11 0.125 0.14 0.085 0.06 0.065 0.07 0.03 0.07 0.02 0.155
 0.085 0.14 0.105 0.125 0.1 0.08 0.085 0.03 0.05 0.07 0.015 0.115
 0.045 0.11 0.12 0.15 0.075 0.09 0.07 0.06 0.065 0.045 0.04 0.13
 0.105 0.095 0.105 0.155 0.085 0.06 0.07 0.075 0.04 0.05 0.035 0.125
 0.11 0.12 0.065 0.12 0.12 0.08 0.045 0.055 0.05 0.045 0.03 0.16
 0.075 0.16 0.155 0.09 0.11 0.04 0.07 0.085 0.045 0.02 0.02 0.13
 0.055 0.065 0.205 0.145 0.09 0.09 0.08 0.055 0.055 0.03 0.02 0.11
 0.075 0.145 0.115 0.16 0.135 0.055 0.04 0.065 0.025 0.04 0.04 0.105
 0.13 0.105 0.16 0.105 0.185 0.09 0.045 0.02 0.035 0.03 0.015 0.08
 0.09 0.185 0.125 0.135 0.055 0.055 0.085 0.06 0.045 0.04 0.02 0.105
 0.07 0.135 0.105 0.14 0.165 0.09 0.095 0.08 0.005 0.01 0.025 0.08
 0.11 0.12 0.15 0.155 0.135 0.1 0.025 0.04 0.04 0.01 0.025 0.09
 0.125 0.145 0.17 0.125 0.09 0.09 0.075 0.04 0.055 0.01 0.015 0.06
 0.075 0.135 0.14 0.14 0.145 0.08 0.055 0.05 0.045 0.045 0.03 0.06
 0.105 0.16 0.235 0.1 0.08 0.13 0.045 0.025 0.035 0 0.01 0.075
 0.12 0.15 0.145 0.16 0.19 0.03 0.055 0.045 0.03 0.04 0.005 0.03
 0.075 0.205 0.17 0.115 0.125 0.085 0.035 0.085 0.035 0.035 0.01 0.025
 0.11 0.125 0.215 0.155 0.1 0.105 0.07 0.03 0.005 0.025 0.015 0.045
 0.09 0.175 0.175 0.165 0.155 0.09 0.035 0.04 0.03 0.025 0.005 0.015
 0.145 0.165 0.19 0.12 0.15 0.06 0.035 0.04 0.02 0.035 0.005 0.035
 0.135 0.21 0.18 0.135 0.06 0.1 0.065 0.045 0.025 0.025 0 0.02
 0.125 0.195 0.205 0.14 0.105 0.085 0.04 0.03 0.015 0.02 0.01 0.03
 0.095 0.165 0.26 0.21 0.075 0.075 0.025 0.035 0.035 0 0.01 0.015
 0.175 0.175 0.195 0.15 0.175 0.045 0.03 0.03 0.005 0.005 0.005 0.01
 0.09 0.3 0.165 0.16 0.145 0.07 0.02 0.015 0.005 0.015 0.005 0.01
 0.155 0.16 0.275 0.12 0.08 0.075 0.055 0.035 0.01 0.01 0.005 0.02
 0.145 0.2 0.17 0.18 0.11 0.105 0.035 0.035 0.005 0.005 0 0.01
 0.195 0.25 0.165 0.115 0.125 0.065 0.04 0.015 0.015 0.005 0 0.01
 0.14 0.27 0.2 0.175 0.06 0.065 0.03 0.02 0.01 0.015 0.005 0.01
# olc_fsh

# wt_fsh
 0.000530656 0.00119633 0.00205827 0.00303499 0.00405521 0.0050647 0.00602623 0.00691692 0.00772489 0.00844611 0.00908185 0.0096367
 0.000530656 0.00119633 0.00205827 0.00303499 0.00405521 0.0050647 0.00602623 0.00691692 0.00772489 0.00844611 0.00908185 0.0096367
 0.000530656 0.00119633 0.00205827 0.00303499 0.00405521 0.0050647 0.00602623 0.00691692 0.00772489 0.00844611 0.00908185 0.0096367
 0.000530656 0.00119633 0.00205827 0.00303499 0.00405521 0.0050647 0.00602623 0.00691692 0.00772489 0.00844611 0.00908185 0.0096367
 0.000530656 0.00119633 0.00205827 0.00303499 0.00405521 0.0050647 0.00602623 0.00691692 0.00772489 0.00844611 0.00908185 0.0096367
 0.000530656 0.00119633 0.00205827 0.00303499 0.00405521 0.0050647 0.00602623 0.00691692 0.00772489 0.00844611 0.00908185 0.0096367
 0.000530656 0.00119633 0.00205827 0.00303499 0.00405521 0.0050647 0.00602623 0.00691692 0.00772489 0.00844611 0.00908185 0.0096367
 0.000530656 0.00119633 0.00205827 0.00303499 0.00405521 0.0050647 0.00602623 0.00691692 0.00772489 0.00844611 0.00908185 0.0096367
 0.000530656 0.00119633 0.00205827 0.00303499 0.00405521 0.0050647 0.00602623 0.00691692 0.00772489 0.00844611 0.00908185 0.0096367
 0.000530656 0.00119633 0.00205827 0.00303499 0.00405521 0.0050647 0.00602623 0.00691692 0.00772489 0.00844611 0.00908185 0.0096367
 0.000530656 0.00119633 0.00205827 0.00303499 0.00405521 0.0050647 0.00602623 0.00691692 0.00772489 0.00844611 0.00908185 0.0096367
 0.000530656 0.00119633 0.00205827 0.00303499 0.00405521 0.0050647 0.00602623 0.00691692 0.00772489 0.00844611 0.00908185 0.0096367
 0.000530656 0.00119633 0.00205827 0.00303499 0.00405521 0.0050647 0.00602623 0.00691692 0.00772489 0.00844611 0.00908185 0.0096367
 0.000530656 0.00119633 0.00205827 0.00303499 0.00405521 0.0050647 0.00602623 0.00691692 0.00772489 0.00844611 0.00908185 0.0096367
 0.000530656 0.00119633 0.00205827 0.00303499 0.00405521 0.0050647 0.00602623 0.00691692 0.00772489 0.00844611 0.00908185 0.0096367
 0.000530656 0.00119633 0.00205827 0.00303499 0.00405521 0.0050647 0.00602623 0.00691692 0.00772489 0.00844611 0.00908185 0.0096367
 0.000530656 0.00119633 0.00205827 0.00303499 0.00405521 0.0050647 0.00602623 0.00691692 0.00772489 0.00844611 0.00908185 0.0096367
 0.000530656 0.00119633 0.00205827 0.00303499 0.00405521 0.0050647 0.00602623 0.00691692 0.00772489 0.00844611 0.00908185 0.0096367
 0.000530656 0.00119633 0.00205827 0.00303499 0.00405521 0.0050647 0.00602623 0.00691692 0.00772489 0.00844611 0.00908185 0.0096367
 0.000530656 0.00119633 0.00205827 0.00303499 0.00405521 0.0050647 0.00602623 0.00691692 0.00772489 0.00844611 0.00908185 0.0096367
 0.000530656 0.00119633 0.00205827 0.00303499 0.00405521 0.0050647 0.00602623 0.00691692 0.00772489 0.00844611 0.00908185 0.0096367
 0.000530656 0.00119633 0.00205827 0.00303499 0.00405521 0.0050647 0.00602623 0.00691692 0.00772489 0.00844611 0.00908185 0.0096367
 0.000530656 0.00119633 0.00205827 0.00303499 0.00405521 0.0050647 0.00602623 0.00691692 0.00772489 0.00844611 0.00908185 0.0096367
 0.000530656 0.00119633 0.00205827 0.00303499 0.00405521 0.0050647 0.00602623 0.00691692 0.00772489 0.00844611 0.00908185 0.0096367
 0.000530656 0.00119633 0.00205827 0.00303499 0.00405521 0.0050647 0.00602623 0.00691692 0.00772489 0.00844611 0.00908185 0.0096367
 0.000530656 0.00119633 0.00205827 0.00303499 0.00405521 0.0050647 0.00602623 0.00691692 0.00772489 0.00844611 0.00908185 0.0096367
 0.000530656 0.00119633 0.00205827 0.00303499 0.00405521 0.0050647 0.00602623 0.00691692 0.00772489 0.00844611 0.00908185 0.0096367
 0.000530656 0.00119633 0.00205827 0.00303499 0.00405521 0.0050647 0.00602623 0.00691692 0.00772489 0.00844611 0.00908185 0.0096367
 0.000530656 0.00119633 0.00205827 0.00303499 0.00405521 0.0050647 0.00602623 0.00691692 0.00772489 0.00844611 0.00908185 0.0096367
 0.000530656 0.00119633 0.00205827 0.00303499 0.00405521 0.0050647 0.00602623 0.00691692 0.00772489 0.00844611 0.00908185 0.0096367
# nyrs_ind_age
 30
# yrs_ind_age
 1 2 3 4 5 6 7 8 9 10 11 12 13 14 15 16 17 18 19 20 21 22 23 24 25 26 27 28 29 30
# n_sample_ind_age
 200 200 200 200 200 200 200 200 200 200 200 200 200 200 200 200 200 200 200 200 200 200 200 200 200 200 200 200 200 200
# oac_ind
 0.095 0.155 0.105 0.09 0.09 0.09 0.045 0.045 0.07 0.025 0.04 0.15
 0.085 0.1 0.12 0.135 0.13 0.075 0.08 0.055 0.03 0.035 0.03 0.125
 0.035 0.185 0.17 0.08 0.08 0.075 0.06 0.07 0.05 0.06 0.035 0.1
 0.065 0.11 0.105 0.15 0.105 0.1 0.06 0.06 0.06 0.035 0.015 0.135
 0.095 0.125 0.15 0.11 0.135 0.09 0.05 0.045 0.035 0.05 0.01 0.105
 0.05 0.185 0.165 0.09 0.095 0.09 0.065 0.075 0.04 0.02 0.005 0.12
 0.065 0.145 0.185 0.08 0.135 0.105 0.075 0.03 0.045 0.02 0.02 0.095
 0.06 0.14 0.155 0.17 0.065 0.075 0.055 0.05 0.06 0.04 0.02 0.11
 0.025 0.185 0.165 0.185 0.14 0.065 0.07 0.05 0.015 0.01 0.015 0.075
 0.08 0.19 0.125 0.175 0.135 0.05 0.045 0.015 0.045 0.01 0.03 0.1
 0.085 0.16 0.12 0.175 0.105 0.055 0.085 0.04 0.02 0.04 0.01 0.105
 0.075 0.145 0.19 0.145 0.12 0.09 0.065 0.04 0.035 0.015 0.025 0.055
 0.085 0.17 0.225 0.17 0.11 0.065 0.035 0.05 0.03 0.005 0.03 0.025
 0.09 0.18 0.14 0.15 0.12 0.11 0.045 0.035 0.045 0.015 0.015 0.055
 0.1 0.155 0.22 0.1 0.165 0.085 0.035 0.05 0.025 0.015 0.005 0.045
 0.11 0.185 0.19 0.15 0.105 0.065 0.085 0.025 0.01 0.01 0.01 0.055
 0.11 0.195 0.195 0.15 0.085 0.065 0.055 0.06 0.02 0.01 0.015 0.04
 0.06 0.2 0.275 0.125 0.085 0.07 0.045 0.045 0.025 0.01 0.02 0.04
 0.055 0.2 0.225 0.175 0.11 0.075 0.05 0.025 0.02 0.015 0.01 0.04
 0.115 0.215 0.185 0.15 0.14 0.08 0.01 0.015 0.03 0.01 0.015 0.035
 0.145 0.14 0.23 0.145 0.125 0.085 0.05 0.025 0.005 0.015 0.01 0.025
 0.165 0.3 0.17 0.12 0.055 0.06 0.035 0.025 0.035 0.01 0.005 0.02
 0.105 0.28 0.28 0.105 0.09 0.05 0.025 0.02 0.01 0.015 0.01 0.01
 0.07 0.21 0.29 0.185 0.06 0.07 0.03 0.03 0.02 0.02 0 0.015
 0.135 0.205 0.16 0.195 0.125 0.08 0.03 0.04 0.01 0.02 0 0
 0.115 0.285 0.21 0.145 0.1 0.07 0.02 0.02 0.01 0.01 0.005 0.01
 0.13 0.15 0.24 0.145 0.12 0.1 0.06 0.005 0.02 0.005 0.01 0.015
 0.16 0.225 0.135 0.23 0.055 0.08 0.045 0.02 0.015 0.015 0.005 0.015
 0.135 0.35 0.145 0.14 0.09 0.045 0.03 0.03 0.005 0.015 0 0.015
 0.08 0.295 0.28 0.165 0.08 0.045 0.015 0.01 0.015 0.015 0 0
# olc_ind

# obs_lse_ind
 0.198042 0.198042 0.198042 0.198042 0.198042 0.198042 0.198042 0.198042 0.198042 0.198042 0.198042 0.198042 0.198042 0.198042 0.198042 0.198042 0.198042 0.198042 0.198042 0.198042 0.198042 0.198042 0.198042 0.198042 0.198042 0.198042 0.198042 0.198042 0.198042 0.198042
# xages_fsh
 0 0 0 0 0 0 0 0 0 0 0 0
# xages_fsh
 0 0.0909091 0.181818 0.272727 0.363636 0.454545 0.545455 0.636364 0.727273 0.818182 0.909091 1
# xnodes_fsh

Yrs fsh_sel change:  1 0 0 0 0 0 0 0 0 0 0 0 0 0 0 0 0 0 0 0 0 0 0 0 0 0 0 0 0
Yrs ind_sel change:  1 0 0 0 0 0 0 0 0 0 0 0 0 0 0 0 0 0 0 0 0 0 0 0 0 0 0 0 0
# steepnessprior
0.75
# sigmarprior
0.2
#  SSB estimated in styr endyr: -12 28 
#  Rec estimated in styr endyr: -10 30 
#  SR Curve fit  in styr endyr: 1 30 
#             Model styr endyr: 1 30 
# qprior
 3.48998e-007
# q_power_prior 
 1 
# cv_catchbiomass 
0.05 
# CatchbiomassPen 
200 
# Number of projection years 
5 
# offset_fsh
 13441.1
# offset_ind
 13096.1
Mean Catch
1275.16
R_guess 
13.8155
# nfsh
1
# n_sel_ch_fsh
 1
# nselages_fsh
 11
# phase_selcoff_fsh
 -1
logRzero 13.8155
logmeanrec 13.8155
exp(log_sigmarprior 0.2
Fish sel phase: -1 OM1
Fixing fishery sel to
1
Fixing fishery sel to
1
Srvy sel phase: -1
Fixing survey_index1 indices sel to
1
Fixing index sel to
1
# logsel_slp_in_indv
 0.693147
Leaving parameter init secton
# M
 0.2 0.2 0.2 0.2 0.2 0.2 0.2 0.2 0.2 0.2 0.2 0.2
 0.2 0.2 0.2 0.2 0.2 0.2 0.2 0.2 0.2 0.2 0.2 0.2
 0.2 0.2 0.2 0.2 0.2 0.2 0.2 0.2 0.2 0.2 0.2 0.2
 0.2 0.2 0.2 0.2 0.2 0.2 0.2 0.2 0.2 0.2 0.2 0.2
 0.2 0.2 0.2 0.2 0.2 0.2 0.2 0.2 0.2 0.2 0.2 0.2
 0.2 0.2 0.2 0.2 0.2 0.2 0.2 0.2 0.2 0.2 0.2 0.2
 0.2 0.2 0.2 0.2 0.2 0.2 0.2 0.2 0.2 0.2 0.2 0.2
 0.2 0.2 0.2 0.2 0.2 0.2 0.2 0.2 0.2 0.2 0.2 0.2
 0.2 0.2 0.2 0.2 0.2 0.2 0.2 0.2 0.2 0.2 0.2 0.2
 0.2 0.2 0.2 0.2 0.2 0.2 0.2 0.2 0.2 0.2 0.2 0.2
 0.2 0.2 0.2 0.2 0.2 0.2 0.2 0.2 0.2 0.2 0.2 0.2
 0.2 0.2 0.2 0.2 0.2 0.2 0.2 0.2 0.2 0.2 0.2 0.2
 0.2 0.2 0.2 0.2 0.2 0.2 0.2 0.2 0.2 0.2 0.2 0.2
 0.2 0.2 0.2 0.2 0.2 0.2 0.2 0.2 0.2 0.2 0.2 0.2
 0.2 0.2 0.2 0.2 0.2 0.2 0.2 0.2 0.2 0.2 0.2 0.2
 0.2 0.2 0.2 0.2 0.2 0.2 0.2 0.2 0.2 0.2 0.2 0.2
 0.2 0.2 0.2 0.2 0.2 0.2 0.2 0.2 0.2 0.2 0.2 0.2
 0.2 0.2 0.2 0.2 0.2 0.2 0.2 0.2 0.2 0.2 0.2 0.2
 0.2 0.2 0.2 0.2 0.2 0.2 0.2 0.2 0.2 0.2 0.2 0.2
 0.2 0.2 0.2 0.2 0.2 0.2 0.2 0.2 0.2 0.2 0.2 0.2
 0.2 0.2 0.2 0.2 0.2 0.2 0.2 0.2 0.2 0.2 0.2 0.2
 0.2 0.2 0.2 0.2 0.2 0.2 0.2 0.2 0.2 0.2 0.2 0.2
 0.2 0.2 0.2 0.2 0.2 0.2 0.2 0.2 0.2 0.2 0.2 0.2
 0.2 0.2 0.2 0.2 0.2 0.2 0.2 0.2 0.2 0.2 0.2 0.2
 0.2 0.2 0.2 0.2 0.2 0.2 0.2 0.2 0.2 0.2 0.2 0.2
 0.2 0.2 0.2 0.2 0.2 0.2 0.2 0.2 0.2 0.2 0.2 0.2
 0.2 0.2 0.2 0.2 0.2 0.2 0.2 0.2 0.2 0.2 0.2 0.2
 0.2 0.2 0.2 0.2 0.2 0.2 0.2 0.2 0.2 0.2 0.2 0.2
 0.2 0.2 0.2 0.2 0.2 0.2 0.2 0.2 0.2 0.2 0.2 0.2
 0.2 0.2 0.2 0.2 0.2 0.2 0.2 0.2 0.2 0.2 0.2 0.2
# mean_log_rec
13.7639
# log_Rzero
13.8073
# rec_dev
 -0.0558919 0.028866 -0.0572717 0.0790107 0.0117942 0.0107876 0.0759482 -0.093424 -0.00668217 0.0601114 0.0237462 0.083471 0.149181 -0.00290902 -0.144123 0.2667 0.273998 -0.0411313 0.128673 -0.0214767 0.107348 0.0977197 -0.137908 0.0216364 0.0387371 -0.0537993 0.091601 0.0520938 -0.276702 -0.179039 -0.322607 0.0846351 0.0091103 -0.252072 -0.426003 -0.0867314 -0.550034 -0.330062 -0.0907087 -0.0866286 -0.40879
# fmort
 0.00910561 0.0269636 0.0447005 0.0614403 0.049046 0.0889111 0.0913523 0.19351 0.114322 0.140057 0.158971 0.171165 0.123654 0.1799 0.189365 0.167623 0.328563 0.266771 0.267213 0.257896 0.360042 0.260268 0.416019 0.341145 0.338287 0.302994 0.292946 0.408877 0.306855 0.458426
# rec_dev_future
 0 0 0 0 0
