AMAK;August_2013
# styr
1
# endyr
30
# rec_age
1
# oldest_age
12
# nlength
81
# len_bins
 10 11 12 13 14 15 16 17 18 19 20 21 22 23 24 25 26 27 28 29 30 31 32 33 34 35 36 37 38 39 40 41 42 43 44 45 46 47 48 49 50 51 52 53 54 55 56 57 58 59 60 61 62 63 64 65 66 67 68 69 70 71 72 73 74 75 76 77 78 79 80 81 82 83 84 85 86 87 88 89 90
# datafile_name
amak_data.dat
# model_name
OM_1
# styr
1
# endyr
30
# rec_age
1
# oldest_age
12
# nfsh
1
# fshname
OM1
# catch_bio_in
 161.468 466.746 760.291 997.559 763.185 1322.33 1267.64 2489 1322.08 1535.37 1616.31 1618.88 1107.78 1534.96 1497.89 1274.91 2279.2 1605.8 1469.3 1316.91 1627.99 1063.72 1629.68 1202.6 1110.84 971.956 925.802 1215.27 875.963 1275.88
# catch_bio_sd_in
 0.01 0.01 0.01 0.01 0.01 0.01 0.01 0.01 0.01 0.01 0.01 0.01 0.01 0.01 0.01 0.01 0.01 0.01 0.01 0.01 0.01 0.01 0.01 0.01 0.01 0.01 0.01 0.01 0.01 0.01
# nyrs_fsh_age
 30
# nyrs_fsh_length
 0
# yrs_fsh_age_in
 1 2 3 4 5 6 7 8 9 10 11 12 13 14 15 16 17 18 19 20 21 22 23 24 25 26 27 28 29 30
# yrs_fsh_length_in

# n_sample_fsh_length_in

# olc_fsh_in

# nind
1
# indname
survey_index1
# nyrs_ind
 30
# yrs_ind_in
 1 2 3 4 5 6 7 8 9 10 11 12 13 14 15 16 17 18 19 20 21 22 23 24 25 26 27 28 29 30
# mo_ind
 1
# obs_ind_in
 1.69082 1.2576 1.26086 1.46411 1.61436 1.44482 1.61 1.5095 1.20162 1.26258 1.21092 1.10861 0.836871 1.06541 0.897315 0.904701 0.728484 0.908799 0.732199 0.686471 0.513501 0.57161 0.681876 0.6021 0.637277 0.53796 0.442188 0.57449 0.565805 0.600234
# obs_se_ind_in
 0.338165 0.251521 0.252171 0.292822 0.322872 0.288964 0.322 0.3019 0.240325 0.252517 0.242184 0.221722 0.167374 0.213081 0.179463 0.18094 0.145697 0.18176 0.14644 0.137294 0.1027 0.114322 0.136375 0.12042 0.127455 0.107592 0.0884376 0.114898 0.113161 0.120047
# nyrs_ind_age
 30
# nyrs_ind_length
 0
# yrs_ind_age_in
 1 2 3 4 5 6 7 8 9 10 11 12 13 14 15 16 17 18 19 20 21 22 23 24 25 26 27 28 29 30
# yrs_ind_length_in

# yrs_ind_age_in
 1 2 3 4 5 6 7 8 9 10 11 12 13 14 15 16 17 18 19 20 21 22 23 24 25 26 27 28 29 30
# n_sample_ind_length_in

# olc_ind_in

# oac_ind_in
 0.07 0.14 0.14 0.08 0.1 0.11 0.065 0.055 0.07 0.03 0.065 0.075
 0.05 0.145 0.215 0.1 0.06 0.045 0.05 0.06 0.055 0.07 0.03 0.12
 0.07 0.17 0.135 0.12 0.11 0.085 0.065 0.04 0.05 0.015 0.035 0.105
 0.06 0.155 0.145 0.135 0.07 0.09 0.065 0.065 0.04 0.03 0.055 0.09
 0.105 0.145 0.115 0.145 0.055 0.06 0.07 0.075 0.045 0.04 0.035 0.11
 0.07 0.255 0.09 0.14 0.125 0.065 0.03 0.035 0.02 0.035 0.04 0.095
 0.08 0.12 0.21 0.08 0.09 0.125 0.06 0.055 0.04 0.02 0.025 0.095
 0.105 0.105 0.195 0.17 0.075 0.05 0.06 0.055 0.035 0.03 0.02 0.1
 0.045 0.14 0.2 0.21 0.105 0.08 0.03 0.065 0.02 0.025 0.02 0.06
 0.07 0.19 0.225 0.125 0.115 0.055 0.015 0.035 0.025 0.02 0.01 0.115
 0.09 0.17 0.175 0.16 0.115 0.08 0.05 0.035 0.025 0.025 0.045 0.03
 0.085 0.215 0.18 0.115 0.115 0.065 0.05 0.045 0.035 0.005 0.015 0.075
 0.065 0.145 0.19 0.145 0.135 0.075 0.05 0.04 0.05 0.02 0.03 0.055
 0.11 0.18 0.155 0.155 0.12 0.06 0.055 0.02 0.05 0.015 0.01 0.07
 0.05 0.18 0.18 0.11 0.12 0.115 0.045 0.085 0.03 0.02 0.01 0.055
 0.15 0.165 0.195 0.11 0.11 0.06 0.04 0.04 0.03 0.02 0.015 0.065
 0.115 0.2 0.135 0.135 0.12 0.125 0.075 0.015 0.02 0.01 0.015 0.035
 0.08 0.21 0.195 0.175 0.08 0.08 0.045 0.045 0.02 0.015 0.015 0.04
 0.11 0.175 0.205 0.195 0.1 0.04 0.045 0.03 0.02 0.025 0.01 0.045
 0.09 0.24 0.16 0.16 0.07 0.085 0.055 0.03 0.01 0.03 0.015 0.055
 0.1 0.22 0.195 0.14 0.085 0.095 0.025 0.055 0.01 0.015 0.01 0.05
 0.075 0.275 0.195 0.18 0.095 0.07 0.04 0.025 0.01 0.02 0.01 0.005
 0.06 0.24 0.25 0.12 0.085 0.055 0.05 0.025 0.04 0.025 0.005 0.045
 0.065 0.235 0.24 0.22 0.045 0.08 0.04 0.03 0.015 0.005 0.005 0.02
 0.125 0.21 0.23 0.21 0.09 0.03 0.015 0.02 0.01 0.015 0.005 0.04
 0.1 0.26 0.215 0.15 0.145 0.025 0.02 0.02 0.01 0.015 0.015 0.025
 0.125 0.26 0.21 0.13 0.11 0.055 0.055 0.01 0.025 0.005 0 0.015
 0.14 0.315 0.195 0.125 0.055 0.05 0.05 0.035 0.005 0.005 0.005 0.02
 0.13 0.285 0.25 0.13 0.1 0.04 0.035 0.01 0.005 0 0.005 0.01
 0.105 0.28 0.235 0.135 0.085 0.065 0.03 0.025 0.005 0.02 0.01 0.005
# wt_ind
 1 1 1 1 1 1 1 1 1 1 1 1
 1 1 1 1 1 1 1 1 1 1 1 1
 1 1 1 1 1 1 1 1 1 1 1 1
 1 1 1 1 1 1 1 1 1 1 1 1
 1 1 1 1 1 1 1 1 1 1 1 1
 1 1 1 1 1 1 1 1 1 1 1 1
 1 1 1 1 1 1 1 1 1 1 1 1
 1 1 1 1 1 1 1 1 1 1 1 1
 1 1 1 1 1 1 1 1 1 1 1 1
 1 1 1 1 1 1 1 1 1 1 1 1
 1 1 1 1 1 1 1 1 1 1 1 1
 1 1 1 1 1 1 1 1 1 1 1 1
 1 1 1 1 1 1 1 1 1 1 1 1
 1 1 1 1 1 1 1 1 1 1 1 1
 1 1 1 1 1 1 1 1 1 1 1 1
 1 1 1 1 1 1 1 1 1 1 1 1
 1 1 1 1 1 1 1 1 1 1 1 1
 1 1 1 1 1 1 1 1 1 1 1 1
 1 1 1 1 1 1 1 1 1 1 1 1
 1 1 1 1 1 1 1 1 1 1 1 1
 1 1 1 1 1 1 1 1 1 1 1 1
 1 1 1 1 1 1 1 1 1 1 1 1
 1 1 1 1 1 1 1 1 1 1 1 1
 1 1 1 1 1 1 1 1 1 1 1 1
 1 1 1 1 1 1 1 1 1 1 1 1
 1 1 1 1 1 1 1 1 1 1 1 1
 1 1 1 1 1 1 1 1 1 1 1 1
 1 1 1 1 1 1 1 1 1 1 1 1
 1 1 1 1 1 1 1 1 1 1 1 1
 1 1 1 1 1 1 1 1 1 1 1 1
# wt_pop
 0.000530656 0.00119633 0.00205827 0.00303499 0.00405521 0.0050647 0.00602623 0.00691692 0.00772489 0.00844611 0.00908185 0.0096367
# maturity
 0.0229774 0.320821 0.904651 0.99478 0.999739 0.999987 0.999999 1 1 1 1 1
# spawnmo
1
# age_err
 1 0 0 0 0 0 0 0 0 0 0 0
 0 1 0 0 0 0 0 0 0 0 0 0
 0 0 1 0 0 0 0 0 0 0 0 0
 0 0 0 1 0 0 0 0 0 0 0 0
 0 0 0 0 1 0 0 0 0 0 0 0
 0 0 0 0 0 1 0 0 0 0 0 0
 0 0 0 0 0 0 1 0 0 0 0 0
 0 0 0 0 0 0 0 1 0 0 0 0
 0 0 0 0 0 0 0 0 1 0 0 0
 0 0 0 0 0 0 0 0 0 1 0 0
 0 0 0 0 0 0 0 0 0 0 1 0
 0 0 0 0 0 0 0 0 0 0 0 1
# cntrlfile_name
C:\Users\bai.li\Desktop\s1_test\AMAK\s106\amak.dat
# Map shared selectivity: 
# sel_map
 1 2
 1 1
# datafile_name
amak_data.dat
# model_name
OM_1
# SrType
2
# use_age_err
0
# retro
0
# sigmarprior
0.2
# cvsigmarprior
0.25
# phase_sigmar
-3
# styr_rec_est
1
# endyr_rec_est
30
# Linfprior
80
# cvLinfprior
0.25
# kprior
0.18
# cvkprior
0.25
# Loprior
27.688
# cvLoprior
0.25
# sdageprior
0.1
# cvsdageprior
0.25
# natmortprior
0.2
# cvnatmortprior
0.25
# phase_M
-4
# npars_Mage
0
# ages_M_changes

# Mage_in

# phase_Mage
-5
# phase_rw_M
0
# npars_rw_M
0
# yrs_rw_M

# sigma_rw_M

# qprior
 3.48998e-007
# cvqprior
 1
# phase_q
 1
# q_power_prior
 1
# cvq_power_prior
 0.2
# phase_q_power
 -4
# phase_rw_q
 -1
# npars_rw_q
 0
# yrs_rw_q

# sigma_rw_q

# q_age_min
 1
# q_age_max
 12
# q_age_min
 1
# q_age_max
 12
# fsh_sel_opt(k)
2
# phase_sel_fsh(k)
-2
# n_sel_ch_fsh(k)
1
# sel_slp_in_fsh(k)(1,n_sel_ch_fsh(k))
 1
# sel_inf_in_fsh(k)(1,n_sel_ch_fsh(k))
 2
# logsel_slp_in_fsh(k)(1,n_sel_ch_fsh(k))
 0
# yrs_sel_ch_fsh(k)(1,n_sel_ch_fsh(k))
 1

Survey survey_index1
# ind_sel_opt(k)
2
# indname(k)
survey_index1
# nselages_in_ind(k)
11
# phase_sel_ind(k)
-2
# sel_change_in_ind(k)
 1 0 0 0 0 0 0 0 0 0 0 0 0 0 0 0 0 0 0 0 0 0 0 0 0 0 0 0 0 0
# n_sel_ch_ind(k)
1
# yrs_sel_ch_ind(k)(1,n_sel_ch_ind(k))
 1
# sel_slp_in_ind(k,1)
2
# sel_inf_in_ind(k,1)
1.5
# logsel_slp_in_ind(k,1)
0.693147
# logsel_slp_in_indv(k)
0.693147
survey_index1 ind sel opt 2  1 0 0 0 0 0 0 0 0 0 0 0 0 0 0 0 0 0 0 0 0 0 0 0 0 0 0 0 0 0
Phase indices Sel_Coffs:  -1
 Test: 1.23457e+008
# Fshry Selages:  11
# Srvy  Selages:  11
# Phase for age-spec fishery  -1
# Phase for logistic fishery  -2
# Phase for dble logistic fishery  -1
# Phase for age-spec indices   -1
# Phase for logistic indices   -2
# Phase for dble logistic ind  -1
# Curv_pen_fsh: 
 0
# Curv_pen_ind: 
 0
# styr_fut
31
# endyr_fut
35
# nyrs_fsh_age
 30
# nyrs_fsh_age
 30
# yrs_fsh_age
 1 2 3 4 5 6 7 8 9 10 11 12 13 14 15 16 17 18 19 20 21 22 23 24 25 26 27 28 29 30
# n_sample_fsh_age
 200 200 200 200 200 200 200 200 200 200 200 200 200 200 200 200 200 200 200 200 200 200 200 200 200 200 200 200 200 200
# oac_fsh
 0.055 0.095 0.125 0.115 0.11 0.095 0.075 0.055 0.03 0.035 0.055 0.155
 0.08 0.09 0.15 0.105 0.08 0.095 0.075 0.05 0.06 0.04 0.04 0.135
 0.07 0.075 0.12 0.12 0.145 0.105 0.05 0.08 0.035 0.045 0.03 0.125
 0.09 0.115 0.16 0.135 0.085 0.085 0.045 0.085 0.045 0.015 0.025 0.115
 0.075 0.105 0.135 0.15 0.1 0.065 0.065 0.07 0.03 0.05 0.03 0.125
 0.09 0.215 0.075 0.105 0.07 0.105 0.04 0.075 0.05 0.025 0.03 0.12
 0.085 0.18 0.12 0.085 0.085 0.105 0.04 0.07 0.04 0.035 0.045 0.11
 0.095 0.095 0.165 0.16 0.055 0.07 0.09 0.05 0.045 0.05 0.015 0.11
 0.095 0.11 0.145 0.145 0.14 0.045 0.035 0.07 0.045 0.04 0.02 0.11
 0.085 0.08 0.2 0.085 0.1 0.135 0.05 0.07 0.06 0.04 0.005 0.09
 0.12 0.1 0.2 0.155 0.095 0.09 0.095 0.05 0.005 0.005 0.01 0.075
 0.095 0.175 0.15 0.2 0.09 0.065 0.045 0.05 0.01 0.03 0.025 0.065
 0.09 0.13 0.195 0.155 0.1 0.085 0.045 0.035 0.04 0.015 0.025 0.085
 0.11 0.15 0.145 0.155 0.095 0.075 0.065 0.05 0.035 0.03 0.015 0.075
 0.09 0.14 0.15 0.14 0.135 0.115 0.03 0.055 0.01 0.025 0.025 0.085
 0.12 0.125 0.15 0.155 0.085 0.115 0.07 0.04 0.04 0.01 0.02 0.07
 0.13 0.175 0.145 0.17 0.095 0.055 0.06 0.045 0.025 0.035 0.005 0.06
 0.11 0.185 0.16 0.145 0.14 0.1 0.015 0.045 0.025 0.015 0.015 0.045
 0.135 0.125 0.195 0.165 0.12 0.075 0.075 0.035 0.01 0.015 0.005 0.045
 0.115 0.16 0.12 0.155 0.17 0.08 0.055 0.045 0.025 0.015 0.005 0.055
 0.155 0.16 0.135 0.18 0.145 0.06 0.025 0.035 0.05 0.005 0.01 0.04
 0.185 0.2 0.125 0.135 0.105 0.08 0.055 0.03 0.015 0.02 0.005 0.045
 0.125 0.265 0.22 0.095 0.115 0.045 0.045 0.035 0.005 0.015 0 0.035
 0.13 0.175 0.27 0.17 0.055 0.05 0.06 0.025 0.04 0 0 0.025
 0.15 0.19 0.14 0.21 0.12 0.055 0.055 0.02 0.03 0.005 0.005 0.02
 0.12 0.27 0.155 0.15 0.11 0.085 0.02 0.035 0.01 0.015 0.03 0
 0.13 0.21 0.245 0.16 0.085 0.07 0.035 0.02 0.02 0.005 0.005 0.015
 0.19 0.2 0.15 0.205 0.135 0.015 0.05 0.035 0.005 0 0 0.015
 0.17 0.19 0.235 0.145 0.115 0.065 0.015 0.025 0.02 0.005 0.005 0.01
 0.155 0.285 0.25 0.09 0.1 0.05 0.005 0.025 0.02 0.015 0.005 0
# olc_fsh

# wt_fsh
 0.000530656 0.00119633 0.00205827 0.00303499 0.00405521 0.0050647 0.00602623 0.00691692 0.00772489 0.00844611 0.00908185 0.0096367
 0.000530656 0.00119633 0.00205827 0.00303499 0.00405521 0.0050647 0.00602623 0.00691692 0.00772489 0.00844611 0.00908185 0.0096367
 0.000530656 0.00119633 0.00205827 0.00303499 0.00405521 0.0050647 0.00602623 0.00691692 0.00772489 0.00844611 0.00908185 0.0096367
 0.000530656 0.00119633 0.00205827 0.00303499 0.00405521 0.0050647 0.00602623 0.00691692 0.00772489 0.00844611 0.00908185 0.0096367
 0.000530656 0.00119633 0.00205827 0.00303499 0.00405521 0.0050647 0.00602623 0.00691692 0.00772489 0.00844611 0.00908185 0.0096367
 0.000530656 0.00119633 0.00205827 0.00303499 0.00405521 0.0050647 0.00602623 0.00691692 0.00772489 0.00844611 0.00908185 0.0096367
 0.000530656 0.00119633 0.00205827 0.00303499 0.00405521 0.0050647 0.00602623 0.00691692 0.00772489 0.00844611 0.00908185 0.0096367
 0.000530656 0.00119633 0.00205827 0.00303499 0.00405521 0.0050647 0.00602623 0.00691692 0.00772489 0.00844611 0.00908185 0.0096367
 0.000530656 0.00119633 0.00205827 0.00303499 0.00405521 0.0050647 0.00602623 0.00691692 0.00772489 0.00844611 0.00908185 0.0096367
 0.000530656 0.00119633 0.00205827 0.00303499 0.00405521 0.0050647 0.00602623 0.00691692 0.00772489 0.00844611 0.00908185 0.0096367
 0.000530656 0.00119633 0.00205827 0.00303499 0.00405521 0.0050647 0.00602623 0.00691692 0.00772489 0.00844611 0.00908185 0.0096367
 0.000530656 0.00119633 0.00205827 0.00303499 0.00405521 0.0050647 0.00602623 0.00691692 0.00772489 0.00844611 0.00908185 0.0096367
 0.000530656 0.00119633 0.00205827 0.00303499 0.00405521 0.0050647 0.00602623 0.00691692 0.00772489 0.00844611 0.00908185 0.0096367
 0.000530656 0.00119633 0.00205827 0.00303499 0.00405521 0.0050647 0.00602623 0.00691692 0.00772489 0.00844611 0.00908185 0.0096367
 0.000530656 0.00119633 0.00205827 0.00303499 0.00405521 0.0050647 0.00602623 0.00691692 0.00772489 0.00844611 0.00908185 0.0096367
 0.000530656 0.00119633 0.00205827 0.00303499 0.00405521 0.0050647 0.00602623 0.00691692 0.00772489 0.00844611 0.00908185 0.0096367
 0.000530656 0.00119633 0.00205827 0.00303499 0.00405521 0.0050647 0.00602623 0.00691692 0.00772489 0.00844611 0.00908185 0.0096367
 0.000530656 0.00119633 0.00205827 0.00303499 0.00405521 0.0050647 0.00602623 0.00691692 0.00772489 0.00844611 0.00908185 0.0096367
 0.000530656 0.00119633 0.00205827 0.00303499 0.00405521 0.0050647 0.00602623 0.00691692 0.00772489 0.00844611 0.00908185 0.0096367
 0.000530656 0.00119633 0.00205827 0.00303499 0.00405521 0.0050647 0.00602623 0.00691692 0.00772489 0.00844611 0.00908185 0.0096367
 0.000530656 0.00119633 0.00205827 0.00303499 0.00405521 0.0050647 0.00602623 0.00691692 0.00772489 0.00844611 0.00908185 0.0096367
 0.000530656 0.00119633 0.00205827 0.00303499 0.00405521 0.0050647 0.00602623 0.00691692 0.00772489 0.00844611 0.00908185 0.0096367
 0.000530656 0.00119633 0.00205827 0.00303499 0.00405521 0.0050647 0.00602623 0.00691692 0.00772489 0.00844611 0.00908185 0.0096367
 0.000530656 0.00119633 0.00205827 0.00303499 0.00405521 0.0050647 0.00602623 0.00691692 0.00772489 0.00844611 0.00908185 0.0096367
 0.000530656 0.00119633 0.00205827 0.00303499 0.00405521 0.0050647 0.00602623 0.00691692 0.00772489 0.00844611 0.00908185 0.0096367
 0.000530656 0.00119633 0.00205827 0.00303499 0.00405521 0.0050647 0.00602623 0.00691692 0.00772489 0.00844611 0.00908185 0.0096367
 0.000530656 0.00119633 0.00205827 0.00303499 0.00405521 0.0050647 0.00602623 0.00691692 0.00772489 0.00844611 0.00908185 0.0096367
 0.000530656 0.00119633 0.00205827 0.00303499 0.00405521 0.0050647 0.00602623 0.00691692 0.00772489 0.00844611 0.00908185 0.0096367
 0.000530656 0.00119633 0.00205827 0.00303499 0.00405521 0.0050647 0.00602623 0.00691692 0.00772489 0.00844611 0.00908185 0.0096367
 0.000530656 0.00119633 0.00205827 0.00303499 0.00405521 0.0050647 0.00602623 0.00691692 0.00772489 0.00844611 0.00908185 0.0096367
# nyrs_ind_age
 30
# yrs_ind_age
 1 2 3 4 5 6 7 8 9 10 11 12 13 14 15 16 17 18 19 20 21 22 23 24 25 26 27 28 29 30
# n_sample_ind_age
 200 200 200 200 200 200 200 200 200 200 200 200 200 200 200 200 200 200 200 200 200 200 200 200 200 200 200 200 200 200
# oac_ind
 0.07 0.14 0.14 0.08 0.1 0.11 0.065 0.055 0.07 0.03 0.065 0.075
 0.05 0.145 0.215 0.1 0.06 0.045 0.05 0.06 0.055 0.07 0.03 0.12
 0.07 0.17 0.135 0.12 0.11 0.085 0.065 0.04 0.05 0.015 0.035 0.105
 0.06 0.155 0.145 0.135 0.07 0.09 0.065 0.065 0.04 0.03 0.055 0.09
 0.105 0.145 0.115 0.145 0.055 0.06 0.07 0.075 0.045 0.04 0.035 0.11
 0.07 0.255 0.09 0.14 0.125 0.065 0.03 0.035 0.02 0.035 0.04 0.095
 0.08 0.12 0.21 0.08 0.09 0.125 0.06 0.055 0.04 0.02 0.025 0.095
 0.105 0.105 0.195 0.17 0.075 0.05 0.06 0.055 0.035 0.03 0.02 0.1
 0.045 0.14 0.2 0.21 0.105 0.08 0.03 0.065 0.02 0.025 0.02 0.06
 0.07 0.19 0.225 0.125 0.115 0.055 0.015 0.035 0.025 0.02 0.01 0.115
 0.09 0.17 0.175 0.16 0.115 0.08 0.05 0.035 0.025 0.025 0.045 0.03
 0.085 0.215 0.18 0.115 0.115 0.065 0.05 0.045 0.035 0.005 0.015 0.075
 0.065 0.145 0.19 0.145 0.135 0.075 0.05 0.04 0.05 0.02 0.03 0.055
 0.11 0.18 0.155 0.155 0.12 0.06 0.055 0.02 0.05 0.015 0.01 0.07
 0.05 0.18 0.18 0.11 0.12 0.115 0.045 0.085 0.03 0.02 0.01 0.055
 0.15 0.165 0.195 0.11 0.11 0.06 0.04 0.04 0.03 0.02 0.015 0.065
 0.115 0.2 0.135 0.135 0.12 0.125 0.075 0.015 0.02 0.01 0.015 0.035
 0.08 0.21 0.195 0.175 0.08 0.08 0.045 0.045 0.02 0.015 0.015 0.04
 0.11 0.175 0.205 0.195 0.1 0.04 0.045 0.03 0.02 0.025 0.01 0.045
 0.09 0.24 0.16 0.16 0.07 0.085 0.055 0.03 0.01 0.03 0.015 0.055
 0.1 0.22 0.195 0.14 0.085 0.095 0.025 0.055 0.01 0.015 0.01 0.05
 0.075 0.275 0.195 0.18 0.095 0.07 0.04 0.025 0.01 0.02 0.01 0.005
 0.06 0.24 0.25 0.12 0.085 0.055 0.05 0.025 0.04 0.025 0.005 0.045
 0.065 0.235 0.24 0.22 0.045 0.08 0.04 0.03 0.015 0.005 0.005 0.02
 0.125 0.21 0.23 0.21 0.09 0.03 0.015 0.02 0.01 0.015 0.005 0.04
 0.1 0.26 0.215 0.15 0.145 0.025 0.02 0.02 0.01 0.015 0.015 0.025
 0.125 0.26 0.21 0.13 0.11 0.055 0.055 0.01 0.025 0.005 0 0.015
 0.14 0.315 0.195 0.125 0.055 0.05 0.05 0.035 0.005 0.005 0.005 0.02
 0.13 0.285 0.25 0.13 0.1 0.04 0.035 0.01 0.005 0 0.005 0.01
 0.105 0.28 0.235 0.135 0.085 0.065 0.03 0.025 0.005 0.02 0.01 0.005
# olc_ind

# obs_lse_ind
 0.198042 0.198042 0.198042 0.198042 0.198042 0.198042 0.198042 0.198042 0.198042 0.198042 0.198042 0.198042 0.198042 0.198042 0.198042 0.198042 0.198042 0.198042 0.198042 0.198042 0.198042 0.198042 0.198042 0.198042 0.198042 0.198042 0.198042 0.198042 0.198042 0.198042
# xages_fsh
 0 0 0 0 0 0 0 0 0 0 0 0
# xages_fsh
 0 0.0909091 0.181818 0.272727 0.363636 0.454545 0.545455 0.636364 0.727273 0.818182 0.909091 1
# xnodes_fsh

Yrs fsh_sel change:  1 0 0 0 0 0 0 0 0 0 0 0 0 0 0 0 0 0 0 0 0 0 0 0 0 0 0 0 0
Yrs ind_sel change:  1 0 0 0 0 0 0 0 0 0 0 0 0 0 0 0 0 0 0 0 0 0 0 0 0 0 0 0 0
# steepnessprior
0.75
# sigmarprior
0.2
#  SSB estimated in styr endyr: -12 28 
#  Rec estimated in styr endyr: -10 30 
#  SR Curve fit  in styr endyr: 1 30 
#             Model styr endyr: 1 30 
# qprior
 3.48998e-007
# q_power_prior 
 1 
# cv_catchbiomass 
0.05 
# CatchbiomassPen 
200 
# Number of projection years 
5 
# offset_fsh
 13416.2
# offset_ind
 13169.8
Mean Catch
1276.91
R_guess 
13.8155
# nfsh
1
# n_sel_ch_fsh
 1
# nselages_fsh
 11
# phase_selcoff_fsh
 -1
logRzero 13.8155
logmeanrec 13.8155
exp(log_sigmarprior 0.2
Fish sel phase: -1 OM1
Fixing fishery sel to
1
Fixing fishery sel to
1
Srvy sel phase: -1
Fixing survey_index1 indices sel to
1
Fixing index sel to
1
# logsel_slp_in_indv
 0.693147
Leaving parameter init secton
# M
 0.2 0.2 0.2 0.2 0.2 0.2 0.2 0.2 0.2 0.2 0.2 0.2
 0.2 0.2 0.2 0.2 0.2 0.2 0.2 0.2 0.2 0.2 0.2 0.2
 0.2 0.2 0.2 0.2 0.2 0.2 0.2 0.2 0.2 0.2 0.2 0.2
 0.2 0.2 0.2 0.2 0.2 0.2 0.2 0.2 0.2 0.2 0.2 0.2
 0.2 0.2 0.2 0.2 0.2 0.2 0.2 0.2 0.2 0.2 0.2 0.2
 0.2 0.2 0.2 0.2 0.2 0.2 0.2 0.2 0.2 0.2 0.2 0.2
 0.2 0.2 0.2 0.2 0.2 0.2 0.2 0.2 0.2 0.2 0.2 0.2
 0.2 0.2 0.2 0.2 0.2 0.2 0.2 0.2 0.2 0.2 0.2 0.2
 0.2 0.2 0.2 0.2 0.2 0.2 0.2 0.2 0.2 0.2 0.2 0.2
 0.2 0.2 0.2 0.2 0.2 0.2 0.2 0.2 0.2 0.2 0.2 0.2
 0.2 0.2 0.2 0.2 0.2 0.2 0.2 0.2 0.2 0.2 0.2 0.2
 0.2 0.2 0.2 0.2 0.2 0.2 0.2 0.2 0.2 0.2 0.2 0.2
 0.2 0.2 0.2 0.2 0.2 0.2 0.2 0.2 0.2 0.2 0.2 0.2
 0.2 0.2 0.2 0.2 0.2 0.2 0.2 0.2 0.2 0.2 0.2 0.2
 0.2 0.2 0.2 0.2 0.2 0.2 0.2 0.2 0.2 0.2 0.2 0.2
 0.2 0.2 0.2 0.2 0.2 0.2 0.2 0.2 0.2 0.2 0.2 0.2
 0.2 0.2 0.2 0.2 0.2 0.2 0.2 0.2 0.2 0.2 0.2 0.2
 0.2 0.2 0.2 0.2 0.2 0.2 0.2 0.2 0.2 0.2 0.2 0.2
 0.2 0.2 0.2 0.2 0.2 0.2 0.2 0.2 0.2 0.2 0.2 0.2
 0.2 0.2 0.2 0.2 0.2 0.2 0.2 0.2 0.2 0.2 0.2 0.2
 0.2 0.2 0.2 0.2 0.2 0.2 0.2 0.2 0.2 0.2 0.2 0.2
 0.2 0.2 0.2 0.2 0.2 0.2 0.2 0.2 0.2 0.2 0.2 0.2
 0.2 0.2 0.2 0.2 0.2 0.2 0.2 0.2 0.2 0.2 0.2 0.2
 0.2 0.2 0.2 0.2 0.2 0.2 0.2 0.2 0.2 0.2 0.2 0.2
 0.2 0.2 0.2 0.2 0.2 0.2 0.2 0.2 0.2 0.2 0.2 0.2
 0.2 0.2 0.2 0.2 0.2 0.2 0.2 0.2 0.2 0.2 0.2 0.2
 0.2 0.2 0.2 0.2 0.2 0.2 0.2 0.2 0.2 0.2 0.2 0.2
 0.2 0.2 0.2 0.2 0.2 0.2 0.2 0.2 0.2 0.2 0.2 0.2
 0.2 0.2 0.2 0.2 0.2 0.2 0.2 0.2 0.2 0.2 0.2 0.2
 0.2 0.2 0.2 0.2 0.2 0.2 0.2 0.2 0.2 0.2 0.2 0.2
# mean_log_rec
13.762
# log_Rzero
13.7799
# rec_dev
 -0.183736 0.152473 -0.091373 0.0726611 0.0390506 -0.0479957 0.0907436 0.0185345 -0.0651828 0.0790078 0.0264288 0.044643 0.198702 0.0151931 -0.143112 0.370896 0.241432 0.0117798 0.223362 0.0621461 0.0705625 0.177316 -0.0832845 0.0111583 0.0181771 -0.119508 0.0865024 0.0168774 -0.25039 -0.153094 -0.398882 -0.030293 -0.00991974 -0.327762 -0.380243 -0.185122 -0.353766 -0.238896 -0.147092 -0.112955 -0.30511
# fmort
 0.00918179 0.0268884 0.0450024 0.0614918 0.0489047 0.0884567 0.0891981 0.190888 0.110942 0.135929 0.15258 0.163668 0.117269 0.169711 0.177174 0.159285 0.315858 0.254901 0.256101 0.250472 0.347397 0.249008 0.416223 0.344089 0.341197 0.313563 0.304348 0.418586 0.310592 0.46482
# rec_dev_future
 0 0 0 0 0
