AMAK;August_2013
# styr
1
# endyr
30
# rec_age
1
# oldest_age
12
# nlength
81
# len_bins
 10 11 12 13 14 15 16 17 18 19 20 21 22 23 24 25 26 27 28 29 30 31 32 33 34 35 36 37 38 39 40 41 42 43 44 45 46 47 48 49 50 51 52 53 54 55 56 57 58 59 60 61 62 63 64 65 66 67 68 69 70 71 72 73 74 75 76 77 78 79 80 81 82 83 84 85 86 87 88 89 90
# datafile_name
amak_data.dat
# model_name
OM_1
# styr
1
# endyr
30
# rec_age
1
# oldest_age
12
# nfsh
1
# fshname
OM1
# catch_bio_in
 161.787 469.901 763.392 993.043 765.743 1322.94 1293.91 2504.2 1319.76 1540.34 1619.28 1612.95 1111.06 1531.2 1499.78 1268.01 2247.67 1610.93 1453.34 1317.31 1625.08 1079.87 1631.5 1200.72 1116.28 975.473 917.177 1203.83 875.607 1278.71
# catch_bio_sd_in
 0.01 0.01 0.01 0.01 0.01 0.01 0.01 0.01 0.01 0.01 0.01 0.01 0.01 0.01 0.01 0.01 0.01 0.01 0.01 0.01 0.01 0.01 0.01 0.01 0.01 0.01 0.01 0.01 0.01 0.01
# nyrs_fsh_age
 30
# nyrs_fsh_length
 0
# yrs_fsh_age_in
 1 2 3 4 5 6 7 8 9 10 11 12 13 14 15 16 17 18 19 20 21 22 23 24 25 26 27 28 29 30
# yrs_fsh_length_in

# n_sample_fsh_length_in

# olc_fsh_in

# nind
1
# indname
survey_index1
# nyrs_ind
 30
# yrs_ind_in
 1 2 3 4 5 6 7 8 9 10 11 12 13 14 15 16 17 18 19 20 21 22 23 24 25 26 27 28 29 30
# mo_ind
 1
# obs_ind_in
 1.35259 1.44361 1.57825 1.48031 1.34976 1.53156 1.19825 1.51749 1.29501 1.17834 1.30627 1.29664 1.00364 1.24118 1.15412 0.860245 1.06354 0.847346 0.793461 0.648788 0.723245 0.640287 0.767811 0.556273 0.559996 0.562867 0.559808 0.55251 0.426489 0.555033
# obs_se_ind_in
 0.270518 0.288722 0.31565 0.296061 0.269952 0.306312 0.239651 0.303498 0.259003 0.235668 0.261254 0.259328 0.200727 0.248235 0.230824 0.172049 0.212707 0.169469 0.158692 0.129758 0.144649 0.128057 0.153562 0.111255 0.111999 0.112573 0.111962 0.110502 0.0852977 0.111007
# nyrs_ind_age
 30
# nyrs_ind_length
 0
# yrs_ind_age_in
 1 2 3 4 5 6 7 8 9 10 11 12 13 14 15 16 17 18 19 20 21 22 23 24 25 26 27 28 29 30
# yrs_ind_length_in

# yrs_ind_age_in
 1 2 3 4 5 6 7 8 9 10 11 12 13 14 15 16 17 18 19 20 21 22 23 24 25 26 27 28 29 30
# n_sample_ind_length_in

# olc_ind_in

# oac_ind_in
 0.05 0.1 0.17 0.1 0.095 0.08 0.075 0.055 0.08 0.02 0.04 0.135
 0.06 0.18 0.175 0.115 0.08 0.07 0.075 0.06 0.04 0.035 0.015 0.095
 0.08 0.115 0.135 0.115 0.12 0.09 0.06 0.045 0.02 0.05 0.025 0.145
 0.05 0.095 0.195 0.13 0.115 0.075 0.065 0.05 0.045 0.02 0.045 0.115
 0.09 0.115 0.105 0.145 0.105 0.07 0.075 0.045 0.04 0.04 0.035 0.135
 0.08 0.18 0.08 0.135 0.145 0.055 0.075 0.04 0.045 0.055 0.025 0.085
 0.06 0.22 0.185 0.105 0.08 0.05 0.045 0.04 0.035 0.035 0.06 0.085
 0.065 0.13 0.18 0.155 0.08 0.075 0.075 0.045 0.04 0.01 0.03 0.115
 0.065 0.185 0.165 0.175 0.11 0.06 0.025 0.08 0.045 0.015 0.02 0.055
 0.1 0.105 0.155 0.095 0.135 0.1 0.04 0.045 0.07 0.03 0.02 0.105
 0.095 0.17 0.155 0.135 0.115 0.085 0.045 0.015 0.02 0.04 0.02 0.105
 0.09 0.23 0.155 0.105 0.085 0.08 0.07 0.035 0.03 0.03 0.025 0.065
 0.09 0.165 0.175 0.165 0.08 0.08 0.075 0.035 0.03 0.015 0.02 0.07
 0.075 0.175 0.15 0.2 0.105 0.05 0.06 0.045 0.035 0.025 0.02 0.06
 0.115 0.19 0.15 0.095 0.14 0.105 0.05 0.04 0.03 0.03 0.02 0.035
 0.135 0.135 0.215 0.135 0.08 0.07 0.055 0.07 0.025 0.01 0.01 0.06
 0.065 0.27 0.17 0.135 0.09 0.095 0.045 0.04 0.015 0.03 0.005 0.04
 0.08 0.265 0.21 0.155 0.065 0.07 0.035 0.045 0.02 0.005 0.01 0.04
 0.085 0.17 0.2 0.21 0.085 0.075 0.01 0.06 0.04 0.01 0 0.055
 0.09 0.2 0.185 0.175 0.085 0.1 0.055 0.025 0.025 0.015 0.015 0.03
 0.1 0.185 0.235 0.15 0.09 0.1 0.03 0.04 0.005 0.015 0.02 0.03
 0.115 0.31 0.19 0.135 0.06 0.045 0.04 0.035 0.005 0.02 0 0.045
 0.04 0.27 0.315 0.09 0.075 0.065 0.055 0.035 0.025 0.01 0.015 0.005
 0.09 0.255 0.205 0.19 0.06 0.07 0.06 0.025 0.02 0.005 0.005 0.015
 0.115 0.175 0.27 0.175 0.125 0.045 0.045 0.025 0.005 0 0 0.02
 0.14 0.255 0.19 0.105 0.12 0.085 0.01 0.045 0.01 0.005 0.01 0.025
 0.12 0.205 0.28 0.135 0.09 0.06 0.035 0.025 0.01 0.005 0.025 0.01
 0.125 0.265 0.195 0.19 0.05 0.065 0.055 0.03 0.02 0.005 0 0
 0.155 0.305 0.23 0.06 0.115 0.055 0.035 0.025 0.015 0 0 0.005
 0.12 0.305 0.265 0.105 0.075 0.035 0.045 0.01 0.03 0.005 0 0.005
# wt_ind
 1 1 1 1 1 1 1 1 1 1 1 1
 1 1 1 1 1 1 1 1 1 1 1 1
 1 1 1 1 1 1 1 1 1 1 1 1
 1 1 1 1 1 1 1 1 1 1 1 1
 1 1 1 1 1 1 1 1 1 1 1 1
 1 1 1 1 1 1 1 1 1 1 1 1
 1 1 1 1 1 1 1 1 1 1 1 1
 1 1 1 1 1 1 1 1 1 1 1 1
 1 1 1 1 1 1 1 1 1 1 1 1
 1 1 1 1 1 1 1 1 1 1 1 1
 1 1 1 1 1 1 1 1 1 1 1 1
 1 1 1 1 1 1 1 1 1 1 1 1
 1 1 1 1 1 1 1 1 1 1 1 1
 1 1 1 1 1 1 1 1 1 1 1 1
 1 1 1 1 1 1 1 1 1 1 1 1
 1 1 1 1 1 1 1 1 1 1 1 1
 1 1 1 1 1 1 1 1 1 1 1 1
 1 1 1 1 1 1 1 1 1 1 1 1
 1 1 1 1 1 1 1 1 1 1 1 1
 1 1 1 1 1 1 1 1 1 1 1 1
 1 1 1 1 1 1 1 1 1 1 1 1
 1 1 1 1 1 1 1 1 1 1 1 1
 1 1 1 1 1 1 1 1 1 1 1 1
 1 1 1 1 1 1 1 1 1 1 1 1
 1 1 1 1 1 1 1 1 1 1 1 1
 1 1 1 1 1 1 1 1 1 1 1 1
 1 1 1 1 1 1 1 1 1 1 1 1
 1 1 1 1 1 1 1 1 1 1 1 1
 1 1 1 1 1 1 1 1 1 1 1 1
 1 1 1 1 1 1 1 1 1 1 1 1
# wt_pop
 0.000530656 0.00119633 0.00205827 0.00303499 0.00405521 0.0050647 0.00602623 0.00691692 0.00772489 0.00844611 0.00908185 0.0096367
# maturity
 0.0229774 0.320821 0.904651 0.99478 0.999739 0.999987 0.999999 1 1 1 1 1
# spawnmo
1
# age_err
 1 0 0 0 0 0 0 0 0 0 0 0
 0 1 0 0 0 0 0 0 0 0 0 0
 0 0 1 0 0 0 0 0 0 0 0 0
 0 0 0 1 0 0 0 0 0 0 0 0
 0 0 0 0 1 0 0 0 0 0 0 0
 0 0 0 0 0 1 0 0 0 0 0 0
 0 0 0 0 0 0 1 0 0 0 0 0
 0 0 0 0 0 0 0 1 0 0 0 0
 0 0 0 0 0 0 0 0 1 0 0 0
 0 0 0 0 0 0 0 0 0 1 0 0
 0 0 0 0 0 0 0 0 0 0 1 0
 0 0 0 0 0 0 0 0 0 0 0 1
# cntrlfile_name
C:\Users\bai.li\Desktop\s1_test\AMAK\s129\amak.dat
# Map shared selectivity: 
# sel_map
 1 2
 1 1
# datafile_name
amak_data.dat
# model_name
OM_1
# SrType
2
# use_age_err
0
# retro
0
# sigmarprior
0.2
# cvsigmarprior
0.25
# phase_sigmar
-3
# styr_rec_est
1
# endyr_rec_est
30
# Linfprior
80
# cvLinfprior
0.25
# kprior
0.18
# cvkprior
0.25
# Loprior
27.688
# cvLoprior
0.25
# sdageprior
0.1
# cvsdageprior
0.25
# natmortprior
0.2
# cvnatmortprior
0.25
# phase_M
-4
# npars_Mage
0
# ages_M_changes

# Mage_in

# phase_Mage
-5
# phase_rw_M
0
# npars_rw_M
0
# yrs_rw_M

# sigma_rw_M

# qprior
 3.48998e-007
# cvqprior
 1
# phase_q
 1
# q_power_prior
 1
# cvq_power_prior
 0.2
# phase_q_power
 -4
# phase_rw_q
 -1
# npars_rw_q
 0
# yrs_rw_q

# sigma_rw_q

# q_age_min
 1
# q_age_max
 12
# q_age_min
 1
# q_age_max
 12
# fsh_sel_opt(k)
2
# phase_sel_fsh(k)
-2
# n_sel_ch_fsh(k)
1
# sel_slp_in_fsh(k)(1,n_sel_ch_fsh(k))
 1
# sel_inf_in_fsh(k)(1,n_sel_ch_fsh(k))
 2
# logsel_slp_in_fsh(k)(1,n_sel_ch_fsh(k))
 0
# yrs_sel_ch_fsh(k)(1,n_sel_ch_fsh(k))
 1

Survey survey_index1
# ind_sel_opt(k)
2
# indname(k)
survey_index1
# nselages_in_ind(k)
11
# phase_sel_ind(k)
-2
# sel_change_in_ind(k)
 1 0 0 0 0 0 0 0 0 0 0 0 0 0 0 0 0 0 0 0 0 0 0 0 0 0 0 0 0 0
# n_sel_ch_ind(k)
1
# yrs_sel_ch_ind(k)(1,n_sel_ch_ind(k))
 1
# sel_slp_in_ind(k,1)
2
# sel_inf_in_ind(k,1)
1.5
# logsel_slp_in_ind(k,1)
0.693147
# logsel_slp_in_indv(k)
0.693147
survey_index1 ind sel opt 2  1 0 0 0 0 0 0 0 0 0 0 0 0 0 0 0 0 0 0 0 0 0 0 0 0 0 0 0 0 0
Phase indices Sel_Coffs:  -1
 Test: 1.23457e+008
# Fshry Selages:  11
# Srvy  Selages:  11
# Phase for age-spec fishery  -1
# Phase for logistic fishery  -2
# Phase for dble logistic fishery  -1
# Phase for age-spec indices   -1
# Phase for logistic indices   -2
# Phase for dble logistic ind  -1
# Curv_pen_fsh: 
 0
# Curv_pen_ind: 
 0
# styr_fut
31
# endyr_fut
35
# nyrs_fsh_age
 30
# nyrs_fsh_age
 30
# yrs_fsh_age
 1 2 3 4 5 6 7 8 9 10 11 12 13 14 15 16 17 18 19 20 21 22 23 24 25 26 27 28 29 30
# n_sample_fsh_age
 200 200 200 200 200 200 200 200 200 200 200 200 200 200 200 200 200 200 200 200 200 200 200 200 200 200 200 200 200 200
# oac_fsh
 0.055 0.095 0.11 0.09 0.16 0.08 0.065 0.08 0.04 0.055 0.02 0.15
 0.105 0.11 0.105 0.11 0.095 0.09 0.08 0.045 0.04 0.055 0.035 0.13
 0.075 0.155 0.135 0.075 0.095 0.095 0.07 0.045 0.07 0.03 0.02 0.135
 0.08 0.07 0.18 0.14 0.09 0.06 0.045 0.03 0.055 0.065 0.025 0.16
 0.115 0.105 0.08 0.125 0.095 0.105 0.07 0.075 0.035 0.04 0.025 0.13
 0.095 0.175 0.1 0.1 0.115 0.09 0.07 0.055 0.04 0.025 0.025 0.11
 0.09 0.095 0.195 0.12 0.08 0.08 0.07 0.04 0.045 0.05 0.035 0.1
 0.09 0.13 0.14 0.16 0.07 0.08 0.065 0.05 0.055 0.03 0.035 0.095
 0.075 0.14 0.15 0.155 0.165 0.05 0.06 0.04 0.025 0.02 0.005 0.115
 0.05 0.165 0.165 0.115 0.155 0.145 0.02 0.035 0.05 0.025 0.015 0.06
 0.105 0.11 0.135 0.11 0.105 0.135 0.06 0.045 0.02 0.035 0.04 0.1
 0.085 0.185 0.23 0.095 0.13 0.08 0.05 0.045 0.025 0.005 0.015 0.055
 0.07 0.13 0.19 0.165 0.12 0.095 0.06 0.035 0.025 0.02 0.025 0.065
 0.095 0.185 0.155 0.155 0.115 0.07 0.04 0.04 0.035 0.035 0.03 0.045
 0.115 0.15 0.135 0.135 0.12 0.09 0.075 0.055 0.03 0.025 0.02 0.05
 0.125 0.13 0.195 0.115 0.125 0.08 0.08 0.035 0.035 0.035 0.015 0.03
 0.115 0.15 0.22 0.125 0.115 0.095 0.035 0.03 0.01 0.02 0.01 0.075
 0.09 0.28 0.175 0.13 0.085 0.075 0.04 0.04 0.015 0.01 0.025 0.035
 0.105 0.175 0.23 0.155 0.1 0.07 0.035 0.04 0.03 0.01 0 0.05
 0.13 0.145 0.12 0.145 0.18 0.07 0.08 0.04 0.02 0.015 0.015 0.04
 0.17 0.07 0.18 0.135 0.105 0.13 0.07 0.035 0.03 0.03 0.01 0.035
 0.155 0.225 0.14 0.135 0.105 0.075 0.06 0.03 0.025 0.01 0.005 0.035
 0.08 0.27 0.245 0.125 0.12 0.04 0.03 0.035 0.02 0.005 0.015 0.015
 0.155 0.195 0.25 0.165 0.08 0.07 0.03 0.01 0.01 0 0.005 0.03
 0.175 0.185 0.19 0.19 0.115 0.045 0.045 0.02 0.005 0.015 0.005 0.01
 0.115 0.225 0.19 0.135 0.105 0.09 0.04 0.045 0.025 0.005 0.01 0.015
 0.13 0.125 0.28 0.165 0.1 0.075 0.065 0.015 0.015 0 0.01 0.02
 0.185 0.21 0.185 0.13 0.11 0.06 0.055 0.05 0.005 0 0 0.01
 0.225 0.225 0.16 0.125 0.125 0.035 0.05 0.025 0.02 0 0.005 0.005
 0.18 0.19 0.26 0.115 0.065 0.09 0.035 0.015 0.02 0.01 0.005 0.015
# olc_fsh

# wt_fsh
 0.000530656 0.00119633 0.00205827 0.00303499 0.00405521 0.0050647 0.00602623 0.00691692 0.00772489 0.00844611 0.00908185 0.0096367
 0.000530656 0.00119633 0.00205827 0.00303499 0.00405521 0.0050647 0.00602623 0.00691692 0.00772489 0.00844611 0.00908185 0.0096367
 0.000530656 0.00119633 0.00205827 0.00303499 0.00405521 0.0050647 0.00602623 0.00691692 0.00772489 0.00844611 0.00908185 0.0096367
 0.000530656 0.00119633 0.00205827 0.00303499 0.00405521 0.0050647 0.00602623 0.00691692 0.00772489 0.00844611 0.00908185 0.0096367
 0.000530656 0.00119633 0.00205827 0.00303499 0.00405521 0.0050647 0.00602623 0.00691692 0.00772489 0.00844611 0.00908185 0.0096367
 0.000530656 0.00119633 0.00205827 0.00303499 0.00405521 0.0050647 0.00602623 0.00691692 0.00772489 0.00844611 0.00908185 0.0096367
 0.000530656 0.00119633 0.00205827 0.00303499 0.00405521 0.0050647 0.00602623 0.00691692 0.00772489 0.00844611 0.00908185 0.0096367
 0.000530656 0.00119633 0.00205827 0.00303499 0.00405521 0.0050647 0.00602623 0.00691692 0.00772489 0.00844611 0.00908185 0.0096367
 0.000530656 0.00119633 0.00205827 0.00303499 0.00405521 0.0050647 0.00602623 0.00691692 0.00772489 0.00844611 0.00908185 0.0096367
 0.000530656 0.00119633 0.00205827 0.00303499 0.00405521 0.0050647 0.00602623 0.00691692 0.00772489 0.00844611 0.00908185 0.0096367
 0.000530656 0.00119633 0.00205827 0.00303499 0.00405521 0.0050647 0.00602623 0.00691692 0.00772489 0.00844611 0.00908185 0.0096367
 0.000530656 0.00119633 0.00205827 0.00303499 0.00405521 0.0050647 0.00602623 0.00691692 0.00772489 0.00844611 0.00908185 0.0096367
 0.000530656 0.00119633 0.00205827 0.00303499 0.00405521 0.0050647 0.00602623 0.00691692 0.00772489 0.00844611 0.00908185 0.0096367
 0.000530656 0.00119633 0.00205827 0.00303499 0.00405521 0.0050647 0.00602623 0.00691692 0.00772489 0.00844611 0.00908185 0.0096367
 0.000530656 0.00119633 0.00205827 0.00303499 0.00405521 0.0050647 0.00602623 0.00691692 0.00772489 0.00844611 0.00908185 0.0096367
 0.000530656 0.00119633 0.00205827 0.00303499 0.00405521 0.0050647 0.00602623 0.00691692 0.00772489 0.00844611 0.00908185 0.0096367
 0.000530656 0.00119633 0.00205827 0.00303499 0.00405521 0.0050647 0.00602623 0.00691692 0.00772489 0.00844611 0.00908185 0.0096367
 0.000530656 0.00119633 0.00205827 0.00303499 0.00405521 0.0050647 0.00602623 0.00691692 0.00772489 0.00844611 0.00908185 0.0096367
 0.000530656 0.00119633 0.00205827 0.00303499 0.00405521 0.0050647 0.00602623 0.00691692 0.00772489 0.00844611 0.00908185 0.0096367
 0.000530656 0.00119633 0.00205827 0.00303499 0.00405521 0.0050647 0.00602623 0.00691692 0.00772489 0.00844611 0.00908185 0.0096367
 0.000530656 0.00119633 0.00205827 0.00303499 0.00405521 0.0050647 0.00602623 0.00691692 0.00772489 0.00844611 0.00908185 0.0096367
 0.000530656 0.00119633 0.00205827 0.00303499 0.00405521 0.0050647 0.00602623 0.00691692 0.00772489 0.00844611 0.00908185 0.0096367
 0.000530656 0.00119633 0.00205827 0.00303499 0.00405521 0.0050647 0.00602623 0.00691692 0.00772489 0.00844611 0.00908185 0.0096367
 0.000530656 0.00119633 0.00205827 0.00303499 0.00405521 0.0050647 0.00602623 0.00691692 0.00772489 0.00844611 0.00908185 0.0096367
 0.000530656 0.00119633 0.00205827 0.00303499 0.00405521 0.0050647 0.00602623 0.00691692 0.00772489 0.00844611 0.00908185 0.0096367
 0.000530656 0.00119633 0.00205827 0.00303499 0.00405521 0.0050647 0.00602623 0.00691692 0.00772489 0.00844611 0.00908185 0.0096367
 0.000530656 0.00119633 0.00205827 0.00303499 0.00405521 0.0050647 0.00602623 0.00691692 0.00772489 0.00844611 0.00908185 0.0096367
 0.000530656 0.00119633 0.00205827 0.00303499 0.00405521 0.0050647 0.00602623 0.00691692 0.00772489 0.00844611 0.00908185 0.0096367
 0.000530656 0.00119633 0.00205827 0.00303499 0.00405521 0.0050647 0.00602623 0.00691692 0.00772489 0.00844611 0.00908185 0.0096367
 0.000530656 0.00119633 0.00205827 0.00303499 0.00405521 0.0050647 0.00602623 0.00691692 0.00772489 0.00844611 0.00908185 0.0096367
# nyrs_ind_age
 30
# yrs_ind_age
 1 2 3 4 5 6 7 8 9 10 11 12 13 14 15 16 17 18 19 20 21 22 23 24 25 26 27 28 29 30
# n_sample_ind_age
 200 200 200 200 200 200 200 200 200 200 200 200 200 200 200 200 200 200 200 200 200 200 200 200 200 200 200 200 200 200
# oac_ind
 0.05 0.1 0.17 0.1 0.095 0.08 0.075 0.055 0.08 0.02 0.04 0.135
 0.06 0.18 0.175 0.115 0.08 0.07 0.075 0.06 0.04 0.035 0.015 0.095
 0.08 0.115 0.135 0.115 0.12 0.09 0.06 0.045 0.02 0.05 0.025 0.145
 0.05 0.095 0.195 0.13 0.115 0.075 0.065 0.05 0.045 0.02 0.045 0.115
 0.09 0.115 0.105 0.145 0.105 0.07 0.075 0.045 0.04 0.04 0.035 0.135
 0.08 0.18 0.08 0.135 0.145 0.055 0.075 0.04 0.045 0.055 0.025 0.085
 0.06 0.22 0.185 0.105 0.08 0.05 0.045 0.04 0.035 0.035 0.06 0.085
 0.065 0.13 0.18 0.155 0.08 0.075 0.075 0.045 0.04 0.01 0.03 0.115
 0.065 0.185 0.165 0.175 0.11 0.06 0.025 0.08 0.045 0.015 0.02 0.055
 0.1 0.105 0.155 0.095 0.135 0.1 0.04 0.045 0.07 0.03 0.02 0.105
 0.095 0.17 0.155 0.135 0.115 0.085 0.045 0.015 0.02 0.04 0.02 0.105
 0.09 0.23 0.155 0.105 0.085 0.08 0.07 0.035 0.03 0.03 0.025 0.065
 0.09 0.165 0.175 0.165 0.08 0.08 0.075 0.035 0.03 0.015 0.02 0.07
 0.075 0.175 0.15 0.2 0.105 0.05 0.06 0.045 0.035 0.025 0.02 0.06
 0.115 0.19 0.15 0.095 0.14 0.105 0.05 0.04 0.03 0.03 0.02 0.035
 0.135 0.135 0.215 0.135 0.08 0.07 0.055 0.07 0.025 0.01 0.01 0.06
 0.065 0.27 0.17 0.135 0.09 0.095 0.045 0.04 0.015 0.03 0.005 0.04
 0.08 0.265 0.21 0.155 0.065 0.07 0.035 0.045 0.02 0.005 0.01 0.04
 0.085 0.17 0.2 0.21 0.085 0.075 0.01 0.06 0.04 0.01 0 0.055
 0.09 0.2 0.185 0.175 0.085 0.1 0.055 0.025 0.025 0.015 0.015 0.03
 0.1 0.185 0.235 0.15 0.09 0.1 0.03 0.04 0.005 0.015 0.02 0.03
 0.115 0.31 0.19 0.135 0.06 0.045 0.04 0.035 0.005 0.02 0 0.045
 0.04 0.27 0.315 0.09 0.075 0.065 0.055 0.035 0.025 0.01 0.015 0.005
 0.09 0.255 0.205 0.19 0.06 0.07 0.06 0.025 0.02 0.005 0.005 0.015
 0.115 0.175 0.27 0.175 0.125 0.045 0.045 0.025 0.005 0 0 0.02
 0.14 0.255 0.19 0.105 0.12 0.085 0.01 0.045 0.01 0.005 0.01 0.025
 0.12 0.205 0.28 0.135 0.09 0.06 0.035 0.025 0.01 0.005 0.025 0.01
 0.125 0.265 0.195 0.19 0.05 0.065 0.055 0.03 0.02 0.005 0 0
 0.155 0.305 0.23 0.06 0.115 0.055 0.035 0.025 0.015 0 0 0.005
 0.12 0.305 0.265 0.105 0.075 0.035 0.045 0.01 0.03 0.005 0 0.005
# olc_ind

# obs_lse_ind
 0.198042 0.198042 0.198042 0.198042 0.198042 0.198042 0.198042 0.198042 0.198042 0.198042 0.198042 0.198042 0.198042 0.198042 0.198042 0.198042 0.198042 0.198042 0.198042 0.198042 0.198042 0.198042 0.198042 0.198042 0.198042 0.198042 0.198042 0.198042 0.198042 0.198042
# xages_fsh
 0 0 0 0 0 0 0 0 0 0 0 0
# xages_fsh
 0 0.0909091 0.181818 0.272727 0.363636 0.454545 0.545455 0.636364 0.727273 0.818182 0.909091 1
# xnodes_fsh

Yrs fsh_sel change:  1 0 0 0 0 0 0 0 0 0 0 0 0 0 0 0 0 0 0 0 0 0 0 0 0 0 0 0 0
Yrs ind_sel change:  1 0 0 0 0 0 0 0 0 0 0 0 0 0 0 0 0 0 0 0 0 0 0 0 0 0 0 0 0
# steepnessprior
0.75
# sigmarprior
0.2
#  SSB estimated in styr endyr: -12 28 
#  Rec estimated in styr endyr: -10 30 
#  SR Curve fit  in styr endyr: 1 30 
#             Model styr endyr: 1 30 
# qprior
 3.48998e-007
# q_power_prior 
 1 
# cv_catchbiomass 
0.05 
# CatchbiomassPen 
200 
# Number of projection years 
5 
# offset_fsh
 13401.5
# offset_ind
 13152.7
Mean Catch
1277.03
R_guess 
13.8155
# nfsh
1
# n_sel_ch_fsh
 1
# nselages_fsh
 11
# phase_selcoff_fsh
 -1
logRzero 13.8155
logmeanrec 13.8155
exp(log_sigmarprior 0.2
Fish sel phase: -1 OM1
Fixing fishery sel to
1
Fixing fishery sel to
1
Srvy sel phase: -1
Fixing survey_index1 indices sel to
1
Fixing index sel to
1
# logsel_slp_in_indv
 0.693147
Leaving parameter init secton
# M
 0.2 0.2 0.2 0.2 0.2 0.2 0.2 0.2 0.2 0.2 0.2 0.2
 0.2 0.2 0.2 0.2 0.2 0.2 0.2 0.2 0.2 0.2 0.2 0.2
 0.2 0.2 0.2 0.2 0.2 0.2 0.2 0.2 0.2 0.2 0.2 0.2
 0.2 0.2 0.2 0.2 0.2 0.2 0.2 0.2 0.2 0.2 0.2 0.2
 0.2 0.2 0.2 0.2 0.2 0.2 0.2 0.2 0.2 0.2 0.2 0.2
 0.2 0.2 0.2 0.2 0.2 0.2 0.2 0.2 0.2 0.2 0.2 0.2
 0.2 0.2 0.2 0.2 0.2 0.2 0.2 0.2 0.2 0.2 0.2 0.2
 0.2 0.2 0.2 0.2 0.2 0.2 0.2 0.2 0.2 0.2 0.2 0.2
 0.2 0.2 0.2 0.2 0.2 0.2 0.2 0.2 0.2 0.2 0.2 0.2
 0.2 0.2 0.2 0.2 0.2 0.2 0.2 0.2 0.2 0.2 0.2 0.2
 0.2 0.2 0.2 0.2 0.2 0.2 0.2 0.2 0.2 0.2 0.2 0.2
 0.2 0.2 0.2 0.2 0.2 0.2 0.2 0.2 0.2 0.2 0.2 0.2
 0.2 0.2 0.2 0.2 0.2 0.2 0.2 0.2 0.2 0.2 0.2 0.2
 0.2 0.2 0.2 0.2 0.2 0.2 0.2 0.2 0.2 0.2 0.2 0.2
 0.2 0.2 0.2 0.2 0.2 0.2 0.2 0.2 0.2 0.2 0.2 0.2
 0.2 0.2 0.2 0.2 0.2 0.2 0.2 0.2 0.2 0.2 0.2 0.2
 0.2 0.2 0.2 0.2 0.2 0.2 0.2 0.2 0.2 0.2 0.2 0.2
 0.2 0.2 0.2 0.2 0.2 0.2 0.2 0.2 0.2 0.2 0.2 0.2
 0.2 0.2 0.2 0.2 0.2 0.2 0.2 0.2 0.2 0.2 0.2 0.2
 0.2 0.2 0.2 0.2 0.2 0.2 0.2 0.2 0.2 0.2 0.2 0.2
 0.2 0.2 0.2 0.2 0.2 0.2 0.2 0.2 0.2 0.2 0.2 0.2
 0.2 0.2 0.2 0.2 0.2 0.2 0.2 0.2 0.2 0.2 0.2 0.2
 0.2 0.2 0.2 0.2 0.2 0.2 0.2 0.2 0.2 0.2 0.2 0.2
 0.2 0.2 0.2 0.2 0.2 0.2 0.2 0.2 0.2 0.2 0.2 0.2
 0.2 0.2 0.2 0.2 0.2 0.2 0.2 0.2 0.2 0.2 0.2 0.2
 0.2 0.2 0.2 0.2 0.2 0.2 0.2 0.2 0.2 0.2 0.2 0.2
 0.2 0.2 0.2 0.2 0.2 0.2 0.2 0.2 0.2 0.2 0.2 0.2
 0.2 0.2 0.2 0.2 0.2 0.2 0.2 0.2 0.2 0.2 0.2 0.2
 0.2 0.2 0.2 0.2 0.2 0.2 0.2 0.2 0.2 0.2 0.2 0.2
 0.2 0.2 0.2 0.2 0.2 0.2 0.2 0.2 0.2 0.2 0.2 0.2
# mean_log_rec
13.7365
# log_Rzero
13.8001
# rec_dev
 -0.083378 -0.0746927 -0.0568606 0.0606554 0.0431895 0.0040332 0.0141919 0.0790797 0.00550105 0.00992396 0.0108588 0.0887194 0.261058 -0.0846411 -0.121053 0.355969 0.297094 0.098584 0.13514 -0.0652679 0.118022 0.189849 -0.0187378 -0.0572497 0.0152105 0.00620278 0.181241 0.0519135 -0.223749 -0.131157 -0.380628 0.10805 0.00310014 -0.270344 -0.354763 -0.140582 -0.496347 -0.354265 -0.123141 -0.129412 -0.224086
# fmort
 0.00937226 0.0276105 0.0461006 0.0624842 0.050174 0.0907017 0.0934937 0.19766 0.114397 0.14177 0.160375 0.172214 0.124585 0.179819 0.189051 0.168604 0.329233 0.268039 0.263632 0.259456 0.357782 0.25912 0.42318 0.345744 0.34277 0.31483 0.305183 0.429307 0.329663 0.504993
# rec_dev_future
 0 0 0 0 0
