AMAK;August_2013
# styr
1
# endyr
30
# rec_age
1
# oldest_age
12
# nlength
81
# len_bins
 10 11 12 13 14 15 16 17 18 19 20 21 22 23 24 25 26 27 28 29 30 31 32 33 34 35 36 37 38 39 40 41 42 43 44 45 46 47 48 49 50 51 52 53 54 55 56 57 58 59 60 61 62 63 64 65 66 67 68 69 70 71 72 73 74 75 76 77 78 79 80 81 82 83 84 85 86 87 88 89 90
# datafile_name
amak_data.dat
# model_name
OM_1
# styr
1
# endyr
30
# rec_age
1
# oldest_age
12
# nfsh
1
# fshname
OM1
# catch_bio_in
 161.409 470.798 759.092 992.627 769.147 1322.04 1279.59 2458.52 1325.42 1514.68 1629.34 1614.18 1101.36 1530.46 1505.81 1282.49 2265.62 1614.92 1459.47 1325.21 1622.38 1074.45 1634.62 1203.55 1121.69 972.398 927.91 1220.24 873.588 1271.81
# catch_bio_sd_in
 0.01 0.01 0.01 0.01 0.01 0.01 0.01 0.01 0.01 0.01 0.01 0.01 0.01 0.01 0.01 0.01 0.01 0.01 0.01 0.01 0.01 0.01 0.01 0.01 0.01 0.01 0.01 0.01 0.01 0.01
# nyrs_fsh_age
 30
# nyrs_fsh_length
 0
# yrs_fsh_age_in
 1 2 3 4 5 6 7 8 9 10 11 12 13 14 15 16 17 18 19 20 21 22 23 24 25 26 27 28 29 30
# yrs_fsh_length_in

# n_sample_fsh_length_in

# olc_fsh_in

# nind
1
# indname
survey_index1
# nyrs_ind
 30
# yrs_ind_in
 1 2 3 4 5 6 7 8 9 10 11 12 13 14 15 16 17 18 19 20 21 22 23 24 25 26 27 28 29 30
# mo_ind
 1
# obs_ind_in
 1.69534 1.3934 1.41811 1.31901 1.4715 1.65119 1.41608 1.66156 1.27295 1.15586 1.19211 1.04983 1.13748 0.973628 0.889854 0.93839 0.964981 0.761031 0.791025 0.637712 0.797839 0.766153 0.761702 0.724397 0.585262 0.491156 0.450825 0.482553 0.588176 0.454119
# obs_se_ind_in
 0.339069 0.27868 0.283621 0.263802 0.294299 0.330238 0.283217 0.332313 0.254591 0.231171 0.238422 0.209966 0.227497 0.194726 0.177971 0.187678 0.192996 0.152206 0.158205 0.127542 0.159568 0.153231 0.15234 0.144879 0.117052 0.0982312 0.090165 0.0965107 0.117635 0.0908239
# nyrs_ind_age
 30
# nyrs_ind_length
 0
# yrs_ind_age_in
 1 2 3 4 5 6 7 8 9 10 11 12 13 14 15 16 17 18 19 20 21 22 23 24 25 26 27 28 29 30
# yrs_ind_length_in

# yrs_ind_age_in
 1 2 3 4 5 6 7 8 9 10 11 12 13 14 15 16 17 18 19 20 21 22 23 24 25 26 27 28 29 30
# n_sample_ind_length_in

# olc_ind_in

# oac_ind_in
 0.05 0.175 0.13 0.145 0.045 0.065 0.08 0.06 0.065 0.03 0.03 0.125
 0.09 0.135 0.14 0.135 0.09 0.06 0.06 0.075 0.025 0.01 0.06 0.12
 0.035 0.155 0.18 0.09 0.125 0.09 0.08 0.065 0.03 0.03 0.03 0.09
 0.03 0.105 0.225 0.125 0.09 0.075 0.045 0.03 0.055 0.035 0.04 0.145
 0.075 0.13 0.17 0.145 0.095 0.08 0.045 0.05 0.045 0.025 0.03 0.11
 0.08 0.185 0.115 0.12 0.12 0.075 0.06 0.045 0.03 0.04 0.01 0.12
 0.055 0.19 0.165 0.105 0.11 0.095 0.045 0.04 0.03 0.03 0.025 0.11
 0.09 0.17 0.19 0.15 0.06 0.05 0.065 0.06 0.03 0.055 0.005 0.075
 0.06 0.205 0.165 0.165 0.13 0.055 0.05 0.025 0.03 0.015 0.01 0.09
 0.075 0.17 0.16 0.085 0.115 0.125 0.03 0.035 0.05 0.04 0.035 0.08
 0.1 0.195 0.185 0.13 0.09 0.075 0.05 0.02 0.015 0.04 0.025 0.075
 0.08 0.18 0.25 0.095 0.135 0.055 0.04 0.04 0.015 0.02 0.02 0.07
 0.07 0.145 0.21 0.135 0.08 0.1 0.09 0.035 0.015 0.02 0.01 0.09
 0.07 0.22 0.13 0.145 0.135 0.06 0.075 0.03 0.025 0.03 0.005 0.075
 0.1 0.175 0.155 0.1 0.17 0.08 0.06 0.045 0.02 0.04 0.01 0.045
 0.125 0.185 0.135 0.095 0.15 0.09 0.06 0.025 0.04 0.03 0.01 0.055
 0.115 0.17 0.11 0.195 0.12 0.07 0.05 0.035 0.025 0.01 0.025 0.075
 0.09 0.225 0.235 0.135 0.075 0.095 0.025 0.02 0.015 0.005 0.025 0.055
 0.065 0.175 0.245 0.195 0.085 0.09 0.045 0.025 0.02 0.02 0.005 0.03
 0.12 0.17 0.185 0.165 0.145 0.065 0.065 0 0.015 0.025 0.02 0.025
 0.135 0.13 0.225 0.185 0.085 0.08 0.04 0.04 0.01 0.03 0.015 0.025
 0.125 0.285 0.16 0.165 0.055 0.075 0.035 0.03 0.025 0.01 0.005 0.03
 0.13 0.325 0.21 0.1 0.09 0.025 0.035 0.02 0.025 0.01 0.005 0.025
 0.11 0.2 0.26 0.18 0.075 0.09 0.025 0.02 0.01 0.015 0 0.015
 0.16 0.27 0.19 0.12 0.13 0.025 0.045 0.025 0.02 0.005 0.005 0.005
 0.075 0.28 0.19 0.15 0.12 0.08 0.04 0.03 0.025 0.005 0 0.005
 0.11 0.2 0.285 0.135 0.095 0.075 0.03 0.025 0.015 0.005 0.015 0.01
 0.135 0.255 0.23 0.14 0.075 0.055 0.04 0.04 0.005 0.015 0 0.01
 0.145 0.26 0.24 0.135 0.105 0.04 0.015 0.04 0.015 0.005 0 0
 0.12 0.31 0.28 0.14 0.045 0.05 0.025 0.015 0.01 0.005 0 0
# wt_ind
 1 1 1 1 1 1 1 1 1 1 1 1
 1 1 1 1 1 1 1 1 1 1 1 1
 1 1 1 1 1 1 1 1 1 1 1 1
 1 1 1 1 1 1 1 1 1 1 1 1
 1 1 1 1 1 1 1 1 1 1 1 1
 1 1 1 1 1 1 1 1 1 1 1 1
 1 1 1 1 1 1 1 1 1 1 1 1
 1 1 1 1 1 1 1 1 1 1 1 1
 1 1 1 1 1 1 1 1 1 1 1 1
 1 1 1 1 1 1 1 1 1 1 1 1
 1 1 1 1 1 1 1 1 1 1 1 1
 1 1 1 1 1 1 1 1 1 1 1 1
 1 1 1 1 1 1 1 1 1 1 1 1
 1 1 1 1 1 1 1 1 1 1 1 1
 1 1 1 1 1 1 1 1 1 1 1 1
 1 1 1 1 1 1 1 1 1 1 1 1
 1 1 1 1 1 1 1 1 1 1 1 1
 1 1 1 1 1 1 1 1 1 1 1 1
 1 1 1 1 1 1 1 1 1 1 1 1
 1 1 1 1 1 1 1 1 1 1 1 1
 1 1 1 1 1 1 1 1 1 1 1 1
 1 1 1 1 1 1 1 1 1 1 1 1
 1 1 1 1 1 1 1 1 1 1 1 1
 1 1 1 1 1 1 1 1 1 1 1 1
 1 1 1 1 1 1 1 1 1 1 1 1
 1 1 1 1 1 1 1 1 1 1 1 1
 1 1 1 1 1 1 1 1 1 1 1 1
 1 1 1 1 1 1 1 1 1 1 1 1
 1 1 1 1 1 1 1 1 1 1 1 1
 1 1 1 1 1 1 1 1 1 1 1 1
# wt_pop
 0.000530656 0.00119633 0.00205827 0.00303499 0.00405521 0.0050647 0.00602623 0.00691692 0.00772489 0.00844611 0.00908185 0.0096367
# maturity
 0.0229774 0.320821 0.904651 0.99478 0.999739 0.999987 0.999999 1 1 1 1 1
# spawnmo
1
# age_err
 1 0 0 0 0 0 0 0 0 0 0 0
 0 1 0 0 0 0 0 0 0 0 0 0
 0 0 1 0 0 0 0 0 0 0 0 0
 0 0 0 1 0 0 0 0 0 0 0 0
 0 0 0 0 1 0 0 0 0 0 0 0
 0 0 0 0 0 1 0 0 0 0 0 0
 0 0 0 0 0 0 1 0 0 0 0 0
 0 0 0 0 0 0 0 1 0 0 0 0
 0 0 0 0 0 0 0 0 1 0 0 0
 0 0 0 0 0 0 0 0 0 1 0 0
 0 0 0 0 0 0 0 0 0 0 1 0
 0 0 0 0 0 0 0 0 0 0 0 1
# cntrlfile_name
C:\Users\bai.li\Desktop\s1_test\AMAK\s126\amak.dat
# Map shared selectivity: 
# sel_map
 1 2
 1 1
# datafile_name
amak_data.dat
# model_name
OM_1
# SrType
2
# use_age_err
0
# retro
0
# sigmarprior
0.2
# cvsigmarprior
0.25
# phase_sigmar
-3
# styr_rec_est
1
# endyr_rec_est
30
# Linfprior
80
# cvLinfprior
0.25
# kprior
0.18
# cvkprior
0.25
# Loprior
27.688
# cvLoprior
0.25
# sdageprior
0.1
# cvsdageprior
0.25
# natmortprior
0.2
# cvnatmortprior
0.25
# phase_M
-4
# npars_Mage
0
# ages_M_changes

# Mage_in

# phase_Mage
-5
# phase_rw_M
0
# npars_rw_M
0
# yrs_rw_M

# sigma_rw_M

# qprior
 3.48998e-007
# cvqprior
 1
# phase_q
 1
# q_power_prior
 1
# cvq_power_prior
 0.2
# phase_q_power
 -4
# phase_rw_q
 -1
# npars_rw_q
 0
# yrs_rw_q

# sigma_rw_q

# q_age_min
 1
# q_age_max
 12
# q_age_min
 1
# q_age_max
 12
# fsh_sel_opt(k)
2
# phase_sel_fsh(k)
-2
# n_sel_ch_fsh(k)
1
# sel_slp_in_fsh(k)(1,n_sel_ch_fsh(k))
 1
# sel_inf_in_fsh(k)(1,n_sel_ch_fsh(k))
 2
# logsel_slp_in_fsh(k)(1,n_sel_ch_fsh(k))
 0
# yrs_sel_ch_fsh(k)(1,n_sel_ch_fsh(k))
 1

Survey survey_index1
# ind_sel_opt(k)
2
# indname(k)
survey_index1
# nselages_in_ind(k)
11
# phase_sel_ind(k)
-2
# sel_change_in_ind(k)
 1 0 0 0 0 0 0 0 0 0 0 0 0 0 0 0 0 0 0 0 0 0 0 0 0 0 0 0 0 0
# n_sel_ch_ind(k)
1
# yrs_sel_ch_ind(k)(1,n_sel_ch_ind(k))
 1
# sel_slp_in_ind(k,1)
2
# sel_inf_in_ind(k,1)
1.5
# logsel_slp_in_ind(k,1)
0.693147
# logsel_slp_in_indv(k)
0.693147
survey_index1 ind sel opt 2  1 0 0 0 0 0 0 0 0 0 0 0 0 0 0 0 0 0 0 0 0 0 0 0 0 0 0 0 0 0
Phase indices Sel_Coffs:  -1
 Test: 1.23457e+008
# Fshry Selages:  11
# Srvy  Selages:  11
# Phase for age-spec fishery  -1
# Phase for logistic fishery  -2
# Phase for dble logistic fishery  -1
# Phase for age-spec indices   -1
# Phase for logistic indices   -2
# Phase for dble logistic ind  -1
# Curv_pen_fsh: 
 0
# Curv_pen_ind: 
 0
# styr_fut
31
# endyr_fut
35
# nyrs_fsh_age
 30
# nyrs_fsh_age
 30
# yrs_fsh_age
 1 2 3 4 5 6 7 8 9 10 11 12 13 14 15 16 17 18 19 20 21 22 23 24 25 26 27 28 29 30
# n_sample_fsh_age
 200 200 200 200 200 200 200 200 200 200 200 200 200 200 200 200 200 200 200 200 200 200 200 200 200 200 200 200 200 200
# oac_fsh
 0.07 0.12 0.135 0.11 0.115 0.07 0.05 0.07 0.04 0.03 0.04 0.15
 0.105 0.115 0.14 0.1 0.085 0.07 0.08 0.055 0.045 0.035 0.04 0.13
 0.065 0.16 0.095 0.095 0.09 0.105 0.045 0.06 0.055 0.035 0.035 0.16
 0.06 0.095 0.14 0.105 0.135 0.1 0.06 0.06 0.065 0.015 0.03 0.135
 0.105 0.09 0.14 0.145 0.115 0.095 0.045 0.045 0.04 0.02 0.03 0.13
 0.055 0.13 0.08 0.055 0.15 0.08 0.06 0.06 0.035 0.045 0.05 0.2
 0.055 0.14 0.215 0.115 0.085 0.06 0.05 0.06 0.03 0.035 0.015 0.14
 0.125 0.095 0.125 0.17 0.07 0.08 0.085 0.03 0.035 0.02 0.025 0.14
 0.05 0.15 0.125 0.135 0.155 0.075 0.055 0.04 0.03 0.045 0.035 0.105
 0.12 0.08 0.205 0.12 0.07 0.125 0.035 0.03 0.055 0.04 0.02 0.1
 0.075 0.165 0.12 0.14 0.105 0.105 0.1 0.03 0.05 0.045 0.015 0.05
 0.06 0.15 0.18 0.165 0.085 0.05 0.075 0.08 0.025 0.035 0.03 0.065
 0.065 0.155 0.165 0.16 0.105 0.07 0.08 0.07 0.02 0.015 0.015 0.08
 0.105 0.14 0.17 0.15 0.08 0.085 0.07 0.075 0.015 0.01 0.03 0.07
 0.075 0.145 0.16 0.135 0.135 0.1 0.075 0.065 0.025 0.02 0.02 0.045
 0.14 0.135 0.215 0.16 0.1 0.085 0.03 0.02 0.02 0.005 0.015 0.075
 0.115 0.185 0.13 0.13 0.105 0.085 0.045 0.07 0.035 0.025 0.005 0.07
 0.09 0.175 0.185 0.15 0.115 0.05 0.08 0.045 0.045 0.02 0.01 0.035
 0.15 0.145 0.2 0.13 0.115 0.1 0.04 0.015 0.05 0.02 0.015 0.02
 0.12 0.175 0.22 0.12 0.165 0.08 0.03 0.025 0 0.04 0.015 0.01
 0.15 0.18 0.195 0.105 0.09 0.11 0.055 0.04 0.025 0.02 0.005 0.025
 0.165 0.235 0.17 0.095 0.075 0.08 0.05 0.03 0.01 0.015 0.015 0.06
 0.125 0.215 0.28 0.13 0.085 0.06 0.05 0.005 0.005 0 0 0.045
 0.11 0.2 0.28 0.135 0.06 0.07 0.045 0.025 0.03 0.01 0.015 0.02
 0.22 0.18 0.13 0.18 0.11 0.035 0.05 0.03 0.02 0.025 0.005 0.015
 0.14 0.22 0.16 0.2 0.125 0.08 0.01 0.01 0.015 0.01 0.01 0.02
 0.15 0.2 0.235 0.14 0.095 0.085 0.055 0.015 0.01 0 0 0.015
 0.22 0.165 0.165 0.195 0.095 0.05 0.06 0.015 0 0.01 0.005 0.02
 0.255 0.265 0.165 0.09 0.095 0.035 0.045 0.03 0.01 0 0.01 0
 0.155 0.235 0.27 0.155 0.055 0.075 0.025 0.025 0 0.005 0 0
# olc_fsh

# wt_fsh
 0.000530656 0.00119633 0.00205827 0.00303499 0.00405521 0.0050647 0.00602623 0.00691692 0.00772489 0.00844611 0.00908185 0.0096367
 0.000530656 0.00119633 0.00205827 0.00303499 0.00405521 0.0050647 0.00602623 0.00691692 0.00772489 0.00844611 0.00908185 0.0096367
 0.000530656 0.00119633 0.00205827 0.00303499 0.00405521 0.0050647 0.00602623 0.00691692 0.00772489 0.00844611 0.00908185 0.0096367
 0.000530656 0.00119633 0.00205827 0.00303499 0.00405521 0.0050647 0.00602623 0.00691692 0.00772489 0.00844611 0.00908185 0.0096367
 0.000530656 0.00119633 0.00205827 0.00303499 0.00405521 0.0050647 0.00602623 0.00691692 0.00772489 0.00844611 0.00908185 0.0096367
 0.000530656 0.00119633 0.00205827 0.00303499 0.00405521 0.0050647 0.00602623 0.00691692 0.00772489 0.00844611 0.00908185 0.0096367
 0.000530656 0.00119633 0.00205827 0.00303499 0.00405521 0.0050647 0.00602623 0.00691692 0.00772489 0.00844611 0.00908185 0.0096367
 0.000530656 0.00119633 0.00205827 0.00303499 0.00405521 0.0050647 0.00602623 0.00691692 0.00772489 0.00844611 0.00908185 0.0096367
 0.000530656 0.00119633 0.00205827 0.00303499 0.00405521 0.0050647 0.00602623 0.00691692 0.00772489 0.00844611 0.00908185 0.0096367
 0.000530656 0.00119633 0.00205827 0.00303499 0.00405521 0.0050647 0.00602623 0.00691692 0.00772489 0.00844611 0.00908185 0.0096367
 0.000530656 0.00119633 0.00205827 0.00303499 0.00405521 0.0050647 0.00602623 0.00691692 0.00772489 0.00844611 0.00908185 0.0096367
 0.000530656 0.00119633 0.00205827 0.00303499 0.00405521 0.0050647 0.00602623 0.00691692 0.00772489 0.00844611 0.00908185 0.0096367
 0.000530656 0.00119633 0.00205827 0.00303499 0.00405521 0.0050647 0.00602623 0.00691692 0.00772489 0.00844611 0.00908185 0.0096367
 0.000530656 0.00119633 0.00205827 0.00303499 0.00405521 0.0050647 0.00602623 0.00691692 0.00772489 0.00844611 0.00908185 0.0096367
 0.000530656 0.00119633 0.00205827 0.00303499 0.00405521 0.0050647 0.00602623 0.00691692 0.00772489 0.00844611 0.00908185 0.0096367
 0.000530656 0.00119633 0.00205827 0.00303499 0.00405521 0.0050647 0.00602623 0.00691692 0.00772489 0.00844611 0.00908185 0.0096367
 0.000530656 0.00119633 0.00205827 0.00303499 0.00405521 0.0050647 0.00602623 0.00691692 0.00772489 0.00844611 0.00908185 0.0096367
 0.000530656 0.00119633 0.00205827 0.00303499 0.00405521 0.0050647 0.00602623 0.00691692 0.00772489 0.00844611 0.00908185 0.0096367
 0.000530656 0.00119633 0.00205827 0.00303499 0.00405521 0.0050647 0.00602623 0.00691692 0.00772489 0.00844611 0.00908185 0.0096367
 0.000530656 0.00119633 0.00205827 0.00303499 0.00405521 0.0050647 0.00602623 0.00691692 0.00772489 0.00844611 0.00908185 0.0096367
 0.000530656 0.00119633 0.00205827 0.00303499 0.00405521 0.0050647 0.00602623 0.00691692 0.00772489 0.00844611 0.00908185 0.0096367
 0.000530656 0.00119633 0.00205827 0.00303499 0.00405521 0.0050647 0.00602623 0.00691692 0.00772489 0.00844611 0.00908185 0.0096367
 0.000530656 0.00119633 0.00205827 0.00303499 0.00405521 0.0050647 0.00602623 0.00691692 0.00772489 0.00844611 0.00908185 0.0096367
 0.000530656 0.00119633 0.00205827 0.00303499 0.00405521 0.0050647 0.00602623 0.00691692 0.00772489 0.00844611 0.00908185 0.0096367
 0.000530656 0.00119633 0.00205827 0.00303499 0.00405521 0.0050647 0.00602623 0.00691692 0.00772489 0.00844611 0.00908185 0.0096367
 0.000530656 0.00119633 0.00205827 0.00303499 0.00405521 0.0050647 0.00602623 0.00691692 0.00772489 0.00844611 0.00908185 0.0096367
 0.000530656 0.00119633 0.00205827 0.00303499 0.00405521 0.0050647 0.00602623 0.00691692 0.00772489 0.00844611 0.00908185 0.0096367
 0.000530656 0.00119633 0.00205827 0.00303499 0.00405521 0.0050647 0.00602623 0.00691692 0.00772489 0.00844611 0.00908185 0.0096367
 0.000530656 0.00119633 0.00205827 0.00303499 0.00405521 0.0050647 0.00602623 0.00691692 0.00772489 0.00844611 0.00908185 0.0096367
 0.000530656 0.00119633 0.00205827 0.00303499 0.00405521 0.0050647 0.00602623 0.00691692 0.00772489 0.00844611 0.00908185 0.0096367
# nyrs_ind_age
 30
# yrs_ind_age
 1 2 3 4 5 6 7 8 9 10 11 12 13 14 15 16 17 18 19 20 21 22 23 24 25 26 27 28 29 30
# n_sample_ind_age
 200 200 200 200 200 200 200 200 200 200 200 200 200 200 200 200 200 200 200 200 200 200 200 200 200 200 200 200 200 200
# oac_ind
 0.05 0.175 0.13 0.145 0.045 0.065 0.08 0.06 0.065 0.03 0.03 0.125
 0.09 0.135 0.14 0.135 0.09 0.06 0.06 0.075 0.025 0.01 0.06 0.12
 0.035 0.155 0.18 0.09 0.125 0.09 0.08 0.065 0.03 0.03 0.03 0.09
 0.03 0.105 0.225 0.125 0.09 0.075 0.045 0.03 0.055 0.035 0.04 0.145
 0.075 0.13 0.17 0.145 0.095 0.08 0.045 0.05 0.045 0.025 0.03 0.11
 0.08 0.185 0.115 0.12 0.12 0.075 0.06 0.045 0.03 0.04 0.01 0.12
 0.055 0.19 0.165 0.105 0.11 0.095 0.045 0.04 0.03 0.03 0.025 0.11
 0.09 0.17 0.19 0.15 0.06 0.05 0.065 0.06 0.03 0.055 0.005 0.075
 0.06 0.205 0.165 0.165 0.13 0.055 0.05 0.025 0.03 0.015 0.01 0.09
 0.075 0.17 0.16 0.085 0.115 0.125 0.03 0.035 0.05 0.04 0.035 0.08
 0.1 0.195 0.185 0.13 0.09 0.075 0.05 0.02 0.015 0.04 0.025 0.075
 0.08 0.18 0.25 0.095 0.135 0.055 0.04 0.04 0.015 0.02 0.02 0.07
 0.07 0.145 0.21 0.135 0.08 0.1 0.09 0.035 0.015 0.02 0.01 0.09
 0.07 0.22 0.13 0.145 0.135 0.06 0.075 0.03 0.025 0.03 0.005 0.075
 0.1 0.175 0.155 0.1 0.17 0.08 0.06 0.045 0.02 0.04 0.01 0.045
 0.125 0.185 0.135 0.095 0.15 0.09 0.06 0.025 0.04 0.03 0.01 0.055
 0.115 0.17 0.11 0.195 0.12 0.07 0.05 0.035 0.025 0.01 0.025 0.075
 0.09 0.225 0.235 0.135 0.075 0.095 0.025 0.02 0.015 0.005 0.025 0.055
 0.065 0.175 0.245 0.195 0.085 0.09 0.045 0.025 0.02 0.02 0.005 0.03
 0.12 0.17 0.185 0.165 0.145 0.065 0.065 0 0.015 0.025 0.02 0.025
 0.135 0.13 0.225 0.185 0.085 0.08 0.04 0.04 0.01 0.03 0.015 0.025
 0.125 0.285 0.16 0.165 0.055 0.075 0.035 0.03 0.025 0.01 0.005 0.03
 0.13 0.325 0.21 0.1 0.09 0.025 0.035 0.02 0.025 0.01 0.005 0.025
 0.11 0.2 0.26 0.18 0.075 0.09 0.025 0.02 0.01 0.015 0 0.015
 0.16 0.27 0.19 0.12 0.13 0.025 0.045 0.025 0.02 0.005 0.005 0.005
 0.075 0.28 0.19 0.15 0.12 0.08 0.04 0.03 0.025 0.005 0 0.005
 0.11 0.2 0.285 0.135 0.095 0.075 0.03 0.025 0.015 0.005 0.015 0.01
 0.135 0.255 0.23 0.14 0.075 0.055 0.04 0.04 0.005 0.015 0 0.01
 0.145 0.26 0.24 0.135 0.105 0.04 0.015 0.04 0.015 0.005 0 0
 0.12 0.31 0.28 0.14 0.045 0.05 0.025 0.015 0.01 0.005 0 0
# olc_ind

# obs_lse_ind
 0.198042 0.198042 0.198042 0.198042 0.198042 0.198042 0.198042 0.198042 0.198042 0.198042 0.198042 0.198042 0.198042 0.198042 0.198042 0.198042 0.198042 0.198042 0.198042 0.198042 0.198042 0.198042 0.198042 0.198042 0.198042 0.198042 0.198042 0.198042 0.198042 0.198042
# xages_fsh
 0 0 0 0 0 0 0 0 0 0 0 0
# xages_fsh
 0 0.0909091 0.181818 0.272727 0.363636 0.454545 0.545455 0.636364 0.727273 0.818182 0.909091 1
# xnodes_fsh

Yrs fsh_sel change:  1 0 0 0 0 0 0 0 0 0 0 0 0 0 0 0 0 0 0 0 0 0 0 0 0 0 0 0 0
Yrs ind_sel change:  1 0 0 0 0 0 0 0 0 0 0 0 0 0 0 0 0 0 0 0 0 0 0 0 0 0 0 0 0
# steepnessprior
0.75
# sigmarprior
0.2
#  SSB estimated in styr endyr: -12 28 
#  Rec estimated in styr endyr: -10 30 
#  SR Curve fit  in styr endyr: 1 30 
#             Model styr endyr: 1 30 
# qprior
 3.48998e-007
# q_power_prior 
 1 
# cv_catchbiomass 
0.05 
# CatchbiomassPen 
200 
# Number of projection years 
5 
# offset_fsh
 13340.8
# offset_ind
 13076.8
Mean Catch
1276.83
R_guess 
13.8155
# nfsh
1
# n_sel_ch_fsh
 1
# nselages_fsh
 11
# phase_selcoff_fsh
 -1
logRzero 13.8155
logmeanrec 13.8155
exp(log_sigmarprior 0.2
Fish sel phase: -1 OM1
Fixing fishery sel to
1
Fixing fishery sel to
1
Srvy sel phase: -1
Fixing survey_index1 indices sel to
1
Fixing index sel to
1
# logsel_slp_in_indv
 0.693147
Leaving parameter init secton
# M
 0.2 0.2 0.2 0.2 0.2 0.2 0.2 0.2 0.2 0.2 0.2 0.2
 0.2 0.2 0.2 0.2 0.2 0.2 0.2 0.2 0.2 0.2 0.2 0.2
 0.2 0.2 0.2 0.2 0.2 0.2 0.2 0.2 0.2 0.2 0.2 0.2
 0.2 0.2 0.2 0.2 0.2 0.2 0.2 0.2 0.2 0.2 0.2 0.2
 0.2 0.2 0.2 0.2 0.2 0.2 0.2 0.2 0.2 0.2 0.2 0.2
 0.2 0.2 0.2 0.2 0.2 0.2 0.2 0.2 0.2 0.2 0.2 0.2
 0.2 0.2 0.2 0.2 0.2 0.2 0.2 0.2 0.2 0.2 0.2 0.2
 0.2 0.2 0.2 0.2 0.2 0.2 0.2 0.2 0.2 0.2 0.2 0.2
 0.2 0.2 0.2 0.2 0.2 0.2 0.2 0.2 0.2 0.2 0.2 0.2
 0.2 0.2 0.2 0.2 0.2 0.2 0.2 0.2 0.2 0.2 0.2 0.2
 0.2 0.2 0.2 0.2 0.2 0.2 0.2 0.2 0.2 0.2 0.2 0.2
 0.2 0.2 0.2 0.2 0.2 0.2 0.2 0.2 0.2 0.2 0.2 0.2
 0.2 0.2 0.2 0.2 0.2 0.2 0.2 0.2 0.2 0.2 0.2 0.2
 0.2 0.2 0.2 0.2 0.2 0.2 0.2 0.2 0.2 0.2 0.2 0.2
 0.2 0.2 0.2 0.2 0.2 0.2 0.2 0.2 0.2 0.2 0.2 0.2
 0.2 0.2 0.2 0.2 0.2 0.2 0.2 0.2 0.2 0.2 0.2 0.2
 0.2 0.2 0.2 0.2 0.2 0.2 0.2 0.2 0.2 0.2 0.2 0.2
 0.2 0.2 0.2 0.2 0.2 0.2 0.2 0.2 0.2 0.2 0.2 0.2
 0.2 0.2 0.2 0.2 0.2 0.2 0.2 0.2 0.2 0.2 0.2 0.2
 0.2 0.2 0.2 0.2 0.2 0.2 0.2 0.2 0.2 0.2 0.2 0.2
 0.2 0.2 0.2 0.2 0.2 0.2 0.2 0.2 0.2 0.2 0.2 0.2
 0.2 0.2 0.2 0.2 0.2 0.2 0.2 0.2 0.2 0.2 0.2 0.2
 0.2 0.2 0.2 0.2 0.2 0.2 0.2 0.2 0.2 0.2 0.2 0.2
 0.2 0.2 0.2 0.2 0.2 0.2 0.2 0.2 0.2 0.2 0.2 0.2
 0.2 0.2 0.2 0.2 0.2 0.2 0.2 0.2 0.2 0.2 0.2 0.2
 0.2 0.2 0.2 0.2 0.2 0.2 0.2 0.2 0.2 0.2 0.2 0.2
 0.2 0.2 0.2 0.2 0.2 0.2 0.2 0.2 0.2 0.2 0.2 0.2
 0.2 0.2 0.2 0.2 0.2 0.2 0.2 0.2 0.2 0.2 0.2 0.2
 0.2 0.2 0.2 0.2 0.2 0.2 0.2 0.2 0.2 0.2 0.2 0.2
 0.2 0.2 0.2 0.2 0.2 0.2 0.2 0.2 0.2 0.2 0.2 0.2
# mean_log_rec
13.7548
# log_Rzero
13.8062
# rec_dev
 -0.0417456 0.0226854 0.0978004 -0.00243081 0.0254241 0.0157483 0.0167753 -0.0936799 -0.0202859 0.0215688 0.0789592 0.0508679 0.297036 -0.033823 -0.17629 0.339441 0.177486 0.0155369 0.208613 -0.0594416 0.172133 0.135776 -0.0756671 -0.0897005 0.00276491 -0.117707 0.102623 -0.0132675 -0.232261 -0.156526 -0.375772 0.0153252 0.0087514 -0.278551 -0.397456 -0.156619 -0.507016 -0.368502 -0.131779 -0.132311 -0.369757
# fmort
 0.00921729 0.0272805 0.0451513 0.0613874 0.0494269 0.0888909 0.0909269 0.191348 0.113505 0.13755 0.158535 0.168833 0.120899 0.176198 0.186835 0.169248 0.333995 0.274833 0.27443 0.273234 0.377564 0.274727 0.455712 0.376901 0.377895 0.346842 0.343001 0.489247 0.372685 0.574167
# rec_dev_future
 0 0 0 0 0
