AMAK;August_2013
# styr
1
# endyr
30
# rec_age
1
# oldest_age
12
# nlength
81
# len_bins
 10 11 12 13 14 15 16 17 18 19 20 21 22 23 24 25 26 27 28 29 30 31 32 33 34 35 36 37 38 39 40 41 42 43 44 45 46 47 48 49 50 51 52 53 54 55 56 57 58 59 60 61 62 63 64 65 66 67 68 69 70 71 72 73 74 75 76 77 78 79 80 81 82 83 84 85 86 87 88 89 90
# datafile_name
amak_data.dat
# model_name
OM_1
# styr
1
# endyr
30
# rec_age
1
# oldest_age
12
# nfsh
1
# fshname
OM1
# catch_bio_in
 159.878 468.05 757.909 998.249 767.251 1333.35 1267.25 2464.95 1324.78 1517.51 1611.43 1610.45 1099.71 1524.81 1508.42 1273.41 2234.02 1620.45 1453.05 1310.07 1638.34 1080.46 1633.57 1211.7 1109.71 968.194 925.314 1204.22 862.538 1272.1
# catch_bio_sd_in
 0.01 0.01 0.01 0.01 0.01 0.01 0.01 0.01 0.01 0.01 0.01 0.01 0.01 0.01 0.01 0.01 0.01 0.01 0.01 0.01 0.01 0.01 0.01 0.01 0.01 0.01 0.01 0.01 0.01 0.01
# nyrs_fsh_age
 30
# nyrs_fsh_length
 0
# yrs_fsh_age_in
 1 2 3 4 5 6 7 8 9 10 11 12 13 14 15 16 17 18 19 20 21 22 23 24 25 26 27 28 29 30
# yrs_fsh_length_in

# n_sample_fsh_length_in

# olc_fsh_in

# nind
1
# indname
survey_index1
# nyrs_ind
 30
# yrs_ind_in
 1 2 3 4 5 6 7 8 9 10 11 12 13 14 15 16 17 18 19 20 21 22 23 24 25 26 27 28 29 30
# mo_ind
 1
# obs_ind_in
 1.2779 1.44613 1.67341 1.5549 1.32685 1.66363 1.75516 1.15402 1.16375 1.30346 1.01837 1.07379 0.904517 1.10475 1.01417 0.802192 0.961043 0.81448 0.750873 0.726969 0.790675 0.685325 0.712631 0.677036 0.530113 0.596718 0.570323 0.527895 0.513983 0.531659
# obs_se_ind_in
 0.25558 0.289225 0.334681 0.31098 0.265371 0.332727 0.351031 0.230804 0.23275 0.260691 0.203675 0.214758 0.180903 0.22095 0.202833 0.160438 0.192209 0.162896 0.150175 0.145394 0.158135 0.137065 0.142526 0.135407 0.106023 0.119344 0.114065 0.105579 0.102797 0.106332
# nyrs_ind_age
 30
# nyrs_ind_length
 0
# yrs_ind_age_in
 1 2 3 4 5 6 7 8 9 10 11 12 13 14 15 16 17 18 19 20 21 22 23 24 25 26 27 28 29 30
# yrs_ind_length_in

# yrs_ind_age_in
 1 2 3 4 5 6 7 8 9 10 11 12 13 14 15 16 17 18 19 20 21 22 23 24 25 26 27 28 29 30
# n_sample_ind_length_in

# olc_ind_in

# oac_ind_in
 0.07 0.085 0.14 0.12 0.095 0.09 0.075 0.045 0.035 0.03 0.025 0.19
 0.08 0.135 0.145 0.13 0.095 0.095 0.075 0.04 0.03 0.03 0.015 0.13
 0.045 0.15 0.16 0.12 0.09 0.095 0.035 0.04 0.045 0.04 0.015 0.165
 0.03 0.085 0.2 0.1 0.075 0.12 0.07 0.055 0.045 0.03 0.035 0.155
 0.07 0.13 0.145 0.155 0.09 0.09 0.045 0.06 0.03 0.02 0.03 0.135
 0.08 0.215 0.125 0.11 0.08 0.055 0.065 0.055 0.01 0.01 0.04 0.155
 0.07 0.24 0.175 0.08 0.05 0.055 0.045 0.07 0.01 0.03 0.025 0.15
 0.075 0.19 0.2 0.165 0.065 0.065 0.055 0.03 0.015 0.03 0.02 0.09
 0.09 0.17 0.145 0.13 0.12 0.065 0.055 0.05 0.035 0.02 0.03 0.09
 0.065 0.165 0.145 0.155 0.15 0.07 0.025 0.075 0.035 0.035 0.02 0.06
 0.07 0.195 0.11 0.085 0.095 0.115 0.085 0.03 0.03 0.035 0.04 0.11
 0.085 0.16 0.155 0.115 0.115 0.105 0.065 0.075 0.015 0.015 0.025 0.07
 0.055 0.235 0.14 0.155 0.115 0.06 0.07 0.07 0.035 0.02 0.005 0.04
 0.09 0.175 0.14 0.17 0.1 0.075 0.07 0.04 0.035 0.035 0.015 0.055
 0.07 0.165 0.17 0.14 0.135 0.095 0.055 0.035 0.025 0.01 0.03 0.07
 0.115 0.165 0.235 0.085 0.14 0.07 0.055 0.03 0.04 0.01 0.005 0.05
 0.11 0.22 0.18 0.16 0.095 0.075 0.05 0.025 0.01 0.015 0.025 0.035
 0.04 0.21 0.19 0.14 0.13 0.065 0.06 0.03 0.055 0.005 0.03 0.045
 0.07 0.205 0.17 0.215 0.1 0.085 0.035 0.025 0.02 0.005 0.015 0.055
 0.14 0.195 0.15 0.145 0.125 0.075 0.04 0.04 0.005 0.035 0.02 0.03
 0.15 0.205 0.19 0.1 0.11 0.085 0.045 0.035 0.015 0.03 0.01 0.025
 0.145 0.245 0.165 0.16 0.055 0.09 0.05 0.03 0.025 0.01 0.01 0.015
 0.1 0.265 0.315 0.1 0.09 0.065 0.03 0.015 0 0.005 0.005 0.01
 0.1 0.16 0.265 0.19 0.085 0.08 0.035 0.01 0.02 0.025 0.005 0.025
 0.14 0.205 0.19 0.175 0.155 0.045 0.025 0.005 0.015 0.005 0.015 0.025
 0.115 0.24 0.235 0.15 0.1 0.07 0.045 0.02 0.005 0.01 0.005 0.005
 0.075 0.19 0.28 0.18 0.11 0.065 0.04 0.025 0.015 0.005 0.01 0.005
 0.125 0.295 0.175 0.15 0.08 0.065 0.055 0.02 0.01 0.01 0.01 0.005
 0.125 0.295 0.225 0.12 0.11 0.035 0.03 0.03 0.015 0 0 0.015
 0.11 0.305 0.26 0.13 0.075 0.055 0.03 0.005 0.015 0.01 0 0.005
# wt_ind
 1 1 1 1 1 1 1 1 1 1 1 1
 1 1 1 1 1 1 1 1 1 1 1 1
 1 1 1 1 1 1 1 1 1 1 1 1
 1 1 1 1 1 1 1 1 1 1 1 1
 1 1 1 1 1 1 1 1 1 1 1 1
 1 1 1 1 1 1 1 1 1 1 1 1
 1 1 1 1 1 1 1 1 1 1 1 1
 1 1 1 1 1 1 1 1 1 1 1 1
 1 1 1 1 1 1 1 1 1 1 1 1
 1 1 1 1 1 1 1 1 1 1 1 1
 1 1 1 1 1 1 1 1 1 1 1 1
 1 1 1 1 1 1 1 1 1 1 1 1
 1 1 1 1 1 1 1 1 1 1 1 1
 1 1 1 1 1 1 1 1 1 1 1 1
 1 1 1 1 1 1 1 1 1 1 1 1
 1 1 1 1 1 1 1 1 1 1 1 1
 1 1 1 1 1 1 1 1 1 1 1 1
 1 1 1 1 1 1 1 1 1 1 1 1
 1 1 1 1 1 1 1 1 1 1 1 1
 1 1 1 1 1 1 1 1 1 1 1 1
 1 1 1 1 1 1 1 1 1 1 1 1
 1 1 1 1 1 1 1 1 1 1 1 1
 1 1 1 1 1 1 1 1 1 1 1 1
 1 1 1 1 1 1 1 1 1 1 1 1
 1 1 1 1 1 1 1 1 1 1 1 1
 1 1 1 1 1 1 1 1 1 1 1 1
 1 1 1 1 1 1 1 1 1 1 1 1
 1 1 1 1 1 1 1 1 1 1 1 1
 1 1 1 1 1 1 1 1 1 1 1 1
 1 1 1 1 1 1 1 1 1 1 1 1
# wt_pop
 0.000530656 0.00119633 0.00205827 0.00303499 0.00405521 0.0050647 0.00602623 0.00691692 0.00772489 0.00844611 0.00908185 0.0096367
# maturity
 0.0229774 0.320821 0.904651 0.99478 0.999739 0.999987 0.999999 1 1 1 1 1
# spawnmo
1
# age_err
 1 0 0 0 0 0 0 0 0 0 0 0
 0 1 0 0 0 0 0 0 0 0 0 0
 0 0 1 0 0 0 0 0 0 0 0 0
 0 0 0 1 0 0 0 0 0 0 0 0
 0 0 0 0 1 0 0 0 0 0 0 0
 0 0 0 0 0 1 0 0 0 0 0 0
 0 0 0 0 0 0 1 0 0 0 0 0
 0 0 0 0 0 0 0 1 0 0 0 0
 0 0 0 0 0 0 0 0 1 0 0 0
 0 0 0 0 0 0 0 0 0 1 0 0
 0 0 0 0 0 0 0 0 0 0 1 0
 0 0 0 0 0 0 0 0 0 0 0 1
# cntrlfile_name
C:\Users\bai.li\Desktop\s1_test\AMAK\s158\amak.dat
# Map shared selectivity: 
# sel_map
 1 2
 1 1
# datafile_name
amak_data.dat
# model_name
OM_1
# SrType
2
# use_age_err
0
# retro
0
# sigmarprior
0.2
# cvsigmarprior
0.25
# phase_sigmar
-3
# styr_rec_est
1
# endyr_rec_est
30
# Linfprior
80
# cvLinfprior
0.25
# kprior
0.18
# cvkprior
0.25
# Loprior
27.688
# cvLoprior
0.25
# sdageprior
0.1
# cvsdageprior
0.25
# natmortprior
0.2
# cvnatmortprior
0.25
# phase_M
-4
# npars_Mage
0
# ages_M_changes

# Mage_in

# phase_Mage
-5
# phase_rw_M
0
# npars_rw_M
0
# yrs_rw_M

# sigma_rw_M

# qprior
 3.48998e-007
# cvqprior
 1
# phase_q
 1
# q_power_prior
 1
# cvq_power_prior
 0.2
# phase_q_power
 -4
# phase_rw_q
 -1
# npars_rw_q
 0
# yrs_rw_q

# sigma_rw_q

# q_age_min
 1
# q_age_max
 12
# q_age_min
 1
# q_age_max
 12
# fsh_sel_opt(k)
2
# phase_sel_fsh(k)
-2
# n_sel_ch_fsh(k)
1
# sel_slp_in_fsh(k)(1,n_sel_ch_fsh(k))
 1
# sel_inf_in_fsh(k)(1,n_sel_ch_fsh(k))
 2
# logsel_slp_in_fsh(k)(1,n_sel_ch_fsh(k))
 0
# yrs_sel_ch_fsh(k)(1,n_sel_ch_fsh(k))
 1

Survey survey_index1
# ind_sel_opt(k)
2
# indname(k)
survey_index1
# nselages_in_ind(k)
11
# phase_sel_ind(k)
-2
# sel_change_in_ind(k)
 1 0 0 0 0 0 0 0 0 0 0 0 0 0 0 0 0 0 0 0 0 0 0 0 0 0 0 0 0 0
# n_sel_ch_ind(k)
1
# yrs_sel_ch_ind(k)(1,n_sel_ch_ind(k))
 1
# sel_slp_in_ind(k,1)
2
# sel_inf_in_ind(k,1)
1.5
# logsel_slp_in_ind(k,1)
0.693147
# logsel_slp_in_indv(k)
0.693147
survey_index1 ind sel opt 2  1 0 0 0 0 0 0 0 0 0 0 0 0 0 0 0 0 0 0 0 0 0 0 0 0 0 0 0 0 0
Phase indices Sel_Coffs:  -1
 Test: 1.23457e+008
# Fshry Selages:  11
# Srvy  Selages:  11
# Phase for age-spec fishery  -1
# Phase for logistic fishery  -2
# Phase for dble logistic fishery  -1
# Phase for age-spec indices   -1
# Phase for logistic indices   -2
# Phase for dble logistic ind  -1
# Curv_pen_fsh: 
 0
# Curv_pen_ind: 
 0
# styr_fut
31
# endyr_fut
35
# nyrs_fsh_age
 30
# nyrs_fsh_age
 30
# yrs_fsh_age
 1 2 3 4 5 6 7 8 9 10 11 12 13 14 15 16 17 18 19 20 21 22 23 24 25 26 27 28 29 30
# n_sample_fsh_age
 200 200 200 200 200 200 200 200 200 200 200 200 200 200 200 200 200 200 200 200 200 200 200 200 200 200 200 200 200 200
# oac_fsh
 0.07 0.11 0.16 0.135 0.105 0.07 0.06 0.06 0.065 0.015 0.015 0.135
 0.085 0.075 0.12 0.095 0.1 0.11 0.095 0.055 0.035 0.02 0.035 0.175
 0.04 0.155 0.125 0.155 0.08 0.09 0.08 0.06 0.05 0.02 0.015 0.13
 0.075 0.065 0.16 0.15 0.09 0.08 0.065 0.045 0.06 0.035 0.055 0.12
 0.08 0.095 0.145 0.125 0.085 0.05 0.065 0.085 0.05 0.035 0.025 0.16
 0.075 0.145 0.1 0.13 0.115 0.105 0.06 0.05 0.055 0.035 0.005 0.125
 0.045 0.15 0.195 0.125 0.075 0.08 0.07 0.07 0.04 0.02 0.03 0.1
 0.06 0.11 0.145 0.175 0.105 0.08 0.08 0.055 0.04 0.035 0.015 0.1
 0.07 0.15 0.145 0.12 0.145 0.05 0.05 0.055 0.045 0.03 0.035 0.105
 0.12 0.12 0.195 0.12 0.07 0.115 0.055 0.035 0.04 0.04 0.01 0.08
 0.085 0.115 0.14 0.15 0.075 0.105 0.095 0.03 0.055 0.055 0.02 0.075
 0.095 0.155 0.265 0.1 0.085 0.05 0.065 0.055 0.035 0.015 0.005 0.075
 0.105 0.08 0.2 0.17 0.085 0.09 0.06 0.055 0.06 0.01 0.025 0.06
 0.125 0.135 0.145 0.155 0.095 0.06 0.065 0.03 0.04 0.05 0.01 0.09
 0.085 0.13 0.16 0.12 0.125 0.12 0.04 0.07 0.045 0.015 0.025 0.065
 0.07 0.16 0.2 0.15 0.11 0.05 0.04 0.04 0.05 0.02 0.005 0.105
 0.105 0.205 0.14 0.105 0.12 0.085 0.08 0.045 0.045 0.025 0.005 0.04
 0.1 0.16 0.195 0.145 0.135 0.095 0.025 0.035 0.015 0.025 0.04 0.03
 0.125 0.095 0.235 0.21 0.085 0.085 0.045 0.02 0.03 0.01 0.01 0.05
 0.085 0.175 0.205 0.135 0.14 0.045 0.075 0.015 0.01 0.03 0.035 0.05
 0.15 0.085 0.18 0.13 0.17 0.105 0.04 0.065 0.01 0.005 0.03 0.03
 0.135 0.185 0.135 0.165 0.09 0.105 0.07 0.01 0.05 0.015 0.01 0.03
 0.13 0.255 0.215 0.11 0.085 0.045 0.075 0.02 0.03 0.01 0.01 0.015
 0.145 0.155 0.24 0.2 0.075 0.08 0.01 0.04 0.01 0.025 0.005 0.015
 0.16 0.15 0.19 0.16 0.16 0.06 0.03 0.04 0.025 0.005 0.005 0.015
 0.115 0.27 0.165 0.155 0.125 0.07 0.02 0.035 0.02 0.005 0.005 0.015
 0.13 0.15 0.255 0.19 0.085 0.07 0.06 0.025 0.005 0.015 0.01 0.005
 0.175 0.265 0.165 0.19 0.07 0.055 0.04 0.015 0.01 0.005 0.005 0.005
 0.205 0.245 0.195 0.105 0.125 0.05 0.035 0.015 0.015 0 0 0.01
 0.15 0.215 0.27 0.115 0.095 0.08 0.025 0.005 0.035 0.005 0 0.005
# olc_fsh

# wt_fsh
 0.000530656 0.00119633 0.00205827 0.00303499 0.00405521 0.0050647 0.00602623 0.00691692 0.00772489 0.00844611 0.00908185 0.0096367
 0.000530656 0.00119633 0.00205827 0.00303499 0.00405521 0.0050647 0.00602623 0.00691692 0.00772489 0.00844611 0.00908185 0.0096367
 0.000530656 0.00119633 0.00205827 0.00303499 0.00405521 0.0050647 0.00602623 0.00691692 0.00772489 0.00844611 0.00908185 0.0096367
 0.000530656 0.00119633 0.00205827 0.00303499 0.00405521 0.0050647 0.00602623 0.00691692 0.00772489 0.00844611 0.00908185 0.0096367
 0.000530656 0.00119633 0.00205827 0.00303499 0.00405521 0.0050647 0.00602623 0.00691692 0.00772489 0.00844611 0.00908185 0.0096367
 0.000530656 0.00119633 0.00205827 0.00303499 0.00405521 0.0050647 0.00602623 0.00691692 0.00772489 0.00844611 0.00908185 0.0096367
 0.000530656 0.00119633 0.00205827 0.00303499 0.00405521 0.0050647 0.00602623 0.00691692 0.00772489 0.00844611 0.00908185 0.0096367
 0.000530656 0.00119633 0.00205827 0.00303499 0.00405521 0.0050647 0.00602623 0.00691692 0.00772489 0.00844611 0.00908185 0.0096367
 0.000530656 0.00119633 0.00205827 0.00303499 0.00405521 0.0050647 0.00602623 0.00691692 0.00772489 0.00844611 0.00908185 0.0096367
 0.000530656 0.00119633 0.00205827 0.00303499 0.00405521 0.0050647 0.00602623 0.00691692 0.00772489 0.00844611 0.00908185 0.0096367
 0.000530656 0.00119633 0.00205827 0.00303499 0.00405521 0.0050647 0.00602623 0.00691692 0.00772489 0.00844611 0.00908185 0.0096367
 0.000530656 0.00119633 0.00205827 0.00303499 0.00405521 0.0050647 0.00602623 0.00691692 0.00772489 0.00844611 0.00908185 0.0096367
 0.000530656 0.00119633 0.00205827 0.00303499 0.00405521 0.0050647 0.00602623 0.00691692 0.00772489 0.00844611 0.00908185 0.0096367
 0.000530656 0.00119633 0.00205827 0.00303499 0.00405521 0.0050647 0.00602623 0.00691692 0.00772489 0.00844611 0.00908185 0.0096367
 0.000530656 0.00119633 0.00205827 0.00303499 0.00405521 0.0050647 0.00602623 0.00691692 0.00772489 0.00844611 0.00908185 0.0096367
 0.000530656 0.00119633 0.00205827 0.00303499 0.00405521 0.0050647 0.00602623 0.00691692 0.00772489 0.00844611 0.00908185 0.0096367
 0.000530656 0.00119633 0.00205827 0.00303499 0.00405521 0.0050647 0.00602623 0.00691692 0.00772489 0.00844611 0.00908185 0.0096367
 0.000530656 0.00119633 0.00205827 0.00303499 0.00405521 0.0050647 0.00602623 0.00691692 0.00772489 0.00844611 0.00908185 0.0096367
 0.000530656 0.00119633 0.00205827 0.00303499 0.00405521 0.0050647 0.00602623 0.00691692 0.00772489 0.00844611 0.00908185 0.0096367
 0.000530656 0.00119633 0.00205827 0.00303499 0.00405521 0.0050647 0.00602623 0.00691692 0.00772489 0.00844611 0.00908185 0.0096367
 0.000530656 0.00119633 0.00205827 0.00303499 0.00405521 0.0050647 0.00602623 0.00691692 0.00772489 0.00844611 0.00908185 0.0096367
 0.000530656 0.00119633 0.00205827 0.00303499 0.00405521 0.0050647 0.00602623 0.00691692 0.00772489 0.00844611 0.00908185 0.0096367
 0.000530656 0.00119633 0.00205827 0.00303499 0.00405521 0.0050647 0.00602623 0.00691692 0.00772489 0.00844611 0.00908185 0.0096367
 0.000530656 0.00119633 0.00205827 0.00303499 0.00405521 0.0050647 0.00602623 0.00691692 0.00772489 0.00844611 0.00908185 0.0096367
 0.000530656 0.00119633 0.00205827 0.00303499 0.00405521 0.0050647 0.00602623 0.00691692 0.00772489 0.00844611 0.00908185 0.0096367
 0.000530656 0.00119633 0.00205827 0.00303499 0.00405521 0.0050647 0.00602623 0.00691692 0.00772489 0.00844611 0.00908185 0.0096367
 0.000530656 0.00119633 0.00205827 0.00303499 0.00405521 0.0050647 0.00602623 0.00691692 0.00772489 0.00844611 0.00908185 0.0096367
 0.000530656 0.00119633 0.00205827 0.00303499 0.00405521 0.0050647 0.00602623 0.00691692 0.00772489 0.00844611 0.00908185 0.0096367
 0.000530656 0.00119633 0.00205827 0.00303499 0.00405521 0.0050647 0.00602623 0.00691692 0.00772489 0.00844611 0.00908185 0.0096367
 0.000530656 0.00119633 0.00205827 0.00303499 0.00405521 0.0050647 0.00602623 0.00691692 0.00772489 0.00844611 0.00908185 0.0096367
# nyrs_ind_age
 30
# yrs_ind_age
 1 2 3 4 5 6 7 8 9 10 11 12 13 14 15 16 17 18 19 20 21 22 23 24 25 26 27 28 29 30
# n_sample_ind_age
 200 200 200 200 200 200 200 200 200 200 200 200 200 200 200 200 200 200 200 200 200 200 200 200 200 200 200 200 200 200
# oac_ind
 0.07 0.085 0.14 0.12 0.095 0.09 0.075 0.045 0.035 0.03 0.025 0.19
 0.08 0.135 0.145 0.13 0.095 0.095 0.075 0.04 0.03 0.03 0.015 0.13
 0.045 0.15 0.16 0.12 0.09 0.095 0.035 0.04 0.045 0.04 0.015 0.165
 0.03 0.085 0.2 0.1 0.075 0.12 0.07 0.055 0.045 0.03 0.035 0.155
 0.07 0.13 0.145 0.155 0.09 0.09 0.045 0.06 0.03 0.02 0.03 0.135
 0.08 0.215 0.125 0.11 0.08 0.055 0.065 0.055 0.01 0.01 0.04 0.155
 0.07 0.24 0.175 0.08 0.05 0.055 0.045 0.07 0.01 0.03 0.025 0.15
 0.075 0.19 0.2 0.165 0.065 0.065 0.055 0.03 0.015 0.03 0.02 0.09
 0.09 0.17 0.145 0.13 0.12 0.065 0.055 0.05 0.035 0.02 0.03 0.09
 0.065 0.165 0.145 0.155 0.15 0.07 0.025 0.075 0.035 0.035 0.02 0.06
 0.07 0.195 0.11 0.085 0.095 0.115 0.085 0.03 0.03 0.035 0.04 0.11
 0.085 0.16 0.155 0.115 0.115 0.105 0.065 0.075 0.015 0.015 0.025 0.07
 0.055 0.235 0.14 0.155 0.115 0.06 0.07 0.07 0.035 0.02 0.005 0.04
 0.09 0.175 0.14 0.17 0.1 0.075 0.07 0.04 0.035 0.035 0.015 0.055
 0.07 0.165 0.17 0.14 0.135 0.095 0.055 0.035 0.025 0.01 0.03 0.07
 0.115 0.165 0.235 0.085 0.14 0.07 0.055 0.03 0.04 0.01 0.005 0.05
 0.11 0.22 0.18 0.16 0.095 0.075 0.05 0.025 0.01 0.015 0.025 0.035
 0.04 0.21 0.19 0.14 0.13 0.065 0.06 0.03 0.055 0.005 0.03 0.045
 0.07 0.205 0.17 0.215 0.1 0.085 0.035 0.025 0.02 0.005 0.015 0.055
 0.14 0.195 0.15 0.145 0.125 0.075 0.04 0.04 0.005 0.035 0.02 0.03
 0.15 0.205 0.19 0.1 0.11 0.085 0.045 0.035 0.015 0.03 0.01 0.025
 0.145 0.245 0.165 0.16 0.055 0.09 0.05 0.03 0.025 0.01 0.01 0.015
 0.1 0.265 0.315 0.1 0.09 0.065 0.03 0.015 0 0.005 0.005 0.01
 0.1 0.16 0.265 0.19 0.085 0.08 0.035 0.01 0.02 0.025 0.005 0.025
 0.14 0.205 0.19 0.175 0.155 0.045 0.025 0.005 0.015 0.005 0.015 0.025
 0.115 0.24 0.235 0.15 0.1 0.07 0.045 0.02 0.005 0.01 0.005 0.005
 0.075 0.19 0.28 0.18 0.11 0.065 0.04 0.025 0.015 0.005 0.01 0.005
 0.125 0.295 0.175 0.15 0.08 0.065 0.055 0.02 0.01 0.01 0.01 0.005
 0.125 0.295 0.225 0.12 0.11 0.035 0.03 0.03 0.015 0 0 0.015
 0.11 0.305 0.26 0.13 0.075 0.055 0.03 0.005 0.015 0.01 0 0.005
# olc_ind

# obs_lse_ind
 0.198042 0.198042 0.198042 0.198042 0.198042 0.198042 0.198042 0.198042 0.198042 0.198042 0.198042 0.198042 0.198042 0.198042 0.198042 0.198042 0.198042 0.198042 0.198042 0.198042 0.198042 0.198042 0.198042 0.198042 0.198042 0.198042 0.198042 0.198042 0.198042 0.198042
# xages_fsh
 0 0 0 0 0 0 0 0 0 0 0 0
# xages_fsh
 0 0.0909091 0.181818 0.272727 0.363636 0.454545 0.545455 0.636364 0.727273 0.818182 0.909091 1
# xnodes_fsh

Yrs fsh_sel change:  1 0 0 0 0 0 0 0 0 0 0 0 0 0 0 0 0 0 0 0 0 0 0 0 0 0 0 0 0
Yrs ind_sel change:  1 0 0 0 0 0 0 0 0 0 0 0 0 0 0 0 0 0 0 0 0 0 0 0 0 0 0 0 0
# steepnessprior
0.75
# sigmarprior
0.2
#  SSB estimated in styr endyr: -12 28 
#  Rec estimated in styr endyr: -10 30 
#  SR Curve fit  in styr endyr: 1 30 
#             Model styr endyr: 1 30 
# qprior
 3.48998e-007
# q_power_prior 
 1 
# cv_catchbiomass 
0.05 
# CatchbiomassPen 
200 
# Number of projection years 
5 
# offset_fsh
 13403.5
# offset_ind
 13126.7
Mean Catch
1273.71
R_guess 
13.8155
# nfsh
1
# n_sel_ch_fsh
 1
# nselages_fsh
 11
# phase_selcoff_fsh
 -1
logRzero 13.8155
logmeanrec 13.8155
exp(log_sigmarprior 0.2
Fish sel phase: -1 OM1
Fixing fishery sel to
1
Fixing fishery sel to
1
Srvy sel phase: -1
Fixing survey_index1 indices sel to
1
Fixing index sel to
1
# logsel_slp_in_indv
 0.693147
Leaving parameter init secton
# M
 0.2 0.2 0.2 0.2 0.2 0.2 0.2 0.2 0.2 0.2 0.2 0.2
 0.2 0.2 0.2 0.2 0.2 0.2 0.2 0.2 0.2 0.2 0.2 0.2
 0.2 0.2 0.2 0.2 0.2 0.2 0.2 0.2 0.2 0.2 0.2 0.2
 0.2 0.2 0.2 0.2 0.2 0.2 0.2 0.2 0.2 0.2 0.2 0.2
 0.2 0.2 0.2 0.2 0.2 0.2 0.2 0.2 0.2 0.2 0.2 0.2
 0.2 0.2 0.2 0.2 0.2 0.2 0.2 0.2 0.2 0.2 0.2 0.2
 0.2 0.2 0.2 0.2 0.2 0.2 0.2 0.2 0.2 0.2 0.2 0.2
 0.2 0.2 0.2 0.2 0.2 0.2 0.2 0.2 0.2 0.2 0.2 0.2
 0.2 0.2 0.2 0.2 0.2 0.2 0.2 0.2 0.2 0.2 0.2 0.2
 0.2 0.2 0.2 0.2 0.2 0.2 0.2 0.2 0.2 0.2 0.2 0.2
 0.2 0.2 0.2 0.2 0.2 0.2 0.2 0.2 0.2 0.2 0.2 0.2
 0.2 0.2 0.2 0.2 0.2 0.2 0.2 0.2 0.2 0.2 0.2 0.2
 0.2 0.2 0.2 0.2 0.2 0.2 0.2 0.2 0.2 0.2 0.2 0.2
 0.2 0.2 0.2 0.2 0.2 0.2 0.2 0.2 0.2 0.2 0.2 0.2
 0.2 0.2 0.2 0.2 0.2 0.2 0.2 0.2 0.2 0.2 0.2 0.2
 0.2 0.2 0.2 0.2 0.2 0.2 0.2 0.2 0.2 0.2 0.2 0.2
 0.2 0.2 0.2 0.2 0.2 0.2 0.2 0.2 0.2 0.2 0.2 0.2
 0.2 0.2 0.2 0.2 0.2 0.2 0.2 0.2 0.2 0.2 0.2 0.2
 0.2 0.2 0.2 0.2 0.2 0.2 0.2 0.2 0.2 0.2 0.2 0.2
 0.2 0.2 0.2 0.2 0.2 0.2 0.2 0.2 0.2 0.2 0.2 0.2
 0.2 0.2 0.2 0.2 0.2 0.2 0.2 0.2 0.2 0.2 0.2 0.2
 0.2 0.2 0.2 0.2 0.2 0.2 0.2 0.2 0.2 0.2 0.2 0.2
 0.2 0.2 0.2 0.2 0.2 0.2 0.2 0.2 0.2 0.2 0.2 0.2
 0.2 0.2 0.2 0.2 0.2 0.2 0.2 0.2 0.2 0.2 0.2 0.2
 0.2 0.2 0.2 0.2 0.2 0.2 0.2 0.2 0.2 0.2 0.2 0.2
 0.2 0.2 0.2 0.2 0.2 0.2 0.2 0.2 0.2 0.2 0.2 0.2
 0.2 0.2 0.2 0.2 0.2 0.2 0.2 0.2 0.2 0.2 0.2 0.2
 0.2 0.2 0.2 0.2 0.2 0.2 0.2 0.2 0.2 0.2 0.2 0.2
 0.2 0.2 0.2 0.2 0.2 0.2 0.2 0.2 0.2 0.2 0.2 0.2
 0.2 0.2 0.2 0.2 0.2 0.2 0.2 0.2 0.2 0.2 0.2 0.2
# mean_log_rec
13.7514
# log_Rzero
13.8508
# rec_dev
 0.122676 -0.0446662 -0.106698 -0.0907071 0.00771567 -0.00882981 0.0341666 0.00569798 0.0569972 0.0475461 0.0202828 0.0785943 0.227705 -0.0314305 -0.0963786 0.403288 0.266294 0.077606 0.144741 -0.0621115 0.148128 0.0815209 -0.046559 -0.0745331 0.105423 -0.0921422 0.121474 0.0356168 -0.313247 -0.162332 -0.357885 0.0625442 -0.0121204 -0.31732 -0.330063 -0.117847 -0.474653 -0.274372 -0.0975473 -0.131118 -0.295965
# fmort
 0.00908327 0.0269878 0.0449221 0.0616284 0.0492326 0.0892575 0.089057 0.188103 0.110573 0.134124 0.152807 0.164618 0.118468 0.172474 0.183292 0.16348 0.316476 0.261982 0.258067 0.254168 0.357319 0.258259 0.42399 0.351245 0.343575 0.313038 0.305154 0.418797 0.309971 0.470321
# rec_dev_future
 0 0 0 0 0
