AMAK;August_2013
# styr
1
# endyr
30
# rec_age
1
# oldest_age
12
# nlength
81
# len_bins
 10 11 12 13 14 15 16 17 18 19 20 21 22 23 24 25 26 27 28 29 30 31 32 33 34 35 36 37 38 39 40 41 42 43 44 45 46 47 48 49 50 51 52 53 54 55 56 57 58 59 60 61 62 63 64 65 66 67 68 69 70 71 72 73 74 75 76 77 78 79 80 81 82 83 84 85 86 87 88 89 90
# datafile_name
amak_data.dat
# model_name
OM_1
# styr
1
# endyr
30
# rec_age
1
# oldest_age
12
# nfsh
1
# fshname
OM1
# catch_bio_in
 161.35 468.255 759.628 993.265 761.978 1325.47 1287.63 2462.3 1327.85 1528.36 1627.71 1613.43 1099.94 1534.12 1504.8 1278.43 2257.2 1613.86 1455.54 1317.48 1618.92 1078.44 1636.11 1205.09 1118.6 970.293 924.061 1214.18 868.627 1274.68
# catch_bio_sd_in
 0.01 0.01 0.01 0.01 0.01 0.01 0.01 0.01 0.01 0.01 0.01 0.01 0.01 0.01 0.01 0.01 0.01 0.01 0.01 0.01 0.01 0.01 0.01 0.01 0.01 0.01 0.01 0.01 0.01 0.01
# nyrs_fsh_age
 30
# nyrs_fsh_length
 0
# yrs_fsh_age_in
 1 2 3 4 5 6 7 8 9 10 11 12 13 14 15 16 17 18 19 20 21 22 23 24 25 26 27 28 29 30
# yrs_fsh_length_in

# n_sample_fsh_length_in

# olc_fsh_in

# nind
1
# indname
survey_index1
# nyrs_ind
 30
# yrs_ind_in
 1 2 3 4 5 6 7 8 9 10 11 12 13 14 15 16 17 18 19 20 21 22 23 24 25 26 27 28 29 30
# mo_ind
 1
# obs_ind_in
 1.56546 2.00206 1.67345 1.29091 1.61466 1.55768 1.28775 1.16919 1.25628 1.10075 1.27918 1.42459 1.07967 0.904479 1.28567 0.993251 0.981997 0.951544 0.744483 0.828324 0.699558 0.72914 0.818629 0.526345 0.616436 0.556185 0.527113 0.485575 0.661662 0.559639
# obs_se_ind_in
 0.313092 0.400412 0.334689 0.258183 0.322933 0.311536 0.25755 0.233839 0.251256 0.220151 0.255835 0.284918 0.215934 0.180896 0.257134 0.19865 0.196399 0.190309 0.148897 0.165665 0.139912 0.145828 0.163726 0.105269 0.123287 0.111237 0.105423 0.097115 0.132332 0.111928
# nyrs_ind_age
 30
# nyrs_ind_length
 0
# yrs_ind_age_in
 1 2 3 4 5 6 7 8 9 10 11 12 13 14 15 16 17 18 19 20 21 22 23 24 25 26 27 28 29 30
# yrs_ind_length_in

# yrs_ind_age_in
 1 2 3 4 5 6 7 8 9 10 11 12 13 14 15 16 17 18 19 20 21 22 23 24 25 26 27 28 29 30
# n_sample_ind_length_in

# olc_ind_in

# oac_ind_in
 0.095 0.11 0.185 0.145 0.085 0.07 0.04 0.04 0.03 0.035 0.025 0.14
 0.045 0.17 0.17 0.16 0.085 0.07 0.075 0.03 0.035 0.03 0.035 0.095
 0.065 0.17 0.14 0.085 0.08 0.08 0.08 0.045 0.06 0.03 0.025 0.14
 0.065 0.145 0.15 0.13 0.065 0.09 0.105 0.045 0.02 0.045 0.015 0.125
 0.085 0.11 0.185 0.135 0.08 0.08 0.04 0.065 0.04 0.025 0.025 0.13
 0.09 0.2 0.135 0.095 0.1 0.1 0.05 0.035 0.035 0.02 0.04 0.1
 0.055 0.145 0.245 0.09 0.06 0.11 0.07 0.025 0.045 0.015 0.015 0.125
 0.1 0.16 0.18 0.15 0.075 0.04 0.065 0.05 0.045 0.035 0.03 0.07
 0.085 0.19 0.135 0.155 0.125 0.07 0.045 0.065 0.035 0.01 0.005 0.08
 0.065 0.185 0.24 0.115 0.085 0.095 0.035 0.015 0.035 0.01 0.045 0.075
 0.07 0.135 0.15 0.125 0.12 0.125 0.095 0.03 0.035 0.045 0.015 0.055
 0.08 0.175 0.155 0.135 0.1 0.095 0.05 0.035 0.02 0.02 0.005 0.13
 0.095 0.115 0.225 0.14 0.085 0.085 0.03 0.065 0.05 0.005 0.01 0.095
 0.08 0.175 0.155 0.145 0.095 0.095 0.085 0.025 0.06 0.025 0.015 0.045
 0.05 0.25 0.175 0.115 0.12 0.095 0.05 0.035 0.025 0.02 0.015 0.05
 0.12 0.24 0.21 0.185 0.025 0.06 0.05 0.03 0.02 0.01 0.01 0.04
 0.085 0.24 0.135 0.17 0.09 0.07 0.09 0.035 0.03 0.025 0.005 0.025
 0.045 0.285 0.17 0.135 0.115 0.07 0.06 0.02 0.035 0.015 0.025 0.025
 0.11 0.15 0.28 0.16 0.09 0.06 0.045 0.035 0.035 0.01 0.01 0.015
 0.11 0.2 0.15 0.14 0.155 0.085 0.02 0.015 0.05 0.01 0.01 0.055
 0.075 0.22 0.2 0.14 0.14 0.045 0.055 0.035 0.035 0.005 0.01 0.04
 0.12 0.33 0.12 0.17 0.08 0.1 0.025 0.015 0.015 0.01 0.005 0.01
 0.085 0.3 0.215 0.12 0.13 0.04 0.045 0.02 0.02 0 0.01 0.015
 0.09 0.23 0.24 0.21 0.08 0.055 0.01 0.03 0.015 0.015 0 0.025
 0.155 0.15 0.23 0.175 0.115 0.04 0.05 0.015 0.03 0.01 0.01 0.02
 0.13 0.265 0.205 0.165 0.085 0.06 0.035 0.025 0.01 0.005 0.01 0.005
 0.115 0.235 0.25 0.13 0.11 0.07 0.03 0.02 0.005 0.015 0.005 0.015
 0.14 0.245 0.21 0.15 0.095 0.055 0.05 0.025 0.005 0 0.015 0.01
 0.225 0.285 0.205 0.1 0.08 0.03 0.02 0.025 0.005 0.005 0 0.02
 0.11 0.345 0.28 0.09 0.07 0.055 0.025 0.01 0.01 0.005 0 0
# wt_ind
 1 1 1 1 1 1 1 1 1 1 1 1
 1 1 1 1 1 1 1 1 1 1 1 1
 1 1 1 1 1 1 1 1 1 1 1 1
 1 1 1 1 1 1 1 1 1 1 1 1
 1 1 1 1 1 1 1 1 1 1 1 1
 1 1 1 1 1 1 1 1 1 1 1 1
 1 1 1 1 1 1 1 1 1 1 1 1
 1 1 1 1 1 1 1 1 1 1 1 1
 1 1 1 1 1 1 1 1 1 1 1 1
 1 1 1 1 1 1 1 1 1 1 1 1
 1 1 1 1 1 1 1 1 1 1 1 1
 1 1 1 1 1 1 1 1 1 1 1 1
 1 1 1 1 1 1 1 1 1 1 1 1
 1 1 1 1 1 1 1 1 1 1 1 1
 1 1 1 1 1 1 1 1 1 1 1 1
 1 1 1 1 1 1 1 1 1 1 1 1
 1 1 1 1 1 1 1 1 1 1 1 1
 1 1 1 1 1 1 1 1 1 1 1 1
 1 1 1 1 1 1 1 1 1 1 1 1
 1 1 1 1 1 1 1 1 1 1 1 1
 1 1 1 1 1 1 1 1 1 1 1 1
 1 1 1 1 1 1 1 1 1 1 1 1
 1 1 1 1 1 1 1 1 1 1 1 1
 1 1 1 1 1 1 1 1 1 1 1 1
 1 1 1 1 1 1 1 1 1 1 1 1
 1 1 1 1 1 1 1 1 1 1 1 1
 1 1 1 1 1 1 1 1 1 1 1 1
 1 1 1 1 1 1 1 1 1 1 1 1
 1 1 1 1 1 1 1 1 1 1 1 1
 1 1 1 1 1 1 1 1 1 1 1 1
# wt_pop
 0.000530656 0.00119633 0.00205827 0.00303499 0.00405521 0.0050647 0.00602623 0.00691692 0.00772489 0.00844611 0.00908185 0.0096367
# maturity
 0.0229774 0.320821 0.904651 0.99478 0.999739 0.999987 0.999999 1 1 1 1 1
# spawnmo
1
# age_err
 1 0 0 0 0 0 0 0 0 0 0 0
 0 1 0 0 0 0 0 0 0 0 0 0
 0 0 1 0 0 0 0 0 0 0 0 0
 0 0 0 1 0 0 0 0 0 0 0 0
 0 0 0 0 1 0 0 0 0 0 0 0
 0 0 0 0 0 1 0 0 0 0 0 0
 0 0 0 0 0 0 1 0 0 0 0 0
 0 0 0 0 0 0 0 1 0 0 0 0
 0 0 0 0 0 0 0 0 1 0 0 0
 0 0 0 0 0 0 0 0 0 1 0 0
 0 0 0 0 0 0 0 0 0 0 1 0
 0 0 0 0 0 0 0 0 0 0 0 1
# cntrlfile_name
C:\Users\bai.li\Desktop\s1_test\AMAK\s117\amak.dat
# Map shared selectivity: 
# sel_map
 1 2
 1 1
# datafile_name
amak_data.dat
# model_name
OM_1
# SrType
2
# use_age_err
0
# retro
0
# sigmarprior
0.2
# cvsigmarprior
0.25
# phase_sigmar
-3
# styr_rec_est
1
# endyr_rec_est
30
# Linfprior
80
# cvLinfprior
0.25
# kprior
0.18
# cvkprior
0.25
# Loprior
27.688
# cvLoprior
0.25
# sdageprior
0.1
# cvsdageprior
0.25
# natmortprior
0.2
# cvnatmortprior
0.25
# phase_M
-4
# npars_Mage
0
# ages_M_changes

# Mage_in

# phase_Mage
-5
# phase_rw_M
0
# npars_rw_M
0
# yrs_rw_M

# sigma_rw_M

# qprior
 3.48998e-007
# cvqprior
 1
# phase_q
 1
# q_power_prior
 1
# cvq_power_prior
 0.2
# phase_q_power
 -4
# phase_rw_q
 -1
# npars_rw_q
 0
# yrs_rw_q

# sigma_rw_q

# q_age_min
 1
# q_age_max
 12
# q_age_min
 1
# q_age_max
 12
# fsh_sel_opt(k)
2
# phase_sel_fsh(k)
-2
# n_sel_ch_fsh(k)
1
# sel_slp_in_fsh(k)(1,n_sel_ch_fsh(k))
 1
# sel_inf_in_fsh(k)(1,n_sel_ch_fsh(k))
 2
# logsel_slp_in_fsh(k)(1,n_sel_ch_fsh(k))
 0
# yrs_sel_ch_fsh(k)(1,n_sel_ch_fsh(k))
 1

Survey survey_index1
# ind_sel_opt(k)
2
# indname(k)
survey_index1
# nselages_in_ind(k)
11
# phase_sel_ind(k)
-2
# sel_change_in_ind(k)
 1 0 0 0 0 0 0 0 0 0 0 0 0 0 0 0 0 0 0 0 0 0 0 0 0 0 0 0 0 0
# n_sel_ch_ind(k)
1
# yrs_sel_ch_ind(k)(1,n_sel_ch_ind(k))
 1
# sel_slp_in_ind(k,1)
2
# sel_inf_in_ind(k,1)
1.5
# logsel_slp_in_ind(k,1)
0.693147
# logsel_slp_in_indv(k)
0.693147
survey_index1 ind sel opt 2  1 0 0 0 0 0 0 0 0 0 0 0 0 0 0 0 0 0 0 0 0 0 0 0 0 0 0 0 0 0
Phase indices Sel_Coffs:  -1
 Test: 1.23457e+008
# Fshry Selages:  11
# Srvy  Selages:  11
# Phase for age-spec fishery  -1
# Phase for logistic fishery  -2
# Phase for dble logistic fishery  -1
# Phase for age-spec indices   -1
# Phase for logistic indices   -2
# Phase for dble logistic ind  -1
# Curv_pen_fsh: 
 0
# Curv_pen_ind: 
 0
# styr_fut
31
# endyr_fut
35
# nyrs_fsh_age
 30
# nyrs_fsh_age
 30
# yrs_fsh_age
 1 2 3 4 5 6 7 8 9 10 11 12 13 14 15 16 17 18 19 20 21 22 23 24 25 26 27 28 29 30
# n_sample_fsh_age
 200 200 200 200 200 200 200 200 200 200 200 200 200 200 200 200 200 200 200 200 200 200 200 200 200 200 200 200 200 200
# oac_fsh
 0.06 0.12 0.115 0.13 0.065 0.09 0.105 0.065 0.075 0.03 0.04 0.105
 0.04 0.11 0.125 0.135 0.135 0.11 0.045 0.055 0.03 0.045 0.04 0.13
 0.065 0.145 0.115 0.15 0.095 0.07 0.075 0.05 0.055 0.04 0.025 0.115
 0.045 0.085 0.185 0.125 0.045 0.12 0.075 0.075 0.035 0.035 0.045 0.13
 0.08 0.08 0.135 0.16 0.095 0.06 0.105 0.06 0.045 0.05 0.035 0.095
 0.105 0.15 0.065 0.135 0.165 0.065 0.07 0.045 0.035 0.025 0.02 0.12
 0.055 0.105 0.175 0.085 0.115 0.11 0.05 0.035 0.04 0.04 0.06 0.13
 0.09 0.12 0.155 0.175 0.08 0.05 0.08 0.055 0.02 0.03 0.035 0.11
 0.075 0.12 0.125 0.17 0.135 0.03 0.1 0.05 0.03 0.03 0.025 0.11
 0.075 0.1 0.145 0.105 0.125 0.15 0.04 0.04 0.03 0.02 0.045 0.125
 0.095 0.145 0.13 0.135 0.08 0.1 0.125 0.04 0.035 0.015 0.025 0.075
 0.085 0.115 0.15 0.175 0.095 0.075 0.085 0.065 0.01 0.015 0.035 0.095
 0.07 0.15 0.15 0.165 0.1 0.1 0.065 0.05 0.045 0.015 0.025 0.065
 0.095 0.125 0.175 0.135 0.125 0.085 0.07 0.045 0.025 0.05 0.01 0.06
 0.125 0.15 0.145 0.105 0.145 0.08 0.085 0.05 0.025 0.03 0.01 0.05
 0.175 0.145 0.14 0.12 0.105 0.125 0.045 0.03 0.035 0 0.02 0.06
 0.145 0.145 0.145 0.135 0.105 0.065 0.06 0.045 0.05 0.025 0.01 0.07
 0.095 0.175 0.16 0.145 0.105 0.1 0.025 0.035 0.03 0.055 0.02 0.055
 0.12 0.145 0.21 0.175 0.105 0.055 0.075 0.025 0.025 0.02 0.02 0.025
 0.115 0.15 0.145 0.175 0.125 0.085 0.055 0.015 0.025 0.03 0.025 0.055
 0.18 0.13 0.145 0.145 0.15 0.085 0.075 0.015 0.01 0.025 0.01 0.03
 0.15 0.205 0.16 0.13 0.1 0.075 0.07 0.015 0.015 0.04 0.01 0.03
 0.11 0.205 0.25 0.12 0.115 0.07 0.045 0.01 0.01 0.01 0.02 0.035
 0.16 0.19 0.195 0.165 0.11 0.065 0.015 0.04 0.03 0.005 0.005 0.02
 0.105 0.205 0.155 0.18 0.145 0.06 0.04 0.03 0.04 0.02 0.005 0.015
 0.12 0.29 0.135 0.14 0.185 0.05 0.03 0.015 0 0.015 0.015 0.005
 0.145 0.175 0.26 0.145 0.095 0.07 0.08 0.015 0.005 0 0 0.01
 0.205 0.225 0.145 0.165 0.07 0.065 0.045 0.04 0.02 0.015 0 0.005
 0.2 0.24 0.145 0.14 0.135 0.06 0.035 0.03 0.005 0.01 0 0
 0.135 0.31 0.235 0.115 0.055 0.06 0.04 0.015 0.01 0.015 0 0.01
# olc_fsh

# wt_fsh
 0.000530656 0.00119633 0.00205827 0.00303499 0.00405521 0.0050647 0.00602623 0.00691692 0.00772489 0.00844611 0.00908185 0.0096367
 0.000530656 0.00119633 0.00205827 0.00303499 0.00405521 0.0050647 0.00602623 0.00691692 0.00772489 0.00844611 0.00908185 0.0096367
 0.000530656 0.00119633 0.00205827 0.00303499 0.00405521 0.0050647 0.00602623 0.00691692 0.00772489 0.00844611 0.00908185 0.0096367
 0.000530656 0.00119633 0.00205827 0.00303499 0.00405521 0.0050647 0.00602623 0.00691692 0.00772489 0.00844611 0.00908185 0.0096367
 0.000530656 0.00119633 0.00205827 0.00303499 0.00405521 0.0050647 0.00602623 0.00691692 0.00772489 0.00844611 0.00908185 0.0096367
 0.000530656 0.00119633 0.00205827 0.00303499 0.00405521 0.0050647 0.00602623 0.00691692 0.00772489 0.00844611 0.00908185 0.0096367
 0.000530656 0.00119633 0.00205827 0.00303499 0.00405521 0.0050647 0.00602623 0.00691692 0.00772489 0.00844611 0.00908185 0.0096367
 0.000530656 0.00119633 0.00205827 0.00303499 0.00405521 0.0050647 0.00602623 0.00691692 0.00772489 0.00844611 0.00908185 0.0096367
 0.000530656 0.00119633 0.00205827 0.00303499 0.00405521 0.0050647 0.00602623 0.00691692 0.00772489 0.00844611 0.00908185 0.0096367
 0.000530656 0.00119633 0.00205827 0.00303499 0.00405521 0.0050647 0.00602623 0.00691692 0.00772489 0.00844611 0.00908185 0.0096367
 0.000530656 0.00119633 0.00205827 0.00303499 0.00405521 0.0050647 0.00602623 0.00691692 0.00772489 0.00844611 0.00908185 0.0096367
 0.000530656 0.00119633 0.00205827 0.00303499 0.00405521 0.0050647 0.00602623 0.00691692 0.00772489 0.00844611 0.00908185 0.0096367
 0.000530656 0.00119633 0.00205827 0.00303499 0.00405521 0.0050647 0.00602623 0.00691692 0.00772489 0.00844611 0.00908185 0.0096367
 0.000530656 0.00119633 0.00205827 0.00303499 0.00405521 0.0050647 0.00602623 0.00691692 0.00772489 0.00844611 0.00908185 0.0096367
 0.000530656 0.00119633 0.00205827 0.00303499 0.00405521 0.0050647 0.00602623 0.00691692 0.00772489 0.00844611 0.00908185 0.0096367
 0.000530656 0.00119633 0.00205827 0.00303499 0.00405521 0.0050647 0.00602623 0.00691692 0.00772489 0.00844611 0.00908185 0.0096367
 0.000530656 0.00119633 0.00205827 0.00303499 0.00405521 0.0050647 0.00602623 0.00691692 0.00772489 0.00844611 0.00908185 0.0096367
 0.000530656 0.00119633 0.00205827 0.00303499 0.00405521 0.0050647 0.00602623 0.00691692 0.00772489 0.00844611 0.00908185 0.0096367
 0.000530656 0.00119633 0.00205827 0.00303499 0.00405521 0.0050647 0.00602623 0.00691692 0.00772489 0.00844611 0.00908185 0.0096367
 0.000530656 0.00119633 0.00205827 0.00303499 0.00405521 0.0050647 0.00602623 0.00691692 0.00772489 0.00844611 0.00908185 0.0096367
 0.000530656 0.00119633 0.00205827 0.00303499 0.00405521 0.0050647 0.00602623 0.00691692 0.00772489 0.00844611 0.00908185 0.0096367
 0.000530656 0.00119633 0.00205827 0.00303499 0.00405521 0.0050647 0.00602623 0.00691692 0.00772489 0.00844611 0.00908185 0.0096367
 0.000530656 0.00119633 0.00205827 0.00303499 0.00405521 0.0050647 0.00602623 0.00691692 0.00772489 0.00844611 0.00908185 0.0096367
 0.000530656 0.00119633 0.00205827 0.00303499 0.00405521 0.0050647 0.00602623 0.00691692 0.00772489 0.00844611 0.00908185 0.0096367
 0.000530656 0.00119633 0.00205827 0.00303499 0.00405521 0.0050647 0.00602623 0.00691692 0.00772489 0.00844611 0.00908185 0.0096367
 0.000530656 0.00119633 0.00205827 0.00303499 0.00405521 0.0050647 0.00602623 0.00691692 0.00772489 0.00844611 0.00908185 0.0096367
 0.000530656 0.00119633 0.00205827 0.00303499 0.00405521 0.0050647 0.00602623 0.00691692 0.00772489 0.00844611 0.00908185 0.0096367
 0.000530656 0.00119633 0.00205827 0.00303499 0.00405521 0.0050647 0.00602623 0.00691692 0.00772489 0.00844611 0.00908185 0.0096367
 0.000530656 0.00119633 0.00205827 0.00303499 0.00405521 0.0050647 0.00602623 0.00691692 0.00772489 0.00844611 0.00908185 0.0096367
 0.000530656 0.00119633 0.00205827 0.00303499 0.00405521 0.0050647 0.00602623 0.00691692 0.00772489 0.00844611 0.00908185 0.0096367
# nyrs_ind_age
 30
# yrs_ind_age
 1 2 3 4 5 6 7 8 9 10 11 12 13 14 15 16 17 18 19 20 21 22 23 24 25 26 27 28 29 30
# n_sample_ind_age
 200 200 200 200 200 200 200 200 200 200 200 200 200 200 200 200 200 200 200 200 200 200 200 200 200 200 200 200 200 200
# oac_ind
 0.095 0.11 0.185 0.145 0.085 0.07 0.04 0.04 0.03 0.035 0.025 0.14
 0.045 0.17 0.17 0.16 0.085 0.07 0.075 0.03 0.035 0.03 0.035 0.095
 0.065 0.17 0.14 0.085 0.08 0.08 0.08 0.045 0.06 0.03 0.025 0.14
 0.065 0.145 0.15 0.13 0.065 0.09 0.105 0.045 0.02 0.045 0.015 0.125
 0.085 0.11 0.185 0.135 0.08 0.08 0.04 0.065 0.04 0.025 0.025 0.13
 0.09 0.2 0.135 0.095 0.1 0.1 0.05 0.035 0.035 0.02 0.04 0.1
 0.055 0.145 0.245 0.09 0.06 0.11 0.07 0.025 0.045 0.015 0.015 0.125
 0.1 0.16 0.18 0.15 0.075 0.04 0.065 0.05 0.045 0.035 0.03 0.07
 0.085 0.19 0.135 0.155 0.125 0.07 0.045 0.065 0.035 0.01 0.005 0.08
 0.065 0.185 0.24 0.115 0.085 0.095 0.035 0.015 0.035 0.01 0.045 0.075
 0.07 0.135 0.15 0.125 0.12 0.125 0.095 0.03 0.035 0.045 0.015 0.055
 0.08 0.175 0.155 0.135 0.1 0.095 0.05 0.035 0.02 0.02 0.005 0.13
 0.095 0.115 0.225 0.14 0.085 0.085 0.03 0.065 0.05 0.005 0.01 0.095
 0.08 0.175 0.155 0.145 0.095 0.095 0.085 0.025 0.06 0.025 0.015 0.045
 0.05 0.25 0.175 0.115 0.12 0.095 0.05 0.035 0.025 0.02 0.015 0.05
 0.12 0.24 0.21 0.185 0.025 0.06 0.05 0.03 0.02 0.01 0.01 0.04
 0.085 0.24 0.135 0.17 0.09 0.07 0.09 0.035 0.03 0.025 0.005 0.025
 0.045 0.285 0.17 0.135 0.115 0.07 0.06 0.02 0.035 0.015 0.025 0.025
 0.11 0.15 0.28 0.16 0.09 0.06 0.045 0.035 0.035 0.01 0.01 0.015
 0.11 0.2 0.15 0.14 0.155 0.085 0.02 0.015 0.05 0.01 0.01 0.055
 0.075 0.22 0.2 0.14 0.14 0.045 0.055 0.035 0.035 0.005 0.01 0.04
 0.12 0.33 0.12 0.17 0.08 0.1 0.025 0.015 0.015 0.01 0.005 0.01
 0.085 0.3 0.215 0.12 0.13 0.04 0.045 0.02 0.02 0 0.01 0.015
 0.09 0.23 0.24 0.21 0.08 0.055 0.01 0.03 0.015 0.015 0 0.025
 0.155 0.15 0.23 0.175 0.115 0.04 0.05 0.015 0.03 0.01 0.01 0.02
 0.13 0.265 0.205 0.165 0.085 0.06 0.035 0.025 0.01 0.005 0.01 0.005
 0.115 0.235 0.25 0.13 0.11 0.07 0.03 0.02 0.005 0.015 0.005 0.015
 0.14 0.245 0.21 0.15 0.095 0.055 0.05 0.025 0.005 0 0.015 0.01
 0.225 0.285 0.205 0.1 0.08 0.03 0.02 0.025 0.005 0.005 0 0.02
 0.11 0.345 0.28 0.09 0.07 0.055 0.025 0.01 0.01 0.005 0 0
# olc_ind

# obs_lse_ind
 0.198042 0.198042 0.198042 0.198042 0.198042 0.198042 0.198042 0.198042 0.198042 0.198042 0.198042 0.198042 0.198042 0.198042 0.198042 0.198042 0.198042 0.198042 0.198042 0.198042 0.198042 0.198042 0.198042 0.198042 0.198042 0.198042 0.198042 0.198042 0.198042 0.198042
# xages_fsh
 0 0 0 0 0 0 0 0 0 0 0 0
# xages_fsh
 0 0.0909091 0.181818 0.272727 0.363636 0.454545 0.545455 0.636364 0.727273 0.818182 0.909091 1
# xnodes_fsh

Yrs fsh_sel change:  1 0 0 0 0 0 0 0 0 0 0 0 0 0 0 0 0 0 0 0 0 0 0 0 0 0 0 0 0
Yrs ind_sel change:  1 0 0 0 0 0 0 0 0 0 0 0 0 0 0 0 0 0 0 0 0 0 0 0 0 0 0 0 0
# steepnessprior
0.75
# sigmarprior
0.2
#  SSB estimated in styr endyr: -12 28 
#  Rec estimated in styr endyr: -10 30 
#  SR Curve fit  in styr endyr: 1 30 
#             Model styr endyr: 1 30 
# qprior
 3.48998e-007
# q_power_prior 
 1 
# cv_catchbiomass 
0.05 
# CatchbiomassPen 
200 
# Number of projection years 
5 
# offset_fsh
 13486.5
# offset_ind
 13011.3
Mean Catch
1276.25
R_guess 
13.8155
# nfsh
1
# n_sel_ch_fsh
 1
# nselages_fsh
 11
# phase_selcoff_fsh
 -1
logRzero 13.8155
logmeanrec 13.8155
exp(log_sigmarprior 0.2
Fish sel phase: -1 OM1
Fixing fishery sel to
1
Fixing fishery sel to
1
Srvy sel phase: -1
Fixing survey_index1 indices sel to
1
Fixing index sel to
1
# logsel_slp_in_indv
 0.693147
Leaving parameter init secton
# M
 0.2 0.2 0.2 0.2 0.2 0.2 0.2 0.2 0.2 0.2 0.2 0.2
 0.2 0.2 0.2 0.2 0.2 0.2 0.2 0.2 0.2 0.2 0.2 0.2
 0.2 0.2 0.2 0.2 0.2 0.2 0.2 0.2 0.2 0.2 0.2 0.2
 0.2 0.2 0.2 0.2 0.2 0.2 0.2 0.2 0.2 0.2 0.2 0.2
 0.2 0.2 0.2 0.2 0.2 0.2 0.2 0.2 0.2 0.2 0.2 0.2
 0.2 0.2 0.2 0.2 0.2 0.2 0.2 0.2 0.2 0.2 0.2 0.2
 0.2 0.2 0.2 0.2 0.2 0.2 0.2 0.2 0.2 0.2 0.2 0.2
 0.2 0.2 0.2 0.2 0.2 0.2 0.2 0.2 0.2 0.2 0.2 0.2
 0.2 0.2 0.2 0.2 0.2 0.2 0.2 0.2 0.2 0.2 0.2 0.2
 0.2 0.2 0.2 0.2 0.2 0.2 0.2 0.2 0.2 0.2 0.2 0.2
 0.2 0.2 0.2 0.2 0.2 0.2 0.2 0.2 0.2 0.2 0.2 0.2
 0.2 0.2 0.2 0.2 0.2 0.2 0.2 0.2 0.2 0.2 0.2 0.2
 0.2 0.2 0.2 0.2 0.2 0.2 0.2 0.2 0.2 0.2 0.2 0.2
 0.2 0.2 0.2 0.2 0.2 0.2 0.2 0.2 0.2 0.2 0.2 0.2
 0.2 0.2 0.2 0.2 0.2 0.2 0.2 0.2 0.2 0.2 0.2 0.2
 0.2 0.2 0.2 0.2 0.2 0.2 0.2 0.2 0.2 0.2 0.2 0.2
 0.2 0.2 0.2 0.2 0.2 0.2 0.2 0.2 0.2 0.2 0.2 0.2
 0.2 0.2 0.2 0.2 0.2 0.2 0.2 0.2 0.2 0.2 0.2 0.2
 0.2 0.2 0.2 0.2 0.2 0.2 0.2 0.2 0.2 0.2 0.2 0.2
 0.2 0.2 0.2 0.2 0.2 0.2 0.2 0.2 0.2 0.2 0.2 0.2
 0.2 0.2 0.2 0.2 0.2 0.2 0.2 0.2 0.2 0.2 0.2 0.2
 0.2 0.2 0.2 0.2 0.2 0.2 0.2 0.2 0.2 0.2 0.2 0.2
 0.2 0.2 0.2 0.2 0.2 0.2 0.2 0.2 0.2 0.2 0.2 0.2
 0.2 0.2 0.2 0.2 0.2 0.2 0.2 0.2 0.2 0.2 0.2 0.2
 0.2 0.2 0.2 0.2 0.2 0.2 0.2 0.2 0.2 0.2 0.2 0.2
 0.2 0.2 0.2 0.2 0.2 0.2 0.2 0.2 0.2 0.2 0.2 0.2
 0.2 0.2 0.2 0.2 0.2 0.2 0.2 0.2 0.2 0.2 0.2 0.2
 0.2 0.2 0.2 0.2 0.2 0.2 0.2 0.2 0.2 0.2 0.2 0.2
 0.2 0.2 0.2 0.2 0.2 0.2 0.2 0.2 0.2 0.2 0.2 0.2
 0.2 0.2 0.2 0.2 0.2 0.2 0.2 0.2 0.2 0.2 0.2 0.2
# mean_log_rec
13.753
# log_Rzero
13.7937
# rec_dev
 -0.112874 -0.0408384 0.00435905 0.0130182 -0.0701889 0.0511649 -0.0525367 0.0229134 0.127104 0.12378 -0.0146137 0.0876407 0.250348 0.0217397 -0.217956 0.414337 0.259631 -0.023032 0.184845 0.0814332 0.033714 0.0900962 -0.131948 -0.0165276 -0.00942587 -0.037513 0.0776823 0.146622 -0.325283 -0.164981 -0.307953 0.0163286 -0.046026 -0.287181 -0.420302 -0.180215 -0.449475 -0.391559 -0.100499 0.0726602 -0.363798
# fmort
 0.00924822 0.0270811 0.0449531 0.0610188 0.0485636 0.0881072 0.0900649 0.187653 0.110856 0.135127 0.154342 0.165241 0.119076 0.175243 0.185597 0.167414 0.327824 0.267775 0.263939 0.259816 0.357289 0.260059 0.429895 0.355733 0.356482 0.3278 0.323412 0.45753 0.341608 0.51187
# rec_dev_future
 0 0 0 0 0
