AMAK;August_2013
# styr
1
# endyr
30
# rec_age
1
# oldest_age
12
# nlength
81
# len_bins
 10 11 12 13 14 15 16 17 18 19 20 21 22 23 24 25 26 27 28 29 30 31 32 33 34 35 36 37 38 39 40 41 42 43 44 45 46 47 48 49 50 51 52 53 54 55 56 57 58 59 60 61 62 63 64 65 66 67 68 69 70 71 72 73 74 75 76 77 78 79 80 81 82 83 84 85 86 87 88 89 90
# datafile_name
amak_data.dat
# model_name
OM_1
# styr
1
# endyr
30
# rec_age
1
# oldest_age
12
# nfsh
1
# fshname
OM1
# catch_bio_in
 160.897 469.513 761.281 990.335 763.55 1317.8 1276.07 2482.2 1318.27 1525 1617.64 1614.48 1107.24 1526.91 1508.99 1272.61 2266.92 1612.63 1442.77 1324.06 1627.97 1072.72 1626.74 1217.76 1113.67 965.426 920.63 1209.13 870.61 1271.56
# catch_bio_sd_in
 0.01 0.01 0.01 0.01 0.01 0.01 0.01 0.01 0.01 0.01 0.01 0.01 0.01 0.01 0.01 0.01 0.01 0.01 0.01 0.01 0.01 0.01 0.01 0.01 0.01 0.01 0.01 0.01 0.01 0.01
# nyrs_fsh_age
 30
# nyrs_fsh_length
 0
# yrs_fsh_age_in
 1 2 3 4 5 6 7 8 9 10 11 12 13 14 15 16 17 18 19 20 21 22 23 24 25 26 27 28 29 30
# yrs_fsh_length_in

# n_sample_fsh_length_in

# olc_fsh_in

# nind
1
# indname
survey_index1
# nyrs_ind
 30
# yrs_ind_in
 1 2 3 4 5 6 7 8 9 10 11 12 13 14 15 16 17 18 19 20 21 22 23 24 25 26 27 28 29 30
# mo_ind
 1
# obs_ind_in
 1.60459 1.44724 1.68527 1.60604 1.40291 1.37393 1.44931 1.57299 1.25706 1.32306 1.11784 1.06956 1.10414 1.1533 0.976933 0.989546 0.938433 0.921569 0.649106 0.637864 0.672588 0.619272 0.88069 0.715529 0.58332 0.587122 0.64038 0.511392 0.530289 0.535077
# obs_se_ind_in
 0.320917 0.289448 0.337054 0.321209 0.280582 0.274786 0.289862 0.314598 0.251411 0.264613 0.223568 0.213911 0.220829 0.23066 0.195387 0.197909 0.187687 0.184314 0.129821 0.127573 0.134518 0.123854 0.176138 0.143106 0.116664 0.117424 0.128076 0.102278 0.106058 0.107015
# nyrs_ind_age
 30
# nyrs_ind_length
 0
# yrs_ind_age_in
 1 2 3 4 5 6 7 8 9 10 11 12 13 14 15 16 17 18 19 20 21 22 23 24 25 26 27 28 29 30
# yrs_ind_length_in

# yrs_ind_age_in
 1 2 3 4 5 6 7 8 9 10 11 12 13 14 15 16 17 18 19 20 21 22 23 24 25 26 27 28 29 30
# n_sample_ind_length_in

# olc_ind_in

# oac_ind_in
 0.065 0.095 0.12 0.105 0.11 0.05 0.08 0.045 0.06 0.045 0.04 0.185
 0.105 0.125 0.155 0.11 0.085 0.07 0.07 0.05 0.055 0.025 0.035 0.115
 0.065 0.13 0.12 0.09 0.08 0.08 0.065 0.035 0.045 0.08 0.045 0.165
 0.055 0.135 0.215 0.115 0.09 0.075 0.055 0.06 0.045 0.035 0.025 0.095
 0.06 0.125 0.135 0.17 0.095 0.085 0.105 0.055 0.02 0.03 0.03 0.09
 0.07 0.165 0.1 0.14 0.095 0.09 0.045 0.07 0.045 0.025 0.025 0.13
 0.07 0.18 0.205 0.07 0.095 0.13 0.045 0.05 0.01 0.05 0.03 0.065
 0.065 0.115 0.22 0.14 0.075 0.09 0.075 0.035 0.04 0.04 0.025 0.08
 0.045 0.185 0.165 0.125 0.145 0.07 0.03 0.045 0.025 0.025 0.025 0.115
 0.07 0.155 0.19 0.115 0.11 0.07 0.055 0.05 0.055 0.03 0.035 0.065
 0.105 0.17 0.135 0.145 0.105 0.05 0.1 0.035 0.03 0.01 0.02 0.095
 0.065 0.16 0.145 0.135 0.13 0.155 0.04 0.075 0.005 0.01 0.03 0.05
 0.085 0.18 0.19 0.17 0.09 0.11 0.045 0.04 0.005 0.01 0.01 0.065
 0.1 0.135 0.195 0.115 0.135 0.055 0.08 0.04 0.035 0.025 0.015 0.07
 0.105 0.195 0.14 0.07 0.135 0.115 0.03 0.06 0.055 0.025 0.01 0.06
 0.095 0.185 0.23 0.14 0.095 0.095 0.035 0.025 0.03 0.01 0.01 0.05
 0.06 0.255 0.165 0.16 0.1 0.035 0.095 0.02 0.035 0.01 0.015 0.05
 0.075 0.195 0.275 0.135 0.095 0.045 0.04 0.045 0.03 0.025 0.005 0.035
 0.09 0.205 0.17 0.175 0.08 0.105 0.04 0.035 0.015 0.02 0.01 0.055
 0.065 0.21 0.205 0.165 0.135 0.08 0.045 0.03 0.02 0.025 0.01 0.01
 0.175 0.19 0.22 0.09 0.12 0.09 0.045 0.02 0.02 0.01 0 0.02
 0.12 0.28 0.16 0.115 0.11 0.085 0.055 0.02 0.01 0.01 0 0.035
 0.09 0.205 0.285 0.125 0.095 0.04 0.045 0.035 0.01 0.04 0 0.03
 0.075 0.285 0.225 0.16 0.105 0.075 0.035 0.01 0.01 0 0.01 0.01
 0.145 0.235 0.16 0.18 0.175 0.05 0.005 0.02 0.01 0.01 0 0.01
 0.1 0.325 0.19 0.145 0.11 0.085 0.015 0.02 0.005 0 0 0.005
 0.12 0.195 0.285 0.14 0.11 0.03 0.09 0.01 0.01 0 0.005 0.005
 0.14 0.25 0.175 0.205 0.08 0.035 0.065 0.03 0 0.015 0.005 0
 0.18 0.28 0.225 0.115 0.12 0.01 0.01 0.025 0.02 0.01 0 0.005
 0.105 0.24 0.305 0.13 0.065 0.05 0.055 0.015 0.015 0 0 0.02
# wt_ind
 1 1 1 1 1 1 1 1 1 1 1 1
 1 1 1 1 1 1 1 1 1 1 1 1
 1 1 1 1 1 1 1 1 1 1 1 1
 1 1 1 1 1 1 1 1 1 1 1 1
 1 1 1 1 1 1 1 1 1 1 1 1
 1 1 1 1 1 1 1 1 1 1 1 1
 1 1 1 1 1 1 1 1 1 1 1 1
 1 1 1 1 1 1 1 1 1 1 1 1
 1 1 1 1 1 1 1 1 1 1 1 1
 1 1 1 1 1 1 1 1 1 1 1 1
 1 1 1 1 1 1 1 1 1 1 1 1
 1 1 1 1 1 1 1 1 1 1 1 1
 1 1 1 1 1 1 1 1 1 1 1 1
 1 1 1 1 1 1 1 1 1 1 1 1
 1 1 1 1 1 1 1 1 1 1 1 1
 1 1 1 1 1 1 1 1 1 1 1 1
 1 1 1 1 1 1 1 1 1 1 1 1
 1 1 1 1 1 1 1 1 1 1 1 1
 1 1 1 1 1 1 1 1 1 1 1 1
 1 1 1 1 1 1 1 1 1 1 1 1
 1 1 1 1 1 1 1 1 1 1 1 1
 1 1 1 1 1 1 1 1 1 1 1 1
 1 1 1 1 1 1 1 1 1 1 1 1
 1 1 1 1 1 1 1 1 1 1 1 1
 1 1 1 1 1 1 1 1 1 1 1 1
 1 1 1 1 1 1 1 1 1 1 1 1
 1 1 1 1 1 1 1 1 1 1 1 1
 1 1 1 1 1 1 1 1 1 1 1 1
 1 1 1 1 1 1 1 1 1 1 1 1
 1 1 1 1 1 1 1 1 1 1 1 1
# wt_pop
 0.000530656 0.00119633 0.00205827 0.00303499 0.00405521 0.0050647 0.00602623 0.00691692 0.00772489 0.00844611 0.00908185 0.0096367
# maturity
 0.0229774 0.320821 0.904651 0.99478 0.999739 0.999987 0.999999 1 1 1 1 1
# spawnmo
1
# age_err
 1 0 0 0 0 0 0 0 0 0 0 0
 0 1 0 0 0 0 0 0 0 0 0 0
 0 0 1 0 0 0 0 0 0 0 0 0
 0 0 0 1 0 0 0 0 0 0 0 0
 0 0 0 0 1 0 0 0 0 0 0 0
 0 0 0 0 0 1 0 0 0 0 0 0
 0 0 0 0 0 0 1 0 0 0 0 0
 0 0 0 0 0 0 0 1 0 0 0 0
 0 0 0 0 0 0 0 0 1 0 0 0
 0 0 0 0 0 0 0 0 0 1 0 0
 0 0 0 0 0 0 0 0 0 0 1 0
 0 0 0 0 0 0 0 0 0 0 0 1
# cntrlfile_name
C:\Users\bai.li\Desktop\s1_test\AMAK\s64\amak.dat
# Map shared selectivity: 
# sel_map
 1 2
 1 1
# datafile_name
amak_data.dat
# model_name
OM_1
# SrType
2
# use_age_err
0
# retro
0
# sigmarprior
0.2
# cvsigmarprior
0.25
# phase_sigmar
-3
# styr_rec_est
1
# endyr_rec_est
30
# Linfprior
80
# cvLinfprior
0.25
# kprior
0.18
# cvkprior
0.25
# Loprior
27.688
# cvLoprior
0.25
# sdageprior
0.1
# cvsdageprior
0.25
# natmortprior
0.2
# cvnatmortprior
0.25
# phase_M
-4
# npars_Mage
0
# ages_M_changes

# Mage_in

# phase_Mage
-5
# phase_rw_M
0
# npars_rw_M
0
# yrs_rw_M

# sigma_rw_M

# qprior
 3.48998e-007
# cvqprior
 1
# phase_q
 1
# q_power_prior
 1
# cvq_power_prior
 0.2
# phase_q_power
 -4
# phase_rw_q
 -1
# npars_rw_q
 0
# yrs_rw_q

# sigma_rw_q

# q_age_min
 1
# q_age_max
 12
# q_age_min
 1
# q_age_max
 12
# fsh_sel_opt(k)
2
# phase_sel_fsh(k)
-2
# n_sel_ch_fsh(k)
1
# sel_slp_in_fsh(k)(1,n_sel_ch_fsh(k))
 1
# sel_inf_in_fsh(k)(1,n_sel_ch_fsh(k))
 2
# logsel_slp_in_fsh(k)(1,n_sel_ch_fsh(k))
 0
# yrs_sel_ch_fsh(k)(1,n_sel_ch_fsh(k))
 1

Survey survey_index1
# ind_sel_opt(k)
2
# indname(k)
survey_index1
# nselages_in_ind(k)
11
# phase_sel_ind(k)
-2
# sel_change_in_ind(k)
 1 0 0 0 0 0 0 0 0 0 0 0 0 0 0 0 0 0 0 0 0 0 0 0 0 0 0 0 0 0
# n_sel_ch_ind(k)
1
# yrs_sel_ch_ind(k)(1,n_sel_ch_ind(k))
 1
# sel_slp_in_ind(k,1)
2
# sel_inf_in_ind(k,1)
1.5
# logsel_slp_in_ind(k,1)
0.693147
# logsel_slp_in_indv(k)
0.693147
survey_index1 ind sel opt 2  1 0 0 0 0 0 0 0 0 0 0 0 0 0 0 0 0 0 0 0 0 0 0 0 0 0 0 0 0 0
Phase indices Sel_Coffs:  -1
 Test: 1.23457e+008
# Fshry Selages:  11
# Srvy  Selages:  11
# Phase for age-spec fishery  -1
# Phase for logistic fishery  -2
# Phase for dble logistic fishery  -1
# Phase for age-spec indices   -1
# Phase for logistic indices   -2
# Phase for dble logistic ind  -1
# Curv_pen_fsh: 
 0
# Curv_pen_ind: 
 0
# styr_fut
31
# endyr_fut
35
# nyrs_fsh_age
 30
# nyrs_fsh_age
 30
# yrs_fsh_age
 1 2 3 4 5 6 7 8 9 10 11 12 13 14 15 16 17 18 19 20 21 22 23 24 25 26 27 28 29 30
# n_sample_fsh_age
 200 200 200 200 200 200 200 200 200 200 200 200 200 200 200 200 200 200 200 200 200 200 200 200 200 200 200 200 200 200
# oac_fsh
 0.075 0.065 0.15 0.105 0.115 0.09 0.1 0.055 0.03 0.05 0.025 0.14
 0.105 0.08 0.12 0.13 0.12 0.105 0.055 0.04 0.085 0.01 0.025 0.125
 0.09 0.09 0.13 0.14 0.09 0.105 0.065 0.055 0.035 0.02 0.025 0.155
 0.06 0.1 0.145 0.085 0.07 0.105 0.09 0.06 0.045 0.06 0.035 0.145
 0.11 0.085 0.105 0.165 0.11 0.095 0.08 0.06 0.02 0.025 0.02 0.125
 0.07 0.175 0.09 0.11 0.125 0.075 0.095 0.06 0.035 0.025 0.035 0.105
 0.045 0.105 0.185 0.13 0.13 0.1 0.04 0.05 0.04 0.04 0.025 0.11
 0.095 0.2 0.135 0.07 0.095 0.075 0.065 0.075 0.04 0.045 0.025 0.08
 0.065 0.135 0.135 0.13 0.165 0.04 0.045 0.05 0.04 0.025 0.025 0.145
 0.095 0.105 0.14 0.13 0.11 0.135 0.055 0.045 0.04 0.015 0.035 0.095
 0.085 0.14 0.135 0.195 0.1 0.055 0.08 0.045 0.035 0.025 0.015 0.09
 0.085 0.165 0.175 0.165 0.095 0.075 0.06 0.05 0.02 0.025 0.035 0.05
 0.09 0.12 0.125 0.225 0.065 0.13 0.065 0.025 0.035 0.02 0.025 0.075
 0.095 0.12 0.175 0.155 0.16 0.085 0.045 0.025 0.025 0.025 0.025 0.065
 0.085 0.145 0.135 0.105 0.11 0.125 0.085 0.06 0.035 0.025 0.02 0.07
 0.135 0.1 0.15 0.165 0.125 0.1 0.065 0.035 0.05 0.035 0.005 0.035
 0.11 0.16 0.14 0.14 0.13 0.06 0.085 0.04 0.03 0.025 0.015 0.065
 0.075 0.175 0.195 0.15 0.095 0.08 0.085 0.03 0.035 0 0.02 0.06
 0.125 0.13 0.175 0.21 0.11 0.08 0.035 0.03 0.055 0.015 0.005 0.03
 0.11 0.185 0.155 0.14 0.13 0.075 0.055 0.04 0.025 0.03 0.02 0.035
 0.165 0.165 0.195 0.13 0.14 0.08 0.045 0.035 0.02 0.005 0 0.02
 0.13 0.205 0.13 0.17 0.1 0.085 0.045 0.055 0.025 0.015 0 0.04
 0.115 0.225 0.245 0.08 0.14 0.06 0.07 0.03 0.01 0.01 0 0.015
 0.135 0.17 0.275 0.19 0.085 0.05 0.02 0.045 0.005 0.005 0.005 0.015
 0.175 0.17 0.17 0.21 0.13 0.03 0.035 0.005 0.025 0.015 0.005 0.03
 0.09 0.225 0.155 0.175 0.14 0.13 0.025 0.02 0.02 0.005 0.005 0.01
 0.195 0.14 0.2 0.14 0.095 0.09 0.055 0.025 0.02 0.01 0.015 0.015
 0.13 0.18 0.235 0.145 0.115 0.095 0.05 0.035 0.01 0 0 0.005
 0.195 0.285 0.175 0.105 0.11 0.045 0.02 0.04 0.005 0.01 0.005 0.005
 0.16 0.305 0.2 0.125 0.09 0.05 0.025 0.005 0.015 0.01 0.005 0.01
# olc_fsh

# wt_fsh
 0.000530656 0.00119633 0.00205827 0.00303499 0.00405521 0.0050647 0.00602623 0.00691692 0.00772489 0.00844611 0.00908185 0.0096367
 0.000530656 0.00119633 0.00205827 0.00303499 0.00405521 0.0050647 0.00602623 0.00691692 0.00772489 0.00844611 0.00908185 0.0096367
 0.000530656 0.00119633 0.00205827 0.00303499 0.00405521 0.0050647 0.00602623 0.00691692 0.00772489 0.00844611 0.00908185 0.0096367
 0.000530656 0.00119633 0.00205827 0.00303499 0.00405521 0.0050647 0.00602623 0.00691692 0.00772489 0.00844611 0.00908185 0.0096367
 0.000530656 0.00119633 0.00205827 0.00303499 0.00405521 0.0050647 0.00602623 0.00691692 0.00772489 0.00844611 0.00908185 0.0096367
 0.000530656 0.00119633 0.00205827 0.00303499 0.00405521 0.0050647 0.00602623 0.00691692 0.00772489 0.00844611 0.00908185 0.0096367
 0.000530656 0.00119633 0.00205827 0.00303499 0.00405521 0.0050647 0.00602623 0.00691692 0.00772489 0.00844611 0.00908185 0.0096367
 0.000530656 0.00119633 0.00205827 0.00303499 0.00405521 0.0050647 0.00602623 0.00691692 0.00772489 0.00844611 0.00908185 0.0096367
 0.000530656 0.00119633 0.00205827 0.00303499 0.00405521 0.0050647 0.00602623 0.00691692 0.00772489 0.00844611 0.00908185 0.0096367
 0.000530656 0.00119633 0.00205827 0.00303499 0.00405521 0.0050647 0.00602623 0.00691692 0.00772489 0.00844611 0.00908185 0.0096367
 0.000530656 0.00119633 0.00205827 0.00303499 0.00405521 0.0050647 0.00602623 0.00691692 0.00772489 0.00844611 0.00908185 0.0096367
 0.000530656 0.00119633 0.00205827 0.00303499 0.00405521 0.0050647 0.00602623 0.00691692 0.00772489 0.00844611 0.00908185 0.0096367
 0.000530656 0.00119633 0.00205827 0.00303499 0.00405521 0.0050647 0.00602623 0.00691692 0.00772489 0.00844611 0.00908185 0.0096367
 0.000530656 0.00119633 0.00205827 0.00303499 0.00405521 0.0050647 0.00602623 0.00691692 0.00772489 0.00844611 0.00908185 0.0096367
 0.000530656 0.00119633 0.00205827 0.00303499 0.00405521 0.0050647 0.00602623 0.00691692 0.00772489 0.00844611 0.00908185 0.0096367
 0.000530656 0.00119633 0.00205827 0.00303499 0.00405521 0.0050647 0.00602623 0.00691692 0.00772489 0.00844611 0.00908185 0.0096367
 0.000530656 0.00119633 0.00205827 0.00303499 0.00405521 0.0050647 0.00602623 0.00691692 0.00772489 0.00844611 0.00908185 0.0096367
 0.000530656 0.00119633 0.00205827 0.00303499 0.00405521 0.0050647 0.00602623 0.00691692 0.00772489 0.00844611 0.00908185 0.0096367
 0.000530656 0.00119633 0.00205827 0.00303499 0.00405521 0.0050647 0.00602623 0.00691692 0.00772489 0.00844611 0.00908185 0.0096367
 0.000530656 0.00119633 0.00205827 0.00303499 0.00405521 0.0050647 0.00602623 0.00691692 0.00772489 0.00844611 0.00908185 0.0096367
 0.000530656 0.00119633 0.00205827 0.00303499 0.00405521 0.0050647 0.00602623 0.00691692 0.00772489 0.00844611 0.00908185 0.0096367
 0.000530656 0.00119633 0.00205827 0.00303499 0.00405521 0.0050647 0.00602623 0.00691692 0.00772489 0.00844611 0.00908185 0.0096367
 0.000530656 0.00119633 0.00205827 0.00303499 0.00405521 0.0050647 0.00602623 0.00691692 0.00772489 0.00844611 0.00908185 0.0096367
 0.000530656 0.00119633 0.00205827 0.00303499 0.00405521 0.0050647 0.00602623 0.00691692 0.00772489 0.00844611 0.00908185 0.0096367
 0.000530656 0.00119633 0.00205827 0.00303499 0.00405521 0.0050647 0.00602623 0.00691692 0.00772489 0.00844611 0.00908185 0.0096367
 0.000530656 0.00119633 0.00205827 0.00303499 0.00405521 0.0050647 0.00602623 0.00691692 0.00772489 0.00844611 0.00908185 0.0096367
 0.000530656 0.00119633 0.00205827 0.00303499 0.00405521 0.0050647 0.00602623 0.00691692 0.00772489 0.00844611 0.00908185 0.0096367
 0.000530656 0.00119633 0.00205827 0.00303499 0.00405521 0.0050647 0.00602623 0.00691692 0.00772489 0.00844611 0.00908185 0.0096367
 0.000530656 0.00119633 0.00205827 0.00303499 0.00405521 0.0050647 0.00602623 0.00691692 0.00772489 0.00844611 0.00908185 0.0096367
 0.000530656 0.00119633 0.00205827 0.00303499 0.00405521 0.0050647 0.00602623 0.00691692 0.00772489 0.00844611 0.00908185 0.0096367
# nyrs_ind_age
 30
# yrs_ind_age
 1 2 3 4 5 6 7 8 9 10 11 12 13 14 15 16 17 18 19 20 21 22 23 24 25 26 27 28 29 30
# n_sample_ind_age
 200 200 200 200 200 200 200 200 200 200 200 200 200 200 200 200 200 200 200 200 200 200 200 200 200 200 200 200 200 200
# oac_ind
 0.065 0.095 0.12 0.105 0.11 0.05 0.08 0.045 0.06 0.045 0.04 0.185
 0.105 0.125 0.155 0.11 0.085 0.07 0.07 0.05 0.055 0.025 0.035 0.115
 0.065 0.13 0.12 0.09 0.08 0.08 0.065 0.035 0.045 0.08 0.045 0.165
 0.055 0.135 0.215 0.115 0.09 0.075 0.055 0.06 0.045 0.035 0.025 0.095
 0.06 0.125 0.135 0.17 0.095 0.085 0.105 0.055 0.02 0.03 0.03 0.09
 0.07 0.165 0.1 0.14 0.095 0.09 0.045 0.07 0.045 0.025 0.025 0.13
 0.07 0.18 0.205 0.07 0.095 0.13 0.045 0.05 0.01 0.05 0.03 0.065
 0.065 0.115 0.22 0.14 0.075 0.09 0.075 0.035 0.04 0.04 0.025 0.08
 0.045 0.185 0.165 0.125 0.145 0.07 0.03 0.045 0.025 0.025 0.025 0.115
 0.07 0.155 0.19 0.115 0.11 0.07 0.055 0.05 0.055 0.03 0.035 0.065
 0.105 0.17 0.135 0.145 0.105 0.05 0.1 0.035 0.03 0.01 0.02 0.095
 0.065 0.16 0.145 0.135 0.13 0.155 0.04 0.075 0.005 0.01 0.03 0.05
 0.085 0.18 0.19 0.17 0.09 0.11 0.045 0.04 0.005 0.01 0.01 0.065
 0.1 0.135 0.195 0.115 0.135 0.055 0.08 0.04 0.035 0.025 0.015 0.07
 0.105 0.195 0.14 0.07 0.135 0.115 0.03 0.06 0.055 0.025 0.01 0.06
 0.095 0.185 0.23 0.14 0.095 0.095 0.035 0.025 0.03 0.01 0.01 0.05
 0.06 0.255 0.165 0.16 0.1 0.035 0.095 0.02 0.035 0.01 0.015 0.05
 0.075 0.195 0.275 0.135 0.095 0.045 0.04 0.045 0.03 0.025 0.005 0.035
 0.09 0.205 0.17 0.175 0.08 0.105 0.04 0.035 0.015 0.02 0.01 0.055
 0.065 0.21 0.205 0.165 0.135 0.08 0.045 0.03 0.02 0.025 0.01 0.01
 0.175 0.19 0.22 0.09 0.12 0.09 0.045 0.02 0.02 0.01 0 0.02
 0.12 0.28 0.16 0.115 0.11 0.085 0.055 0.02 0.01 0.01 0 0.035
 0.09 0.205 0.285 0.125 0.095 0.04 0.045 0.035 0.01 0.04 0 0.03
 0.075 0.285 0.225 0.16 0.105 0.075 0.035 0.01 0.01 0 0.01 0.01
 0.145 0.235 0.16 0.18 0.175 0.05 0.005 0.02 0.01 0.01 0 0.01
 0.1 0.325 0.19 0.145 0.11 0.085 0.015 0.02 0.005 0 0 0.005
 0.12 0.195 0.285 0.14 0.11 0.03 0.09 0.01 0.01 0 0.005 0.005
 0.14 0.25 0.175 0.205 0.08 0.035 0.065 0.03 0 0.015 0.005 0
 0.18 0.28 0.225 0.115 0.12 0.01 0.01 0.025 0.02 0.01 0 0.005
 0.105 0.24 0.305 0.13 0.065 0.05 0.055 0.015 0.015 0 0 0.02
# olc_ind

# obs_lse_ind
 0.198042 0.198042 0.198042 0.198042 0.198042 0.198042 0.198042 0.198042 0.198042 0.198042 0.198042 0.198042 0.198042 0.198042 0.198042 0.198042 0.198042 0.198042 0.198042 0.198042 0.198042 0.198042 0.198042 0.198042 0.198042 0.198042 0.198042 0.198042 0.198042 0.198042
# xages_fsh
 0 0 0 0 0 0 0 0 0 0 0 0
# xages_fsh
 0 0.0909091 0.181818 0.272727 0.363636 0.454545 0.545455 0.636364 0.727273 0.818182 0.909091 1
# xnodes_fsh

Yrs fsh_sel change:  1 0 0 0 0 0 0 0 0 0 0 0 0 0 0 0 0 0 0 0 0 0 0 0 0 0 0 0 0
Yrs ind_sel change:  1 0 0 0 0 0 0 0 0 0 0 0 0 0 0 0 0 0 0 0 0 0 0 0 0 0 0 0 0
# steepnessprior
0.75
# sigmarprior
0.2
#  SSB estimated in styr endyr: -12 28 
#  Rec estimated in styr endyr: -10 30 
#  SR Curve fit  in styr endyr: 1 30 
#             Model styr endyr: 1 30 
# qprior
 3.48998e-007
# q_power_prior 
 1 
# cv_catchbiomass 
0.05 
# CatchbiomassPen 
200 
# Number of projection years 
5 
# offset_fsh
 13424.5
# offset_ind
 13071.6
Mean Catch
1275.18
R_guess 
13.8155
# nfsh
1
# n_sel_ch_fsh
 1
# nselages_fsh
 11
# phase_selcoff_fsh
 -1
logRzero 13.8155
logmeanrec 13.8155
exp(log_sigmarprior 0.2
Fish sel phase: -1 OM1
Fixing fishery sel to
1
Fixing fishery sel to
1
Srvy sel phase: -1
Fixing survey_index1 indices sel to
1
Fixing index sel to
1
# logsel_slp_in_indv
 0.693147
Leaving parameter init secton
# M
 0.2 0.2 0.2 0.2 0.2 0.2 0.2 0.2 0.2 0.2 0.2 0.2
 0.2 0.2 0.2 0.2 0.2 0.2 0.2 0.2 0.2 0.2 0.2 0.2
 0.2 0.2 0.2 0.2 0.2 0.2 0.2 0.2 0.2 0.2 0.2 0.2
 0.2 0.2 0.2 0.2 0.2 0.2 0.2 0.2 0.2 0.2 0.2 0.2
 0.2 0.2 0.2 0.2 0.2 0.2 0.2 0.2 0.2 0.2 0.2 0.2
 0.2 0.2 0.2 0.2 0.2 0.2 0.2 0.2 0.2 0.2 0.2 0.2
 0.2 0.2 0.2 0.2 0.2 0.2 0.2 0.2 0.2 0.2 0.2 0.2
 0.2 0.2 0.2 0.2 0.2 0.2 0.2 0.2 0.2 0.2 0.2 0.2
 0.2 0.2 0.2 0.2 0.2 0.2 0.2 0.2 0.2 0.2 0.2 0.2
 0.2 0.2 0.2 0.2 0.2 0.2 0.2 0.2 0.2 0.2 0.2 0.2
 0.2 0.2 0.2 0.2 0.2 0.2 0.2 0.2 0.2 0.2 0.2 0.2
 0.2 0.2 0.2 0.2 0.2 0.2 0.2 0.2 0.2 0.2 0.2 0.2
 0.2 0.2 0.2 0.2 0.2 0.2 0.2 0.2 0.2 0.2 0.2 0.2
 0.2 0.2 0.2 0.2 0.2 0.2 0.2 0.2 0.2 0.2 0.2 0.2
 0.2 0.2 0.2 0.2 0.2 0.2 0.2 0.2 0.2 0.2 0.2 0.2
 0.2 0.2 0.2 0.2 0.2 0.2 0.2 0.2 0.2 0.2 0.2 0.2
 0.2 0.2 0.2 0.2 0.2 0.2 0.2 0.2 0.2 0.2 0.2 0.2
 0.2 0.2 0.2 0.2 0.2 0.2 0.2 0.2 0.2 0.2 0.2 0.2
 0.2 0.2 0.2 0.2 0.2 0.2 0.2 0.2 0.2 0.2 0.2 0.2
 0.2 0.2 0.2 0.2 0.2 0.2 0.2 0.2 0.2 0.2 0.2 0.2
 0.2 0.2 0.2 0.2 0.2 0.2 0.2 0.2 0.2 0.2 0.2 0.2
 0.2 0.2 0.2 0.2 0.2 0.2 0.2 0.2 0.2 0.2 0.2 0.2
 0.2 0.2 0.2 0.2 0.2 0.2 0.2 0.2 0.2 0.2 0.2 0.2
 0.2 0.2 0.2 0.2 0.2 0.2 0.2 0.2 0.2 0.2 0.2 0.2
 0.2 0.2 0.2 0.2 0.2 0.2 0.2 0.2 0.2 0.2 0.2 0.2
 0.2 0.2 0.2 0.2 0.2 0.2 0.2 0.2 0.2 0.2 0.2 0.2
 0.2 0.2 0.2 0.2 0.2 0.2 0.2 0.2 0.2 0.2 0.2 0.2
 0.2 0.2 0.2 0.2 0.2 0.2 0.2 0.2 0.2 0.2 0.2 0.2
 0.2 0.2 0.2 0.2 0.2 0.2 0.2 0.2 0.2 0.2 0.2 0.2
 0.2 0.2 0.2 0.2 0.2 0.2 0.2 0.2 0.2 0.2 0.2 0.2
# mean_log_rec
13.7473
# log_Rzero
13.8134
# rec_dev
 -0.0271922 -0.0403322 0.053867 -0.127265 0.110819 0.0457502 -0.0834523 0.00455854 0.0785923 0.0955647 0.0188159 0.000919793 0.286643 0.0677282 -0.117894 0.315522 0.110345 0.138611 0.232098 -0.066619 0.180577 0.11467 -0.0976492 -0.100206 0.0448949 -0.0961894 0.15282 -0.0243609 -0.269941 -0.122625 -0.362662 0.148889 -0.0186247 -0.271879 -0.385971 -0.138742 -0.488172 -0.315101 -0.143065 -0.0898875 -0.317203
# fmort
 0.00918916 0.0271739 0.0452361 0.0611492 0.0488755 0.0881105 0.0901225 0.192035 0.112038 0.137136 0.155673 0.167014 0.120525 0.17486 0.18657 0.167133 0.331241 0.271004 0.267057 0.268228 0.369957 0.264931 0.431344 0.358162 0.349893 0.318314 0.311705 0.437195 0.329918 0.501763
# rec_dev_future
 0 0 0 0 0
