AMAK;August_2013
# styr
1
# endyr
30
# rec_age
1
# oldest_age
12
# nlength
81
# len_bins
 10 11 12 13 14 15 16 17 18 19 20 21 22 23 24 25 26 27 28 29 30 31 32 33 34 35 36 37 38 39 40 41 42 43 44 45 46 47 48 49 50 51 52 53 54 55 56 57 58 59 60 61 62 63 64 65 66 67 68 69 70 71 72 73 74 75 76 77 78 79 80 81 82 83 84 85 86 87 88 89 90
# datafile_name
amak_data.dat
# model_name
OM_1
# styr
1
# endyr
30
# rec_age
1
# oldest_age
12
# nfsh
1
# fshname
OM1
# catch_bio_in
 161.986 466.441 760.998 999.645 763.699 1322.3 1280.05 2473.42 1327.85 1525.34 1618.89 1601.37 1099.15 1515.35 1512.11 1267.92 2256.53 1610.74 1472.84 1316.78 1620.05 1077.25 1633.43 1206.84 1120.46 967.737 921.566 1213.69 870.951 1269.93
# catch_bio_sd_in
 0.01 0.01 0.01 0.01 0.01 0.01 0.01 0.01 0.01 0.01 0.01 0.01 0.01 0.01 0.01 0.01 0.01 0.01 0.01 0.01 0.01 0.01 0.01 0.01 0.01 0.01 0.01 0.01 0.01 0.01
# nyrs_fsh_age
 30
# nyrs_fsh_length
 0
# yrs_fsh_age_in
 1 2 3 4 5 6 7 8 9 10 11 12 13 14 15 16 17 18 19 20 21 22 23 24 25 26 27 28 29 30
# yrs_fsh_length_in

# n_sample_fsh_length_in

# olc_fsh_in

# nind
1
# indname
survey_index1
# nyrs_ind
 30
# yrs_ind_in
 1 2 3 4 5 6 7 8 9 10 11 12 13 14 15 16 17 18 19 20 21 22 23 24 25 26 27 28 29 30
# mo_ind
 1
# obs_ind_in
 1.4682 1.56179 1.50401 1.63513 1.35227 1.56032 1.61938 1.485 1.14981 1.36775 1.15959 1.10843 1.0966 1.12369 1.02955 1.17936 1.05324 0.622965 0.679686 0.638933 0.610337 0.547463 0.755756 0.656793 0.554919 0.487271 0.520368 0.540566 0.514831 0.49453
# obs_se_ind_in
 0.29364 0.312359 0.300803 0.327025 0.270455 0.312064 0.323875 0.297 0.229962 0.27355 0.231918 0.221687 0.219319 0.224738 0.20591 0.235873 0.210648 0.124593 0.135937 0.127787 0.122067 0.109493 0.151151 0.131359 0.110984 0.0974541 0.104074 0.108113 0.102966 0.0989059
# nyrs_ind_age
 30
# nyrs_ind_length
 0
# yrs_ind_age_in
 1 2 3 4 5 6 7 8 9 10 11 12 13 14 15 16 17 18 19 20 21 22 23 24 25 26 27 28 29 30
# yrs_ind_length_in

# yrs_ind_age_in
 1 2 3 4 5 6 7 8 9 10 11 12 13 14 15 16 17 18 19 20 21 22 23 24 25 26 27 28 29 30
# n_sample_ind_length_in

# olc_ind_in

# oac_ind_in
 0.065 0.155 0.14 0.13 0.1 0.085 0.075 0.055 0.02 0.04 0.03 0.105
 0.08 0.16 0.145 0.09 0.11 0.075 0.06 0.05 0.055 0.025 0.02 0.13
 0.065 0.205 0.13 0.075 0.1 0.095 0.07 0.07 0.02 0.035 0.025 0.11
 0.07 0.12 0.15 0.155 0.06 0.115 0.075 0.05 0.015 0.05 0.02 0.12
 0.115 0.09 0.16 0.13 0.06 0.075 0.055 0.03 0.075 0.045 0.04 0.125
 0.065 0.16 0.1 0.115 0.14 0.105 0.055 0.035 0.045 0.02 0.02 0.14
 0.07 0.21 0.23 0.1 0.08 0.05 0.04 0.045 0.025 0.04 0.035 0.075
 0.04 0.205 0.13 0.17 0.09 0.07 0.07 0.065 0.025 0.03 0.03 0.075
 0.08 0.155 0.165 0.15 0.135 0.02 0.045 0.055 0.035 0 0.03 0.13
 0.105 0.14 0.185 0.14 0.1 0.08 0.035 0.035 0.05 0.01 0.02 0.1
 0.105 0.17 0.14 0.125 0.12 0.08 0.1 0.02 0.025 0.025 0.02 0.07
 0.09 0.13 0.255 0.135 0.13 0.07 0.045 0.045 0.02 0.015 0.005 0.06
 0.05 0.17 0.195 0.155 0.095 0.095 0.055 0.05 0.03 0.02 0.005 0.08
 0.085 0.125 0.185 0.13 0.14 0.1 0.07 0.025 0.04 0.015 0.025 0.06
 0.075 0.255 0.16 0.11 0.15 0.085 0.035 0.065 0.005 0.015 0.01 0.035
 0.13 0.16 0.24 0.095 0.08 0.055 0.055 0.05 0.03 0.03 0.015 0.06
 0.105 0.265 0.16 0.14 0.05 0.07 0.045 0.035 0.03 0.03 0.015 0.055
 0.065 0.245 0.195 0.145 0.095 0.065 0.055 0.025 0.015 0.015 0.03 0.05
 0.115 0.115 0.285 0.15 0.095 0.08 0.055 0.025 0.03 0.01 0.01 0.03
 0.09 0.23 0.15 0.21 0.105 0.075 0.055 0.015 0 0 0.03 0.04
 0.1 0.18 0.23 0.12 0.13 0.085 0.045 0.025 0.025 0.01 0.005 0.045
 0.13 0.285 0.11 0.145 0.095 0.065 0.06 0.04 0.025 0.01 0.01 0.025
 0.11 0.25 0.225 0.125 0.11 0.06 0.045 0.025 0.02 0.01 0.005 0.015
 0.095 0.235 0.235 0.21 0.095 0.04 0.02 0.04 0.015 0 0.005 0.01
 0.16 0.2 0.17 0.195 0.1 0.045 0.05 0.03 0.045 0.005 0 0
 0.125 0.295 0.135 0.16 0.105 0.085 0.025 0.03 0.005 0.015 0.01 0.01
 0.125 0.18 0.25 0.17 0.07 0.09 0.04 0.01 0.015 0.025 0.005 0.02
 0.165 0.17 0.185 0.215 0.125 0.065 0.035 0.025 0.005 0.005 0 0.005
 0.18 0.29 0.18 0.145 0.07 0.055 0.025 0.015 0.03 0 0.005 0.005
 0.11 0.325 0.255 0.135 0.065 0.06 0.025 0.005 0.005 0.005 0.005 0.005
# wt_ind
 1 1 1 1 1 1 1 1 1 1 1 1
 1 1 1 1 1 1 1 1 1 1 1 1
 1 1 1 1 1 1 1 1 1 1 1 1
 1 1 1 1 1 1 1 1 1 1 1 1
 1 1 1 1 1 1 1 1 1 1 1 1
 1 1 1 1 1 1 1 1 1 1 1 1
 1 1 1 1 1 1 1 1 1 1 1 1
 1 1 1 1 1 1 1 1 1 1 1 1
 1 1 1 1 1 1 1 1 1 1 1 1
 1 1 1 1 1 1 1 1 1 1 1 1
 1 1 1 1 1 1 1 1 1 1 1 1
 1 1 1 1 1 1 1 1 1 1 1 1
 1 1 1 1 1 1 1 1 1 1 1 1
 1 1 1 1 1 1 1 1 1 1 1 1
 1 1 1 1 1 1 1 1 1 1 1 1
 1 1 1 1 1 1 1 1 1 1 1 1
 1 1 1 1 1 1 1 1 1 1 1 1
 1 1 1 1 1 1 1 1 1 1 1 1
 1 1 1 1 1 1 1 1 1 1 1 1
 1 1 1 1 1 1 1 1 1 1 1 1
 1 1 1 1 1 1 1 1 1 1 1 1
 1 1 1 1 1 1 1 1 1 1 1 1
 1 1 1 1 1 1 1 1 1 1 1 1
 1 1 1 1 1 1 1 1 1 1 1 1
 1 1 1 1 1 1 1 1 1 1 1 1
 1 1 1 1 1 1 1 1 1 1 1 1
 1 1 1 1 1 1 1 1 1 1 1 1
 1 1 1 1 1 1 1 1 1 1 1 1
 1 1 1 1 1 1 1 1 1 1 1 1
 1 1 1 1 1 1 1 1 1 1 1 1
# wt_pop
 0.000530656 0.00119633 0.00205827 0.00303499 0.00405521 0.0050647 0.00602623 0.00691692 0.00772489 0.00844611 0.00908185 0.0096367
# maturity
 0.0229774 0.320821 0.904651 0.99478 0.999739 0.999987 0.999999 1 1 1 1 1
# spawnmo
1
# age_err
 1 0 0 0 0 0 0 0 0 0 0 0
 0 1 0 0 0 0 0 0 0 0 0 0
 0 0 1 0 0 0 0 0 0 0 0 0
 0 0 0 1 0 0 0 0 0 0 0 0
 0 0 0 0 1 0 0 0 0 0 0 0
 0 0 0 0 0 1 0 0 0 0 0 0
 0 0 0 0 0 0 1 0 0 0 0 0
 0 0 0 0 0 0 0 1 0 0 0 0
 0 0 0 0 0 0 0 0 1 0 0 0
 0 0 0 0 0 0 0 0 0 1 0 0
 0 0 0 0 0 0 0 0 0 0 1 0
 0 0 0 0 0 0 0 0 0 0 0 1
# cntrlfile_name
C:\Users\bai.li\Desktop\s1_test\AMAK\s144\amak.dat
# Map shared selectivity: 
# sel_map
 1 2
 1 1
# datafile_name
amak_data.dat
# model_name
OM_1
# SrType
2
# use_age_err
0
# retro
0
# sigmarprior
0.2
# cvsigmarprior
0.25
# phase_sigmar
-3
# styr_rec_est
1
# endyr_rec_est
30
# Linfprior
80
# cvLinfprior
0.25
# kprior
0.18
# cvkprior
0.25
# Loprior
27.688
# cvLoprior
0.25
# sdageprior
0.1
# cvsdageprior
0.25
# natmortprior
0.2
# cvnatmortprior
0.25
# phase_M
-4
# npars_Mage
0
# ages_M_changes

# Mage_in

# phase_Mage
-5
# phase_rw_M
0
# npars_rw_M
0
# yrs_rw_M

# sigma_rw_M

# qprior
 3.48998e-007
# cvqprior
 1
# phase_q
 1
# q_power_prior
 1
# cvq_power_prior
 0.2
# phase_q_power
 -4
# phase_rw_q
 -1
# npars_rw_q
 0
# yrs_rw_q

# sigma_rw_q

# q_age_min
 1
# q_age_max
 12
# q_age_min
 1
# q_age_max
 12
# fsh_sel_opt(k)
2
# phase_sel_fsh(k)
-2
# n_sel_ch_fsh(k)
1
# sel_slp_in_fsh(k)(1,n_sel_ch_fsh(k))
 1
# sel_inf_in_fsh(k)(1,n_sel_ch_fsh(k))
 2
# logsel_slp_in_fsh(k)(1,n_sel_ch_fsh(k))
 0
# yrs_sel_ch_fsh(k)(1,n_sel_ch_fsh(k))
 1

Survey survey_index1
# ind_sel_opt(k)
2
# indname(k)
survey_index1
# nselages_in_ind(k)
11
# phase_sel_ind(k)
-2
# sel_change_in_ind(k)
 1 0 0 0 0 0 0 0 0 0 0 0 0 0 0 0 0 0 0 0 0 0 0 0 0 0 0 0 0 0
# n_sel_ch_ind(k)
1
# yrs_sel_ch_ind(k)(1,n_sel_ch_ind(k))
 1
# sel_slp_in_ind(k,1)
2
# sel_inf_in_ind(k,1)
1.5
# logsel_slp_in_ind(k,1)
0.693147
# logsel_slp_in_indv(k)
0.693147
survey_index1 ind sel opt 2  1 0 0 0 0 0 0 0 0 0 0 0 0 0 0 0 0 0 0 0 0 0 0 0 0 0 0 0 0 0
Phase indices Sel_Coffs:  -1
 Test: 1.23457e+008
# Fshry Selages:  11
# Srvy  Selages:  11
# Phase for age-spec fishery  -1
# Phase for logistic fishery  -2
# Phase for dble logistic fishery  -1
# Phase for age-spec indices   -1
# Phase for logistic indices   -2
# Phase for dble logistic ind  -1
# Curv_pen_fsh: 
 0
# Curv_pen_ind: 
 0
# styr_fut
31
# endyr_fut
35
# nyrs_fsh_age
 30
# nyrs_fsh_age
 30
# yrs_fsh_age
 1 2 3 4 5 6 7 8 9 10 11 12 13 14 15 16 17 18 19 20 21 22 23 24 25 26 27 28 29 30
# n_sample_fsh_age
 200 200 200 200 200 200 200 200 200 200 200 200 200 200 200 200 200 200 200 200 200 200 200 200 200 200 200 200 200 200
# oac_fsh
 0.06 0.1 0.155 0.11 0.105 0.1 0.075 0.07 0.05 0.045 0.005 0.125
 0.08 0.095 0.115 0.105 0.12 0.06 0.07 0.055 0.065 0.05 0.045 0.14
 0.04 0.17 0.12 0.16 0.07 0.095 0.065 0.04 0.045 0.045 0.025 0.125
 0.055 0.12 0.2 0.105 0.09 0.085 0.04 0.025 0.04 0.045 0.05 0.145
 0.105 0.09 0.08 0.18 0.085 0.085 0.035 0.06 0.04 0.04 0.03 0.17
 0.085 0.115 0.07 0.115 0.135 0.125 0.08 0.07 0.045 0.03 0.03 0.1
 0.08 0.14 0.21 0.095 0.125 0.095 0.045 0.045 0.035 0.03 0.025 0.075
 0.115 0.11 0.14 0.16 0.085 0.095 0.08 0.05 0.015 0.015 0.02 0.115
 0.075 0.175 0.085 0.15 0.16 0.045 0.04 0.05 0.03 0.04 0.01 0.14
 0.1 0.115 0.165 0.095 0.17 0.115 0.025 0.025 0.035 0.025 0.025 0.105
 0.125 0.13 0.105 0.15 0.095 0.09 0.06 0.055 0.03 0.05 0.015 0.095
 0.11 0.13 0.175 0.12 0.13 0.06 0.05 0.075 0.01 0.035 0.025 0.08
 0.085 0.155 0.165 0.14 0.095 0.085 0.03 0.08 0.045 0.005 0.005 0.11
 0.085 0.145 0.16 0.13 0.11 0.075 0.055 0.03 0.055 0.04 0.03 0.085
 0.09 0.185 0.085 0.125 0.13 0.12 0.06 0.065 0.025 0.025 0.025 0.065
 0.115 0.13 0.16 0.14 0.095 0.11 0.07 0.035 0.03 0.04 0.015 0.06
 0.14 0.15 0.13 0.195 0.115 0.045 0.09 0.02 0.03 0.03 0.025 0.03
 0.115 0.115 0.22 0.14 0.125 0.105 0.05 0.05 0.035 0.005 0.015 0.025
 0.095 0.15 0.255 0.13 0.11 0.045 0.05 0.04 0.07 0.01 0 0.045
 0.065 0.22 0.18 0.19 0.13 0.08 0.025 0.02 0.025 0.015 0.01 0.04
 0.2 0.125 0.165 0.12 0.115 0.04 0.07 0.035 0.035 0.025 0.02 0.05
 0.175 0.175 0.18 0.155 0.085 0.105 0.045 0.03 0.015 0.005 0 0.03
 0.1 0.23 0.245 0.095 0.16 0.055 0.035 0.025 0.015 0.01 0.01 0.02
 0.1 0.18 0.26 0.18 0.085 0.04 0.035 0.035 0.025 0.015 0.01 0.035
 0.18 0.165 0.195 0.18 0.105 0.07 0.03 0.01 0.02 0.015 0.02 0.01
 0.13 0.29 0.14 0.125 0.155 0.05 0.045 0.02 0.015 0.02 0.005 0.005
 0.17 0.155 0.28 0.12 0.115 0.065 0.03 0.015 0.01 0.005 0.01 0.025
 0.18 0.185 0.24 0.155 0.085 0.04 0.04 0.035 0.005 0.02 0.01 0.005
 0.18 0.23 0.175 0.165 0.125 0.045 0.035 0.025 0.015 0.005 0 0
 0.165 0.285 0.23 0.115 0.06 0.06 0.03 0.01 0.015 0.02 0.005 0.005
# olc_fsh

# wt_fsh
 0.000530656 0.00119633 0.00205827 0.00303499 0.00405521 0.0050647 0.00602623 0.00691692 0.00772489 0.00844611 0.00908185 0.0096367
 0.000530656 0.00119633 0.00205827 0.00303499 0.00405521 0.0050647 0.00602623 0.00691692 0.00772489 0.00844611 0.00908185 0.0096367
 0.000530656 0.00119633 0.00205827 0.00303499 0.00405521 0.0050647 0.00602623 0.00691692 0.00772489 0.00844611 0.00908185 0.0096367
 0.000530656 0.00119633 0.00205827 0.00303499 0.00405521 0.0050647 0.00602623 0.00691692 0.00772489 0.00844611 0.00908185 0.0096367
 0.000530656 0.00119633 0.00205827 0.00303499 0.00405521 0.0050647 0.00602623 0.00691692 0.00772489 0.00844611 0.00908185 0.0096367
 0.000530656 0.00119633 0.00205827 0.00303499 0.00405521 0.0050647 0.00602623 0.00691692 0.00772489 0.00844611 0.00908185 0.0096367
 0.000530656 0.00119633 0.00205827 0.00303499 0.00405521 0.0050647 0.00602623 0.00691692 0.00772489 0.00844611 0.00908185 0.0096367
 0.000530656 0.00119633 0.00205827 0.00303499 0.00405521 0.0050647 0.00602623 0.00691692 0.00772489 0.00844611 0.00908185 0.0096367
 0.000530656 0.00119633 0.00205827 0.00303499 0.00405521 0.0050647 0.00602623 0.00691692 0.00772489 0.00844611 0.00908185 0.0096367
 0.000530656 0.00119633 0.00205827 0.00303499 0.00405521 0.0050647 0.00602623 0.00691692 0.00772489 0.00844611 0.00908185 0.0096367
 0.000530656 0.00119633 0.00205827 0.00303499 0.00405521 0.0050647 0.00602623 0.00691692 0.00772489 0.00844611 0.00908185 0.0096367
 0.000530656 0.00119633 0.00205827 0.00303499 0.00405521 0.0050647 0.00602623 0.00691692 0.00772489 0.00844611 0.00908185 0.0096367
 0.000530656 0.00119633 0.00205827 0.00303499 0.00405521 0.0050647 0.00602623 0.00691692 0.00772489 0.00844611 0.00908185 0.0096367
 0.000530656 0.00119633 0.00205827 0.00303499 0.00405521 0.0050647 0.00602623 0.00691692 0.00772489 0.00844611 0.00908185 0.0096367
 0.000530656 0.00119633 0.00205827 0.00303499 0.00405521 0.0050647 0.00602623 0.00691692 0.00772489 0.00844611 0.00908185 0.0096367
 0.000530656 0.00119633 0.00205827 0.00303499 0.00405521 0.0050647 0.00602623 0.00691692 0.00772489 0.00844611 0.00908185 0.0096367
 0.000530656 0.00119633 0.00205827 0.00303499 0.00405521 0.0050647 0.00602623 0.00691692 0.00772489 0.00844611 0.00908185 0.0096367
 0.000530656 0.00119633 0.00205827 0.00303499 0.00405521 0.0050647 0.00602623 0.00691692 0.00772489 0.00844611 0.00908185 0.0096367
 0.000530656 0.00119633 0.00205827 0.00303499 0.00405521 0.0050647 0.00602623 0.00691692 0.00772489 0.00844611 0.00908185 0.0096367
 0.000530656 0.00119633 0.00205827 0.00303499 0.00405521 0.0050647 0.00602623 0.00691692 0.00772489 0.00844611 0.00908185 0.0096367
 0.000530656 0.00119633 0.00205827 0.00303499 0.00405521 0.0050647 0.00602623 0.00691692 0.00772489 0.00844611 0.00908185 0.0096367
 0.000530656 0.00119633 0.00205827 0.00303499 0.00405521 0.0050647 0.00602623 0.00691692 0.00772489 0.00844611 0.00908185 0.0096367
 0.000530656 0.00119633 0.00205827 0.00303499 0.00405521 0.0050647 0.00602623 0.00691692 0.00772489 0.00844611 0.00908185 0.0096367
 0.000530656 0.00119633 0.00205827 0.00303499 0.00405521 0.0050647 0.00602623 0.00691692 0.00772489 0.00844611 0.00908185 0.0096367
 0.000530656 0.00119633 0.00205827 0.00303499 0.00405521 0.0050647 0.00602623 0.00691692 0.00772489 0.00844611 0.00908185 0.0096367
 0.000530656 0.00119633 0.00205827 0.00303499 0.00405521 0.0050647 0.00602623 0.00691692 0.00772489 0.00844611 0.00908185 0.0096367
 0.000530656 0.00119633 0.00205827 0.00303499 0.00405521 0.0050647 0.00602623 0.00691692 0.00772489 0.00844611 0.00908185 0.0096367
 0.000530656 0.00119633 0.00205827 0.00303499 0.00405521 0.0050647 0.00602623 0.00691692 0.00772489 0.00844611 0.00908185 0.0096367
 0.000530656 0.00119633 0.00205827 0.00303499 0.00405521 0.0050647 0.00602623 0.00691692 0.00772489 0.00844611 0.00908185 0.0096367
 0.000530656 0.00119633 0.00205827 0.00303499 0.00405521 0.0050647 0.00602623 0.00691692 0.00772489 0.00844611 0.00908185 0.0096367
# nyrs_ind_age
 30
# yrs_ind_age
 1 2 3 4 5 6 7 8 9 10 11 12 13 14 15 16 17 18 19 20 21 22 23 24 25 26 27 28 29 30
# n_sample_ind_age
 200 200 200 200 200 200 200 200 200 200 200 200 200 200 200 200 200 200 200 200 200 200 200 200 200 200 200 200 200 200
# oac_ind
 0.065 0.155 0.14 0.13 0.1 0.085 0.075 0.055 0.02 0.04 0.03 0.105
 0.08 0.16 0.145 0.09 0.11 0.075 0.06 0.05 0.055 0.025 0.02 0.13
 0.065 0.205 0.13 0.075 0.1 0.095 0.07 0.07 0.02 0.035 0.025 0.11
 0.07 0.12 0.15 0.155 0.06 0.115 0.075 0.05 0.015 0.05 0.02 0.12
 0.115 0.09 0.16 0.13 0.06 0.075 0.055 0.03 0.075 0.045 0.04 0.125
 0.065 0.16 0.1 0.115 0.14 0.105 0.055 0.035 0.045 0.02 0.02 0.14
 0.07 0.21 0.23 0.1 0.08 0.05 0.04 0.045 0.025 0.04 0.035 0.075
 0.04 0.205 0.13 0.17 0.09 0.07 0.07 0.065 0.025 0.03 0.03 0.075
 0.08 0.155 0.165 0.15 0.135 0.02 0.045 0.055 0.035 0 0.03 0.13
 0.105 0.14 0.185 0.14 0.1 0.08 0.035 0.035 0.05 0.01 0.02 0.1
 0.105 0.17 0.14 0.125 0.12 0.08 0.1 0.02 0.025 0.025 0.02 0.07
 0.09 0.13 0.255 0.135 0.13 0.07 0.045 0.045 0.02 0.015 0.005 0.06
 0.05 0.17 0.195 0.155 0.095 0.095 0.055 0.05 0.03 0.02 0.005 0.08
 0.085 0.125 0.185 0.13 0.14 0.1 0.07 0.025 0.04 0.015 0.025 0.06
 0.075 0.255 0.16 0.11 0.15 0.085 0.035 0.065 0.005 0.015 0.01 0.035
 0.13 0.16 0.24 0.095 0.08 0.055 0.055 0.05 0.03 0.03 0.015 0.06
 0.105 0.265 0.16 0.14 0.05 0.07 0.045 0.035 0.03 0.03 0.015 0.055
 0.065 0.245 0.195 0.145 0.095 0.065 0.055 0.025 0.015 0.015 0.03 0.05
 0.115 0.115 0.285 0.15 0.095 0.08 0.055 0.025 0.03 0.01 0.01 0.03
 0.09 0.23 0.15 0.21 0.105 0.075 0.055 0.015 0 0 0.03 0.04
 0.1 0.18 0.23 0.12 0.13 0.085 0.045 0.025 0.025 0.01 0.005 0.045
 0.13 0.285 0.11 0.145 0.095 0.065 0.06 0.04 0.025 0.01 0.01 0.025
 0.11 0.25 0.225 0.125 0.11 0.06 0.045 0.025 0.02 0.01 0.005 0.015
 0.095 0.235 0.235 0.21 0.095 0.04 0.02 0.04 0.015 0 0.005 0.01
 0.16 0.2 0.17 0.195 0.1 0.045 0.05 0.03 0.045 0.005 0 0
 0.125 0.295 0.135 0.16 0.105 0.085 0.025 0.03 0.005 0.015 0.01 0.01
 0.125 0.18 0.25 0.17 0.07 0.09 0.04 0.01 0.015 0.025 0.005 0.02
 0.165 0.17 0.185 0.215 0.125 0.065 0.035 0.025 0.005 0.005 0 0.005
 0.18 0.29 0.18 0.145 0.07 0.055 0.025 0.015 0.03 0 0.005 0.005
 0.11 0.325 0.255 0.135 0.065 0.06 0.025 0.005 0.005 0.005 0.005 0.005
# olc_ind

# obs_lse_ind
 0.198042 0.198042 0.198042 0.198042 0.198042 0.198042 0.198042 0.198042 0.198042 0.198042 0.198042 0.198042 0.198042 0.198042 0.198042 0.198042 0.198042 0.198042 0.198042 0.198042 0.198042 0.198042 0.198042 0.198042 0.198042 0.198042 0.198042 0.198042 0.198042 0.198042
# xages_fsh
 0 0 0 0 0 0 0 0 0 0 0 0
# xages_fsh
 0 0.0909091 0.181818 0.272727 0.363636 0.454545 0.545455 0.636364 0.727273 0.818182 0.909091 1
# xnodes_fsh

Yrs fsh_sel change:  1 0 0 0 0 0 0 0 0 0 0 0 0 0 0 0 0 0 0 0 0 0 0 0 0 0 0 0 0
Yrs ind_sel change:  1 0 0 0 0 0 0 0 0 0 0 0 0 0 0 0 0 0 0 0 0 0 0 0 0 0 0 0 0
# steepnessprior
0.75
# sigmarprior
0.2
#  SSB estimated in styr endyr: -12 28 
#  Rec estimated in styr endyr: -10 30 
#  SR Curve fit  in styr endyr: 1 30 
#             Model styr endyr: 1 30 
# qprior
 3.48998e-007
# q_power_prior 
 1 
# cv_catchbiomass 
0.05 
# CatchbiomassPen 
200 
# Number of projection years 
5 
# offset_fsh
 13395.5
# offset_ind
 13111.2
Mean Catch
1275.18
R_guess 
13.8155
# nfsh
1
# n_sel_ch_fsh
 1
# nselages_fsh
 11
# phase_selcoff_fsh
 -1
logRzero 13.8155
logmeanrec 13.8155
exp(log_sigmarprior 0.2
Fish sel phase: -1 OM1
Fixing fishery sel to
1
Fixing fishery sel to
1
Srvy sel phase: -1
Fixing survey_index1 indices sel to
1
Fixing index sel to
1
# logsel_slp_in_indv
 0.693147
Leaving parameter init secton
# M
 0.2 0.2 0.2 0.2 0.2 0.2 0.2 0.2 0.2 0.2 0.2 0.2
 0.2 0.2 0.2 0.2 0.2 0.2 0.2 0.2 0.2 0.2 0.2 0.2
 0.2 0.2 0.2 0.2 0.2 0.2 0.2 0.2 0.2 0.2 0.2 0.2
 0.2 0.2 0.2 0.2 0.2 0.2 0.2 0.2 0.2 0.2 0.2 0.2
 0.2 0.2 0.2 0.2 0.2 0.2 0.2 0.2 0.2 0.2 0.2 0.2
 0.2 0.2 0.2 0.2 0.2 0.2 0.2 0.2 0.2 0.2 0.2 0.2
 0.2 0.2 0.2 0.2 0.2 0.2 0.2 0.2 0.2 0.2 0.2 0.2
 0.2 0.2 0.2 0.2 0.2 0.2 0.2 0.2 0.2 0.2 0.2 0.2
 0.2 0.2 0.2 0.2 0.2 0.2 0.2 0.2 0.2 0.2 0.2 0.2
 0.2 0.2 0.2 0.2 0.2 0.2 0.2 0.2 0.2 0.2 0.2 0.2
 0.2 0.2 0.2 0.2 0.2 0.2 0.2 0.2 0.2 0.2 0.2 0.2
 0.2 0.2 0.2 0.2 0.2 0.2 0.2 0.2 0.2 0.2 0.2 0.2
 0.2 0.2 0.2 0.2 0.2 0.2 0.2 0.2 0.2 0.2 0.2 0.2
 0.2 0.2 0.2 0.2 0.2 0.2 0.2 0.2 0.2 0.2 0.2 0.2
 0.2 0.2 0.2 0.2 0.2 0.2 0.2 0.2 0.2 0.2 0.2 0.2
 0.2 0.2 0.2 0.2 0.2 0.2 0.2 0.2 0.2 0.2 0.2 0.2
 0.2 0.2 0.2 0.2 0.2 0.2 0.2 0.2 0.2 0.2 0.2 0.2
 0.2 0.2 0.2 0.2 0.2 0.2 0.2 0.2 0.2 0.2 0.2 0.2
 0.2 0.2 0.2 0.2 0.2 0.2 0.2 0.2 0.2 0.2 0.2 0.2
 0.2 0.2 0.2 0.2 0.2 0.2 0.2 0.2 0.2 0.2 0.2 0.2
 0.2 0.2 0.2 0.2 0.2 0.2 0.2 0.2 0.2 0.2 0.2 0.2
 0.2 0.2 0.2 0.2 0.2 0.2 0.2 0.2 0.2 0.2 0.2 0.2
 0.2 0.2 0.2 0.2 0.2 0.2 0.2 0.2 0.2 0.2 0.2 0.2
 0.2 0.2 0.2 0.2 0.2 0.2 0.2 0.2 0.2 0.2 0.2 0.2
 0.2 0.2 0.2 0.2 0.2 0.2 0.2 0.2 0.2 0.2 0.2 0.2
 0.2 0.2 0.2 0.2 0.2 0.2 0.2 0.2 0.2 0.2 0.2 0.2
 0.2 0.2 0.2 0.2 0.2 0.2 0.2 0.2 0.2 0.2 0.2 0.2
 0.2 0.2 0.2 0.2 0.2 0.2 0.2 0.2 0.2 0.2 0.2 0.2
 0.2 0.2 0.2 0.2 0.2 0.2 0.2 0.2 0.2 0.2 0.2 0.2
 0.2 0.2 0.2 0.2 0.2 0.2 0.2 0.2 0.2 0.2 0.2 0.2
# mean_log_rec
13.7428
# log_Rzero
13.7961
# rec_dev
 -0.0753427 -0.143746 0.0552183 -0.0634871 0.150891 0.0449197 0.00740504 0.00209075 0.090035 -0.00383024 0.00651226 0.0650429 0.323297 -0.00455222 -0.203125 0.394787 0.247402 0.0479516 0.226427 -0.0362653 0.170828 0.107849 -0.0521944 -0.170162 0.0806705 -0.0658554 0.0686059 0.153824 -0.292221 -0.086346 -0.390045 0.000641829 -0.0120056 -0.316559 -0.444605 -0.101356 -0.410836 -0.431253 -0.161037 -0.075581 -0.329688
# fmort
 0.00928878 0.0271108 0.0453715 0.0619437 0.0491247 0.088843 0.0905919 0.190923 0.112327 0.136505 0.155047 0.164766 0.118967 0.172534 0.185873 0.165714 0.327535 0.267528 0.267631 0.260076 0.35781 0.260735 0.432534 0.361067 0.363478 0.332529 0.326265 0.462665 0.352613 0.542255
# rec_dev_future
 0 0 0 0 0
