AMAK;August_2013
# styr
1
# endyr
30
# rec_age
1
# oldest_age
12
# nlength
81
# len_bins
 10 11 12 13 14 15 16 17 18 19 20 21 22 23 24 25 26 27 28 29 30 31 32 33 34 35 36 37 38 39 40 41 42 43 44 45 46 47 48 49 50 51 52 53 54 55 56 57 58 59 60 61 62 63 64 65 66 67 68 69 70 71 72 73 74 75 76 77 78 79 80 81 82 83 84 85 86 87 88 89 90
# datafile_name
amak_data.dat
# model_name
OM_1
# styr
1
# endyr
30
# rec_age
1
# oldest_age
12
# nfsh
1
# fshname
OM1
# catch_bio_in
 162.236 470.212 757.981 999.649 766.21 1327.87 1275.68 2479.75 1314.6 1533.24 1623.74 1620.39 1107.62 1529.17 1514.8 1279.11 2240.68 1610.04 1454.11 1311.51 1629.25 1074.76 1635.53 1214.67 1120.01 969.997 926.777 1207.92 865.126 1273.08
# catch_bio_sd_in
 0.01 0.01 0.01 0.01 0.01 0.01 0.01 0.01 0.01 0.01 0.01 0.01 0.01 0.01 0.01 0.01 0.01 0.01 0.01 0.01 0.01 0.01 0.01 0.01 0.01 0.01 0.01 0.01 0.01 0.01
# nyrs_fsh_age
 30
# nyrs_fsh_length
 0
# yrs_fsh_age_in
 1 2 3 4 5 6 7 8 9 10 11 12 13 14 15 16 17 18 19 20 21 22 23 24 25 26 27 28 29 30
# yrs_fsh_length_in

# n_sample_fsh_length_in

# olc_fsh_in

# nind
1
# indname
survey_index1
# nyrs_ind
 30
# yrs_ind_in
 1 2 3 4 5 6 7 8 9 10 11 12 13 14 15 16 17 18 19 20 21 22 23 24 25 26 27 28 29 30
# mo_ind
 1
# obs_ind_in
 1.65872 1.59944 1.17155 1.36792 1.43353 1.36748 1.83451 1.3803 1.42252 1.2659 1.06136 0.997248 1.22345 0.926629 1.02437 0.895557 0.860479 0.898337 0.816139 0.631037 0.750811 0.780699 0.768333 0.694461 0.546136 0.502995 0.436506 0.582552 0.525093 0.49316
# obs_se_ind_in
 0.331744 0.319887 0.234311 0.273584 0.286707 0.273496 0.366903 0.27606 0.284505 0.253179 0.212271 0.19945 0.244691 0.185326 0.204875 0.179111 0.172096 0.179667 0.163228 0.126207 0.150162 0.15614 0.153667 0.138892 0.109227 0.100599 0.0873012 0.11651 0.105019 0.098632
# nyrs_ind_age
 30
# nyrs_ind_length
 0
# yrs_ind_age_in
 1 2 3 4 5 6 7 8 9 10 11 12 13 14 15 16 17 18 19 20 21 22 23 24 25 26 27 28 29 30
# yrs_ind_length_in

# yrs_ind_age_in
 1 2 3 4 5 6 7 8 9 10 11 12 13 14 15 16 17 18 19 20 21 22 23 24 25 26 27 28 29 30
# n_sample_ind_length_in

# olc_ind_in

# oac_ind_in
 0.055 0.145 0.11 0.1 0.12 0.08 0.095 0.065 0.04 0.055 0.025 0.11
 0.07 0.125 0.165 0.135 0.115 0.095 0.06 0.035 0.045 0.045 0.025 0.085
 0.045 0.145 0.14 0.135 0.1 0.065 0.055 0.05 0.045 0.035 0.03 0.155
 0.045 0.115 0.21 0.14 0.07 0.065 0.05 0.075 0.06 0.045 0.02 0.105
 0.075 0.115 0.125 0.16 0.105 0.08 0.065 0.05 0.04 0.045 0.03 0.11
 0.075 0.2 0.115 0.1 0.12 0.06 0.065 0.045 0.045 0.03 0.035 0.11
 0.06 0.19 0.155 0.1 0.115 0.075 0.075 0.02 0.04 0.03 0.015 0.125
 0.05 0.135 0.21 0.225 0.065 0.065 0.055 0.04 0.02 0.03 0.02 0.085
 0.075 0.195 0.2 0.1 0.14 0.045 0.05 0.055 0.025 0.02 0.005 0.09
 0.135 0.14 0.17 0.085 0.11 0.105 0.045 0.05 0.03 0.045 0.015 0.07
 0.085 0.16 0.165 0.09 0.12 0.125 0.07 0.01 0.02 0.04 0.025 0.09
 0.08 0.19 0.17 0.135 0.14 0.085 0.08 0.05 0.005 0.005 0.015 0.045
 0.085 0.165 0.125 0.18 0.075 0.09 0.055 0.08 0.05 0.035 0.025 0.035
 0.115 0.19 0.14 0.145 0.125 0.07 0.05 0.025 0.03 0.025 0.02 0.065
 0.1 0.2 0.175 0.135 0.085 0.105 0.06 0.025 0.03 0.01 0.03 0.045
 0.07 0.14 0.25 0.145 0.105 0.09 0.065 0.035 0.06 0.01 0.015 0.015
 0.11 0.27 0.155 0.12 0.1 0.065 0.025 0.04 0.025 0.015 0.015 0.06
 0.09 0.2 0.215 0.165 0.09 0.085 0.03 0.025 0.025 0.015 0.015 0.045
 0.065 0.13 0.25 0.18 0.105 0.08 0.06 0.045 0.025 0.015 0.015 0.03
 0.065 0.255 0.17 0.175 0.145 0.075 0.045 0.025 0.02 0.015 0.005 0.005
 0.125 0.165 0.225 0.12 0.13 0.06 0.035 0.04 0.03 0.01 0.02 0.04
 0.11 0.265 0.155 0.105 0.09 0.095 0.05 0.04 0.03 0.01 0.015 0.035
 0.07 0.27 0.3 0.11 0.085 0.05 0.035 0.025 0.01 0.025 0.005 0.015
 0.085 0.26 0.23 0.155 0.085 0.08 0.035 0.035 0.01 0.01 0.01 0.005
 0.155 0.24 0.2 0.185 0.065 0.04 0.035 0.02 0.015 0.01 0.01 0.025
 0.08 0.315 0.225 0.135 0.115 0.05 0.02 0.015 0.005 0.005 0.015 0.02
 0.125 0.215 0.205 0.165 0.115 0.05 0.055 0.035 0.01 0.015 0.005 0.005
 0.165 0.275 0.215 0.115 0.08 0.04 0.055 0.015 0.015 0.005 0 0.02
 0.11 0.265 0.19 0.175 0.115 0.05 0.025 0.025 0.03 0.005 0.005 0.005
 0.095 0.3 0.26 0.125 0.085 0.06 0.025 0.025 0.005 0.01 0 0.01
# wt_ind
 1 1 1 1 1 1 1 1 1 1 1 1
 1 1 1 1 1 1 1 1 1 1 1 1
 1 1 1 1 1 1 1 1 1 1 1 1
 1 1 1 1 1 1 1 1 1 1 1 1
 1 1 1 1 1 1 1 1 1 1 1 1
 1 1 1 1 1 1 1 1 1 1 1 1
 1 1 1 1 1 1 1 1 1 1 1 1
 1 1 1 1 1 1 1 1 1 1 1 1
 1 1 1 1 1 1 1 1 1 1 1 1
 1 1 1 1 1 1 1 1 1 1 1 1
 1 1 1 1 1 1 1 1 1 1 1 1
 1 1 1 1 1 1 1 1 1 1 1 1
 1 1 1 1 1 1 1 1 1 1 1 1
 1 1 1 1 1 1 1 1 1 1 1 1
 1 1 1 1 1 1 1 1 1 1 1 1
 1 1 1 1 1 1 1 1 1 1 1 1
 1 1 1 1 1 1 1 1 1 1 1 1
 1 1 1 1 1 1 1 1 1 1 1 1
 1 1 1 1 1 1 1 1 1 1 1 1
 1 1 1 1 1 1 1 1 1 1 1 1
 1 1 1 1 1 1 1 1 1 1 1 1
 1 1 1 1 1 1 1 1 1 1 1 1
 1 1 1 1 1 1 1 1 1 1 1 1
 1 1 1 1 1 1 1 1 1 1 1 1
 1 1 1 1 1 1 1 1 1 1 1 1
 1 1 1 1 1 1 1 1 1 1 1 1
 1 1 1 1 1 1 1 1 1 1 1 1
 1 1 1 1 1 1 1 1 1 1 1 1
 1 1 1 1 1 1 1 1 1 1 1 1
 1 1 1 1 1 1 1 1 1 1 1 1
# wt_pop
 0.000530656 0.00119633 0.00205827 0.00303499 0.00405521 0.0050647 0.00602623 0.00691692 0.00772489 0.00844611 0.00908185 0.0096367
# maturity
 0.0229774 0.320821 0.904651 0.99478 0.999739 0.999987 0.999999 1 1 1 1 1
# spawnmo
1
# age_err
 1 0 0 0 0 0 0 0 0 0 0 0
 0 1 0 0 0 0 0 0 0 0 0 0
 0 0 1 0 0 0 0 0 0 0 0 0
 0 0 0 1 0 0 0 0 0 0 0 0
 0 0 0 0 1 0 0 0 0 0 0 0
 0 0 0 0 0 1 0 0 0 0 0 0
 0 0 0 0 0 0 1 0 0 0 0 0
 0 0 0 0 0 0 0 1 0 0 0 0
 0 0 0 0 0 0 0 0 1 0 0 0
 0 0 0 0 0 0 0 0 0 1 0 0
 0 0 0 0 0 0 0 0 0 0 1 0
 0 0 0 0 0 0 0 0 0 0 0 1
# cntrlfile_name
C:\Users\bai.li\Desktop\s1_test\AMAK\s56\amak.dat
# Map shared selectivity: 
# sel_map
 1 2
 1 1
# datafile_name
amak_data.dat
# model_name
OM_1
# SrType
2
# use_age_err
0
# retro
0
# sigmarprior
0.2
# cvsigmarprior
0.25
# phase_sigmar
-3
# styr_rec_est
1
# endyr_rec_est
30
# Linfprior
80
# cvLinfprior
0.25
# kprior
0.18
# cvkprior
0.25
# Loprior
27.688
# cvLoprior
0.25
# sdageprior
0.1
# cvsdageprior
0.25
# natmortprior
0.2
# cvnatmortprior
0.25
# phase_M
-4
# npars_Mage
0
# ages_M_changes

# Mage_in

# phase_Mage
-5
# phase_rw_M
0
# npars_rw_M
0
# yrs_rw_M

# sigma_rw_M

# qprior
 3.48998e-007
# cvqprior
 1
# phase_q
 1
# q_power_prior
 1
# cvq_power_prior
 0.2
# phase_q_power
 -4
# phase_rw_q
 -1
# npars_rw_q
 0
# yrs_rw_q

# sigma_rw_q

# q_age_min
 1
# q_age_max
 12
# q_age_min
 1
# q_age_max
 12
# fsh_sel_opt(k)
2
# phase_sel_fsh(k)
-2
# n_sel_ch_fsh(k)
1
# sel_slp_in_fsh(k)(1,n_sel_ch_fsh(k))
 1
# sel_inf_in_fsh(k)(1,n_sel_ch_fsh(k))
 2
# logsel_slp_in_fsh(k)(1,n_sel_ch_fsh(k))
 0
# yrs_sel_ch_fsh(k)(1,n_sel_ch_fsh(k))
 1

Survey survey_index1
# ind_sel_opt(k)
2
# indname(k)
survey_index1
# nselages_in_ind(k)
11
# phase_sel_ind(k)
-2
# sel_change_in_ind(k)
 1 0 0 0 0 0 0 0 0 0 0 0 0 0 0 0 0 0 0 0 0 0 0 0 0 0 0 0 0 0
# n_sel_ch_ind(k)
1
# yrs_sel_ch_ind(k)(1,n_sel_ch_ind(k))
 1
# sel_slp_in_ind(k,1)
2
# sel_inf_in_ind(k,1)
1.5
# logsel_slp_in_ind(k,1)
0.693147
# logsel_slp_in_indv(k)
0.693147
survey_index1 ind sel opt 2  1 0 0 0 0 0 0 0 0 0 0 0 0 0 0 0 0 0 0 0 0 0 0 0 0 0 0 0 0 0
Phase indices Sel_Coffs:  -1
 Test: 1.23457e+008
# Fshry Selages:  11
# Srvy  Selages:  11
# Phase for age-spec fishery  -1
# Phase for logistic fishery  -2
# Phase for dble logistic fishery  -1
# Phase for age-spec indices   -1
# Phase for logistic indices   -2
# Phase for dble logistic ind  -1
# Curv_pen_fsh: 
 0
# Curv_pen_ind: 
 0
# styr_fut
31
# endyr_fut
35
# nyrs_fsh_age
 30
# nyrs_fsh_age
 30
# yrs_fsh_age
 1 2 3 4 5 6 7 8 9 10 11 12 13 14 15 16 17 18 19 20 21 22 23 24 25 26 27 28 29 30
# n_sample_fsh_age
 200 200 200 200 200 200 200 200 200 200 200 200 200 200 200 200 200 200 200 200 200 200 200 200 200 200 200 200 200 200
# oac_fsh
 0.065 0.105 0.11 0.135 0.06 0.1 0.105 0.065 0.03 0.035 0.03 0.16
 0.08 0.115 0.09 0.105 0.09 0.12 0.085 0.04 0.05 0.05 0.045 0.13
 0.06 0.15 0.15 0.11 0.115 0.07 0.035 0.04 0.04 0.035 0.015 0.18
 0.07 0.105 0.14 0.165 0.105 0.11 0.065 0.04 0.04 0.025 0.02 0.115
 0.12 0.08 0.165 0.15 0.1 0.055 0.035 0.02 0.08 0.02 0.03 0.145
 0.09 0.12 0.095 0.13 0.1 0.065 0.08 0.035 0.05 0.07 0.04 0.125
 0.08 0.115 0.17 0.105 0.125 0.07 0.075 0.05 0.04 0.02 0.015 0.135
 0.075 0.125 0.175 0.19 0.055 0.045 0.07 0.05 0.035 0.045 0.025 0.11
 0.12 0.095 0.125 0.145 0.13 0.055 0.09 0.07 0.015 0.02 0.03 0.105
 0.1 0.135 0.125 0.13 0.12 0.105 0.035 0.055 0.065 0.015 0.035 0.08
 0.045 0.155 0.13 0.22 0.09 0.105 0.08 0.035 0.03 0.035 0.01 0.065
 0.07 0.135 0.15 0.12 0.135 0.1 0.105 0.045 0.03 0.005 0.01 0.095
 0.08 0.125 0.135 0.2 0.115 0.09 0.085 0.02 0.04 0.01 0.015 0.085
 0.1 0.12 0.135 0.125 0.13 0.075 0.105 0.045 0.045 0.02 0.01 0.09
 0.06 0.195 0.18 0.14 0.07 0.085 0.065 0.06 0.02 0.04 0.025 0.06
 0.08 0.17 0.205 0.12 0.09 0.05 0.075 0.045 0.035 0.02 0.015 0.095
 0.105 0.175 0.21 0.155 0.075 0.055 0.065 0.025 0.035 0.04 0.015 0.045
 0.105 0.21 0.185 0.135 0.135 0.055 0.055 0.035 0.01 0.015 0.015 0.045
 0.125 0.145 0.225 0.17 0.06 0.07 0.08 0.03 0.04 0.005 0.005 0.045
 0.075 0.165 0.19 0.2 0.125 0.08 0.045 0.03 0.02 0.025 0.01 0.035
 0.18 0.15 0.15 0.12 0.15 0.1 0.035 0.025 0.03 0.02 0.01 0.03
 0.125 0.225 0.125 0.115 0.105 0.12 0.095 0.035 0.02 0.015 0 0.02
 0.08 0.255 0.205 0.155 0.12 0.04 0.035 0.025 0.03 0.03 0.005 0.02
 0.16 0.18 0.21 0.21 0.12 0.07 0.01 0.01 0.01 0 0.005 0.015
 0.22 0.17 0.155 0.215 0.1 0.055 0.035 0.015 0.01 0.005 0.005 0.015
 0.115 0.285 0.13 0.18 0.1 0.085 0.035 0.03 0.025 0.005 0 0.01
 0.155 0.145 0.265 0.155 0.125 0.075 0.035 0.01 0.015 0.01 0 0.01
 0.145 0.205 0.14 0.23 0.115 0.045 0.06 0.03 0.005 0.01 0 0.015
 0.265 0.205 0.15 0.11 0.1 0.05 0.05 0.025 0.02 0.02 0.005 0
 0.095 0.275 0.255 0.13 0.105 0.055 0.02 0.03 0.01 0.015 0.005 0.005
# olc_fsh

# wt_fsh
 0.000530656 0.00119633 0.00205827 0.00303499 0.00405521 0.0050647 0.00602623 0.00691692 0.00772489 0.00844611 0.00908185 0.0096367
 0.000530656 0.00119633 0.00205827 0.00303499 0.00405521 0.0050647 0.00602623 0.00691692 0.00772489 0.00844611 0.00908185 0.0096367
 0.000530656 0.00119633 0.00205827 0.00303499 0.00405521 0.0050647 0.00602623 0.00691692 0.00772489 0.00844611 0.00908185 0.0096367
 0.000530656 0.00119633 0.00205827 0.00303499 0.00405521 0.0050647 0.00602623 0.00691692 0.00772489 0.00844611 0.00908185 0.0096367
 0.000530656 0.00119633 0.00205827 0.00303499 0.00405521 0.0050647 0.00602623 0.00691692 0.00772489 0.00844611 0.00908185 0.0096367
 0.000530656 0.00119633 0.00205827 0.00303499 0.00405521 0.0050647 0.00602623 0.00691692 0.00772489 0.00844611 0.00908185 0.0096367
 0.000530656 0.00119633 0.00205827 0.00303499 0.00405521 0.0050647 0.00602623 0.00691692 0.00772489 0.00844611 0.00908185 0.0096367
 0.000530656 0.00119633 0.00205827 0.00303499 0.00405521 0.0050647 0.00602623 0.00691692 0.00772489 0.00844611 0.00908185 0.0096367
 0.000530656 0.00119633 0.00205827 0.00303499 0.00405521 0.0050647 0.00602623 0.00691692 0.00772489 0.00844611 0.00908185 0.0096367
 0.000530656 0.00119633 0.00205827 0.00303499 0.00405521 0.0050647 0.00602623 0.00691692 0.00772489 0.00844611 0.00908185 0.0096367
 0.000530656 0.00119633 0.00205827 0.00303499 0.00405521 0.0050647 0.00602623 0.00691692 0.00772489 0.00844611 0.00908185 0.0096367
 0.000530656 0.00119633 0.00205827 0.00303499 0.00405521 0.0050647 0.00602623 0.00691692 0.00772489 0.00844611 0.00908185 0.0096367
 0.000530656 0.00119633 0.00205827 0.00303499 0.00405521 0.0050647 0.00602623 0.00691692 0.00772489 0.00844611 0.00908185 0.0096367
 0.000530656 0.00119633 0.00205827 0.00303499 0.00405521 0.0050647 0.00602623 0.00691692 0.00772489 0.00844611 0.00908185 0.0096367
 0.000530656 0.00119633 0.00205827 0.00303499 0.00405521 0.0050647 0.00602623 0.00691692 0.00772489 0.00844611 0.00908185 0.0096367
 0.000530656 0.00119633 0.00205827 0.00303499 0.00405521 0.0050647 0.00602623 0.00691692 0.00772489 0.00844611 0.00908185 0.0096367
 0.000530656 0.00119633 0.00205827 0.00303499 0.00405521 0.0050647 0.00602623 0.00691692 0.00772489 0.00844611 0.00908185 0.0096367
 0.000530656 0.00119633 0.00205827 0.00303499 0.00405521 0.0050647 0.00602623 0.00691692 0.00772489 0.00844611 0.00908185 0.0096367
 0.000530656 0.00119633 0.00205827 0.00303499 0.00405521 0.0050647 0.00602623 0.00691692 0.00772489 0.00844611 0.00908185 0.0096367
 0.000530656 0.00119633 0.00205827 0.00303499 0.00405521 0.0050647 0.00602623 0.00691692 0.00772489 0.00844611 0.00908185 0.0096367
 0.000530656 0.00119633 0.00205827 0.00303499 0.00405521 0.0050647 0.00602623 0.00691692 0.00772489 0.00844611 0.00908185 0.0096367
 0.000530656 0.00119633 0.00205827 0.00303499 0.00405521 0.0050647 0.00602623 0.00691692 0.00772489 0.00844611 0.00908185 0.0096367
 0.000530656 0.00119633 0.00205827 0.00303499 0.00405521 0.0050647 0.00602623 0.00691692 0.00772489 0.00844611 0.00908185 0.0096367
 0.000530656 0.00119633 0.00205827 0.00303499 0.00405521 0.0050647 0.00602623 0.00691692 0.00772489 0.00844611 0.00908185 0.0096367
 0.000530656 0.00119633 0.00205827 0.00303499 0.00405521 0.0050647 0.00602623 0.00691692 0.00772489 0.00844611 0.00908185 0.0096367
 0.000530656 0.00119633 0.00205827 0.00303499 0.00405521 0.0050647 0.00602623 0.00691692 0.00772489 0.00844611 0.00908185 0.0096367
 0.000530656 0.00119633 0.00205827 0.00303499 0.00405521 0.0050647 0.00602623 0.00691692 0.00772489 0.00844611 0.00908185 0.0096367
 0.000530656 0.00119633 0.00205827 0.00303499 0.00405521 0.0050647 0.00602623 0.00691692 0.00772489 0.00844611 0.00908185 0.0096367
 0.000530656 0.00119633 0.00205827 0.00303499 0.00405521 0.0050647 0.00602623 0.00691692 0.00772489 0.00844611 0.00908185 0.0096367
 0.000530656 0.00119633 0.00205827 0.00303499 0.00405521 0.0050647 0.00602623 0.00691692 0.00772489 0.00844611 0.00908185 0.0096367
# nyrs_ind_age
 30
# yrs_ind_age
 1 2 3 4 5 6 7 8 9 10 11 12 13 14 15 16 17 18 19 20 21 22 23 24 25 26 27 28 29 30
# n_sample_ind_age
 200 200 200 200 200 200 200 200 200 200 200 200 200 200 200 200 200 200 200 200 200 200 200 200 200 200 200 200 200 200
# oac_ind
 0.055 0.145 0.11 0.1 0.12 0.08 0.095 0.065 0.04 0.055 0.025 0.11
 0.07 0.125 0.165 0.135 0.115 0.095 0.06 0.035 0.045 0.045 0.025 0.085
 0.045 0.145 0.14 0.135 0.1 0.065 0.055 0.05 0.045 0.035 0.03 0.155
 0.045 0.115 0.21 0.14 0.07 0.065 0.05 0.075 0.06 0.045 0.02 0.105
 0.075 0.115 0.125 0.16 0.105 0.08 0.065 0.05 0.04 0.045 0.03 0.11
 0.075 0.2 0.115 0.1 0.12 0.06 0.065 0.045 0.045 0.03 0.035 0.11
 0.06 0.19 0.155 0.1 0.115 0.075 0.075 0.02 0.04 0.03 0.015 0.125
 0.05 0.135 0.21 0.225 0.065 0.065 0.055 0.04 0.02 0.03 0.02 0.085
 0.075 0.195 0.2 0.1 0.14 0.045 0.05 0.055 0.025 0.02 0.005 0.09
 0.135 0.14 0.17 0.085 0.11 0.105 0.045 0.05 0.03 0.045 0.015 0.07
 0.085 0.16 0.165 0.09 0.12 0.125 0.07 0.01 0.02 0.04 0.025 0.09
 0.08 0.19 0.17 0.135 0.14 0.085 0.08 0.05 0.005 0.005 0.015 0.045
 0.085 0.165 0.125 0.18 0.075 0.09 0.055 0.08 0.05 0.035 0.025 0.035
 0.115 0.19 0.14 0.145 0.125 0.07 0.05 0.025 0.03 0.025 0.02 0.065
 0.1 0.2 0.175 0.135 0.085 0.105 0.06 0.025 0.03 0.01 0.03 0.045
 0.07 0.14 0.25 0.145 0.105 0.09 0.065 0.035 0.06 0.01 0.015 0.015
 0.11 0.27 0.155 0.12 0.1 0.065 0.025 0.04 0.025 0.015 0.015 0.06
 0.09 0.2 0.215 0.165 0.09 0.085 0.03 0.025 0.025 0.015 0.015 0.045
 0.065 0.13 0.25 0.18 0.105 0.08 0.06 0.045 0.025 0.015 0.015 0.03
 0.065 0.255 0.17 0.175 0.145 0.075 0.045 0.025 0.02 0.015 0.005 0.005
 0.125 0.165 0.225 0.12 0.13 0.06 0.035 0.04 0.03 0.01 0.02 0.04
 0.11 0.265 0.155 0.105 0.09 0.095 0.05 0.04 0.03 0.01 0.015 0.035
 0.07 0.27 0.3 0.11 0.085 0.05 0.035 0.025 0.01 0.025 0.005 0.015
 0.085 0.26 0.23 0.155 0.085 0.08 0.035 0.035 0.01 0.01 0.01 0.005
 0.155 0.24 0.2 0.185 0.065 0.04 0.035 0.02 0.015 0.01 0.01 0.025
 0.08 0.315 0.225 0.135 0.115 0.05 0.02 0.015 0.005 0.005 0.015 0.02
 0.125 0.215 0.205 0.165 0.115 0.05 0.055 0.035 0.01 0.015 0.005 0.005
 0.165 0.275 0.215 0.115 0.08 0.04 0.055 0.015 0.015 0.005 0 0.02
 0.11 0.265 0.19 0.175 0.115 0.05 0.025 0.025 0.03 0.005 0.005 0.005
 0.095 0.3 0.26 0.125 0.085 0.06 0.025 0.025 0.005 0.01 0 0.01
# olc_ind

# obs_lse_ind
 0.198042 0.198042 0.198042 0.198042 0.198042 0.198042 0.198042 0.198042 0.198042 0.198042 0.198042 0.198042 0.198042 0.198042 0.198042 0.198042 0.198042 0.198042 0.198042 0.198042 0.198042 0.198042 0.198042 0.198042 0.198042 0.198042 0.198042 0.198042 0.198042 0.198042
# xages_fsh
 0 0 0 0 0 0 0 0 0 0 0 0
# xages_fsh
 0 0.0909091 0.181818 0.272727 0.363636 0.454545 0.545455 0.636364 0.727273 0.818182 0.909091 1
# xnodes_fsh

Yrs fsh_sel change:  1 0 0 0 0 0 0 0 0 0 0 0 0 0 0 0 0 0 0 0 0 0 0 0 0 0 0 0 0
Yrs ind_sel change:  1 0 0 0 0 0 0 0 0 0 0 0 0 0 0 0 0 0 0 0 0 0 0 0 0 0 0 0 0
# steepnessprior
0.75
# sigmarprior
0.2
#  SSB estimated in styr endyr: -12 28 
#  Rec estimated in styr endyr: -10 30 
#  SR Curve fit  in styr endyr: 1 30 
#             Model styr endyr: 1 30 
# qprior
 3.48998e-007
# q_power_prior 
 1 
# cv_catchbiomass 
0.05 
# CatchbiomassPen 
200 
# Number of projection years 
5 
# offset_fsh
 13346.4
# offset_ind
 13166.6
Mean Catch
1276.52
R_guess 
13.8155
# nfsh
1
# n_sel_ch_fsh
 1
# nselages_fsh
 11
# phase_selcoff_fsh
 -1
logRzero 13.8155
logmeanrec 13.8155
exp(log_sigmarprior 0.2
Fish sel phase: -1 OM1
Fixing fishery sel to
1
Fixing fishery sel to
1
Srvy sel phase: -1
Fixing survey_index1 indices sel to
1
Fixing index sel to
1
# logsel_slp_in_indv
 0.693147
Leaving parameter init secton
# M
 0.2 0.2 0.2 0.2 0.2 0.2 0.2 0.2 0.2 0.2 0.2 0.2
 0.2 0.2 0.2 0.2 0.2 0.2 0.2 0.2 0.2 0.2 0.2 0.2
 0.2 0.2 0.2 0.2 0.2 0.2 0.2 0.2 0.2 0.2 0.2 0.2
 0.2 0.2 0.2 0.2 0.2 0.2 0.2 0.2 0.2 0.2 0.2 0.2
 0.2 0.2 0.2 0.2 0.2 0.2 0.2 0.2 0.2 0.2 0.2 0.2
 0.2 0.2 0.2 0.2 0.2 0.2 0.2 0.2 0.2 0.2 0.2 0.2
 0.2 0.2 0.2 0.2 0.2 0.2 0.2 0.2 0.2 0.2 0.2 0.2
 0.2 0.2 0.2 0.2 0.2 0.2 0.2 0.2 0.2 0.2 0.2 0.2
 0.2 0.2 0.2 0.2 0.2 0.2 0.2 0.2 0.2 0.2 0.2 0.2
 0.2 0.2 0.2 0.2 0.2 0.2 0.2 0.2 0.2 0.2 0.2 0.2
 0.2 0.2 0.2 0.2 0.2 0.2 0.2 0.2 0.2 0.2 0.2 0.2
 0.2 0.2 0.2 0.2 0.2 0.2 0.2 0.2 0.2 0.2 0.2 0.2
 0.2 0.2 0.2 0.2 0.2 0.2 0.2 0.2 0.2 0.2 0.2 0.2
 0.2 0.2 0.2 0.2 0.2 0.2 0.2 0.2 0.2 0.2 0.2 0.2
 0.2 0.2 0.2 0.2 0.2 0.2 0.2 0.2 0.2 0.2 0.2 0.2
 0.2 0.2 0.2 0.2 0.2 0.2 0.2 0.2 0.2 0.2 0.2 0.2
 0.2 0.2 0.2 0.2 0.2 0.2 0.2 0.2 0.2 0.2 0.2 0.2
 0.2 0.2 0.2 0.2 0.2 0.2 0.2 0.2 0.2 0.2 0.2 0.2
 0.2 0.2 0.2 0.2 0.2 0.2 0.2 0.2 0.2 0.2 0.2 0.2
 0.2 0.2 0.2 0.2 0.2 0.2 0.2 0.2 0.2 0.2 0.2 0.2
 0.2 0.2 0.2 0.2 0.2 0.2 0.2 0.2 0.2 0.2 0.2 0.2
 0.2 0.2 0.2 0.2 0.2 0.2 0.2 0.2 0.2 0.2 0.2 0.2
 0.2 0.2 0.2 0.2 0.2 0.2 0.2 0.2 0.2 0.2 0.2 0.2
 0.2 0.2 0.2 0.2 0.2 0.2 0.2 0.2 0.2 0.2 0.2 0.2
 0.2 0.2 0.2 0.2 0.2 0.2 0.2 0.2 0.2 0.2 0.2 0.2
 0.2 0.2 0.2 0.2 0.2 0.2 0.2 0.2 0.2 0.2 0.2 0.2
 0.2 0.2 0.2 0.2 0.2 0.2 0.2 0.2 0.2 0.2 0.2 0.2
 0.2 0.2 0.2 0.2 0.2 0.2 0.2 0.2 0.2 0.2 0.2 0.2
 0.2 0.2 0.2 0.2 0.2 0.2 0.2 0.2 0.2 0.2 0.2 0.2
 0.2 0.2 0.2 0.2 0.2 0.2 0.2 0.2 0.2 0.2 0.2 0.2
# mean_log_rec
13.7395
# log_Rzero
13.8064
# rec_dev
 -0.0754292 -0.0763369 0.10573 -0.0639059 0.00837584 0.0506448 0.0575078 0.0544089 -0.0482584 -0.00616811 0.0025928 0.0881696 0.243413 0.0544427 -0.179206 0.386882 0.303973 0.0985667 0.188706 0.0283168 0.164618 -0.0750504 -0.0983463 -0.01808 0.134841 -0.0424196 0.11495 0.128418 -0.261298 -0.156132 -0.330861 0.03254 -0.0215258 -0.244499 -0.3046 -0.0717109 -0.410522 -0.313995 -0.141642 -0.0295291 -0.485062
# fmort
 0.00935841 0.0275713 0.0457038 0.0627738 0.0499877 0.0903954 0.0912507 0.192833 0.11159 0.137171 0.155457 0.167618 0.121612 0.177537 0.189613 0.16917 0.326435 0.266446 0.262236 0.2565 0.356428 0.257361 0.426258 0.353951 0.347635 0.312457 0.302232 0.414604 0.307677 0.468763
# rec_dev_future
 0 0 0 0 0
