AMAK;August_2013
# styr
1
# endyr
30
# rec_age
1
# oldest_age
12
# nlength
81
# len_bins
 10 11 12 13 14 15 16 17 18 19 20 21 22 23 24 25 26 27 28 29 30 31 32 33 34 35 36 37 38 39 40 41 42 43 44 45 46 47 48 49 50 51 52 53 54 55 56 57 58 59 60 61 62 63 64 65 66 67 68 69 70 71 72 73 74 75 76 77 78 79 80 81 82 83 84 85 86 87 88 89 90
# datafile_name
amak_data.dat
# model_name
OM_1
# styr
1
# endyr
30
# rec_age
1
# oldest_age
12
# nfsh
1
# fshname
OM1
# catch_bio_in
 160.94 468.086 763.381 990.848 764.136 1324.68 1277.74 2503.51 1320.62 1525.17 1608.93 1612.93 1105.45 1532.68 1507.47 1278.64 2248.26 1616.8 1453.74 1314.74 1610.94 1087.59 1635.81 1206.8 1109.09 972.026 916.179 1209.15 869.554 1271.29
# catch_bio_sd_in
 0.01 0.01 0.01 0.01 0.01 0.01 0.01 0.01 0.01 0.01 0.01 0.01 0.01 0.01 0.01 0.01 0.01 0.01 0.01 0.01 0.01 0.01 0.01 0.01 0.01 0.01 0.01 0.01 0.01 0.01
# nyrs_fsh_age
 30
# nyrs_fsh_length
 0
# yrs_fsh_age_in
 1 2 3 4 5 6 7 8 9 10 11 12 13 14 15 16 17 18 19 20 21 22 23 24 25 26 27 28 29 30
# yrs_fsh_length_in

# n_sample_fsh_length_in

# olc_fsh_in

# nind
1
# indname
survey_index1
# nyrs_ind
 30
# yrs_ind_in
 1 2 3 4 5 6 7 8 9 10 11 12 13 14 15 16 17 18 19 20 21 22 23 24 25 26 27 28 29 30
# mo_ind
 1
# obs_ind_in
 1.60883 1.46147 1.5334 1.55962 1.2935 1.60137 1.46186 1.47133 1.24313 1.35197 1.30688 1.25602 0.977599 1.01789 1.01255 0.852964 0.946445 0.943145 0.749858 0.732885 0.684813 0.626377 0.660375 0.662507 0.717024 0.580476 0.533617 0.432025 0.470128 0.579019
# obs_se_ind_in
 0.321767 0.292293 0.306681 0.311924 0.2587 0.320273 0.292373 0.294265 0.248626 0.270393 0.261376 0.251203 0.19552 0.203579 0.202509 0.170593 0.189289 0.188629 0.149972 0.146577 0.136963 0.125275 0.132075 0.132501 0.143405 0.116095 0.106723 0.086405 0.0940257 0.115804
# nyrs_ind_age
 30
# nyrs_ind_length
 0
# yrs_ind_age_in
 1 2 3 4 5 6 7 8 9 10 11 12 13 14 15 16 17 18 19 20 21 22 23 24 25 26 27 28 29 30
# yrs_ind_length_in

# yrs_ind_age_in
 1 2 3 4 5 6 7 8 9 10 11 12 13 14 15 16 17 18 19 20 21 22 23 24 25 26 27 28 29 30
# n_sample_ind_length_in

# olc_ind_in

# oac_ind_in
 0.065 0.12 0.115 0.15 0.045 0.115 0.075 0.06 0.045 0.03 0.025 0.155
 0.12 0.11 0.14 0.12 0.135 0.065 0.055 0.04 0.05 0.025 0.03 0.11
 0.08 0.185 0.165 0.115 0.085 0.055 0.03 0.07 0.04 0.04 0.035 0.1
 0.055 0.12 0.13 0.105 0.11 0.105 0.085 0.06 0.03 0.04 0.03 0.13
 0.085 0.11 0.16 0.19 0.085 0.055 0.045 0.05 0.055 0.045 0.035 0.085
 0.075 0.195 0.125 0.11 0.105 0.055 0.09 0.06 0.035 0.035 0.005 0.11
 0.015 0.16 0.22 0.12 0.07 0.105 0.08 0.045 0.04 0.025 0.01 0.11
 0.07 0.155 0.24 0.185 0.065 0.075 0.04 0.035 0.045 0.015 0.015 0.06
 0.07 0.205 0.13 0.16 0.11 0.08 0.03 0.04 0.03 0.02 0.02 0.105
 0.1 0.16 0.145 0.135 0.18 0.06 0.02 0.015 0.045 0.025 0.02 0.095
 0.075 0.21 0.195 0.15 0.085 0.085 0.055 0.015 0.05 0.015 0.015 0.05
 0.085 0.195 0.15 0.14 0.105 0.075 0.065 0.05 0.035 0.01 0.02 0.07
 0.06 0.115 0.245 0.15 0.07 0.1 0.055 0.05 0.04 0.03 0.025 0.06
 0.065 0.19 0.165 0.16 0.1 0.08 0.05 0.04 0.025 0.06 0.01 0.055
 0.08 0.215 0.2 0.135 0.12 0.095 0.025 0.04 0.02 0.03 0.01 0.03
 0.11 0.16 0.18 0.125 0.1 0.095 0.08 0.045 0.025 0.01 0.02 0.05
 0.075 0.215 0.165 0.13 0.11 0.05 0.08 0.07 0.03 0.03 0.015 0.03
 0.1 0.225 0.235 0.135 0.085 0.04 0.015 0.055 0.015 0.015 0.01 0.07
 0.08 0.15 0.22 0.22 0.105 0.045 0.04 0.03 0.04 0.045 0 0.025
 0.105 0.21 0.16 0.215 0.13 0.06 0.05 0.015 0.015 0.015 0.01 0.015
 0.14 0.205 0.225 0.11 0.11 0.07 0.02 0.025 0.02 0.03 0.005 0.04
 0.16 0.255 0.145 0.135 0.05 0.08 0.065 0.03 0.035 0.01 0.02 0.015
 0.065 0.255 0.32 0.09 0.075 0.075 0.035 0.03 0.03 0.005 0.005 0.015
 0.085 0.17 0.295 0.185 0.1 0.045 0.02 0.04 0.02 0.02 0.015 0.005
 0.15 0.155 0.265 0.21 0.115 0.035 0.03 0.01 0.005 0.01 0 0.015
 0.115 0.295 0.125 0.19 0.085 0.09 0.025 0.035 0.01 0.01 0.005 0.015
 0.135 0.27 0.24 0.105 0.105 0.08 0.025 0.01 0.01 0 0.005 0.015
 0.14 0.25 0.185 0.215 0.065 0.055 0.035 0.03 0.005 0.005 0 0.015
 0.165 0.32 0.165 0.155 0.105 0.05 0.03 0.01 0 0 0 0
 0.12 0.245 0.275 0.145 0.065 0.075 0.02 0.02 0.02 0.005 0.005 0.005
# wt_ind
 1 1 1 1 1 1 1 1 1 1 1 1
 1 1 1 1 1 1 1 1 1 1 1 1
 1 1 1 1 1 1 1 1 1 1 1 1
 1 1 1 1 1 1 1 1 1 1 1 1
 1 1 1 1 1 1 1 1 1 1 1 1
 1 1 1 1 1 1 1 1 1 1 1 1
 1 1 1 1 1 1 1 1 1 1 1 1
 1 1 1 1 1 1 1 1 1 1 1 1
 1 1 1 1 1 1 1 1 1 1 1 1
 1 1 1 1 1 1 1 1 1 1 1 1
 1 1 1 1 1 1 1 1 1 1 1 1
 1 1 1 1 1 1 1 1 1 1 1 1
 1 1 1 1 1 1 1 1 1 1 1 1
 1 1 1 1 1 1 1 1 1 1 1 1
 1 1 1 1 1 1 1 1 1 1 1 1
 1 1 1 1 1 1 1 1 1 1 1 1
 1 1 1 1 1 1 1 1 1 1 1 1
 1 1 1 1 1 1 1 1 1 1 1 1
 1 1 1 1 1 1 1 1 1 1 1 1
 1 1 1 1 1 1 1 1 1 1 1 1
 1 1 1 1 1 1 1 1 1 1 1 1
 1 1 1 1 1 1 1 1 1 1 1 1
 1 1 1 1 1 1 1 1 1 1 1 1
 1 1 1 1 1 1 1 1 1 1 1 1
 1 1 1 1 1 1 1 1 1 1 1 1
 1 1 1 1 1 1 1 1 1 1 1 1
 1 1 1 1 1 1 1 1 1 1 1 1
 1 1 1 1 1 1 1 1 1 1 1 1
 1 1 1 1 1 1 1 1 1 1 1 1
 1 1 1 1 1 1 1 1 1 1 1 1
# wt_pop
 0.000530656 0.00119633 0.00205827 0.00303499 0.00405521 0.0050647 0.00602623 0.00691692 0.00772489 0.00844611 0.00908185 0.0096367
# maturity
 0.0229774 0.320821 0.904651 0.99478 0.999739 0.999987 0.999999 1 1 1 1 1
# spawnmo
1
# age_err
 1 0 0 0 0 0 0 0 0 0 0 0
 0 1 0 0 0 0 0 0 0 0 0 0
 0 0 1 0 0 0 0 0 0 0 0 0
 0 0 0 1 0 0 0 0 0 0 0 0
 0 0 0 0 1 0 0 0 0 0 0 0
 0 0 0 0 0 1 0 0 0 0 0 0
 0 0 0 0 0 0 1 0 0 0 0 0
 0 0 0 0 0 0 0 1 0 0 0 0
 0 0 0 0 0 0 0 0 1 0 0 0
 0 0 0 0 0 0 0 0 0 1 0 0
 0 0 0 0 0 0 0 0 0 0 1 0
 0 0 0 0 0 0 0 0 0 0 0 1
# cntrlfile_name
C:\Users\bai.li\Desktop\s1_test\AMAK\s15\amak.dat
# Map shared selectivity: 
# sel_map
 1 2
 1 1
# datafile_name
amak_data.dat
# model_name
OM_1
# SrType
2
# use_age_err
0
# retro
0
# sigmarprior
0.2
# cvsigmarprior
0.25
# phase_sigmar
-3
# styr_rec_est
1
# endyr_rec_est
30
# Linfprior
80
# cvLinfprior
0.25
# kprior
0.18
# cvkprior
0.25
# Loprior
27.688
# cvLoprior
0.25
# sdageprior
0.1
# cvsdageprior
0.25
# natmortprior
0.2
# cvnatmortprior
0.25
# phase_M
-4
# npars_Mage
0
# ages_M_changes

# Mage_in

# phase_Mage
-5
# phase_rw_M
0
# npars_rw_M
0
# yrs_rw_M

# sigma_rw_M

# qprior
 3.48998e-007
# cvqprior
 1
# phase_q
 1
# q_power_prior
 1
# cvq_power_prior
 0.2
# phase_q_power
 -4
# phase_rw_q
 -1
# npars_rw_q
 0
# yrs_rw_q

# sigma_rw_q

# q_age_min
 1
# q_age_max
 12
# q_age_min
 1
# q_age_max
 12
# fsh_sel_opt(k)
2
# phase_sel_fsh(k)
-2
# n_sel_ch_fsh(k)
1
# sel_slp_in_fsh(k)(1,n_sel_ch_fsh(k))
 1
# sel_inf_in_fsh(k)(1,n_sel_ch_fsh(k))
 2
# logsel_slp_in_fsh(k)(1,n_sel_ch_fsh(k))
 0
# yrs_sel_ch_fsh(k)(1,n_sel_ch_fsh(k))
 1

Survey survey_index1
# ind_sel_opt(k)
2
# indname(k)
survey_index1
# nselages_in_ind(k)
11
# phase_sel_ind(k)
-2
# sel_change_in_ind(k)
 1 0 0 0 0 0 0 0 0 0 0 0 0 0 0 0 0 0 0 0 0 0 0 0 0 0 0 0 0 0
# n_sel_ch_ind(k)
1
# yrs_sel_ch_ind(k)(1,n_sel_ch_ind(k))
 1
# sel_slp_in_ind(k,1)
2
# sel_inf_in_ind(k,1)
1.5
# logsel_slp_in_ind(k,1)
0.693147
# logsel_slp_in_indv(k)
0.693147
survey_index1 ind sel opt 2  1 0 0 0 0 0 0 0 0 0 0 0 0 0 0 0 0 0 0 0 0 0 0 0 0 0 0 0 0 0
Phase indices Sel_Coffs:  -1
 Test: 1.23457e+008
# Fshry Selages:  11
# Srvy  Selages:  11
# Phase for age-spec fishery  -1
# Phase for logistic fishery  -2
# Phase for dble logistic fishery  -1
# Phase for age-spec indices   -1
# Phase for logistic indices   -2
# Phase for dble logistic ind  -1
# Curv_pen_fsh: 
 0
# Curv_pen_ind: 
 0
# styr_fut
31
# endyr_fut
35
# nyrs_fsh_age
 30
# nyrs_fsh_age
 30
# yrs_fsh_age
 1 2 3 4 5 6 7 8 9 10 11 12 13 14 15 16 17 18 19 20 21 22 23 24 25 26 27 28 29 30
# n_sample_fsh_age
 200 200 200 200 200 200 200 200 200 200 200 200 200 200 200 200 200 200 200 200 200 200 200 200 200 200 200 200 200 200
# oac_fsh
 0.07 0.065 0.09 0.115 0.11 0.075 0.085 0.09 0.065 0.04 0.03 0.165
 0.105 0.135 0.105 0.13 0.12 0.06 0.06 0.06 0.045 0.025 0.04 0.115
 0.04 0.15 0.11 0.09 0.095 0.09 0.08 0.065 0.04 0.025 0.035 0.18
 0.075 0.115 0.13 0.14 0.12 0.08 0.07 0.03 0.06 0.02 0.015 0.145
 0.065 0.09 0.125 0.16 0.09 0.08 0.055 0.065 0.035 0.055 0.02 0.16
 0.08 0.155 0.135 0.11 0.1 0.06 0.055 0.05 0.055 0.025 0.015 0.16
 0.11 0.125 0.15 0.065 0.105 0.1 0.115 0.045 0.05 0.045 0.015 0.075
 0.09 0.115 0.17 0.17 0.08 0.085 0.095 0.045 0.025 0.02 0.03 0.075
 0.095 0.135 0.11 0.185 0.1 0.08 0.08 0.055 0.035 0.03 0.025 0.07
 0.1 0.145 0.105 0.115 0.16 0.09 0.06 0.03 0.05 0.04 0.015 0.09
 0.115 0.145 0.145 0.125 0.08 0.105 0.095 0.045 0.03 0.025 0.005 0.085
 0.08 0.145 0.145 0.115 0.15 0.1 0.08 0.05 0.04 0.005 0.025 0.065
 0.095 0.135 0.15 0.185 0.11 0.08 0.045 0.05 0.03 0.025 0.025 0.07
 0.085 0.16 0.14 0.125 0.11 0.065 0.13 0.06 0.01 0.03 0.03 0.055
 0.095 0.16 0.19 0.145 0.08 0.095 0.04 0.05 0.02 0.025 0.02 0.08
 0.115 0.185 0.21 0.09 0.13 0.055 0.055 0.04 0.025 0.015 0.04 0.04
 0.09 0.205 0.19 0.165 0.065 0.1 0.03 0.03 0.015 0.015 0 0.095
 0.13 0.175 0.17 0.11 0.125 0.075 0.045 0.03 0.045 0.03 0.005 0.06
 0.095 0.14 0.155 0.21 0.105 0.095 0.05 0.07 0.02 0.005 0.02 0.035
 0.1 0.185 0.13 0.2 0.11 0.11 0.055 0.03 0.04 0 0.015 0.025
 0.17 0.145 0.165 0.105 0.155 0.07 0.045 0.06 0.03 0.01 0.015 0.03
 0.17 0.185 0.135 0.15 0.055 0.105 0.085 0.015 0.02 0.02 0.005 0.055
 0.085 0.25 0.235 0.1 0.09 0.055 0.07 0.03 0.03 0.015 0.02 0.02
 0.125 0.175 0.23 0.21 0.09 0.035 0.04 0.03 0.025 0.025 0 0.015
 0.2 0.175 0.155 0.18 0.105 0.065 0.015 0.025 0.03 0.015 0.02 0.015
 0.17 0.23 0.185 0.135 0.125 0.06 0.035 0.015 0 0.01 0.02 0.015
 0.16 0.23 0.255 0.11 0.055 0.09 0.05 0.02 0.01 0.01 0.005 0.005
 0.185 0.17 0.19 0.18 0.075 0.05 0.065 0.055 0.01 0.01 0 0.01
 0.215 0.23 0.19 0.14 0.09 0.045 0.04 0.025 0.01 0.01 0.005 0
 0.155 0.24 0.22 0.175 0.065 0.065 0.025 0.025 0.015 0.01 0 0.005
# olc_fsh

# wt_fsh
 0.000530656 0.00119633 0.00205827 0.00303499 0.00405521 0.0050647 0.00602623 0.00691692 0.00772489 0.00844611 0.00908185 0.0096367
 0.000530656 0.00119633 0.00205827 0.00303499 0.00405521 0.0050647 0.00602623 0.00691692 0.00772489 0.00844611 0.00908185 0.0096367
 0.000530656 0.00119633 0.00205827 0.00303499 0.00405521 0.0050647 0.00602623 0.00691692 0.00772489 0.00844611 0.00908185 0.0096367
 0.000530656 0.00119633 0.00205827 0.00303499 0.00405521 0.0050647 0.00602623 0.00691692 0.00772489 0.00844611 0.00908185 0.0096367
 0.000530656 0.00119633 0.00205827 0.00303499 0.00405521 0.0050647 0.00602623 0.00691692 0.00772489 0.00844611 0.00908185 0.0096367
 0.000530656 0.00119633 0.00205827 0.00303499 0.00405521 0.0050647 0.00602623 0.00691692 0.00772489 0.00844611 0.00908185 0.0096367
 0.000530656 0.00119633 0.00205827 0.00303499 0.00405521 0.0050647 0.00602623 0.00691692 0.00772489 0.00844611 0.00908185 0.0096367
 0.000530656 0.00119633 0.00205827 0.00303499 0.00405521 0.0050647 0.00602623 0.00691692 0.00772489 0.00844611 0.00908185 0.0096367
 0.000530656 0.00119633 0.00205827 0.00303499 0.00405521 0.0050647 0.00602623 0.00691692 0.00772489 0.00844611 0.00908185 0.0096367
 0.000530656 0.00119633 0.00205827 0.00303499 0.00405521 0.0050647 0.00602623 0.00691692 0.00772489 0.00844611 0.00908185 0.0096367
 0.000530656 0.00119633 0.00205827 0.00303499 0.00405521 0.0050647 0.00602623 0.00691692 0.00772489 0.00844611 0.00908185 0.0096367
 0.000530656 0.00119633 0.00205827 0.00303499 0.00405521 0.0050647 0.00602623 0.00691692 0.00772489 0.00844611 0.00908185 0.0096367
 0.000530656 0.00119633 0.00205827 0.00303499 0.00405521 0.0050647 0.00602623 0.00691692 0.00772489 0.00844611 0.00908185 0.0096367
 0.000530656 0.00119633 0.00205827 0.00303499 0.00405521 0.0050647 0.00602623 0.00691692 0.00772489 0.00844611 0.00908185 0.0096367
 0.000530656 0.00119633 0.00205827 0.00303499 0.00405521 0.0050647 0.00602623 0.00691692 0.00772489 0.00844611 0.00908185 0.0096367
 0.000530656 0.00119633 0.00205827 0.00303499 0.00405521 0.0050647 0.00602623 0.00691692 0.00772489 0.00844611 0.00908185 0.0096367
 0.000530656 0.00119633 0.00205827 0.00303499 0.00405521 0.0050647 0.00602623 0.00691692 0.00772489 0.00844611 0.00908185 0.0096367
 0.000530656 0.00119633 0.00205827 0.00303499 0.00405521 0.0050647 0.00602623 0.00691692 0.00772489 0.00844611 0.00908185 0.0096367
 0.000530656 0.00119633 0.00205827 0.00303499 0.00405521 0.0050647 0.00602623 0.00691692 0.00772489 0.00844611 0.00908185 0.0096367
 0.000530656 0.00119633 0.00205827 0.00303499 0.00405521 0.0050647 0.00602623 0.00691692 0.00772489 0.00844611 0.00908185 0.0096367
 0.000530656 0.00119633 0.00205827 0.00303499 0.00405521 0.0050647 0.00602623 0.00691692 0.00772489 0.00844611 0.00908185 0.0096367
 0.000530656 0.00119633 0.00205827 0.00303499 0.00405521 0.0050647 0.00602623 0.00691692 0.00772489 0.00844611 0.00908185 0.0096367
 0.000530656 0.00119633 0.00205827 0.00303499 0.00405521 0.0050647 0.00602623 0.00691692 0.00772489 0.00844611 0.00908185 0.0096367
 0.000530656 0.00119633 0.00205827 0.00303499 0.00405521 0.0050647 0.00602623 0.00691692 0.00772489 0.00844611 0.00908185 0.0096367
 0.000530656 0.00119633 0.00205827 0.00303499 0.00405521 0.0050647 0.00602623 0.00691692 0.00772489 0.00844611 0.00908185 0.0096367
 0.000530656 0.00119633 0.00205827 0.00303499 0.00405521 0.0050647 0.00602623 0.00691692 0.00772489 0.00844611 0.00908185 0.0096367
 0.000530656 0.00119633 0.00205827 0.00303499 0.00405521 0.0050647 0.00602623 0.00691692 0.00772489 0.00844611 0.00908185 0.0096367
 0.000530656 0.00119633 0.00205827 0.00303499 0.00405521 0.0050647 0.00602623 0.00691692 0.00772489 0.00844611 0.00908185 0.0096367
 0.000530656 0.00119633 0.00205827 0.00303499 0.00405521 0.0050647 0.00602623 0.00691692 0.00772489 0.00844611 0.00908185 0.0096367
 0.000530656 0.00119633 0.00205827 0.00303499 0.00405521 0.0050647 0.00602623 0.00691692 0.00772489 0.00844611 0.00908185 0.0096367
# nyrs_ind_age
 30
# yrs_ind_age
 1 2 3 4 5 6 7 8 9 10 11 12 13 14 15 16 17 18 19 20 21 22 23 24 25 26 27 28 29 30
# n_sample_ind_age
 200 200 200 200 200 200 200 200 200 200 200 200 200 200 200 200 200 200 200 200 200 200 200 200 200 200 200 200 200 200
# oac_ind
 0.065 0.12 0.115 0.15 0.045 0.115 0.075 0.06 0.045 0.03 0.025 0.155
 0.12 0.11 0.14 0.12 0.135 0.065 0.055 0.04 0.05 0.025 0.03 0.11
 0.08 0.185 0.165 0.115 0.085 0.055 0.03 0.07 0.04 0.04 0.035 0.1
 0.055 0.12 0.13 0.105 0.11 0.105 0.085 0.06 0.03 0.04 0.03 0.13
 0.085 0.11 0.16 0.19 0.085 0.055 0.045 0.05 0.055 0.045 0.035 0.085
 0.075 0.195 0.125 0.11 0.105 0.055 0.09 0.06 0.035 0.035 0.005 0.11
 0.015 0.16 0.22 0.12 0.07 0.105 0.08 0.045 0.04 0.025 0.01 0.11
 0.07 0.155 0.24 0.185 0.065 0.075 0.04 0.035 0.045 0.015 0.015 0.06
 0.07 0.205 0.13 0.16 0.11 0.08 0.03 0.04 0.03 0.02 0.02 0.105
 0.1 0.16 0.145 0.135 0.18 0.06 0.02 0.015 0.045 0.025 0.02 0.095
 0.075 0.21 0.195 0.15 0.085 0.085 0.055 0.015 0.05 0.015 0.015 0.05
 0.085 0.195 0.15 0.14 0.105 0.075 0.065 0.05 0.035 0.01 0.02 0.07
 0.06 0.115 0.245 0.15 0.07 0.1 0.055 0.05 0.04 0.03 0.025 0.06
 0.065 0.19 0.165 0.16 0.1 0.08 0.05 0.04 0.025 0.06 0.01 0.055
 0.08 0.215 0.2 0.135 0.12 0.095 0.025 0.04 0.02 0.03 0.01 0.03
 0.11 0.16 0.18 0.125 0.1 0.095 0.08 0.045 0.025 0.01 0.02 0.05
 0.075 0.215 0.165 0.13 0.11 0.05 0.08 0.07 0.03 0.03 0.015 0.03
 0.1 0.225 0.235 0.135 0.085 0.04 0.015 0.055 0.015 0.015 0.01 0.07
 0.08 0.15 0.22 0.22 0.105 0.045 0.04 0.03 0.04 0.045 0 0.025
 0.105 0.21 0.16 0.215 0.13 0.06 0.05 0.015 0.015 0.015 0.01 0.015
 0.14 0.205 0.225 0.11 0.11 0.07 0.02 0.025 0.02 0.03 0.005 0.04
 0.16 0.255 0.145 0.135 0.05 0.08 0.065 0.03 0.035 0.01 0.02 0.015
 0.065 0.255 0.32 0.09 0.075 0.075 0.035 0.03 0.03 0.005 0.005 0.015
 0.085 0.17 0.295 0.185 0.1 0.045 0.02 0.04 0.02 0.02 0.015 0.005
 0.15 0.155 0.265 0.21 0.115 0.035 0.03 0.01 0.005 0.01 0 0.015
 0.115 0.295 0.125 0.19 0.085 0.09 0.025 0.035 0.01 0.01 0.005 0.015
 0.135 0.27 0.24 0.105 0.105 0.08 0.025 0.01 0.01 0 0.005 0.015
 0.14 0.25 0.185 0.215 0.065 0.055 0.035 0.03 0.005 0.005 0 0.015
 0.165 0.32 0.165 0.155 0.105 0.05 0.03 0.01 0 0 0 0
 0.12 0.245 0.275 0.145 0.065 0.075 0.02 0.02 0.02 0.005 0.005 0.005
# olc_ind

# obs_lse_ind
 0.198042 0.198042 0.198042 0.198042 0.198042 0.198042 0.198042 0.198042 0.198042 0.198042 0.198042 0.198042 0.198042 0.198042 0.198042 0.198042 0.198042 0.198042 0.198042 0.198042 0.198042 0.198042 0.198042 0.198042 0.198042 0.198042 0.198042 0.198042 0.198042 0.198042
# xages_fsh
 0 0 0 0 0 0 0 0 0 0 0 0
# xages_fsh
 0 0.0909091 0.181818 0.272727 0.363636 0.454545 0.545455 0.636364 0.727273 0.818182 0.909091 1
# xnodes_fsh

Yrs fsh_sel change:  1 0 0 0 0 0 0 0 0 0 0 0 0 0 0 0 0 0 0 0 0 0 0 0 0 0 0 0 0
Yrs ind_sel change:  1 0 0 0 0 0 0 0 0 0 0 0 0 0 0 0 0 0 0 0 0 0 0 0 0 0 0 0 0
# steepnessprior
0.75
# sigmarprior
0.2
#  SSB estimated in styr endyr: -12 28 
#  Rec estimated in styr endyr: -10 30 
#  SR Curve fit  in styr endyr: 1 30 
#             Model styr endyr: 1 30 
# qprior
 3.48998e-007
# q_power_prior 
 1 
# cv_catchbiomass 
0.05 
# CatchbiomassPen 
200 
# Number of projection years 
5 
# offset_fsh
 13445.7
# offset_ind
 13048.6
Mean Catch
1275.57
R_guess 
13.8155
# nfsh
1
# n_sel_ch_fsh
 1
# nselages_fsh
 11
# phase_selcoff_fsh
 -1
logRzero 13.8155
logmeanrec 13.8155
exp(log_sigmarprior 0.2
Fish sel phase: -1 OM1
Fixing fishery sel to
1
Fixing fishery sel to
1
Srvy sel phase: -1
Fixing survey_index1 indices sel to
1
Fixing index sel to
1
# logsel_slp_in_indv
 0.693147
Leaving parameter init secton
# M
 0.2 0.2 0.2 0.2 0.2 0.2 0.2 0.2 0.2 0.2 0.2 0.2
 0.2 0.2 0.2 0.2 0.2 0.2 0.2 0.2 0.2 0.2 0.2 0.2
 0.2 0.2 0.2 0.2 0.2 0.2 0.2 0.2 0.2 0.2 0.2 0.2
 0.2 0.2 0.2 0.2 0.2 0.2 0.2 0.2 0.2 0.2 0.2 0.2
 0.2 0.2 0.2 0.2 0.2 0.2 0.2 0.2 0.2 0.2 0.2 0.2
 0.2 0.2 0.2 0.2 0.2 0.2 0.2 0.2 0.2 0.2 0.2 0.2
 0.2 0.2 0.2 0.2 0.2 0.2 0.2 0.2 0.2 0.2 0.2 0.2
 0.2 0.2 0.2 0.2 0.2 0.2 0.2 0.2 0.2 0.2 0.2 0.2
 0.2 0.2 0.2 0.2 0.2 0.2 0.2 0.2 0.2 0.2 0.2 0.2
 0.2 0.2 0.2 0.2 0.2 0.2 0.2 0.2 0.2 0.2 0.2 0.2
 0.2 0.2 0.2 0.2 0.2 0.2 0.2 0.2 0.2 0.2 0.2 0.2
 0.2 0.2 0.2 0.2 0.2 0.2 0.2 0.2 0.2 0.2 0.2 0.2
 0.2 0.2 0.2 0.2 0.2 0.2 0.2 0.2 0.2 0.2 0.2 0.2
 0.2 0.2 0.2 0.2 0.2 0.2 0.2 0.2 0.2 0.2 0.2 0.2
 0.2 0.2 0.2 0.2 0.2 0.2 0.2 0.2 0.2 0.2 0.2 0.2
 0.2 0.2 0.2 0.2 0.2 0.2 0.2 0.2 0.2 0.2 0.2 0.2
 0.2 0.2 0.2 0.2 0.2 0.2 0.2 0.2 0.2 0.2 0.2 0.2
 0.2 0.2 0.2 0.2 0.2 0.2 0.2 0.2 0.2 0.2 0.2 0.2
 0.2 0.2 0.2 0.2 0.2 0.2 0.2 0.2 0.2 0.2 0.2 0.2
 0.2 0.2 0.2 0.2 0.2 0.2 0.2 0.2 0.2 0.2 0.2 0.2
 0.2 0.2 0.2 0.2 0.2 0.2 0.2 0.2 0.2 0.2 0.2 0.2
 0.2 0.2 0.2 0.2 0.2 0.2 0.2 0.2 0.2 0.2 0.2 0.2
 0.2 0.2 0.2 0.2 0.2 0.2 0.2 0.2 0.2 0.2 0.2 0.2
 0.2 0.2 0.2 0.2 0.2 0.2 0.2 0.2 0.2 0.2 0.2 0.2
 0.2 0.2 0.2 0.2 0.2 0.2 0.2 0.2 0.2 0.2 0.2 0.2
 0.2 0.2 0.2 0.2 0.2 0.2 0.2 0.2 0.2 0.2 0.2 0.2
 0.2 0.2 0.2 0.2 0.2 0.2 0.2 0.2 0.2 0.2 0.2 0.2
 0.2 0.2 0.2 0.2 0.2 0.2 0.2 0.2 0.2 0.2 0.2 0.2
 0.2 0.2 0.2 0.2 0.2 0.2 0.2 0.2 0.2 0.2 0.2 0.2
 0.2 0.2 0.2 0.2 0.2 0.2 0.2 0.2 0.2 0.2 0.2 0.2
# mean_log_rec
13.7045
# log_Rzero
13.8154
# rec_dev
 -0.0500127 -0.0930723 0.0122015 0.0108479 0.0440507 -0.00894125 0.0412888 -0.15893 0.133072 0.00036182 0.000273435 0.0878462 0.308876 0.0554984 -0.000857368 0.355385 0.398602 0.0505127 0.197597 0.0585441 0.200937 0.125735 0.00217089 -0.0165094 0.0930425 0.0237023 0.206121 0.111152 -0.313542 -0.193005 -0.320982 0.0847392 0.0729239 -0.280784 -0.482863 -0.0627461 -0.270365 -0.278754 -0.0835826 -0.108771 -0.257953
# fmort
 0.00958431 0.0283365 0.0475119 0.0640936 0.0511796 0.0921881 0.0931233 0.198281 0.114407 0.139504 0.157256 0.169265 0.121876 0.177212 0.18719 0.167569 0.32433 0.265066 0.261191 0.258974 0.358805 0.266811 0.438248 0.3639 0.362139 0.336116 0.323721 0.450032 0.336352 0.511959
# rec_dev_future
 0 0 0 0 0
