AMAK;August_2013
# styr
1
# endyr
30
# rec_age
1
# oldest_age
12
# nlength
81
# len_bins
 10 11 12 13 14 15 16 17 18 19 20 21 22 23 24 25 26 27 28 29 30 31 32 33 34 35 36 37 38 39 40 41 42 43 44 45 46 47 48 49 50 51 52 53 54 55 56 57 58 59 60 61 62 63 64 65 66 67 68 69 70 71 72 73 74 75 76 77 78 79 80 81 82 83 84 85 86 87 88 89 90
# datafile_name
amak_data.dat
# model_name
OM_1
# styr
1
# endyr
30
# rec_age
1
# oldest_age
12
# nfsh
1
# fshname
OM1
# catch_bio_in
 160.871 469.738 759.472 994.717 773.173 1327.21 1276.28 2461.42 1324.19 1536.34 1604.38 1617.46 1101.24 1531.59 1505.5 1270.98 2239.83 1610.98 1466.58 1318.8 1625.56 1080.82 1611.18 1209.48 1125.6 966.133 931.96 1214.78 867.666 1278.75
# catch_bio_sd_in
 0.01 0.01 0.01 0.01 0.01 0.01 0.01 0.01 0.01 0.01 0.01 0.01 0.01 0.01 0.01 0.01 0.01 0.01 0.01 0.01 0.01 0.01 0.01 0.01 0.01 0.01 0.01 0.01 0.01 0.01
# nyrs_fsh_age
 30
# nyrs_fsh_length
 0
# yrs_fsh_age_in
 1 2 3 4 5 6 7 8 9 10 11 12 13 14 15 16 17 18 19 20 21 22 23 24 25 26 27 28 29 30
# yrs_fsh_length_in

# n_sample_fsh_length_in

# olc_fsh_in

# nind
1
# indname
survey_index1
# nyrs_ind
 30
# yrs_ind_in
 1 2 3 4 5 6 7 8 9 10 11 12 13 14 15 16 17 18 19 20 21 22 23 24 25 26 27 28 29 30
# mo_ind
 1
# obs_ind_in
 1.50127 1.73686 1.57111 1.55302 1.55947 1.57163 1.49189 1.41162 1.48952 1.20547 1.012 0.937037 1.06291 1.18017 0.858279 1.04205 1.05798 0.962686 0.792094 0.70148 0.725997 0.656003 0.64212 0.524843 0.446818 0.580833 0.547727 0.52378 0.489168 0.518073
# obs_se_ind_in
 0.300255 0.347373 0.314221 0.310604 0.311894 0.314327 0.298377 0.282325 0.297904 0.241094 0.202399 0.187407 0.212582 0.236034 0.171656 0.20841 0.211596 0.192537 0.158419 0.140296 0.145199 0.131201 0.128424 0.104969 0.0893637 0.116167 0.109545 0.104756 0.0978336 0.103615
# nyrs_ind_age
 30
# nyrs_ind_length
 0
# yrs_ind_age_in
 1 2 3 4 5 6 7 8 9 10 11 12 13 14 15 16 17 18 19 20 21 22 23 24 25 26 27 28 29 30
# yrs_ind_length_in

# yrs_ind_age_in
 1 2 3 4 5 6 7 8 9 10 11 12 13 14 15 16 17 18 19 20 21 22 23 24 25 26 27 28 29 30
# n_sample_ind_length_in

# olc_ind_in

# oac_ind_in
 0.08 0.14 0.14 0.08 0.145 0.08 0.08 0.055 0.03 0.02 0.02 0.13
 0.1 0.12 0.165 0.12 0.11 0.075 0.07 0.05 0.05 0.03 0.015 0.095
 0.075 0.155 0.125 0.14 0.11 0.09 0.045 0.045 0.02 0.025 0.03 0.14
 0.035 0.14 0.12 0.145 0.105 0.09 0.08 0.055 0.06 0.02 0.03 0.12
 0.05 0.095 0.13 0.155 0.08 0.135 0.045 0.07 0.045 0.035 0.045 0.115
 0.1 0.18 0.11 0.12 0.115 0.06 0.055 0.035 0.035 0.03 0.05 0.11
 0.04 0.18 0.22 0.08 0.07 0.08 0.05 0.075 0.045 0.025 0.02 0.115
 0.075 0.18 0.16 0.11 0.06 0.07 0.1 0.025 0.05 0.045 0.025 0.1
 0.06 0.2 0.14 0.185 0.13 0.045 0.035 0.045 0.035 0.03 0.02 0.075
 0.11 0.125 0.17 0.125 0.145 0.065 0.04 0.075 0.025 0.02 0.02 0.08
 0.085 0.155 0.155 0.145 0.085 0.125 0.05 0.035 0.035 0.045 0.02 0.065
 0.075 0.15 0.195 0.145 0.09 0.04 0.035 0.095 0.04 0.02 0.045 0.07
 0.125 0.15 0.24 0.125 0.085 0.07 0.045 0.03 0.04 0.035 0.01 0.045
 0.085 0.165 0.14 0.125 0.1 0.075 0.085 0.03 0.055 0.06 0.01 0.07
 0.105 0.19 0.16 0.13 0.09 0.1 0.05 0.04 0.02 0.02 0.035 0.06
 0.14 0.2 0.19 0.09 0.11 0.09 0.05 0.03 0.01 0.01 0.025 0.055
 0.09 0.24 0.15 0.165 0.11 0.025 0.065 0.05 0.025 0.015 0.015 0.05
 0.08 0.21 0.245 0.12 0.11 0.075 0.03 0.025 0.03 0.02 0.025 0.03
 0.07 0.195 0.21 0.17 0.08 0.07 0.05 0.045 0.04 0.015 0.015 0.04
 0.075 0.185 0.16 0.195 0.13 0.07 0.025 0.055 0.02 0.03 0.015 0.04
 0.165 0.2 0.17 0.11 0.11 0.055 0.06 0.04 0.03 0.01 0.03 0.02
 0.115 0.24 0.165 0.16 0.09 0.06 0.06 0.025 0.04 0.015 0.005 0.025
 0.085 0.275 0.23 0.15 0.145 0.03 0.045 0.01 0.015 0.005 0.005 0.005
 0.16 0.25 0.25 0.17 0.06 0.04 0.02 0.01 0.005 0.02 0.01 0.005
 0.175 0.165 0.19 0.19 0.125 0.045 0.055 0.025 0.02 0.01 0 0
 0.1 0.265 0.16 0.135 0.155 0.09 0.025 0.04 0.005 0.01 0 0.015
 0.11 0.245 0.235 0.145 0.085 0.06 0.035 0.035 0.025 0.01 0.005 0.01
 0.13 0.26 0.16 0.195 0.07 0.085 0.035 0.035 0 0.005 0.02 0.005
 0.195 0.285 0.195 0.105 0.095 0.045 0.01 0.03 0.005 0.01 0.015 0.01
 0.08 0.285 0.29 0.135 0.065 0.095 0.02 0.015 0.005 0.01 0 0
# wt_ind
 1 1 1 1 1 1 1 1 1 1 1 1
 1 1 1 1 1 1 1 1 1 1 1 1
 1 1 1 1 1 1 1 1 1 1 1 1
 1 1 1 1 1 1 1 1 1 1 1 1
 1 1 1 1 1 1 1 1 1 1 1 1
 1 1 1 1 1 1 1 1 1 1 1 1
 1 1 1 1 1 1 1 1 1 1 1 1
 1 1 1 1 1 1 1 1 1 1 1 1
 1 1 1 1 1 1 1 1 1 1 1 1
 1 1 1 1 1 1 1 1 1 1 1 1
 1 1 1 1 1 1 1 1 1 1 1 1
 1 1 1 1 1 1 1 1 1 1 1 1
 1 1 1 1 1 1 1 1 1 1 1 1
 1 1 1 1 1 1 1 1 1 1 1 1
 1 1 1 1 1 1 1 1 1 1 1 1
 1 1 1 1 1 1 1 1 1 1 1 1
 1 1 1 1 1 1 1 1 1 1 1 1
 1 1 1 1 1 1 1 1 1 1 1 1
 1 1 1 1 1 1 1 1 1 1 1 1
 1 1 1 1 1 1 1 1 1 1 1 1
 1 1 1 1 1 1 1 1 1 1 1 1
 1 1 1 1 1 1 1 1 1 1 1 1
 1 1 1 1 1 1 1 1 1 1 1 1
 1 1 1 1 1 1 1 1 1 1 1 1
 1 1 1 1 1 1 1 1 1 1 1 1
 1 1 1 1 1 1 1 1 1 1 1 1
 1 1 1 1 1 1 1 1 1 1 1 1
 1 1 1 1 1 1 1 1 1 1 1 1
 1 1 1 1 1 1 1 1 1 1 1 1
 1 1 1 1 1 1 1 1 1 1 1 1
# wt_pop
 0.000530656 0.00119633 0.00205827 0.00303499 0.00405521 0.0050647 0.00602623 0.00691692 0.00772489 0.00844611 0.00908185 0.0096367
# maturity
 0.0229774 0.320821 0.904651 0.99478 0.999739 0.999987 0.999999 1 1 1 1 1
# spawnmo
1
# age_err
 1 0 0 0 0 0 0 0 0 0 0 0
 0 1 0 0 0 0 0 0 0 0 0 0
 0 0 1 0 0 0 0 0 0 0 0 0
 0 0 0 1 0 0 0 0 0 0 0 0
 0 0 0 0 1 0 0 0 0 0 0 0
 0 0 0 0 0 1 0 0 0 0 0 0
 0 0 0 0 0 0 1 0 0 0 0 0
 0 0 0 0 0 0 0 1 0 0 0 0
 0 0 0 0 0 0 0 0 1 0 0 0
 0 0 0 0 0 0 0 0 0 1 0 0
 0 0 0 0 0 0 0 0 0 0 1 0
 0 0 0 0 0 0 0 0 0 0 0 1
# cntrlfile_name
C:\Users\bai.li\Desktop\s1_test\AMAK\s57\amak.dat
# Map shared selectivity: 
# sel_map
 1 2
 1 1
# datafile_name
amak_data.dat
# model_name
OM_1
# SrType
2
# use_age_err
0
# retro
0
# sigmarprior
0.2
# cvsigmarprior
0.25
# phase_sigmar
-3
# styr_rec_est
1
# endyr_rec_est
30
# Linfprior
80
# cvLinfprior
0.25
# kprior
0.18
# cvkprior
0.25
# Loprior
27.688
# cvLoprior
0.25
# sdageprior
0.1
# cvsdageprior
0.25
# natmortprior
0.2
# cvnatmortprior
0.25
# phase_M
-4
# npars_Mage
0
# ages_M_changes

# Mage_in

# phase_Mage
-5
# phase_rw_M
0
# npars_rw_M
0
# yrs_rw_M

# sigma_rw_M

# qprior
 3.48998e-007
# cvqprior
 1
# phase_q
 1
# q_power_prior
 1
# cvq_power_prior
 0.2
# phase_q_power
 -4
# phase_rw_q
 -1
# npars_rw_q
 0
# yrs_rw_q

# sigma_rw_q

# q_age_min
 1
# q_age_max
 12
# q_age_min
 1
# q_age_max
 12
# fsh_sel_opt(k)
2
# phase_sel_fsh(k)
-2
# n_sel_ch_fsh(k)
1
# sel_slp_in_fsh(k)(1,n_sel_ch_fsh(k))
 1
# sel_inf_in_fsh(k)(1,n_sel_ch_fsh(k))
 2
# logsel_slp_in_fsh(k)(1,n_sel_ch_fsh(k))
 0
# yrs_sel_ch_fsh(k)(1,n_sel_ch_fsh(k))
 1

Survey survey_index1
# ind_sel_opt(k)
2
# indname(k)
survey_index1
# nselages_in_ind(k)
11
# phase_sel_ind(k)
-2
# sel_change_in_ind(k)
 1 0 0 0 0 0 0 0 0 0 0 0 0 0 0 0 0 0 0 0 0 0 0 0 0 0 0 0 0 0
# n_sel_ch_ind(k)
1
# yrs_sel_ch_ind(k)(1,n_sel_ch_ind(k))
 1
# sel_slp_in_ind(k,1)
2
# sel_inf_in_ind(k,1)
1.5
# logsel_slp_in_ind(k,1)
0.693147
# logsel_slp_in_indv(k)
0.693147
survey_index1 ind sel opt 2  1 0 0 0 0 0 0 0 0 0 0 0 0 0 0 0 0 0 0 0 0 0 0 0 0 0 0 0 0 0
Phase indices Sel_Coffs:  -1
 Test: 1.23457e+008
# Fshry Selages:  11
# Srvy  Selages:  11
# Phase for age-spec fishery  -1
# Phase for logistic fishery  -2
# Phase for dble logistic fishery  -1
# Phase for age-spec indices   -1
# Phase for logistic indices   -2
# Phase for dble logistic ind  -1
# Curv_pen_fsh: 
 0
# Curv_pen_ind: 
 0
# styr_fut
31
# endyr_fut
35
# nyrs_fsh_age
 30
# nyrs_fsh_age
 30
# yrs_fsh_age
 1 2 3 4 5 6 7 8 9 10 11 12 13 14 15 16 17 18 19 20 21 22 23 24 25 26 27 28 29 30
# n_sample_fsh_age
 200 200 200 200 200 200 200 200 200 200 200 200 200 200 200 200 200 200 200 200 200 200 200 200 200 200 200 200 200 200
# oac_fsh
 0.07 0.085 0.155 0.13 0.075 0.1 0.08 0.05 0.05 0.03 0.045 0.13
 0.115 0.105 0.125 0.085 0.08 0.09 0.045 0.065 0.045 0.065 0.035 0.145
 0.11 0.11 0.145 0.115 0.085 0.075 0.065 0.04 0.055 0.05 0.03 0.12
 0.06 0.085 0.11 0.095 0.125 0.09 0.055 0.065 0.075 0.025 0.065 0.15
 0.11 0.085 0.135 0.135 0.085 0.095 0.08 0.035 0.03 0.02 0.045 0.145
 0.06 0.14 0.09 0.115 0.125 0.1 0.06 0.045 0.05 0.03 0.025 0.16
 0.055 0.125 0.175 0.095 0.075 0.11 0.07 0.055 0.06 0.04 0.035 0.105
 0.04 0.125 0.17 0.16 0.07 0.085 0.07 0.045 0.055 0.03 0.02 0.13
 0.045 0.11 0.125 0.125 0.14 0.08 0.065 0.045 0.04 0.045 0.015 0.165
 0.095 0.16 0.14 0.1 0.1 0.11 0.055 0.065 0.04 0.01 0.025 0.1
 0.09 0.185 0.115 0.1 0.075 0.14 0.125 0.02 0.025 0.005 0.015 0.105
 0.075 0.17 0.18 0.13 0.115 0.095 0.075 0.045 0.02 0.005 0.005 0.085
 0.065 0.155 0.17 0.175 0.125 0.1 0.05 0.03 0.055 0.015 0.01 0.05
 0.12 0.13 0.125 0.155 0.12 0.095 0.06 0.045 0.05 0.025 0.01 0.065
 0.125 0.125 0.16 0.15 0.105 0.105 0.075 0.02 0.02 0.035 0.035 0.045
 0.13 0.135 0.15 0.125 0.095 0.095 0.08 0.05 0.025 0.02 0.04 0.055
 0.1 0.19 0.145 0.185 0.08 0.065 0.045 0.06 0.01 0.035 0.025 0.06
 0.065 0.17 0.22 0.14 0.165 0.055 0.025 0.065 0.03 0.02 0.01 0.035
 0.125 0.115 0.2 0.195 0.09 0.095 0.055 0.04 0.02 0.025 0.005 0.035
 0.075 0.185 0.14 0.21 0.135 0.06 0.035 0.025 0.01 0.05 0.025 0.05
 0.165 0.145 0.2 0.065 0.11 0.07 0.075 0.06 0.015 0.005 0.02 0.07
 0.135 0.23 0.16 0.16 0.075 0.115 0.055 0.02 0.025 0.01 0.005 0.01
 0.085 0.27 0.23 0.16 0.075 0.07 0.04 0.015 0.005 0.005 0.015 0.03
 0.095 0.18 0.24 0.155 0.1 0.06 0.035 0.03 0.025 0.005 0.02 0.055
 0.225 0.125 0.16 0.185 0.15 0.07 0.05 0 0.015 0.005 0.01 0.005
 0.135 0.24 0.19 0.16 0.105 0.075 0.035 0.025 0.01 0.01 0.005 0.01
 0.185 0.15 0.24 0.165 0.07 0.08 0.065 0.01 0.015 0.015 0 0.005
 0.2 0.21 0.195 0.165 0.06 0.06 0.015 0.035 0.035 0.005 0.005 0.015
 0.225 0.18 0.195 0.11 0.13 0.075 0.03 0.025 0.01 0.01 0.005 0.005
 0.1 0.26 0.25 0.16 0.095 0.055 0.03 0.01 0.02 0.02 0 0
# olc_fsh

# wt_fsh
 0.000530656 0.00119633 0.00205827 0.00303499 0.00405521 0.0050647 0.00602623 0.00691692 0.00772489 0.00844611 0.00908185 0.0096367
 0.000530656 0.00119633 0.00205827 0.00303499 0.00405521 0.0050647 0.00602623 0.00691692 0.00772489 0.00844611 0.00908185 0.0096367
 0.000530656 0.00119633 0.00205827 0.00303499 0.00405521 0.0050647 0.00602623 0.00691692 0.00772489 0.00844611 0.00908185 0.0096367
 0.000530656 0.00119633 0.00205827 0.00303499 0.00405521 0.0050647 0.00602623 0.00691692 0.00772489 0.00844611 0.00908185 0.0096367
 0.000530656 0.00119633 0.00205827 0.00303499 0.00405521 0.0050647 0.00602623 0.00691692 0.00772489 0.00844611 0.00908185 0.0096367
 0.000530656 0.00119633 0.00205827 0.00303499 0.00405521 0.0050647 0.00602623 0.00691692 0.00772489 0.00844611 0.00908185 0.0096367
 0.000530656 0.00119633 0.00205827 0.00303499 0.00405521 0.0050647 0.00602623 0.00691692 0.00772489 0.00844611 0.00908185 0.0096367
 0.000530656 0.00119633 0.00205827 0.00303499 0.00405521 0.0050647 0.00602623 0.00691692 0.00772489 0.00844611 0.00908185 0.0096367
 0.000530656 0.00119633 0.00205827 0.00303499 0.00405521 0.0050647 0.00602623 0.00691692 0.00772489 0.00844611 0.00908185 0.0096367
 0.000530656 0.00119633 0.00205827 0.00303499 0.00405521 0.0050647 0.00602623 0.00691692 0.00772489 0.00844611 0.00908185 0.0096367
 0.000530656 0.00119633 0.00205827 0.00303499 0.00405521 0.0050647 0.00602623 0.00691692 0.00772489 0.00844611 0.00908185 0.0096367
 0.000530656 0.00119633 0.00205827 0.00303499 0.00405521 0.0050647 0.00602623 0.00691692 0.00772489 0.00844611 0.00908185 0.0096367
 0.000530656 0.00119633 0.00205827 0.00303499 0.00405521 0.0050647 0.00602623 0.00691692 0.00772489 0.00844611 0.00908185 0.0096367
 0.000530656 0.00119633 0.00205827 0.00303499 0.00405521 0.0050647 0.00602623 0.00691692 0.00772489 0.00844611 0.00908185 0.0096367
 0.000530656 0.00119633 0.00205827 0.00303499 0.00405521 0.0050647 0.00602623 0.00691692 0.00772489 0.00844611 0.00908185 0.0096367
 0.000530656 0.00119633 0.00205827 0.00303499 0.00405521 0.0050647 0.00602623 0.00691692 0.00772489 0.00844611 0.00908185 0.0096367
 0.000530656 0.00119633 0.00205827 0.00303499 0.00405521 0.0050647 0.00602623 0.00691692 0.00772489 0.00844611 0.00908185 0.0096367
 0.000530656 0.00119633 0.00205827 0.00303499 0.00405521 0.0050647 0.00602623 0.00691692 0.00772489 0.00844611 0.00908185 0.0096367
 0.000530656 0.00119633 0.00205827 0.00303499 0.00405521 0.0050647 0.00602623 0.00691692 0.00772489 0.00844611 0.00908185 0.0096367
 0.000530656 0.00119633 0.00205827 0.00303499 0.00405521 0.0050647 0.00602623 0.00691692 0.00772489 0.00844611 0.00908185 0.0096367
 0.000530656 0.00119633 0.00205827 0.00303499 0.00405521 0.0050647 0.00602623 0.00691692 0.00772489 0.00844611 0.00908185 0.0096367
 0.000530656 0.00119633 0.00205827 0.00303499 0.00405521 0.0050647 0.00602623 0.00691692 0.00772489 0.00844611 0.00908185 0.0096367
 0.000530656 0.00119633 0.00205827 0.00303499 0.00405521 0.0050647 0.00602623 0.00691692 0.00772489 0.00844611 0.00908185 0.0096367
 0.000530656 0.00119633 0.00205827 0.00303499 0.00405521 0.0050647 0.00602623 0.00691692 0.00772489 0.00844611 0.00908185 0.0096367
 0.000530656 0.00119633 0.00205827 0.00303499 0.00405521 0.0050647 0.00602623 0.00691692 0.00772489 0.00844611 0.00908185 0.0096367
 0.000530656 0.00119633 0.00205827 0.00303499 0.00405521 0.0050647 0.00602623 0.00691692 0.00772489 0.00844611 0.00908185 0.0096367
 0.000530656 0.00119633 0.00205827 0.00303499 0.00405521 0.0050647 0.00602623 0.00691692 0.00772489 0.00844611 0.00908185 0.0096367
 0.000530656 0.00119633 0.00205827 0.00303499 0.00405521 0.0050647 0.00602623 0.00691692 0.00772489 0.00844611 0.00908185 0.0096367
 0.000530656 0.00119633 0.00205827 0.00303499 0.00405521 0.0050647 0.00602623 0.00691692 0.00772489 0.00844611 0.00908185 0.0096367
 0.000530656 0.00119633 0.00205827 0.00303499 0.00405521 0.0050647 0.00602623 0.00691692 0.00772489 0.00844611 0.00908185 0.0096367
# nyrs_ind_age
 30
# yrs_ind_age
 1 2 3 4 5 6 7 8 9 10 11 12 13 14 15 16 17 18 19 20 21 22 23 24 25 26 27 28 29 30
# n_sample_ind_age
 200 200 200 200 200 200 200 200 200 200 200 200 200 200 200 200 200 200 200 200 200 200 200 200 200 200 200 200 200 200
# oac_ind
 0.08 0.14 0.14 0.08 0.145 0.08 0.08 0.055 0.03 0.02 0.02 0.13
 0.1 0.12 0.165 0.12 0.11 0.075 0.07 0.05 0.05 0.03 0.015 0.095
 0.075 0.155 0.125 0.14 0.11 0.09 0.045 0.045 0.02 0.025 0.03 0.14
 0.035 0.14 0.12 0.145 0.105 0.09 0.08 0.055 0.06 0.02 0.03 0.12
 0.05 0.095 0.13 0.155 0.08 0.135 0.045 0.07 0.045 0.035 0.045 0.115
 0.1 0.18 0.11 0.12 0.115 0.06 0.055 0.035 0.035 0.03 0.05 0.11
 0.04 0.18 0.22 0.08 0.07 0.08 0.05 0.075 0.045 0.025 0.02 0.115
 0.075 0.18 0.16 0.11 0.06 0.07 0.1 0.025 0.05 0.045 0.025 0.1
 0.06 0.2 0.14 0.185 0.13 0.045 0.035 0.045 0.035 0.03 0.02 0.075
 0.11 0.125 0.17 0.125 0.145 0.065 0.04 0.075 0.025 0.02 0.02 0.08
 0.085 0.155 0.155 0.145 0.085 0.125 0.05 0.035 0.035 0.045 0.02 0.065
 0.075 0.15 0.195 0.145 0.09 0.04 0.035 0.095 0.04 0.02 0.045 0.07
 0.125 0.15 0.24 0.125 0.085 0.07 0.045 0.03 0.04 0.035 0.01 0.045
 0.085 0.165 0.14 0.125 0.1 0.075 0.085 0.03 0.055 0.06 0.01 0.07
 0.105 0.19 0.16 0.13 0.09 0.1 0.05 0.04 0.02 0.02 0.035 0.06
 0.14 0.2 0.19 0.09 0.11 0.09 0.05 0.03 0.01 0.01 0.025 0.055
 0.09 0.24 0.15 0.165 0.11 0.025 0.065 0.05 0.025 0.015 0.015 0.05
 0.08 0.21 0.245 0.12 0.11 0.075 0.03 0.025 0.03 0.02 0.025 0.03
 0.07 0.195 0.21 0.17 0.08 0.07 0.05 0.045 0.04 0.015 0.015 0.04
 0.075 0.185 0.16 0.195 0.13 0.07 0.025 0.055 0.02 0.03 0.015 0.04
 0.165 0.2 0.17 0.11 0.11 0.055 0.06 0.04 0.03 0.01 0.03 0.02
 0.115 0.24 0.165 0.16 0.09 0.06 0.06 0.025 0.04 0.015 0.005 0.025
 0.085 0.275 0.23 0.15 0.145 0.03 0.045 0.01 0.015 0.005 0.005 0.005
 0.16 0.25 0.25 0.17 0.06 0.04 0.02 0.01 0.005 0.02 0.01 0.005
 0.175 0.165 0.19 0.19 0.125 0.045 0.055 0.025 0.02 0.01 0 0
 0.1 0.265 0.16 0.135 0.155 0.09 0.025 0.04 0.005 0.01 0 0.015
 0.11 0.245 0.235 0.145 0.085 0.06 0.035 0.035 0.025 0.01 0.005 0.01
 0.13 0.26 0.16 0.195 0.07 0.085 0.035 0.035 0 0.005 0.02 0.005
 0.195 0.285 0.195 0.105 0.095 0.045 0.01 0.03 0.005 0.01 0.015 0.01
 0.08 0.285 0.29 0.135 0.065 0.095 0.02 0.015 0.005 0.01 0 0
# olc_ind

# obs_lse_ind
 0.198042 0.198042 0.198042 0.198042 0.198042 0.198042 0.198042 0.198042 0.198042 0.198042 0.198042 0.198042 0.198042 0.198042 0.198042 0.198042 0.198042 0.198042 0.198042 0.198042 0.198042 0.198042 0.198042 0.198042 0.198042 0.198042 0.198042 0.198042 0.198042 0.198042
# xages_fsh
 0 0 0 0 0 0 0 0 0 0 0 0
# xages_fsh
 0 0.0909091 0.181818 0.272727 0.363636 0.454545 0.545455 0.636364 0.727273 0.818182 0.909091 1
# xnodes_fsh

Yrs fsh_sel change:  1 0 0 0 0 0 0 0 0 0 0 0 0 0 0 0 0 0 0 0 0 0 0 0 0 0 0 0 0
Yrs ind_sel change:  1 0 0 0 0 0 0 0 0 0 0 0 0 0 0 0 0 0 0 0 0 0 0 0 0 0 0 0 0
# steepnessprior
0.75
# sigmarprior
0.2
#  SSB estimated in styr endyr: -12 28 
#  Rec estimated in styr endyr: -10 30 
#  SR Curve fit  in styr endyr: 1 30 
#             Model styr endyr: 1 30 
# qprior
 3.48998e-007
# q_power_prior 
 1 
# cv_catchbiomass 
0.05 
# CatchbiomassPen 
200 
# Number of projection years 
5 
# offset_fsh
 13427.7
# offset_ind
 13219.9
Mean Catch
1275.42
R_guess 
13.8155
# nfsh
1
# n_sel_ch_fsh
 1
# nselages_fsh
 11
# phase_selcoff_fsh
 -1
logRzero 13.8155
logmeanrec 13.8155
exp(log_sigmarprior 0.2
Fish sel phase: -1 OM1
Fixing fishery sel to
1
Fixing fishery sel to
1
Srvy sel phase: -1
Fixing survey_index1 indices sel to
1
Fixing index sel to
1
# logsel_slp_in_indv
 0.693147
Leaving parameter init secton
# M
 0.2 0.2 0.2 0.2 0.2 0.2 0.2 0.2 0.2 0.2 0.2 0.2
 0.2 0.2 0.2 0.2 0.2 0.2 0.2 0.2 0.2 0.2 0.2 0.2
 0.2 0.2 0.2 0.2 0.2 0.2 0.2 0.2 0.2 0.2 0.2 0.2
 0.2 0.2 0.2 0.2 0.2 0.2 0.2 0.2 0.2 0.2 0.2 0.2
 0.2 0.2 0.2 0.2 0.2 0.2 0.2 0.2 0.2 0.2 0.2 0.2
 0.2 0.2 0.2 0.2 0.2 0.2 0.2 0.2 0.2 0.2 0.2 0.2
 0.2 0.2 0.2 0.2 0.2 0.2 0.2 0.2 0.2 0.2 0.2 0.2
 0.2 0.2 0.2 0.2 0.2 0.2 0.2 0.2 0.2 0.2 0.2 0.2
 0.2 0.2 0.2 0.2 0.2 0.2 0.2 0.2 0.2 0.2 0.2 0.2
 0.2 0.2 0.2 0.2 0.2 0.2 0.2 0.2 0.2 0.2 0.2 0.2
 0.2 0.2 0.2 0.2 0.2 0.2 0.2 0.2 0.2 0.2 0.2 0.2
 0.2 0.2 0.2 0.2 0.2 0.2 0.2 0.2 0.2 0.2 0.2 0.2
 0.2 0.2 0.2 0.2 0.2 0.2 0.2 0.2 0.2 0.2 0.2 0.2
 0.2 0.2 0.2 0.2 0.2 0.2 0.2 0.2 0.2 0.2 0.2 0.2
 0.2 0.2 0.2 0.2 0.2 0.2 0.2 0.2 0.2 0.2 0.2 0.2
 0.2 0.2 0.2 0.2 0.2 0.2 0.2 0.2 0.2 0.2 0.2 0.2
 0.2 0.2 0.2 0.2 0.2 0.2 0.2 0.2 0.2 0.2 0.2 0.2
 0.2 0.2 0.2 0.2 0.2 0.2 0.2 0.2 0.2 0.2 0.2 0.2
 0.2 0.2 0.2 0.2 0.2 0.2 0.2 0.2 0.2 0.2 0.2 0.2
 0.2 0.2 0.2 0.2 0.2 0.2 0.2 0.2 0.2 0.2 0.2 0.2
 0.2 0.2 0.2 0.2 0.2 0.2 0.2 0.2 0.2 0.2 0.2 0.2
 0.2 0.2 0.2 0.2 0.2 0.2 0.2 0.2 0.2 0.2 0.2 0.2
 0.2 0.2 0.2 0.2 0.2 0.2 0.2 0.2 0.2 0.2 0.2 0.2
 0.2 0.2 0.2 0.2 0.2 0.2 0.2 0.2 0.2 0.2 0.2 0.2
 0.2 0.2 0.2 0.2 0.2 0.2 0.2 0.2 0.2 0.2 0.2 0.2
 0.2 0.2 0.2 0.2 0.2 0.2 0.2 0.2 0.2 0.2 0.2 0.2
 0.2 0.2 0.2 0.2 0.2 0.2 0.2 0.2 0.2 0.2 0.2 0.2
 0.2 0.2 0.2 0.2 0.2 0.2 0.2 0.2 0.2 0.2 0.2 0.2
 0.2 0.2 0.2 0.2 0.2 0.2 0.2 0.2 0.2 0.2 0.2 0.2
 0.2 0.2 0.2 0.2 0.2 0.2 0.2 0.2 0.2 0.2 0.2 0.2
# mean_log_rec
13.7931
# log_Rzero
13.8023
# rec_dev
 -0.0408394 0.00446257 -0.123805 0.0450351 0.0888895 0.0467447 0.0378393 0.00989473 -0.0083735 0.0352772 0.151077 -0.0010992 0.17816 0.0224222 -0.222156 0.326659 0.250377 -0.0721345 0.0244924 -0.0488323 0.140058 0.0802397 -0.181376 -0.117216 0.035356 -0.108591 0.0955227 -0.0103037 -0.418738 -0.170986 -0.319604 -0.0018209 -0.0569955 -0.368729 -0.460419 -0.125991 -0.471096 -0.294392 -0.154525 -0.0554279 -0.556642
# fmort
 0.00884629 0.0260952 0.0432294 0.0588662 0.04759 0.0854631 0.0866968 0.182699 0.108255 0.134049 0.150745 0.163955 0.117781 0.172593 0.182929 0.163519 0.318321 0.261367 0.261855 0.257891 0.356363 0.258291 0.416124 0.348151 0.348285 0.314161 0.30883 0.423749 0.310859 0.469508
# rec_dev_future
 0 0 0 0 0
