AMAK;August_2013
# styr
1
# endyr
30
# rec_age
1
# oldest_age
12
# nlength
81
# len_bins
 10 11 12 13 14 15 16 17 18 19 20 21 22 23 24 25 26 27 28 29 30 31 32 33 34 35 36 37 38 39 40 41 42 43 44 45 46 47 48 49 50 51 52 53 54 55 56 57 58 59 60 61 62 63 64 65 66 67 68 69 70 71 72 73 74 75 76 77 78 79 80 81 82 83 84 85 86 87 88 89 90
# datafile_name
amak_data.dat
# model_name
OM_1
# styr
1
# endyr
30
# rec_age
1
# oldest_age
12
# nfsh
1
# fshname
OM1
# catch_bio_in
 160.031 470.5 759.383 994.221 765.215 1331.87 1271.08 2475.4 1332.21 1523.97 1614.38 1608.15 1105.19 1533.7 1516.02 1272.42 2260.06 1618.55 1456.05 1310.45 1624.75 1073.33 1634.38 1213.27 1119.29 973.83 922.49 1208.74 867.484 1276.34
# catch_bio_sd_in
 0.01 0.01 0.01 0.01 0.01 0.01 0.01 0.01 0.01 0.01 0.01 0.01 0.01 0.01 0.01 0.01 0.01 0.01 0.01 0.01 0.01 0.01 0.01 0.01 0.01 0.01 0.01 0.01 0.01 0.01
# nyrs_fsh_age
 30
# nyrs_fsh_length
 0
# yrs_fsh_age_in
 1 2 3 4 5 6 7 8 9 10 11 12 13 14 15 16 17 18 19 20 21 22 23 24 25 26 27 28 29 30
# yrs_fsh_length_in

# n_sample_fsh_length_in

# olc_fsh_in

# nind
1
# indname
survey_index1
# nyrs_ind
 30
# yrs_ind_in
 1 2 3 4 5 6 7 8 9 10 11 12 13 14 15 16 17 18 19 20 21 22 23 24 25 26 27 28 29 30
# mo_ind
 1
# obs_ind_in
 1.65337 1.45104 1.56624 1.47264 1.46193 1.66614 1.31959 1.67216 1.43778 1.42352 1.20902 1.14891 0.97316 1.0609 0.994163 0.970389 1.09551 1.08278 0.800736 0.521642 0.793285 0.647462 0.634133 0.495477 0.631486 0.624129 0.531438 0.539534 0.60224 0.484681
# obs_se_ind_in
 0.330675 0.290208 0.313249 0.294528 0.292385 0.333228 0.263919 0.334432 0.287556 0.284704 0.241804 0.229782 0.194632 0.21218 0.198833 0.194078 0.219102 0.216556 0.160147 0.104328 0.158657 0.129492 0.126827 0.0990954 0.126297 0.124826 0.106288 0.107907 0.120448 0.0969362
# nyrs_ind_age
 30
# nyrs_ind_length
 0
# yrs_ind_age_in
 1 2 3 4 5 6 7 8 9 10 11 12 13 14 15 16 17 18 19 20 21 22 23 24 25 26 27 28 29 30
# yrs_ind_length_in

# yrs_ind_age_in
 1 2 3 4 5 6 7 8 9 10 11 12 13 14 15 16 17 18 19 20 21 22 23 24 25 26 27 28 29 30
# n_sample_ind_length_in

# olc_ind_in

# oac_ind_in
 0.03 0.12 0.245 0.095 0.08 0.07 0.075 0.065 0.04 0.025 0.045 0.11
 0.07 0.175 0.13 0.105 0.11 0.065 0.04 0.025 0.045 0.085 0.025 0.125
 0.07 0.2 0.135 0.06 0.1 0.05 0.07 0.045 0.055 0.06 0.03 0.125
 0.03 0.125 0.185 0.13 0.11 0.08 0.08 0.075 0.025 0.05 0.03 0.08
 0.095 0.1 0.16 0.16 0.08 0.1 0.05 0.04 0.02 0.04 0.035 0.12
 0.08 0.185 0.09 0.155 0.12 0.08 0.05 0.07 0.025 0.045 0.005 0.095
 0.06 0.135 0.24 0.12 0.075 0.1 0.025 0.065 0.04 0.03 0.03 0.08
 0.065 0.095 0.25 0.185 0.085 0.04 0.05 0.05 0.045 0.02 0.045 0.07
 0.075 0.2 0.12 0.14 0.15 0.06 0.04 0.05 0.025 0.025 0.005 0.11
 0.08 0.185 0.195 0.1 0.13 0.06 0.035 0.05 0.055 0.03 0.015 0.065
 0.07 0.19 0.16 0.16 0.085 0.105 0.065 0.05 0.015 0.045 0.005 0.05
 0.085 0.205 0.2 0.1 0.09 0.085 0.07 0.03 0 0.01 0.025 0.1
 0.075 0.145 0.17 0.145 0.12 0.115 0.035 0.075 0.03 0.01 0.015 0.065
 0.08 0.195 0.175 0.135 0.115 0.065 0.06 0.035 0.035 0.01 0.015 0.08
 0.07 0.19 0.17 0.155 0.13 0.095 0.015 0.035 0.025 0.015 0.03 0.07
 0.12 0.19 0.19 0.14 0.1 0.08 0.05 0.04 0.03 0.015 0.02 0.025
 0.105 0.185 0.165 0.17 0.105 0.08 0.04 0.045 0.03 0.03 0.01 0.035
 0.065 0.185 0.21 0.155 0.115 0.05 0.045 0.04 0.035 0.015 0.04 0.045
 0.065 0.21 0.22 0.155 0.105 0.05 0.05 0.05 0.025 0.035 0 0.035
 0.055 0.25 0.195 0.145 0.12 0.055 0.045 0.035 0.02 0.035 0.01 0.035
 0.15 0.2 0.215 0.11 0.125 0.085 0.025 0.02 0.015 0.015 0.01 0.03
 0.12 0.33 0.18 0.155 0.05 0.05 0.04 0.015 0.015 0.01 0.005 0.03
 0.105 0.28 0.245 0.15 0.055 0.04 0.045 0.04 0.02 0 0.01 0.01
 0.115 0.22 0.23 0.19 0.08 0.065 0.025 0.01 0.03 0.02 0.005 0.01
 0.155 0.165 0.16 0.24 0.12 0.075 0.03 0.015 0.01 0.005 0 0.025
 0.1 0.33 0.21 0.125 0.11 0.025 0.035 0.02 0.015 0.015 0.005 0.01
 0.085 0.205 0.24 0.14 0.1 0.115 0.055 0.025 0.005 0.01 0.005 0.015
 0.145 0.23 0.185 0.19 0.075 0.085 0.02 0.005 0.02 0.005 0.025 0.015
 0.23 0.275 0.21 0.065 0.11 0.04 0.025 0.02 0.01 0.005 0.01 0
 0.1 0.295 0.265 0.175 0.065 0.05 0.025 0.015 0.005 0 0 0.005
# wt_ind
 1 1 1 1 1 1 1 1 1 1 1 1
 1 1 1 1 1 1 1 1 1 1 1 1
 1 1 1 1 1 1 1 1 1 1 1 1
 1 1 1 1 1 1 1 1 1 1 1 1
 1 1 1 1 1 1 1 1 1 1 1 1
 1 1 1 1 1 1 1 1 1 1 1 1
 1 1 1 1 1 1 1 1 1 1 1 1
 1 1 1 1 1 1 1 1 1 1 1 1
 1 1 1 1 1 1 1 1 1 1 1 1
 1 1 1 1 1 1 1 1 1 1 1 1
 1 1 1 1 1 1 1 1 1 1 1 1
 1 1 1 1 1 1 1 1 1 1 1 1
 1 1 1 1 1 1 1 1 1 1 1 1
 1 1 1 1 1 1 1 1 1 1 1 1
 1 1 1 1 1 1 1 1 1 1 1 1
 1 1 1 1 1 1 1 1 1 1 1 1
 1 1 1 1 1 1 1 1 1 1 1 1
 1 1 1 1 1 1 1 1 1 1 1 1
 1 1 1 1 1 1 1 1 1 1 1 1
 1 1 1 1 1 1 1 1 1 1 1 1
 1 1 1 1 1 1 1 1 1 1 1 1
 1 1 1 1 1 1 1 1 1 1 1 1
 1 1 1 1 1 1 1 1 1 1 1 1
 1 1 1 1 1 1 1 1 1 1 1 1
 1 1 1 1 1 1 1 1 1 1 1 1
 1 1 1 1 1 1 1 1 1 1 1 1
 1 1 1 1 1 1 1 1 1 1 1 1
 1 1 1 1 1 1 1 1 1 1 1 1
 1 1 1 1 1 1 1 1 1 1 1 1
 1 1 1 1 1 1 1 1 1 1 1 1
# wt_pop
 0.000530656 0.00119633 0.00205827 0.00303499 0.00405521 0.0050647 0.00602623 0.00691692 0.00772489 0.00844611 0.00908185 0.0096367
# maturity
 0.0229774 0.320821 0.904651 0.99478 0.999739 0.999987 0.999999 1 1 1 1 1
# spawnmo
1
# age_err
 1 0 0 0 0 0 0 0 0 0 0 0
 0 1 0 0 0 0 0 0 0 0 0 0
 0 0 1 0 0 0 0 0 0 0 0 0
 0 0 0 1 0 0 0 0 0 0 0 0
 0 0 0 0 1 0 0 0 0 0 0 0
 0 0 0 0 0 1 0 0 0 0 0 0
 0 0 0 0 0 0 1 0 0 0 0 0
 0 0 0 0 0 0 0 1 0 0 0 0
 0 0 0 0 0 0 0 0 1 0 0 0
 0 0 0 0 0 0 0 0 0 1 0 0
 0 0 0 0 0 0 0 0 0 0 1 0
 0 0 0 0 0 0 0 0 0 0 0 1
# cntrlfile_name
C:\Users\bai.li\Desktop\s1_test\AMAK\s137\amak.dat
# Map shared selectivity: 
# sel_map
 1 2
 1 1
# datafile_name
amak_data.dat
# model_name
OM_1
# SrType
2
# use_age_err
0
# retro
0
# sigmarprior
0.2
# cvsigmarprior
0.25
# phase_sigmar
-3
# styr_rec_est
1
# endyr_rec_est
30
# Linfprior
80
# cvLinfprior
0.25
# kprior
0.18
# cvkprior
0.25
# Loprior
27.688
# cvLoprior
0.25
# sdageprior
0.1
# cvsdageprior
0.25
# natmortprior
0.2
# cvnatmortprior
0.25
# phase_M
-4
# npars_Mage
0
# ages_M_changes

# Mage_in

# phase_Mage
-5
# phase_rw_M
0
# npars_rw_M
0
# yrs_rw_M

# sigma_rw_M

# qprior
 3.48998e-007
# cvqprior
 1
# phase_q
 1
# q_power_prior
 1
# cvq_power_prior
 0.2
# phase_q_power
 -4
# phase_rw_q
 -1
# npars_rw_q
 0
# yrs_rw_q

# sigma_rw_q

# q_age_min
 1
# q_age_max
 12
# q_age_min
 1
# q_age_max
 12
# fsh_sel_opt(k)
2
# phase_sel_fsh(k)
-2
# n_sel_ch_fsh(k)
1
# sel_slp_in_fsh(k)(1,n_sel_ch_fsh(k))
 1
# sel_inf_in_fsh(k)(1,n_sel_ch_fsh(k))
 2
# logsel_slp_in_fsh(k)(1,n_sel_ch_fsh(k))
 0
# yrs_sel_ch_fsh(k)(1,n_sel_ch_fsh(k))
 1

Survey survey_index1
# ind_sel_opt(k)
2
# indname(k)
survey_index1
# nselages_in_ind(k)
11
# phase_sel_ind(k)
-2
# sel_change_in_ind(k)
 1 0 0 0 0 0 0 0 0 0 0 0 0 0 0 0 0 0 0 0 0 0 0 0 0 0 0 0 0 0
# n_sel_ch_ind(k)
1
# yrs_sel_ch_ind(k)(1,n_sel_ch_ind(k))
 1
# sel_slp_in_ind(k,1)
2
# sel_inf_in_ind(k,1)
1.5
# logsel_slp_in_ind(k,1)
0.693147
# logsel_slp_in_indv(k)
0.693147
survey_index1 ind sel opt 2  1 0 0 0 0 0 0 0 0 0 0 0 0 0 0 0 0 0 0 0 0 0 0 0 0 0 0 0 0 0
Phase indices Sel_Coffs:  -1
 Test: 1.23457e+008
# Fshry Selages:  11
# Srvy  Selages:  11
# Phase for age-spec fishery  -1
# Phase for logistic fishery  -2
# Phase for dble logistic fishery  -1
# Phase for age-spec indices   -1
# Phase for logistic indices   -2
# Phase for dble logistic ind  -1
# Curv_pen_fsh: 
 0
# Curv_pen_ind: 
 0
# styr_fut
31
# endyr_fut
35
# nyrs_fsh_age
 30
# nyrs_fsh_age
 30
# yrs_fsh_age
 1 2 3 4 5 6 7 8 9 10 11 12 13 14 15 16 17 18 19 20 21 22 23 24 25 26 27 28 29 30
# n_sample_fsh_age
 200 200 200 200 200 200 200 200 200 200 200 200 200 200 200 200 200 200 200 200 200 200 200 200 200 200 200 200 200 200
# oac_fsh
 0.06 0.085 0.065 0.125 0.115 0.1 0.1 0.07 0.035 0.04 0.04 0.165
 0.09 0.12 0.105 0.145 0.085 0.09 0.085 0.045 0.065 0.03 0.025 0.115
 0.08 0.145 0.11 0.1 0.1 0.075 0.065 0.035 0.09 0.04 0.03 0.13
 0.025 0.06 0.16 0.15 0.14 0.055 0.09 0.075 0.055 0.05 0.035 0.105
 0.09 0.08 0.095 0.2 0.09 0.1 0.08 0.07 0.03 0.02 0.03 0.115
 0.06 0.115 0.135 0.115 0.11 0.075 0.07 0.06 0.06 0.02 0.03 0.15
 0.07 0.175 0.18 0.065 0.085 0.09 0.075 0.055 0.055 0.045 0.035 0.07
 0.11 0.115 0.13 0.135 0.075 0.085 0.105 0.065 0.01 0.035 0.015 0.12
 0.095 0.165 0.13 0.115 0.155 0.06 0.05 0.055 0.055 0.015 0.025 0.08
 0.105 0.12 0.16 0.115 0.125 0.1 0.04 0.05 0.065 0.025 0.005 0.09
 0.115 0.125 0.145 0.195 0.075 0.09 0.065 0.035 0.01 0.035 0.025 0.085
 0.085 0.17 0.2 0.09 0.16 0.04 0.06 0.07 0.025 0.02 0.02 0.06
 0.055 0.125 0.195 0.125 0.105 0.11 0.025 0.055 0.075 0.025 0.015 0.09
 0.095 0.125 0.14 0.17 0.135 0.065 0.07 0.06 0.04 0.03 0.015 0.055
 0.11 0.175 0.105 0.135 0.115 0.1 0.05 0.055 0.04 0.025 0.025 0.065
 0.155 0.14 0.18 0.13 0.09 0.085 0.06 0.035 0.03 0.01 0.035 0.05
 0.1 0.13 0.18 0.17 0.14 0.085 0.05 0.04 0.025 0.025 0.03 0.025
 0.07 0.195 0.15 0.13 0.11 0.1 0.065 0.04 0.015 0.005 0.035 0.085
 0.075 0.145 0.2 0.205 0.1 0.07 0.08 0.03 0.015 0.02 0.01 0.05
 0.135 0.175 0.15 0.2 0.08 0.095 0.07 0.015 0.01 0.02 0.01 0.04
 0.165 0.115 0.21 0.155 0.13 0.07 0.035 0.04 0.035 0.01 0.005 0.03
 0.155 0.205 0.12 0.18 0.095 0.085 0.04 0.035 0.01 0.03 0.01 0.035
 0.105 0.245 0.215 0.11 0.115 0.045 0.085 0.025 0.02 0.015 0 0.02
 0.155 0.18 0.195 0.175 0.06 0.075 0.035 0.045 0.025 0.02 0.005 0.03
 0.195 0.115 0.205 0.2 0.145 0.04 0.02 0.015 0.015 0.035 0 0.015
 0.14 0.285 0.2 0.11 0.1 0.085 0.025 0.015 0.015 0.01 0.01 0.005
 0.145 0.17 0.255 0.17 0.105 0.055 0.025 0.025 0.015 0.025 0 0.01
 0.17 0.215 0.185 0.17 0.08 0.055 0.075 0.02 0.015 0.01 0 0.005
 0.185 0.255 0.215 0.125 0.095 0.05 0.025 0.02 0.01 0.01 0 0.01
 0.155 0.305 0.165 0.19 0.06 0.06 0.02 0.015 0.025 0 0 0.005
# olc_fsh

# wt_fsh
 0.000530656 0.00119633 0.00205827 0.00303499 0.00405521 0.0050647 0.00602623 0.00691692 0.00772489 0.00844611 0.00908185 0.0096367
 0.000530656 0.00119633 0.00205827 0.00303499 0.00405521 0.0050647 0.00602623 0.00691692 0.00772489 0.00844611 0.00908185 0.0096367
 0.000530656 0.00119633 0.00205827 0.00303499 0.00405521 0.0050647 0.00602623 0.00691692 0.00772489 0.00844611 0.00908185 0.0096367
 0.000530656 0.00119633 0.00205827 0.00303499 0.00405521 0.0050647 0.00602623 0.00691692 0.00772489 0.00844611 0.00908185 0.0096367
 0.000530656 0.00119633 0.00205827 0.00303499 0.00405521 0.0050647 0.00602623 0.00691692 0.00772489 0.00844611 0.00908185 0.0096367
 0.000530656 0.00119633 0.00205827 0.00303499 0.00405521 0.0050647 0.00602623 0.00691692 0.00772489 0.00844611 0.00908185 0.0096367
 0.000530656 0.00119633 0.00205827 0.00303499 0.00405521 0.0050647 0.00602623 0.00691692 0.00772489 0.00844611 0.00908185 0.0096367
 0.000530656 0.00119633 0.00205827 0.00303499 0.00405521 0.0050647 0.00602623 0.00691692 0.00772489 0.00844611 0.00908185 0.0096367
 0.000530656 0.00119633 0.00205827 0.00303499 0.00405521 0.0050647 0.00602623 0.00691692 0.00772489 0.00844611 0.00908185 0.0096367
 0.000530656 0.00119633 0.00205827 0.00303499 0.00405521 0.0050647 0.00602623 0.00691692 0.00772489 0.00844611 0.00908185 0.0096367
 0.000530656 0.00119633 0.00205827 0.00303499 0.00405521 0.0050647 0.00602623 0.00691692 0.00772489 0.00844611 0.00908185 0.0096367
 0.000530656 0.00119633 0.00205827 0.00303499 0.00405521 0.0050647 0.00602623 0.00691692 0.00772489 0.00844611 0.00908185 0.0096367
 0.000530656 0.00119633 0.00205827 0.00303499 0.00405521 0.0050647 0.00602623 0.00691692 0.00772489 0.00844611 0.00908185 0.0096367
 0.000530656 0.00119633 0.00205827 0.00303499 0.00405521 0.0050647 0.00602623 0.00691692 0.00772489 0.00844611 0.00908185 0.0096367
 0.000530656 0.00119633 0.00205827 0.00303499 0.00405521 0.0050647 0.00602623 0.00691692 0.00772489 0.00844611 0.00908185 0.0096367
 0.000530656 0.00119633 0.00205827 0.00303499 0.00405521 0.0050647 0.00602623 0.00691692 0.00772489 0.00844611 0.00908185 0.0096367
 0.000530656 0.00119633 0.00205827 0.00303499 0.00405521 0.0050647 0.00602623 0.00691692 0.00772489 0.00844611 0.00908185 0.0096367
 0.000530656 0.00119633 0.00205827 0.00303499 0.00405521 0.0050647 0.00602623 0.00691692 0.00772489 0.00844611 0.00908185 0.0096367
 0.000530656 0.00119633 0.00205827 0.00303499 0.00405521 0.0050647 0.00602623 0.00691692 0.00772489 0.00844611 0.00908185 0.0096367
 0.000530656 0.00119633 0.00205827 0.00303499 0.00405521 0.0050647 0.00602623 0.00691692 0.00772489 0.00844611 0.00908185 0.0096367
 0.000530656 0.00119633 0.00205827 0.00303499 0.00405521 0.0050647 0.00602623 0.00691692 0.00772489 0.00844611 0.00908185 0.0096367
 0.000530656 0.00119633 0.00205827 0.00303499 0.00405521 0.0050647 0.00602623 0.00691692 0.00772489 0.00844611 0.00908185 0.0096367
 0.000530656 0.00119633 0.00205827 0.00303499 0.00405521 0.0050647 0.00602623 0.00691692 0.00772489 0.00844611 0.00908185 0.0096367
 0.000530656 0.00119633 0.00205827 0.00303499 0.00405521 0.0050647 0.00602623 0.00691692 0.00772489 0.00844611 0.00908185 0.0096367
 0.000530656 0.00119633 0.00205827 0.00303499 0.00405521 0.0050647 0.00602623 0.00691692 0.00772489 0.00844611 0.00908185 0.0096367
 0.000530656 0.00119633 0.00205827 0.00303499 0.00405521 0.0050647 0.00602623 0.00691692 0.00772489 0.00844611 0.00908185 0.0096367
 0.000530656 0.00119633 0.00205827 0.00303499 0.00405521 0.0050647 0.00602623 0.00691692 0.00772489 0.00844611 0.00908185 0.0096367
 0.000530656 0.00119633 0.00205827 0.00303499 0.00405521 0.0050647 0.00602623 0.00691692 0.00772489 0.00844611 0.00908185 0.0096367
 0.000530656 0.00119633 0.00205827 0.00303499 0.00405521 0.0050647 0.00602623 0.00691692 0.00772489 0.00844611 0.00908185 0.0096367
 0.000530656 0.00119633 0.00205827 0.00303499 0.00405521 0.0050647 0.00602623 0.00691692 0.00772489 0.00844611 0.00908185 0.0096367
# nyrs_ind_age
 30
# yrs_ind_age
 1 2 3 4 5 6 7 8 9 10 11 12 13 14 15 16 17 18 19 20 21 22 23 24 25 26 27 28 29 30
# n_sample_ind_age
 200 200 200 200 200 200 200 200 200 200 200 200 200 200 200 200 200 200 200 200 200 200 200 200 200 200 200 200 200 200
# oac_ind
 0.03 0.12 0.245 0.095 0.08 0.07 0.075 0.065 0.04 0.025 0.045 0.11
 0.07 0.175 0.13 0.105 0.11 0.065 0.04 0.025 0.045 0.085 0.025 0.125
 0.07 0.2 0.135 0.06 0.1 0.05 0.07 0.045 0.055 0.06 0.03 0.125
 0.03 0.125 0.185 0.13 0.11 0.08 0.08 0.075 0.025 0.05 0.03 0.08
 0.095 0.1 0.16 0.16 0.08 0.1 0.05 0.04 0.02 0.04 0.035 0.12
 0.08 0.185 0.09 0.155 0.12 0.08 0.05 0.07 0.025 0.045 0.005 0.095
 0.06 0.135 0.24 0.12 0.075 0.1 0.025 0.065 0.04 0.03 0.03 0.08
 0.065 0.095 0.25 0.185 0.085 0.04 0.05 0.05 0.045 0.02 0.045 0.07
 0.075 0.2 0.12 0.14 0.15 0.06 0.04 0.05 0.025 0.025 0.005 0.11
 0.08 0.185 0.195 0.1 0.13 0.06 0.035 0.05 0.055 0.03 0.015 0.065
 0.07 0.19 0.16 0.16 0.085 0.105 0.065 0.05 0.015 0.045 0.005 0.05
 0.085 0.205 0.2 0.1 0.09 0.085 0.07 0.03 0 0.01 0.025 0.1
 0.075 0.145 0.17 0.145 0.12 0.115 0.035 0.075 0.03 0.01 0.015 0.065
 0.08 0.195 0.175 0.135 0.115 0.065 0.06 0.035 0.035 0.01 0.015 0.08
 0.07 0.19 0.17 0.155 0.13 0.095 0.015 0.035 0.025 0.015 0.03 0.07
 0.12 0.19 0.19 0.14 0.1 0.08 0.05 0.04 0.03 0.015 0.02 0.025
 0.105 0.185 0.165 0.17 0.105 0.08 0.04 0.045 0.03 0.03 0.01 0.035
 0.065 0.185 0.21 0.155 0.115 0.05 0.045 0.04 0.035 0.015 0.04 0.045
 0.065 0.21 0.22 0.155 0.105 0.05 0.05 0.05 0.025 0.035 0 0.035
 0.055 0.25 0.195 0.145 0.12 0.055 0.045 0.035 0.02 0.035 0.01 0.035
 0.15 0.2 0.215 0.11 0.125 0.085 0.025 0.02 0.015 0.015 0.01 0.03
 0.12 0.33 0.18 0.155 0.05 0.05 0.04 0.015 0.015 0.01 0.005 0.03
 0.105 0.28 0.245 0.15 0.055 0.04 0.045 0.04 0.02 0 0.01 0.01
 0.115 0.22 0.23 0.19 0.08 0.065 0.025 0.01 0.03 0.02 0.005 0.01
 0.155 0.165 0.16 0.24 0.12 0.075 0.03 0.015 0.01 0.005 0 0.025
 0.1 0.33 0.21 0.125 0.11 0.025 0.035 0.02 0.015 0.015 0.005 0.01
 0.085 0.205 0.24 0.14 0.1 0.115 0.055 0.025 0.005 0.01 0.005 0.015
 0.145 0.23 0.185 0.19 0.075 0.085 0.02 0.005 0.02 0.005 0.025 0.015
 0.23 0.275 0.21 0.065 0.11 0.04 0.025 0.02 0.01 0.005 0.01 0
 0.1 0.295 0.265 0.175 0.065 0.05 0.025 0.015 0.005 0 0 0.005
# olc_ind

# obs_lse_ind
 0.198042 0.198042 0.198042 0.198042 0.198042 0.198042 0.198042 0.198042 0.198042 0.198042 0.198042 0.198042 0.198042 0.198042 0.198042 0.198042 0.198042 0.198042 0.198042 0.198042 0.198042 0.198042 0.198042 0.198042 0.198042 0.198042 0.198042 0.198042 0.198042 0.198042
# xages_fsh
 0 0 0 0 0 0 0 0 0 0 0 0
# xages_fsh
 0 0.0909091 0.181818 0.272727 0.363636 0.454545 0.545455 0.636364 0.727273 0.818182 0.909091 1
# xnodes_fsh

Yrs fsh_sel change:  1 0 0 0 0 0 0 0 0 0 0 0 0 0 0 0 0 0 0 0 0 0 0 0 0 0 0 0 0
Yrs ind_sel change:  1 0 0 0 0 0 0 0 0 0 0 0 0 0 0 0 0 0 0 0 0 0 0 0 0 0 0 0 0
# steepnessprior
0.75
# sigmarprior
0.2
#  SSB estimated in styr endyr: -12 28 
#  Rec estimated in styr endyr: -10 30 
#  SR Curve fit  in styr endyr: 1 30 
#             Model styr endyr: 1 30 
# qprior
 3.48998e-007
# q_power_prior 
 1 
# cv_catchbiomass 
0.05 
# CatchbiomassPen 
200 
# Number of projection years 
5 
# offset_fsh
 13424.5
# offset_ind
 13064.8
Mean Catch
1276.43
R_guess 
13.8155
# nfsh
1
# n_sel_ch_fsh
 1
# nselages_fsh
 11
# phase_selcoff_fsh
 -1
logRzero 13.8155
logmeanrec 13.8155
exp(log_sigmarprior 0.2
Fish sel phase: -1 OM1
Fixing fishery sel to
1
Fixing fishery sel to
1
Srvy sel phase: -1
Fixing survey_index1 indices sel to
1
Fixing index sel to
1
# logsel_slp_in_indv
 0.693147
Leaving parameter init secton
# M
 0.2 0.2 0.2 0.2 0.2 0.2 0.2 0.2 0.2 0.2 0.2 0.2
 0.2 0.2 0.2 0.2 0.2 0.2 0.2 0.2 0.2 0.2 0.2 0.2
 0.2 0.2 0.2 0.2 0.2 0.2 0.2 0.2 0.2 0.2 0.2 0.2
 0.2 0.2 0.2 0.2 0.2 0.2 0.2 0.2 0.2 0.2 0.2 0.2
 0.2 0.2 0.2 0.2 0.2 0.2 0.2 0.2 0.2 0.2 0.2 0.2
 0.2 0.2 0.2 0.2 0.2 0.2 0.2 0.2 0.2 0.2 0.2 0.2
 0.2 0.2 0.2 0.2 0.2 0.2 0.2 0.2 0.2 0.2 0.2 0.2
 0.2 0.2 0.2 0.2 0.2 0.2 0.2 0.2 0.2 0.2 0.2 0.2
 0.2 0.2 0.2 0.2 0.2 0.2 0.2 0.2 0.2 0.2 0.2 0.2
 0.2 0.2 0.2 0.2 0.2 0.2 0.2 0.2 0.2 0.2 0.2 0.2
 0.2 0.2 0.2 0.2 0.2 0.2 0.2 0.2 0.2 0.2 0.2 0.2
 0.2 0.2 0.2 0.2 0.2 0.2 0.2 0.2 0.2 0.2 0.2 0.2
 0.2 0.2 0.2 0.2 0.2 0.2 0.2 0.2 0.2 0.2 0.2 0.2
 0.2 0.2 0.2 0.2 0.2 0.2 0.2 0.2 0.2 0.2 0.2 0.2
 0.2 0.2 0.2 0.2 0.2 0.2 0.2 0.2 0.2 0.2 0.2 0.2
 0.2 0.2 0.2 0.2 0.2 0.2 0.2 0.2 0.2 0.2 0.2 0.2
 0.2 0.2 0.2 0.2 0.2 0.2 0.2 0.2 0.2 0.2 0.2 0.2
 0.2 0.2 0.2 0.2 0.2 0.2 0.2 0.2 0.2 0.2 0.2 0.2
 0.2 0.2 0.2 0.2 0.2 0.2 0.2 0.2 0.2 0.2 0.2 0.2
 0.2 0.2 0.2 0.2 0.2 0.2 0.2 0.2 0.2 0.2 0.2 0.2
 0.2 0.2 0.2 0.2 0.2 0.2 0.2 0.2 0.2 0.2 0.2 0.2
 0.2 0.2 0.2 0.2 0.2 0.2 0.2 0.2 0.2 0.2 0.2 0.2
 0.2 0.2 0.2 0.2 0.2 0.2 0.2 0.2 0.2 0.2 0.2 0.2
 0.2 0.2 0.2 0.2 0.2 0.2 0.2 0.2 0.2 0.2 0.2 0.2
 0.2 0.2 0.2 0.2 0.2 0.2 0.2 0.2 0.2 0.2 0.2 0.2
 0.2 0.2 0.2 0.2 0.2 0.2 0.2 0.2 0.2 0.2 0.2 0.2
 0.2 0.2 0.2 0.2 0.2 0.2 0.2 0.2 0.2 0.2 0.2 0.2
 0.2 0.2 0.2 0.2 0.2 0.2 0.2 0.2 0.2 0.2 0.2 0.2
 0.2 0.2 0.2 0.2 0.2 0.2 0.2 0.2 0.2 0.2 0.2 0.2
 0.2 0.2 0.2 0.2 0.2 0.2 0.2 0.2 0.2 0.2 0.2 0.2
# mean_log_rec
13.7376
# log_Rzero
13.7814
# rec_dev
 -0.13532 0.00235544 -0.148058 0.00708906 0.135876 0.135745 -0.102023 0.0260802 0.0398101 0.0859857 0.00198674 0.0741446 0.35511 -0.0185975 -0.1835 0.358358 0.284968 -0.0627693 0.31127 -0.0273033 0.156127 0.12581 -0.0303416 -0.033419 0.0456524 -0.0432137 0.0532986 0.0445172 -0.267568 -0.149771 -0.326455 0.0174765 -0.00499223 -0.31402 -0.394188 -0.094886 -0.502375 -0.287169 -0.209272 -0.035905 -0.386886
# fmort
 0.00926358 0.0275416 0.0455104 0.0617736 0.0492933 0.089615 0.0902154 0.191889 0.113338 0.137095 0.155231 0.16598 0.119742 0.174167 0.184968 0.164439 0.324513 0.267666 0.265992 0.262253 0.3662 0.265788 0.442626 0.371505 0.37138 0.342517 0.334755 0.472193 0.357883 0.55505
# rec_dev_future
 0 0 0 0 0
