AMAK;August_2013
# styr
1
# endyr
30
# rec_age
1
# oldest_age
12
# nlength
81
# len_bins
 10 11 12 13 14 15 16 17 18 19 20 21 22 23 24 25 26 27 28 29 30 31 32 33 34 35 36 37 38 39 40 41 42 43 44 45 46 47 48 49 50 51 52 53 54 55 56 57 58 59 60 61 62 63 64 65 66 67 68 69 70 71 72 73 74 75 76 77 78 79 80 81 82 83 84 85 86 87 88 89 90
# datafile_name
amak_data.dat
# model_name
OM_1
# styr
1
# endyr
30
# rec_age
1
# oldest_age
12
# nfsh
1
# fshname
OM1
# catch_bio_in
 160.517 468.4 757.109 993.956 769.057 1326.4 1277.22 2488.31 1328.62 1531.28 1612.46 1617.33 1096.85 1521.45 1508.71 1264.6 2239.25 1621.23 1474.61 1322.96 1629.91 1080.8 1628.26 1198.52 1115.11 971.53 920.869 1210.42 863.603 1272.53
# catch_bio_sd_in
 0.01 0.01 0.01 0.01 0.01 0.01 0.01 0.01 0.01 0.01 0.01 0.01 0.01 0.01 0.01 0.01 0.01 0.01 0.01 0.01 0.01 0.01 0.01 0.01 0.01 0.01 0.01 0.01 0.01 0.01
# nyrs_fsh_age
 30
# nyrs_fsh_length
 0
# yrs_fsh_age_in
 1 2 3 4 5 6 7 8 9 10 11 12 13 14 15 16 17 18 19 20 21 22 23 24 25 26 27 28 29 30
# yrs_fsh_length_in

# n_sample_fsh_length_in

# olc_fsh_in

# nind
1
# indname
survey_index1
# nyrs_ind
 30
# yrs_ind_in
 1 2 3 4 5 6 7 8 9 10 11 12 13 14 15 16 17 18 19 20 21 22 23 24 25 26 27 28 29 30
# mo_ind
 1
# obs_ind_in
 1.4007 1.45938 1.36616 1.76243 1.30253 1.55746 1.43341 1.31912 1.3664 1.12043 1.27873 1.30175 1.29649 1.08362 0.999423 1.00735 0.981964 0.961846 0.826326 0.660212 0.689775 0.618676 0.697982 0.608396 0.517865 0.599255 0.530923 0.554774 0.470548 0.517628
# obs_se_ind_in
 0.28014 0.291877 0.273232 0.352486 0.260507 0.311491 0.286681 0.263823 0.273279 0.224087 0.255745 0.26035 0.259299 0.216725 0.199885 0.201471 0.196393 0.192369 0.165265 0.132042 0.137955 0.123735 0.139596 0.121679 0.103573 0.119851 0.106185 0.110955 0.0941096 0.103526
# nyrs_ind_age
 30
# nyrs_ind_length
 0
# yrs_ind_age_in
 1 2 3 4 5 6 7 8 9 10 11 12 13 14 15 16 17 18 19 20 21 22 23 24 25 26 27 28 29 30
# yrs_ind_length_in

# yrs_ind_age_in
 1 2 3 4 5 6 7 8 9 10 11 12 13 14 15 16 17 18 19 20 21 22 23 24 25 26 27 28 29 30
# n_sample_ind_length_in

# olc_ind_in

# oac_ind_in
 0.055 0.145 0.125 0.125 0.065 0.09 0.09 0.07 0.055 0.045 0.025 0.11
 0.105 0.125 0.135 0.115 0.095 0.065 0.08 0.055 0.045 0.04 0.04 0.1
 0.065 0.185 0.145 0.1 0.11 0.06 0.06 0.03 0.055 0.055 0.01 0.125
 0.1 0.125 0.22 0.12 0.08 0.065 0.07 0.045 0.015 0.04 0.03 0.09
 0.065 0.095 0.15 0.15 0.115 0.075 0.08 0.06 0.045 0.015 0.035 0.115
 0.08 0.195 0.165 0.095 0.105 0.065 0.06 0.035 0.03 0.03 0.035 0.105
 0.05 0.175 0.2 0.14 0.13 0.04 0.05 0.055 0.025 0.015 0.025 0.095
 0.09 0.125 0.25 0.09 0.06 0.065 0.1 0.025 0.005 0.03 0.055 0.105
 0.09 0.15 0.135 0.17 0.155 0.03 0.055 0.05 0.035 0.02 0.02 0.09
 0.06 0.09 0.205 0.145 0.16 0.085 0.035 0.045 0.03 0.03 0.015 0.1
 0.075 0.215 0.145 0.15 0.085 0.085 0.09 0.035 0.035 0.015 0.015 0.055
 0.155 0.175 0.19 0.09 0.11 0.065 0.05 0.06 0.005 0.015 0.02 0.065
 0.1 0.135 0.2 0.135 0.12 0.08 0.05 0.05 0.05 0.015 0.015 0.05
 0.1 0.145 0.17 0.18 0.1 0.095 0.055 0.06 0.035 0 0.015 0.045
 0.07 0.2 0.21 0.12 0.09 0.06 0.06 0.05 0.055 0.015 0.03 0.04
 0.1 0.105 0.255 0.125 0.08 0.105 0.06 0.03 0.03 0.025 0.035 0.05
 0.12 0.22 0.2 0.14 0.07 0.045 0.055 0.045 0.025 0.015 0 0.065
 0.1 0.225 0.195 0.115 0.1 0.085 0.04 0.025 0.025 0.02 0.01 0.06
 0.095 0.175 0.22 0.18 0.095 0.08 0.025 0.02 0.05 0.02 0.015 0.025
 0.055 0.235 0.145 0.19 0.14 0.045 0.03 0.05 0.035 0.02 0.005 0.05
 0.14 0.16 0.24 0.16 0.11 0.06 0.035 0.035 0.02 0.01 0.01 0.02
 0.145 0.235 0.155 0.18 0.07 0.065 0.055 0.025 0.02 0.015 0.015 0.02
 0.08 0.27 0.19 0.175 0.065 0.05 0.085 0.02 0.01 0.01 0.005 0.04
 0.12 0.19 0.25 0.185 0.05 0.07 0.02 0.02 0.02 0.035 0.01 0.03
 0.15 0.25 0.2 0.175 0.105 0.025 0.02 0.01 0.02 0.005 0 0.04
 0.09 0.3 0.175 0.15 0.1 0.065 0.045 0.01 0.02 0.035 0 0.01
 0.115 0.21 0.275 0.135 0.105 0.06 0.04 0.015 0.015 0.01 0.01 0.01
 0.17 0.225 0.195 0.13 0.075 0.085 0.05 0.025 0.015 0.02 0.01 0
 0.19 0.27 0.23 0.1 0.085 0.05 0.015 0.02 0.015 0.005 0.01 0.01
 0.105 0.36 0.18 0.135 0.09 0.06 0.025 0.01 0.015 0.01 0.005 0.005
# wt_ind
 1 1 1 1 1 1 1 1 1 1 1 1
 1 1 1 1 1 1 1 1 1 1 1 1
 1 1 1 1 1 1 1 1 1 1 1 1
 1 1 1 1 1 1 1 1 1 1 1 1
 1 1 1 1 1 1 1 1 1 1 1 1
 1 1 1 1 1 1 1 1 1 1 1 1
 1 1 1 1 1 1 1 1 1 1 1 1
 1 1 1 1 1 1 1 1 1 1 1 1
 1 1 1 1 1 1 1 1 1 1 1 1
 1 1 1 1 1 1 1 1 1 1 1 1
 1 1 1 1 1 1 1 1 1 1 1 1
 1 1 1 1 1 1 1 1 1 1 1 1
 1 1 1 1 1 1 1 1 1 1 1 1
 1 1 1 1 1 1 1 1 1 1 1 1
 1 1 1 1 1 1 1 1 1 1 1 1
 1 1 1 1 1 1 1 1 1 1 1 1
 1 1 1 1 1 1 1 1 1 1 1 1
 1 1 1 1 1 1 1 1 1 1 1 1
 1 1 1 1 1 1 1 1 1 1 1 1
 1 1 1 1 1 1 1 1 1 1 1 1
 1 1 1 1 1 1 1 1 1 1 1 1
 1 1 1 1 1 1 1 1 1 1 1 1
 1 1 1 1 1 1 1 1 1 1 1 1
 1 1 1 1 1 1 1 1 1 1 1 1
 1 1 1 1 1 1 1 1 1 1 1 1
 1 1 1 1 1 1 1 1 1 1 1 1
 1 1 1 1 1 1 1 1 1 1 1 1
 1 1 1 1 1 1 1 1 1 1 1 1
 1 1 1 1 1 1 1 1 1 1 1 1
 1 1 1 1 1 1 1 1 1 1 1 1
# wt_pop
 0.000530656 0.00119633 0.00205827 0.00303499 0.00405521 0.0050647 0.00602623 0.00691692 0.00772489 0.00844611 0.00908185 0.0096367
# maturity
 0.0229774 0.320821 0.904651 0.99478 0.999739 0.999987 0.999999 1 1 1 1 1
# spawnmo
1
# age_err
 1 0 0 0 0 0 0 0 0 0 0 0
 0 1 0 0 0 0 0 0 0 0 0 0
 0 0 1 0 0 0 0 0 0 0 0 0
 0 0 0 1 0 0 0 0 0 0 0 0
 0 0 0 0 1 0 0 0 0 0 0 0
 0 0 0 0 0 1 0 0 0 0 0 0
 0 0 0 0 0 0 1 0 0 0 0 0
 0 0 0 0 0 0 0 1 0 0 0 0
 0 0 0 0 0 0 0 0 1 0 0 0
 0 0 0 0 0 0 0 0 0 1 0 0
 0 0 0 0 0 0 0 0 0 0 1 0
 0 0 0 0 0 0 0 0 0 0 0 1
# cntrlfile_name
C:\Users\bai.li\Desktop\s1_test\AMAK\s152\amak.dat
# Map shared selectivity: 
# sel_map
 1 2
 1 1
# datafile_name
amak_data.dat
# model_name
OM_1
# SrType
2
# use_age_err
0
# retro
0
# sigmarprior
0.2
# cvsigmarprior
0.25
# phase_sigmar
-3
# styr_rec_est
1
# endyr_rec_est
30
# Linfprior
80
# cvLinfprior
0.25
# kprior
0.18
# cvkprior
0.25
# Loprior
27.688
# cvLoprior
0.25
# sdageprior
0.1
# cvsdageprior
0.25
# natmortprior
0.2
# cvnatmortprior
0.25
# phase_M
-4
# npars_Mage
0
# ages_M_changes

# Mage_in

# phase_Mage
-5
# phase_rw_M
0
# npars_rw_M
0
# yrs_rw_M

# sigma_rw_M

# qprior
 3.48998e-007
# cvqprior
 1
# phase_q
 1
# q_power_prior
 1
# cvq_power_prior
 0.2
# phase_q_power
 -4
# phase_rw_q
 -1
# npars_rw_q
 0
# yrs_rw_q

# sigma_rw_q

# q_age_min
 1
# q_age_max
 12
# q_age_min
 1
# q_age_max
 12
# fsh_sel_opt(k)
2
# phase_sel_fsh(k)
-2
# n_sel_ch_fsh(k)
1
# sel_slp_in_fsh(k)(1,n_sel_ch_fsh(k))
 1
# sel_inf_in_fsh(k)(1,n_sel_ch_fsh(k))
 2
# logsel_slp_in_fsh(k)(1,n_sel_ch_fsh(k))
 0
# yrs_sel_ch_fsh(k)(1,n_sel_ch_fsh(k))
 1

Survey survey_index1
# ind_sel_opt(k)
2
# indname(k)
survey_index1
# nselages_in_ind(k)
11
# phase_sel_ind(k)
-2
# sel_change_in_ind(k)
 1 0 0 0 0 0 0 0 0 0 0 0 0 0 0 0 0 0 0 0 0 0 0 0 0 0 0 0 0 0
# n_sel_ch_ind(k)
1
# yrs_sel_ch_ind(k)(1,n_sel_ch_ind(k))
 1
# sel_slp_in_ind(k,1)
2
# sel_inf_in_ind(k,1)
1.5
# logsel_slp_in_ind(k,1)
0.693147
# logsel_slp_in_indv(k)
0.693147
survey_index1 ind sel opt 2  1 0 0 0 0 0 0 0 0 0 0 0 0 0 0 0 0 0 0 0 0 0 0 0 0 0 0 0 0 0
Phase indices Sel_Coffs:  -1
 Test: 1.23457e+008
# Fshry Selages:  11
# Srvy  Selages:  11
# Phase for age-spec fishery  -1
# Phase for logistic fishery  -2
# Phase for dble logistic fishery  -1
# Phase for age-spec indices   -1
# Phase for logistic indices   -2
# Phase for dble logistic ind  -1
# Curv_pen_fsh: 
 0
# Curv_pen_ind: 
 0
# styr_fut
31
# endyr_fut
35
# nyrs_fsh_age
 30
# nyrs_fsh_age
 30
# yrs_fsh_age
 1 2 3 4 5 6 7 8 9 10 11 12 13 14 15 16 17 18 19 20 21 22 23 24 25 26 27 28 29 30
# n_sample_fsh_age
 200 200 200 200 200 200 200 200 200 200 200 200 200 200 200 200 200 200 200 200 200 200 200 200 200 200 200 200 200 200
# oac_fsh
 0.115 0.11 0.085 0.105 0.08 0.065 0.055 0.05 0.085 0.07 0.025 0.155
 0.095 0.115 0.15 0.095 0.12 0.095 0.075 0.05 0.02 0.035 0.04 0.11
 0.06 0.18 0.12 0.105 0.1 0.09 0.065 0.065 0.035 0.02 0.035 0.125
 0.06 0.105 0.145 0.08 0.11 0.09 0.075 0.075 0.04 0.035 0.03 0.155
 0.1 0.055 0.085 0.21 0.11 0.09 0.06 0.06 0.065 0.04 0.02 0.105
 0.075 0.145 0.105 0.14 0.125 0.07 0.08 0.03 0.04 0.025 0.03 0.135
 0.08 0.165 0.18 0.085 0.085 0.085 0.07 0.045 0.055 0.03 0.025 0.095
 0.11 0.105 0.155 0.155 0.1 0.06 0.055 0.06 0.035 0.03 0.035 0.1
 0.09 0.105 0.135 0.165 0.125 0.065 0.07 0.05 0.015 0.015 0.025 0.14
 0.085 0.14 0.125 0.11 0.12 0.105 0.05 0.055 0.05 0.015 0.02 0.125
 0.095 0.17 0.11 0.135 0.1 0.095 0.07 0.06 0.03 0.045 0.04 0.05
 0.06 0.155 0.19 0.105 0.12 0.06 0.08 0.06 0.025 0.04 0.025 0.08
 0.085 0.135 0.135 0.14 0.08 0.1 0.085 0.065 0.035 0.005 0.035 0.1
 0.1 0.17 0.12 0.12 0.155 0.085 0.05 0.055 0.015 0.01 0.025 0.095
 0.095 0.135 0.14 0.14 0.115 0.105 0.06 0.065 0.005 0.04 0.015 0.085
 0.09 0.16 0.125 0.18 0.075 0.145 0.065 0.035 0.025 0.035 0.01 0.055
 0.155 0.205 0.155 0.13 0.125 0.025 0.055 0.03 0.04 0.025 0.01 0.045
 0.155 0.17 0.175 0.125 0.07 0.045 0.06 0.03 0.045 0.045 0.035 0.045
 0.105 0.14 0.215 0.155 0.11 0.065 0.06 0.035 0.045 0.01 0.01 0.05
 0.115 0.165 0.115 0.19 0.14 0.095 0.065 0.02 0.02 0.015 0.02 0.04
 0.175 0.2 0.16 0.125 0.11 0.08 0.025 0.035 0.04 0.02 0.005 0.025
 0.165 0.25 0.125 0.095 0.105 0.1 0.075 0.025 0.03 0.01 0.005 0.015
 0.125 0.18 0.225 0.12 0.16 0.08 0.05 0.02 0.015 0.01 0 0.015
 0.14 0.22 0.215 0.165 0.095 0.035 0.035 0.045 0.02 0 0.02 0.01
 0.2 0.195 0.175 0.175 0.105 0.035 0.04 0.005 0.025 0.015 0.01 0.02
 0.14 0.195 0.22 0.13 0.1 0.1 0.025 0.045 0.01 0.01 0.005 0.02
 0.17 0.2 0.18 0.155 0.155 0.045 0.035 0.015 0.015 0.005 0.015 0.01
 0.16 0.16 0.225 0.2 0.065 0.075 0.035 0.015 0.015 0.005 0 0.045
 0.235 0.25 0.175 0.135 0.09 0.045 0.025 0.015 0.01 0.015 0 0.005
 0.115 0.315 0.245 0.135 0.045 0.05 0.03 0.02 0.015 0.02 0 0.01
# olc_fsh

# wt_fsh
 0.000530656 0.00119633 0.00205827 0.00303499 0.00405521 0.0050647 0.00602623 0.00691692 0.00772489 0.00844611 0.00908185 0.0096367
 0.000530656 0.00119633 0.00205827 0.00303499 0.00405521 0.0050647 0.00602623 0.00691692 0.00772489 0.00844611 0.00908185 0.0096367
 0.000530656 0.00119633 0.00205827 0.00303499 0.00405521 0.0050647 0.00602623 0.00691692 0.00772489 0.00844611 0.00908185 0.0096367
 0.000530656 0.00119633 0.00205827 0.00303499 0.00405521 0.0050647 0.00602623 0.00691692 0.00772489 0.00844611 0.00908185 0.0096367
 0.000530656 0.00119633 0.00205827 0.00303499 0.00405521 0.0050647 0.00602623 0.00691692 0.00772489 0.00844611 0.00908185 0.0096367
 0.000530656 0.00119633 0.00205827 0.00303499 0.00405521 0.0050647 0.00602623 0.00691692 0.00772489 0.00844611 0.00908185 0.0096367
 0.000530656 0.00119633 0.00205827 0.00303499 0.00405521 0.0050647 0.00602623 0.00691692 0.00772489 0.00844611 0.00908185 0.0096367
 0.000530656 0.00119633 0.00205827 0.00303499 0.00405521 0.0050647 0.00602623 0.00691692 0.00772489 0.00844611 0.00908185 0.0096367
 0.000530656 0.00119633 0.00205827 0.00303499 0.00405521 0.0050647 0.00602623 0.00691692 0.00772489 0.00844611 0.00908185 0.0096367
 0.000530656 0.00119633 0.00205827 0.00303499 0.00405521 0.0050647 0.00602623 0.00691692 0.00772489 0.00844611 0.00908185 0.0096367
 0.000530656 0.00119633 0.00205827 0.00303499 0.00405521 0.0050647 0.00602623 0.00691692 0.00772489 0.00844611 0.00908185 0.0096367
 0.000530656 0.00119633 0.00205827 0.00303499 0.00405521 0.0050647 0.00602623 0.00691692 0.00772489 0.00844611 0.00908185 0.0096367
 0.000530656 0.00119633 0.00205827 0.00303499 0.00405521 0.0050647 0.00602623 0.00691692 0.00772489 0.00844611 0.00908185 0.0096367
 0.000530656 0.00119633 0.00205827 0.00303499 0.00405521 0.0050647 0.00602623 0.00691692 0.00772489 0.00844611 0.00908185 0.0096367
 0.000530656 0.00119633 0.00205827 0.00303499 0.00405521 0.0050647 0.00602623 0.00691692 0.00772489 0.00844611 0.00908185 0.0096367
 0.000530656 0.00119633 0.00205827 0.00303499 0.00405521 0.0050647 0.00602623 0.00691692 0.00772489 0.00844611 0.00908185 0.0096367
 0.000530656 0.00119633 0.00205827 0.00303499 0.00405521 0.0050647 0.00602623 0.00691692 0.00772489 0.00844611 0.00908185 0.0096367
 0.000530656 0.00119633 0.00205827 0.00303499 0.00405521 0.0050647 0.00602623 0.00691692 0.00772489 0.00844611 0.00908185 0.0096367
 0.000530656 0.00119633 0.00205827 0.00303499 0.00405521 0.0050647 0.00602623 0.00691692 0.00772489 0.00844611 0.00908185 0.0096367
 0.000530656 0.00119633 0.00205827 0.00303499 0.00405521 0.0050647 0.00602623 0.00691692 0.00772489 0.00844611 0.00908185 0.0096367
 0.000530656 0.00119633 0.00205827 0.00303499 0.00405521 0.0050647 0.00602623 0.00691692 0.00772489 0.00844611 0.00908185 0.0096367
 0.000530656 0.00119633 0.00205827 0.00303499 0.00405521 0.0050647 0.00602623 0.00691692 0.00772489 0.00844611 0.00908185 0.0096367
 0.000530656 0.00119633 0.00205827 0.00303499 0.00405521 0.0050647 0.00602623 0.00691692 0.00772489 0.00844611 0.00908185 0.0096367
 0.000530656 0.00119633 0.00205827 0.00303499 0.00405521 0.0050647 0.00602623 0.00691692 0.00772489 0.00844611 0.00908185 0.0096367
 0.000530656 0.00119633 0.00205827 0.00303499 0.00405521 0.0050647 0.00602623 0.00691692 0.00772489 0.00844611 0.00908185 0.0096367
 0.000530656 0.00119633 0.00205827 0.00303499 0.00405521 0.0050647 0.00602623 0.00691692 0.00772489 0.00844611 0.00908185 0.0096367
 0.000530656 0.00119633 0.00205827 0.00303499 0.00405521 0.0050647 0.00602623 0.00691692 0.00772489 0.00844611 0.00908185 0.0096367
 0.000530656 0.00119633 0.00205827 0.00303499 0.00405521 0.0050647 0.00602623 0.00691692 0.00772489 0.00844611 0.00908185 0.0096367
 0.000530656 0.00119633 0.00205827 0.00303499 0.00405521 0.0050647 0.00602623 0.00691692 0.00772489 0.00844611 0.00908185 0.0096367
 0.000530656 0.00119633 0.00205827 0.00303499 0.00405521 0.0050647 0.00602623 0.00691692 0.00772489 0.00844611 0.00908185 0.0096367
# nyrs_ind_age
 30
# yrs_ind_age
 1 2 3 4 5 6 7 8 9 10 11 12 13 14 15 16 17 18 19 20 21 22 23 24 25 26 27 28 29 30
# n_sample_ind_age
 200 200 200 200 200 200 200 200 200 200 200 200 200 200 200 200 200 200 200 200 200 200 200 200 200 200 200 200 200 200
# oac_ind
 0.055 0.145 0.125 0.125 0.065 0.09 0.09 0.07 0.055 0.045 0.025 0.11
 0.105 0.125 0.135 0.115 0.095 0.065 0.08 0.055 0.045 0.04 0.04 0.1
 0.065 0.185 0.145 0.1 0.11 0.06 0.06 0.03 0.055 0.055 0.01 0.125
 0.1 0.125 0.22 0.12 0.08 0.065 0.07 0.045 0.015 0.04 0.03 0.09
 0.065 0.095 0.15 0.15 0.115 0.075 0.08 0.06 0.045 0.015 0.035 0.115
 0.08 0.195 0.165 0.095 0.105 0.065 0.06 0.035 0.03 0.03 0.035 0.105
 0.05 0.175 0.2 0.14 0.13 0.04 0.05 0.055 0.025 0.015 0.025 0.095
 0.09 0.125 0.25 0.09 0.06 0.065 0.1 0.025 0.005 0.03 0.055 0.105
 0.09 0.15 0.135 0.17 0.155 0.03 0.055 0.05 0.035 0.02 0.02 0.09
 0.06 0.09 0.205 0.145 0.16 0.085 0.035 0.045 0.03 0.03 0.015 0.1
 0.075 0.215 0.145 0.15 0.085 0.085 0.09 0.035 0.035 0.015 0.015 0.055
 0.155 0.175 0.19 0.09 0.11 0.065 0.05 0.06 0.005 0.015 0.02 0.065
 0.1 0.135 0.2 0.135 0.12 0.08 0.05 0.05 0.05 0.015 0.015 0.05
 0.1 0.145 0.17 0.18 0.1 0.095 0.055 0.06 0.035 0 0.015 0.045
 0.07 0.2 0.21 0.12 0.09 0.06 0.06 0.05 0.055 0.015 0.03 0.04
 0.1 0.105 0.255 0.125 0.08 0.105 0.06 0.03 0.03 0.025 0.035 0.05
 0.12 0.22 0.2 0.14 0.07 0.045 0.055 0.045 0.025 0.015 0 0.065
 0.1 0.225 0.195 0.115 0.1 0.085 0.04 0.025 0.025 0.02 0.01 0.06
 0.095 0.175 0.22 0.18 0.095 0.08 0.025 0.02 0.05 0.02 0.015 0.025
 0.055 0.235 0.145 0.19 0.14 0.045 0.03 0.05 0.035 0.02 0.005 0.05
 0.14 0.16 0.24 0.16 0.11 0.06 0.035 0.035 0.02 0.01 0.01 0.02
 0.145 0.235 0.155 0.18 0.07 0.065 0.055 0.025 0.02 0.015 0.015 0.02
 0.08 0.27 0.19 0.175 0.065 0.05 0.085 0.02 0.01 0.01 0.005 0.04
 0.12 0.19 0.25 0.185 0.05 0.07 0.02 0.02 0.02 0.035 0.01 0.03
 0.15 0.25 0.2 0.175 0.105 0.025 0.02 0.01 0.02 0.005 0 0.04
 0.09 0.3 0.175 0.15 0.1 0.065 0.045 0.01 0.02 0.035 0 0.01
 0.115 0.21 0.275 0.135 0.105 0.06 0.04 0.015 0.015 0.01 0.01 0.01
 0.17 0.225 0.195 0.13 0.075 0.085 0.05 0.025 0.015 0.02 0.01 0
 0.19 0.27 0.23 0.1 0.085 0.05 0.015 0.02 0.015 0.005 0.01 0.01
 0.105 0.36 0.18 0.135 0.09 0.06 0.025 0.01 0.015 0.01 0.005 0.005
# olc_ind

# obs_lse_ind
 0.198042 0.198042 0.198042 0.198042 0.198042 0.198042 0.198042 0.198042 0.198042 0.198042 0.198042 0.198042 0.198042 0.198042 0.198042 0.198042 0.198042 0.198042 0.198042 0.198042 0.198042 0.198042 0.198042 0.198042 0.198042 0.198042 0.198042 0.198042 0.198042 0.198042
# xages_fsh
 0 0 0 0 0 0 0 0 0 0 0 0
# xages_fsh
 0 0.0909091 0.181818 0.272727 0.363636 0.454545 0.545455 0.636364 0.727273 0.818182 0.909091 1
# xnodes_fsh

Yrs fsh_sel change:  1 0 0 0 0 0 0 0 0 0 0 0 0 0 0 0 0 0 0 0 0 0 0 0 0 0 0 0 0
Yrs ind_sel change:  1 0 0 0 0 0 0 0 0 0 0 0 0 0 0 0 0 0 0 0 0 0 0 0 0 0 0 0 0
# steepnessprior
0.75
# sigmarprior
0.2
#  SSB estimated in styr endyr: -12 28 
#  Rec estimated in styr endyr: -10 30 
#  SR Curve fit  in styr endyr: 1 30 
#             Model styr endyr: 1 30 
# qprior
 3.48998e-007
# q_power_prior 
 1 
# cv_catchbiomass 
0.05 
# CatchbiomassPen 
200 
# Number of projection years 
5 
# offset_fsh
 13458.3
# offset_ind
 13181.5
Mean Catch
1275.73
R_guess 
13.8155
# nfsh
1
# n_sel_ch_fsh
 1
# nselages_fsh
 11
# phase_selcoff_fsh
 -1
logRzero 13.8155
logmeanrec 13.8155
exp(log_sigmarprior 0.2
Fish sel phase: -1 OM1
Fixing fishery sel to
1
Fixing fishery sel to
1
Srvy sel phase: -1
Fixing survey_index1 indices sel to
1
Fixing index sel to
1
# logsel_slp_in_indv
 0.693147
Leaving parameter init secton
# M
 0.2 0.2 0.2 0.2 0.2 0.2 0.2 0.2 0.2 0.2 0.2 0.2
 0.2 0.2 0.2 0.2 0.2 0.2 0.2 0.2 0.2 0.2 0.2 0.2
 0.2 0.2 0.2 0.2 0.2 0.2 0.2 0.2 0.2 0.2 0.2 0.2
 0.2 0.2 0.2 0.2 0.2 0.2 0.2 0.2 0.2 0.2 0.2 0.2
 0.2 0.2 0.2 0.2 0.2 0.2 0.2 0.2 0.2 0.2 0.2 0.2
 0.2 0.2 0.2 0.2 0.2 0.2 0.2 0.2 0.2 0.2 0.2 0.2
 0.2 0.2 0.2 0.2 0.2 0.2 0.2 0.2 0.2 0.2 0.2 0.2
 0.2 0.2 0.2 0.2 0.2 0.2 0.2 0.2 0.2 0.2 0.2 0.2
 0.2 0.2 0.2 0.2 0.2 0.2 0.2 0.2 0.2 0.2 0.2 0.2
 0.2 0.2 0.2 0.2 0.2 0.2 0.2 0.2 0.2 0.2 0.2 0.2
 0.2 0.2 0.2 0.2 0.2 0.2 0.2 0.2 0.2 0.2 0.2 0.2
 0.2 0.2 0.2 0.2 0.2 0.2 0.2 0.2 0.2 0.2 0.2 0.2
 0.2 0.2 0.2 0.2 0.2 0.2 0.2 0.2 0.2 0.2 0.2 0.2
 0.2 0.2 0.2 0.2 0.2 0.2 0.2 0.2 0.2 0.2 0.2 0.2
 0.2 0.2 0.2 0.2 0.2 0.2 0.2 0.2 0.2 0.2 0.2 0.2
 0.2 0.2 0.2 0.2 0.2 0.2 0.2 0.2 0.2 0.2 0.2 0.2
 0.2 0.2 0.2 0.2 0.2 0.2 0.2 0.2 0.2 0.2 0.2 0.2
 0.2 0.2 0.2 0.2 0.2 0.2 0.2 0.2 0.2 0.2 0.2 0.2
 0.2 0.2 0.2 0.2 0.2 0.2 0.2 0.2 0.2 0.2 0.2 0.2
 0.2 0.2 0.2 0.2 0.2 0.2 0.2 0.2 0.2 0.2 0.2 0.2
 0.2 0.2 0.2 0.2 0.2 0.2 0.2 0.2 0.2 0.2 0.2 0.2
 0.2 0.2 0.2 0.2 0.2 0.2 0.2 0.2 0.2 0.2 0.2 0.2
 0.2 0.2 0.2 0.2 0.2 0.2 0.2 0.2 0.2 0.2 0.2 0.2
 0.2 0.2 0.2 0.2 0.2 0.2 0.2 0.2 0.2 0.2 0.2 0.2
 0.2 0.2 0.2 0.2 0.2 0.2 0.2 0.2 0.2 0.2 0.2 0.2
 0.2 0.2 0.2 0.2 0.2 0.2 0.2 0.2 0.2 0.2 0.2 0.2
 0.2 0.2 0.2 0.2 0.2 0.2 0.2 0.2 0.2 0.2 0.2 0.2
 0.2 0.2 0.2 0.2 0.2 0.2 0.2 0.2 0.2 0.2 0.2 0.2
 0.2 0.2 0.2 0.2 0.2 0.2 0.2 0.2 0.2 0.2 0.2 0.2
 0.2 0.2 0.2 0.2 0.2 0.2 0.2 0.2 0.2 0.2 0.2 0.2
# mean_log_rec
13.7405
# log_Rzero
13.7954
# rec_dev
 -0.127609 -0.147527 0.178335 0.0838233 -0.027346 0.0291875 -0.0324288 -0.0109033 0.0758395 -0.0224258 0.0307262 0.0659794 0.344333 0.080519 -0.0593918 0.327959 0.354409 0.0605288 0.17007 -0.0115081 0.153013 0.117056 -0.105732 -0.000592288 0.019429 -0.114285 0.0901562 0.149208 -0.233659 -0.136607 -0.340322 -0.0223541 -0.090662 -0.24751 -0.324842 -0.190492 -0.40288 -0.3419 -0.17491 0.089586 -0.420241
# fmort
 0.00926921 0.0274263 0.0454207 0.0617557 0.0493729 0.0884151 0.0891745 0.188462 0.109929 0.134008 0.151101 0.163156 0.116595 0.170044 0.18172 0.161951 0.318377 0.263506 0.262269 0.255617 0.352274 0.256919 0.425764 0.353901 0.354674 0.325845 0.317874 0.447491 0.333132 0.50501
# rec_dev_future
 0 0 0 0 0
