AMAK;August_2013
# styr
1
# endyr
30
# rec_age
1
# oldest_age
12
# nlength
81
# len_bins
 10 11 12 13 14 15 16 17 18 19 20 21 22 23 24 25 26 27 28 29 30 31 32 33 34 35 36 37 38 39 40 41 42 43 44 45 46 47 48 49 50 51 52 53 54 55 56 57 58 59 60 61 62 63 64 65 66 67 68 69 70 71 72 73 74 75 76 77 78 79 80 81 82 83 84 85 86 87 88 89 90
# datafile_name
amak_data.dat
# model_name
OM_1
# styr
1
# endyr
30
# rec_age
1
# oldest_age
12
# nfsh
1
# fshname
OM1
# catch_bio_in
 161.102 469.184 759.034 991.158 768.392 1323.9 1279.43 2468.69 1328.69 1520.34 1613.45 1614.1 1099.97 1518.04 1503.02 1274.05 2251.82 1621.5 1462.47 1303.51 1637.55 1082.01 1630.09 1202.03 1110.32 973.123 923.985 1211.08 869.121 1273.8
# catch_bio_sd_in
 0.01 0.01 0.01 0.01 0.01 0.01 0.01 0.01 0.01 0.01 0.01 0.01 0.01 0.01 0.01 0.01 0.01 0.01 0.01 0.01 0.01 0.01 0.01 0.01 0.01 0.01 0.01 0.01 0.01 0.01
# nyrs_fsh_age
 30
# nyrs_fsh_length
 0
# yrs_fsh_age_in
 1 2 3 4 5 6 7 8 9 10 11 12 13 14 15 16 17 18 19 20 21 22 23 24 25 26 27 28 29 30
# yrs_fsh_length_in

# n_sample_fsh_length_in

# olc_fsh_in

# nind
1
# indname
survey_index1
# nyrs_ind
 30
# yrs_ind_in
 1 2 3 4 5 6 7 8 9 10 11 12 13 14 15 16 17 18 19 20 21 22 23 24 25 26 27 28 29 30
# mo_ind
 1
# obs_ind_in
 1.4587 1.70911 1.52093 1.08476 1.52902 1.55258 1.39302 1.19216 1.39675 1.34447 1.22242 1.34404 0.980906 0.988143 0.896442 1.07825 1.05501 0.853864 0.731754 0.664392 0.867618 0.560507 0.624992 0.581435 0.612118 0.452297 0.520907 0.474443 0.472045 0.583511
# obs_se_ind_in
 0.291739 0.341821 0.304185 0.216952 0.305805 0.310516 0.278605 0.238432 0.279349 0.268893 0.244483 0.268809 0.196181 0.197629 0.179288 0.215651 0.211001 0.170773 0.146351 0.132878 0.173524 0.112101 0.124998 0.116287 0.122424 0.0904594 0.104181 0.0948887 0.094409 0.116702
# nyrs_ind_age
 30
# nyrs_ind_length
 0
# yrs_ind_age_in
 1 2 3 4 5 6 7 8 9 10 11 12 13 14 15 16 17 18 19 20 21 22 23 24 25 26 27 28 29 30
# yrs_ind_length_in

# yrs_ind_age_in
 1 2 3 4 5 6 7 8 9 10 11 12 13 14 15 16 17 18 19 20 21 22 23 24 25 26 27 28 29 30
# n_sample_ind_length_in

# olc_ind_in

# oac_ind_in
 0.08 0.205 0.15 0.11 0.11 0.055 0.05 0.06 0.025 0.035 0.025 0.095
 0.09 0.15 0.17 0.15 0.075 0.085 0.065 0.035 0.025 0.035 0.035 0.085
 0.045 0.15 0.1 0.115 0.115 0.085 0.025 0.045 0.075 0.055 0.04 0.15
 0.065 0.12 0.205 0.1 0.11 0.085 0.06 0.045 0.03 0.02 0.035 0.125
 0.115 0.155 0.09 0.165 0.07 0.055 0.09 0.05 0.04 0.045 0.02 0.105
 0.09 0.225 0.125 0.075 0.12 0.065 0.055 0.04 0.025 0.05 0.025 0.105
 0.065 0.21 0.19 0.075 0.055 0.085 0.055 0.065 0.055 0.025 0.035 0.085
 0.075 0.15 0.185 0.16 0.075 0.08 0.06 0.045 0.045 0.02 0.025 0.08
 0.06 0.155 0.125 0.18 0.12 0.055 0.065 0.06 0.02 0.025 0.025 0.11
 0.14 0.115 0.185 0.125 0.095 0.1 0.045 0.04 0.045 0.045 0.015 0.05
 0.07 0.2 0.145 0.18 0.095 0.07 0.07 0.02 0.025 0.03 0.02 0.075
 0.08 0.155 0.195 0.11 0.095 0.095 0.12 0.04 0.01 0.025 0.02 0.055
 0.11 0.135 0.18 0.165 0.07 0.08 0.04 0.06 0.025 0.05 0.01 0.075
 0.1 0.15 0.165 0.205 0.105 0.06 0.065 0.025 0.04 0.02 0.02 0.045
 0.105 0.17 0.22 0.1 0.085 0.095 0.07 0.06 0.02 0.01 0.015 0.05
 0.095 0.185 0.175 0.165 0.105 0.065 0.055 0.02 0.02 0.025 0.03 0.06
 0.085 0.175 0.215 0.145 0.105 0.06 0.075 0.035 0.015 0.02 0.03 0.04
 0.07 0.215 0.275 0.14 0.095 0.06 0.045 0.035 0.025 0.005 0.01 0.025
 0.095 0.2 0.2 0.235 0.045 0.07 0.045 0.02 0.02 0.025 0.02 0.025
 0.125 0.22 0.155 0.16 0.145 0.05 0.05 0.035 0.025 0.015 0 0.02
 0.17 0.17 0.23 0.085 0.135 0.05 0.06 0.035 0.025 0.015 0 0.025
 0.1 0.26 0.185 0.16 0.09 0.065 0.08 0.01 0.02 0.015 0 0.015
 0.135 0.205 0.25 0.17 0.07 0.045 0.01 0.02 0.045 0.01 0.01 0.03
 0.09 0.295 0.2 0.18 0.09 0.045 0.03 0.025 0.015 0.005 0.01 0.015
 0.13 0.22 0.21 0.13 0.14 0.04 0.04 0.03 0.005 0.01 0 0.045
 0.095 0.28 0.23 0.09 0.125 0.075 0.045 0.02 0 0.005 0.015 0.02
 0.155 0.14 0.26 0.145 0.115 0.07 0.05 0.015 0.01 0.01 0.015 0.015
 0.16 0.205 0.21 0.165 0.1 0.065 0.055 0.01 0.005 0.01 0 0.015
 0.17 0.25 0.155 0.13 0.14 0.045 0.02 0.03 0.015 0 0.015 0.03
 0.1 0.38 0.245 0.085 0.085 0.06 0.01 0.005 0.01 0.01 0.005 0.005
# wt_ind
 1 1 1 1 1 1 1 1 1 1 1 1
 1 1 1 1 1 1 1 1 1 1 1 1
 1 1 1 1 1 1 1 1 1 1 1 1
 1 1 1 1 1 1 1 1 1 1 1 1
 1 1 1 1 1 1 1 1 1 1 1 1
 1 1 1 1 1 1 1 1 1 1 1 1
 1 1 1 1 1 1 1 1 1 1 1 1
 1 1 1 1 1 1 1 1 1 1 1 1
 1 1 1 1 1 1 1 1 1 1 1 1
 1 1 1 1 1 1 1 1 1 1 1 1
 1 1 1 1 1 1 1 1 1 1 1 1
 1 1 1 1 1 1 1 1 1 1 1 1
 1 1 1 1 1 1 1 1 1 1 1 1
 1 1 1 1 1 1 1 1 1 1 1 1
 1 1 1 1 1 1 1 1 1 1 1 1
 1 1 1 1 1 1 1 1 1 1 1 1
 1 1 1 1 1 1 1 1 1 1 1 1
 1 1 1 1 1 1 1 1 1 1 1 1
 1 1 1 1 1 1 1 1 1 1 1 1
 1 1 1 1 1 1 1 1 1 1 1 1
 1 1 1 1 1 1 1 1 1 1 1 1
 1 1 1 1 1 1 1 1 1 1 1 1
 1 1 1 1 1 1 1 1 1 1 1 1
 1 1 1 1 1 1 1 1 1 1 1 1
 1 1 1 1 1 1 1 1 1 1 1 1
 1 1 1 1 1 1 1 1 1 1 1 1
 1 1 1 1 1 1 1 1 1 1 1 1
 1 1 1 1 1 1 1 1 1 1 1 1
 1 1 1 1 1 1 1 1 1 1 1 1
 1 1 1 1 1 1 1 1 1 1 1 1
# wt_pop
 0.000530656 0.00119633 0.00205827 0.00303499 0.00405521 0.0050647 0.00602623 0.00691692 0.00772489 0.00844611 0.00908185 0.0096367
# maturity
 0.0229774 0.320821 0.904651 0.99478 0.999739 0.999987 0.999999 1 1 1 1 1
# spawnmo
1
# age_err
 1 0 0 0 0 0 0 0 0 0 0 0
 0 1 0 0 0 0 0 0 0 0 0 0
 0 0 1 0 0 0 0 0 0 0 0 0
 0 0 0 1 0 0 0 0 0 0 0 0
 0 0 0 0 1 0 0 0 0 0 0 0
 0 0 0 0 0 1 0 0 0 0 0 0
 0 0 0 0 0 0 1 0 0 0 0 0
 0 0 0 0 0 0 0 1 0 0 0 0
 0 0 0 0 0 0 0 0 1 0 0 0
 0 0 0 0 0 0 0 0 0 1 0 0
 0 0 0 0 0 0 0 0 0 0 1 0
 0 0 0 0 0 0 0 0 0 0 0 1
# cntrlfile_name
C:\Users\bai.li\Desktop\s1_test\AMAK\s20\amak.dat
# Map shared selectivity: 
# sel_map
 1 2
 1 1
# datafile_name
amak_data.dat
# model_name
OM_1
# SrType
2
# use_age_err
0
# retro
0
# sigmarprior
0.2
# cvsigmarprior
0.25
# phase_sigmar
-3
# styr_rec_est
1
# endyr_rec_est
30
# Linfprior
80
# cvLinfprior
0.25
# kprior
0.18
# cvkprior
0.25
# Loprior
27.688
# cvLoprior
0.25
# sdageprior
0.1
# cvsdageprior
0.25
# natmortprior
0.2
# cvnatmortprior
0.25
# phase_M
-4
# npars_Mage
0
# ages_M_changes

# Mage_in

# phase_Mage
-5
# phase_rw_M
0
# npars_rw_M
0
# yrs_rw_M

# sigma_rw_M

# qprior
 3.48998e-007
# cvqprior
 1
# phase_q
 1
# q_power_prior
 1
# cvq_power_prior
 0.2
# phase_q_power
 -4
# phase_rw_q
 -1
# npars_rw_q
 0
# yrs_rw_q

# sigma_rw_q

# q_age_min
 1
# q_age_max
 12
# q_age_min
 1
# q_age_max
 12
# fsh_sel_opt(k)
2
# phase_sel_fsh(k)
-2
# n_sel_ch_fsh(k)
1
# sel_slp_in_fsh(k)(1,n_sel_ch_fsh(k))
 1
# sel_inf_in_fsh(k)(1,n_sel_ch_fsh(k))
 2
# logsel_slp_in_fsh(k)(1,n_sel_ch_fsh(k))
 0
# yrs_sel_ch_fsh(k)(1,n_sel_ch_fsh(k))
 1

Survey survey_index1
# ind_sel_opt(k)
2
# indname(k)
survey_index1
# nselages_in_ind(k)
11
# phase_sel_ind(k)
-2
# sel_change_in_ind(k)
 1 0 0 0 0 0 0 0 0 0 0 0 0 0 0 0 0 0 0 0 0 0 0 0 0 0 0 0 0 0
# n_sel_ch_ind(k)
1
# yrs_sel_ch_ind(k)(1,n_sel_ch_ind(k))
 1
# sel_slp_in_ind(k,1)
2
# sel_inf_in_ind(k,1)
1.5
# logsel_slp_in_ind(k,1)
0.693147
# logsel_slp_in_indv(k)
0.693147
survey_index1 ind sel opt 2  1 0 0 0 0 0 0 0 0 0 0 0 0 0 0 0 0 0 0 0 0 0 0 0 0 0 0 0 0 0
Phase indices Sel_Coffs:  -1
 Test: 1.23457e+008
# Fshry Selages:  11
# Srvy  Selages:  11
# Phase for age-spec fishery  -1
# Phase for logistic fishery  -2
# Phase for dble logistic fishery  -1
# Phase for age-spec indices   -1
# Phase for logistic indices   -2
# Phase for dble logistic ind  -1
# Curv_pen_fsh: 
 0
# Curv_pen_ind: 
 0
# styr_fut
31
# endyr_fut
35
# nyrs_fsh_age
 30
# nyrs_fsh_age
 30
# yrs_fsh_age
 1 2 3 4 5 6 7 8 9 10 11 12 13 14 15 16 17 18 19 20 21 22 23 24 25 26 27 28 29 30
# n_sample_fsh_age
 200 200 200 200 200 200 200 200 200 200 200 200 200 200 200 200 200 200 200 200 200 200 200 200 200 200 200 200 200 200
# oac_fsh
 0.08 0.115 0.13 0.125 0.085 0.1 0.075 0.045 0.025 0.045 0.02 0.155
 0.095 0.08 0.125 0.09 0.135 0.075 0.07 0.07 0.035 0.055 0.025 0.145
 0.05 0.15 0.13 0.115 0.075 0.05 0.09 0.035 0.05 0.08 0.005 0.17
 0.065 0.09 0.16 0.145 0.145 0.075 0.07 0.03 0.045 0.03 0.04 0.105
 0.085 0.095 0.115 0.14 0.085 0.085 0.08 0.075 0.045 0.035 0.025 0.135
 0.075 0.16 0.12 0.115 0.125 0.1 0.06 0.035 0.04 0.045 0.03 0.095
 0.045 0.155 0.155 0.115 0.07 0.095 0.095 0.02 0.05 0.065 0.035 0.1
 0.095 0.12 0.185 0.12 0.105 0.085 0.085 0.035 0.04 0.025 0.015 0.09
 0.1 0.145 0.12 0.08 0.135 0.055 0.09 0.065 0.04 0.045 0.015 0.11
 0.085 0.12 0.18 0.07 0.15 0.12 0.04 0.025 0.045 0.02 0.02 0.125
 0.12 0.08 0.145 0.13 0.115 0.095 0.11 0.035 0.035 0.035 0.025 0.075
 0.095 0.185 0.125 0.125 0.06 0.07 0.09 0.07 0.035 0.035 0.03 0.08
 0.1 0.125 0.17 0.16 0.115 0.095 0.025 0.055 0.04 0.005 0.02 0.09
 0.145 0.115 0.145 0.13 0.15 0.065 0.05 0.025 0.04 0.045 0.005 0.085
 0.085 0.145 0.165 0.14 0.1 0.095 0.065 0.06 0.055 0.03 0.015 0.045
 0.135 0.21 0.13 0.14 0.08 0.085 0.045 0.04 0.045 0.02 0.005 0.065
 0.115 0.15 0.175 0.175 0.115 0.05 0.085 0.035 0.015 0.02 0.02 0.045
 0.1 0.215 0.19 0.11 0.1 0.105 0.04 0.045 0.035 0.01 0.015 0.035
 0.125 0.11 0.175 0.13 0.145 0.095 0.055 0.045 0.05 0.015 0.01 0.045
 0.145 0.195 0.19 0.125 0.13 0.05 0.05 0.025 0.03 0.015 0.005 0.04
 0.2 0.105 0.18 0.125 0.095 0.095 0.06 0.02 0.015 0.01 0.03 0.065
 0.175 0.185 0.13 0.145 0.085 0.08 0.085 0.04 0.005 0.025 0.005 0.04
 0.135 0.2 0.22 0.1 0.08 0.065 0.07 0.065 0.02 0 0.015 0.03
 0.105 0.145 0.285 0.19 0.07 0.06 0.025 0.03 0.015 0.025 0.01 0.04
 0.18 0.205 0.17 0.16 0.12 0.06 0.02 0.02 0.01 0.01 0.005 0.04
 0.12 0.24 0.175 0.17 0.125 0.075 0.035 0.025 0.01 0.01 0.005 0.01
 0.145 0.195 0.235 0.11 0.155 0.06 0.055 0.015 0.005 0.01 0.005 0.01
 0.18 0.19 0.16 0.18 0.105 0.08 0.04 0.025 0.02 0.005 0.005 0.01
 0.195 0.235 0.17 0.11 0.175 0.04 0.015 0.035 0.015 0.005 0 0.005
 0.2 0.185 0.265 0.13 0.06 0.075 0.03 0.015 0.02 0.015 0 0.005
# olc_fsh

# wt_fsh
 0.000530656 0.00119633 0.00205827 0.00303499 0.00405521 0.0050647 0.00602623 0.00691692 0.00772489 0.00844611 0.00908185 0.0096367
 0.000530656 0.00119633 0.00205827 0.00303499 0.00405521 0.0050647 0.00602623 0.00691692 0.00772489 0.00844611 0.00908185 0.0096367
 0.000530656 0.00119633 0.00205827 0.00303499 0.00405521 0.0050647 0.00602623 0.00691692 0.00772489 0.00844611 0.00908185 0.0096367
 0.000530656 0.00119633 0.00205827 0.00303499 0.00405521 0.0050647 0.00602623 0.00691692 0.00772489 0.00844611 0.00908185 0.0096367
 0.000530656 0.00119633 0.00205827 0.00303499 0.00405521 0.0050647 0.00602623 0.00691692 0.00772489 0.00844611 0.00908185 0.0096367
 0.000530656 0.00119633 0.00205827 0.00303499 0.00405521 0.0050647 0.00602623 0.00691692 0.00772489 0.00844611 0.00908185 0.0096367
 0.000530656 0.00119633 0.00205827 0.00303499 0.00405521 0.0050647 0.00602623 0.00691692 0.00772489 0.00844611 0.00908185 0.0096367
 0.000530656 0.00119633 0.00205827 0.00303499 0.00405521 0.0050647 0.00602623 0.00691692 0.00772489 0.00844611 0.00908185 0.0096367
 0.000530656 0.00119633 0.00205827 0.00303499 0.00405521 0.0050647 0.00602623 0.00691692 0.00772489 0.00844611 0.00908185 0.0096367
 0.000530656 0.00119633 0.00205827 0.00303499 0.00405521 0.0050647 0.00602623 0.00691692 0.00772489 0.00844611 0.00908185 0.0096367
 0.000530656 0.00119633 0.00205827 0.00303499 0.00405521 0.0050647 0.00602623 0.00691692 0.00772489 0.00844611 0.00908185 0.0096367
 0.000530656 0.00119633 0.00205827 0.00303499 0.00405521 0.0050647 0.00602623 0.00691692 0.00772489 0.00844611 0.00908185 0.0096367
 0.000530656 0.00119633 0.00205827 0.00303499 0.00405521 0.0050647 0.00602623 0.00691692 0.00772489 0.00844611 0.00908185 0.0096367
 0.000530656 0.00119633 0.00205827 0.00303499 0.00405521 0.0050647 0.00602623 0.00691692 0.00772489 0.00844611 0.00908185 0.0096367
 0.000530656 0.00119633 0.00205827 0.00303499 0.00405521 0.0050647 0.00602623 0.00691692 0.00772489 0.00844611 0.00908185 0.0096367
 0.000530656 0.00119633 0.00205827 0.00303499 0.00405521 0.0050647 0.00602623 0.00691692 0.00772489 0.00844611 0.00908185 0.0096367
 0.000530656 0.00119633 0.00205827 0.00303499 0.00405521 0.0050647 0.00602623 0.00691692 0.00772489 0.00844611 0.00908185 0.0096367
 0.000530656 0.00119633 0.00205827 0.00303499 0.00405521 0.0050647 0.00602623 0.00691692 0.00772489 0.00844611 0.00908185 0.0096367
 0.000530656 0.00119633 0.00205827 0.00303499 0.00405521 0.0050647 0.00602623 0.00691692 0.00772489 0.00844611 0.00908185 0.0096367
 0.000530656 0.00119633 0.00205827 0.00303499 0.00405521 0.0050647 0.00602623 0.00691692 0.00772489 0.00844611 0.00908185 0.0096367
 0.000530656 0.00119633 0.00205827 0.00303499 0.00405521 0.0050647 0.00602623 0.00691692 0.00772489 0.00844611 0.00908185 0.0096367
 0.000530656 0.00119633 0.00205827 0.00303499 0.00405521 0.0050647 0.00602623 0.00691692 0.00772489 0.00844611 0.00908185 0.0096367
 0.000530656 0.00119633 0.00205827 0.00303499 0.00405521 0.0050647 0.00602623 0.00691692 0.00772489 0.00844611 0.00908185 0.0096367
 0.000530656 0.00119633 0.00205827 0.00303499 0.00405521 0.0050647 0.00602623 0.00691692 0.00772489 0.00844611 0.00908185 0.0096367
 0.000530656 0.00119633 0.00205827 0.00303499 0.00405521 0.0050647 0.00602623 0.00691692 0.00772489 0.00844611 0.00908185 0.0096367
 0.000530656 0.00119633 0.00205827 0.00303499 0.00405521 0.0050647 0.00602623 0.00691692 0.00772489 0.00844611 0.00908185 0.0096367
 0.000530656 0.00119633 0.00205827 0.00303499 0.00405521 0.0050647 0.00602623 0.00691692 0.00772489 0.00844611 0.00908185 0.0096367
 0.000530656 0.00119633 0.00205827 0.00303499 0.00405521 0.0050647 0.00602623 0.00691692 0.00772489 0.00844611 0.00908185 0.0096367
 0.000530656 0.00119633 0.00205827 0.00303499 0.00405521 0.0050647 0.00602623 0.00691692 0.00772489 0.00844611 0.00908185 0.0096367
 0.000530656 0.00119633 0.00205827 0.00303499 0.00405521 0.0050647 0.00602623 0.00691692 0.00772489 0.00844611 0.00908185 0.0096367
# nyrs_ind_age
 30
# yrs_ind_age
 1 2 3 4 5 6 7 8 9 10 11 12 13 14 15 16 17 18 19 20 21 22 23 24 25 26 27 28 29 30
# n_sample_ind_age
 200 200 200 200 200 200 200 200 200 200 200 200 200 200 200 200 200 200 200 200 200 200 200 200 200 200 200 200 200 200
# oac_ind
 0.08 0.205 0.15 0.11 0.11 0.055 0.05 0.06 0.025 0.035 0.025 0.095
 0.09 0.15 0.17 0.15 0.075 0.085 0.065 0.035 0.025 0.035 0.035 0.085
 0.045 0.15 0.1 0.115 0.115 0.085 0.025 0.045 0.075 0.055 0.04 0.15
 0.065 0.12 0.205 0.1 0.11 0.085 0.06 0.045 0.03 0.02 0.035 0.125
 0.115 0.155 0.09 0.165 0.07 0.055 0.09 0.05 0.04 0.045 0.02 0.105
 0.09 0.225 0.125 0.075 0.12 0.065 0.055 0.04 0.025 0.05 0.025 0.105
 0.065 0.21 0.19 0.075 0.055 0.085 0.055 0.065 0.055 0.025 0.035 0.085
 0.075 0.15 0.185 0.16 0.075 0.08 0.06 0.045 0.045 0.02 0.025 0.08
 0.06 0.155 0.125 0.18 0.12 0.055 0.065 0.06 0.02 0.025 0.025 0.11
 0.14 0.115 0.185 0.125 0.095 0.1 0.045 0.04 0.045 0.045 0.015 0.05
 0.07 0.2 0.145 0.18 0.095 0.07 0.07 0.02 0.025 0.03 0.02 0.075
 0.08 0.155 0.195 0.11 0.095 0.095 0.12 0.04 0.01 0.025 0.02 0.055
 0.11 0.135 0.18 0.165 0.07 0.08 0.04 0.06 0.025 0.05 0.01 0.075
 0.1 0.15 0.165 0.205 0.105 0.06 0.065 0.025 0.04 0.02 0.02 0.045
 0.105 0.17 0.22 0.1 0.085 0.095 0.07 0.06 0.02 0.01 0.015 0.05
 0.095 0.185 0.175 0.165 0.105 0.065 0.055 0.02 0.02 0.025 0.03 0.06
 0.085 0.175 0.215 0.145 0.105 0.06 0.075 0.035 0.015 0.02 0.03 0.04
 0.07 0.215 0.275 0.14 0.095 0.06 0.045 0.035 0.025 0.005 0.01 0.025
 0.095 0.2 0.2 0.235 0.045 0.07 0.045 0.02 0.02 0.025 0.02 0.025
 0.125 0.22 0.155 0.16 0.145 0.05 0.05 0.035 0.025 0.015 0 0.02
 0.17 0.17 0.23 0.085 0.135 0.05 0.06 0.035 0.025 0.015 0 0.025
 0.1 0.26 0.185 0.16 0.09 0.065 0.08 0.01 0.02 0.015 0 0.015
 0.135 0.205 0.25 0.17 0.07 0.045 0.01 0.02 0.045 0.01 0.01 0.03
 0.09 0.295 0.2 0.18 0.09 0.045 0.03 0.025 0.015 0.005 0.01 0.015
 0.13 0.22 0.21 0.13 0.14 0.04 0.04 0.03 0.005 0.01 0 0.045
 0.095 0.28 0.23 0.09 0.125 0.075 0.045 0.02 0 0.005 0.015 0.02
 0.155 0.14 0.26 0.145 0.115 0.07 0.05 0.015 0.01 0.01 0.015 0.015
 0.16 0.205 0.21 0.165 0.1 0.065 0.055 0.01 0.005 0.01 0 0.015
 0.17 0.25 0.155 0.13 0.14 0.045 0.02 0.03 0.015 0 0.015 0.03
 0.1 0.38 0.245 0.085 0.085 0.06 0.01 0.005 0.01 0.01 0.005 0.005
# olc_ind

# obs_lse_ind
 0.198042 0.198042 0.198042 0.198042 0.198042 0.198042 0.198042 0.198042 0.198042 0.198042 0.198042 0.198042 0.198042 0.198042 0.198042 0.198042 0.198042 0.198042 0.198042 0.198042 0.198042 0.198042 0.198042 0.198042 0.198042 0.198042 0.198042 0.198042 0.198042 0.198042
# xages_fsh
 0 0 0 0 0 0 0 0 0 0 0 0
# xages_fsh
 0 0.0909091 0.181818 0.272727 0.363636 0.454545 0.545455 0.636364 0.727273 0.818182 0.909091 1
# xnodes_fsh

Yrs fsh_sel change:  1 0 0 0 0 0 0 0 0 0 0 0 0 0 0 0 0 0 0 0 0 0 0 0 0 0 0 0 0
Yrs ind_sel change:  1 0 0 0 0 0 0 0 0 0 0 0 0 0 0 0 0 0 0 0 0 0 0 0 0 0 0 0 0
# steepnessprior
0.75
# sigmarprior
0.2
#  SSB estimated in styr endyr: -12 28 
#  Rec estimated in styr endyr: -10 30 
#  SR Curve fit  in styr endyr: 1 30 
#             Model styr endyr: 1 30 
# qprior
 3.48998e-007
# q_power_prior 
 1 
# cv_catchbiomass 
0.05 
# CatchbiomassPen 
200 
# Number of projection years 
5 
# offset_fsh
 13490.5
# offset_ind
 13151.7
Mean Catch
1274.83
R_guess 
13.8155
# nfsh
1
# n_sel_ch_fsh
 1
# nselages_fsh
 11
# phase_selcoff_fsh
 -1
logRzero 13.8155
logmeanrec 13.8155
exp(log_sigmarprior 0.2
Fish sel phase: -1 OM1
Fixing fishery sel to
1
Fixing fishery sel to
1
Srvy sel phase: -1
Fixing survey_index1 indices sel to
1
Fixing index sel to
1
# logsel_slp_in_indv
 0.693147
Leaving parameter init secton
# M
 0.2 0.2 0.2 0.2 0.2 0.2 0.2 0.2 0.2 0.2 0.2 0.2
 0.2 0.2 0.2 0.2 0.2 0.2 0.2 0.2 0.2 0.2 0.2 0.2
 0.2 0.2 0.2 0.2 0.2 0.2 0.2 0.2 0.2 0.2 0.2 0.2
 0.2 0.2 0.2 0.2 0.2 0.2 0.2 0.2 0.2 0.2 0.2 0.2
 0.2 0.2 0.2 0.2 0.2 0.2 0.2 0.2 0.2 0.2 0.2 0.2
 0.2 0.2 0.2 0.2 0.2 0.2 0.2 0.2 0.2 0.2 0.2 0.2
 0.2 0.2 0.2 0.2 0.2 0.2 0.2 0.2 0.2 0.2 0.2 0.2
 0.2 0.2 0.2 0.2 0.2 0.2 0.2 0.2 0.2 0.2 0.2 0.2
 0.2 0.2 0.2 0.2 0.2 0.2 0.2 0.2 0.2 0.2 0.2 0.2
 0.2 0.2 0.2 0.2 0.2 0.2 0.2 0.2 0.2 0.2 0.2 0.2
 0.2 0.2 0.2 0.2 0.2 0.2 0.2 0.2 0.2 0.2 0.2 0.2
 0.2 0.2 0.2 0.2 0.2 0.2 0.2 0.2 0.2 0.2 0.2 0.2
 0.2 0.2 0.2 0.2 0.2 0.2 0.2 0.2 0.2 0.2 0.2 0.2
 0.2 0.2 0.2 0.2 0.2 0.2 0.2 0.2 0.2 0.2 0.2 0.2
 0.2 0.2 0.2 0.2 0.2 0.2 0.2 0.2 0.2 0.2 0.2 0.2
 0.2 0.2 0.2 0.2 0.2 0.2 0.2 0.2 0.2 0.2 0.2 0.2
 0.2 0.2 0.2 0.2 0.2 0.2 0.2 0.2 0.2 0.2 0.2 0.2
 0.2 0.2 0.2 0.2 0.2 0.2 0.2 0.2 0.2 0.2 0.2 0.2
 0.2 0.2 0.2 0.2 0.2 0.2 0.2 0.2 0.2 0.2 0.2 0.2
 0.2 0.2 0.2 0.2 0.2 0.2 0.2 0.2 0.2 0.2 0.2 0.2
 0.2 0.2 0.2 0.2 0.2 0.2 0.2 0.2 0.2 0.2 0.2 0.2
 0.2 0.2 0.2 0.2 0.2 0.2 0.2 0.2 0.2 0.2 0.2 0.2
 0.2 0.2 0.2 0.2 0.2 0.2 0.2 0.2 0.2 0.2 0.2 0.2
 0.2 0.2 0.2 0.2 0.2 0.2 0.2 0.2 0.2 0.2 0.2 0.2
 0.2 0.2 0.2 0.2 0.2 0.2 0.2 0.2 0.2 0.2 0.2 0.2
 0.2 0.2 0.2 0.2 0.2 0.2 0.2 0.2 0.2 0.2 0.2 0.2
 0.2 0.2 0.2 0.2 0.2 0.2 0.2 0.2 0.2 0.2 0.2 0.2
 0.2 0.2 0.2 0.2 0.2 0.2 0.2 0.2 0.2 0.2 0.2 0.2
 0.2 0.2 0.2 0.2 0.2 0.2 0.2 0.2 0.2 0.2 0.2 0.2
 0.2 0.2 0.2 0.2 0.2 0.2 0.2 0.2 0.2 0.2 0.2 0.2
# mean_log_rec
13.731
# log_Rzero
13.802
# rec_dev
 -0.0882496 -0.118891 0.0268196 -0.137011 0.0837167 -0.018496 -0.0360173 0.0188395 0.0499367 0.0776771 0.149689 0.0662656 0.329984 -0.0495503 -0.036937 0.380247 0.330014 -0.000256229 0.175365 -0.0484648 0.140382 0.141557 -0.0909404 0.0673261 0.0393706 0.035292 0.172581 0.00130066 -0.272961 -0.137825 -0.27769 0.0633454 -0.0754765 -0.198697 -0.347038 -0.0828642 -0.47519 -0.40944 -0.123076 -0.047747 -0.197364
# fmort
 0.00945578 0.0277483 0.0458187 0.0619113 0.049636 0.0889121 0.0901039 0.188961 0.111477 0.135417 0.154521 0.16704 0.119976 0.173651 0.184052 0.164115 0.318789 0.261083 0.258435 0.251206 0.353233 0.255515 0.418734 0.344944 0.339601 0.310634 0.302357 0.424488 0.321439 0.489827
# rec_dev_future
 0 0 0 0 0
