AMAK;August_2013
# styr
1
# endyr
30
# rec_age
1
# oldest_age
12
# nlength
81
# len_bins
 10 11 12 13 14 15 16 17 18 19 20 21 22 23 24 25 26 27 28 29 30 31 32 33 34 35 36 37 38 39 40 41 42 43 44 45 46 47 48 49 50 51 52 53 54 55 56 57 58 59 60 61 62 63 64 65 66 67 68 69 70 71 72 73 74 75 76 77 78 79 80 81 82 83 84 85 86 87 88 89 90
# datafile_name
amak_data.dat
# model_name
OM_1
# styr
1
# endyr
30
# rec_age
1
# oldest_age
12
# nfsh
1
# fshname
OM1
# catch_bio_in
 161.617 465.148 759.05 996.713 763.762 1326.52 1278.92 2486.3 1322.5 1526.73 1624.85 1608.67 1107.76 1523.19 1498.81 1271.07 2232.24 1602.36 1453.32 1318.37 1622.27 1083 1625.13 1198.72 1119.64 972.427 921.597 1218.1 878.149 1267.12
# catch_bio_sd_in
 0.01 0.01 0.01 0.01 0.01 0.01 0.01 0.01 0.01 0.01 0.01 0.01 0.01 0.01 0.01 0.01 0.01 0.01 0.01 0.01 0.01 0.01 0.01 0.01 0.01 0.01 0.01 0.01 0.01 0.01
# nyrs_fsh_age
 30
# nyrs_fsh_length
 0
# yrs_fsh_age_in
 1 2 3 4 5 6 7 8 9 10 11 12 13 14 15 16 17 18 19 20 21 22 23 24 25 26 27 28 29 30
# yrs_fsh_length_in

# n_sample_fsh_length_in

# olc_fsh_in

# nind
1
# indname
survey_index1
# nyrs_ind
 30
# yrs_ind_in
 1 2 3 4 5 6 7 8 9 10 11 12 13 14 15 16 17 18 19 20 21 22 23 24 25 26 27 28 29 30
# mo_ind
 1
# obs_ind_in
 1.65309 1.52102 1.3695 1.72701 1.4337 1.21702 1.34025 1.50752 1.18191 1.35357 1.28737 1.29244 0.97491 1.23605 0.938908 0.948579 1.06449 0.834616 0.818687 0.720148 0.658873 0.675038 0.68261 0.571687 0.495675 0.54683 0.624818 0.570745 0.628396 0.528491
# obs_se_ind_in
 0.330617 0.304205 0.273901 0.345402 0.286741 0.243404 0.26805 0.301504 0.236382 0.270714 0.257474 0.258488 0.194982 0.24721 0.187782 0.189716 0.212898 0.166923 0.163737 0.14403 0.131775 0.135008 0.136522 0.114337 0.0991349 0.109366 0.124964 0.114149 0.125679 0.105698
# nyrs_ind_age
 30
# nyrs_ind_length
 0
# yrs_ind_age_in
 1 2 3 4 5 6 7 8 9 10 11 12 13 14 15 16 17 18 19 20 21 22 23 24 25 26 27 28 29 30
# yrs_ind_length_in

# yrs_ind_age_in
 1 2 3 4 5 6 7 8 9 10 11 12 13 14 15 16 17 18 19 20 21 22 23 24 25 26 27 28 29 30
# n_sample_ind_length_in

# olc_ind_in

# oac_ind_in
 0.06 0.13 0.17 0.09 0.13 0.06 0.055 0.05 0.02 0.015 0.04 0.18
 0.09 0.145 0.12 0.135 0.095 0.075 0.055 0.025 0.05 0.04 0.06 0.11
 0.055 0.14 0.14 0.07 0.09 0.09 0.095 0.075 0.09 0.035 0.015 0.105
 0.04 0.105 0.175 0.1 0.125 0.095 0.075 0.025 0.045 0.05 0.05 0.115
 0.115 0.12 0.155 0.135 0.105 0.03 0.055 0.05 0.06 0.035 0.025 0.115
 0.08 0.155 0.125 0.145 0.125 0.08 0.06 0.03 0.03 0.035 0.025 0.11
 0.015 0.195 0.17 0.16 0.075 0.11 0.075 0.045 0.055 0.02 0.02 0.06
 0.1 0.17 0.15 0.18 0.06 0.07 0.06 0.025 0.04 0.02 0.03 0.095
 0.08 0.15 0.185 0.155 0.105 0.06 0.065 0.05 0.025 0.02 0.02 0.085
 0.07 0.145 0.18 0.105 0.115 0.115 0.05 0.05 0.025 0.045 0.005 0.095
 0.095 0.16 0.175 0.125 0.11 0.065 0.06 0.025 0.03 0.04 0.025 0.09
 0.095 0.19 0.17 0.12 0.105 0.1 0.07 0.045 0.02 0.005 0.015 0.065
 0.075 0.13 0.18 0.205 0.09 0.085 0.05 0.055 0.045 0.02 0.015 0.05
 0.06 0.17 0.155 0.195 0.105 0.055 0.065 0.06 0.04 0.03 0.015 0.05
 0.05 0.21 0.15 0.145 0.11 0.05 0.075 0.055 0.005 0.04 0.025 0.085
 0.09 0.185 0.22 0.11 0.09 0.07 0.08 0.03 0.015 0.025 0.01 0.075
 0.105 0.22 0.2 0.14 0.105 0.09 0.04 0.015 0.015 0.025 0 0.045
 0.07 0.265 0.215 0.12 0.09 0.065 0.025 0.025 0.015 0.02 0.03 0.06
 0.1 0.185 0.23 0.145 0.07 0.125 0.035 0.025 0.035 0.01 0.02 0.02
 0.095 0.2 0.195 0.145 0.15 0.07 0.03 0.02 0.015 0.02 0.005 0.055
 0.115 0.22 0.19 0.125 0.12 0.065 0.025 0.03 0.02 0.01 0.035 0.045
 0.1 0.24 0.16 0.17 0.065 0.09 0.045 0.03 0.015 0.025 0.01 0.05
 0.065 0.32 0.24 0.1 0.075 0.055 0.04 0.035 0.015 0.01 0.015 0.03
 0.105 0.19 0.275 0.185 0.075 0.075 0.03 0.025 0.015 0 0.01 0.015
 0.12 0.145 0.245 0.18 0.155 0.05 0.03 0.02 0.025 0.01 0.005 0.015
 0.115 0.355 0.195 0.105 0.11 0.055 0.035 0.015 0.005 0.005 0.005 0
 0.1 0.2 0.32 0.165 0.105 0.03 0.015 0.03 0.005 0.005 0.015 0.01
 0.18 0.245 0.185 0.17 0.05 0.04 0.06 0.035 0.005 0.01 0.005 0.015
 0.175 0.275 0.185 0.11 0.125 0.045 0.025 0.025 0.015 0.005 0.005 0.01
 0.15 0.295 0.25 0.15 0.045 0.06 0.01 0.015 0 0.015 0.01 0
# wt_ind
 1 1 1 1 1 1 1 1 1 1 1 1
 1 1 1 1 1 1 1 1 1 1 1 1
 1 1 1 1 1 1 1 1 1 1 1 1
 1 1 1 1 1 1 1 1 1 1 1 1
 1 1 1 1 1 1 1 1 1 1 1 1
 1 1 1 1 1 1 1 1 1 1 1 1
 1 1 1 1 1 1 1 1 1 1 1 1
 1 1 1 1 1 1 1 1 1 1 1 1
 1 1 1 1 1 1 1 1 1 1 1 1
 1 1 1 1 1 1 1 1 1 1 1 1
 1 1 1 1 1 1 1 1 1 1 1 1
 1 1 1 1 1 1 1 1 1 1 1 1
 1 1 1 1 1 1 1 1 1 1 1 1
 1 1 1 1 1 1 1 1 1 1 1 1
 1 1 1 1 1 1 1 1 1 1 1 1
 1 1 1 1 1 1 1 1 1 1 1 1
 1 1 1 1 1 1 1 1 1 1 1 1
 1 1 1 1 1 1 1 1 1 1 1 1
 1 1 1 1 1 1 1 1 1 1 1 1
 1 1 1 1 1 1 1 1 1 1 1 1
 1 1 1 1 1 1 1 1 1 1 1 1
 1 1 1 1 1 1 1 1 1 1 1 1
 1 1 1 1 1 1 1 1 1 1 1 1
 1 1 1 1 1 1 1 1 1 1 1 1
 1 1 1 1 1 1 1 1 1 1 1 1
 1 1 1 1 1 1 1 1 1 1 1 1
 1 1 1 1 1 1 1 1 1 1 1 1
 1 1 1 1 1 1 1 1 1 1 1 1
 1 1 1 1 1 1 1 1 1 1 1 1
 1 1 1 1 1 1 1 1 1 1 1 1
# wt_pop
 0.000530656 0.00119633 0.00205827 0.00303499 0.00405521 0.0050647 0.00602623 0.00691692 0.00772489 0.00844611 0.00908185 0.0096367
# maturity
 0.0229774 0.320821 0.904651 0.99478 0.999739 0.999987 0.999999 1 1 1 1 1
# spawnmo
1
# age_err
 1 0 0 0 0 0 0 0 0 0 0 0
 0 1 0 0 0 0 0 0 0 0 0 0
 0 0 1 0 0 0 0 0 0 0 0 0
 0 0 0 1 0 0 0 0 0 0 0 0
 0 0 0 0 1 0 0 0 0 0 0 0
 0 0 0 0 0 1 0 0 0 0 0 0
 0 0 0 0 0 0 1 0 0 0 0 0
 0 0 0 0 0 0 0 1 0 0 0 0
 0 0 0 0 0 0 0 0 1 0 0 0
 0 0 0 0 0 0 0 0 0 1 0 0
 0 0 0 0 0 0 0 0 0 0 1 0
 0 0 0 0 0 0 0 0 0 0 0 1
# cntrlfile_name
C:\Users\bai.li\Desktop\s1_test\AMAK\s104\amak.dat
# Map shared selectivity: 
# sel_map
 1 2
 1 1
# datafile_name
amak_data.dat
# model_name
OM_1
# SrType
2
# use_age_err
0
# retro
0
# sigmarprior
0.2
# cvsigmarprior
0.25
# phase_sigmar
-3
# styr_rec_est
1
# endyr_rec_est
30
# Linfprior
80
# cvLinfprior
0.25
# kprior
0.18
# cvkprior
0.25
# Loprior
27.688
# cvLoprior
0.25
# sdageprior
0.1
# cvsdageprior
0.25
# natmortprior
0.2
# cvnatmortprior
0.25
# phase_M
-4
# npars_Mage
0
# ages_M_changes

# Mage_in

# phase_Mage
-5
# phase_rw_M
0
# npars_rw_M
0
# yrs_rw_M

# sigma_rw_M

# qprior
 3.48998e-007
# cvqprior
 1
# phase_q
 1
# q_power_prior
 1
# cvq_power_prior
 0.2
# phase_q_power
 -4
# phase_rw_q
 -1
# npars_rw_q
 0
# yrs_rw_q

# sigma_rw_q

# q_age_min
 1
# q_age_max
 12
# q_age_min
 1
# q_age_max
 12
# fsh_sel_opt(k)
2
# phase_sel_fsh(k)
-2
# n_sel_ch_fsh(k)
1
# sel_slp_in_fsh(k)(1,n_sel_ch_fsh(k))
 1
# sel_inf_in_fsh(k)(1,n_sel_ch_fsh(k))
 2
# logsel_slp_in_fsh(k)(1,n_sel_ch_fsh(k))
 0
# yrs_sel_ch_fsh(k)(1,n_sel_ch_fsh(k))
 1

Survey survey_index1
# ind_sel_opt(k)
2
# indname(k)
survey_index1
# nselages_in_ind(k)
11
# phase_sel_ind(k)
-2
# sel_change_in_ind(k)
 1 0 0 0 0 0 0 0 0 0 0 0 0 0 0 0 0 0 0 0 0 0 0 0 0 0 0 0 0 0
# n_sel_ch_ind(k)
1
# yrs_sel_ch_ind(k)(1,n_sel_ch_ind(k))
 1
# sel_slp_in_ind(k,1)
2
# sel_inf_in_ind(k,1)
1.5
# logsel_slp_in_ind(k,1)
0.693147
# logsel_slp_in_indv(k)
0.693147
survey_index1 ind sel opt 2  1 0 0 0 0 0 0 0 0 0 0 0 0 0 0 0 0 0 0 0 0 0 0 0 0 0 0 0 0 0
Phase indices Sel_Coffs:  -1
 Test: 1.23457e+008
# Fshry Selages:  11
# Srvy  Selages:  11
# Phase for age-spec fishery  -1
# Phase for logistic fishery  -2
# Phase for dble logistic fishery  -1
# Phase for age-spec indices   -1
# Phase for logistic indices   -2
# Phase for dble logistic ind  -1
# Curv_pen_fsh: 
 0
# Curv_pen_ind: 
 0
# styr_fut
31
# endyr_fut
35
# nyrs_fsh_age
 30
# nyrs_fsh_age
 30
# yrs_fsh_age
 1 2 3 4 5 6 7 8 9 10 11 12 13 14 15 16 17 18 19 20 21 22 23 24 25 26 27 28 29 30
# n_sample_fsh_age
 200 200 200 200 200 200 200 200 200 200 200 200 200 200 200 200 200 200 200 200 200 200 200 200 200 200 200 200 200 200
# oac_fsh
 0.05 0.09 0.14 0.13 0.09 0.09 0.09 0.06 0.065 0.05 0.025 0.12
 0.09 0.145 0.12 0.11 0.08 0.06 0.1 0.05 0.035 0.03 0.025 0.155
 0.055 0.12 0.175 0.09 0.085 0.115 0.085 0.045 0.04 0.025 0.04 0.125
 0.045 0.07 0.135 0.135 0.095 0.11 0.065 0.095 0.03 0.02 0.04 0.16
 0.095 0.07 0.125 0.145 0.09 0.095 0.11 0.055 0.04 0.045 0.025 0.105
 0.09 0.11 0.12 0.075 0.14 0.1 0.055 0.075 0.06 0.05 0.035 0.09
 0.065 0.165 0.17 0.1 0.115 0.12 0.04 0.055 0.075 0.015 0.015 0.065
 0.1 0.115 0.19 0.16 0.07 0.07 0.1 0.04 0.025 0.035 0.01 0.085
 0.075 0.135 0.105 0.155 0.105 0.075 0.04 0.085 0.05 0.085 0.015 0.075
 0.085 0.095 0.14 0.115 0.18 0.07 0.055 0.045 0.06 0.025 0.02 0.11
 0.085 0.165 0.16 0.145 0.09 0.075 0.095 0.04 0.035 0.02 0.02 0.07
 0.07 0.14 0.195 0.12 0.105 0.06 0.085 0.05 0.03 0.025 0.015 0.105
 0.055 0.135 0.17 0.175 0.13 0.085 0.045 0.07 0.035 0.015 0.01 0.075
 0.115 0.1 0.09 0.13 0.13 0.095 0.025 0.06 0.055 0.06 0.015 0.125
 0.065 0.19 0.195 0.09 0.105 0.105 0.065 0.07 0.025 0.035 0.01 0.045
 0.115 0.14 0.185 0.105 0.135 0.105 0.065 0.025 0.04 0.01 0.005 0.07
 0.14 0.14 0.175 0.145 0.115 0.085 0.05 0.045 0.02 0.025 0.025 0.035
 0.115 0.21 0.2 0.12 0.085 0.07 0.05 0.05 0.01 0.03 0.015 0.045
 0.115 0.15 0.185 0.185 0.11 0.075 0.045 0.04 0.01 0.025 0.015 0.045
 0.125 0.14 0.16 0.16 0.145 0.08 0.065 0.025 0.005 0.035 0.015 0.045
 0.12 0.19 0.175 0.115 0.13 0.095 0.065 0.025 0.02 0.015 0.005 0.045
 0.17 0.21 0.145 0.13 0.1 0.085 0.05 0.04 0.025 0.005 0.01 0.03
 0.18 0.275 0.19 0.07 0.065 0.075 0.045 0.04 0.025 0.01 0 0.025
 0.135 0.165 0.2 0.21 0.11 0.055 0.03 0.035 0.005 0.03 0.005 0.02
 0.2 0.205 0.17 0.15 0.13 0.055 0.03 0.025 0.02 0.005 0.005 0.005
 0.13 0.255 0.185 0.155 0.1 0.07 0.045 0.03 0.01 0.005 0.015 0
 0.135 0.13 0.33 0.155 0.085 0.075 0.055 0.01 0.01 0.005 0.005 0.005
 0.19 0.165 0.175 0.185 0.08 0.085 0.045 0.025 0.015 0.01 0.015 0.01
 0.155 0.22 0.205 0.135 0.115 0.055 0.05 0.025 0.02 0.01 0 0.01
 0.155 0.28 0.21 0.155 0.055 0.05 0.035 0.02 0.02 0.01 0 0.01
# olc_fsh

# wt_fsh
 0.000530656 0.00119633 0.00205827 0.00303499 0.00405521 0.0050647 0.00602623 0.00691692 0.00772489 0.00844611 0.00908185 0.0096367
 0.000530656 0.00119633 0.00205827 0.00303499 0.00405521 0.0050647 0.00602623 0.00691692 0.00772489 0.00844611 0.00908185 0.0096367
 0.000530656 0.00119633 0.00205827 0.00303499 0.00405521 0.0050647 0.00602623 0.00691692 0.00772489 0.00844611 0.00908185 0.0096367
 0.000530656 0.00119633 0.00205827 0.00303499 0.00405521 0.0050647 0.00602623 0.00691692 0.00772489 0.00844611 0.00908185 0.0096367
 0.000530656 0.00119633 0.00205827 0.00303499 0.00405521 0.0050647 0.00602623 0.00691692 0.00772489 0.00844611 0.00908185 0.0096367
 0.000530656 0.00119633 0.00205827 0.00303499 0.00405521 0.0050647 0.00602623 0.00691692 0.00772489 0.00844611 0.00908185 0.0096367
 0.000530656 0.00119633 0.00205827 0.00303499 0.00405521 0.0050647 0.00602623 0.00691692 0.00772489 0.00844611 0.00908185 0.0096367
 0.000530656 0.00119633 0.00205827 0.00303499 0.00405521 0.0050647 0.00602623 0.00691692 0.00772489 0.00844611 0.00908185 0.0096367
 0.000530656 0.00119633 0.00205827 0.00303499 0.00405521 0.0050647 0.00602623 0.00691692 0.00772489 0.00844611 0.00908185 0.0096367
 0.000530656 0.00119633 0.00205827 0.00303499 0.00405521 0.0050647 0.00602623 0.00691692 0.00772489 0.00844611 0.00908185 0.0096367
 0.000530656 0.00119633 0.00205827 0.00303499 0.00405521 0.0050647 0.00602623 0.00691692 0.00772489 0.00844611 0.00908185 0.0096367
 0.000530656 0.00119633 0.00205827 0.00303499 0.00405521 0.0050647 0.00602623 0.00691692 0.00772489 0.00844611 0.00908185 0.0096367
 0.000530656 0.00119633 0.00205827 0.00303499 0.00405521 0.0050647 0.00602623 0.00691692 0.00772489 0.00844611 0.00908185 0.0096367
 0.000530656 0.00119633 0.00205827 0.00303499 0.00405521 0.0050647 0.00602623 0.00691692 0.00772489 0.00844611 0.00908185 0.0096367
 0.000530656 0.00119633 0.00205827 0.00303499 0.00405521 0.0050647 0.00602623 0.00691692 0.00772489 0.00844611 0.00908185 0.0096367
 0.000530656 0.00119633 0.00205827 0.00303499 0.00405521 0.0050647 0.00602623 0.00691692 0.00772489 0.00844611 0.00908185 0.0096367
 0.000530656 0.00119633 0.00205827 0.00303499 0.00405521 0.0050647 0.00602623 0.00691692 0.00772489 0.00844611 0.00908185 0.0096367
 0.000530656 0.00119633 0.00205827 0.00303499 0.00405521 0.0050647 0.00602623 0.00691692 0.00772489 0.00844611 0.00908185 0.0096367
 0.000530656 0.00119633 0.00205827 0.00303499 0.00405521 0.0050647 0.00602623 0.00691692 0.00772489 0.00844611 0.00908185 0.0096367
 0.000530656 0.00119633 0.00205827 0.00303499 0.00405521 0.0050647 0.00602623 0.00691692 0.00772489 0.00844611 0.00908185 0.0096367
 0.000530656 0.00119633 0.00205827 0.00303499 0.00405521 0.0050647 0.00602623 0.00691692 0.00772489 0.00844611 0.00908185 0.0096367
 0.000530656 0.00119633 0.00205827 0.00303499 0.00405521 0.0050647 0.00602623 0.00691692 0.00772489 0.00844611 0.00908185 0.0096367
 0.000530656 0.00119633 0.00205827 0.00303499 0.00405521 0.0050647 0.00602623 0.00691692 0.00772489 0.00844611 0.00908185 0.0096367
 0.000530656 0.00119633 0.00205827 0.00303499 0.00405521 0.0050647 0.00602623 0.00691692 0.00772489 0.00844611 0.00908185 0.0096367
 0.000530656 0.00119633 0.00205827 0.00303499 0.00405521 0.0050647 0.00602623 0.00691692 0.00772489 0.00844611 0.00908185 0.0096367
 0.000530656 0.00119633 0.00205827 0.00303499 0.00405521 0.0050647 0.00602623 0.00691692 0.00772489 0.00844611 0.00908185 0.0096367
 0.000530656 0.00119633 0.00205827 0.00303499 0.00405521 0.0050647 0.00602623 0.00691692 0.00772489 0.00844611 0.00908185 0.0096367
 0.000530656 0.00119633 0.00205827 0.00303499 0.00405521 0.0050647 0.00602623 0.00691692 0.00772489 0.00844611 0.00908185 0.0096367
 0.000530656 0.00119633 0.00205827 0.00303499 0.00405521 0.0050647 0.00602623 0.00691692 0.00772489 0.00844611 0.00908185 0.0096367
 0.000530656 0.00119633 0.00205827 0.00303499 0.00405521 0.0050647 0.00602623 0.00691692 0.00772489 0.00844611 0.00908185 0.0096367
# nyrs_ind_age
 30
# yrs_ind_age
 1 2 3 4 5 6 7 8 9 10 11 12 13 14 15 16 17 18 19 20 21 22 23 24 25 26 27 28 29 30
# n_sample_ind_age
 200 200 200 200 200 200 200 200 200 200 200 200 200 200 200 200 200 200 200 200 200 200 200 200 200 200 200 200 200 200
# oac_ind
 0.06 0.13 0.17 0.09 0.13 0.06 0.055 0.05 0.02 0.015 0.04 0.18
 0.09 0.145 0.12 0.135 0.095 0.075 0.055 0.025 0.05 0.04 0.06 0.11
 0.055 0.14 0.14 0.07 0.09 0.09 0.095 0.075 0.09 0.035 0.015 0.105
 0.04 0.105 0.175 0.1 0.125 0.095 0.075 0.025 0.045 0.05 0.05 0.115
 0.115 0.12 0.155 0.135 0.105 0.03 0.055 0.05 0.06 0.035 0.025 0.115
 0.08 0.155 0.125 0.145 0.125 0.08 0.06 0.03 0.03 0.035 0.025 0.11
 0.015 0.195 0.17 0.16 0.075 0.11 0.075 0.045 0.055 0.02 0.02 0.06
 0.1 0.17 0.15 0.18 0.06 0.07 0.06 0.025 0.04 0.02 0.03 0.095
 0.08 0.15 0.185 0.155 0.105 0.06 0.065 0.05 0.025 0.02 0.02 0.085
 0.07 0.145 0.18 0.105 0.115 0.115 0.05 0.05 0.025 0.045 0.005 0.095
 0.095 0.16 0.175 0.125 0.11 0.065 0.06 0.025 0.03 0.04 0.025 0.09
 0.095 0.19 0.17 0.12 0.105 0.1 0.07 0.045 0.02 0.005 0.015 0.065
 0.075 0.13 0.18 0.205 0.09 0.085 0.05 0.055 0.045 0.02 0.015 0.05
 0.06 0.17 0.155 0.195 0.105 0.055 0.065 0.06 0.04 0.03 0.015 0.05
 0.05 0.21 0.15 0.145 0.11 0.05 0.075 0.055 0.005 0.04 0.025 0.085
 0.09 0.185 0.22 0.11 0.09 0.07 0.08 0.03 0.015 0.025 0.01 0.075
 0.105 0.22 0.2 0.14 0.105 0.09 0.04 0.015 0.015 0.025 0 0.045
 0.07 0.265 0.215 0.12 0.09 0.065 0.025 0.025 0.015 0.02 0.03 0.06
 0.1 0.185 0.23 0.145 0.07 0.125 0.035 0.025 0.035 0.01 0.02 0.02
 0.095 0.2 0.195 0.145 0.15 0.07 0.03 0.02 0.015 0.02 0.005 0.055
 0.115 0.22 0.19 0.125 0.12 0.065 0.025 0.03 0.02 0.01 0.035 0.045
 0.1 0.24 0.16 0.17 0.065 0.09 0.045 0.03 0.015 0.025 0.01 0.05
 0.065 0.32 0.24 0.1 0.075 0.055 0.04 0.035 0.015 0.01 0.015 0.03
 0.105 0.19 0.275 0.185 0.075 0.075 0.03 0.025 0.015 0 0.01 0.015
 0.12 0.145 0.245 0.18 0.155 0.05 0.03 0.02 0.025 0.01 0.005 0.015
 0.115 0.355 0.195 0.105 0.11 0.055 0.035 0.015 0.005 0.005 0.005 0
 0.1 0.2 0.32 0.165 0.105 0.03 0.015 0.03 0.005 0.005 0.015 0.01
 0.18 0.245 0.185 0.17 0.05 0.04 0.06 0.035 0.005 0.01 0.005 0.015
 0.175 0.275 0.185 0.11 0.125 0.045 0.025 0.025 0.015 0.005 0.005 0.01
 0.15 0.295 0.25 0.15 0.045 0.06 0.01 0.015 0 0.015 0.01 0
# olc_ind

# obs_lse_ind
 0.198042 0.198042 0.198042 0.198042 0.198042 0.198042 0.198042 0.198042 0.198042 0.198042 0.198042 0.198042 0.198042 0.198042 0.198042 0.198042 0.198042 0.198042 0.198042 0.198042 0.198042 0.198042 0.198042 0.198042 0.198042 0.198042 0.198042 0.198042 0.198042 0.198042
# xages_fsh
 0 0 0 0 0 0 0 0 0 0 0 0
# xages_fsh
 0 0.0909091 0.181818 0.272727 0.363636 0.454545 0.545455 0.636364 0.727273 0.818182 0.909091 1
# xnodes_fsh

Yrs fsh_sel change:  1 0 0 0 0 0 0 0 0 0 0 0 0 0 0 0 0 0 0 0 0 0 0 0 0 0 0 0 0
Yrs ind_sel change:  1 0 0 0 0 0 0 0 0 0 0 0 0 0 0 0 0 0 0 0 0 0 0 0 0 0 0 0 0
# steepnessprior
0.75
# sigmarprior
0.2
#  SSB estimated in styr endyr: -12 28 
#  Rec estimated in styr endyr: -10 30 
#  SR Curve fit  in styr endyr: 1 30 
#             Model styr endyr: 1 30 
# qprior
 3.48998e-007
# q_power_prior 
 1 
# cv_catchbiomass 
0.05 
# CatchbiomassPen 
200 
# Number of projection years 
5 
# offset_fsh
 13459.3
# offset_ind
 13128.9
Mean Catch
1274.47
R_guess 
13.8155
# nfsh
1
# n_sel_ch_fsh
 1
# nselages_fsh
 11
# phase_selcoff_fsh
 -1
logRzero 13.8155
logmeanrec 13.8155
exp(log_sigmarprior 0.2
Fish sel phase: -1 OM1
Fixing fishery sel to
1
Fixing fishery sel to
1
Srvy sel phase: -1
Fixing survey_index1 indices sel to
1
Fixing index sel to
1
# logsel_slp_in_indv
 0.693147
Leaving parameter init secton
# M
 0.2 0.2 0.2 0.2 0.2 0.2 0.2 0.2 0.2 0.2 0.2 0.2
 0.2 0.2 0.2 0.2 0.2 0.2 0.2 0.2 0.2 0.2 0.2 0.2
 0.2 0.2 0.2 0.2 0.2 0.2 0.2 0.2 0.2 0.2 0.2 0.2
 0.2 0.2 0.2 0.2 0.2 0.2 0.2 0.2 0.2 0.2 0.2 0.2
 0.2 0.2 0.2 0.2 0.2 0.2 0.2 0.2 0.2 0.2 0.2 0.2
 0.2 0.2 0.2 0.2 0.2 0.2 0.2 0.2 0.2 0.2 0.2 0.2
 0.2 0.2 0.2 0.2 0.2 0.2 0.2 0.2 0.2 0.2 0.2 0.2
 0.2 0.2 0.2 0.2 0.2 0.2 0.2 0.2 0.2 0.2 0.2 0.2
 0.2 0.2 0.2 0.2 0.2 0.2 0.2 0.2 0.2 0.2 0.2 0.2
 0.2 0.2 0.2 0.2 0.2 0.2 0.2 0.2 0.2 0.2 0.2 0.2
 0.2 0.2 0.2 0.2 0.2 0.2 0.2 0.2 0.2 0.2 0.2 0.2
 0.2 0.2 0.2 0.2 0.2 0.2 0.2 0.2 0.2 0.2 0.2 0.2
 0.2 0.2 0.2 0.2 0.2 0.2 0.2 0.2 0.2 0.2 0.2 0.2
 0.2 0.2 0.2 0.2 0.2 0.2 0.2 0.2 0.2 0.2 0.2 0.2
 0.2 0.2 0.2 0.2 0.2 0.2 0.2 0.2 0.2 0.2 0.2 0.2
 0.2 0.2 0.2 0.2 0.2 0.2 0.2 0.2 0.2 0.2 0.2 0.2
 0.2 0.2 0.2 0.2 0.2 0.2 0.2 0.2 0.2 0.2 0.2 0.2
 0.2 0.2 0.2 0.2 0.2 0.2 0.2 0.2 0.2 0.2 0.2 0.2
 0.2 0.2 0.2 0.2 0.2 0.2 0.2 0.2 0.2 0.2 0.2 0.2
 0.2 0.2 0.2 0.2 0.2 0.2 0.2 0.2 0.2 0.2 0.2 0.2
 0.2 0.2 0.2 0.2 0.2 0.2 0.2 0.2 0.2 0.2 0.2 0.2
 0.2 0.2 0.2 0.2 0.2 0.2 0.2 0.2 0.2 0.2 0.2 0.2
 0.2 0.2 0.2 0.2 0.2 0.2 0.2 0.2 0.2 0.2 0.2 0.2
 0.2 0.2 0.2 0.2 0.2 0.2 0.2 0.2 0.2 0.2 0.2 0.2
 0.2 0.2 0.2 0.2 0.2 0.2 0.2 0.2 0.2 0.2 0.2 0.2
 0.2 0.2 0.2 0.2 0.2 0.2 0.2 0.2 0.2 0.2 0.2 0.2
 0.2 0.2 0.2 0.2 0.2 0.2 0.2 0.2 0.2 0.2 0.2 0.2
 0.2 0.2 0.2 0.2 0.2 0.2 0.2 0.2 0.2 0.2 0.2 0.2
 0.2 0.2 0.2 0.2 0.2 0.2 0.2 0.2 0.2 0.2 0.2 0.2
 0.2 0.2 0.2 0.2 0.2 0.2 0.2 0.2 0.2 0.2 0.2 0.2
# mean_log_rec
13.764
# log_Rzero
13.8127
# rec_dev
 -0.0758474 -0.0621267 -0.0103755 -0.0752577 -0.0124524 -0.0113832 0.0187485 0.0919235 0.019636 0.15558 -0.0159066 0.115402 0.287615 -0.0088293 -0.079525 0.297492 0.321404 0.0176038 0.136323 0.011077 0.115668 0.0746723 -0.147965 -0.154648 0.0302684 -0.10838 0.0639728 0.0738322 -0.251162 -0.236721 -0.29734 -0.0298827 -0.0359314 -0.281835 -0.386724 -0.01571 -0.492323 -0.335642 -0.130166 -0.0786764 -0.198125
# fmort
 0.00916075 0.0265795 0.044298 0.0602124 0.0477512 0.0863511 0.0874809 0.185015 0.107743 0.131748 0.150374 0.160527 0.116945 0.170233 0.181634 0.16436 0.321361 0.264152 0.262797 0.259915 0.35918 0.263196 0.430958 0.356061 0.354636 0.319721 0.306021 0.425529 0.318679 0.471149
# rec_dev_future
 0 0 0 0 0
