AMAK;August_2013
# styr
1
# endyr
30
# rec_age
1
# oldest_age
12
# nlength
81
# len_bins
 10 11 12 13 14 15 16 17 18 19 20 21 22 23 24 25 26 27 28 29 30 31 32 33 34 35 36 37 38 39 40 41 42 43 44 45 46 47 48 49 50 51 52 53 54 55 56 57 58 59 60 61 62 63 64 65 66 67 68 69 70 71 72 73 74 75 76 77 78 79 80 81 82 83 84 85 86 87 88 89 90
# datafile_name
amak_data.dat
# model_name
OM_1
# styr
1
# endyr
30
# rec_age
1
# oldest_age
12
# nfsh
1
# fshname
OM1
# catch_bio_in
 160.708 468.884 762.257 992.454 763.764 1335.01 1278.79 2497.41 1312.67 1528.71 1617.98 1604.12 1107.6 1530.22 1506.99 1266.21 2233.97 1606.16 1448.88 1316.2 1618.75 1077.75 1634.54 1212.42 1118.56 976.576 924.096 1208.29 871.516 1280.43
# catch_bio_sd_in
 0.01 0.01 0.01 0.01 0.01 0.01 0.01 0.01 0.01 0.01 0.01 0.01 0.01 0.01 0.01 0.01 0.01 0.01 0.01 0.01 0.01 0.01 0.01 0.01 0.01 0.01 0.01 0.01 0.01 0.01
# nyrs_fsh_age
 30
# nyrs_fsh_length
 0
# yrs_fsh_age_in
 1 2 3 4 5 6 7 8 9 10 11 12 13 14 15 16 17 18 19 20 21 22 23 24 25 26 27 28 29 30
# yrs_fsh_length_in

# n_sample_fsh_length_in

# olc_fsh_in

# nind
1
# indname
survey_index1
# nyrs_ind
 30
# yrs_ind_in
 1 2 3 4 5 6 7 8 9 10 11 12 13 14 15 16 17 18 19 20 21 22 23 24 25 26 27 28 29 30
# mo_ind
 1
# obs_ind_in
 1.58319 1.45218 1.34758 1.68143 1.40238 1.52844 1.2363 1.12589 1.21138 1.40305 1.23213 1.21485 1.10389 0.978919 0.836813 0.937198 0.996474 0.826061 0.69627 0.715072 0.709816 0.679872 0.796658 0.676575 0.635345 0.548303 0.481637 0.465388 0.63189 0.519207
# obs_se_ind_in
 0.316638 0.290437 0.269517 0.336285 0.280476 0.305688 0.24726 0.225179 0.242276 0.280611 0.246425 0.242969 0.220779 0.195784 0.167363 0.18744 0.199295 0.165212 0.139254 0.143014 0.141963 0.135974 0.159332 0.135315 0.127069 0.109661 0.0963274 0.0930776 0.126378 0.103841
# nyrs_ind_age
 30
# nyrs_ind_length
 0
# yrs_ind_age_in
 1 2 3 4 5 6 7 8 9 10 11 12 13 14 15 16 17 18 19 20 21 22 23 24 25 26 27 28 29 30
# yrs_ind_length_in

# yrs_ind_age_in
 1 2 3 4 5 6 7 8 9 10 11 12 13 14 15 16 17 18 19 20 21 22 23 24 25 26 27 28 29 30
# n_sample_ind_length_in

# olc_ind_in

# oac_ind_in
 0.05 0.135 0.165 0.09 0.11 0.08 0.085 0.055 0.045 0.055 0.03 0.1
 0.09 0.135 0.185 0.06 0.095 0.07 0.055 0.085 0.045 0.04 0.035 0.105
 0.025 0.195 0.18 0.14 0.055 0.09 0.07 0.05 0.05 0.02 0.025 0.1
 0.05 0.13 0.18 0.115 0.08 0.09 0.06 0.045 0.06 0.03 0.025 0.135
 0.105 0.11 0.11 0.175 0.1 0.065 0.055 0.04 0.075 0.025 0.025 0.115
 0.075 0.22 0.13 0.115 0.14 0.06 0.07 0.025 0.03 0.03 0.025 0.08
 0.05 0.2 0.24 0.08 0.085 0.095 0.03 0.04 0.055 0.035 0.01 0.08
 0.095 0.135 0.175 0.125 0.085 0.065 0.08 0.02 0.04 0.03 0.035 0.115
 0.06 0.16 0.145 0.15 0.135 0.085 0.065 0.065 0.02 0.045 0.015 0.055
 0.065 0.135 0.16 0.085 0.15 0.09 0.045 0.05 0.045 0.03 0.035 0.11
 0.09 0.185 0.16 0.21 0.075 0.075 0.045 0.025 0.02 0.01 0.02 0.085
 0.07 0.225 0.21 0.105 0.085 0.055 0.075 0.035 0.01 0.01 0.03 0.09
 0.08 0.16 0.215 0.15 0.075 0.1 0.03 0.04 0.04 0.025 0.01 0.075
 0.065 0.16 0.18 0.155 0.135 0.065 0.07 0.055 0.025 0.045 0.01 0.035
 0.09 0.14 0.22 0.14 0.11 0.055 0.055 0.05 0.025 0.015 0.03 0.07
 0.09 0.17 0.18 0.135 0.11 0.075 0.06 0.05 0.02 0.02 0.02 0.07
 0.07 0.245 0.155 0.135 0.1 0.09 0.065 0.015 0.02 0.025 0.01 0.07
 0.06 0.215 0.23 0.145 0.125 0.05 0.05 0.045 0.02 0.01 0.01 0.04
 0.12 0.18 0.175 0.115 0.105 0.115 0.055 0.04 0.035 0.02 0.015 0.025
 0.06 0.245 0.16 0.175 0.11 0.055 0.05 0.04 0.025 0.02 0.015 0.045
 0.17 0.205 0.165 0.15 0.1 0.065 0.065 0.035 0.015 0.01 0.005 0.015
 0.14 0.255 0.15 0.125 0.09 0.085 0.055 0.01 0.02 0.01 0.01 0.05
 0.085 0.235 0.275 0.115 0.06 0.055 0.09 0.025 0.025 0.01 0.005 0.02
 0.09 0.205 0.305 0.155 0.035 0.085 0.045 0.015 0.03 0.02 0.005 0.01
 0.14 0.215 0.19 0.185 0.135 0.035 0.03 0.015 0.025 0.02 0 0.01
 0.07 0.285 0.23 0.145 0.155 0.06 0.02 0.015 0.005 0.005 0 0.01
 0.165 0.245 0.22 0.145 0.07 0.055 0.06 0.015 0.005 0 0.01 0.01
 0.14 0.19 0.23 0.165 0.085 0.06 0.055 0.035 0.01 0 0 0.03
 0.14 0.255 0.225 0.09 0.14 0.04 0.025 0.03 0.03 0.01 0.005 0.01
 0.1 0.33 0.28 0.115 0.06 0.07 0.01 0.01 0.01 0.01 0 0.005
# wt_ind
 1 1 1 1 1 1 1 1 1 1 1 1
 1 1 1 1 1 1 1 1 1 1 1 1
 1 1 1 1 1 1 1 1 1 1 1 1
 1 1 1 1 1 1 1 1 1 1 1 1
 1 1 1 1 1 1 1 1 1 1 1 1
 1 1 1 1 1 1 1 1 1 1 1 1
 1 1 1 1 1 1 1 1 1 1 1 1
 1 1 1 1 1 1 1 1 1 1 1 1
 1 1 1 1 1 1 1 1 1 1 1 1
 1 1 1 1 1 1 1 1 1 1 1 1
 1 1 1 1 1 1 1 1 1 1 1 1
 1 1 1 1 1 1 1 1 1 1 1 1
 1 1 1 1 1 1 1 1 1 1 1 1
 1 1 1 1 1 1 1 1 1 1 1 1
 1 1 1 1 1 1 1 1 1 1 1 1
 1 1 1 1 1 1 1 1 1 1 1 1
 1 1 1 1 1 1 1 1 1 1 1 1
 1 1 1 1 1 1 1 1 1 1 1 1
 1 1 1 1 1 1 1 1 1 1 1 1
 1 1 1 1 1 1 1 1 1 1 1 1
 1 1 1 1 1 1 1 1 1 1 1 1
 1 1 1 1 1 1 1 1 1 1 1 1
 1 1 1 1 1 1 1 1 1 1 1 1
 1 1 1 1 1 1 1 1 1 1 1 1
 1 1 1 1 1 1 1 1 1 1 1 1
 1 1 1 1 1 1 1 1 1 1 1 1
 1 1 1 1 1 1 1 1 1 1 1 1
 1 1 1 1 1 1 1 1 1 1 1 1
 1 1 1 1 1 1 1 1 1 1 1 1
 1 1 1 1 1 1 1 1 1 1 1 1
# wt_pop
 0.000530656 0.00119633 0.00205827 0.00303499 0.00405521 0.0050647 0.00602623 0.00691692 0.00772489 0.00844611 0.00908185 0.0096367
# maturity
 0.0229774 0.320821 0.904651 0.99478 0.999739 0.999987 0.999999 1 1 1 1 1
# spawnmo
1
# age_err
 1 0 0 0 0 0 0 0 0 0 0 0
 0 1 0 0 0 0 0 0 0 0 0 0
 0 0 1 0 0 0 0 0 0 0 0 0
 0 0 0 1 0 0 0 0 0 0 0 0
 0 0 0 0 1 0 0 0 0 0 0 0
 0 0 0 0 0 1 0 0 0 0 0 0
 0 0 0 0 0 0 1 0 0 0 0 0
 0 0 0 0 0 0 0 1 0 0 0 0
 0 0 0 0 0 0 0 0 1 0 0 0
 0 0 0 0 0 0 0 0 0 1 0 0
 0 0 0 0 0 0 0 0 0 0 1 0
 0 0 0 0 0 0 0 0 0 0 0 1
# cntrlfile_name
C:\Users\bai.li\Desktop\s1_test\AMAK\s36\amak.dat
# Map shared selectivity: 
# sel_map
 1 2
 1 1
# datafile_name
amak_data.dat
# model_name
OM_1
# SrType
2
# use_age_err
0
# retro
0
# sigmarprior
0.2
# cvsigmarprior
0.25
# phase_sigmar
-3
# styr_rec_est
1
# endyr_rec_est
30
# Linfprior
80
# cvLinfprior
0.25
# kprior
0.18
# cvkprior
0.25
# Loprior
27.688
# cvLoprior
0.25
# sdageprior
0.1
# cvsdageprior
0.25
# natmortprior
0.2
# cvnatmortprior
0.25
# phase_M
-4
# npars_Mage
0
# ages_M_changes

# Mage_in

# phase_Mage
-5
# phase_rw_M
0
# npars_rw_M
0
# yrs_rw_M

# sigma_rw_M

# qprior
 3.48998e-007
# cvqprior
 1
# phase_q
 1
# q_power_prior
 1
# cvq_power_prior
 0.2
# phase_q_power
 -4
# phase_rw_q
 -1
# npars_rw_q
 0
# yrs_rw_q

# sigma_rw_q

# q_age_min
 1
# q_age_max
 12
# q_age_min
 1
# q_age_max
 12
# fsh_sel_opt(k)
2
# phase_sel_fsh(k)
-2
# n_sel_ch_fsh(k)
1
# sel_slp_in_fsh(k)(1,n_sel_ch_fsh(k))
 1
# sel_inf_in_fsh(k)(1,n_sel_ch_fsh(k))
 2
# logsel_slp_in_fsh(k)(1,n_sel_ch_fsh(k))
 0
# yrs_sel_ch_fsh(k)(1,n_sel_ch_fsh(k))
 1

Survey survey_index1
# ind_sel_opt(k)
2
# indname(k)
survey_index1
# nselages_in_ind(k)
11
# phase_sel_ind(k)
-2
# sel_change_in_ind(k)
 1 0 0 0 0 0 0 0 0 0 0 0 0 0 0 0 0 0 0 0 0 0 0 0 0 0 0 0 0 0
# n_sel_ch_ind(k)
1
# yrs_sel_ch_ind(k)(1,n_sel_ch_ind(k))
 1
# sel_slp_in_ind(k,1)
2
# sel_inf_in_ind(k,1)
1.5
# logsel_slp_in_ind(k,1)
0.693147
# logsel_slp_in_indv(k)
0.693147
survey_index1 ind sel opt 2  1 0 0 0 0 0 0 0 0 0 0 0 0 0 0 0 0 0 0 0 0 0 0 0 0 0 0 0 0 0
Phase indices Sel_Coffs:  -1
 Test: 1.23457e+008
# Fshry Selages:  11
# Srvy  Selages:  11
# Phase for age-spec fishery  -1
# Phase for logistic fishery  -2
# Phase for dble logistic fishery  -1
# Phase for age-spec indices   -1
# Phase for logistic indices   -2
# Phase for dble logistic ind  -1
# Curv_pen_fsh: 
 0
# Curv_pen_ind: 
 0
# styr_fut
31
# endyr_fut
35
# nyrs_fsh_age
 30
# nyrs_fsh_age
 30
# yrs_fsh_age
 1 2 3 4 5 6 7 8 9 10 11 12 13 14 15 16 17 18 19 20 21 22 23 24 25 26 27 28 29 30
# n_sample_fsh_age
 200 200 200 200 200 200 200 200 200 200 200 200 200 200 200 200 200 200 200 200 200 200 200 200 200 200 200 200 200 200
# oac_fsh
 0.09 0.075 0.095 0.1 0.135 0.115 0.06 0.065 0.045 0.025 0.025 0.17
 0.1 0.115 0.14 0.09 0.11 0.07 0.085 0.04 0.05 0.02 0.025 0.155
 0.06 0.12 0.12 0.15 0.1 0.13 0.05 0.035 0.03 0.03 0.015 0.16
 0.07 0.1 0.14 0.1 0.105 0.075 0.08 0.065 0.06 0.045 0.015 0.145
 0.07 0.085 0.095 0.18 0.115 0.105 0.075 0.065 0.03 0.03 0.04 0.11
 0.125 0.135 0.095 0.09 0.125 0.095 0.07 0.045 0.05 0.01 0.02 0.14
 0.05 0.14 0.225 0.07 0.095 0.08 0.06 0.035 0.03 0.04 0.01 0.165
 0.105 0.12 0.16 0.225 0.04 0.06 0.06 0.075 0.04 0.01 0.025 0.08
 0.07 0.14 0.095 0.165 0.195 0.07 0.06 0.03 0.03 0.025 0.02 0.1
 0.11 0.14 0.15 0.095 0.125 0.135 0.025 0.045 0.06 0.005 0.04 0.07
 0.075 0.145 0.14 0.16 0.11 0.08 0.08 0.025 0.055 0.025 0.01 0.095
 0.105 0.145 0.17 0.11 0.115 0.085 0.075 0.05 0.025 0.02 0.035 0.065
 0.095 0.13 0.19 0.16 0.095 0.085 0.04 0.09 0.02 0.01 0.01 0.075
 0.09 0.175 0.125 0.14 0.125 0.075 0.075 0.025 0.06 0.035 0 0.075
 0.135 0.19 0.15 0.1 0.13 0.085 0.035 0.04 0.03 0.025 0.025 0.055
 0.16 0.135 0.165 0.12 0.085 0.085 0.055 0.04 0.035 0.02 0.02 0.08
 0.13 0.19 0.165 0.12 0.08 0.08 0.05 0.045 0.02 0.015 0.025 0.08
 0.145 0.145 0.185 0.13 0.125 0.095 0.04 0.02 0.035 0.03 0.005 0.045
 0.135 0.15 0.205 0.15 0.105 0.065 0.03 0.035 0.07 0.02 0 0.035
 0.11 0.14 0.13 0.2 0.17 0.065 0.045 0.04 0.02 0.015 0.01 0.055
 0.195 0.17 0.16 0.115 0.155 0.085 0.02 0.03 0.025 0.01 0.005 0.03
 0.19 0.225 0.145 0.13 0.1 0.075 0.06 0.015 0.025 0.015 0 0.02
 0.11 0.26 0.205 0.125 0.095 0.045 0.05 0.03 0.03 0.015 0.025 0.01
 0.135 0.185 0.255 0.175 0.1 0.06 0.02 0.01 0.03 0 0.015 0.015
 0.18 0.155 0.16 0.205 0.1 0.065 0.045 0.03 0.025 0.015 0 0.02
 0.13 0.26 0.175 0.14 0.15 0.06 0.01 0.03 0.025 0.005 0 0.015
 0.145 0.135 0.245 0.175 0.09 0.115 0.03 0.015 0.015 0.01 0.01 0.015
 0.14 0.22 0.23 0.15 0.11 0.065 0.05 0.005 0.005 0.015 0.005 0.005
 0.2 0.18 0.245 0.125 0.105 0.06 0.035 0.025 0.015 0 0 0.01
 0.18 0.23 0.185 0.16 0.09 0.07 0.03 0.015 0.01 0.02 0 0.01
# olc_fsh

# wt_fsh
 0.000530656 0.00119633 0.00205827 0.00303499 0.00405521 0.0050647 0.00602623 0.00691692 0.00772489 0.00844611 0.00908185 0.0096367
 0.000530656 0.00119633 0.00205827 0.00303499 0.00405521 0.0050647 0.00602623 0.00691692 0.00772489 0.00844611 0.00908185 0.0096367
 0.000530656 0.00119633 0.00205827 0.00303499 0.00405521 0.0050647 0.00602623 0.00691692 0.00772489 0.00844611 0.00908185 0.0096367
 0.000530656 0.00119633 0.00205827 0.00303499 0.00405521 0.0050647 0.00602623 0.00691692 0.00772489 0.00844611 0.00908185 0.0096367
 0.000530656 0.00119633 0.00205827 0.00303499 0.00405521 0.0050647 0.00602623 0.00691692 0.00772489 0.00844611 0.00908185 0.0096367
 0.000530656 0.00119633 0.00205827 0.00303499 0.00405521 0.0050647 0.00602623 0.00691692 0.00772489 0.00844611 0.00908185 0.0096367
 0.000530656 0.00119633 0.00205827 0.00303499 0.00405521 0.0050647 0.00602623 0.00691692 0.00772489 0.00844611 0.00908185 0.0096367
 0.000530656 0.00119633 0.00205827 0.00303499 0.00405521 0.0050647 0.00602623 0.00691692 0.00772489 0.00844611 0.00908185 0.0096367
 0.000530656 0.00119633 0.00205827 0.00303499 0.00405521 0.0050647 0.00602623 0.00691692 0.00772489 0.00844611 0.00908185 0.0096367
 0.000530656 0.00119633 0.00205827 0.00303499 0.00405521 0.0050647 0.00602623 0.00691692 0.00772489 0.00844611 0.00908185 0.0096367
 0.000530656 0.00119633 0.00205827 0.00303499 0.00405521 0.0050647 0.00602623 0.00691692 0.00772489 0.00844611 0.00908185 0.0096367
 0.000530656 0.00119633 0.00205827 0.00303499 0.00405521 0.0050647 0.00602623 0.00691692 0.00772489 0.00844611 0.00908185 0.0096367
 0.000530656 0.00119633 0.00205827 0.00303499 0.00405521 0.0050647 0.00602623 0.00691692 0.00772489 0.00844611 0.00908185 0.0096367
 0.000530656 0.00119633 0.00205827 0.00303499 0.00405521 0.0050647 0.00602623 0.00691692 0.00772489 0.00844611 0.00908185 0.0096367
 0.000530656 0.00119633 0.00205827 0.00303499 0.00405521 0.0050647 0.00602623 0.00691692 0.00772489 0.00844611 0.00908185 0.0096367
 0.000530656 0.00119633 0.00205827 0.00303499 0.00405521 0.0050647 0.00602623 0.00691692 0.00772489 0.00844611 0.00908185 0.0096367
 0.000530656 0.00119633 0.00205827 0.00303499 0.00405521 0.0050647 0.00602623 0.00691692 0.00772489 0.00844611 0.00908185 0.0096367
 0.000530656 0.00119633 0.00205827 0.00303499 0.00405521 0.0050647 0.00602623 0.00691692 0.00772489 0.00844611 0.00908185 0.0096367
 0.000530656 0.00119633 0.00205827 0.00303499 0.00405521 0.0050647 0.00602623 0.00691692 0.00772489 0.00844611 0.00908185 0.0096367
 0.000530656 0.00119633 0.00205827 0.00303499 0.00405521 0.0050647 0.00602623 0.00691692 0.00772489 0.00844611 0.00908185 0.0096367
 0.000530656 0.00119633 0.00205827 0.00303499 0.00405521 0.0050647 0.00602623 0.00691692 0.00772489 0.00844611 0.00908185 0.0096367
 0.000530656 0.00119633 0.00205827 0.00303499 0.00405521 0.0050647 0.00602623 0.00691692 0.00772489 0.00844611 0.00908185 0.0096367
 0.000530656 0.00119633 0.00205827 0.00303499 0.00405521 0.0050647 0.00602623 0.00691692 0.00772489 0.00844611 0.00908185 0.0096367
 0.000530656 0.00119633 0.00205827 0.00303499 0.00405521 0.0050647 0.00602623 0.00691692 0.00772489 0.00844611 0.00908185 0.0096367
 0.000530656 0.00119633 0.00205827 0.00303499 0.00405521 0.0050647 0.00602623 0.00691692 0.00772489 0.00844611 0.00908185 0.0096367
 0.000530656 0.00119633 0.00205827 0.00303499 0.00405521 0.0050647 0.00602623 0.00691692 0.00772489 0.00844611 0.00908185 0.0096367
 0.000530656 0.00119633 0.00205827 0.00303499 0.00405521 0.0050647 0.00602623 0.00691692 0.00772489 0.00844611 0.00908185 0.0096367
 0.000530656 0.00119633 0.00205827 0.00303499 0.00405521 0.0050647 0.00602623 0.00691692 0.00772489 0.00844611 0.00908185 0.0096367
 0.000530656 0.00119633 0.00205827 0.00303499 0.00405521 0.0050647 0.00602623 0.00691692 0.00772489 0.00844611 0.00908185 0.0096367
 0.000530656 0.00119633 0.00205827 0.00303499 0.00405521 0.0050647 0.00602623 0.00691692 0.00772489 0.00844611 0.00908185 0.0096367
# nyrs_ind_age
 30
# yrs_ind_age
 1 2 3 4 5 6 7 8 9 10 11 12 13 14 15 16 17 18 19 20 21 22 23 24 25 26 27 28 29 30
# n_sample_ind_age
 200 200 200 200 200 200 200 200 200 200 200 200 200 200 200 200 200 200 200 200 200 200 200 200 200 200 200 200 200 200
# oac_ind
 0.05 0.135 0.165 0.09 0.11 0.08 0.085 0.055 0.045 0.055 0.03 0.1
 0.09 0.135 0.185 0.06 0.095 0.07 0.055 0.085 0.045 0.04 0.035 0.105
 0.025 0.195 0.18 0.14 0.055 0.09 0.07 0.05 0.05 0.02 0.025 0.1
 0.05 0.13 0.18 0.115 0.08 0.09 0.06 0.045 0.06 0.03 0.025 0.135
 0.105 0.11 0.11 0.175 0.1 0.065 0.055 0.04 0.075 0.025 0.025 0.115
 0.075 0.22 0.13 0.115 0.14 0.06 0.07 0.025 0.03 0.03 0.025 0.08
 0.05 0.2 0.24 0.08 0.085 0.095 0.03 0.04 0.055 0.035 0.01 0.08
 0.095 0.135 0.175 0.125 0.085 0.065 0.08 0.02 0.04 0.03 0.035 0.115
 0.06 0.16 0.145 0.15 0.135 0.085 0.065 0.065 0.02 0.045 0.015 0.055
 0.065 0.135 0.16 0.085 0.15 0.09 0.045 0.05 0.045 0.03 0.035 0.11
 0.09 0.185 0.16 0.21 0.075 0.075 0.045 0.025 0.02 0.01 0.02 0.085
 0.07 0.225 0.21 0.105 0.085 0.055 0.075 0.035 0.01 0.01 0.03 0.09
 0.08 0.16 0.215 0.15 0.075 0.1 0.03 0.04 0.04 0.025 0.01 0.075
 0.065 0.16 0.18 0.155 0.135 0.065 0.07 0.055 0.025 0.045 0.01 0.035
 0.09 0.14 0.22 0.14 0.11 0.055 0.055 0.05 0.025 0.015 0.03 0.07
 0.09 0.17 0.18 0.135 0.11 0.075 0.06 0.05 0.02 0.02 0.02 0.07
 0.07 0.245 0.155 0.135 0.1 0.09 0.065 0.015 0.02 0.025 0.01 0.07
 0.06 0.215 0.23 0.145 0.125 0.05 0.05 0.045 0.02 0.01 0.01 0.04
 0.12 0.18 0.175 0.115 0.105 0.115 0.055 0.04 0.035 0.02 0.015 0.025
 0.06 0.245 0.16 0.175 0.11 0.055 0.05 0.04 0.025 0.02 0.015 0.045
 0.17 0.205 0.165 0.15 0.1 0.065 0.065 0.035 0.015 0.01 0.005 0.015
 0.14 0.255 0.15 0.125 0.09 0.085 0.055 0.01 0.02 0.01 0.01 0.05
 0.085 0.235 0.275 0.115 0.06 0.055 0.09 0.025 0.025 0.01 0.005 0.02
 0.09 0.205 0.305 0.155 0.035 0.085 0.045 0.015 0.03 0.02 0.005 0.01
 0.14 0.215 0.19 0.185 0.135 0.035 0.03 0.015 0.025 0.02 0 0.01
 0.07 0.285 0.23 0.145 0.155 0.06 0.02 0.015 0.005 0.005 0 0.01
 0.165 0.245 0.22 0.145 0.07 0.055 0.06 0.015 0.005 0 0.01 0.01
 0.14 0.19 0.23 0.165 0.085 0.06 0.055 0.035 0.01 0 0 0.03
 0.14 0.255 0.225 0.09 0.14 0.04 0.025 0.03 0.03 0.01 0.005 0.01
 0.1 0.33 0.28 0.115 0.06 0.07 0.01 0.01 0.01 0.01 0 0.005
# olc_ind

# obs_lse_ind
 0.198042 0.198042 0.198042 0.198042 0.198042 0.198042 0.198042 0.198042 0.198042 0.198042 0.198042 0.198042 0.198042 0.198042 0.198042 0.198042 0.198042 0.198042 0.198042 0.198042 0.198042 0.198042 0.198042 0.198042 0.198042 0.198042 0.198042 0.198042 0.198042 0.198042
# xages_fsh
 0 0 0 0 0 0 0 0 0 0 0 0
# xages_fsh
 0 0.0909091 0.181818 0.272727 0.363636 0.454545 0.545455 0.636364 0.727273 0.818182 0.909091 1
# xnodes_fsh

Yrs fsh_sel change:  1 0 0 0 0 0 0 0 0 0 0 0 0 0 0 0 0 0 0 0 0 0 0 0 0 0 0 0 0
Yrs ind_sel change:  1 0 0 0 0 0 0 0 0 0 0 0 0 0 0 0 0 0 0 0 0 0 0 0 0 0 0 0 0
# steepnessprior
0.75
# sigmarprior
0.2
#  SSB estimated in styr endyr: -12 28 
#  Rec estimated in styr endyr: -10 30 
#  SR Curve fit  in styr endyr: 1 30 
#             Model styr endyr: 1 30 
# qprior
 3.48998e-007
# q_power_prior 
 1 
# cv_catchbiomass 
0.05 
# CatchbiomassPen 
200 
# Number of projection years 
5 
# offset_fsh
 13349.3
# offset_ind
 13156.4
Mean Catch
1275.4
R_guess 
13.8155
# nfsh
1
# n_sel_ch_fsh
 1
# nselages_fsh
 11
# phase_selcoff_fsh
 -1
logRzero 13.8155
logmeanrec 13.8155
exp(log_sigmarprior 0.2
Fish sel phase: -1 OM1
Fixing fishery sel to
1
Fixing fishery sel to
1
Srvy sel phase: -1
Fixing survey_index1 indices sel to
1
Fixing index sel to
1
# logsel_slp_in_indv
 0.693147
Leaving parameter init secton
# M
 0.2 0.2 0.2 0.2 0.2 0.2 0.2 0.2 0.2 0.2 0.2 0.2
 0.2 0.2 0.2 0.2 0.2 0.2 0.2 0.2 0.2 0.2 0.2 0.2
 0.2 0.2 0.2 0.2 0.2 0.2 0.2 0.2 0.2 0.2 0.2 0.2
 0.2 0.2 0.2 0.2 0.2 0.2 0.2 0.2 0.2 0.2 0.2 0.2
 0.2 0.2 0.2 0.2 0.2 0.2 0.2 0.2 0.2 0.2 0.2 0.2
 0.2 0.2 0.2 0.2 0.2 0.2 0.2 0.2 0.2 0.2 0.2 0.2
 0.2 0.2 0.2 0.2 0.2 0.2 0.2 0.2 0.2 0.2 0.2 0.2
 0.2 0.2 0.2 0.2 0.2 0.2 0.2 0.2 0.2 0.2 0.2 0.2
 0.2 0.2 0.2 0.2 0.2 0.2 0.2 0.2 0.2 0.2 0.2 0.2
 0.2 0.2 0.2 0.2 0.2 0.2 0.2 0.2 0.2 0.2 0.2 0.2
 0.2 0.2 0.2 0.2 0.2 0.2 0.2 0.2 0.2 0.2 0.2 0.2
 0.2 0.2 0.2 0.2 0.2 0.2 0.2 0.2 0.2 0.2 0.2 0.2
 0.2 0.2 0.2 0.2 0.2 0.2 0.2 0.2 0.2 0.2 0.2 0.2
 0.2 0.2 0.2 0.2 0.2 0.2 0.2 0.2 0.2 0.2 0.2 0.2
 0.2 0.2 0.2 0.2 0.2 0.2 0.2 0.2 0.2 0.2 0.2 0.2
 0.2 0.2 0.2 0.2 0.2 0.2 0.2 0.2 0.2 0.2 0.2 0.2
 0.2 0.2 0.2 0.2 0.2 0.2 0.2 0.2 0.2 0.2 0.2 0.2
 0.2 0.2 0.2 0.2 0.2 0.2 0.2 0.2 0.2 0.2 0.2 0.2
 0.2 0.2 0.2 0.2 0.2 0.2 0.2 0.2 0.2 0.2 0.2 0.2
 0.2 0.2 0.2 0.2 0.2 0.2 0.2 0.2 0.2 0.2 0.2 0.2
 0.2 0.2 0.2 0.2 0.2 0.2 0.2 0.2 0.2 0.2 0.2 0.2
 0.2 0.2 0.2 0.2 0.2 0.2 0.2 0.2 0.2 0.2 0.2 0.2
 0.2 0.2 0.2 0.2 0.2 0.2 0.2 0.2 0.2 0.2 0.2 0.2
 0.2 0.2 0.2 0.2 0.2 0.2 0.2 0.2 0.2 0.2 0.2 0.2
 0.2 0.2 0.2 0.2 0.2 0.2 0.2 0.2 0.2 0.2 0.2 0.2
 0.2 0.2 0.2 0.2 0.2 0.2 0.2 0.2 0.2 0.2 0.2 0.2
 0.2 0.2 0.2 0.2 0.2 0.2 0.2 0.2 0.2 0.2 0.2 0.2
 0.2 0.2 0.2 0.2 0.2 0.2 0.2 0.2 0.2 0.2 0.2 0.2
 0.2 0.2 0.2 0.2 0.2 0.2 0.2 0.2 0.2 0.2 0.2 0.2
 0.2 0.2 0.2 0.2 0.2 0.2 0.2 0.2 0.2 0.2 0.2 0.2
# mean_log_rec
13.7317
# log_Rzero
13.8104
# rec_dev
 -0.0529732 -0.053112 0.0185676 -0.0895689 -0.0559704 0.0620136 0.0540088 -0.00135853 0.0777071 -0.0839082 0.143809 0.0607984 0.331083 -0.0352284 -0.168612 0.45871 0.341723 -0.0653956 0.204789 -0.0510759 0.135752 0.151666 -0.0518716 -0.00378186 0.0213912 -0.0557757 0.134903 0.0587314 -0.229583 -0.17333 -0.349818 0.0612426 0.120993 -0.303801 -0.307151 -0.109197 -0.3947 -0.241615 -0.223514 -0.0728616 -0.244632
# fmort
 0.00937171 0.0276747 0.0460779 0.062269 0.0496641 0.0903585 0.0907583 0.192717 0.111066 0.137229 0.156104 0.166952 0.121341 0.176028 0.18645 0.165924 0.324204 0.266427 0.263504 0.261299 0.361259 0.262804 0.430237 0.352826 0.345346 0.314021 0.301806 0.416099 0.312918 0.479201
# rec_dev_future
 0 0 0 0 0
