AMAK;August_2013
# styr
1
# endyr
30
# rec_age
1
# oldest_age
12
# nlength
81
# len_bins
 10 11 12 13 14 15 16 17 18 19 20 21 22 23 24 25 26 27 28 29 30 31 32 33 34 35 36 37 38 39 40 41 42 43 44 45 46 47 48 49 50 51 52 53 54 55 56 57 58 59 60 61 62 63 64 65 66 67 68 69 70 71 72 73 74 75 76 77 78 79 80 81 82 83 84 85 86 87 88 89 90
# datafile_name
amak_data.dat
# model_name
OM_1
# styr
1
# endyr
30
# rec_age
1
# oldest_age
12
# nfsh
1
# fshname
OM1
# catch_bio_in
 159.631 467.509 756.65 1003.34 766.325 1315.54 1270.04 2488.87 1323.64 1513.39 1622.81 1609.4 1110.33 1529.76 1504.39 1275.48 2249.09 1609.68 1468.13 1332.89 1612.12 1072.82 1649.04 1212.74 1118.81 971.707 920.367 1211.49 870.527 1283.26
# catch_bio_sd_in
 0.01 0.01 0.01 0.01 0.01 0.01 0.01 0.01 0.01 0.01 0.01 0.01 0.01 0.01 0.01 0.01 0.01 0.01 0.01 0.01 0.01 0.01 0.01 0.01 0.01 0.01 0.01 0.01 0.01 0.01
# nyrs_fsh_age
 30
# nyrs_fsh_length
 0
# yrs_fsh_age_in
 1 2 3 4 5 6 7 8 9 10 11 12 13 14 15 16 17 18 19 20 21 22 23 24 25 26 27 28 29 30
# yrs_fsh_length_in

# n_sample_fsh_length_in

# olc_fsh_in

# nind
1
# indname
survey_index1
# nyrs_ind
 30
# yrs_ind_in
 1 2 3 4 5 6 7 8 9 10 11 12 13 14 15 16 17 18 19 20 21 22 23 24 25 26 27 28 29 30
# mo_ind
 1
# obs_ind_in
 1.32195 1.65753 1.71342 1.48153 1.34158 1.47867 1.81415 1.32173 1.27605 1.20358 1.12683 0.866492 1.09846 0.955291 1.07426 1.09487 1.03969 0.927565 0.703246 0.734035 0.657305 0.773169 0.635756 0.639525 0.529704 0.57193 0.529493 0.605923 0.531958 0.521234
# obs_se_ind_in
 0.264391 0.331507 0.342684 0.296306 0.268316 0.295734 0.362831 0.264347 0.25521 0.240717 0.225367 0.173298 0.219692 0.191058 0.214853 0.218974 0.207938 0.185513 0.140649 0.146807 0.131461 0.154634 0.127151 0.127905 0.105941 0.114386 0.105899 0.121185 0.106392 0.104247
# nyrs_ind_age
 30
# nyrs_ind_length
 0
# yrs_ind_age_in
 1 2 3 4 5 6 7 8 9 10 11 12 13 14 15 16 17 18 19 20 21 22 23 24 25 26 27 28 29 30
# yrs_ind_length_in

# yrs_ind_age_in
 1 2 3 4 5 6 7 8 9 10 11 12 13 14 15 16 17 18 19 20 21 22 23 24 25 26 27 28 29 30
# n_sample_ind_length_in

# olc_ind_in

# oac_ind_in
 0.025 0.14 0.195 0.15 0.095 0.08 0.06 0.05 0.045 0.01 0.05 0.1
 0.075 0.15 0.135 0.145 0.08 0.07 0.06 0.065 0.045 0.04 0.005 0.13
 0.065 0.15 0.12 0.105 0.12 0.06 0.065 0.03 0.065 0.025 0.05 0.145
 0.055 0.115 0.18 0.125 0.09 0.085 0.07 0.045 0.05 0.025 0.035 0.125
 0.05 0.175 0.14 0.165 0.095 0.105 0.065 0.04 0.02 0.03 0.025 0.09
 0.045 0.205 0.11 0.11 0.115 0.11 0.045 0.04 0.04 0.045 0.025 0.11
 0.045 0.245 0.21 0.07 0.095 0.085 0.045 0.055 0.025 0.02 0.025 0.08
 0.075 0.14 0.19 0.19 0.065 0.055 0.05 0.05 0.025 0.02 0.025 0.115
 0.055 0.23 0.145 0.17 0.135 0.035 0.02 0.06 0.03 0.055 0 0.065
 0.06 0.14 0.2 0.1 0.145 0.095 0.03 0.03 0.04 0.035 0.025 0.1
 0.09 0.2 0.15 0.11 0.065 0.085 0.065 0.04 0.05 0.03 0.035 0.08
 0.05 0.23 0.215 0.145 0.125 0.045 0.045 0.055 0.01 0.02 0.025 0.035
 0.075 0.19 0.17 0.125 0.09 0.05 0.08 0.07 0.045 0.01 0.01 0.085
 0.115 0.12 0.175 0.17 0.115 0.085 0.08 0.035 0.03 0.025 0.005 0.045
 0.09 0.21 0.145 0.12 0.115 0.11 0.03 0.085 0 0.015 0.02 0.06
 0.115 0.145 0.17 0.15 0.085 0.065 0.085 0.05 0.04 0.02 0.015 0.06
 0.08 0.215 0.185 0.155 0.13 0.085 0.015 0.04 0.025 0.015 0.01 0.045
 0.07 0.175 0.27 0.115 0.135 0.045 0.04 0.04 0.025 0.015 0.035 0.035
 0.125 0.18 0.245 0.15 0.07 0.055 0.04 0.025 0.025 0.03 0.005 0.05
 0.075 0.215 0.135 0.185 0.15 0.065 0.055 0.025 0.035 0.015 0.01 0.035
 0.135 0.17 0.21 0.145 0.14 0.055 0.025 0.045 0.03 0.015 0 0.03
 0.1 0.32 0.145 0.095 0.125 0.07 0.06 0.005 0.03 0.02 0.005 0.025
 0.08 0.26 0.26 0.11 0.11 0.04 0.06 0.02 0.015 0.02 0.01 0.015
 0.08 0.275 0.235 0.2 0.08 0.035 0.03 0.015 0.015 0.02 0 0.015
 0.165 0.21 0.22 0.19 0.135 0.025 0.015 0.01 0.015 0 0 0.015
 0.065 0.31 0.2 0.18 0.12 0.075 0.02 0.01 0.015 0.005 0 0
 0.095 0.19 0.28 0.13 0.13 0.07 0.03 0.025 0.025 0.005 0.005 0.015
 0.16 0.265 0.19 0.195 0.065 0.055 0.04 0.01 0 0.015 0.005 0
 0.085 0.295 0.235 0.17 0.085 0.06 0 0.025 0.015 0.015 0.005 0.01
 0.095 0.27 0.28 0.125 0.085 0.07 0.025 0.025 0 0.01 0 0.015
# wt_ind
 1 1 1 1 1 1 1 1 1 1 1 1
 1 1 1 1 1 1 1 1 1 1 1 1
 1 1 1 1 1 1 1 1 1 1 1 1
 1 1 1 1 1 1 1 1 1 1 1 1
 1 1 1 1 1 1 1 1 1 1 1 1
 1 1 1 1 1 1 1 1 1 1 1 1
 1 1 1 1 1 1 1 1 1 1 1 1
 1 1 1 1 1 1 1 1 1 1 1 1
 1 1 1 1 1 1 1 1 1 1 1 1
 1 1 1 1 1 1 1 1 1 1 1 1
 1 1 1 1 1 1 1 1 1 1 1 1
 1 1 1 1 1 1 1 1 1 1 1 1
 1 1 1 1 1 1 1 1 1 1 1 1
 1 1 1 1 1 1 1 1 1 1 1 1
 1 1 1 1 1 1 1 1 1 1 1 1
 1 1 1 1 1 1 1 1 1 1 1 1
 1 1 1 1 1 1 1 1 1 1 1 1
 1 1 1 1 1 1 1 1 1 1 1 1
 1 1 1 1 1 1 1 1 1 1 1 1
 1 1 1 1 1 1 1 1 1 1 1 1
 1 1 1 1 1 1 1 1 1 1 1 1
 1 1 1 1 1 1 1 1 1 1 1 1
 1 1 1 1 1 1 1 1 1 1 1 1
 1 1 1 1 1 1 1 1 1 1 1 1
 1 1 1 1 1 1 1 1 1 1 1 1
 1 1 1 1 1 1 1 1 1 1 1 1
 1 1 1 1 1 1 1 1 1 1 1 1
 1 1 1 1 1 1 1 1 1 1 1 1
 1 1 1 1 1 1 1 1 1 1 1 1
 1 1 1 1 1 1 1 1 1 1 1 1
# wt_pop
 0.000530656 0.00119633 0.00205827 0.00303499 0.00405521 0.0050647 0.00602623 0.00691692 0.00772489 0.00844611 0.00908185 0.0096367
# maturity
 0.0229774 0.320821 0.904651 0.99478 0.999739 0.999987 0.999999 1 1 1 1 1
# spawnmo
1
# age_err
 1 0 0 0 0 0 0 0 0 0 0 0
 0 1 0 0 0 0 0 0 0 0 0 0
 0 0 1 0 0 0 0 0 0 0 0 0
 0 0 0 1 0 0 0 0 0 0 0 0
 0 0 0 0 1 0 0 0 0 0 0 0
 0 0 0 0 0 1 0 0 0 0 0 0
 0 0 0 0 0 0 1 0 0 0 0 0
 0 0 0 0 0 0 0 1 0 0 0 0
 0 0 0 0 0 0 0 0 1 0 0 0
 0 0 0 0 0 0 0 0 0 1 0 0
 0 0 0 0 0 0 0 0 0 0 1 0
 0 0 0 0 0 0 0 0 0 0 0 1
# cntrlfile_name
C:\Users\bai.li\Desktop\s1_test\AMAK\s32\amak.dat
# Map shared selectivity: 
# sel_map
 1 2
 1 1
# datafile_name
amak_data.dat
# model_name
OM_1
# SrType
2
# use_age_err
0
# retro
0
# sigmarprior
0.2
# cvsigmarprior
0.25
# phase_sigmar
-3
# styr_rec_est
1
# endyr_rec_est
30
# Linfprior
80
# cvLinfprior
0.25
# kprior
0.18
# cvkprior
0.25
# Loprior
27.688
# cvLoprior
0.25
# sdageprior
0.1
# cvsdageprior
0.25
# natmortprior
0.2
# cvnatmortprior
0.25
# phase_M
-4
# npars_Mage
0
# ages_M_changes

# Mage_in

# phase_Mage
-5
# phase_rw_M
0
# npars_rw_M
0
# yrs_rw_M

# sigma_rw_M

# qprior
 3.48998e-007
# cvqprior
 1
# phase_q
 1
# q_power_prior
 1
# cvq_power_prior
 0.2
# phase_q_power
 -4
# phase_rw_q
 -1
# npars_rw_q
 0
# yrs_rw_q

# sigma_rw_q

# q_age_min
 1
# q_age_max
 12
# q_age_min
 1
# q_age_max
 12
# fsh_sel_opt(k)
2
# phase_sel_fsh(k)
-2
# n_sel_ch_fsh(k)
1
# sel_slp_in_fsh(k)(1,n_sel_ch_fsh(k))
 1
# sel_inf_in_fsh(k)(1,n_sel_ch_fsh(k))
 2
# logsel_slp_in_fsh(k)(1,n_sel_ch_fsh(k))
 0
# yrs_sel_ch_fsh(k)(1,n_sel_ch_fsh(k))
 1

Survey survey_index1
# ind_sel_opt(k)
2
# indname(k)
survey_index1
# nselages_in_ind(k)
11
# phase_sel_ind(k)
-2
# sel_change_in_ind(k)
 1 0 0 0 0 0 0 0 0 0 0 0 0 0 0 0 0 0 0 0 0 0 0 0 0 0 0 0 0 0
# n_sel_ch_ind(k)
1
# yrs_sel_ch_ind(k)(1,n_sel_ch_ind(k))
 1
# sel_slp_in_ind(k,1)
2
# sel_inf_in_ind(k,1)
1.5
# logsel_slp_in_ind(k,1)
0.693147
# logsel_slp_in_indv(k)
0.693147
survey_index1 ind sel opt 2  1 0 0 0 0 0 0 0 0 0 0 0 0 0 0 0 0 0 0 0 0 0 0 0 0 0 0 0 0 0
Phase indices Sel_Coffs:  -1
 Test: 1.23457e+008
# Fshry Selages:  11
# Srvy  Selages:  11
# Phase for age-spec fishery  -1
# Phase for logistic fishery  -2
# Phase for dble logistic fishery  -1
# Phase for age-spec indices   -1
# Phase for logistic indices   -2
# Phase for dble logistic ind  -1
# Curv_pen_fsh: 
 0
# Curv_pen_ind: 
 0
# styr_fut
31
# endyr_fut
35
# nyrs_fsh_age
 30
# nyrs_fsh_age
 30
# yrs_fsh_age
 1 2 3 4 5 6 7 8 9 10 11 12 13 14 15 16 17 18 19 20 21 22 23 24 25 26 27 28 29 30
# n_sample_fsh_age
 200 200 200 200 200 200 200 200 200 200 200 200 200 200 200 200 200 200 200 200 200 200 200 200 200 200 200 200 200 200
# oac_fsh
 0.075 0.11 0.105 0.135 0.095 0.115 0.085 0.04 0.065 0.015 0.03 0.13
 0.095 0.095 0.145 0.085 0.075 0.085 0.07 0.055 0.075 0.045 0.04 0.135
 0.07 0.115 0.145 0.09 0.12 0.08 0.1 0.065 0.05 0.02 0.03 0.115
 0.055 0.085 0.16 0.105 0.1 0.07 0.065 0.05 0.055 0.045 0.025 0.185
 0.11 0.055 0.09 0.12 0.08 0.115 0.07 0.02 0.05 0.065 0.025 0.2
 0.075 0.115 0.095 0.15 0.11 0.12 0.025 0.06 0.05 0.035 0.015 0.15
 0.045 0.12 0.18 0.115 0.13 0.12 0.05 0.05 0.03 0.04 0.03 0.09
 0.1 0.135 0.12 0.145 0.085 0.075 0.11 0.045 0.02 0.025 0.025 0.115
 0.075 0.135 0.14 0.11 0.13 0.07 0.085 0.06 0.04 0.025 0.02 0.11
 0.12 0.09 0.145 0.1 0.115 0.16 0.045 0.045 0.04 0.025 0.025 0.09
 0.065 0.135 0.16 0.13 0.08 0.13 0.075 0.015 0.04 0.04 0.015 0.115
 0.08 0.205 0.15 0.155 0.09 0.06 0.07 0.06 0.01 0.01 0.035 0.075
 0.065 0.12 0.215 0.14 0.06 0.105 0.05 0.065 0.035 0.01 0.025 0.11
 0.145 0.125 0.195 0.155 0.135 0.055 0.045 0.015 0.04 0.035 0.01 0.045
 0.09 0.15 0.15 0.125 0.12 0.11 0.07 0.065 0.015 0.025 0.02 0.06
 0.115 0.11 0.225 0.19 0.095 0.075 0.055 0.035 0.04 0.02 0.01 0.03
 0.105 0.2 0.16 0.15 0.095 0.095 0.045 0.045 0.02 0.025 0.005 0.055
 0.075 0.15 0.21 0.105 0.115 0.085 0.04 0.085 0.035 0.01 0.025 0.065
 0.145 0.12 0.185 0.16 0.09 0.095 0.07 0.025 0.03 0.035 0.015 0.03
 0.1 0.145 0.185 0.13 0.14 0.09 0.065 0.05 0.025 0.02 0.02 0.03
 0.16 0.165 0.22 0.135 0.105 0.045 0.05 0.04 0.02 0.005 0.015 0.04
 0.195 0.26 0.135 0.115 0.085 0.08 0.065 0.02 0.01 0.015 0.005 0.015
 0.1 0.2 0.235 0.125 0.125 0.05 0.055 0.04 0.02 0.015 0.02 0.015
 0.16 0.195 0.26 0.135 0.095 0.05 0.02 0.04 0.025 0.005 0.005 0.01
 0.155 0.17 0.165 0.205 0.15 0.04 0.035 0.03 0.03 0.01 0.005 0.005
 0.095 0.29 0.165 0.14 0.09 0.08 0.05 0.015 0.01 0.015 0.015 0.035
 0.13 0.185 0.26 0.16 0.115 0.07 0.035 0.015 0.015 0.005 0 0.01
 0.15 0.175 0.23 0.165 0.085 0.07 0.065 0.03 0 0.01 0 0.02
 0.235 0.21 0.155 0.115 0.125 0.06 0.025 0.035 0.01 0.015 0.005 0.01
 0.155 0.245 0.275 0.095 0.08 0.065 0.025 0.025 0.03 0.005 0 0
# olc_fsh

# wt_fsh
 0.000530656 0.00119633 0.00205827 0.00303499 0.00405521 0.0050647 0.00602623 0.00691692 0.00772489 0.00844611 0.00908185 0.0096367
 0.000530656 0.00119633 0.00205827 0.00303499 0.00405521 0.0050647 0.00602623 0.00691692 0.00772489 0.00844611 0.00908185 0.0096367
 0.000530656 0.00119633 0.00205827 0.00303499 0.00405521 0.0050647 0.00602623 0.00691692 0.00772489 0.00844611 0.00908185 0.0096367
 0.000530656 0.00119633 0.00205827 0.00303499 0.00405521 0.0050647 0.00602623 0.00691692 0.00772489 0.00844611 0.00908185 0.0096367
 0.000530656 0.00119633 0.00205827 0.00303499 0.00405521 0.0050647 0.00602623 0.00691692 0.00772489 0.00844611 0.00908185 0.0096367
 0.000530656 0.00119633 0.00205827 0.00303499 0.00405521 0.0050647 0.00602623 0.00691692 0.00772489 0.00844611 0.00908185 0.0096367
 0.000530656 0.00119633 0.00205827 0.00303499 0.00405521 0.0050647 0.00602623 0.00691692 0.00772489 0.00844611 0.00908185 0.0096367
 0.000530656 0.00119633 0.00205827 0.00303499 0.00405521 0.0050647 0.00602623 0.00691692 0.00772489 0.00844611 0.00908185 0.0096367
 0.000530656 0.00119633 0.00205827 0.00303499 0.00405521 0.0050647 0.00602623 0.00691692 0.00772489 0.00844611 0.00908185 0.0096367
 0.000530656 0.00119633 0.00205827 0.00303499 0.00405521 0.0050647 0.00602623 0.00691692 0.00772489 0.00844611 0.00908185 0.0096367
 0.000530656 0.00119633 0.00205827 0.00303499 0.00405521 0.0050647 0.00602623 0.00691692 0.00772489 0.00844611 0.00908185 0.0096367
 0.000530656 0.00119633 0.00205827 0.00303499 0.00405521 0.0050647 0.00602623 0.00691692 0.00772489 0.00844611 0.00908185 0.0096367
 0.000530656 0.00119633 0.00205827 0.00303499 0.00405521 0.0050647 0.00602623 0.00691692 0.00772489 0.00844611 0.00908185 0.0096367
 0.000530656 0.00119633 0.00205827 0.00303499 0.00405521 0.0050647 0.00602623 0.00691692 0.00772489 0.00844611 0.00908185 0.0096367
 0.000530656 0.00119633 0.00205827 0.00303499 0.00405521 0.0050647 0.00602623 0.00691692 0.00772489 0.00844611 0.00908185 0.0096367
 0.000530656 0.00119633 0.00205827 0.00303499 0.00405521 0.0050647 0.00602623 0.00691692 0.00772489 0.00844611 0.00908185 0.0096367
 0.000530656 0.00119633 0.00205827 0.00303499 0.00405521 0.0050647 0.00602623 0.00691692 0.00772489 0.00844611 0.00908185 0.0096367
 0.000530656 0.00119633 0.00205827 0.00303499 0.00405521 0.0050647 0.00602623 0.00691692 0.00772489 0.00844611 0.00908185 0.0096367
 0.000530656 0.00119633 0.00205827 0.00303499 0.00405521 0.0050647 0.00602623 0.00691692 0.00772489 0.00844611 0.00908185 0.0096367
 0.000530656 0.00119633 0.00205827 0.00303499 0.00405521 0.0050647 0.00602623 0.00691692 0.00772489 0.00844611 0.00908185 0.0096367
 0.000530656 0.00119633 0.00205827 0.00303499 0.00405521 0.0050647 0.00602623 0.00691692 0.00772489 0.00844611 0.00908185 0.0096367
 0.000530656 0.00119633 0.00205827 0.00303499 0.00405521 0.0050647 0.00602623 0.00691692 0.00772489 0.00844611 0.00908185 0.0096367
 0.000530656 0.00119633 0.00205827 0.00303499 0.00405521 0.0050647 0.00602623 0.00691692 0.00772489 0.00844611 0.00908185 0.0096367
 0.000530656 0.00119633 0.00205827 0.00303499 0.00405521 0.0050647 0.00602623 0.00691692 0.00772489 0.00844611 0.00908185 0.0096367
 0.000530656 0.00119633 0.00205827 0.00303499 0.00405521 0.0050647 0.00602623 0.00691692 0.00772489 0.00844611 0.00908185 0.0096367
 0.000530656 0.00119633 0.00205827 0.00303499 0.00405521 0.0050647 0.00602623 0.00691692 0.00772489 0.00844611 0.00908185 0.0096367
 0.000530656 0.00119633 0.00205827 0.00303499 0.00405521 0.0050647 0.00602623 0.00691692 0.00772489 0.00844611 0.00908185 0.0096367
 0.000530656 0.00119633 0.00205827 0.00303499 0.00405521 0.0050647 0.00602623 0.00691692 0.00772489 0.00844611 0.00908185 0.0096367
 0.000530656 0.00119633 0.00205827 0.00303499 0.00405521 0.0050647 0.00602623 0.00691692 0.00772489 0.00844611 0.00908185 0.0096367
 0.000530656 0.00119633 0.00205827 0.00303499 0.00405521 0.0050647 0.00602623 0.00691692 0.00772489 0.00844611 0.00908185 0.0096367
# nyrs_ind_age
 30
# yrs_ind_age
 1 2 3 4 5 6 7 8 9 10 11 12 13 14 15 16 17 18 19 20 21 22 23 24 25 26 27 28 29 30
# n_sample_ind_age
 200 200 200 200 200 200 200 200 200 200 200 200 200 200 200 200 200 200 200 200 200 200 200 200 200 200 200 200 200 200
# oac_ind
 0.025 0.14 0.195 0.15 0.095 0.08 0.06 0.05 0.045 0.01 0.05 0.1
 0.075 0.15 0.135 0.145 0.08 0.07 0.06 0.065 0.045 0.04 0.005 0.13
 0.065 0.15 0.12 0.105 0.12 0.06 0.065 0.03 0.065 0.025 0.05 0.145
 0.055 0.115 0.18 0.125 0.09 0.085 0.07 0.045 0.05 0.025 0.035 0.125
 0.05 0.175 0.14 0.165 0.095 0.105 0.065 0.04 0.02 0.03 0.025 0.09
 0.045 0.205 0.11 0.11 0.115 0.11 0.045 0.04 0.04 0.045 0.025 0.11
 0.045 0.245 0.21 0.07 0.095 0.085 0.045 0.055 0.025 0.02 0.025 0.08
 0.075 0.14 0.19 0.19 0.065 0.055 0.05 0.05 0.025 0.02 0.025 0.115
 0.055 0.23 0.145 0.17 0.135 0.035 0.02 0.06 0.03 0.055 0 0.065
 0.06 0.14 0.2 0.1 0.145 0.095 0.03 0.03 0.04 0.035 0.025 0.1
 0.09 0.2 0.15 0.11 0.065 0.085 0.065 0.04 0.05 0.03 0.035 0.08
 0.05 0.23 0.215 0.145 0.125 0.045 0.045 0.055 0.01 0.02 0.025 0.035
 0.075 0.19 0.17 0.125 0.09 0.05 0.08 0.07 0.045 0.01 0.01 0.085
 0.115 0.12 0.175 0.17 0.115 0.085 0.08 0.035 0.03 0.025 0.005 0.045
 0.09 0.21 0.145 0.12 0.115 0.11 0.03 0.085 0 0.015 0.02 0.06
 0.115 0.145 0.17 0.15 0.085 0.065 0.085 0.05 0.04 0.02 0.015 0.06
 0.08 0.215 0.185 0.155 0.13 0.085 0.015 0.04 0.025 0.015 0.01 0.045
 0.07 0.175 0.27 0.115 0.135 0.045 0.04 0.04 0.025 0.015 0.035 0.035
 0.125 0.18 0.245 0.15 0.07 0.055 0.04 0.025 0.025 0.03 0.005 0.05
 0.075 0.215 0.135 0.185 0.15 0.065 0.055 0.025 0.035 0.015 0.01 0.035
 0.135 0.17 0.21 0.145 0.14 0.055 0.025 0.045 0.03 0.015 0 0.03
 0.1 0.32 0.145 0.095 0.125 0.07 0.06 0.005 0.03 0.02 0.005 0.025
 0.08 0.26 0.26 0.11 0.11 0.04 0.06 0.02 0.015 0.02 0.01 0.015
 0.08 0.275 0.235 0.2 0.08 0.035 0.03 0.015 0.015 0.02 0 0.015
 0.165 0.21 0.22 0.19 0.135 0.025 0.015 0.01 0.015 0 0 0.015
 0.065 0.31 0.2 0.18 0.12 0.075 0.02 0.01 0.015 0.005 0 0
 0.095 0.19 0.28 0.13 0.13 0.07 0.03 0.025 0.025 0.005 0.005 0.015
 0.16 0.265 0.19 0.195 0.065 0.055 0.04 0.01 0 0.015 0.005 0
 0.085 0.295 0.235 0.17 0.085 0.06 0 0.025 0.015 0.015 0.005 0.01
 0.095 0.27 0.28 0.125 0.085 0.07 0.025 0.025 0 0.01 0 0.015
# olc_ind

# obs_lse_ind
 0.198042 0.198042 0.198042 0.198042 0.198042 0.198042 0.198042 0.198042 0.198042 0.198042 0.198042 0.198042 0.198042 0.198042 0.198042 0.198042 0.198042 0.198042 0.198042 0.198042 0.198042 0.198042 0.198042 0.198042 0.198042 0.198042 0.198042 0.198042 0.198042 0.198042
# xages_fsh
 0 0 0 0 0 0 0 0 0 0 0 0
# xages_fsh
 0 0.0909091 0.181818 0.272727 0.363636 0.454545 0.545455 0.636364 0.727273 0.818182 0.909091 1
# xnodes_fsh

Yrs fsh_sel change:  1 0 0 0 0 0 0 0 0 0 0 0 0 0 0 0 0 0 0 0 0 0 0 0 0 0 0 0 0
Yrs ind_sel change:  1 0 0 0 0 0 0 0 0 0 0 0 0 0 0 0 0 0 0 0 0 0 0 0 0 0 0 0 0
# steepnessprior
0.75
# sigmarprior
0.2
#  SSB estimated in styr endyr: -12 28 
#  Rec estimated in styr endyr: -10 30 
#  SR Curve fit  in styr endyr: 1 30 
#             Model styr endyr: 1 30 
# qprior
 3.48998e-007
# q_power_prior 
 1 
# cv_catchbiomass 
0.05 
# CatchbiomassPen 
200 
# Number of projection years 
5 
# offset_fsh
 13422.2
# offset_ind
 13006.9
Mean Catch
1276.66
R_guess 
13.8155
# nfsh
1
# n_sel_ch_fsh
 1
# nselages_fsh
 11
# phase_selcoff_fsh
 -1
logRzero 13.8155
logmeanrec 13.8155
exp(log_sigmarprior 0.2
Fish sel phase: -1 OM1
Fixing fishery sel to
1
Fixing fishery sel to
1
Srvy sel phase: -1
Fixing survey_index1 indices sel to
1
Fixing index sel to
1
# logsel_slp_in_indv
 0.693147
Leaving parameter init secton
# M
 0.2 0.2 0.2 0.2 0.2 0.2 0.2 0.2 0.2 0.2 0.2 0.2
 0.2 0.2 0.2 0.2 0.2 0.2 0.2 0.2 0.2 0.2 0.2 0.2
 0.2 0.2 0.2 0.2 0.2 0.2 0.2 0.2 0.2 0.2 0.2 0.2
 0.2 0.2 0.2 0.2 0.2 0.2 0.2 0.2 0.2 0.2 0.2 0.2
 0.2 0.2 0.2 0.2 0.2 0.2 0.2 0.2 0.2 0.2 0.2 0.2
 0.2 0.2 0.2 0.2 0.2 0.2 0.2 0.2 0.2 0.2 0.2 0.2
 0.2 0.2 0.2 0.2 0.2 0.2 0.2 0.2 0.2 0.2 0.2 0.2
 0.2 0.2 0.2 0.2 0.2 0.2 0.2 0.2 0.2 0.2 0.2 0.2
 0.2 0.2 0.2 0.2 0.2 0.2 0.2 0.2 0.2 0.2 0.2 0.2
 0.2 0.2 0.2 0.2 0.2 0.2 0.2 0.2 0.2 0.2 0.2 0.2
 0.2 0.2 0.2 0.2 0.2 0.2 0.2 0.2 0.2 0.2 0.2 0.2
 0.2 0.2 0.2 0.2 0.2 0.2 0.2 0.2 0.2 0.2 0.2 0.2
 0.2 0.2 0.2 0.2 0.2 0.2 0.2 0.2 0.2 0.2 0.2 0.2
 0.2 0.2 0.2 0.2 0.2 0.2 0.2 0.2 0.2 0.2 0.2 0.2
 0.2 0.2 0.2 0.2 0.2 0.2 0.2 0.2 0.2 0.2 0.2 0.2
 0.2 0.2 0.2 0.2 0.2 0.2 0.2 0.2 0.2 0.2 0.2 0.2
 0.2 0.2 0.2 0.2 0.2 0.2 0.2 0.2 0.2 0.2 0.2 0.2
 0.2 0.2 0.2 0.2 0.2 0.2 0.2 0.2 0.2 0.2 0.2 0.2
 0.2 0.2 0.2 0.2 0.2 0.2 0.2 0.2 0.2 0.2 0.2 0.2
 0.2 0.2 0.2 0.2 0.2 0.2 0.2 0.2 0.2 0.2 0.2 0.2
 0.2 0.2 0.2 0.2 0.2 0.2 0.2 0.2 0.2 0.2 0.2 0.2
 0.2 0.2 0.2 0.2 0.2 0.2 0.2 0.2 0.2 0.2 0.2 0.2
 0.2 0.2 0.2 0.2 0.2 0.2 0.2 0.2 0.2 0.2 0.2 0.2
 0.2 0.2 0.2 0.2 0.2 0.2 0.2 0.2 0.2 0.2 0.2 0.2
 0.2 0.2 0.2 0.2 0.2 0.2 0.2 0.2 0.2 0.2 0.2 0.2
 0.2 0.2 0.2 0.2 0.2 0.2 0.2 0.2 0.2 0.2 0.2 0.2
 0.2 0.2 0.2 0.2 0.2 0.2 0.2 0.2 0.2 0.2 0.2 0.2
 0.2 0.2 0.2 0.2 0.2 0.2 0.2 0.2 0.2 0.2 0.2 0.2
 0.2 0.2 0.2 0.2 0.2 0.2 0.2 0.2 0.2 0.2 0.2 0.2
 0.2 0.2 0.2 0.2 0.2 0.2 0.2 0.2 0.2 0.2 0.2 0.2
# mean_log_rec
13.7566
# log_Rzero
13.801
# rec_dev
 -0.0612184 0.106364 -0.241565 0.164398 -0.0328704 0.0567256 0.0475202 0.0168724 -0.0280221 0.0392319 0.0387092 0.0537972 0.265396 0.0140612 -0.207806 0.353974 0.245253 -0.111865 0.192235 -0.0653243 0.160595 0.125589 -0.0599014 -0.0466688 0.123128 -0.17035 0.115192 -0.012095 -0.293301 -0.16948 -0.375504 0.0674308 -0.00571988 -0.216751 -0.368273 -0.0762529 -0.426595 -0.405048 -0.134866 -0.194556 -0.375564
# fmort
 0.0090544 0.0268871 0.0446832 0.0616217 0.0489355 0.0878112 0.0894649 0.192133 0.112791 0.137229 0.158148 0.168892 0.1224 0.176382 0.185678 0.166021 0.324139 0.266133 0.267862 0.267561 0.365023 0.26569 0.442708 0.362369 0.354455 0.319158 0.306342 0.42633 0.321611 0.500034
# rec_dev_future
 0 0 0 0 0
