AMAK;August_2013
# styr
1
# endyr
30
# rec_age
1
# oldest_age
12
# nlength
81
# len_bins
 10 11 12 13 14 15 16 17 18 19 20 21 22 23 24 25 26 27 28 29 30 31 32 33 34 35 36 37 38 39 40 41 42 43 44 45 46 47 48 49 50 51 52 53 54 55 56 57 58 59 60 61 62 63 64 65 66 67 68 69 70 71 72 73 74 75 76 77 78 79 80 81 82 83 84 85 86 87 88 89 90
# datafile_name
amak_data.dat
# model_name
OM_1
# styr
1
# endyr
30
# rec_age
1
# oldest_age
12
# nfsh
1
# fshname
OM1
# catch_bio_in
 161.903 468.315 761.434 1010.22 765.455 1324.07 1277.62 2463.89 1323.98 1523.6 1621.85 1611.37 1101.61 1523.06 1514.35 1270.69 2245.15 1602.46 1469.02 1332.37 1634.22 1075.13 1633.47 1206.4 1124.13 984.161 920.974 1199.3 874.935 1273.2
# catch_bio_sd_in
 0.01 0.01 0.01 0.01 0.01 0.01 0.01 0.01 0.01 0.01 0.01 0.01 0.01 0.01 0.01 0.01 0.01 0.01 0.01 0.01 0.01 0.01 0.01 0.01 0.01 0.01 0.01 0.01 0.01 0.01
# nyrs_fsh_age
 30
# nyrs_fsh_length
 0
# yrs_fsh_age_in
 1 2 3 4 5 6 7 8 9 10 11 12 13 14 15 16 17 18 19 20 21 22 23 24 25 26 27 28 29 30
# yrs_fsh_length_in

# n_sample_fsh_length_in

# olc_fsh_in

# nind
1
# indname
survey_index1
# nyrs_ind
 30
# yrs_ind_in
 1 2 3 4 5 6 7 8 9 10 11 12 13 14 15 16 17 18 19 20 21 22 23 24 25 26 27 28 29 30
# mo_ind
 1
# obs_ind_in
 1.39978 1.28828 1.75779 1.63815 1.51265 1.33415 1.43625 1.36207 1.34923 1.27036 1.16743 1.06982 1.03647 1.13091 1.01267 0.964789 1.05337 0.866166 0.763111 0.659476 0.821133 0.571582 0.676436 0.591536 0.531856 0.538726 0.532355 0.500855 0.586524 0.512189
# obs_se_ind_in
 0.279956 0.257656 0.351559 0.32763 0.302531 0.266831 0.287251 0.272413 0.269845 0.254071 0.233486 0.213963 0.207294 0.226182 0.202535 0.192958 0.210675 0.173233 0.152622 0.131895 0.164227 0.114316 0.135287 0.118307 0.106371 0.107745 0.106471 0.100171 0.117305 0.102438
# nyrs_ind_age
 30
# nyrs_ind_length
 0
# yrs_ind_age_in
 1 2 3 4 5 6 7 8 9 10 11 12 13 14 15 16 17 18 19 20 21 22 23 24 25 26 27 28 29 30
# yrs_ind_length_in

# yrs_ind_age_in
 1 2 3 4 5 6 7 8 9 10 11 12 13 14 15 16 17 18 19 20 21 22 23 24 25 26 27 28 29 30
# n_sample_ind_length_in

# olc_ind_in

# oac_ind_in
 0.08 0.115 0.15 0.135 0.085 0.105 0.055 0.08 0.015 0.04 0.03 0.11
 0.07 0.16 0.13 0.13 0.125 0.075 0.085 0.035 0.045 0.03 0.01 0.105
 0.05 0.15 0.185 0.145 0.065 0.06 0.04 0.05 0.055 0.025 0.03 0.145
 0.06 0.1 0.155 0.125 0.1 0.085 0.085 0.03 0.045 0.04 0.015 0.16
 0.08 0.11 0.135 0.175 0.075 0.1 0.065 0.035 0.045 0.035 0.025 0.12
 0.11 0.19 0.135 0.13 0.12 0.045 0.09 0.04 0.045 0.025 0.025 0.045
 0.095 0.165 0.23 0.085 0.11 0.07 0.045 0.035 0.04 0.02 0.015 0.09
 0.065 0.115 0.16 0.135 0.085 0.08 0.12 0.05 0.035 0.03 0.015 0.11
 0.115 0.17 0.16 0.08 0.13 0.075 0.04 0.06 0.005 0.035 0.05 0.08
 0.095 0.15 0.205 0.115 0.145 0.05 0.045 0.025 0.035 0.05 0.015 0.07
 0.045 0.215 0.18 0.13 0.11 0.095 0.065 0.03 0.025 0.02 0.03 0.055
 0.075 0.155 0.2 0.125 0.07 0.06 0.1 0.08 0.03 0.02 0.005 0.08
 0.07 0.165 0.18 0.16 0.105 0.11 0.045 0.05 0.03 0.015 0.025 0.045
 0.065 0.21 0.175 0.155 0.08 0.055 0.095 0.035 0.035 0.03 0.005 0.06
 0.07 0.225 0.19 0.135 0.075 0.07 0.06 0.04 0.015 0.025 0.01 0.085
 0.09 0.145 0.2 0.18 0.095 0.045 0.08 0.04 0.02 0.025 0.02 0.06
 0.075 0.225 0.175 0.15 0.07 0.05 0.075 0.045 0.03 0.03 0 0.075
 0.08 0.185 0.25 0.115 0.125 0.04 0.05 0.045 0.025 0.04 0.015 0.03
 0.09 0.19 0.235 0.21 0.095 0.045 0.02 0.035 0.015 0.02 0.025 0.02
 0.095 0.255 0.195 0.115 0.11 0.05 0.075 0.015 0.025 0.04 0 0.025
 0.145 0.17 0.2 0.1 0.155 0.06 0.04 0.03 0.02 0.015 0.015 0.05
 0.11 0.29 0.135 0.14 0.12 0.065 0.045 0.02 0.025 0.015 0.005 0.03
 0.07 0.28 0.28 0.115 0.075 0.04 0.035 0.045 0.015 0.01 0.015 0.02
 0.065 0.225 0.26 0.195 0.07 0.075 0.025 0.03 0.015 0.015 0.015 0.01
 0.135 0.165 0.23 0.23 0.095 0.035 0.055 0.015 0.015 0.015 0.005 0.005
 0.05 0.325 0.195 0.135 0.105 0.08 0.03 0.035 0.02 0.005 0.01 0.01
 0.15 0.18 0.27 0.1 0.11 0.075 0.065 0.025 0.01 0.01 0 0.005
 0.11 0.205 0.195 0.225 0.115 0.065 0.02 0.035 0.015 0 0.015 0
 0.175 0.235 0.2 0.15 0.125 0.045 0.03 0.015 0.015 0.005 0 0.005
 0.105 0.33 0.23 0.11 0.11 0.05 0.015 0.015 0.015 0 0.005 0.015
# wt_ind
 1 1 1 1 1 1 1 1 1 1 1 1
 1 1 1 1 1 1 1 1 1 1 1 1
 1 1 1 1 1 1 1 1 1 1 1 1
 1 1 1 1 1 1 1 1 1 1 1 1
 1 1 1 1 1 1 1 1 1 1 1 1
 1 1 1 1 1 1 1 1 1 1 1 1
 1 1 1 1 1 1 1 1 1 1 1 1
 1 1 1 1 1 1 1 1 1 1 1 1
 1 1 1 1 1 1 1 1 1 1 1 1
 1 1 1 1 1 1 1 1 1 1 1 1
 1 1 1 1 1 1 1 1 1 1 1 1
 1 1 1 1 1 1 1 1 1 1 1 1
 1 1 1 1 1 1 1 1 1 1 1 1
 1 1 1 1 1 1 1 1 1 1 1 1
 1 1 1 1 1 1 1 1 1 1 1 1
 1 1 1 1 1 1 1 1 1 1 1 1
 1 1 1 1 1 1 1 1 1 1 1 1
 1 1 1 1 1 1 1 1 1 1 1 1
 1 1 1 1 1 1 1 1 1 1 1 1
 1 1 1 1 1 1 1 1 1 1 1 1
 1 1 1 1 1 1 1 1 1 1 1 1
 1 1 1 1 1 1 1 1 1 1 1 1
 1 1 1 1 1 1 1 1 1 1 1 1
 1 1 1 1 1 1 1 1 1 1 1 1
 1 1 1 1 1 1 1 1 1 1 1 1
 1 1 1 1 1 1 1 1 1 1 1 1
 1 1 1 1 1 1 1 1 1 1 1 1
 1 1 1 1 1 1 1 1 1 1 1 1
 1 1 1 1 1 1 1 1 1 1 1 1
 1 1 1 1 1 1 1 1 1 1 1 1
# wt_pop
 0.000530656 0.00119633 0.00205827 0.00303499 0.00405521 0.0050647 0.00602623 0.00691692 0.00772489 0.00844611 0.00908185 0.0096367
# maturity
 0.0229774 0.320821 0.904651 0.99478 0.999739 0.999987 0.999999 1 1 1 1 1
# spawnmo
1
# age_err
 1 0 0 0 0 0 0 0 0 0 0 0
 0 1 0 0 0 0 0 0 0 0 0 0
 0 0 1 0 0 0 0 0 0 0 0 0
 0 0 0 1 0 0 0 0 0 0 0 0
 0 0 0 0 1 0 0 0 0 0 0 0
 0 0 0 0 0 1 0 0 0 0 0 0
 0 0 0 0 0 0 1 0 0 0 0 0
 0 0 0 0 0 0 0 1 0 0 0 0
 0 0 0 0 0 0 0 0 1 0 0 0
 0 0 0 0 0 0 0 0 0 1 0 0
 0 0 0 0 0 0 0 0 0 0 1 0
 0 0 0 0 0 0 0 0 0 0 0 1
# cntrlfile_name
C:\Users\bai.li\Desktop\s1_test\AMAK\s156\amak.dat
# Map shared selectivity: 
# sel_map
 1 2
 1 1
# datafile_name
amak_data.dat
# model_name
OM_1
# SrType
2
# use_age_err
0
# retro
0
# sigmarprior
0.2
# cvsigmarprior
0.25
# phase_sigmar
-3
# styr_rec_est
1
# endyr_rec_est
30
# Linfprior
80
# cvLinfprior
0.25
# kprior
0.18
# cvkprior
0.25
# Loprior
27.688
# cvLoprior
0.25
# sdageprior
0.1
# cvsdageprior
0.25
# natmortprior
0.2
# cvnatmortprior
0.25
# phase_M
-4
# npars_Mage
0
# ages_M_changes

# Mage_in

# phase_Mage
-5
# phase_rw_M
0
# npars_rw_M
0
# yrs_rw_M

# sigma_rw_M

# qprior
 3.48998e-007
# cvqprior
 1
# phase_q
 1
# q_power_prior
 1
# cvq_power_prior
 0.2
# phase_q_power
 -4
# phase_rw_q
 -1
# npars_rw_q
 0
# yrs_rw_q

# sigma_rw_q

# q_age_min
 1
# q_age_max
 12
# q_age_min
 1
# q_age_max
 12
# fsh_sel_opt(k)
2
# phase_sel_fsh(k)
-2
# n_sel_ch_fsh(k)
1
# sel_slp_in_fsh(k)(1,n_sel_ch_fsh(k))
 1
# sel_inf_in_fsh(k)(1,n_sel_ch_fsh(k))
 2
# logsel_slp_in_fsh(k)(1,n_sel_ch_fsh(k))
 0
# yrs_sel_ch_fsh(k)(1,n_sel_ch_fsh(k))
 1

Survey survey_index1
# ind_sel_opt(k)
2
# indname(k)
survey_index1
# nselages_in_ind(k)
11
# phase_sel_ind(k)
-2
# sel_change_in_ind(k)
 1 0 0 0 0 0 0 0 0 0 0 0 0 0 0 0 0 0 0 0 0 0 0 0 0 0 0 0 0 0
# n_sel_ch_ind(k)
1
# yrs_sel_ch_ind(k)(1,n_sel_ch_ind(k))
 1
# sel_slp_in_ind(k,1)
2
# sel_inf_in_ind(k,1)
1.5
# logsel_slp_in_ind(k,1)
0.693147
# logsel_slp_in_indv(k)
0.693147
survey_index1 ind sel opt 2  1 0 0 0 0 0 0 0 0 0 0 0 0 0 0 0 0 0 0 0 0 0 0 0 0 0 0 0 0 0
Phase indices Sel_Coffs:  -1
 Test: 1.23457e+008
# Fshry Selages:  11
# Srvy  Selages:  11
# Phase for age-spec fishery  -1
# Phase for logistic fishery  -2
# Phase for dble logistic fishery  -1
# Phase for age-spec indices   -1
# Phase for logistic indices   -2
# Phase for dble logistic ind  -1
# Curv_pen_fsh: 
 0
# Curv_pen_ind: 
 0
# styr_fut
31
# endyr_fut
35
# nyrs_fsh_age
 30
# nyrs_fsh_age
 30
# yrs_fsh_age
 1 2 3 4 5 6 7 8 9 10 11 12 13 14 15 16 17 18 19 20 21 22 23 24 25 26 27 28 29 30
# n_sample_fsh_age
 200 200 200 200 200 200 200 200 200 200 200 200 200 200 200 200 200 200 200 200 200 200 200 200 200 200 200 200 200 200
# oac_fsh
 0.04 0.1 0.14 0.1 0.075 0.115 0.09 0.035 0.03 0.04 0.04 0.195
 0.06 0.135 0.135 0.115 0.12 0.08 0.065 0.06 0.03 0.03 0.025 0.145
 0.105 0.125 0.16 0.125 0.115 0.055 0.055 0.04 0.02 0.04 0.025 0.135
 0.08 0.085 0.145 0.065 0.13 0.08 0.08 0.065 0.03 0.06 0.03 0.15
 0.11 0.08 0.115 0.165 0.11 0.05 0.1 0.03 0.045 0.025 0.035 0.135
 0.115 0.155 0.095 0.07 0.125 0.07 0.06 0.04 0.045 0.07 0.03 0.125
 0.095 0.145 0.23 0.075 0.08 0.065 0.065 0.045 0.05 0.015 0.045 0.09
 0.08 0.11 0.195 0.175 0.085 0.08 0.05 0.07 0.025 0.02 0.02 0.09
 0.09 0.16 0.1 0.175 0.125 0.045 0.055 0.055 0.025 0.03 0.02 0.12
 0.095 0.09 0.13 0.11 0.13 0.1 0.035 0.07 0.06 0.03 0.01 0.14
 0.1 0.115 0.13 0.185 0.115 0.06 0.07 0.035 0.03 0.05 0.03 0.08
 0.08 0.16 0.165 0.15 0.13 0.08 0.065 0.05 0.025 0.01 0.045 0.04
 0.06 0.145 0.195 0.14 0.09 0.08 0.02 0.065 0.05 0.045 0.025 0.085
 0.115 0.1 0.155 0.205 0.115 0.09 0.095 0.035 0.035 0.01 0.01 0.035
 0.1 0.12 0.16 0.14 0.12 0.1 0.03 0.055 0.04 0.03 0.02 0.085
 0.1 0.14 0.16 0.135 0.115 0.12 0.095 0.055 0.035 0.02 0.005 0.02
 0.105 0.16 0.16 0.17 0.145 0.045 0.05 0.045 0.035 0.04 0.01 0.035
 0.085 0.19 0.215 0.155 0.07 0.07 0.06 0.045 0.04 0.025 0.01 0.035
 0.11 0.14 0.21 0.165 0.095 0.09 0.06 0.04 0.02 0.015 0.01 0.045
 0.11 0.16 0.15 0.19 0.1 0.1 0.07 0.045 0.025 0.015 0.005 0.03
 0.15 0.165 0.205 0.065 0.175 0.06 0.05 0.035 0.03 0.015 0.02 0.03
 0.145 0.25 0.16 0.105 0.1 0.09 0.055 0.01 0.035 0.015 0.005 0.03
 0.165 0.24 0.205 0.12 0.08 0.08 0.03 0.02 0.045 0.005 0 0.01
 0.12 0.185 0.22 0.18 0.08 0.08 0.045 0.015 0.035 0.01 0.01 0.02
 0.175 0.21 0.19 0.15 0.115 0.05 0.03 0.025 0.02 0.005 0.01 0.02
 0.13 0.22 0.175 0.16 0.165 0.065 0.03 0.01 0.01 0.005 0 0.03
 0.13 0.185 0.265 0.15 0.11 0.06 0.045 0.03 0.01 0 0.005 0.01
 0.16 0.175 0.175 0.23 0.095 0.07 0.035 0.03 0.01 0.01 0 0.01
 0.215 0.255 0.19 0.14 0.085 0.055 0.02 0.015 0.005 0.01 0 0.01
 0.11 0.285 0.24 0.14 0.055 0.055 0.055 0.025 0.015 0.005 0 0.015
# olc_fsh

# wt_fsh
 0.000530656 0.00119633 0.00205827 0.00303499 0.00405521 0.0050647 0.00602623 0.00691692 0.00772489 0.00844611 0.00908185 0.0096367
 0.000530656 0.00119633 0.00205827 0.00303499 0.00405521 0.0050647 0.00602623 0.00691692 0.00772489 0.00844611 0.00908185 0.0096367
 0.000530656 0.00119633 0.00205827 0.00303499 0.00405521 0.0050647 0.00602623 0.00691692 0.00772489 0.00844611 0.00908185 0.0096367
 0.000530656 0.00119633 0.00205827 0.00303499 0.00405521 0.0050647 0.00602623 0.00691692 0.00772489 0.00844611 0.00908185 0.0096367
 0.000530656 0.00119633 0.00205827 0.00303499 0.00405521 0.0050647 0.00602623 0.00691692 0.00772489 0.00844611 0.00908185 0.0096367
 0.000530656 0.00119633 0.00205827 0.00303499 0.00405521 0.0050647 0.00602623 0.00691692 0.00772489 0.00844611 0.00908185 0.0096367
 0.000530656 0.00119633 0.00205827 0.00303499 0.00405521 0.0050647 0.00602623 0.00691692 0.00772489 0.00844611 0.00908185 0.0096367
 0.000530656 0.00119633 0.00205827 0.00303499 0.00405521 0.0050647 0.00602623 0.00691692 0.00772489 0.00844611 0.00908185 0.0096367
 0.000530656 0.00119633 0.00205827 0.00303499 0.00405521 0.0050647 0.00602623 0.00691692 0.00772489 0.00844611 0.00908185 0.0096367
 0.000530656 0.00119633 0.00205827 0.00303499 0.00405521 0.0050647 0.00602623 0.00691692 0.00772489 0.00844611 0.00908185 0.0096367
 0.000530656 0.00119633 0.00205827 0.00303499 0.00405521 0.0050647 0.00602623 0.00691692 0.00772489 0.00844611 0.00908185 0.0096367
 0.000530656 0.00119633 0.00205827 0.00303499 0.00405521 0.0050647 0.00602623 0.00691692 0.00772489 0.00844611 0.00908185 0.0096367
 0.000530656 0.00119633 0.00205827 0.00303499 0.00405521 0.0050647 0.00602623 0.00691692 0.00772489 0.00844611 0.00908185 0.0096367
 0.000530656 0.00119633 0.00205827 0.00303499 0.00405521 0.0050647 0.00602623 0.00691692 0.00772489 0.00844611 0.00908185 0.0096367
 0.000530656 0.00119633 0.00205827 0.00303499 0.00405521 0.0050647 0.00602623 0.00691692 0.00772489 0.00844611 0.00908185 0.0096367
 0.000530656 0.00119633 0.00205827 0.00303499 0.00405521 0.0050647 0.00602623 0.00691692 0.00772489 0.00844611 0.00908185 0.0096367
 0.000530656 0.00119633 0.00205827 0.00303499 0.00405521 0.0050647 0.00602623 0.00691692 0.00772489 0.00844611 0.00908185 0.0096367
 0.000530656 0.00119633 0.00205827 0.00303499 0.00405521 0.0050647 0.00602623 0.00691692 0.00772489 0.00844611 0.00908185 0.0096367
 0.000530656 0.00119633 0.00205827 0.00303499 0.00405521 0.0050647 0.00602623 0.00691692 0.00772489 0.00844611 0.00908185 0.0096367
 0.000530656 0.00119633 0.00205827 0.00303499 0.00405521 0.0050647 0.00602623 0.00691692 0.00772489 0.00844611 0.00908185 0.0096367
 0.000530656 0.00119633 0.00205827 0.00303499 0.00405521 0.0050647 0.00602623 0.00691692 0.00772489 0.00844611 0.00908185 0.0096367
 0.000530656 0.00119633 0.00205827 0.00303499 0.00405521 0.0050647 0.00602623 0.00691692 0.00772489 0.00844611 0.00908185 0.0096367
 0.000530656 0.00119633 0.00205827 0.00303499 0.00405521 0.0050647 0.00602623 0.00691692 0.00772489 0.00844611 0.00908185 0.0096367
 0.000530656 0.00119633 0.00205827 0.00303499 0.00405521 0.0050647 0.00602623 0.00691692 0.00772489 0.00844611 0.00908185 0.0096367
 0.000530656 0.00119633 0.00205827 0.00303499 0.00405521 0.0050647 0.00602623 0.00691692 0.00772489 0.00844611 0.00908185 0.0096367
 0.000530656 0.00119633 0.00205827 0.00303499 0.00405521 0.0050647 0.00602623 0.00691692 0.00772489 0.00844611 0.00908185 0.0096367
 0.000530656 0.00119633 0.00205827 0.00303499 0.00405521 0.0050647 0.00602623 0.00691692 0.00772489 0.00844611 0.00908185 0.0096367
 0.000530656 0.00119633 0.00205827 0.00303499 0.00405521 0.0050647 0.00602623 0.00691692 0.00772489 0.00844611 0.00908185 0.0096367
 0.000530656 0.00119633 0.00205827 0.00303499 0.00405521 0.0050647 0.00602623 0.00691692 0.00772489 0.00844611 0.00908185 0.0096367
 0.000530656 0.00119633 0.00205827 0.00303499 0.00405521 0.0050647 0.00602623 0.00691692 0.00772489 0.00844611 0.00908185 0.0096367
# nyrs_ind_age
 30
# yrs_ind_age
 1 2 3 4 5 6 7 8 9 10 11 12 13 14 15 16 17 18 19 20 21 22 23 24 25 26 27 28 29 30
# n_sample_ind_age
 200 200 200 200 200 200 200 200 200 200 200 200 200 200 200 200 200 200 200 200 200 200 200 200 200 200 200 200 200 200
# oac_ind
 0.08 0.115 0.15 0.135 0.085 0.105 0.055 0.08 0.015 0.04 0.03 0.11
 0.07 0.16 0.13 0.13 0.125 0.075 0.085 0.035 0.045 0.03 0.01 0.105
 0.05 0.15 0.185 0.145 0.065 0.06 0.04 0.05 0.055 0.025 0.03 0.145
 0.06 0.1 0.155 0.125 0.1 0.085 0.085 0.03 0.045 0.04 0.015 0.16
 0.08 0.11 0.135 0.175 0.075 0.1 0.065 0.035 0.045 0.035 0.025 0.12
 0.11 0.19 0.135 0.13 0.12 0.045 0.09 0.04 0.045 0.025 0.025 0.045
 0.095 0.165 0.23 0.085 0.11 0.07 0.045 0.035 0.04 0.02 0.015 0.09
 0.065 0.115 0.16 0.135 0.085 0.08 0.12 0.05 0.035 0.03 0.015 0.11
 0.115 0.17 0.16 0.08 0.13 0.075 0.04 0.06 0.005 0.035 0.05 0.08
 0.095 0.15 0.205 0.115 0.145 0.05 0.045 0.025 0.035 0.05 0.015 0.07
 0.045 0.215 0.18 0.13 0.11 0.095 0.065 0.03 0.025 0.02 0.03 0.055
 0.075 0.155 0.2 0.125 0.07 0.06 0.1 0.08 0.03 0.02 0.005 0.08
 0.07 0.165 0.18 0.16 0.105 0.11 0.045 0.05 0.03 0.015 0.025 0.045
 0.065 0.21 0.175 0.155 0.08 0.055 0.095 0.035 0.035 0.03 0.005 0.06
 0.07 0.225 0.19 0.135 0.075 0.07 0.06 0.04 0.015 0.025 0.01 0.085
 0.09 0.145 0.2 0.18 0.095 0.045 0.08 0.04 0.02 0.025 0.02 0.06
 0.075 0.225 0.175 0.15 0.07 0.05 0.075 0.045 0.03 0.03 0 0.075
 0.08 0.185 0.25 0.115 0.125 0.04 0.05 0.045 0.025 0.04 0.015 0.03
 0.09 0.19 0.235 0.21 0.095 0.045 0.02 0.035 0.015 0.02 0.025 0.02
 0.095 0.255 0.195 0.115 0.11 0.05 0.075 0.015 0.025 0.04 0 0.025
 0.145 0.17 0.2 0.1 0.155 0.06 0.04 0.03 0.02 0.015 0.015 0.05
 0.11 0.29 0.135 0.14 0.12 0.065 0.045 0.02 0.025 0.015 0.005 0.03
 0.07 0.28 0.28 0.115 0.075 0.04 0.035 0.045 0.015 0.01 0.015 0.02
 0.065 0.225 0.26 0.195 0.07 0.075 0.025 0.03 0.015 0.015 0.015 0.01
 0.135 0.165 0.23 0.23 0.095 0.035 0.055 0.015 0.015 0.015 0.005 0.005
 0.05 0.325 0.195 0.135 0.105 0.08 0.03 0.035 0.02 0.005 0.01 0.01
 0.15 0.18 0.27 0.1 0.11 0.075 0.065 0.025 0.01 0.01 0 0.005
 0.11 0.205 0.195 0.225 0.115 0.065 0.02 0.035 0.015 0 0.015 0
 0.175 0.235 0.2 0.15 0.125 0.045 0.03 0.015 0.015 0.005 0 0.005
 0.105 0.33 0.23 0.11 0.11 0.05 0.015 0.015 0.015 0 0.005 0.015
# olc_ind

# obs_lse_ind
 0.198042 0.198042 0.198042 0.198042 0.198042 0.198042 0.198042 0.198042 0.198042 0.198042 0.198042 0.198042 0.198042 0.198042 0.198042 0.198042 0.198042 0.198042 0.198042 0.198042 0.198042 0.198042 0.198042 0.198042 0.198042 0.198042 0.198042 0.198042 0.198042 0.198042
# xages_fsh
 0 0 0 0 0 0 0 0 0 0 0 0
# xages_fsh
 0 0.0909091 0.181818 0.272727 0.363636 0.454545 0.545455 0.636364 0.727273 0.818182 0.909091 1
# xnodes_fsh

Yrs fsh_sel change:  1 0 0 0 0 0 0 0 0 0 0 0 0 0 0 0 0 0 0 0 0 0 0 0 0 0 0 0 0
Yrs ind_sel change:  1 0 0 0 0 0 0 0 0 0 0 0 0 0 0 0 0 0 0 0 0 0 0 0 0 0 0 0 0
# steepnessprior
0.75
# sigmarprior
0.2
#  SSB estimated in styr endyr: -12 28 
#  Rec estimated in styr endyr: -10 30 
#  SR Curve fit  in styr endyr: 1 30 
#             Model styr endyr: 1 30 
# qprior
 3.48998e-007
# q_power_prior 
 1 
# cv_catchbiomass 
0.05 
# CatchbiomassPen 
200 
# Number of projection years 
5 
# offset_fsh
 13380.1
# offset_ind
 13129.2
Mean Catch
1276.61
R_guess 
13.8155
# nfsh
1
# n_sel_ch_fsh
 1
# nselages_fsh
 11
# phase_selcoff_fsh
 -1
logRzero 13.8155
logmeanrec 13.8155
exp(log_sigmarprior 0.2
Fish sel phase: -1 OM1
Fixing fishery sel to
1
Fixing fishery sel to
1
Srvy sel phase: -1
Fixing survey_index1 indices sel to
1
Fixing index sel to
1
# logsel_slp_in_indv
 0.693147
Leaving parameter init secton
# M
 0.2 0.2 0.2 0.2 0.2 0.2 0.2 0.2 0.2 0.2 0.2 0.2
 0.2 0.2 0.2 0.2 0.2 0.2 0.2 0.2 0.2 0.2 0.2 0.2
 0.2 0.2 0.2 0.2 0.2 0.2 0.2 0.2 0.2 0.2 0.2 0.2
 0.2 0.2 0.2 0.2 0.2 0.2 0.2 0.2 0.2 0.2 0.2 0.2
 0.2 0.2 0.2 0.2 0.2 0.2 0.2 0.2 0.2 0.2 0.2 0.2
 0.2 0.2 0.2 0.2 0.2 0.2 0.2 0.2 0.2 0.2 0.2 0.2
 0.2 0.2 0.2 0.2 0.2 0.2 0.2 0.2 0.2 0.2 0.2 0.2
 0.2 0.2 0.2 0.2 0.2 0.2 0.2 0.2 0.2 0.2 0.2 0.2
 0.2 0.2 0.2 0.2 0.2 0.2 0.2 0.2 0.2 0.2 0.2 0.2
 0.2 0.2 0.2 0.2 0.2 0.2 0.2 0.2 0.2 0.2 0.2 0.2
 0.2 0.2 0.2 0.2 0.2 0.2 0.2 0.2 0.2 0.2 0.2 0.2
 0.2 0.2 0.2 0.2 0.2 0.2 0.2 0.2 0.2 0.2 0.2 0.2
 0.2 0.2 0.2 0.2 0.2 0.2 0.2 0.2 0.2 0.2 0.2 0.2
 0.2 0.2 0.2 0.2 0.2 0.2 0.2 0.2 0.2 0.2 0.2 0.2
 0.2 0.2 0.2 0.2 0.2 0.2 0.2 0.2 0.2 0.2 0.2 0.2
 0.2 0.2 0.2 0.2 0.2 0.2 0.2 0.2 0.2 0.2 0.2 0.2
 0.2 0.2 0.2 0.2 0.2 0.2 0.2 0.2 0.2 0.2 0.2 0.2
 0.2 0.2 0.2 0.2 0.2 0.2 0.2 0.2 0.2 0.2 0.2 0.2
 0.2 0.2 0.2 0.2 0.2 0.2 0.2 0.2 0.2 0.2 0.2 0.2
 0.2 0.2 0.2 0.2 0.2 0.2 0.2 0.2 0.2 0.2 0.2 0.2
 0.2 0.2 0.2 0.2 0.2 0.2 0.2 0.2 0.2 0.2 0.2 0.2
 0.2 0.2 0.2 0.2 0.2 0.2 0.2 0.2 0.2 0.2 0.2 0.2
 0.2 0.2 0.2 0.2 0.2 0.2 0.2 0.2 0.2 0.2 0.2 0.2
 0.2 0.2 0.2 0.2 0.2 0.2 0.2 0.2 0.2 0.2 0.2 0.2
 0.2 0.2 0.2 0.2 0.2 0.2 0.2 0.2 0.2 0.2 0.2 0.2
 0.2 0.2 0.2 0.2 0.2 0.2 0.2 0.2 0.2 0.2 0.2 0.2
 0.2 0.2 0.2 0.2 0.2 0.2 0.2 0.2 0.2 0.2 0.2 0.2
 0.2 0.2 0.2 0.2 0.2 0.2 0.2 0.2 0.2 0.2 0.2 0.2
 0.2 0.2 0.2 0.2 0.2 0.2 0.2 0.2 0.2 0.2 0.2 0.2
 0.2 0.2 0.2 0.2 0.2 0.2 0.2 0.2 0.2 0.2 0.2 0.2
# mean_log_rec
13.713
# log_Rzero
13.8208
# rec_dev
 -0.0184733 0.0259065 -0.060051 -0.177679 -0.0758839 0.0173025 0.0625872 -0.0262521 0.0102593 0.100509 0.07648 0.104775 0.276788 0.0338484 -0.0736176 0.387145 0.330418 0.0409772 0.249912 0.0938209 0.180106 0.140563 -0.00756837 -0.00815319 0.0848454 -0.0484553 0.117218 0.0638306 -0.225816 -0.122346 -0.297072 0.0862827 0.012577 -0.179628 -0.351758 -0.0413444 -0.411918 -0.349487 -0.188314 0.0224351 -0.413555
# fmort
 0.00963437 0.0281927 0.0469537 0.0646766 0.0507746 0.091366 0.0925049 0.193988 0.113894 0.138086 0.156649 0.166712 0.119448 0.172764 0.184312 0.163718 0.320725 0.262276 0.264715 0.263115 0.36337 0.261784 0.43127 0.354835 0.352061 0.321973 0.307486 0.426215 0.327066 0.499826
# rec_dev_future
 0 0 0 0 0
