AMAK;August_2013
# styr
1
# endyr
30
# rec_age
1
# oldest_age
12
# nlength
81
# len_bins
 10 11 12 13 14 15 16 17 18 19 20 21 22 23 24 25 26 27 28 29 30 31 32 33 34 35 36 37 38 39 40 41 42 43 44 45 46 47 48 49 50 51 52 53 54 55 56 57 58 59 60 61 62 63 64 65 66 67 68 69 70 71 72 73 74 75 76 77 78 79 80 81 82 83 84 85 86 87 88 89 90
# datafile_name
amak_data.dat
# model_name
OM_1
# styr
1
# endyr
30
# rec_age
1
# oldest_age
12
# nfsh
1
# fshname
OM1
# catch_bio_in
 158.947 469.869 763.068 986.593 765.981 1324.02 1285.3 2472.89 1322.55 1516.2 1618.17 1617.57 1107 1526.48 1511.42 1275.87 2245.14 1616.56 1443.09 1319.08 1624.77 1080.25 1613.12 1204.53 1114.57 966.339 929.106 1212.91 872.719 1267.33
# catch_bio_sd_in
 0.01 0.01 0.01 0.01 0.01 0.01 0.01 0.01 0.01 0.01 0.01 0.01 0.01 0.01 0.01 0.01 0.01 0.01 0.01 0.01 0.01 0.01 0.01 0.01 0.01 0.01 0.01 0.01 0.01 0.01
# nyrs_fsh_age
 30
# nyrs_fsh_length
 0
# yrs_fsh_age_in
 1 2 3 4 5 6 7 8 9 10 11 12 13 14 15 16 17 18 19 20 21 22 23 24 25 26 27 28 29 30
# yrs_fsh_length_in

# n_sample_fsh_length_in

# olc_fsh_in

# nind
1
# indname
survey_index1
# nyrs_ind
 30
# yrs_ind_in
 1 2 3 4 5 6 7 8 9 10 11 12 13 14 15 16 17 18 19 20 21 22 23 24 25 26 27 28 29 30
# mo_ind
 1
# obs_ind_in
 1.62606 1.66881 1.4663 1.32992 1.67356 1.41099 1.31401 1.34982 1.17561 1.23621 1.21265 1.1629 1.00887 1.18615 1.02866 0.985034 0.953678 1.02323 0.760921 0.691743 0.660127 0.625263 0.700484 0.567585 0.506503 0.52505 0.616836 0.419786 0.478119 0.467777
# obs_se_ind_in
 0.325212 0.333761 0.29326 0.265985 0.334712 0.282197 0.262802 0.269964 0.235123 0.247241 0.24253 0.232579 0.201774 0.237229 0.205732 0.197007 0.190736 0.204645 0.152184 0.138349 0.132025 0.125053 0.140097 0.113517 0.101301 0.10501 0.123367 0.0839572 0.0956238 0.0935553
# nyrs_ind_age
 30
# nyrs_ind_length
 0
# yrs_ind_age_in
 1 2 3 4 5 6 7 8 9 10 11 12 13 14 15 16 17 18 19 20 21 22 23 24 25 26 27 28 29 30
# yrs_ind_length_in

# yrs_ind_age_in
 1 2 3 4 5 6 7 8 9 10 11 12 13 14 15 16 17 18 19 20 21 22 23 24 25 26 27 28 29 30
# n_sample_ind_length_in

# olc_ind_in

# oac_ind_in
 0.06 0.155 0.135 0.145 0.11 0.09 0.06 0.035 0.03 0.065 0.035 0.08
 0.055 0.145 0.14 0.13 0.095 0.06 0.075 0.04 0.035 0.025 0.055 0.145
 0.06 0.205 0.13 0.095 0.095 0.07 0.06 0.04 0.035 0.03 0.06 0.12
 0.03 0.145 0.2 0.135 0.095 0.08 0.04 0.04 0.05 0.04 0.03 0.115
 0.12 0.115 0.13 0.145 0.11 0.05 0.06 0.065 0.05 0.02 0.015 0.12
 0.095 0.165 0.115 0.115 0.14 0.065 0.03 0.055 0.025 0.02 0.03 0.145
 0.065 0.17 0.185 0.08 0.095 0.1 0.06 0.045 0.045 0.025 0.015 0.115
 0.09 0.155 0.18 0.125 0.08 0.075 0.06 0.045 0.02 0.015 0.02 0.135
 0.075 0.215 0.135 0.13 0.095 0.055 0.05 0.055 0.05 0.025 0.005 0.11
 0.08 0.115 0.21 0.125 0.12 0.1 0.04 0.04 0.04 0.01 0.025 0.095
 0.085 0.225 0.125 0.14 0.08 0.1 0.065 0.05 0.025 0.02 0.015 0.07
 0.085 0.21 0.175 0.075 0.155 0.075 0.045 0.04 0.04 0.005 0.015 0.08
 0.1 0.165 0.25 0.14 0.09 0.07 0.03 0.035 0.055 0.02 0.005 0.04
 0.1 0.18 0.185 0.17 0.105 0.045 0.03 0.05 0.035 0.02 0.01 0.07
 0.075 0.205 0.19 0.115 0.105 0.08 0.035 0.04 0.04 0.035 0.025 0.055
 0.11 0.22 0.135 0.145 0.09 0.085 0.045 0.04 0.04 0.01 0.025 0.055
 0.105 0.235 0.175 0.135 0.105 0.035 0.03 0.045 0.05 0.015 0.01 0.06
 0.075 0.245 0.215 0.16 0.065 0.075 0.02 0.035 0.01 0.025 0.015 0.06
 0.095 0.19 0.245 0.205 0.08 0.065 0.04 0.01 0.01 0.025 0.01 0.025
 0.1 0.24 0.16 0.15 0.13 0.07 0.06 0.025 0.01 0.005 0.005 0.045
 0.15 0.19 0.23 0.1 0.11 0.08 0.025 0.025 0.04 0.02 0.005 0.025
 0.16 0.305 0.18 0.135 0.075 0.025 0.015 0.02 0.03 0.005 0.01 0.04
 0.115 0.245 0.235 0.15 0.09 0.065 0.035 0.02 0.025 0 0.01 0.01
 0.08 0.17 0.255 0.24 0.07 0.05 0.04 0.015 0.025 0.015 0.015 0.025
 0.145 0.19 0.255 0.185 0.135 0.005 0.035 0.02 0.005 0.015 0 0.01
 0.1 0.33 0.19 0.105 0.135 0.075 0.015 0.015 0.015 0.015 0 0.005
 0.115 0.195 0.255 0.14 0.06 0.07 0.085 0.025 0.035 0 0.01 0.01
 0.145 0.275 0.195 0.145 0.075 0.08 0.045 0.015 0.005 0 0 0.02
 0.195 0.285 0.165 0.12 0.12 0.03 0.015 0.035 0.02 0 0.005 0.01
 0.14 0.265 0.195 0.165 0.08 0.065 0.02 0.025 0.015 0.025 0.005 0
# wt_ind
 1 1 1 1 1 1 1 1 1 1 1 1
 1 1 1 1 1 1 1 1 1 1 1 1
 1 1 1 1 1 1 1 1 1 1 1 1
 1 1 1 1 1 1 1 1 1 1 1 1
 1 1 1 1 1 1 1 1 1 1 1 1
 1 1 1 1 1 1 1 1 1 1 1 1
 1 1 1 1 1 1 1 1 1 1 1 1
 1 1 1 1 1 1 1 1 1 1 1 1
 1 1 1 1 1 1 1 1 1 1 1 1
 1 1 1 1 1 1 1 1 1 1 1 1
 1 1 1 1 1 1 1 1 1 1 1 1
 1 1 1 1 1 1 1 1 1 1 1 1
 1 1 1 1 1 1 1 1 1 1 1 1
 1 1 1 1 1 1 1 1 1 1 1 1
 1 1 1 1 1 1 1 1 1 1 1 1
 1 1 1 1 1 1 1 1 1 1 1 1
 1 1 1 1 1 1 1 1 1 1 1 1
 1 1 1 1 1 1 1 1 1 1 1 1
 1 1 1 1 1 1 1 1 1 1 1 1
 1 1 1 1 1 1 1 1 1 1 1 1
 1 1 1 1 1 1 1 1 1 1 1 1
 1 1 1 1 1 1 1 1 1 1 1 1
 1 1 1 1 1 1 1 1 1 1 1 1
 1 1 1 1 1 1 1 1 1 1 1 1
 1 1 1 1 1 1 1 1 1 1 1 1
 1 1 1 1 1 1 1 1 1 1 1 1
 1 1 1 1 1 1 1 1 1 1 1 1
 1 1 1 1 1 1 1 1 1 1 1 1
 1 1 1 1 1 1 1 1 1 1 1 1
 1 1 1 1 1 1 1 1 1 1 1 1
# wt_pop
 0.000530656 0.00119633 0.00205827 0.00303499 0.00405521 0.0050647 0.00602623 0.00691692 0.00772489 0.00844611 0.00908185 0.0096367
# maturity
 0.0229774 0.320821 0.904651 0.99478 0.999739 0.999987 0.999999 1 1 1 1 1
# spawnmo
1
# age_err
 1 0 0 0 0 0 0 0 0 0 0 0
 0 1 0 0 0 0 0 0 0 0 0 0
 0 0 1 0 0 0 0 0 0 0 0 0
 0 0 0 1 0 0 0 0 0 0 0 0
 0 0 0 0 1 0 0 0 0 0 0 0
 0 0 0 0 0 1 0 0 0 0 0 0
 0 0 0 0 0 0 1 0 0 0 0 0
 0 0 0 0 0 0 0 1 0 0 0 0
 0 0 0 0 0 0 0 0 1 0 0 0
 0 0 0 0 0 0 0 0 0 1 0 0
 0 0 0 0 0 0 0 0 0 0 1 0
 0 0 0 0 0 0 0 0 0 0 0 1
# cntrlfile_name
C:\Users\bai.li\Desktop\s1_test\AMAK\s40\amak.dat
# Map shared selectivity: 
# sel_map
 1 2
 1 1
# datafile_name
amak_data.dat
# model_name
OM_1
# SrType
2
# use_age_err
0
# retro
0
# sigmarprior
0.2
# cvsigmarprior
0.25
# phase_sigmar
-3
# styr_rec_est
1
# endyr_rec_est
30
# Linfprior
80
# cvLinfprior
0.25
# kprior
0.18
# cvkprior
0.25
# Loprior
27.688
# cvLoprior
0.25
# sdageprior
0.1
# cvsdageprior
0.25
# natmortprior
0.2
# cvnatmortprior
0.25
# phase_M
-4
# npars_Mage
0
# ages_M_changes

# Mage_in

# phase_Mage
-5
# phase_rw_M
0
# npars_rw_M
0
# yrs_rw_M

# sigma_rw_M

# qprior
 3.48998e-007
# cvqprior
 1
# phase_q
 1
# q_power_prior
 1
# cvq_power_prior
 0.2
# phase_q_power
 -4
# phase_rw_q
 -1
# npars_rw_q
 0
# yrs_rw_q

# sigma_rw_q

# q_age_min
 1
# q_age_max
 12
# q_age_min
 1
# q_age_max
 12
# fsh_sel_opt(k)
2
# phase_sel_fsh(k)
-2
# n_sel_ch_fsh(k)
1
# sel_slp_in_fsh(k)(1,n_sel_ch_fsh(k))
 1
# sel_inf_in_fsh(k)(1,n_sel_ch_fsh(k))
 2
# logsel_slp_in_fsh(k)(1,n_sel_ch_fsh(k))
 0
# yrs_sel_ch_fsh(k)(1,n_sel_ch_fsh(k))
 1

Survey survey_index1
# ind_sel_opt(k)
2
# indname(k)
survey_index1
# nselages_in_ind(k)
11
# phase_sel_ind(k)
-2
# sel_change_in_ind(k)
 1 0 0 0 0 0 0 0 0 0 0 0 0 0 0 0 0 0 0 0 0 0 0 0 0 0 0 0 0 0
# n_sel_ch_ind(k)
1
# yrs_sel_ch_ind(k)(1,n_sel_ch_ind(k))
 1
# sel_slp_in_ind(k,1)
2
# sel_inf_in_ind(k,1)
1.5
# logsel_slp_in_ind(k,1)
0.693147
# logsel_slp_in_indv(k)
0.693147
survey_index1 ind sel opt 2  1 0 0 0 0 0 0 0 0 0 0 0 0 0 0 0 0 0 0 0 0 0 0 0 0 0 0 0 0 0
Phase indices Sel_Coffs:  -1
 Test: 1.23457e+008
# Fshry Selages:  11
# Srvy  Selages:  11
# Phase for age-spec fishery  -1
# Phase for logistic fishery  -2
# Phase for dble logistic fishery  -1
# Phase for age-spec indices   -1
# Phase for logistic indices   -2
# Phase for dble logistic ind  -1
# Curv_pen_fsh: 
 0
# Curv_pen_ind: 
 0
# styr_fut
31
# endyr_fut
35
# nyrs_fsh_age
 30
# nyrs_fsh_age
 30
# yrs_fsh_age
 1 2 3 4 5 6 7 8 9 10 11 12 13 14 15 16 17 18 19 20 21 22 23 24 25 26 27 28 29 30
# n_sample_fsh_age
 200 200 200 200 200 200 200 200 200 200 200 200 200 200 200 200 200 200 200 200 200 200 200 200 200 200 200 200 200 200
# oac_fsh
 0.08 0.135 0.165 0.12 0.065 0.075 0.07 0.05 0.045 0.015 0.04 0.14
 0.075 0.085 0.09 0.11 0.165 0.075 0.065 0.04 0.035 0.055 0.025 0.18
 0.115 0.165 0.125 0.065 0.105 0.095 0.07 0.035 0.065 0.015 0.045 0.1
 0.065 0.1 0.175 0.095 0.095 0.095 0.06 0.065 0.07 0.04 0.025 0.115
 0.12 0.07 0.15 0.135 0.075 0.095 0.1 0.04 0.02 0.045 0.035 0.115
 0.095 0.14 0.11 0.11 0.105 0.1 0.055 0.07 0.035 0.04 0.03 0.11
 0.12 0.105 0.165 0.085 0.07 0.135 0.04 0.05 0.05 0.06 0.02 0.1
 0.1 0.13 0.165 0.145 0.08 0.075 0.095 0.035 0.035 0.05 0.01 0.08
 0.05 0.175 0.13 0.14 0.12 0.045 0.035 0.055 0.045 0.015 0.04 0.15
 0.1 0.08 0.14 0.125 0.12 0.155 0.05 0.055 0.025 0.02 0.025 0.105
 0.055 0.15 0.165 0.135 0.085 0.095 0.09 0.06 0.025 0.04 0.025 0.075
 0.06 0.155 0.13 0.115 0.14 0.09 0.095 0.045 0.025 0.03 0.03 0.085
 0.09 0.14 0.22 0.15 0.08 0.095 0.05 0.04 0.055 0.02 0 0.06
 0.11 0.105 0.14 0.15 0.125 0.05 0.075 0.065 0.05 0.04 0.01 0.08
 0.11 0.19 0.15 0.115 0.115 0.09 0.065 0.055 0.03 0.01 0.015 0.055
 0.095 0.13 0.185 0.14 0.055 0.085 0.075 0.045 0.045 0.03 0.055 0.06
 0.105 0.18 0.16 0.17 0.14 0.035 0.045 0.045 0.025 0.015 0.025 0.055
 0.08 0.16 0.195 0.155 0.12 0.06 0.045 0.05 0.045 0.02 0.025 0.045
 0.125 0.145 0.185 0.14 0.125 0.095 0.045 0.04 0.01 0.025 0.015 0.05
 0.1 0.185 0.135 0.175 0.16 0.095 0.04 0.02 0.01 0.03 0.015 0.035
 0.125 0.095 0.17 0.15 0.115 0.105 0.075 0.02 0.025 0.025 0.045 0.05
 0.1 0.25 0.145 0.19 0.115 0.09 0.025 0.015 0.01 0.015 0.01 0.035
 0.18 0.205 0.24 0.085 0.11 0.025 0.05 0.05 0.02 0.01 0.01 0.015
 0.13 0.19 0.22 0.175 0.065 0.08 0.045 0.04 0.01 0.015 0.01 0.02
 0.185 0.1 0.19 0.185 0.125 0.065 0.045 0.015 0.005 0.03 0.025 0.03
 0.15 0.25 0.205 0.115 0.11 0.075 0.04 0.02 0.005 0.015 0.005 0.01
 0.195 0.2 0.24 0.125 0.1 0.04 0.04 0.03 0.015 0 0 0.015
 0.165 0.2 0.175 0.195 0.07 0.07 0.055 0.025 0.015 0.005 0.01 0.015
 0.225 0.23 0.22 0.105 0.09 0.045 0.025 0.01 0.02 0.015 0.01 0.005
 0.12 0.265 0.21 0.185 0.095 0.05 0.02 0.025 0.01 0.005 0.01 0.005
# olc_fsh

# wt_fsh
 0.000530656 0.00119633 0.00205827 0.00303499 0.00405521 0.0050647 0.00602623 0.00691692 0.00772489 0.00844611 0.00908185 0.0096367
 0.000530656 0.00119633 0.00205827 0.00303499 0.00405521 0.0050647 0.00602623 0.00691692 0.00772489 0.00844611 0.00908185 0.0096367
 0.000530656 0.00119633 0.00205827 0.00303499 0.00405521 0.0050647 0.00602623 0.00691692 0.00772489 0.00844611 0.00908185 0.0096367
 0.000530656 0.00119633 0.00205827 0.00303499 0.00405521 0.0050647 0.00602623 0.00691692 0.00772489 0.00844611 0.00908185 0.0096367
 0.000530656 0.00119633 0.00205827 0.00303499 0.00405521 0.0050647 0.00602623 0.00691692 0.00772489 0.00844611 0.00908185 0.0096367
 0.000530656 0.00119633 0.00205827 0.00303499 0.00405521 0.0050647 0.00602623 0.00691692 0.00772489 0.00844611 0.00908185 0.0096367
 0.000530656 0.00119633 0.00205827 0.00303499 0.00405521 0.0050647 0.00602623 0.00691692 0.00772489 0.00844611 0.00908185 0.0096367
 0.000530656 0.00119633 0.00205827 0.00303499 0.00405521 0.0050647 0.00602623 0.00691692 0.00772489 0.00844611 0.00908185 0.0096367
 0.000530656 0.00119633 0.00205827 0.00303499 0.00405521 0.0050647 0.00602623 0.00691692 0.00772489 0.00844611 0.00908185 0.0096367
 0.000530656 0.00119633 0.00205827 0.00303499 0.00405521 0.0050647 0.00602623 0.00691692 0.00772489 0.00844611 0.00908185 0.0096367
 0.000530656 0.00119633 0.00205827 0.00303499 0.00405521 0.0050647 0.00602623 0.00691692 0.00772489 0.00844611 0.00908185 0.0096367
 0.000530656 0.00119633 0.00205827 0.00303499 0.00405521 0.0050647 0.00602623 0.00691692 0.00772489 0.00844611 0.00908185 0.0096367
 0.000530656 0.00119633 0.00205827 0.00303499 0.00405521 0.0050647 0.00602623 0.00691692 0.00772489 0.00844611 0.00908185 0.0096367
 0.000530656 0.00119633 0.00205827 0.00303499 0.00405521 0.0050647 0.00602623 0.00691692 0.00772489 0.00844611 0.00908185 0.0096367
 0.000530656 0.00119633 0.00205827 0.00303499 0.00405521 0.0050647 0.00602623 0.00691692 0.00772489 0.00844611 0.00908185 0.0096367
 0.000530656 0.00119633 0.00205827 0.00303499 0.00405521 0.0050647 0.00602623 0.00691692 0.00772489 0.00844611 0.00908185 0.0096367
 0.000530656 0.00119633 0.00205827 0.00303499 0.00405521 0.0050647 0.00602623 0.00691692 0.00772489 0.00844611 0.00908185 0.0096367
 0.000530656 0.00119633 0.00205827 0.00303499 0.00405521 0.0050647 0.00602623 0.00691692 0.00772489 0.00844611 0.00908185 0.0096367
 0.000530656 0.00119633 0.00205827 0.00303499 0.00405521 0.0050647 0.00602623 0.00691692 0.00772489 0.00844611 0.00908185 0.0096367
 0.000530656 0.00119633 0.00205827 0.00303499 0.00405521 0.0050647 0.00602623 0.00691692 0.00772489 0.00844611 0.00908185 0.0096367
 0.000530656 0.00119633 0.00205827 0.00303499 0.00405521 0.0050647 0.00602623 0.00691692 0.00772489 0.00844611 0.00908185 0.0096367
 0.000530656 0.00119633 0.00205827 0.00303499 0.00405521 0.0050647 0.00602623 0.00691692 0.00772489 0.00844611 0.00908185 0.0096367
 0.000530656 0.00119633 0.00205827 0.00303499 0.00405521 0.0050647 0.00602623 0.00691692 0.00772489 0.00844611 0.00908185 0.0096367
 0.000530656 0.00119633 0.00205827 0.00303499 0.00405521 0.0050647 0.00602623 0.00691692 0.00772489 0.00844611 0.00908185 0.0096367
 0.000530656 0.00119633 0.00205827 0.00303499 0.00405521 0.0050647 0.00602623 0.00691692 0.00772489 0.00844611 0.00908185 0.0096367
 0.000530656 0.00119633 0.00205827 0.00303499 0.00405521 0.0050647 0.00602623 0.00691692 0.00772489 0.00844611 0.00908185 0.0096367
 0.000530656 0.00119633 0.00205827 0.00303499 0.00405521 0.0050647 0.00602623 0.00691692 0.00772489 0.00844611 0.00908185 0.0096367
 0.000530656 0.00119633 0.00205827 0.00303499 0.00405521 0.0050647 0.00602623 0.00691692 0.00772489 0.00844611 0.00908185 0.0096367
 0.000530656 0.00119633 0.00205827 0.00303499 0.00405521 0.0050647 0.00602623 0.00691692 0.00772489 0.00844611 0.00908185 0.0096367
 0.000530656 0.00119633 0.00205827 0.00303499 0.00405521 0.0050647 0.00602623 0.00691692 0.00772489 0.00844611 0.00908185 0.0096367
# nyrs_ind_age
 30
# yrs_ind_age
 1 2 3 4 5 6 7 8 9 10 11 12 13 14 15 16 17 18 19 20 21 22 23 24 25 26 27 28 29 30
# n_sample_ind_age
 200 200 200 200 200 200 200 200 200 200 200 200 200 200 200 200 200 200 200 200 200 200 200 200 200 200 200 200 200 200
# oac_ind
 0.06 0.155 0.135 0.145 0.11 0.09 0.06 0.035 0.03 0.065 0.035 0.08
 0.055 0.145 0.14 0.13 0.095 0.06 0.075 0.04 0.035 0.025 0.055 0.145
 0.06 0.205 0.13 0.095 0.095 0.07 0.06 0.04 0.035 0.03 0.06 0.12
 0.03 0.145 0.2 0.135 0.095 0.08 0.04 0.04 0.05 0.04 0.03 0.115
 0.12 0.115 0.13 0.145 0.11 0.05 0.06 0.065 0.05 0.02 0.015 0.12
 0.095 0.165 0.115 0.115 0.14 0.065 0.03 0.055 0.025 0.02 0.03 0.145
 0.065 0.17 0.185 0.08 0.095 0.1 0.06 0.045 0.045 0.025 0.015 0.115
 0.09 0.155 0.18 0.125 0.08 0.075 0.06 0.045 0.02 0.015 0.02 0.135
 0.075 0.215 0.135 0.13 0.095 0.055 0.05 0.055 0.05 0.025 0.005 0.11
 0.08 0.115 0.21 0.125 0.12 0.1 0.04 0.04 0.04 0.01 0.025 0.095
 0.085 0.225 0.125 0.14 0.08 0.1 0.065 0.05 0.025 0.02 0.015 0.07
 0.085 0.21 0.175 0.075 0.155 0.075 0.045 0.04 0.04 0.005 0.015 0.08
 0.1 0.165 0.25 0.14 0.09 0.07 0.03 0.035 0.055 0.02 0.005 0.04
 0.1 0.18 0.185 0.17 0.105 0.045 0.03 0.05 0.035 0.02 0.01 0.07
 0.075 0.205 0.19 0.115 0.105 0.08 0.035 0.04 0.04 0.035 0.025 0.055
 0.11 0.22 0.135 0.145 0.09 0.085 0.045 0.04 0.04 0.01 0.025 0.055
 0.105 0.235 0.175 0.135 0.105 0.035 0.03 0.045 0.05 0.015 0.01 0.06
 0.075 0.245 0.215 0.16 0.065 0.075 0.02 0.035 0.01 0.025 0.015 0.06
 0.095 0.19 0.245 0.205 0.08 0.065 0.04 0.01 0.01 0.025 0.01 0.025
 0.1 0.24 0.16 0.15 0.13 0.07 0.06 0.025 0.01 0.005 0.005 0.045
 0.15 0.19 0.23 0.1 0.11 0.08 0.025 0.025 0.04 0.02 0.005 0.025
 0.16 0.305 0.18 0.135 0.075 0.025 0.015 0.02 0.03 0.005 0.01 0.04
 0.115 0.245 0.235 0.15 0.09 0.065 0.035 0.02 0.025 0 0.01 0.01
 0.08 0.17 0.255 0.24 0.07 0.05 0.04 0.015 0.025 0.015 0.015 0.025
 0.145 0.19 0.255 0.185 0.135 0.005 0.035 0.02 0.005 0.015 0 0.01
 0.1 0.33 0.19 0.105 0.135 0.075 0.015 0.015 0.015 0.015 0 0.005
 0.115 0.195 0.255 0.14 0.06 0.07 0.085 0.025 0.035 0 0.01 0.01
 0.145 0.275 0.195 0.145 0.075 0.08 0.045 0.015 0.005 0 0 0.02
 0.195 0.285 0.165 0.12 0.12 0.03 0.015 0.035 0.02 0 0.005 0.01
 0.14 0.265 0.195 0.165 0.08 0.065 0.02 0.025 0.015 0.025 0.005 0
# olc_ind

# obs_lse_ind
 0.198042 0.198042 0.198042 0.198042 0.198042 0.198042 0.198042 0.198042 0.198042 0.198042 0.198042 0.198042 0.198042 0.198042 0.198042 0.198042 0.198042 0.198042 0.198042 0.198042 0.198042 0.198042 0.198042 0.198042 0.198042 0.198042 0.198042 0.198042 0.198042 0.198042
# xages_fsh
 0 0 0 0 0 0 0 0 0 0 0 0
# xages_fsh
 0 0.0909091 0.181818 0.272727 0.363636 0.454545 0.545455 0.636364 0.727273 0.818182 0.909091 1
# xnodes_fsh

Yrs fsh_sel change:  1 0 0 0 0 0 0 0 0 0 0 0 0 0 0 0 0 0 0 0 0 0 0 0 0 0 0 0 0
Yrs ind_sel change:  1 0 0 0 0 0 0 0 0 0 0 0 0 0 0 0 0 0 0 0 0 0 0 0 0 0 0 0 0
# steepnessprior
0.75
# sigmarprior
0.2
#  SSB estimated in styr endyr: -12 28 
#  Rec estimated in styr endyr: -10 30 
#  SR Curve fit  in styr endyr: 1 30 
#             Model styr endyr: 1 30 
# qprior
 3.48998e-007
# q_power_prior 
 1 
# cv_catchbiomass 
0.05 
# CatchbiomassPen 
200 
# Number of projection years 
5 
# offset_fsh
 13490.3
# offset_ind
 13064.6
Mean Catch
1274.38
R_guess 
13.8155
# nfsh
1
# n_sel_ch_fsh
 1
# nselages_fsh
 11
# phase_selcoff_fsh
 -1
logRzero 13.8155
logmeanrec 13.8155
exp(log_sigmarprior 0.2
Fish sel phase: -1 OM1
Fixing fishery sel to
1
Fixing fishery sel to
1
Srvy sel phase: -1
Fixing survey_index1 indices sel to
1
Fixing index sel to
1
# logsel_slp_in_indv
 0.693147
Leaving parameter init secton
# M
 0.2 0.2 0.2 0.2 0.2 0.2 0.2 0.2 0.2 0.2 0.2 0.2
 0.2 0.2 0.2 0.2 0.2 0.2 0.2 0.2 0.2 0.2 0.2 0.2
 0.2 0.2 0.2 0.2 0.2 0.2 0.2 0.2 0.2 0.2 0.2 0.2
 0.2 0.2 0.2 0.2 0.2 0.2 0.2 0.2 0.2 0.2 0.2 0.2
 0.2 0.2 0.2 0.2 0.2 0.2 0.2 0.2 0.2 0.2 0.2 0.2
 0.2 0.2 0.2 0.2 0.2 0.2 0.2 0.2 0.2 0.2 0.2 0.2
 0.2 0.2 0.2 0.2 0.2 0.2 0.2 0.2 0.2 0.2 0.2 0.2
 0.2 0.2 0.2 0.2 0.2 0.2 0.2 0.2 0.2 0.2 0.2 0.2
 0.2 0.2 0.2 0.2 0.2 0.2 0.2 0.2 0.2 0.2 0.2 0.2
 0.2 0.2 0.2 0.2 0.2 0.2 0.2 0.2 0.2 0.2 0.2 0.2
 0.2 0.2 0.2 0.2 0.2 0.2 0.2 0.2 0.2 0.2 0.2 0.2
 0.2 0.2 0.2 0.2 0.2 0.2 0.2 0.2 0.2 0.2 0.2 0.2
 0.2 0.2 0.2 0.2 0.2 0.2 0.2 0.2 0.2 0.2 0.2 0.2
 0.2 0.2 0.2 0.2 0.2 0.2 0.2 0.2 0.2 0.2 0.2 0.2
 0.2 0.2 0.2 0.2 0.2 0.2 0.2 0.2 0.2 0.2 0.2 0.2
 0.2 0.2 0.2 0.2 0.2 0.2 0.2 0.2 0.2 0.2 0.2 0.2
 0.2 0.2 0.2 0.2 0.2 0.2 0.2 0.2 0.2 0.2 0.2 0.2
 0.2 0.2 0.2 0.2 0.2 0.2 0.2 0.2 0.2 0.2 0.2 0.2
 0.2 0.2 0.2 0.2 0.2 0.2 0.2 0.2 0.2 0.2 0.2 0.2
 0.2 0.2 0.2 0.2 0.2 0.2 0.2 0.2 0.2 0.2 0.2 0.2
 0.2 0.2 0.2 0.2 0.2 0.2 0.2 0.2 0.2 0.2 0.2 0.2
 0.2 0.2 0.2 0.2 0.2 0.2 0.2 0.2 0.2 0.2 0.2 0.2
 0.2 0.2 0.2 0.2 0.2 0.2 0.2 0.2 0.2 0.2 0.2 0.2
 0.2 0.2 0.2 0.2 0.2 0.2 0.2 0.2 0.2 0.2 0.2 0.2
 0.2 0.2 0.2 0.2 0.2 0.2 0.2 0.2 0.2 0.2 0.2 0.2
 0.2 0.2 0.2 0.2 0.2 0.2 0.2 0.2 0.2 0.2 0.2 0.2
 0.2 0.2 0.2 0.2 0.2 0.2 0.2 0.2 0.2 0.2 0.2 0.2
 0.2 0.2 0.2 0.2 0.2 0.2 0.2 0.2 0.2 0.2 0.2 0.2
 0.2 0.2 0.2 0.2 0.2 0.2 0.2 0.2 0.2 0.2 0.2 0.2
 0.2 0.2 0.2 0.2 0.2 0.2 0.2 0.2 0.2 0.2 0.2 0.2
# mean_log_rec
13.7487
# log_Rzero
13.7975
# rec_dev
 -0.0858379 0.0680429 0.052058 0.097367 -0.15765 -0.00785603 0.0370506 -0.0715126 0.0806932 0.135163 -0.0450861 0.0339785 0.318875 0.0373391 -0.128009 0.342937 0.266363 0.0909088 0.243905 -0.138549 0.118695 0.126802 -0.185609 -0.0182187 0.0245514 0.00693773 0.110826 0.00380875 -0.293951 -0.0941895 -0.377115 0.0855632 -0.0720863 -0.278237 -0.485964 -0.125663 -0.419964 -0.243958 -0.231342 -0.0766027 -0.347171
# fmort
 0.00911117 0.0272788 0.0454509 0.0609986 0.049074 0.0883864 0.0902208 0.188816 0.110343 0.133733 0.153119 0.165431 0.119756 0.174393 0.186407 0.166733 0.324456 0.267234 0.262 0.261271 0.360393 0.261641 0.423509 0.354336 0.354211 0.32521 0.32127 0.44633 0.335963 0.509855
# rec_dev_future
 0 0 0 0 0
