AMAK;August_2013
# styr
1
# endyr
30
# rec_age
1
# oldest_age
12
# nlength
81
# len_bins
 10 11 12 13 14 15 16 17 18 19 20 21 22 23 24 25 26 27 28 29 30 31 32 33 34 35 36 37 38 39 40 41 42 43 44 45 46 47 48 49 50 51 52 53 54 55 56 57 58 59 60 61 62 63 64 65 66 67 68 69 70 71 72 73 74 75 76 77 78 79 80 81 82 83 84 85 86 87 88 89 90
# datafile_name
amak_data.dat
# model_name
OM_1
# styr
1
# endyr
30
# rec_age
1
# oldest_age
12
# nfsh
1
# fshname
OM1
# catch_bio_in
 161.717 470.892 756.509 988.198 769.159 1325.99 1288.42 2482.99 1326.84 1539.08 1611.69 1615.89 1101.93 1516.76 1503.07 1279.09 2260.5 1610.32 1450.97 1313.46 1637.09 1077.36 1635.26 1211.86 1125.55 975.921 922.335 1206.56 876.157 1276.21
# catch_bio_sd_in
 0.01 0.01 0.01 0.01 0.01 0.01 0.01 0.01 0.01 0.01 0.01 0.01 0.01 0.01 0.01 0.01 0.01 0.01 0.01 0.01 0.01 0.01 0.01 0.01 0.01 0.01 0.01 0.01 0.01 0.01
# nyrs_fsh_age
 30
# nyrs_fsh_length
 0
# yrs_fsh_age_in
 1 2 3 4 5 6 7 8 9 10 11 12 13 14 15 16 17 18 19 20 21 22 23 24 25 26 27 28 29 30
# yrs_fsh_length_in

# n_sample_fsh_length_in

# olc_fsh_in

# nind
1
# indname
survey_index1
# nyrs_ind
 30
# yrs_ind_in
 1 2 3 4 5 6 7 8 9 10 11 12 13 14 15 16 17 18 19 20 21 22 23 24 25 26 27 28 29 30
# mo_ind
 1
# obs_ind_in
 1.31751 1.5741 1.52748 1.40418 1.66492 1.41403 1.55588 1.44505 1.24638 1.31474 1.24647 1.25608 1.23326 1.11044 0.947185 1.05053 0.998538 0.906692 0.832444 0.734367 0.629153 0.726879 0.596228 0.575943 0.636373 0.599742 0.556052 0.603352 0.44269 0.539762
# obs_se_ind_in
 0.263501 0.31482 0.305497 0.280836 0.332983 0.282805 0.311177 0.289011 0.249276 0.262948 0.249295 0.251215 0.246652 0.222088 0.189437 0.210106 0.199708 0.181338 0.166489 0.146873 0.125831 0.145376 0.119246 0.115189 0.127275 0.119948 0.11121 0.12067 0.0885381 0.107952
# nyrs_ind_age
 30
# nyrs_ind_length
 0
# yrs_ind_age_in
 1 2 3 4 5 6 7 8 9 10 11 12 13 14 15 16 17 18 19 20 21 22 23 24 25 26 27 28 29 30
# yrs_ind_length_in

# yrs_ind_age_in
 1 2 3 4 5 6 7 8 9 10 11 12 13 14 15 16 17 18 19 20 21 22 23 24 25 26 27 28 29 30
# n_sample_ind_length_in

# olc_ind_in

# oac_ind_in
 0.07 0.22 0.115 0.13 0.095 0.035 0.075 0.045 0.03 0.04 0.04 0.105
 0.035 0.105 0.12 0.125 0.125 0.06 0.075 0.08 0.06 0.04 0.035 0.14
 0.04 0.16 0.15 0.135 0.08 0.085 0.075 0.045 0.055 0.05 0.01 0.115
 0.07 0.135 0.18 0.13 0.125 0.09 0.035 0.045 0.05 0.02 0.03 0.09
 0.055 0.125 0.135 0.13 0.075 0.08 0.095 0.015 0.055 0.015 0.025 0.195
 0.06 0.24 0.13 0.13 0.055 0.055 0.045 0.035 0.05 0.06 0.02 0.12
 0.07 0.16 0.23 0.105 0.055 0.1 0.075 0.03 0.03 0.01 0.04 0.095
 0.08 0.15 0.145 0.195 0.07 0.055 0.065 0.04 0.035 0.03 0.035 0.1
 0.08 0.14 0.13 0.175 0.135 0.05 0.065 0.045 0.03 0.02 0.035 0.095
 0.065 0.18 0.19 0.125 0.11 0.12 0.035 0.05 0.02 0.015 0.005 0.085
 0.085 0.185 0.155 0.155 0.105 0.06 0.095 0.045 0.02 0.02 0.015 0.06
 0.055 0.195 0.215 0.115 0.135 0.05 0.075 0.05 0.01 0 0.03 0.07
 0.06 0.185 0.17 0.175 0.085 0.08 0.075 0.05 0.04 0.01 0 0.07
 0.125 0.16 0.12 0.175 0.12 0.085 0.06 0.02 0.035 0.015 0.02 0.065
 0.085 0.165 0.16 0.18 0.105 0.1 0.05 0.025 0.03 0.015 0.01 0.075
 0.105 0.19 0.185 0.15 0.1 0.085 0.035 0.05 0.025 0.02 0.005 0.05
 0.09 0.18 0.185 0.165 0.095 0.06 0.075 0.04 0.03 0.03 0.01 0.04
 0.085 0.225 0.265 0.125 0.08 0.08 0.03 0.035 0.015 0.005 0.015 0.04
 0.105 0.21 0.18 0.19 0.085 0.065 0.02 0.02 0.035 0.03 0.02 0.04
 0.06 0.2 0.195 0.22 0.075 0.06 0.095 0.025 0.005 0.02 0.01 0.035
 0.1 0.185 0.23 0.125 0.14 0.055 0.06 0.03 0.025 0.015 0.005 0.03
 0.14 0.245 0.175 0.135 0.07 0.095 0.065 0.02 0.02 0.01 0.01 0.015
 0.145 0.255 0.245 0.11 0.085 0.03 0.05 0.04 0.015 0 0 0.025
 0.08 0.255 0.22 0.175 0.09 0.075 0.03 0.035 0.01 0.005 0.005 0.02
 0.14 0.13 0.245 0.225 0.105 0.045 0.03 0.02 0.005 0.015 0.005 0.035
 0.16 0.29 0.17 0.12 0.12 0.075 0.015 0.015 0.025 0.005 0 0.005
 0.125 0.25 0.17 0.155 0.11 0.075 0.045 0.01 0.005 0.01 0.02 0.025
 0.13 0.215 0.215 0.15 0.08 0.08 0.06 0.03 0.015 0 0 0.025
 0.175 0.3 0.205 0.125 0.085 0.06 0.03 0.01 0 0.005 0 0.005
 0.14 0.28 0.21 0.17 0.06 0.075 0.02 0.005 0.01 0.01 0.015 0.005
# wt_ind
 1 1 1 1 1 1 1 1 1 1 1 1
 1 1 1 1 1 1 1 1 1 1 1 1
 1 1 1 1 1 1 1 1 1 1 1 1
 1 1 1 1 1 1 1 1 1 1 1 1
 1 1 1 1 1 1 1 1 1 1 1 1
 1 1 1 1 1 1 1 1 1 1 1 1
 1 1 1 1 1 1 1 1 1 1 1 1
 1 1 1 1 1 1 1 1 1 1 1 1
 1 1 1 1 1 1 1 1 1 1 1 1
 1 1 1 1 1 1 1 1 1 1 1 1
 1 1 1 1 1 1 1 1 1 1 1 1
 1 1 1 1 1 1 1 1 1 1 1 1
 1 1 1 1 1 1 1 1 1 1 1 1
 1 1 1 1 1 1 1 1 1 1 1 1
 1 1 1 1 1 1 1 1 1 1 1 1
 1 1 1 1 1 1 1 1 1 1 1 1
 1 1 1 1 1 1 1 1 1 1 1 1
 1 1 1 1 1 1 1 1 1 1 1 1
 1 1 1 1 1 1 1 1 1 1 1 1
 1 1 1 1 1 1 1 1 1 1 1 1
 1 1 1 1 1 1 1 1 1 1 1 1
 1 1 1 1 1 1 1 1 1 1 1 1
 1 1 1 1 1 1 1 1 1 1 1 1
 1 1 1 1 1 1 1 1 1 1 1 1
 1 1 1 1 1 1 1 1 1 1 1 1
 1 1 1 1 1 1 1 1 1 1 1 1
 1 1 1 1 1 1 1 1 1 1 1 1
 1 1 1 1 1 1 1 1 1 1 1 1
 1 1 1 1 1 1 1 1 1 1 1 1
 1 1 1 1 1 1 1 1 1 1 1 1
# wt_pop
 0.000530656 0.00119633 0.00205827 0.00303499 0.00405521 0.0050647 0.00602623 0.00691692 0.00772489 0.00844611 0.00908185 0.0096367
# maturity
 0.0229774 0.320821 0.904651 0.99478 0.999739 0.999987 0.999999 1 1 1 1 1
# spawnmo
1
# age_err
 1 0 0 0 0 0 0 0 0 0 0 0
 0 1 0 0 0 0 0 0 0 0 0 0
 0 0 1 0 0 0 0 0 0 0 0 0
 0 0 0 1 0 0 0 0 0 0 0 0
 0 0 0 0 1 0 0 0 0 0 0 0
 0 0 0 0 0 1 0 0 0 0 0 0
 0 0 0 0 0 0 1 0 0 0 0 0
 0 0 0 0 0 0 0 1 0 0 0 0
 0 0 0 0 0 0 0 0 1 0 0 0
 0 0 0 0 0 0 0 0 0 1 0 0
 0 0 0 0 0 0 0 0 0 0 1 0
 0 0 0 0 0 0 0 0 0 0 0 1
# cntrlfile_name
C:\Users\bai.li\Desktop\s1_test\AMAK\s9\amak.dat
# Map shared selectivity: 
# sel_map
 1 2
 1 1
# datafile_name
amak_data.dat
# model_name
OM_1
# SrType
2
# use_age_err
0
# retro
0
# sigmarprior
0.2
# cvsigmarprior
0.25
# phase_sigmar
-3
# styr_rec_est
1
# endyr_rec_est
30
# Linfprior
80
# cvLinfprior
0.25
# kprior
0.18
# cvkprior
0.25
# Loprior
27.688
# cvLoprior
0.25
# sdageprior
0.1
# cvsdageprior
0.25
# natmortprior
0.2
# cvnatmortprior
0.25
# phase_M
-4
# npars_Mage
0
# ages_M_changes

# Mage_in

# phase_Mage
-5
# phase_rw_M
0
# npars_rw_M
0
# yrs_rw_M

# sigma_rw_M

# qprior
 3.48998e-007
# cvqprior
 1
# phase_q
 1
# q_power_prior
 1
# cvq_power_prior
 0.2
# phase_q_power
 -4
# phase_rw_q
 -1
# npars_rw_q
 0
# yrs_rw_q

# sigma_rw_q

# q_age_min
 1
# q_age_max
 12
# q_age_min
 1
# q_age_max
 12
# fsh_sel_opt(k)
2
# phase_sel_fsh(k)
-2
# n_sel_ch_fsh(k)
1
# sel_slp_in_fsh(k)(1,n_sel_ch_fsh(k))
 1
# sel_inf_in_fsh(k)(1,n_sel_ch_fsh(k))
 2
# logsel_slp_in_fsh(k)(1,n_sel_ch_fsh(k))
 0
# yrs_sel_ch_fsh(k)(1,n_sel_ch_fsh(k))
 1

Survey survey_index1
# ind_sel_opt(k)
2
# indname(k)
survey_index1
# nselages_in_ind(k)
11
# phase_sel_ind(k)
-2
# sel_change_in_ind(k)
 1 0 0 0 0 0 0 0 0 0 0 0 0 0 0 0 0 0 0 0 0 0 0 0 0 0 0 0 0 0
# n_sel_ch_ind(k)
1
# yrs_sel_ch_ind(k)(1,n_sel_ch_ind(k))
 1
# sel_slp_in_ind(k,1)
2
# sel_inf_in_ind(k,1)
1.5
# logsel_slp_in_ind(k,1)
0.693147
# logsel_slp_in_indv(k)
0.693147
survey_index1 ind sel opt 2  1 0 0 0 0 0 0 0 0 0 0 0 0 0 0 0 0 0 0 0 0 0 0 0 0 0 0 0 0 0
Phase indices Sel_Coffs:  -1
 Test: 1.23457e+008
# Fshry Selages:  11
# Srvy  Selages:  11
# Phase for age-spec fishery  -1
# Phase for logistic fishery  -2
# Phase for dble logistic fishery  -1
# Phase for age-spec indices   -1
# Phase for logistic indices   -2
# Phase for dble logistic ind  -1
# Curv_pen_fsh: 
 0
# Curv_pen_ind: 
 0
# styr_fut
31
# endyr_fut
35
# nyrs_fsh_age
 30
# nyrs_fsh_age
 30
# yrs_fsh_age
 1 2 3 4 5 6 7 8 9 10 11 12 13 14 15 16 17 18 19 20 21 22 23 24 25 26 27 28 29 30
# n_sample_fsh_age
 200 200 200 200 200 200 200 200 200 200 200 200 200 200 200 200 200 200 200 200 200 200 200 200 200 200 200 200 200 200
# oac_fsh
 0.04 0.07 0.14 0.125 0.075 0.06 0.08 0.07 0.065 0.07 0.015 0.19
 0.085 0.105 0.15 0.135 0.105 0.04 0.045 0.055 0.03 0.045 0.035 0.17
 0.07 0.105 0.135 0.105 0.135 0.095 0.085 0.06 0.04 0.02 0.03 0.12
 0.065 0.13 0.135 0.145 0.1 0.08 0.08 0.05 0.045 0.025 0.01 0.135
 0.11 0.055 0.13 0.175 0.12 0.1 0.075 0.05 0.03 0.025 0.01 0.12
 0.095 0.13 0.125 0.065 0.12 0.085 0.075 0.055 0.065 0.01 0.045 0.13
 0.075 0.14 0.155 0.085 0.1 0.12 0.09 0.03 0.04 0.03 0.03 0.105
 0.115 0.13 0.125 0.16 0.04 0.085 0.06 0.045 0.05 0.03 0.04 0.12
 0.095 0.155 0.13 0.155 0.12 0.03 0.085 0.045 0.035 0.035 0.025 0.09
 0.11 0.145 0.145 0.12 0.11 0.075 0.07 0.04 0.045 0.045 0.005 0.09
 0.095 0.125 0.135 0.18 0.09 0.1 0.085 0.045 0.02 0.045 0.015 0.065
 0.095 0.12 0.15 0.17 0.15 0.06 0.06 0.055 0.025 0.005 0.005 0.105
 0.105 0.15 0.225 0.13 0.065 0.085 0.065 0.03 0.02 0.015 0.025 0.085
 0.105 0.115 0.155 0.165 0.12 0.105 0.06 0.055 0.015 0.02 0.02 0.065
 0.12 0.145 0.165 0.115 0.125 0.11 0.055 0.045 0.04 0.015 0.015 0.05
 0.12 0.12 0.235 0.095 0.09 0.045 0.07 0.06 0.055 0.035 0.02 0.055
 0.14 0.16 0.14 0.195 0.085 0.065 0.055 0.04 0.01 0.035 0.02 0.055
 0.105 0.185 0.205 0.155 0.12 0.045 0.05 0.03 0.025 0.005 0.025 0.05
 0.11 0.1 0.19 0.18 0.13 0.095 0.055 0.02 0.035 0.02 0.025 0.04
 0.105 0.13 0.155 0.24 0.11 0.07 0.04 0.03 0.035 0.025 0.02 0.04
 0.21 0.14 0.125 0.185 0.135 0.09 0.04 0.02 0.02 0.015 0.005 0.015
 0.145 0.24 0.155 0.12 0.09 0.095 0.035 0.045 0.015 0.01 0.015 0.035
 0.135 0.23 0.225 0.095 0.125 0.035 0.045 0.005 0.01 0.02 0.01 0.065
 0.115 0.16 0.31 0.14 0.095 0.045 0.025 0.045 0.025 0.01 0.005 0.025
 0.155 0.16 0.16 0.195 0.175 0.055 0.03 0.025 0.02 0.005 0.015 0.005
 0.14 0.25 0.2 0.15 0.085 0.07 0.01 0.04 0.02 0.01 0.015 0.01
 0.09 0.175 0.26 0.12 0.115 0.125 0.065 0.015 0.015 0 0.01 0.01
 0.195 0.2 0.17 0.185 0.07 0.055 0.035 0.04 0.015 0.02 0.01 0.005
 0.18 0.26 0.185 0.14 0.12 0.025 0.035 0.025 0.025 0.005 0 0
 0.175 0.29 0.18 0.135 0.095 0.08 0.015 0.02 0 0 0 0.01
# olc_fsh

# wt_fsh
 0.000530656 0.00119633 0.00205827 0.00303499 0.00405521 0.0050647 0.00602623 0.00691692 0.00772489 0.00844611 0.00908185 0.0096367
 0.000530656 0.00119633 0.00205827 0.00303499 0.00405521 0.0050647 0.00602623 0.00691692 0.00772489 0.00844611 0.00908185 0.0096367
 0.000530656 0.00119633 0.00205827 0.00303499 0.00405521 0.0050647 0.00602623 0.00691692 0.00772489 0.00844611 0.00908185 0.0096367
 0.000530656 0.00119633 0.00205827 0.00303499 0.00405521 0.0050647 0.00602623 0.00691692 0.00772489 0.00844611 0.00908185 0.0096367
 0.000530656 0.00119633 0.00205827 0.00303499 0.00405521 0.0050647 0.00602623 0.00691692 0.00772489 0.00844611 0.00908185 0.0096367
 0.000530656 0.00119633 0.00205827 0.00303499 0.00405521 0.0050647 0.00602623 0.00691692 0.00772489 0.00844611 0.00908185 0.0096367
 0.000530656 0.00119633 0.00205827 0.00303499 0.00405521 0.0050647 0.00602623 0.00691692 0.00772489 0.00844611 0.00908185 0.0096367
 0.000530656 0.00119633 0.00205827 0.00303499 0.00405521 0.0050647 0.00602623 0.00691692 0.00772489 0.00844611 0.00908185 0.0096367
 0.000530656 0.00119633 0.00205827 0.00303499 0.00405521 0.0050647 0.00602623 0.00691692 0.00772489 0.00844611 0.00908185 0.0096367
 0.000530656 0.00119633 0.00205827 0.00303499 0.00405521 0.0050647 0.00602623 0.00691692 0.00772489 0.00844611 0.00908185 0.0096367
 0.000530656 0.00119633 0.00205827 0.00303499 0.00405521 0.0050647 0.00602623 0.00691692 0.00772489 0.00844611 0.00908185 0.0096367
 0.000530656 0.00119633 0.00205827 0.00303499 0.00405521 0.0050647 0.00602623 0.00691692 0.00772489 0.00844611 0.00908185 0.0096367
 0.000530656 0.00119633 0.00205827 0.00303499 0.00405521 0.0050647 0.00602623 0.00691692 0.00772489 0.00844611 0.00908185 0.0096367
 0.000530656 0.00119633 0.00205827 0.00303499 0.00405521 0.0050647 0.00602623 0.00691692 0.00772489 0.00844611 0.00908185 0.0096367
 0.000530656 0.00119633 0.00205827 0.00303499 0.00405521 0.0050647 0.00602623 0.00691692 0.00772489 0.00844611 0.00908185 0.0096367
 0.000530656 0.00119633 0.00205827 0.00303499 0.00405521 0.0050647 0.00602623 0.00691692 0.00772489 0.00844611 0.00908185 0.0096367
 0.000530656 0.00119633 0.00205827 0.00303499 0.00405521 0.0050647 0.00602623 0.00691692 0.00772489 0.00844611 0.00908185 0.0096367
 0.000530656 0.00119633 0.00205827 0.00303499 0.00405521 0.0050647 0.00602623 0.00691692 0.00772489 0.00844611 0.00908185 0.0096367
 0.000530656 0.00119633 0.00205827 0.00303499 0.00405521 0.0050647 0.00602623 0.00691692 0.00772489 0.00844611 0.00908185 0.0096367
 0.000530656 0.00119633 0.00205827 0.00303499 0.00405521 0.0050647 0.00602623 0.00691692 0.00772489 0.00844611 0.00908185 0.0096367
 0.000530656 0.00119633 0.00205827 0.00303499 0.00405521 0.0050647 0.00602623 0.00691692 0.00772489 0.00844611 0.00908185 0.0096367
 0.000530656 0.00119633 0.00205827 0.00303499 0.00405521 0.0050647 0.00602623 0.00691692 0.00772489 0.00844611 0.00908185 0.0096367
 0.000530656 0.00119633 0.00205827 0.00303499 0.00405521 0.0050647 0.00602623 0.00691692 0.00772489 0.00844611 0.00908185 0.0096367
 0.000530656 0.00119633 0.00205827 0.00303499 0.00405521 0.0050647 0.00602623 0.00691692 0.00772489 0.00844611 0.00908185 0.0096367
 0.000530656 0.00119633 0.00205827 0.00303499 0.00405521 0.0050647 0.00602623 0.00691692 0.00772489 0.00844611 0.00908185 0.0096367
 0.000530656 0.00119633 0.00205827 0.00303499 0.00405521 0.0050647 0.00602623 0.00691692 0.00772489 0.00844611 0.00908185 0.0096367
 0.000530656 0.00119633 0.00205827 0.00303499 0.00405521 0.0050647 0.00602623 0.00691692 0.00772489 0.00844611 0.00908185 0.0096367
 0.000530656 0.00119633 0.00205827 0.00303499 0.00405521 0.0050647 0.00602623 0.00691692 0.00772489 0.00844611 0.00908185 0.0096367
 0.000530656 0.00119633 0.00205827 0.00303499 0.00405521 0.0050647 0.00602623 0.00691692 0.00772489 0.00844611 0.00908185 0.0096367
 0.000530656 0.00119633 0.00205827 0.00303499 0.00405521 0.0050647 0.00602623 0.00691692 0.00772489 0.00844611 0.00908185 0.0096367
# nyrs_ind_age
 30
# yrs_ind_age
 1 2 3 4 5 6 7 8 9 10 11 12 13 14 15 16 17 18 19 20 21 22 23 24 25 26 27 28 29 30
# n_sample_ind_age
 200 200 200 200 200 200 200 200 200 200 200 200 200 200 200 200 200 200 200 200 200 200 200 200 200 200 200 200 200 200
# oac_ind
 0.07 0.22 0.115 0.13 0.095 0.035 0.075 0.045 0.03 0.04 0.04 0.105
 0.035 0.105 0.12 0.125 0.125 0.06 0.075 0.08 0.06 0.04 0.035 0.14
 0.04 0.16 0.15 0.135 0.08 0.085 0.075 0.045 0.055 0.05 0.01 0.115
 0.07 0.135 0.18 0.13 0.125 0.09 0.035 0.045 0.05 0.02 0.03 0.09
 0.055 0.125 0.135 0.13 0.075 0.08 0.095 0.015 0.055 0.015 0.025 0.195
 0.06 0.24 0.13 0.13 0.055 0.055 0.045 0.035 0.05 0.06 0.02 0.12
 0.07 0.16 0.23 0.105 0.055 0.1 0.075 0.03 0.03 0.01 0.04 0.095
 0.08 0.15 0.145 0.195 0.07 0.055 0.065 0.04 0.035 0.03 0.035 0.1
 0.08 0.14 0.13 0.175 0.135 0.05 0.065 0.045 0.03 0.02 0.035 0.095
 0.065 0.18 0.19 0.125 0.11 0.12 0.035 0.05 0.02 0.015 0.005 0.085
 0.085 0.185 0.155 0.155 0.105 0.06 0.095 0.045 0.02 0.02 0.015 0.06
 0.055 0.195 0.215 0.115 0.135 0.05 0.075 0.05 0.01 0 0.03 0.07
 0.06 0.185 0.17 0.175 0.085 0.08 0.075 0.05 0.04 0.01 0 0.07
 0.125 0.16 0.12 0.175 0.12 0.085 0.06 0.02 0.035 0.015 0.02 0.065
 0.085 0.165 0.16 0.18 0.105 0.1 0.05 0.025 0.03 0.015 0.01 0.075
 0.105 0.19 0.185 0.15 0.1 0.085 0.035 0.05 0.025 0.02 0.005 0.05
 0.09 0.18 0.185 0.165 0.095 0.06 0.075 0.04 0.03 0.03 0.01 0.04
 0.085 0.225 0.265 0.125 0.08 0.08 0.03 0.035 0.015 0.005 0.015 0.04
 0.105 0.21 0.18 0.19 0.085 0.065 0.02 0.02 0.035 0.03 0.02 0.04
 0.06 0.2 0.195 0.22 0.075 0.06 0.095 0.025 0.005 0.02 0.01 0.035
 0.1 0.185 0.23 0.125 0.14 0.055 0.06 0.03 0.025 0.015 0.005 0.03
 0.14 0.245 0.175 0.135 0.07 0.095 0.065 0.02 0.02 0.01 0.01 0.015
 0.145 0.255 0.245 0.11 0.085 0.03 0.05 0.04 0.015 0 0 0.025
 0.08 0.255 0.22 0.175 0.09 0.075 0.03 0.035 0.01 0.005 0.005 0.02
 0.14 0.13 0.245 0.225 0.105 0.045 0.03 0.02 0.005 0.015 0.005 0.035
 0.16 0.29 0.17 0.12 0.12 0.075 0.015 0.015 0.025 0.005 0 0.005
 0.125 0.25 0.17 0.155 0.11 0.075 0.045 0.01 0.005 0.01 0.02 0.025
 0.13 0.215 0.215 0.15 0.08 0.08 0.06 0.03 0.015 0 0 0.025
 0.175 0.3 0.205 0.125 0.085 0.06 0.03 0.01 0 0.005 0 0.005
 0.14 0.28 0.21 0.17 0.06 0.075 0.02 0.005 0.01 0.01 0.015 0.005
# olc_ind

# obs_lse_ind
 0.198042 0.198042 0.198042 0.198042 0.198042 0.198042 0.198042 0.198042 0.198042 0.198042 0.198042 0.198042 0.198042 0.198042 0.198042 0.198042 0.198042 0.198042 0.198042 0.198042 0.198042 0.198042 0.198042 0.198042 0.198042 0.198042 0.198042 0.198042 0.198042 0.198042
# xages_fsh
 0 0 0 0 0 0 0 0 0 0 0 0
# xages_fsh
 0 0.0909091 0.181818 0.272727 0.363636 0.454545 0.545455 0.636364 0.727273 0.818182 0.909091 1
# xnodes_fsh

Yrs fsh_sel change:  1 0 0 0 0 0 0 0 0 0 0 0 0 0 0 0 0 0 0 0 0 0 0 0 0 0 0 0 0
Yrs ind_sel change:  1 0 0 0 0 0 0 0 0 0 0 0 0 0 0 0 0 0 0 0 0 0 0 0 0 0 0 0 0
# steepnessprior
0.75
# sigmarprior
0.2
#  SSB estimated in styr endyr: -12 28 
#  Rec estimated in styr endyr: -10 30 
#  SR Curve fit  in styr endyr: 1 30 
#             Model styr endyr: 1 30 
# qprior
 3.48998e-007
# q_power_prior 
 1 
# cv_catchbiomass 
0.05 
# CatchbiomassPen 
200 
# Number of projection years 
5 
# offset_fsh
 13376.3
# offset_ind
 13098.3
Mean Catch
1277.26
R_guess 
13.8155
# nfsh
1
# n_sel_ch_fsh
 1
# nselages_fsh
 11
# phase_selcoff_fsh
 -1
logRzero 13.8155
logmeanrec 13.8155
exp(log_sigmarprior 0.2
Fish sel phase: -1 OM1
Fixing fishery sel to
1
Fixing fishery sel to
1
Srvy sel phase: -1
Fixing survey_index1 indices sel to
1
Fixing index sel to
1
# logsel_slp_in_indv
 0.693147
Leaving parameter init secton
# M
 0.2 0.2 0.2 0.2 0.2 0.2 0.2 0.2 0.2 0.2 0.2 0.2
 0.2 0.2 0.2 0.2 0.2 0.2 0.2 0.2 0.2 0.2 0.2 0.2
 0.2 0.2 0.2 0.2 0.2 0.2 0.2 0.2 0.2 0.2 0.2 0.2
 0.2 0.2 0.2 0.2 0.2 0.2 0.2 0.2 0.2 0.2 0.2 0.2
 0.2 0.2 0.2 0.2 0.2 0.2 0.2 0.2 0.2 0.2 0.2 0.2
 0.2 0.2 0.2 0.2 0.2 0.2 0.2 0.2 0.2 0.2 0.2 0.2
 0.2 0.2 0.2 0.2 0.2 0.2 0.2 0.2 0.2 0.2 0.2 0.2
 0.2 0.2 0.2 0.2 0.2 0.2 0.2 0.2 0.2 0.2 0.2 0.2
 0.2 0.2 0.2 0.2 0.2 0.2 0.2 0.2 0.2 0.2 0.2 0.2
 0.2 0.2 0.2 0.2 0.2 0.2 0.2 0.2 0.2 0.2 0.2 0.2
 0.2 0.2 0.2 0.2 0.2 0.2 0.2 0.2 0.2 0.2 0.2 0.2
 0.2 0.2 0.2 0.2 0.2 0.2 0.2 0.2 0.2 0.2 0.2 0.2
 0.2 0.2 0.2 0.2 0.2 0.2 0.2 0.2 0.2 0.2 0.2 0.2
 0.2 0.2 0.2 0.2 0.2 0.2 0.2 0.2 0.2 0.2 0.2 0.2
 0.2 0.2 0.2 0.2 0.2 0.2 0.2 0.2 0.2 0.2 0.2 0.2
 0.2 0.2 0.2 0.2 0.2 0.2 0.2 0.2 0.2 0.2 0.2 0.2
 0.2 0.2 0.2 0.2 0.2 0.2 0.2 0.2 0.2 0.2 0.2 0.2
 0.2 0.2 0.2 0.2 0.2 0.2 0.2 0.2 0.2 0.2 0.2 0.2
 0.2 0.2 0.2 0.2 0.2 0.2 0.2 0.2 0.2 0.2 0.2 0.2
 0.2 0.2 0.2 0.2 0.2 0.2 0.2 0.2 0.2 0.2 0.2 0.2
 0.2 0.2 0.2 0.2 0.2 0.2 0.2 0.2 0.2 0.2 0.2 0.2
 0.2 0.2 0.2 0.2 0.2 0.2 0.2 0.2 0.2 0.2 0.2 0.2
 0.2 0.2 0.2 0.2 0.2 0.2 0.2 0.2 0.2 0.2 0.2 0.2
 0.2 0.2 0.2 0.2 0.2 0.2 0.2 0.2 0.2 0.2 0.2 0.2
 0.2 0.2 0.2 0.2 0.2 0.2 0.2 0.2 0.2 0.2 0.2 0.2
 0.2 0.2 0.2 0.2 0.2 0.2 0.2 0.2 0.2 0.2 0.2 0.2
 0.2 0.2 0.2 0.2 0.2 0.2 0.2 0.2 0.2 0.2 0.2 0.2
 0.2 0.2 0.2 0.2 0.2 0.2 0.2 0.2 0.2 0.2 0.2 0.2
 0.2 0.2 0.2 0.2 0.2 0.2 0.2 0.2 0.2 0.2 0.2 0.2
 0.2 0.2 0.2 0.2 0.2 0.2 0.2 0.2 0.2 0.2 0.2 0.2
# mean_log_rec
13.7415
# log_Rzero
13.8152
# rec_dev
 -0.017713 -0.0497607 0.124578 -0.0163346 -0.0185762 0.00533653 -0.139172 -0.0504202 0.0589035 0.0846086 0.0705067 0.0676507 0.171981 -0.0150817 -0.139264 0.360118 0.174472 0.0695746 0.239544 0.0709072 0.146775 0.127147 -0.062288 -0.115833 0.104711 -0.0320662 0.0807802 0.144529 -0.233284 -0.211066 -0.36501 0.0365106 0.0216025 -0.213799 -0.491108 -0.177111 -0.354809 -0.375186 -0.205704 -0.105619 -0.21416
# fmort
 0.00937643 0.0276722 0.0456759 0.0622112 0.0504399 0.0910811 0.093546 0.197514 0.115891 0.141899 0.158373 0.169991 0.121582 0.175291 0.186511 0.167768 0.327758 0.265858 0.261082 0.256704 0.359574 0.260007 0.428786 0.354893 0.35483 0.326168 0.31861 0.447221 0.344073 0.528898
# rec_dev_future
 0 0 0 0 0
