AMAK;August_2013
# styr
1
# endyr
30
# rec_age
1
# oldest_age
12
# nlength
81
# len_bins
 10 11 12 13 14 15 16 17 18 19 20 21 22 23 24 25 26 27 28 29 30 31 32 33 34 35 36 37 38 39 40 41 42 43 44 45 46 47 48 49 50 51 52 53 54 55 56 57 58 59 60 61 62 63 64 65 66 67 68 69 70 71 72 73 74 75 76 77 78 79 80 81 82 83 84 85 86 87 88 89 90
# datafile_name
amak_data.dat
# model_name
OM_1
# styr
1
# endyr
30
# rec_age
1
# oldest_age
12
# nfsh
1
# fshname
OM1
# catch_bio_in
 161.332 469.192 759.709 996.053 769.487 1326.27 1278.99 2457.14 1322.11 1533.81 1612.74 1611.36 1115.25 1525.83 1515.22 1285.37 2243.46 1612.69 1455.19 1315.95 1631.08 1075.79 1641.49 1205.05 1117.35 973.029 923.342 1209.37 869.502 1275.69
# catch_bio_sd_in
 0.01 0.01 0.01 0.01 0.01 0.01 0.01 0.01 0.01 0.01 0.01 0.01 0.01 0.01 0.01 0.01 0.01 0.01 0.01 0.01 0.01 0.01 0.01 0.01 0.01 0.01 0.01 0.01 0.01 0.01
# nyrs_fsh_age
 30
# nyrs_fsh_length
 0
# yrs_fsh_age_in
 1 2 3 4 5 6 7 8 9 10 11 12 13 14 15 16 17 18 19 20 21 22 23 24 25 26 27 28 29 30
# yrs_fsh_length_in

# n_sample_fsh_length_in

# olc_fsh_in

# nind
1
# indname
survey_index1
# nyrs_ind
 30
# yrs_ind_in
 1 2 3 4 5 6 7 8 9 10 11 12 13 14 15 16 17 18 19 20 21 22 23 24 25 26 27 28 29 30
# mo_ind
 1
# obs_ind_in
 1.34447 1.38232 1.47134 1.51401 1.46516 1.34227 1.50738 1.50645 1.20643 1.30091 1.11232 1.29324 1.08943 1.0148 0.782896 1.01975 0.96555 0.893676 0.913599 0.687076 0.711696 0.623911 0.693939 0.542947 0.676414 0.600397 0.528239 0.533891 0.497536 0.633098
# obs_se_ind_in
 0.268894 0.276465 0.294268 0.302803 0.293031 0.268454 0.301477 0.30129 0.241286 0.260182 0.222464 0.258648 0.217886 0.202961 0.156579 0.20395 0.19311 0.178735 0.18272 0.137415 0.142339 0.124782 0.138788 0.108589 0.135283 0.120079 0.105648 0.106778 0.0995072 0.12662
# nyrs_ind_age
 30
# nyrs_ind_length
 0
# yrs_ind_age_in
 1 2 3 4 5 6 7 8 9 10 11 12 13 14 15 16 17 18 19 20 21 22 23 24 25 26 27 28 29 30
# yrs_ind_length_in

# yrs_ind_age_in
 1 2 3 4 5 6 7 8 9 10 11 12 13 14 15 16 17 18 19 20 21 22 23 24 25 26 27 28 29 30
# n_sample_ind_length_in

# olc_ind_in

# oac_ind_in
 0.07 0.105 0.13 0.115 0.115 0.11 0.075 0.065 0.055 0.02 0.03 0.11
 0.085 0.14 0.15 0.135 0.105 0.06 0.065 0.035 0.045 0.025 0.02 0.135
 0.035 0.18 0.185 0.08 0.065 0.075 0.07 0.065 0.05 0.04 0.005 0.15
 0.09 0.13 0.135 0.075 0.105 0.095 0.08 0.045 0.065 0.04 0.015 0.125
 0.11 0.14 0.125 0.16 0.105 0.085 0.035 0.045 0.045 0.03 0.03 0.09
 0.05 0.22 0.11 0.145 0.11 0.07 0.055 0.035 0.04 0.04 0.03 0.095
 0.07 0.2 0.205 0.075 0.085 0.095 0.07 0.055 0.04 0.015 0.005 0.085
 0.08 0.12 0.19 0.14 0.08 0.05 0.07 0.04 0.035 0.035 0.03 0.13
 0.055 0.175 0.15 0.145 0.12 0.065 0.055 0.04 0.035 0.04 0.04 0.08
 0.055 0.165 0.18 0.14 0.15 0.075 0.065 0.02 0.03 0.005 0.03 0.085
 0.095 0.17 0.175 0.155 0.1 0.075 0.07 0.035 0.03 0.02 0.005 0.07
 0.065 0.195 0.18 0.16 0.095 0.075 0.045 0.05 0.025 0.025 0.03 0.055
 0.065 0.125 0.255 0.195 0.09 0.085 0.05 0.035 0.035 0.005 0.015 0.045
 0.065 0.165 0.215 0.15 0.11 0.075 0.035 0.025 0.045 0.01 0.005 0.1
 0.1 0.185 0.17 0.095 0.11 0.065 0.055 0.075 0.025 0.015 0.045 0.06
 0.125 0.165 0.145 0.14 0.11 0.105 0.055 0.045 0.02 0.02 0.035 0.035
 0.11 0.215 0.195 0.145 0.07 0.05 0.06 0.045 0.025 0.01 0.035 0.04
 0.1 0.16 0.225 0.15 0.125 0.035 0.055 0.045 0.035 0.025 0 0.045
 0.12 0.14 0.23 0.15 0.135 0.06 0.035 0.025 0.03 0.01 0.01 0.055
 0.07 0.255 0.13 0.205 0.1 0.055 0.03 0.06 0.025 0.015 0.02 0.035
 0.155 0.185 0.225 0.14 0.12 0.045 0.04 0.02 0.015 0.005 0.02 0.03
 0.135 0.215 0.175 0.195 0.035 0.11 0.04 0.025 0 0.015 0.01 0.045
 0.13 0.295 0.245 0.085 0.05 0.055 0.05 0.03 0.02 0.01 0.015 0.015
 0.1 0.22 0.23 0.185 0.085 0.03 0.035 0.045 0.03 0.015 0 0.025
 0.135 0.27 0.215 0.21 0.07 0.045 0.015 0.005 0.015 0 0 0.02
 0.085 0.3 0.195 0.145 0.1 0.075 0.03 0.02 0.025 0.01 0.005 0.01
 0.13 0.24 0.265 0.135 0.1 0.045 0.04 0.02 0.005 0 0.015 0.005
 0.16 0.225 0.195 0.175 0.09 0.03 0.05 0.03 0.005 0.02 0 0.02
 0.13 0.365 0.235 0.09 0.105 0 0.025 0.035 0.005 0 0.005 0.005
 0.11 0.305 0.265 0.145 0.065 0.065 0.005 0.01 0.015 0.005 0.005 0.005
# wt_ind
 1 1 1 1 1 1 1 1 1 1 1 1
 1 1 1 1 1 1 1 1 1 1 1 1
 1 1 1 1 1 1 1 1 1 1 1 1
 1 1 1 1 1 1 1 1 1 1 1 1
 1 1 1 1 1 1 1 1 1 1 1 1
 1 1 1 1 1 1 1 1 1 1 1 1
 1 1 1 1 1 1 1 1 1 1 1 1
 1 1 1 1 1 1 1 1 1 1 1 1
 1 1 1 1 1 1 1 1 1 1 1 1
 1 1 1 1 1 1 1 1 1 1 1 1
 1 1 1 1 1 1 1 1 1 1 1 1
 1 1 1 1 1 1 1 1 1 1 1 1
 1 1 1 1 1 1 1 1 1 1 1 1
 1 1 1 1 1 1 1 1 1 1 1 1
 1 1 1 1 1 1 1 1 1 1 1 1
 1 1 1 1 1 1 1 1 1 1 1 1
 1 1 1 1 1 1 1 1 1 1 1 1
 1 1 1 1 1 1 1 1 1 1 1 1
 1 1 1 1 1 1 1 1 1 1 1 1
 1 1 1 1 1 1 1 1 1 1 1 1
 1 1 1 1 1 1 1 1 1 1 1 1
 1 1 1 1 1 1 1 1 1 1 1 1
 1 1 1 1 1 1 1 1 1 1 1 1
 1 1 1 1 1 1 1 1 1 1 1 1
 1 1 1 1 1 1 1 1 1 1 1 1
 1 1 1 1 1 1 1 1 1 1 1 1
 1 1 1 1 1 1 1 1 1 1 1 1
 1 1 1 1 1 1 1 1 1 1 1 1
 1 1 1 1 1 1 1 1 1 1 1 1
 1 1 1 1 1 1 1 1 1 1 1 1
# wt_pop
 0.000530656 0.00119633 0.00205827 0.00303499 0.00405521 0.0050647 0.00602623 0.00691692 0.00772489 0.00844611 0.00908185 0.0096367
# maturity
 0.0229774 0.320821 0.904651 0.99478 0.999739 0.999987 0.999999 1 1 1 1 1
# spawnmo
1
# age_err
 1 0 0 0 0 0 0 0 0 0 0 0
 0 1 0 0 0 0 0 0 0 0 0 0
 0 0 1 0 0 0 0 0 0 0 0 0
 0 0 0 1 0 0 0 0 0 0 0 0
 0 0 0 0 1 0 0 0 0 0 0 0
 0 0 0 0 0 1 0 0 0 0 0 0
 0 0 0 0 0 0 1 0 0 0 0 0
 0 0 0 0 0 0 0 1 0 0 0 0
 0 0 0 0 0 0 0 0 1 0 0 0
 0 0 0 0 0 0 0 0 0 1 0 0
 0 0 0 0 0 0 0 0 0 0 1 0
 0 0 0 0 0 0 0 0 0 0 0 1
# cntrlfile_name
C:\Users\bai.li\Desktop\s1_test\AMAK\s131\amak.dat
# Map shared selectivity: 
# sel_map
 1 2
 1 1
# datafile_name
amak_data.dat
# model_name
OM_1
# SrType
2
# use_age_err
0
# retro
0
# sigmarprior
0.2
# cvsigmarprior
0.25
# phase_sigmar
-3
# styr_rec_est
1
# endyr_rec_est
30
# Linfprior
80
# cvLinfprior
0.25
# kprior
0.18
# cvkprior
0.25
# Loprior
27.688
# cvLoprior
0.25
# sdageprior
0.1
# cvsdageprior
0.25
# natmortprior
0.2
# cvnatmortprior
0.25
# phase_M
-4
# npars_Mage
0
# ages_M_changes

# Mage_in

# phase_Mage
-5
# phase_rw_M
0
# npars_rw_M
0
# yrs_rw_M

# sigma_rw_M

# qprior
 3.48998e-007
# cvqprior
 1
# phase_q
 1
# q_power_prior
 1
# cvq_power_prior
 0.2
# phase_q_power
 -4
# phase_rw_q
 -1
# npars_rw_q
 0
# yrs_rw_q

# sigma_rw_q

# q_age_min
 1
# q_age_max
 12
# q_age_min
 1
# q_age_max
 12
# fsh_sel_opt(k)
2
# phase_sel_fsh(k)
-2
# n_sel_ch_fsh(k)
1
# sel_slp_in_fsh(k)(1,n_sel_ch_fsh(k))
 1
# sel_inf_in_fsh(k)(1,n_sel_ch_fsh(k))
 2
# logsel_slp_in_fsh(k)(1,n_sel_ch_fsh(k))
 0
# yrs_sel_ch_fsh(k)(1,n_sel_ch_fsh(k))
 1

Survey survey_index1
# ind_sel_opt(k)
2
# indname(k)
survey_index1
# nselages_in_ind(k)
11
# phase_sel_ind(k)
-2
# sel_change_in_ind(k)
 1 0 0 0 0 0 0 0 0 0 0 0 0 0 0 0 0 0 0 0 0 0 0 0 0 0 0 0 0 0
# n_sel_ch_ind(k)
1
# yrs_sel_ch_ind(k)(1,n_sel_ch_ind(k))
 1
# sel_slp_in_ind(k,1)
2
# sel_inf_in_ind(k,1)
1.5
# logsel_slp_in_ind(k,1)
0.693147
# logsel_slp_in_indv(k)
0.693147
survey_index1 ind sel opt 2  1 0 0 0 0 0 0 0 0 0 0 0 0 0 0 0 0 0 0 0 0 0 0 0 0 0 0 0 0 0
Phase indices Sel_Coffs:  -1
 Test: 1.23457e+008
# Fshry Selages:  11
# Srvy  Selages:  11
# Phase for age-spec fishery  -1
# Phase for logistic fishery  -2
# Phase for dble logistic fishery  -1
# Phase for age-spec indices   -1
# Phase for logistic indices   -2
# Phase for dble logistic ind  -1
# Curv_pen_fsh: 
 0
# Curv_pen_ind: 
 0
# styr_fut
31
# endyr_fut
35
# nyrs_fsh_age
 30
# nyrs_fsh_age
 30
# yrs_fsh_age
 1 2 3 4 5 6 7 8 9 10 11 12 13 14 15 16 17 18 19 20 21 22 23 24 25 26 27 28 29 30
# n_sample_fsh_age
 200 200 200 200 200 200 200 200 200 200 200 200 200 200 200 200 200 200 200 200 200 200 200 200 200 200 200 200 200 200
# oac_fsh
 0.07 0.125 0.115 0.115 0.095 0.08 0.05 0.045 0.08 0.03 0.04 0.155
 0.075 0.09 0.1 0.11 0.115 0.115 0.08 0.075 0.03 0.045 0.025 0.14
 0.025 0.12 0.13 0.115 0.11 0.09 0.095 0.075 0.05 0.035 0.05 0.105
 0.045 0.075 0.14 0.11 0.09 0.085 0.085 0.09 0.04 0.05 0.045 0.145
 0.1 0.085 0.135 0.145 0.065 0.06 0.035 0.11 0.04 0.045 0.03 0.15
 0.135 0.185 0.075 0.085 0.11 0.09 0.06 0.035 0.045 0.045 0.035 0.1
 0.08 0.115 0.2 0.045 0.1 0.15 0.035 0.045 0.035 0.03 0.04 0.125
 0.085 0.11 0.165 0.13 0.04 0.11 0.095 0.055 0.03 0.03 0.02 0.13
 0.095 0.13 0.15 0.135 0.075 0.065 0.04 0.06 0.035 0.03 0.015 0.17
 0.075 0.105 0.16 0.15 0.125 0.115 0.035 0.035 0.06 0.02 0.025 0.095
 0.075 0.14 0.125 0.17 0.115 0.09 0.075 0.035 0.035 0.03 0.01 0.1
 0.065 0.145 0.18 0.115 0.115 0.1 0.075 0.06 0.01 0.03 0.02 0.085
 0.08 0.15 0.165 0.14 0.11 0.07 0.045 0.055 0.045 0.04 0.025 0.075
 0.09 0.18 0.16 0.18 0.1 0.07 0.05 0.02 0.04 0.015 0.02 0.075
 0.115 0.195 0.14 0.105 0.11 0.11 0.06 0.05 0.045 0.015 0.02 0.035
 0.09 0.155 0.155 0.14 0.105 0.08 0.08 0.045 0.04 0.02 0.02 0.07
 0.16 0.18 0.145 0.18 0.095 0.055 0.08 0.035 0.03 0.005 0.005 0.03
 0.115 0.245 0.145 0.12 0.1 0.09 0.04 0.04 0.02 0.015 0.025 0.045
 0.15 0.185 0.225 0.075 0.09 0.055 0.065 0.065 0.01 0.03 0.005 0.045
 0.085 0.22 0.15 0.145 0.165 0.085 0.025 0.035 0.02 0.02 0.01 0.04
 0.19 0.135 0.205 0.125 0.12 0.035 0.045 0.065 0.04 0.02 0 0.02
 0.215 0.215 0.115 0.14 0.08 0.07 0.05 0.04 0.025 0.02 0.005 0.025
 0.105 0.195 0.27 0.075 0.125 0.065 0.05 0.06 0.01 0.02 0.005 0.02
 0.125 0.17 0.22 0.185 0.095 0.065 0.03 0.02 0.015 0.005 0.015 0.055
 0.145 0.16 0.17 0.235 0.13 0.035 0.05 0.035 0.02 0.01 0 0.01
 0.125 0.21 0.155 0.18 0.14 0.08 0.025 0.035 0.015 0.01 0.005 0.02
 0.165 0.14 0.265 0.105 0.11 0.095 0.065 0.025 0.015 0.005 0 0.01
 0.165 0.215 0.18 0.175 0.105 0.075 0.05 0.015 0 0.005 0.005 0.01
 0.175 0.245 0.205 0.11 0.12 0.045 0.025 0.025 0.035 0 0.015 0
 0.15 0.2 0.235 0.13 0.09 0.08 0.06 0.005 0.025 0 0.01 0.015
# olc_fsh

# wt_fsh
 0.000530656 0.00119633 0.00205827 0.00303499 0.00405521 0.0050647 0.00602623 0.00691692 0.00772489 0.00844611 0.00908185 0.0096367
 0.000530656 0.00119633 0.00205827 0.00303499 0.00405521 0.0050647 0.00602623 0.00691692 0.00772489 0.00844611 0.00908185 0.0096367
 0.000530656 0.00119633 0.00205827 0.00303499 0.00405521 0.0050647 0.00602623 0.00691692 0.00772489 0.00844611 0.00908185 0.0096367
 0.000530656 0.00119633 0.00205827 0.00303499 0.00405521 0.0050647 0.00602623 0.00691692 0.00772489 0.00844611 0.00908185 0.0096367
 0.000530656 0.00119633 0.00205827 0.00303499 0.00405521 0.0050647 0.00602623 0.00691692 0.00772489 0.00844611 0.00908185 0.0096367
 0.000530656 0.00119633 0.00205827 0.00303499 0.00405521 0.0050647 0.00602623 0.00691692 0.00772489 0.00844611 0.00908185 0.0096367
 0.000530656 0.00119633 0.00205827 0.00303499 0.00405521 0.0050647 0.00602623 0.00691692 0.00772489 0.00844611 0.00908185 0.0096367
 0.000530656 0.00119633 0.00205827 0.00303499 0.00405521 0.0050647 0.00602623 0.00691692 0.00772489 0.00844611 0.00908185 0.0096367
 0.000530656 0.00119633 0.00205827 0.00303499 0.00405521 0.0050647 0.00602623 0.00691692 0.00772489 0.00844611 0.00908185 0.0096367
 0.000530656 0.00119633 0.00205827 0.00303499 0.00405521 0.0050647 0.00602623 0.00691692 0.00772489 0.00844611 0.00908185 0.0096367
 0.000530656 0.00119633 0.00205827 0.00303499 0.00405521 0.0050647 0.00602623 0.00691692 0.00772489 0.00844611 0.00908185 0.0096367
 0.000530656 0.00119633 0.00205827 0.00303499 0.00405521 0.0050647 0.00602623 0.00691692 0.00772489 0.00844611 0.00908185 0.0096367
 0.000530656 0.00119633 0.00205827 0.00303499 0.00405521 0.0050647 0.00602623 0.00691692 0.00772489 0.00844611 0.00908185 0.0096367
 0.000530656 0.00119633 0.00205827 0.00303499 0.00405521 0.0050647 0.00602623 0.00691692 0.00772489 0.00844611 0.00908185 0.0096367
 0.000530656 0.00119633 0.00205827 0.00303499 0.00405521 0.0050647 0.00602623 0.00691692 0.00772489 0.00844611 0.00908185 0.0096367
 0.000530656 0.00119633 0.00205827 0.00303499 0.00405521 0.0050647 0.00602623 0.00691692 0.00772489 0.00844611 0.00908185 0.0096367
 0.000530656 0.00119633 0.00205827 0.00303499 0.00405521 0.0050647 0.00602623 0.00691692 0.00772489 0.00844611 0.00908185 0.0096367
 0.000530656 0.00119633 0.00205827 0.00303499 0.00405521 0.0050647 0.00602623 0.00691692 0.00772489 0.00844611 0.00908185 0.0096367
 0.000530656 0.00119633 0.00205827 0.00303499 0.00405521 0.0050647 0.00602623 0.00691692 0.00772489 0.00844611 0.00908185 0.0096367
 0.000530656 0.00119633 0.00205827 0.00303499 0.00405521 0.0050647 0.00602623 0.00691692 0.00772489 0.00844611 0.00908185 0.0096367
 0.000530656 0.00119633 0.00205827 0.00303499 0.00405521 0.0050647 0.00602623 0.00691692 0.00772489 0.00844611 0.00908185 0.0096367
 0.000530656 0.00119633 0.00205827 0.00303499 0.00405521 0.0050647 0.00602623 0.00691692 0.00772489 0.00844611 0.00908185 0.0096367
 0.000530656 0.00119633 0.00205827 0.00303499 0.00405521 0.0050647 0.00602623 0.00691692 0.00772489 0.00844611 0.00908185 0.0096367
 0.000530656 0.00119633 0.00205827 0.00303499 0.00405521 0.0050647 0.00602623 0.00691692 0.00772489 0.00844611 0.00908185 0.0096367
 0.000530656 0.00119633 0.00205827 0.00303499 0.00405521 0.0050647 0.00602623 0.00691692 0.00772489 0.00844611 0.00908185 0.0096367
 0.000530656 0.00119633 0.00205827 0.00303499 0.00405521 0.0050647 0.00602623 0.00691692 0.00772489 0.00844611 0.00908185 0.0096367
 0.000530656 0.00119633 0.00205827 0.00303499 0.00405521 0.0050647 0.00602623 0.00691692 0.00772489 0.00844611 0.00908185 0.0096367
 0.000530656 0.00119633 0.00205827 0.00303499 0.00405521 0.0050647 0.00602623 0.00691692 0.00772489 0.00844611 0.00908185 0.0096367
 0.000530656 0.00119633 0.00205827 0.00303499 0.00405521 0.0050647 0.00602623 0.00691692 0.00772489 0.00844611 0.00908185 0.0096367
 0.000530656 0.00119633 0.00205827 0.00303499 0.00405521 0.0050647 0.00602623 0.00691692 0.00772489 0.00844611 0.00908185 0.0096367
# nyrs_ind_age
 30
# yrs_ind_age
 1 2 3 4 5 6 7 8 9 10 11 12 13 14 15 16 17 18 19 20 21 22 23 24 25 26 27 28 29 30
# n_sample_ind_age
 200 200 200 200 200 200 200 200 200 200 200 200 200 200 200 200 200 200 200 200 200 200 200 200 200 200 200 200 200 200
# oac_ind
 0.07 0.105 0.13 0.115 0.115 0.11 0.075 0.065 0.055 0.02 0.03 0.11
 0.085 0.14 0.15 0.135 0.105 0.06 0.065 0.035 0.045 0.025 0.02 0.135
 0.035 0.18 0.185 0.08 0.065 0.075 0.07 0.065 0.05 0.04 0.005 0.15
 0.09 0.13 0.135 0.075 0.105 0.095 0.08 0.045 0.065 0.04 0.015 0.125
 0.11 0.14 0.125 0.16 0.105 0.085 0.035 0.045 0.045 0.03 0.03 0.09
 0.05 0.22 0.11 0.145 0.11 0.07 0.055 0.035 0.04 0.04 0.03 0.095
 0.07 0.2 0.205 0.075 0.085 0.095 0.07 0.055 0.04 0.015 0.005 0.085
 0.08 0.12 0.19 0.14 0.08 0.05 0.07 0.04 0.035 0.035 0.03 0.13
 0.055 0.175 0.15 0.145 0.12 0.065 0.055 0.04 0.035 0.04 0.04 0.08
 0.055 0.165 0.18 0.14 0.15 0.075 0.065 0.02 0.03 0.005 0.03 0.085
 0.095 0.17 0.175 0.155 0.1 0.075 0.07 0.035 0.03 0.02 0.005 0.07
 0.065 0.195 0.18 0.16 0.095 0.075 0.045 0.05 0.025 0.025 0.03 0.055
 0.065 0.125 0.255 0.195 0.09 0.085 0.05 0.035 0.035 0.005 0.015 0.045
 0.065 0.165 0.215 0.15 0.11 0.075 0.035 0.025 0.045 0.01 0.005 0.1
 0.1 0.185 0.17 0.095 0.11 0.065 0.055 0.075 0.025 0.015 0.045 0.06
 0.125 0.165 0.145 0.14 0.11 0.105 0.055 0.045 0.02 0.02 0.035 0.035
 0.11 0.215 0.195 0.145 0.07 0.05 0.06 0.045 0.025 0.01 0.035 0.04
 0.1 0.16 0.225 0.15 0.125 0.035 0.055 0.045 0.035 0.025 0 0.045
 0.12 0.14 0.23 0.15 0.135 0.06 0.035 0.025 0.03 0.01 0.01 0.055
 0.07 0.255 0.13 0.205 0.1 0.055 0.03 0.06 0.025 0.015 0.02 0.035
 0.155 0.185 0.225 0.14 0.12 0.045 0.04 0.02 0.015 0.005 0.02 0.03
 0.135 0.215 0.175 0.195 0.035 0.11 0.04 0.025 0 0.015 0.01 0.045
 0.13 0.295 0.245 0.085 0.05 0.055 0.05 0.03 0.02 0.01 0.015 0.015
 0.1 0.22 0.23 0.185 0.085 0.03 0.035 0.045 0.03 0.015 0 0.025
 0.135 0.27 0.215 0.21 0.07 0.045 0.015 0.005 0.015 0 0 0.02
 0.085 0.3 0.195 0.145 0.1 0.075 0.03 0.02 0.025 0.01 0.005 0.01
 0.13 0.24 0.265 0.135 0.1 0.045 0.04 0.02 0.005 0 0.015 0.005
 0.16 0.225 0.195 0.175 0.09 0.03 0.05 0.03 0.005 0.02 0 0.02
 0.13 0.365 0.235 0.09 0.105 0 0.025 0.035 0.005 0 0.005 0.005
 0.11 0.305 0.265 0.145 0.065 0.065 0.005 0.01 0.015 0.005 0.005 0.005
# olc_ind

# obs_lse_ind
 0.198042 0.198042 0.198042 0.198042 0.198042 0.198042 0.198042 0.198042 0.198042 0.198042 0.198042 0.198042 0.198042 0.198042 0.198042 0.198042 0.198042 0.198042 0.198042 0.198042 0.198042 0.198042 0.198042 0.198042 0.198042 0.198042 0.198042 0.198042 0.198042 0.198042
# xages_fsh
 0 0 0 0 0 0 0 0 0 0 0 0
# xages_fsh
 0 0.0909091 0.181818 0.272727 0.363636 0.454545 0.545455 0.636364 0.727273 0.818182 0.909091 1
# xnodes_fsh

Yrs fsh_sel change:  1 0 0 0 0 0 0 0 0 0 0 0 0 0 0 0 0 0 0 0 0 0 0 0 0 0 0 0 0
Yrs ind_sel change:  1 0 0 0 0 0 0 0 0 0 0 0 0 0 0 0 0 0 0 0 0 0 0 0 0 0 0 0 0
# steepnessprior
0.75
# sigmarprior
0.2
#  SSB estimated in styr endyr: -12 28 
#  Rec estimated in styr endyr: -10 30 
#  SR Curve fit  in styr endyr: 1 30 
#             Model styr endyr: 1 30 
# qprior
 3.48998e-007
# q_power_prior 
 1 
# cv_catchbiomass 
0.05 
# CatchbiomassPen 
200 
# Number of projection years 
5 
# offset_fsh
 13456.7
# offset_ind
 13067.5
Mean Catch
1276.29
R_guess 
13.8155
# nfsh
1
# n_sel_ch_fsh
 1
# nselages_fsh
 11
# phase_selcoff_fsh
 -1
logRzero 13.8155
logmeanrec 13.8155
exp(log_sigmarprior 0.2
Fish sel phase: -1 OM1
Fixing fishery sel to
1
Fixing fishery sel to
1
Srvy sel phase: -1
Fixing survey_index1 indices sel to
1
Fixing index sel to
1
# logsel_slp_in_indv
 0.693147
Leaving parameter init secton
# M
 0.2 0.2 0.2 0.2 0.2 0.2 0.2 0.2 0.2 0.2 0.2 0.2
 0.2 0.2 0.2 0.2 0.2 0.2 0.2 0.2 0.2 0.2 0.2 0.2
 0.2 0.2 0.2 0.2 0.2 0.2 0.2 0.2 0.2 0.2 0.2 0.2
 0.2 0.2 0.2 0.2 0.2 0.2 0.2 0.2 0.2 0.2 0.2 0.2
 0.2 0.2 0.2 0.2 0.2 0.2 0.2 0.2 0.2 0.2 0.2 0.2
 0.2 0.2 0.2 0.2 0.2 0.2 0.2 0.2 0.2 0.2 0.2 0.2
 0.2 0.2 0.2 0.2 0.2 0.2 0.2 0.2 0.2 0.2 0.2 0.2
 0.2 0.2 0.2 0.2 0.2 0.2 0.2 0.2 0.2 0.2 0.2 0.2
 0.2 0.2 0.2 0.2 0.2 0.2 0.2 0.2 0.2 0.2 0.2 0.2
 0.2 0.2 0.2 0.2 0.2 0.2 0.2 0.2 0.2 0.2 0.2 0.2
 0.2 0.2 0.2 0.2 0.2 0.2 0.2 0.2 0.2 0.2 0.2 0.2
 0.2 0.2 0.2 0.2 0.2 0.2 0.2 0.2 0.2 0.2 0.2 0.2
 0.2 0.2 0.2 0.2 0.2 0.2 0.2 0.2 0.2 0.2 0.2 0.2
 0.2 0.2 0.2 0.2 0.2 0.2 0.2 0.2 0.2 0.2 0.2 0.2
 0.2 0.2 0.2 0.2 0.2 0.2 0.2 0.2 0.2 0.2 0.2 0.2
 0.2 0.2 0.2 0.2 0.2 0.2 0.2 0.2 0.2 0.2 0.2 0.2
 0.2 0.2 0.2 0.2 0.2 0.2 0.2 0.2 0.2 0.2 0.2 0.2
 0.2 0.2 0.2 0.2 0.2 0.2 0.2 0.2 0.2 0.2 0.2 0.2
 0.2 0.2 0.2 0.2 0.2 0.2 0.2 0.2 0.2 0.2 0.2 0.2
 0.2 0.2 0.2 0.2 0.2 0.2 0.2 0.2 0.2 0.2 0.2 0.2
 0.2 0.2 0.2 0.2 0.2 0.2 0.2 0.2 0.2 0.2 0.2 0.2
 0.2 0.2 0.2 0.2 0.2 0.2 0.2 0.2 0.2 0.2 0.2 0.2
 0.2 0.2 0.2 0.2 0.2 0.2 0.2 0.2 0.2 0.2 0.2 0.2
 0.2 0.2 0.2 0.2 0.2 0.2 0.2 0.2 0.2 0.2 0.2 0.2
 0.2 0.2 0.2 0.2 0.2 0.2 0.2 0.2 0.2 0.2 0.2 0.2
 0.2 0.2 0.2 0.2 0.2 0.2 0.2 0.2 0.2 0.2 0.2 0.2
 0.2 0.2 0.2 0.2 0.2 0.2 0.2 0.2 0.2 0.2 0.2 0.2
 0.2 0.2 0.2 0.2 0.2 0.2 0.2 0.2 0.2 0.2 0.2 0.2
 0.2 0.2 0.2 0.2 0.2 0.2 0.2 0.2 0.2 0.2 0.2 0.2
 0.2 0.2 0.2 0.2 0.2 0.2 0.2 0.2 0.2 0.2 0.2 0.2
# mean_log_rec
13.7618
# log_Rzero
13.8123
# rec_dev
 -0.0617012 0.0146566 -0.178503 0.0850422 -0.0410895 0.0304715 0.138825 0.117039 0.0943556 -0.0443799 -0.0105292 -0.00694093 0.247384 -0.0478099 -0.200222 0.326316 0.25425 0.0761569 0.133167 0.00927469 0.098473 0.140245 -0.0984431 -0.0485874 -0.0347658 -0.0436393 -0.0202627 0.110346 -0.285976 -0.0493274 -0.439537 0.0303677 0.0432466 -0.261143 -0.386559 -0.116163 -0.454308 -0.244846 -0.0297329 -0.143899 -0.272646
# fmort
 0.00900933 0.0265989 0.0443659 0.0607355 0.0489765 0.0885754 0.0902789 0.189514 0.11182 0.137487 0.154874 0.16638 0.121054 0.173899 0.185898 0.167779 0.32609 0.269467 0.266658 0.261657 0.361646 0.259737 0.427741 0.347522 0.341276 0.309361 0.297958 0.407189 0.298599 0.444169
# rec_dev_future
 0 0 0 0 0
