AMAK;August_2013
# styr
1
# endyr
30
# rec_age
1
# oldest_age
12
# nlength
81
# len_bins
 10 11 12 13 14 15 16 17 18 19 20 21 22 23 24 25 26 27 28 29 30 31 32 33 34 35 36 37 38 39 40 41 42 43 44 45 46 47 48 49 50 51 52 53 54 55 56 57 58 59 60 61 62 63 64 65 66 67 68 69 70 71 72 73 74 75 76 77 78 79 80 81 82 83 84 85 86 87 88 89 90
# datafile_name
amak_data.dat
# model_name
OM_1
# styr
1
# endyr
30
# rec_age
1
# oldest_age
12
# nfsh
1
# fshname
OM1
# catch_bio_in
 160.934 467.278 771.055 990.541 766.749 1341.01 1273.1 2478.39 1319.99 1524.25 1614.05 1616.75 1113.99 1525.2 1514.89 1281.56 2228.02 1611.6 1458.44 1320.77 1627.87 1085.8 1634.95 1198.24 1118.83 977.526 923.69 1208.55 866 1280.77
# catch_bio_sd_in
 0.01 0.01 0.01 0.01 0.01 0.01 0.01 0.01 0.01 0.01 0.01 0.01 0.01 0.01 0.01 0.01 0.01 0.01 0.01 0.01 0.01 0.01 0.01 0.01 0.01 0.01 0.01 0.01 0.01 0.01
# nyrs_fsh_age
 30
# nyrs_fsh_length
 0
# yrs_fsh_age_in
 1 2 3 4 5 6 7 8 9 10 11 12 13 14 15 16 17 18 19 20 21 22 23 24 25 26 27 28 29 30
# yrs_fsh_length_in

# n_sample_fsh_length_in

# olc_fsh_in

# nind
1
# indname
survey_index1
# nyrs_ind
 30
# yrs_ind_in
 1 2 3 4 5 6 7 8 9 10 11 12 13 14 15 16 17 18 19 20 21 22 23 24 25 26 27 28 29 30
# mo_ind
 1
# obs_ind_in
 1.59637 1.5101 1.63285 1.34394 1.35485 1.55116 1.4657 1.34345 1.50198 1.14833 1.18134 1.00862 0.866449 0.883553 1.06666 1.08639 1.19927 0.989802 0.794577 0.622406 0.658906 0.607837 0.578186 0.642035 0.629077 0.610982 0.465603 0.437721 0.511498 0.559515
# obs_se_ind_in
 0.319273 0.30202 0.326571 0.268788 0.270971 0.310232 0.293139 0.26869 0.300395 0.229666 0.236269 0.201724 0.17329 0.176711 0.213332 0.217278 0.239855 0.19796 0.158915 0.124481 0.131781 0.121567 0.115637 0.128407 0.125815 0.122196 0.0931207 0.0875442 0.1023 0.111903
# nyrs_ind_age
 30
# nyrs_ind_length
 0
# yrs_ind_age_in
 1 2 3 4 5 6 7 8 9 10 11 12 13 14 15 16 17 18 19 20 21 22 23 24 25 26 27 28 29 30
# yrs_ind_length_in

# yrs_ind_age_in
 1 2 3 4 5 6 7 8 9 10 11 12 13 14 15 16 17 18 19 20 21 22 23 24 25 26 27 28 29 30
# n_sample_ind_length_in

# olc_ind_in

# oac_ind_in
 0.09 0.15 0.12 0.115 0.07 0.09 0.05 0.08 0.05 0.015 0.035 0.135
 0.06 0.13 0.155 0.115 0.11 0.085 0.07 0.04 0.02 0.035 0.05 0.13
 0.04 0.175 0.16 0.135 0.075 0.08 0.045 0.07 0.035 0.04 0.025 0.12
 0.055 0.125 0.195 0.145 0.085 0.065 0.045 0.065 0.06 0.03 0.03 0.1
 0.105 0.105 0.16 0.135 0.1 0.07 0.07 0.04 0.04 0.025 0.035 0.115
 0.095 0.23 0.085 0.095 0.09 0.08 0.045 0.05 0.07 0.045 0.01 0.105
 0.06 0.18 0.17 0.08 0.09 0.075 0.04 0.025 0.06 0.04 0.04 0.14
 0.065 0.13 0.19 0.19 0.07 0.035 0.065 0.045 0.06 0.045 0.02 0.085
 0.09 0.195 0.13 0.15 0.13 0.07 0.03 0.055 0.015 0.03 0.025 0.08
 0.11 0.17 0.19 0.085 0.16 0.085 0.055 0.045 0.015 0.025 0.01 0.05
 0.1 0.215 0.18 0.13 0.09 0.105 0.05 0.025 0.02 0.025 0.01 0.05
 0.075 0.19 0.19 0.13 0.13 0.05 0.04 0.025 0.05 0.02 0.015 0.085
 0.06 0.145 0.25 0.155 0.085 0.08 0.025 0.05 0.025 0.025 0.015 0.085
 0.085 0.15 0.21 0.14 0.155 0.055 0.05 0.035 0.02 0.03 0.005 0.065
 0.125 0.165 0.17 0.19 0.085 0.09 0.065 0.025 0.035 0.015 0.01 0.025
 0.105 0.145 0.195 0.17 0.075 0.145 0.065 0.015 0.015 0.03 0.005 0.035
 0.095 0.25 0.16 0.155 0.07 0.08 0.06 0.035 0 0.015 0.03 0.05
 0.085 0.21 0.26 0.13 0.06 0.04 0.055 0.035 0.015 0.03 0.025 0.055
 0.11 0.16 0.23 0.16 0.1 0.07 0.06 0.02 0.015 0.01 0.01 0.055
 0.1 0.19 0.21 0.155 0.065 0.09 0.03 0.04 0.045 0.01 0 0.065
 0.155 0.17 0.225 0.125 0.085 0.085 0.04 0.03 0.03 0.01 0.015 0.03
 0.165 0.31 0.15 0.12 0.07 0.075 0.035 0.04 0.01 0.01 0 0.015
 0.075 0.305 0.32 0.085 0.05 0.055 0.07 0.015 0 0.005 0.005 0.015
 0.065 0.245 0.215 0.19 0.11 0.07 0.035 0.02 0.03 0 0.01 0.01
 0.15 0.16 0.26 0.21 0.105 0.055 0.02 0.015 0.01 0.015 0 0
 0.12 0.295 0.14 0.165 0.13 0.035 0.035 0.025 0.015 0.025 0.01 0.005
 0.135 0.245 0.24 0.155 0.095 0.06 0.035 0.015 0.01 0 0.01 0
 0.16 0.215 0.195 0.17 0.08 0.06 0.04 0.03 0.015 0.005 0.005 0.025
 0.17 0.285 0.195 0.095 0.16 0.04 0.02 0.015 0.005 0 0.005 0.01
 0.105 0.32 0.26 0.135 0.07 0.075 0.015 0.01 0.005 0 0.005 0
# wt_ind
 1 1 1 1 1 1 1 1 1 1 1 1
 1 1 1 1 1 1 1 1 1 1 1 1
 1 1 1 1 1 1 1 1 1 1 1 1
 1 1 1 1 1 1 1 1 1 1 1 1
 1 1 1 1 1 1 1 1 1 1 1 1
 1 1 1 1 1 1 1 1 1 1 1 1
 1 1 1 1 1 1 1 1 1 1 1 1
 1 1 1 1 1 1 1 1 1 1 1 1
 1 1 1 1 1 1 1 1 1 1 1 1
 1 1 1 1 1 1 1 1 1 1 1 1
 1 1 1 1 1 1 1 1 1 1 1 1
 1 1 1 1 1 1 1 1 1 1 1 1
 1 1 1 1 1 1 1 1 1 1 1 1
 1 1 1 1 1 1 1 1 1 1 1 1
 1 1 1 1 1 1 1 1 1 1 1 1
 1 1 1 1 1 1 1 1 1 1 1 1
 1 1 1 1 1 1 1 1 1 1 1 1
 1 1 1 1 1 1 1 1 1 1 1 1
 1 1 1 1 1 1 1 1 1 1 1 1
 1 1 1 1 1 1 1 1 1 1 1 1
 1 1 1 1 1 1 1 1 1 1 1 1
 1 1 1 1 1 1 1 1 1 1 1 1
 1 1 1 1 1 1 1 1 1 1 1 1
 1 1 1 1 1 1 1 1 1 1 1 1
 1 1 1 1 1 1 1 1 1 1 1 1
 1 1 1 1 1 1 1 1 1 1 1 1
 1 1 1 1 1 1 1 1 1 1 1 1
 1 1 1 1 1 1 1 1 1 1 1 1
 1 1 1 1 1 1 1 1 1 1 1 1
 1 1 1 1 1 1 1 1 1 1 1 1
# wt_pop
 0.000530656 0.00119633 0.00205827 0.00303499 0.00405521 0.0050647 0.00602623 0.00691692 0.00772489 0.00844611 0.00908185 0.0096367
# maturity
 0.0229774 0.320821 0.904651 0.99478 0.999739 0.999987 0.999999 1 1 1 1 1
# spawnmo
1
# age_err
 1 0 0 0 0 0 0 0 0 0 0 0
 0 1 0 0 0 0 0 0 0 0 0 0
 0 0 1 0 0 0 0 0 0 0 0 0
 0 0 0 1 0 0 0 0 0 0 0 0
 0 0 0 0 1 0 0 0 0 0 0 0
 0 0 0 0 0 1 0 0 0 0 0 0
 0 0 0 0 0 0 1 0 0 0 0 0
 0 0 0 0 0 0 0 1 0 0 0 0
 0 0 0 0 0 0 0 0 1 0 0 0
 0 0 0 0 0 0 0 0 0 1 0 0
 0 0 0 0 0 0 0 0 0 0 1 0
 0 0 0 0 0 0 0 0 0 0 0 1
# cntrlfile_name
C:\Users\bai.li\Desktop\s1_test\AMAK\s109\amak.dat
# Map shared selectivity: 
# sel_map
 1 2
 1 1
# datafile_name
amak_data.dat
# model_name
OM_1
# SrType
2
# use_age_err
0
# retro
0
# sigmarprior
0.2
# cvsigmarprior
0.25
# phase_sigmar
-3
# styr_rec_est
1
# endyr_rec_est
30
# Linfprior
80
# cvLinfprior
0.25
# kprior
0.18
# cvkprior
0.25
# Loprior
27.688
# cvLoprior
0.25
# sdageprior
0.1
# cvsdageprior
0.25
# natmortprior
0.2
# cvnatmortprior
0.25
# phase_M
-4
# npars_Mage
0
# ages_M_changes

# Mage_in

# phase_Mage
-5
# phase_rw_M
0
# npars_rw_M
0
# yrs_rw_M

# sigma_rw_M

# qprior
 3.48998e-007
# cvqprior
 1
# phase_q
 1
# q_power_prior
 1
# cvq_power_prior
 0.2
# phase_q_power
 -4
# phase_rw_q
 -1
# npars_rw_q
 0
# yrs_rw_q

# sigma_rw_q

# q_age_min
 1
# q_age_max
 12
# q_age_min
 1
# q_age_max
 12
# fsh_sel_opt(k)
2
# phase_sel_fsh(k)
-2
# n_sel_ch_fsh(k)
1
# sel_slp_in_fsh(k)(1,n_sel_ch_fsh(k))
 1
# sel_inf_in_fsh(k)(1,n_sel_ch_fsh(k))
 2
# logsel_slp_in_fsh(k)(1,n_sel_ch_fsh(k))
 0
# yrs_sel_ch_fsh(k)(1,n_sel_ch_fsh(k))
 1

Survey survey_index1
# ind_sel_opt(k)
2
# indname(k)
survey_index1
# nselages_in_ind(k)
11
# phase_sel_ind(k)
-2
# sel_change_in_ind(k)
 1 0 0 0 0 0 0 0 0 0 0 0 0 0 0 0 0 0 0 0 0 0 0 0 0 0 0 0 0 0
# n_sel_ch_ind(k)
1
# yrs_sel_ch_ind(k)(1,n_sel_ch_ind(k))
 1
# sel_slp_in_ind(k,1)
2
# sel_inf_in_ind(k,1)
1.5
# logsel_slp_in_ind(k,1)
0.693147
# logsel_slp_in_indv(k)
0.693147
survey_index1 ind sel opt 2  1 0 0 0 0 0 0 0 0 0 0 0 0 0 0 0 0 0 0 0 0 0 0 0 0 0 0 0 0 0
Phase indices Sel_Coffs:  -1
 Test: 1.23457e+008
# Fshry Selages:  11
# Srvy  Selages:  11
# Phase for age-spec fishery  -1
# Phase for logistic fishery  -2
# Phase for dble logistic fishery  -1
# Phase for age-spec indices   -1
# Phase for logistic indices   -2
# Phase for dble logistic ind  -1
# Curv_pen_fsh: 
 0
# Curv_pen_ind: 
 0
# styr_fut
31
# endyr_fut
35
# nyrs_fsh_age
 30
# nyrs_fsh_age
 30
# yrs_fsh_age
 1 2 3 4 5 6 7 8 9 10 11 12 13 14 15 16 17 18 19 20 21 22 23 24 25 26 27 28 29 30
# n_sample_fsh_age
 200 200 200 200 200 200 200 200 200 200 200 200 200 200 200 200 200 200 200 200 200 200 200 200 200 200 200 200 200 200
# oac_fsh
 0.085 0.085 0.13 0.13 0.13 0.09 0.085 0.05 0.065 0.015 0.025 0.11
 0.09 0.085 0.115 0.13 0.125 0.085 0.05 0.055 0.06 0.04 0.035 0.13
 0.055 0.105 0.155 0.1 0.11 0.07 0.085 0.09 0.025 0.05 0.04 0.115
 0.055 0.14 0.165 0.125 0.05 0.1 0.07 0.05 0.035 0.02 0.045 0.145
 0.1 0.115 0.135 0.16 0.065 0.065 0.07 0.045 0.04 0.015 0.035 0.155
 0.09 0.15 0.11 0.15 0.085 0.045 0.075 0.065 0.04 0.03 0.04 0.12
 0.07 0.11 0.16 0.095 0.085 0.115 0.1 0.04 0.035 0.035 0.03 0.125
 0.105 0.11 0.18 0.165 0.045 0.08 0.075 0.05 0.035 0.04 0.01 0.105
 0.095 0.115 0.13 0.17 0.115 0.11 0.08 0.055 0.02 0.01 0.02 0.08
 0.13 0.095 0.16 0.13 0.105 0.125 0.025 0.035 0.065 0.02 0.03 0.08
 0.125 0.12 0.185 0.13 0.08 0.105 0.075 0.03 0.045 0.03 0.01 0.065
 0.075 0.16 0.19 0.13 0.11 0.085 0.095 0.03 0.015 0.02 0.02 0.07
 0.115 0.14 0.135 0.13 0.135 0.075 0.06 0.045 0.035 0.02 0.015 0.095
 0.1 0.12 0.135 0.17 0.14 0.09 0.085 0.02 0.035 0.015 0.015 0.075
 0.05 0.11 0.165 0.165 0.12 0.13 0.055 0.075 0.005 0.03 0.035 0.06
 0.105 0.13 0.165 0.125 0.145 0.075 0.06 0.045 0.04 0.025 0.04 0.045
 0.135 0.16 0.145 0.185 0.08 0.07 0.075 0.035 0.03 0.01 0.015 0.06
 0.055 0.21 0.185 0.125 0.15 0.065 0.05 0.04 0.025 0.005 0.03 0.06
 0.095 0.13 0.195 0.19 0.1 0.09 0.07 0.035 0.035 0.015 0.01 0.035
 0.105 0.175 0.13 0.165 0.16 0.085 0.04 0.05 0.025 0.015 0.025 0.025
 0.15 0.08 0.21 0.15 0.14 0.075 0.045 0.05 0.035 0.025 0.02 0.02
 0.15 0.235 0.15 0.14 0.045 0.08 0.09 0.025 0.03 0.015 0.01 0.03
 0.115 0.205 0.26 0.1 0.085 0.075 0.065 0.035 0.01 0.01 0.015 0.025
 0.115 0.17 0.235 0.185 0.11 0.06 0.03 0.035 0.015 0.01 0 0.035
 0.21 0.175 0.14 0.205 0.11 0.045 0.07 0.02 0.005 0.005 0.005 0.01
 0.11 0.275 0.175 0.135 0.135 0.09 0.025 0.025 0 0.005 0.005 0.02
 0.17 0.18 0.27 0.13 0.09 0.06 0.055 0.02 0.005 0.005 0 0.015
 0.205 0.215 0.17 0.175 0.045 0.05 0.055 0.035 0.025 0.005 0 0.02
 0.18 0.245 0.205 0.145 0.095 0.01 0.06 0.025 0.02 0.005 0.01 0
 0.14 0.215 0.265 0.14 0.055 0.07 0.055 0.015 0.015 0.015 0.01 0.005
# olc_fsh

# wt_fsh
 0.000530656 0.00119633 0.00205827 0.00303499 0.00405521 0.0050647 0.00602623 0.00691692 0.00772489 0.00844611 0.00908185 0.0096367
 0.000530656 0.00119633 0.00205827 0.00303499 0.00405521 0.0050647 0.00602623 0.00691692 0.00772489 0.00844611 0.00908185 0.0096367
 0.000530656 0.00119633 0.00205827 0.00303499 0.00405521 0.0050647 0.00602623 0.00691692 0.00772489 0.00844611 0.00908185 0.0096367
 0.000530656 0.00119633 0.00205827 0.00303499 0.00405521 0.0050647 0.00602623 0.00691692 0.00772489 0.00844611 0.00908185 0.0096367
 0.000530656 0.00119633 0.00205827 0.00303499 0.00405521 0.0050647 0.00602623 0.00691692 0.00772489 0.00844611 0.00908185 0.0096367
 0.000530656 0.00119633 0.00205827 0.00303499 0.00405521 0.0050647 0.00602623 0.00691692 0.00772489 0.00844611 0.00908185 0.0096367
 0.000530656 0.00119633 0.00205827 0.00303499 0.00405521 0.0050647 0.00602623 0.00691692 0.00772489 0.00844611 0.00908185 0.0096367
 0.000530656 0.00119633 0.00205827 0.00303499 0.00405521 0.0050647 0.00602623 0.00691692 0.00772489 0.00844611 0.00908185 0.0096367
 0.000530656 0.00119633 0.00205827 0.00303499 0.00405521 0.0050647 0.00602623 0.00691692 0.00772489 0.00844611 0.00908185 0.0096367
 0.000530656 0.00119633 0.00205827 0.00303499 0.00405521 0.0050647 0.00602623 0.00691692 0.00772489 0.00844611 0.00908185 0.0096367
 0.000530656 0.00119633 0.00205827 0.00303499 0.00405521 0.0050647 0.00602623 0.00691692 0.00772489 0.00844611 0.00908185 0.0096367
 0.000530656 0.00119633 0.00205827 0.00303499 0.00405521 0.0050647 0.00602623 0.00691692 0.00772489 0.00844611 0.00908185 0.0096367
 0.000530656 0.00119633 0.00205827 0.00303499 0.00405521 0.0050647 0.00602623 0.00691692 0.00772489 0.00844611 0.00908185 0.0096367
 0.000530656 0.00119633 0.00205827 0.00303499 0.00405521 0.0050647 0.00602623 0.00691692 0.00772489 0.00844611 0.00908185 0.0096367
 0.000530656 0.00119633 0.00205827 0.00303499 0.00405521 0.0050647 0.00602623 0.00691692 0.00772489 0.00844611 0.00908185 0.0096367
 0.000530656 0.00119633 0.00205827 0.00303499 0.00405521 0.0050647 0.00602623 0.00691692 0.00772489 0.00844611 0.00908185 0.0096367
 0.000530656 0.00119633 0.00205827 0.00303499 0.00405521 0.0050647 0.00602623 0.00691692 0.00772489 0.00844611 0.00908185 0.0096367
 0.000530656 0.00119633 0.00205827 0.00303499 0.00405521 0.0050647 0.00602623 0.00691692 0.00772489 0.00844611 0.00908185 0.0096367
 0.000530656 0.00119633 0.00205827 0.00303499 0.00405521 0.0050647 0.00602623 0.00691692 0.00772489 0.00844611 0.00908185 0.0096367
 0.000530656 0.00119633 0.00205827 0.00303499 0.00405521 0.0050647 0.00602623 0.00691692 0.00772489 0.00844611 0.00908185 0.0096367
 0.000530656 0.00119633 0.00205827 0.00303499 0.00405521 0.0050647 0.00602623 0.00691692 0.00772489 0.00844611 0.00908185 0.0096367
 0.000530656 0.00119633 0.00205827 0.00303499 0.00405521 0.0050647 0.00602623 0.00691692 0.00772489 0.00844611 0.00908185 0.0096367
 0.000530656 0.00119633 0.00205827 0.00303499 0.00405521 0.0050647 0.00602623 0.00691692 0.00772489 0.00844611 0.00908185 0.0096367
 0.000530656 0.00119633 0.00205827 0.00303499 0.00405521 0.0050647 0.00602623 0.00691692 0.00772489 0.00844611 0.00908185 0.0096367
 0.000530656 0.00119633 0.00205827 0.00303499 0.00405521 0.0050647 0.00602623 0.00691692 0.00772489 0.00844611 0.00908185 0.0096367
 0.000530656 0.00119633 0.00205827 0.00303499 0.00405521 0.0050647 0.00602623 0.00691692 0.00772489 0.00844611 0.00908185 0.0096367
 0.000530656 0.00119633 0.00205827 0.00303499 0.00405521 0.0050647 0.00602623 0.00691692 0.00772489 0.00844611 0.00908185 0.0096367
 0.000530656 0.00119633 0.00205827 0.00303499 0.00405521 0.0050647 0.00602623 0.00691692 0.00772489 0.00844611 0.00908185 0.0096367
 0.000530656 0.00119633 0.00205827 0.00303499 0.00405521 0.0050647 0.00602623 0.00691692 0.00772489 0.00844611 0.00908185 0.0096367
 0.000530656 0.00119633 0.00205827 0.00303499 0.00405521 0.0050647 0.00602623 0.00691692 0.00772489 0.00844611 0.00908185 0.0096367
# nyrs_ind_age
 30
# yrs_ind_age
 1 2 3 4 5 6 7 8 9 10 11 12 13 14 15 16 17 18 19 20 21 22 23 24 25 26 27 28 29 30
# n_sample_ind_age
 200 200 200 200 200 200 200 200 200 200 200 200 200 200 200 200 200 200 200 200 200 200 200 200 200 200 200 200 200 200
# oac_ind
 0.09 0.15 0.12 0.115 0.07 0.09 0.05 0.08 0.05 0.015 0.035 0.135
 0.06 0.13 0.155 0.115 0.11 0.085 0.07 0.04 0.02 0.035 0.05 0.13
 0.04 0.175 0.16 0.135 0.075 0.08 0.045 0.07 0.035 0.04 0.025 0.12
 0.055 0.125 0.195 0.145 0.085 0.065 0.045 0.065 0.06 0.03 0.03 0.1
 0.105 0.105 0.16 0.135 0.1 0.07 0.07 0.04 0.04 0.025 0.035 0.115
 0.095 0.23 0.085 0.095 0.09 0.08 0.045 0.05 0.07 0.045 0.01 0.105
 0.06 0.18 0.17 0.08 0.09 0.075 0.04 0.025 0.06 0.04 0.04 0.14
 0.065 0.13 0.19 0.19 0.07 0.035 0.065 0.045 0.06 0.045 0.02 0.085
 0.09 0.195 0.13 0.15 0.13 0.07 0.03 0.055 0.015 0.03 0.025 0.08
 0.11 0.17 0.19 0.085 0.16 0.085 0.055 0.045 0.015 0.025 0.01 0.05
 0.1 0.215 0.18 0.13 0.09 0.105 0.05 0.025 0.02 0.025 0.01 0.05
 0.075 0.19 0.19 0.13 0.13 0.05 0.04 0.025 0.05 0.02 0.015 0.085
 0.06 0.145 0.25 0.155 0.085 0.08 0.025 0.05 0.025 0.025 0.015 0.085
 0.085 0.15 0.21 0.14 0.155 0.055 0.05 0.035 0.02 0.03 0.005 0.065
 0.125 0.165 0.17 0.19 0.085 0.09 0.065 0.025 0.035 0.015 0.01 0.025
 0.105 0.145 0.195 0.17 0.075 0.145 0.065 0.015 0.015 0.03 0.005 0.035
 0.095 0.25 0.16 0.155 0.07 0.08 0.06 0.035 0 0.015 0.03 0.05
 0.085 0.21 0.26 0.13 0.06 0.04 0.055 0.035 0.015 0.03 0.025 0.055
 0.11 0.16 0.23 0.16 0.1 0.07 0.06 0.02 0.015 0.01 0.01 0.055
 0.1 0.19 0.21 0.155 0.065 0.09 0.03 0.04 0.045 0.01 0 0.065
 0.155 0.17 0.225 0.125 0.085 0.085 0.04 0.03 0.03 0.01 0.015 0.03
 0.165 0.31 0.15 0.12 0.07 0.075 0.035 0.04 0.01 0.01 0 0.015
 0.075 0.305 0.32 0.085 0.05 0.055 0.07 0.015 0 0.005 0.005 0.015
 0.065 0.245 0.215 0.19 0.11 0.07 0.035 0.02 0.03 0 0.01 0.01
 0.15 0.16 0.26 0.21 0.105 0.055 0.02 0.015 0.01 0.015 0 0
 0.12 0.295 0.14 0.165 0.13 0.035 0.035 0.025 0.015 0.025 0.01 0.005
 0.135 0.245 0.24 0.155 0.095 0.06 0.035 0.015 0.01 0 0.01 0
 0.16 0.215 0.195 0.17 0.08 0.06 0.04 0.03 0.015 0.005 0.005 0.025
 0.17 0.285 0.195 0.095 0.16 0.04 0.02 0.015 0.005 0 0.005 0.01
 0.105 0.32 0.26 0.135 0.07 0.075 0.015 0.01 0.005 0 0.005 0
# olc_ind

# obs_lse_ind
 0.198042 0.198042 0.198042 0.198042 0.198042 0.198042 0.198042 0.198042 0.198042 0.198042 0.198042 0.198042 0.198042 0.198042 0.198042 0.198042 0.198042 0.198042 0.198042 0.198042 0.198042 0.198042 0.198042 0.198042 0.198042 0.198042 0.198042 0.198042 0.198042 0.198042
# xages_fsh
 0 0 0 0 0 0 0 0 0 0 0 0
# xages_fsh
 0 0.0909091 0.181818 0.272727 0.363636 0.454545 0.545455 0.636364 0.727273 0.818182 0.909091 1
# xnodes_fsh

Yrs fsh_sel change:  1 0 0 0 0 0 0 0 0 0 0 0 0 0 0 0 0 0 0 0 0 0 0 0 0 0 0 0 0
Yrs ind_sel change:  1 0 0 0 0 0 0 0 0 0 0 0 0 0 0 0 0 0 0 0 0 0 0 0 0 0 0 0 0
# steepnessprior
0.75
# sigmarprior
0.2
#  SSB estimated in styr endyr: -12 28 
#  Rec estimated in styr endyr: -10 30 
#  SR Curve fit  in styr endyr: 1 30 
#             Model styr endyr: 1 30 
# qprior
 3.48998e-007
# q_power_prior 
 1 
# cv_catchbiomass 
0.05 
# CatchbiomassPen 
200 
# Number of projection years 
5 
# offset_fsh
 13438.8
# offset_ind
 13006.3
Mean Catch
1276.69
R_guess 
13.8155
# nfsh
1
# n_sel_ch_fsh
 1
# nselages_fsh
 11
# phase_selcoff_fsh
 -1
logRzero 13.8155
logmeanrec 13.8155
exp(log_sigmarprior 0.2
Fish sel phase: -1 OM1
Fixing fishery sel to
1
Fixing fishery sel to
1
Srvy sel phase: -1
Fixing survey_index1 indices sel to
1
Fixing index sel to
1
# logsel_slp_in_indv
 0.693147
Leaving parameter init secton
# M
 0.2 0.2 0.2 0.2 0.2 0.2 0.2 0.2 0.2 0.2 0.2 0.2
 0.2 0.2 0.2 0.2 0.2 0.2 0.2 0.2 0.2 0.2 0.2 0.2
 0.2 0.2 0.2 0.2 0.2 0.2 0.2 0.2 0.2 0.2 0.2 0.2
 0.2 0.2 0.2 0.2 0.2 0.2 0.2 0.2 0.2 0.2 0.2 0.2
 0.2 0.2 0.2 0.2 0.2 0.2 0.2 0.2 0.2 0.2 0.2 0.2
 0.2 0.2 0.2 0.2 0.2 0.2 0.2 0.2 0.2 0.2 0.2 0.2
 0.2 0.2 0.2 0.2 0.2 0.2 0.2 0.2 0.2 0.2 0.2 0.2
 0.2 0.2 0.2 0.2 0.2 0.2 0.2 0.2 0.2 0.2 0.2 0.2
 0.2 0.2 0.2 0.2 0.2 0.2 0.2 0.2 0.2 0.2 0.2 0.2
 0.2 0.2 0.2 0.2 0.2 0.2 0.2 0.2 0.2 0.2 0.2 0.2
 0.2 0.2 0.2 0.2 0.2 0.2 0.2 0.2 0.2 0.2 0.2 0.2
 0.2 0.2 0.2 0.2 0.2 0.2 0.2 0.2 0.2 0.2 0.2 0.2
 0.2 0.2 0.2 0.2 0.2 0.2 0.2 0.2 0.2 0.2 0.2 0.2
 0.2 0.2 0.2 0.2 0.2 0.2 0.2 0.2 0.2 0.2 0.2 0.2
 0.2 0.2 0.2 0.2 0.2 0.2 0.2 0.2 0.2 0.2 0.2 0.2
 0.2 0.2 0.2 0.2 0.2 0.2 0.2 0.2 0.2 0.2 0.2 0.2
 0.2 0.2 0.2 0.2 0.2 0.2 0.2 0.2 0.2 0.2 0.2 0.2
 0.2 0.2 0.2 0.2 0.2 0.2 0.2 0.2 0.2 0.2 0.2 0.2
 0.2 0.2 0.2 0.2 0.2 0.2 0.2 0.2 0.2 0.2 0.2 0.2
 0.2 0.2 0.2 0.2 0.2 0.2 0.2 0.2 0.2 0.2 0.2 0.2
 0.2 0.2 0.2 0.2 0.2 0.2 0.2 0.2 0.2 0.2 0.2 0.2
 0.2 0.2 0.2 0.2 0.2 0.2 0.2 0.2 0.2 0.2 0.2 0.2
 0.2 0.2 0.2 0.2 0.2 0.2 0.2 0.2 0.2 0.2 0.2 0.2
 0.2 0.2 0.2 0.2 0.2 0.2 0.2 0.2 0.2 0.2 0.2 0.2
 0.2 0.2 0.2 0.2 0.2 0.2 0.2 0.2 0.2 0.2 0.2 0.2
 0.2 0.2 0.2 0.2 0.2 0.2 0.2 0.2 0.2 0.2 0.2 0.2
 0.2 0.2 0.2 0.2 0.2 0.2 0.2 0.2 0.2 0.2 0.2 0.2
 0.2 0.2 0.2 0.2 0.2 0.2 0.2 0.2 0.2 0.2 0.2 0.2
 0.2 0.2 0.2 0.2 0.2 0.2 0.2 0.2 0.2 0.2 0.2 0.2
 0.2 0.2 0.2 0.2 0.2 0.2 0.2 0.2 0.2 0.2 0.2 0.2
# mean_log_rec
13.7176
# log_Rzero
13.7929
# rec_dev
 -0.111779 -0.0575253 -0.107372 0.0787098 0.0954544 -0.0884777 0.0471 0.0434222 0.0365333 0.0744966 -0.0213356 0.0715289 0.236707 0.0462588 -0.114731 0.347341 0.330704 -0.0115983 0.19864 0.0827516 0.229736 0.195798 0.0603696 -0.016704 0.0268162 -0.0871363 0.14219 0.0879544 -0.299226 -0.156784 -0.343031 0.114065 0.035827 -0.242248 -0.482517 -0.0355184 -0.4045 -0.275614 -0.05591 -0.0951848 -0.345437
# fmort
 0.00947982 0.0279192 0.0473811 0.0634144 0.051033 0.0932956 0.093342 0.198595 0.116222 0.141904 0.160178 0.171104 0.122683 0.174486 0.185303 0.166046 0.320093 0.265169 0.264426 0.263046 0.366538 0.268612 0.43933 0.360275 0.361622 0.333732 0.323203 0.447676 0.332915 0.511053
# rec_dev_future
 0 0 0 0 0
