AMAK;August_2013
# styr
1
# endyr
30
# rec_age
1
# oldest_age
12
# nlength
81
# len_bins
 10 11 12 13 14 15 16 17 18 19 20 21 22 23 24 25 26 27 28 29 30 31 32 33 34 35 36 37 38 39 40 41 42 43 44 45 46 47 48 49 50 51 52 53 54 55 56 57 58 59 60 61 62 63 64 65 66 67 68 69 70 71 72 73 74 75 76 77 78 79 80 81 82 83 84 85 86 87 88 89 90
# datafile_name
amak_data.dat
# model_name
OM_1
# styr
1
# endyr
30
# rec_age
1
# oldest_age
12
# nfsh
1
# fshname
OM1
# catch_bio_in
 160.748 469.785 760.607 994.281 762.402 1324.94 1270.6 2500.47 1323.66 1533.96 1626.42 1602.86 1105.16 1530.93 1502.72 1283.17 2236.09 1597.92 1455.65 1315.51 1633.56 1079.72 1638.42 1202.09 1111.72 971.882 922.583 1210.87 879.648 1280.69
# catch_bio_sd_in
 0.01 0.01 0.01 0.01 0.01 0.01 0.01 0.01 0.01 0.01 0.01 0.01 0.01 0.01 0.01 0.01 0.01 0.01 0.01 0.01 0.01 0.01 0.01 0.01 0.01 0.01 0.01 0.01 0.01 0.01
# nyrs_fsh_age
 30
# nyrs_fsh_length
 0
# yrs_fsh_age_in
 1 2 3 4 5 6 7 8 9 10 11 12 13 14 15 16 17 18 19 20 21 22 23 24 25 26 27 28 29 30
# yrs_fsh_length_in

# n_sample_fsh_length_in

# olc_fsh_in

# nind
1
# indname
survey_index1
# nyrs_ind
 30
# yrs_ind_in
 1 2 3 4 5 6 7 8 9 10 11 12 13 14 15 16 17 18 19 20 21 22 23 24 25 26 27 28 29 30
# mo_ind
 1
# obs_ind_in
 1.7856 1.7246 1.40564 1.39665 1.61613 1.60018 1.75472 1.42161 1.50936 1.0372 1.26684 1.31356 1.03253 0.922743 0.777602 1.02792 1.00612 0.858448 0.90605 0.770373 0.662709 0.664758 0.635039 0.589161 0.54567 0.480763 0.43941 0.613798 0.51263 0.544083
# obs_se_ind_in
 0.357119 0.34492 0.281128 0.279329 0.323225 0.320036 0.350944 0.284321 0.301872 0.20744 0.253368 0.262711 0.206506 0.184549 0.15552 0.205584 0.201225 0.17169 0.18121 0.154075 0.132542 0.132952 0.127008 0.117832 0.109134 0.0961525 0.0878819 0.12276 0.102526 0.108817
# nyrs_ind_age
 30
# nyrs_ind_length
 0
# yrs_ind_age_in
 1 2 3 4 5 6 7 8 9 10 11 12 13 14 15 16 17 18 19 20 21 22 23 24 25 26 27 28 29 30
# yrs_ind_length_in

# yrs_ind_age_in
 1 2 3 4 5 6 7 8 9 10 11 12 13 14 15 16 17 18 19 20 21 22 23 24 25 26 27 28 29 30
# n_sample_ind_length_in

# olc_ind_in

# oac_ind_in
 0.06 0.14 0.165 0.16 0.155 0.035 0.045 0.05 0.045 0.02 0.015 0.11
 0.065 0.1 0.15 0.12 0.08 0.1 0.035 0.1 0.055 0.035 0.01 0.15
 0.075 0.165 0.135 0.085 0.1 0.075 0.075 0.06 0.035 0.045 0.04 0.11
 0.045 0.155 0.185 0.13 0.085 0.065 0.04 0.07 0.04 0.055 0.05 0.08
 0.115 0.135 0.135 0.195 0.075 0.055 0.05 0.035 0.05 0.04 0.045 0.07
 0.08 0.18 0.11 0.09 0.125 0.03 0.055 0.04 0.065 0.06 0.035 0.13
 0.1 0.22 0.175 0.05 0.075 0.095 0.09 0.055 0.035 0.02 0.02 0.065
 0.055 0.14 0.165 0.185 0.085 0.105 0.065 0.055 0.025 0.02 0.02 0.08
 0.095 0.175 0.135 0.145 0.125 0.045 0.045 0.065 0.05 0.025 0.01 0.085
 0.085 0.13 0.14 0.135 0.115 0.125 0.06 0.04 0.04 0.025 0.01 0.095
 0.075 0.2 0.095 0.14 0.09 0.115 0.08 0.025 0.035 0.07 0 0.075
 0.055 0.155 0.165 0.145 0.095 0.075 0.07 0.09 0.03 0.015 0.025 0.08
 0.075 0.19 0.18 0.13 0.125 0.06 0.04 0.05 0.045 0.01 0.015 0.08
 0.085 0.19 0.19 0.155 0.14 0.08 0.075 0.015 0.03 0.005 0 0.035
 0.075 0.2 0.205 0.075 0.12 0.065 0.065 0.05 0.055 0.025 0.02 0.045
 0.09 0.18 0.145 0.165 0.105 0.1 0.07 0.04 0.02 0.015 0.015 0.055
 0.1 0.21 0.17 0.185 0.08 0.06 0.08 0.02 0.02 0.025 0.015 0.035
 0.065 0.225 0.18 0.15 0.1 0.095 0.05 0.03 0.035 0.025 0 0.045
 0.105 0.17 0.3 0.16 0.085 0.06 0.04 0.03 0.015 0.01 0.01 0.015
 0.06 0.195 0.2 0.19 0.135 0.05 0.04 0.05 0.01 0.015 0.005 0.05
 0.155 0.155 0.215 0.135 0.125 0.095 0.035 0.03 0.01 0.01 0.01 0.025
 0.16 0.275 0.155 0.14 0.075 0.08 0.05 0.02 0.015 0.01 0 0.02
 0.105 0.255 0.265 0.135 0.09 0.045 0.035 0.025 0.01 0.005 0.01 0.02
 0.115 0.21 0.265 0.165 0.07 0.06 0.05 0.035 0.01 0.005 0 0.015
 0.165 0.215 0.195 0.175 0.12 0.05 0.035 0.025 0.015 0.005 0 0
 0.07 0.31 0.2 0.11 0.145 0.065 0.035 0.02 0.015 0.005 0.01 0.015
 0.12 0.205 0.28 0.15 0.11 0.055 0.055 0 0 0.005 0 0.02
 0.145 0.21 0.195 0.21 0.09 0.07 0.03 0.01 0.005 0.01 0.005 0.02
 0.15 0.315 0.155 0.13 0.13 0.04 0.04 0.005 0.015 0.015 0 0.005
 0.115 0.265 0.23 0.13 0.065 0.075 0.02 0.03 0.015 0.02 0.015 0.02
# wt_ind
 1 1 1 1 1 1 1 1 1 1 1 1
 1 1 1 1 1 1 1 1 1 1 1 1
 1 1 1 1 1 1 1 1 1 1 1 1
 1 1 1 1 1 1 1 1 1 1 1 1
 1 1 1 1 1 1 1 1 1 1 1 1
 1 1 1 1 1 1 1 1 1 1 1 1
 1 1 1 1 1 1 1 1 1 1 1 1
 1 1 1 1 1 1 1 1 1 1 1 1
 1 1 1 1 1 1 1 1 1 1 1 1
 1 1 1 1 1 1 1 1 1 1 1 1
 1 1 1 1 1 1 1 1 1 1 1 1
 1 1 1 1 1 1 1 1 1 1 1 1
 1 1 1 1 1 1 1 1 1 1 1 1
 1 1 1 1 1 1 1 1 1 1 1 1
 1 1 1 1 1 1 1 1 1 1 1 1
 1 1 1 1 1 1 1 1 1 1 1 1
 1 1 1 1 1 1 1 1 1 1 1 1
 1 1 1 1 1 1 1 1 1 1 1 1
 1 1 1 1 1 1 1 1 1 1 1 1
 1 1 1 1 1 1 1 1 1 1 1 1
 1 1 1 1 1 1 1 1 1 1 1 1
 1 1 1 1 1 1 1 1 1 1 1 1
 1 1 1 1 1 1 1 1 1 1 1 1
 1 1 1 1 1 1 1 1 1 1 1 1
 1 1 1 1 1 1 1 1 1 1 1 1
 1 1 1 1 1 1 1 1 1 1 1 1
 1 1 1 1 1 1 1 1 1 1 1 1
 1 1 1 1 1 1 1 1 1 1 1 1
 1 1 1 1 1 1 1 1 1 1 1 1
 1 1 1 1 1 1 1 1 1 1 1 1
# wt_pop
 0.000530656 0.00119633 0.00205827 0.00303499 0.00405521 0.0050647 0.00602623 0.00691692 0.00772489 0.00844611 0.00908185 0.0096367
# maturity
 0.0229774 0.320821 0.904651 0.99478 0.999739 0.999987 0.999999 1 1 1 1 1
# spawnmo
1
# age_err
 1 0 0 0 0 0 0 0 0 0 0 0
 0 1 0 0 0 0 0 0 0 0 0 0
 0 0 1 0 0 0 0 0 0 0 0 0
 0 0 0 1 0 0 0 0 0 0 0 0
 0 0 0 0 1 0 0 0 0 0 0 0
 0 0 0 0 0 1 0 0 0 0 0 0
 0 0 0 0 0 0 1 0 0 0 0 0
 0 0 0 0 0 0 0 1 0 0 0 0
 0 0 0 0 0 0 0 0 1 0 0 0
 0 0 0 0 0 0 0 0 0 1 0 0
 0 0 0 0 0 0 0 0 0 0 1 0
 0 0 0 0 0 0 0 0 0 0 0 1
# cntrlfile_name
C:\Users\bai.li\Desktop\s1_test\AMAK\s142\amak.dat
# Map shared selectivity: 
# sel_map
 1 2
 1 1
# datafile_name
amak_data.dat
# model_name
OM_1
# SrType
2
# use_age_err
0
# retro
0
# sigmarprior
0.2
# cvsigmarprior
0.25
# phase_sigmar
-3
# styr_rec_est
1
# endyr_rec_est
30
# Linfprior
80
# cvLinfprior
0.25
# kprior
0.18
# cvkprior
0.25
# Loprior
27.688
# cvLoprior
0.25
# sdageprior
0.1
# cvsdageprior
0.25
# natmortprior
0.2
# cvnatmortprior
0.25
# phase_M
-4
# npars_Mage
0
# ages_M_changes

# Mage_in

# phase_Mage
-5
# phase_rw_M
0
# npars_rw_M
0
# yrs_rw_M

# sigma_rw_M

# qprior
 3.48998e-007
# cvqprior
 1
# phase_q
 1
# q_power_prior
 1
# cvq_power_prior
 0.2
# phase_q_power
 -4
# phase_rw_q
 -1
# npars_rw_q
 0
# yrs_rw_q

# sigma_rw_q

# q_age_min
 1
# q_age_max
 12
# q_age_min
 1
# q_age_max
 12
# fsh_sel_opt(k)
2
# phase_sel_fsh(k)
-2
# n_sel_ch_fsh(k)
1
# sel_slp_in_fsh(k)(1,n_sel_ch_fsh(k))
 1
# sel_inf_in_fsh(k)(1,n_sel_ch_fsh(k))
 2
# logsel_slp_in_fsh(k)(1,n_sel_ch_fsh(k))
 0
# yrs_sel_ch_fsh(k)(1,n_sel_ch_fsh(k))
 1

Survey survey_index1
# ind_sel_opt(k)
2
# indname(k)
survey_index1
# nselages_in_ind(k)
11
# phase_sel_ind(k)
-2
# sel_change_in_ind(k)
 1 0 0 0 0 0 0 0 0 0 0 0 0 0 0 0 0 0 0 0 0 0 0 0 0 0 0 0 0 0
# n_sel_ch_ind(k)
1
# yrs_sel_ch_ind(k)(1,n_sel_ch_ind(k))
 1
# sel_slp_in_ind(k,1)
2
# sel_inf_in_ind(k,1)
1.5
# logsel_slp_in_ind(k,1)
0.693147
# logsel_slp_in_indv(k)
0.693147
survey_index1 ind sel opt 2  1 0 0 0 0 0 0 0 0 0 0 0 0 0 0 0 0 0 0 0 0 0 0 0 0 0 0 0 0 0
Phase indices Sel_Coffs:  -1
 Test: 1.23457e+008
# Fshry Selages:  11
# Srvy  Selages:  11
# Phase for age-spec fishery  -1
# Phase for logistic fishery  -2
# Phase for dble logistic fishery  -1
# Phase for age-spec indices   -1
# Phase for logistic indices   -2
# Phase for dble logistic ind  -1
# Curv_pen_fsh: 
 0
# Curv_pen_ind: 
 0
# styr_fut
31
# endyr_fut
35
# nyrs_fsh_age
 30
# nyrs_fsh_age
 30
# yrs_fsh_age
 1 2 3 4 5 6 7 8 9 10 11 12 13 14 15 16 17 18 19 20 21 22 23 24 25 26 27 28 29 30
# n_sample_fsh_age
 200 200 200 200 200 200 200 200 200 200 200 200 200 200 200 200 200 200 200 200 200 200 200 200 200 200 200 200 200 200
# oac_fsh
 0.07 0.11 0.095 0.175 0.09 0.11 0.025 0.055 0.065 0.055 0.015 0.135
 0.07 0.08 0.165 0.085 0.135 0.095 0.06 0.06 0.05 0.035 0.035 0.13
 0.04 0.145 0.155 0.095 0.085 0.075 0.08 0.05 0.045 0.04 0.03 0.16
 0.1 0.075 0.16 0.115 0.105 0.045 0.065 0.06 0.045 0.06 0.035 0.135
 0.11 0.09 0.135 0.14 0.085 0.075 0.07 0.02 0.045 0.04 0.04 0.15
 0.095 0.175 0.12 0.115 0.135 0.085 0.055 0.075 0.035 0.03 0.01 0.07
 0.06 0.18 0.15 0.1 0.06 0.095 0.07 0.045 0.015 0.04 0.035 0.15
 0.1 0.135 0.105 0.185 0.065 0.06 0.075 0.03 0.055 0.04 0.025 0.125
 0.085 0.125 0.16 0.125 0.14 0.045 0.08 0.075 0.01 0.035 0.025 0.095
 0.11 0.09 0.195 0.12 0.095 0.06 0.065 0.06 0.06 0.03 0.025 0.09
 0.08 0.185 0.11 0.175 0.115 0.065 0.06 0.035 0.03 0.045 0.02 0.08
 0.095 0.11 0.155 0.17 0.1 0.055 0.07 0.095 0.035 0.03 0.03 0.055
 0.085 0.125 0.255 0.145 0.145 0.04 0.04 0.035 0.065 0.01 0.01 0.045
 0.12 0.13 0.175 0.14 0.095 0.12 0.055 0.04 0.03 0.03 0.01 0.055
 0.115 0.15 0.175 0.12 0.1 0.055 0.07 0.05 0.03 0.07 0.015 0.05
 0.095 0.11 0.195 0.12 0.13 0.095 0.075 0.05 0.045 0.025 0.015 0.045
 0.105 0.19 0.155 0.12 0.105 0.1 0.045 0.02 0.035 0.04 0.005 0.08
 0.07 0.205 0.205 0.12 0.11 0.07 0.055 0.03 0.045 0.02 0.005 0.065
 0.11 0.135 0.2 0.17 0.075 0.045 0.095 0.05 0.03 0.03 0.025 0.035
 0.115 0.175 0.17 0.215 0.065 0.065 0.05 0.035 0.03 0.02 0.02 0.04
 0.13 0.14 0.2 0.155 0.13 0.065 0.05 0.04 0.025 0.03 0.01 0.025
 0.15 0.19 0.195 0.15 0.07 0.065 0.065 0.035 0.015 0.005 0.015 0.045
 0.14 0.195 0.24 0.105 0.1 0.065 0.065 0.03 0.025 0.01 0.01 0.015
 0.1 0.175 0.305 0.165 0.09 0.055 0.035 0.02 0.02 0.01 0.005 0.02
 0.185 0.155 0.195 0.175 0.11 0.04 0.04 0.035 0.015 0.025 0 0.025
 0.155 0.215 0.145 0.18 0.135 0.06 0.03 0.02 0.01 0.02 0.01 0.02
 0.14 0.16 0.26 0.155 0.095 0.07 0.055 0.015 0.015 0.01 0.01 0.015
 0.16 0.2 0.185 0.23 0.075 0.045 0.05 0.005 0.015 0.015 0 0.02
 0.225 0.175 0.165 0.185 0.125 0.055 0.025 0.02 0.01 0.005 0.01 0
 0.16 0.29 0.195 0.14 0.065 0.07 0.025 0.03 0.02 0.005 0 0
# olc_fsh

# wt_fsh
 0.000530656 0.00119633 0.00205827 0.00303499 0.00405521 0.0050647 0.00602623 0.00691692 0.00772489 0.00844611 0.00908185 0.0096367
 0.000530656 0.00119633 0.00205827 0.00303499 0.00405521 0.0050647 0.00602623 0.00691692 0.00772489 0.00844611 0.00908185 0.0096367
 0.000530656 0.00119633 0.00205827 0.00303499 0.00405521 0.0050647 0.00602623 0.00691692 0.00772489 0.00844611 0.00908185 0.0096367
 0.000530656 0.00119633 0.00205827 0.00303499 0.00405521 0.0050647 0.00602623 0.00691692 0.00772489 0.00844611 0.00908185 0.0096367
 0.000530656 0.00119633 0.00205827 0.00303499 0.00405521 0.0050647 0.00602623 0.00691692 0.00772489 0.00844611 0.00908185 0.0096367
 0.000530656 0.00119633 0.00205827 0.00303499 0.00405521 0.0050647 0.00602623 0.00691692 0.00772489 0.00844611 0.00908185 0.0096367
 0.000530656 0.00119633 0.00205827 0.00303499 0.00405521 0.0050647 0.00602623 0.00691692 0.00772489 0.00844611 0.00908185 0.0096367
 0.000530656 0.00119633 0.00205827 0.00303499 0.00405521 0.0050647 0.00602623 0.00691692 0.00772489 0.00844611 0.00908185 0.0096367
 0.000530656 0.00119633 0.00205827 0.00303499 0.00405521 0.0050647 0.00602623 0.00691692 0.00772489 0.00844611 0.00908185 0.0096367
 0.000530656 0.00119633 0.00205827 0.00303499 0.00405521 0.0050647 0.00602623 0.00691692 0.00772489 0.00844611 0.00908185 0.0096367
 0.000530656 0.00119633 0.00205827 0.00303499 0.00405521 0.0050647 0.00602623 0.00691692 0.00772489 0.00844611 0.00908185 0.0096367
 0.000530656 0.00119633 0.00205827 0.00303499 0.00405521 0.0050647 0.00602623 0.00691692 0.00772489 0.00844611 0.00908185 0.0096367
 0.000530656 0.00119633 0.00205827 0.00303499 0.00405521 0.0050647 0.00602623 0.00691692 0.00772489 0.00844611 0.00908185 0.0096367
 0.000530656 0.00119633 0.00205827 0.00303499 0.00405521 0.0050647 0.00602623 0.00691692 0.00772489 0.00844611 0.00908185 0.0096367
 0.000530656 0.00119633 0.00205827 0.00303499 0.00405521 0.0050647 0.00602623 0.00691692 0.00772489 0.00844611 0.00908185 0.0096367
 0.000530656 0.00119633 0.00205827 0.00303499 0.00405521 0.0050647 0.00602623 0.00691692 0.00772489 0.00844611 0.00908185 0.0096367
 0.000530656 0.00119633 0.00205827 0.00303499 0.00405521 0.0050647 0.00602623 0.00691692 0.00772489 0.00844611 0.00908185 0.0096367
 0.000530656 0.00119633 0.00205827 0.00303499 0.00405521 0.0050647 0.00602623 0.00691692 0.00772489 0.00844611 0.00908185 0.0096367
 0.000530656 0.00119633 0.00205827 0.00303499 0.00405521 0.0050647 0.00602623 0.00691692 0.00772489 0.00844611 0.00908185 0.0096367
 0.000530656 0.00119633 0.00205827 0.00303499 0.00405521 0.0050647 0.00602623 0.00691692 0.00772489 0.00844611 0.00908185 0.0096367
 0.000530656 0.00119633 0.00205827 0.00303499 0.00405521 0.0050647 0.00602623 0.00691692 0.00772489 0.00844611 0.00908185 0.0096367
 0.000530656 0.00119633 0.00205827 0.00303499 0.00405521 0.0050647 0.00602623 0.00691692 0.00772489 0.00844611 0.00908185 0.0096367
 0.000530656 0.00119633 0.00205827 0.00303499 0.00405521 0.0050647 0.00602623 0.00691692 0.00772489 0.00844611 0.00908185 0.0096367
 0.000530656 0.00119633 0.00205827 0.00303499 0.00405521 0.0050647 0.00602623 0.00691692 0.00772489 0.00844611 0.00908185 0.0096367
 0.000530656 0.00119633 0.00205827 0.00303499 0.00405521 0.0050647 0.00602623 0.00691692 0.00772489 0.00844611 0.00908185 0.0096367
 0.000530656 0.00119633 0.00205827 0.00303499 0.00405521 0.0050647 0.00602623 0.00691692 0.00772489 0.00844611 0.00908185 0.0096367
 0.000530656 0.00119633 0.00205827 0.00303499 0.00405521 0.0050647 0.00602623 0.00691692 0.00772489 0.00844611 0.00908185 0.0096367
 0.000530656 0.00119633 0.00205827 0.00303499 0.00405521 0.0050647 0.00602623 0.00691692 0.00772489 0.00844611 0.00908185 0.0096367
 0.000530656 0.00119633 0.00205827 0.00303499 0.00405521 0.0050647 0.00602623 0.00691692 0.00772489 0.00844611 0.00908185 0.0096367
 0.000530656 0.00119633 0.00205827 0.00303499 0.00405521 0.0050647 0.00602623 0.00691692 0.00772489 0.00844611 0.00908185 0.0096367
# nyrs_ind_age
 30
# yrs_ind_age
 1 2 3 4 5 6 7 8 9 10 11 12 13 14 15 16 17 18 19 20 21 22 23 24 25 26 27 28 29 30
# n_sample_ind_age
 200 200 200 200 200 200 200 200 200 200 200 200 200 200 200 200 200 200 200 200 200 200 200 200 200 200 200 200 200 200
# oac_ind
 0.06 0.14 0.165 0.16 0.155 0.035 0.045 0.05 0.045 0.02 0.015 0.11
 0.065 0.1 0.15 0.12 0.08 0.1 0.035 0.1 0.055 0.035 0.01 0.15
 0.075 0.165 0.135 0.085 0.1 0.075 0.075 0.06 0.035 0.045 0.04 0.11
 0.045 0.155 0.185 0.13 0.085 0.065 0.04 0.07 0.04 0.055 0.05 0.08
 0.115 0.135 0.135 0.195 0.075 0.055 0.05 0.035 0.05 0.04 0.045 0.07
 0.08 0.18 0.11 0.09 0.125 0.03 0.055 0.04 0.065 0.06 0.035 0.13
 0.1 0.22 0.175 0.05 0.075 0.095 0.09 0.055 0.035 0.02 0.02 0.065
 0.055 0.14 0.165 0.185 0.085 0.105 0.065 0.055 0.025 0.02 0.02 0.08
 0.095 0.175 0.135 0.145 0.125 0.045 0.045 0.065 0.05 0.025 0.01 0.085
 0.085 0.13 0.14 0.135 0.115 0.125 0.06 0.04 0.04 0.025 0.01 0.095
 0.075 0.2 0.095 0.14 0.09 0.115 0.08 0.025 0.035 0.07 0 0.075
 0.055 0.155 0.165 0.145 0.095 0.075 0.07 0.09 0.03 0.015 0.025 0.08
 0.075 0.19 0.18 0.13 0.125 0.06 0.04 0.05 0.045 0.01 0.015 0.08
 0.085 0.19 0.19 0.155 0.14 0.08 0.075 0.015 0.03 0.005 0 0.035
 0.075 0.2 0.205 0.075 0.12 0.065 0.065 0.05 0.055 0.025 0.02 0.045
 0.09 0.18 0.145 0.165 0.105 0.1 0.07 0.04 0.02 0.015 0.015 0.055
 0.1 0.21 0.17 0.185 0.08 0.06 0.08 0.02 0.02 0.025 0.015 0.035
 0.065 0.225 0.18 0.15 0.1 0.095 0.05 0.03 0.035 0.025 0 0.045
 0.105 0.17 0.3 0.16 0.085 0.06 0.04 0.03 0.015 0.01 0.01 0.015
 0.06 0.195 0.2 0.19 0.135 0.05 0.04 0.05 0.01 0.015 0.005 0.05
 0.155 0.155 0.215 0.135 0.125 0.095 0.035 0.03 0.01 0.01 0.01 0.025
 0.16 0.275 0.155 0.14 0.075 0.08 0.05 0.02 0.015 0.01 0 0.02
 0.105 0.255 0.265 0.135 0.09 0.045 0.035 0.025 0.01 0.005 0.01 0.02
 0.115 0.21 0.265 0.165 0.07 0.06 0.05 0.035 0.01 0.005 0 0.015
 0.165 0.215 0.195 0.175 0.12 0.05 0.035 0.025 0.015 0.005 0 0
 0.07 0.31 0.2 0.11 0.145 0.065 0.035 0.02 0.015 0.005 0.01 0.015
 0.12 0.205 0.28 0.15 0.11 0.055 0.055 0 0 0.005 0 0.02
 0.145 0.21 0.195 0.21 0.09 0.07 0.03 0.01 0.005 0.01 0.005 0.02
 0.15 0.315 0.155 0.13 0.13 0.04 0.04 0.005 0.015 0.015 0 0.005
 0.115 0.265 0.23 0.13 0.065 0.075 0.02 0.03 0.015 0.02 0.015 0.02
# olc_ind

# obs_lse_ind
 0.198042 0.198042 0.198042 0.198042 0.198042 0.198042 0.198042 0.198042 0.198042 0.198042 0.198042 0.198042 0.198042 0.198042 0.198042 0.198042 0.198042 0.198042 0.198042 0.198042 0.198042 0.198042 0.198042 0.198042 0.198042 0.198042 0.198042 0.198042 0.198042 0.198042
# xages_fsh
 0 0 0 0 0 0 0 0 0 0 0 0
# xages_fsh
 0 0.0909091 0.181818 0.272727 0.363636 0.454545 0.545455 0.636364 0.727273 0.818182 0.909091 1
# xnodes_fsh

Yrs fsh_sel change:  1 0 0 0 0 0 0 0 0 0 0 0 0 0 0 0 0 0 0 0 0 0 0 0 0 0 0 0 0
Yrs ind_sel change:  1 0 0 0 0 0 0 0 0 0 0 0 0 0 0 0 0 0 0 0 0 0 0 0 0 0 0 0 0
# steepnessprior
0.75
# sigmarprior
0.2
#  SSB estimated in styr endyr: -12 28 
#  Rec estimated in styr endyr: -10 30 
#  SR Curve fit  in styr endyr: 1 30 
#             Model styr endyr: 1 30 
# qprior
 3.48998e-007
# q_power_prior 
 1 
# cv_catchbiomass 
0.05 
# CatchbiomassPen 
200 
# Number of projection years 
5 
# offset_fsh
 13455.7
# offset_ind
 13124.4
Mean Catch
1276.3
R_guess 
13.8155
# nfsh
1
# n_sel_ch_fsh
 1
# nselages_fsh
 11
# phase_selcoff_fsh
 -1
logRzero 13.8155
logmeanrec 13.8155
exp(log_sigmarprior 0.2
Fish sel phase: -1 OM1
Fixing fishery sel to
1
Fixing fishery sel to
1
Srvy sel phase: -1
Fixing survey_index1 indices sel to
1
Fixing index sel to
1
# logsel_slp_in_indv
 0.693147
Leaving parameter init secton
# M
 0.2 0.2 0.2 0.2 0.2 0.2 0.2 0.2 0.2 0.2 0.2 0.2
 0.2 0.2 0.2 0.2 0.2 0.2 0.2 0.2 0.2 0.2 0.2 0.2
 0.2 0.2 0.2 0.2 0.2 0.2 0.2 0.2 0.2 0.2 0.2 0.2
 0.2 0.2 0.2 0.2 0.2 0.2 0.2 0.2 0.2 0.2 0.2 0.2
 0.2 0.2 0.2 0.2 0.2 0.2 0.2 0.2 0.2 0.2 0.2 0.2
 0.2 0.2 0.2 0.2 0.2 0.2 0.2 0.2 0.2 0.2 0.2 0.2
 0.2 0.2 0.2 0.2 0.2 0.2 0.2 0.2 0.2 0.2 0.2 0.2
 0.2 0.2 0.2 0.2 0.2 0.2 0.2 0.2 0.2 0.2 0.2 0.2
 0.2 0.2 0.2 0.2 0.2 0.2 0.2 0.2 0.2 0.2 0.2 0.2
 0.2 0.2 0.2 0.2 0.2 0.2 0.2 0.2 0.2 0.2 0.2 0.2
 0.2 0.2 0.2 0.2 0.2 0.2 0.2 0.2 0.2 0.2 0.2 0.2
 0.2 0.2 0.2 0.2 0.2 0.2 0.2 0.2 0.2 0.2 0.2 0.2
 0.2 0.2 0.2 0.2 0.2 0.2 0.2 0.2 0.2 0.2 0.2 0.2
 0.2 0.2 0.2 0.2 0.2 0.2 0.2 0.2 0.2 0.2 0.2 0.2
 0.2 0.2 0.2 0.2 0.2 0.2 0.2 0.2 0.2 0.2 0.2 0.2
 0.2 0.2 0.2 0.2 0.2 0.2 0.2 0.2 0.2 0.2 0.2 0.2
 0.2 0.2 0.2 0.2 0.2 0.2 0.2 0.2 0.2 0.2 0.2 0.2
 0.2 0.2 0.2 0.2 0.2 0.2 0.2 0.2 0.2 0.2 0.2 0.2
 0.2 0.2 0.2 0.2 0.2 0.2 0.2 0.2 0.2 0.2 0.2 0.2
 0.2 0.2 0.2 0.2 0.2 0.2 0.2 0.2 0.2 0.2 0.2 0.2
 0.2 0.2 0.2 0.2 0.2 0.2 0.2 0.2 0.2 0.2 0.2 0.2
 0.2 0.2 0.2 0.2 0.2 0.2 0.2 0.2 0.2 0.2 0.2 0.2
 0.2 0.2 0.2 0.2 0.2 0.2 0.2 0.2 0.2 0.2 0.2 0.2
 0.2 0.2 0.2 0.2 0.2 0.2 0.2 0.2 0.2 0.2 0.2 0.2
 0.2 0.2 0.2 0.2 0.2 0.2 0.2 0.2 0.2 0.2 0.2 0.2
 0.2 0.2 0.2 0.2 0.2 0.2 0.2 0.2 0.2 0.2 0.2 0.2
 0.2 0.2 0.2 0.2 0.2 0.2 0.2 0.2 0.2 0.2 0.2 0.2
 0.2 0.2 0.2 0.2 0.2 0.2 0.2 0.2 0.2 0.2 0.2 0.2
 0.2 0.2 0.2 0.2 0.2 0.2 0.2 0.2 0.2 0.2 0.2 0.2
 0.2 0.2 0.2 0.2 0.2 0.2 0.2 0.2 0.2 0.2 0.2 0.2
# mean_log_rec
13.7184
# log_Rzero
13.7985
# rec_dev
 -0.0960384 -0.198568 -0.0912616 0.0360135 0.090207 0.0839558 -0.0584015 0.191093 0.0755705 -0.0420593 0.0422828 0.0211264 0.36281 0.0355583 -0.0899333 0.437129 0.285968 0.0895833 0.144149 0.0987715 0.134351 0.108777 0.00787672 0.0434195 0.0130038 -0.0992878 0.0779305 0.160144 -0.209179 -0.116977 -0.318878 0.018359 0.0344373 -0.214944 -0.370807 -0.00712333 -0.389367 -0.384449 -0.207961 -0.0634152 -0.27508
# fmort
 0.00937105 0.0277563 0.0461064 0.0625536 0.0496428 0.0897109 0.0901734 0.193069 0.11199 0.137403 0.156163 0.165698 0.120072 0.174336 0.183807 0.166804 0.323854 0.265279 0.264456 0.259605 0.361128 0.261821 0.433277 0.355831 0.350572 0.318536 0.306652 0.427743 0.329204 0.508095
# rec_dev_future
 0 0 0 0 0
