AMAK;August_2013
# styr
1
# endyr
30
# rec_age
1
# oldest_age
12
# nlength
81
# len_bins
 10 11 12 13 14 15 16 17 18 19 20 21 22 23 24 25 26 27 28 29 30 31 32 33 34 35 36 37 38 39 40 41 42 43 44 45 46 47 48 49 50 51 52 53 54 55 56 57 58 59 60 61 62 63 64 65 66 67 68 69 70 71 72 73 74 75 76 77 78 79 80 81 82 83 84 85 86 87 88 89 90
# datafile_name
amak_data.dat
# model_name
OM_1
# styr
1
# endyr
30
# rec_age
1
# oldest_age
12
# nfsh
1
# fshname
OM1
# catch_bio_in
 161.142 465.315 763.059 988.031 761.943 1325.7 1277.14 2472.87 1333.15 1531.99 1614.62 1617.28 1102.16 1525.45 1507.96 1272.42 2250.77 1609.9 1446.97 1317.51 1635.48 1075.08 1635.26 1202.82 1118.7 965.894 923.035 1212.66 881.567 1269.67
# catch_bio_sd_in
 0.01 0.01 0.01 0.01 0.01 0.01 0.01 0.01 0.01 0.01 0.01 0.01 0.01 0.01 0.01 0.01 0.01 0.01 0.01 0.01 0.01 0.01 0.01 0.01 0.01 0.01 0.01 0.01 0.01 0.01
# nyrs_fsh_age
 30
# nyrs_fsh_length
 0
# yrs_fsh_age_in
 1 2 3 4 5 6 7 8 9 10 11 12 13 14 15 16 17 18 19 20 21 22 23 24 25 26 27 28 29 30
# yrs_fsh_length_in

# n_sample_fsh_length_in

# olc_fsh_in

# nind
1
# indname
survey_index1
# nyrs_ind
 30
# yrs_ind_in
 1 2 3 4 5 6 7 8 9 10 11 12 13 14 15 16 17 18 19 20 21 22 23 24 25 26 27 28 29 30
# mo_ind
 1
# obs_ind_in
 1.80085 1.58774 1.58912 1.3879 1.24892 1.55409 1.43642 1.21662 1.38597 1.22569 0.945006 1.13302 1.13987 1.33361 1.01235 0.856438 1.02351 0.850582 0.795966 0.741622 0.817021 0.665472 0.705935 0.517879 0.601139 0.555818 0.529766 0.640494 0.550727 0.496858
# obs_se_ind_in
 0.360169 0.317549 0.317824 0.27758 0.249785 0.310818 0.287284 0.243324 0.277193 0.245138 0.189001 0.226603 0.227974 0.266722 0.202469 0.171288 0.204703 0.170116 0.159193 0.148324 0.163404 0.133094 0.141187 0.103576 0.120228 0.111164 0.105953 0.128099 0.110145 0.0993716
# nyrs_ind_age
 30
# nyrs_ind_length
 0
# yrs_ind_age_in
 1 2 3 4 5 6 7 8 9 10 11 12 13 14 15 16 17 18 19 20 21 22 23 24 25 26 27 28 29 30
# yrs_ind_length_in

# yrs_ind_age_in
 1 2 3 4 5 6 7 8 9 10 11 12 13 14 15 16 17 18 19 20 21 22 23 24 25 26 27 28 29 30
# n_sample_ind_length_in

# olc_ind_in

# oac_ind_in
 0.095 0.12 0.105 0.08 0.085 0.085 0.09 0.125 0.045 0.035 0.025 0.11
 0.06 0.18 0.145 0.12 0.08 0.08 0.085 0.04 0.04 0.02 0.02 0.13
 0.045 0.12 0.115 0.11 0.115 0.08 0.05 0.08 0.06 0.03 0.03 0.165
 0.055 0.11 0.175 0.1 0.105 0.08 0.085 0.025 0.04 0.055 0.015 0.155
 0.06 0.125 0.2 0.185 0.09 0.075 0.065 0.05 0.015 0.025 0.025 0.085
 0.08 0.26 0.125 0.125 0.1 0.06 0.02 0.085 0.025 0.035 0.015 0.07
 0.07 0.205 0.195 0.07 0.105 0.08 0.065 0.065 0.035 0.015 0.01 0.085
 0.05 0.09 0.215 0.18 0.04 0.075 0.11 0.03 0.025 0.045 0.02 0.12
 0.105 0.19 0.165 0.14 0.075 0.065 0.05 0.05 0.03 0.025 0.015 0.09
 0.08 0.22 0.145 0.065 0.135 0.08 0.035 0.055 0.05 0.025 0.025 0.085
 0.085 0.22 0.125 0.1 0.075 0.11 0.085 0.03 0.04 0.02 0.02 0.09
 0.065 0.21 0.22 0.125 0.095 0.05 0.025 0.075 0.03 0.015 0.035 0.055
 0.095 0.165 0.175 0.145 0.075 0.095 0.05 0.04 0.04 0.02 0.03 0.07
 0.095 0.14 0.2 0.19 0.11 0.045 0.025 0.055 0.045 0.025 0.01 0.06
 0.095 0.215 0.18 0.095 0.09 0.1 0.05 0.03 0.04 0.01 0.05 0.045
 0.09 0.155 0.2 0.095 0.105 0.12 0.07 0.03 0.01 0.02 0.05 0.055
 0.105 0.285 0.15 0.14 0.075 0.05 0.04 0.045 0.01 0.025 0.025 0.05
 0.095 0.21 0.23 0.13 0.1 0.065 0.04 0.035 0.01 0.02 0.015 0.05
 0.075 0.19 0.23 0.125 0.1 0.07 0.05 0.05 0.025 0.01 0.035 0.04
 0.06 0.2 0.195 0.185 0.13 0.075 0.05 0.01 0.02 0.02 0.01 0.045
 0.13 0.195 0.19 0.18 0.095 0.07 0.04 0.035 0.02 0.01 0.01 0.025
 0.135 0.24 0.165 0.17 0.1 0.07 0.035 0.02 0.015 0.005 0.01 0.035
 0.06 0.235 0.295 0.14 0.105 0.045 0.055 0.015 0.015 0.005 0.015 0.015
 0.105 0.265 0.285 0.12 0.045 0.06 0.035 0.04 0.02 0.01 0.005 0.01
 0.105 0.17 0.255 0.195 0.14 0.035 0.04 0.005 0.025 0.015 0 0.015
 0.11 0.275 0.18 0.15 0.105 0.09 0.035 0.015 0.015 0.015 0.005 0.005
 0.115 0.205 0.25 0.1 0.125 0.095 0.05 0.025 0.01 0.01 0.01 0.005
 0.145 0.215 0.21 0.175 0.12 0.05 0.04 0.01 0.015 0.01 0 0.01
 0.14 0.315 0.205 0.125 0.11 0.04 0.03 0.01 0.015 0.005 0 0.005
 0.115 0.305 0.23 0.155 0.085 0.025 0.05 0.01 0.01 0.005 0.01 0
# wt_ind
 1 1 1 1 1 1 1 1 1 1 1 1
 1 1 1 1 1 1 1 1 1 1 1 1
 1 1 1 1 1 1 1 1 1 1 1 1
 1 1 1 1 1 1 1 1 1 1 1 1
 1 1 1 1 1 1 1 1 1 1 1 1
 1 1 1 1 1 1 1 1 1 1 1 1
 1 1 1 1 1 1 1 1 1 1 1 1
 1 1 1 1 1 1 1 1 1 1 1 1
 1 1 1 1 1 1 1 1 1 1 1 1
 1 1 1 1 1 1 1 1 1 1 1 1
 1 1 1 1 1 1 1 1 1 1 1 1
 1 1 1 1 1 1 1 1 1 1 1 1
 1 1 1 1 1 1 1 1 1 1 1 1
 1 1 1 1 1 1 1 1 1 1 1 1
 1 1 1 1 1 1 1 1 1 1 1 1
 1 1 1 1 1 1 1 1 1 1 1 1
 1 1 1 1 1 1 1 1 1 1 1 1
 1 1 1 1 1 1 1 1 1 1 1 1
 1 1 1 1 1 1 1 1 1 1 1 1
 1 1 1 1 1 1 1 1 1 1 1 1
 1 1 1 1 1 1 1 1 1 1 1 1
 1 1 1 1 1 1 1 1 1 1 1 1
 1 1 1 1 1 1 1 1 1 1 1 1
 1 1 1 1 1 1 1 1 1 1 1 1
 1 1 1 1 1 1 1 1 1 1 1 1
 1 1 1 1 1 1 1 1 1 1 1 1
 1 1 1 1 1 1 1 1 1 1 1 1
 1 1 1 1 1 1 1 1 1 1 1 1
 1 1 1 1 1 1 1 1 1 1 1 1
 1 1 1 1 1 1 1 1 1 1 1 1
# wt_pop
 0.000530656 0.00119633 0.00205827 0.00303499 0.00405521 0.0050647 0.00602623 0.00691692 0.00772489 0.00844611 0.00908185 0.0096367
# maturity
 0.0229774 0.320821 0.904651 0.99478 0.999739 0.999987 0.999999 1 1 1 1 1
# spawnmo
1
# age_err
 1 0 0 0 0 0 0 0 0 0 0 0
 0 1 0 0 0 0 0 0 0 0 0 0
 0 0 1 0 0 0 0 0 0 0 0 0
 0 0 0 1 0 0 0 0 0 0 0 0
 0 0 0 0 1 0 0 0 0 0 0 0
 0 0 0 0 0 1 0 0 0 0 0 0
 0 0 0 0 0 0 1 0 0 0 0 0
 0 0 0 0 0 0 0 1 0 0 0 0
 0 0 0 0 0 0 0 0 1 0 0 0
 0 0 0 0 0 0 0 0 0 1 0 0
 0 0 0 0 0 0 0 0 0 0 1 0
 0 0 0 0 0 0 0 0 0 0 0 1
# cntrlfile_name
C:\Users\bai.li\Desktop\s1_test\AMAK\s89\amak.dat
# Map shared selectivity: 
# sel_map
 1 2
 1 1
# datafile_name
amak_data.dat
# model_name
OM_1
# SrType
2
# use_age_err
0
# retro
0
# sigmarprior
0.2
# cvsigmarprior
0.25
# phase_sigmar
-3
# styr_rec_est
1
# endyr_rec_est
30
# Linfprior
80
# cvLinfprior
0.25
# kprior
0.18
# cvkprior
0.25
# Loprior
27.688
# cvLoprior
0.25
# sdageprior
0.1
# cvsdageprior
0.25
# natmortprior
0.2
# cvnatmortprior
0.25
# phase_M
-4
# npars_Mage
0
# ages_M_changes

# Mage_in

# phase_Mage
-5
# phase_rw_M
0
# npars_rw_M
0
# yrs_rw_M

# sigma_rw_M

# qprior
 3.48998e-007
# cvqprior
 1
# phase_q
 1
# q_power_prior
 1
# cvq_power_prior
 0.2
# phase_q_power
 -4
# phase_rw_q
 -1
# npars_rw_q
 0
# yrs_rw_q

# sigma_rw_q

# q_age_min
 1
# q_age_max
 12
# q_age_min
 1
# q_age_max
 12
# fsh_sel_opt(k)
2
# phase_sel_fsh(k)
-2
# n_sel_ch_fsh(k)
1
# sel_slp_in_fsh(k)(1,n_sel_ch_fsh(k))
 1
# sel_inf_in_fsh(k)(1,n_sel_ch_fsh(k))
 2
# logsel_slp_in_fsh(k)(1,n_sel_ch_fsh(k))
 0
# yrs_sel_ch_fsh(k)(1,n_sel_ch_fsh(k))
 1

Survey survey_index1
# ind_sel_opt(k)
2
# indname(k)
survey_index1
# nselages_in_ind(k)
11
# phase_sel_ind(k)
-2
# sel_change_in_ind(k)
 1 0 0 0 0 0 0 0 0 0 0 0 0 0 0 0 0 0 0 0 0 0 0 0 0 0 0 0 0 0
# n_sel_ch_ind(k)
1
# yrs_sel_ch_ind(k)(1,n_sel_ch_ind(k))
 1
# sel_slp_in_ind(k,1)
2
# sel_inf_in_ind(k,1)
1.5
# logsel_slp_in_ind(k,1)
0.693147
# logsel_slp_in_indv(k)
0.693147
survey_index1 ind sel opt 2  1 0 0 0 0 0 0 0 0 0 0 0 0 0 0 0 0 0 0 0 0 0 0 0 0 0 0 0 0 0
Phase indices Sel_Coffs:  -1
 Test: 1.23457e+008
# Fshry Selages:  11
# Srvy  Selages:  11
# Phase for age-spec fishery  -1
# Phase for logistic fishery  -2
# Phase for dble logistic fishery  -1
# Phase for age-spec indices   -1
# Phase for logistic indices   -2
# Phase for dble logistic ind  -1
# Curv_pen_fsh: 
 0
# Curv_pen_ind: 
 0
# styr_fut
31
# endyr_fut
35
# nyrs_fsh_age
 30
# nyrs_fsh_age
 30
# yrs_fsh_age
 1 2 3 4 5 6 7 8 9 10 11 12 13 14 15 16 17 18 19 20 21 22 23 24 25 26 27 28 29 30
# n_sample_fsh_age
 200 200 200 200 200 200 200 200 200 200 200 200 200 200 200 200 200 200 200 200 200 200 200 200 200 200 200 200 200 200
# oac_fsh
 0.07 0.065 0.145 0.1 0.125 0.105 0.06 0.03 0.055 0.02 0.055 0.17
 0.08 0.09 0.14 0.105 0.105 0.09 0.07 0.065 0.07 0.025 0.03 0.13
 0.055 0.115 0.115 0.13 0.09 0.125 0.06 0.065 0.03 0.05 0.025 0.14
 0.055 0.07 0.135 0.165 0.09 0.105 0.1 0.055 0.045 0.045 0.045 0.09
 0.08 0.12 0.075 0.125 0.115 0.11 0.08 0.09 0.035 0.025 0.035 0.11
 0.095 0.15 0.1 0.105 0.155 0.04 0.085 0.055 0.05 0.02 0.02 0.125
 0.06 0.165 0.19 0.07 0.1 0.105 0.07 0.04 0.04 0.04 0.02 0.1
 0.065 0.105 0.155 0.19 0.09 0.065 0.095 0.035 0.04 0.055 0.02 0.085
 0.095 0.125 0.105 0.15 0.145 0.085 0.04 0.04 0.04 0.025 0.02 0.13
 0.125 0.105 0.1 0.135 0.125 0.115 0.04 0.035 0.07 0.01 0.03 0.11
 0.075 0.17 0.1 0.15 0.1 0.125 0.125 0.03 0.02 0.02 0.005 0.08
 0.095 0.15 0.145 0.13 0.125 0.06 0.065 0.05 0.025 0.055 0.005 0.095
 0.115 0.13 0.15 0.155 0.075 0.09 0.075 0.065 0.055 0.015 0.01 0.065
 0.105 0.155 0.17 0.11 0.065 0.055 0.07 0.05 0.055 0.03 0.03 0.105
 0.09 0.185 0.15 0.15 0.125 0.08 0.04 0.045 0.015 0.02 0.035 0.065
 0.115 0.145 0.165 0.195 0.11 0.055 0.07 0.04 0.015 0.02 0.015 0.055
 0.1 0.18 0.17 0.165 0.105 0.095 0.06 0.03 0.04 0.015 0.005 0.035
 0.08 0.165 0.21 0.14 0.12 0.055 0.045 0.02 0.05 0.02 0.015 0.08
 0.105 0.17 0.2 0.14 0.095 0.085 0.045 0.03 0.04 0.01 0.03 0.05
 0.07 0.26 0.165 0.15 0.12 0.095 0.03 0.03 0.025 0.01 0.005 0.04
 0.16 0.125 0.2 0.12 0.18 0.06 0.03 0.045 0.01 0.005 0.015 0.05
 0.15 0.235 0.155 0.145 0.085 0.055 0.065 0.055 0.03 0.005 0.005 0.015
 0.1 0.235 0.255 0.125 0.08 0.065 0.045 0.035 0.025 0.005 0.005 0.025
 0.15 0.205 0.185 0.16 0.055 0.065 0.055 0.04 0.015 0.03 0.01 0.03
 0.14 0.185 0.21 0.17 0.11 0.05 0.04 0.035 0.02 0.01 0.005 0.025
 0.085 0.235 0.185 0.175 0.155 0.085 0.015 0.02 0.01 0.02 0 0.015
 0.14 0.17 0.27 0.115 0.11 0.095 0.06 0.005 0.015 0.005 0 0.015
 0.175 0.195 0.18 0.2 0.085 0.075 0.045 0.02 0.015 0 0 0.01
 0.205 0.215 0.24 0.11 0.095 0.04 0.025 0.035 0.02 0.01 0.005 0
 0.165 0.245 0.19 0.175 0.08 0.055 0.035 0.03 0.005 0.015 0 0.005
# olc_fsh

# wt_fsh
 0.000530656 0.00119633 0.00205827 0.00303499 0.00405521 0.0050647 0.00602623 0.00691692 0.00772489 0.00844611 0.00908185 0.0096367
 0.000530656 0.00119633 0.00205827 0.00303499 0.00405521 0.0050647 0.00602623 0.00691692 0.00772489 0.00844611 0.00908185 0.0096367
 0.000530656 0.00119633 0.00205827 0.00303499 0.00405521 0.0050647 0.00602623 0.00691692 0.00772489 0.00844611 0.00908185 0.0096367
 0.000530656 0.00119633 0.00205827 0.00303499 0.00405521 0.0050647 0.00602623 0.00691692 0.00772489 0.00844611 0.00908185 0.0096367
 0.000530656 0.00119633 0.00205827 0.00303499 0.00405521 0.0050647 0.00602623 0.00691692 0.00772489 0.00844611 0.00908185 0.0096367
 0.000530656 0.00119633 0.00205827 0.00303499 0.00405521 0.0050647 0.00602623 0.00691692 0.00772489 0.00844611 0.00908185 0.0096367
 0.000530656 0.00119633 0.00205827 0.00303499 0.00405521 0.0050647 0.00602623 0.00691692 0.00772489 0.00844611 0.00908185 0.0096367
 0.000530656 0.00119633 0.00205827 0.00303499 0.00405521 0.0050647 0.00602623 0.00691692 0.00772489 0.00844611 0.00908185 0.0096367
 0.000530656 0.00119633 0.00205827 0.00303499 0.00405521 0.0050647 0.00602623 0.00691692 0.00772489 0.00844611 0.00908185 0.0096367
 0.000530656 0.00119633 0.00205827 0.00303499 0.00405521 0.0050647 0.00602623 0.00691692 0.00772489 0.00844611 0.00908185 0.0096367
 0.000530656 0.00119633 0.00205827 0.00303499 0.00405521 0.0050647 0.00602623 0.00691692 0.00772489 0.00844611 0.00908185 0.0096367
 0.000530656 0.00119633 0.00205827 0.00303499 0.00405521 0.0050647 0.00602623 0.00691692 0.00772489 0.00844611 0.00908185 0.0096367
 0.000530656 0.00119633 0.00205827 0.00303499 0.00405521 0.0050647 0.00602623 0.00691692 0.00772489 0.00844611 0.00908185 0.0096367
 0.000530656 0.00119633 0.00205827 0.00303499 0.00405521 0.0050647 0.00602623 0.00691692 0.00772489 0.00844611 0.00908185 0.0096367
 0.000530656 0.00119633 0.00205827 0.00303499 0.00405521 0.0050647 0.00602623 0.00691692 0.00772489 0.00844611 0.00908185 0.0096367
 0.000530656 0.00119633 0.00205827 0.00303499 0.00405521 0.0050647 0.00602623 0.00691692 0.00772489 0.00844611 0.00908185 0.0096367
 0.000530656 0.00119633 0.00205827 0.00303499 0.00405521 0.0050647 0.00602623 0.00691692 0.00772489 0.00844611 0.00908185 0.0096367
 0.000530656 0.00119633 0.00205827 0.00303499 0.00405521 0.0050647 0.00602623 0.00691692 0.00772489 0.00844611 0.00908185 0.0096367
 0.000530656 0.00119633 0.00205827 0.00303499 0.00405521 0.0050647 0.00602623 0.00691692 0.00772489 0.00844611 0.00908185 0.0096367
 0.000530656 0.00119633 0.00205827 0.00303499 0.00405521 0.0050647 0.00602623 0.00691692 0.00772489 0.00844611 0.00908185 0.0096367
 0.000530656 0.00119633 0.00205827 0.00303499 0.00405521 0.0050647 0.00602623 0.00691692 0.00772489 0.00844611 0.00908185 0.0096367
 0.000530656 0.00119633 0.00205827 0.00303499 0.00405521 0.0050647 0.00602623 0.00691692 0.00772489 0.00844611 0.00908185 0.0096367
 0.000530656 0.00119633 0.00205827 0.00303499 0.00405521 0.0050647 0.00602623 0.00691692 0.00772489 0.00844611 0.00908185 0.0096367
 0.000530656 0.00119633 0.00205827 0.00303499 0.00405521 0.0050647 0.00602623 0.00691692 0.00772489 0.00844611 0.00908185 0.0096367
 0.000530656 0.00119633 0.00205827 0.00303499 0.00405521 0.0050647 0.00602623 0.00691692 0.00772489 0.00844611 0.00908185 0.0096367
 0.000530656 0.00119633 0.00205827 0.00303499 0.00405521 0.0050647 0.00602623 0.00691692 0.00772489 0.00844611 0.00908185 0.0096367
 0.000530656 0.00119633 0.00205827 0.00303499 0.00405521 0.0050647 0.00602623 0.00691692 0.00772489 0.00844611 0.00908185 0.0096367
 0.000530656 0.00119633 0.00205827 0.00303499 0.00405521 0.0050647 0.00602623 0.00691692 0.00772489 0.00844611 0.00908185 0.0096367
 0.000530656 0.00119633 0.00205827 0.00303499 0.00405521 0.0050647 0.00602623 0.00691692 0.00772489 0.00844611 0.00908185 0.0096367
 0.000530656 0.00119633 0.00205827 0.00303499 0.00405521 0.0050647 0.00602623 0.00691692 0.00772489 0.00844611 0.00908185 0.0096367
# nyrs_ind_age
 30
# yrs_ind_age
 1 2 3 4 5 6 7 8 9 10 11 12 13 14 15 16 17 18 19 20 21 22 23 24 25 26 27 28 29 30
# n_sample_ind_age
 200 200 200 200 200 200 200 200 200 200 200 200 200 200 200 200 200 200 200 200 200 200 200 200 200 200 200 200 200 200
# oac_ind
 0.095 0.12 0.105 0.08 0.085 0.085 0.09 0.125 0.045 0.035 0.025 0.11
 0.06 0.18 0.145 0.12 0.08 0.08 0.085 0.04 0.04 0.02 0.02 0.13
 0.045 0.12 0.115 0.11 0.115 0.08 0.05 0.08 0.06 0.03 0.03 0.165
 0.055 0.11 0.175 0.1 0.105 0.08 0.085 0.025 0.04 0.055 0.015 0.155
 0.06 0.125 0.2 0.185 0.09 0.075 0.065 0.05 0.015 0.025 0.025 0.085
 0.08 0.26 0.125 0.125 0.1 0.06 0.02 0.085 0.025 0.035 0.015 0.07
 0.07 0.205 0.195 0.07 0.105 0.08 0.065 0.065 0.035 0.015 0.01 0.085
 0.05 0.09 0.215 0.18 0.04 0.075 0.11 0.03 0.025 0.045 0.02 0.12
 0.105 0.19 0.165 0.14 0.075 0.065 0.05 0.05 0.03 0.025 0.015 0.09
 0.08 0.22 0.145 0.065 0.135 0.08 0.035 0.055 0.05 0.025 0.025 0.085
 0.085 0.22 0.125 0.1 0.075 0.11 0.085 0.03 0.04 0.02 0.02 0.09
 0.065 0.21 0.22 0.125 0.095 0.05 0.025 0.075 0.03 0.015 0.035 0.055
 0.095 0.165 0.175 0.145 0.075 0.095 0.05 0.04 0.04 0.02 0.03 0.07
 0.095 0.14 0.2 0.19 0.11 0.045 0.025 0.055 0.045 0.025 0.01 0.06
 0.095 0.215 0.18 0.095 0.09 0.1 0.05 0.03 0.04 0.01 0.05 0.045
 0.09 0.155 0.2 0.095 0.105 0.12 0.07 0.03 0.01 0.02 0.05 0.055
 0.105 0.285 0.15 0.14 0.075 0.05 0.04 0.045 0.01 0.025 0.025 0.05
 0.095 0.21 0.23 0.13 0.1 0.065 0.04 0.035 0.01 0.02 0.015 0.05
 0.075 0.19 0.23 0.125 0.1 0.07 0.05 0.05 0.025 0.01 0.035 0.04
 0.06 0.2 0.195 0.185 0.13 0.075 0.05 0.01 0.02 0.02 0.01 0.045
 0.13 0.195 0.19 0.18 0.095 0.07 0.04 0.035 0.02 0.01 0.01 0.025
 0.135 0.24 0.165 0.17 0.1 0.07 0.035 0.02 0.015 0.005 0.01 0.035
 0.06 0.235 0.295 0.14 0.105 0.045 0.055 0.015 0.015 0.005 0.015 0.015
 0.105 0.265 0.285 0.12 0.045 0.06 0.035 0.04 0.02 0.01 0.005 0.01
 0.105 0.17 0.255 0.195 0.14 0.035 0.04 0.005 0.025 0.015 0 0.015
 0.11 0.275 0.18 0.15 0.105 0.09 0.035 0.015 0.015 0.015 0.005 0.005
 0.115 0.205 0.25 0.1 0.125 0.095 0.05 0.025 0.01 0.01 0.01 0.005
 0.145 0.215 0.21 0.175 0.12 0.05 0.04 0.01 0.015 0.01 0 0.01
 0.14 0.315 0.205 0.125 0.11 0.04 0.03 0.01 0.015 0.005 0 0.005
 0.115 0.305 0.23 0.155 0.085 0.025 0.05 0.01 0.01 0.005 0.01 0
# olc_ind

# obs_lse_ind
 0.198042 0.198042 0.198042 0.198042 0.198042 0.198042 0.198042 0.198042 0.198042 0.198042 0.198042 0.198042 0.198042 0.198042 0.198042 0.198042 0.198042 0.198042 0.198042 0.198042 0.198042 0.198042 0.198042 0.198042 0.198042 0.198042 0.198042 0.198042 0.198042 0.198042
# xages_fsh
 0 0 0 0 0 0 0 0 0 0 0 0
# xages_fsh
 0 0.0909091 0.181818 0.272727 0.363636 0.454545 0.545455 0.636364 0.727273 0.818182 0.909091 1
# xnodes_fsh

Yrs fsh_sel change:  1 0 0 0 0 0 0 0 0 0 0 0 0 0 0 0 0 0 0 0 0 0 0 0 0 0 0 0 0
Yrs ind_sel change:  1 0 0 0 0 0 0 0 0 0 0 0 0 0 0 0 0 0 0 0 0 0 0 0 0 0 0 0 0
# steepnessprior
0.75
# sigmarprior
0.2
#  SSB estimated in styr endyr: -12 28 
#  Rec estimated in styr endyr: -10 30 
#  SR Curve fit  in styr endyr: 1 30 
#             Model styr endyr: 1 30 
# qprior
 3.48998e-007
# q_power_prior 
 1 
# cv_catchbiomass 
0.05 
# CatchbiomassPen 
200 
# Number of projection years 
5 
# offset_fsh
 13428.3
# offset_ind
 13114.5
Mean Catch
1275.52
R_guess 
13.8155
# nfsh
1
# n_sel_ch_fsh
 1
# nselages_fsh
 11
# phase_selcoff_fsh
 -1
logRzero 13.8155
logmeanrec 13.8155
exp(log_sigmarprior 0.2
Fish sel phase: -1 OM1
Fixing fishery sel to
1
Fixing fishery sel to
1
Srvy sel phase: -1
Fixing survey_index1 indices sel to
1
Fixing index sel to
1
# logsel_slp_in_indv
 0.693147
Leaving parameter init secton
# M
 0.2 0.2 0.2 0.2 0.2 0.2 0.2 0.2 0.2 0.2 0.2 0.2
 0.2 0.2 0.2 0.2 0.2 0.2 0.2 0.2 0.2 0.2 0.2 0.2
 0.2 0.2 0.2 0.2 0.2 0.2 0.2 0.2 0.2 0.2 0.2 0.2
 0.2 0.2 0.2 0.2 0.2 0.2 0.2 0.2 0.2 0.2 0.2 0.2
 0.2 0.2 0.2 0.2 0.2 0.2 0.2 0.2 0.2 0.2 0.2 0.2
 0.2 0.2 0.2 0.2 0.2 0.2 0.2 0.2 0.2 0.2 0.2 0.2
 0.2 0.2 0.2 0.2 0.2 0.2 0.2 0.2 0.2 0.2 0.2 0.2
 0.2 0.2 0.2 0.2 0.2 0.2 0.2 0.2 0.2 0.2 0.2 0.2
 0.2 0.2 0.2 0.2 0.2 0.2 0.2 0.2 0.2 0.2 0.2 0.2
 0.2 0.2 0.2 0.2 0.2 0.2 0.2 0.2 0.2 0.2 0.2 0.2
 0.2 0.2 0.2 0.2 0.2 0.2 0.2 0.2 0.2 0.2 0.2 0.2
 0.2 0.2 0.2 0.2 0.2 0.2 0.2 0.2 0.2 0.2 0.2 0.2
 0.2 0.2 0.2 0.2 0.2 0.2 0.2 0.2 0.2 0.2 0.2 0.2
 0.2 0.2 0.2 0.2 0.2 0.2 0.2 0.2 0.2 0.2 0.2 0.2
 0.2 0.2 0.2 0.2 0.2 0.2 0.2 0.2 0.2 0.2 0.2 0.2
 0.2 0.2 0.2 0.2 0.2 0.2 0.2 0.2 0.2 0.2 0.2 0.2
 0.2 0.2 0.2 0.2 0.2 0.2 0.2 0.2 0.2 0.2 0.2 0.2
 0.2 0.2 0.2 0.2 0.2 0.2 0.2 0.2 0.2 0.2 0.2 0.2
 0.2 0.2 0.2 0.2 0.2 0.2 0.2 0.2 0.2 0.2 0.2 0.2
 0.2 0.2 0.2 0.2 0.2 0.2 0.2 0.2 0.2 0.2 0.2 0.2
 0.2 0.2 0.2 0.2 0.2 0.2 0.2 0.2 0.2 0.2 0.2 0.2
 0.2 0.2 0.2 0.2 0.2 0.2 0.2 0.2 0.2 0.2 0.2 0.2
 0.2 0.2 0.2 0.2 0.2 0.2 0.2 0.2 0.2 0.2 0.2 0.2
 0.2 0.2 0.2 0.2 0.2 0.2 0.2 0.2 0.2 0.2 0.2 0.2
 0.2 0.2 0.2 0.2 0.2 0.2 0.2 0.2 0.2 0.2 0.2 0.2
 0.2 0.2 0.2 0.2 0.2 0.2 0.2 0.2 0.2 0.2 0.2 0.2
 0.2 0.2 0.2 0.2 0.2 0.2 0.2 0.2 0.2 0.2 0.2 0.2
 0.2 0.2 0.2 0.2 0.2 0.2 0.2 0.2 0.2 0.2 0.2 0.2
 0.2 0.2 0.2 0.2 0.2 0.2 0.2 0.2 0.2 0.2 0.2 0.2
 0.2 0.2 0.2 0.2 0.2 0.2 0.2 0.2 0.2 0.2 0.2 0.2
# mean_log_rec
13.7595
# log_Rzero
13.8035
# rec_dev
 -0.0552281 0.0523855 -0.136889 -0.110218 0.117378 0.063623 0.0666147 -0.0855669 0.0689421 0.104243 0.0393707 0.0383552 0.247972 0.00848686 -0.132515 0.420345 0.323702 -0.0536008 0.00597598 -0.0505605 0.120934 0.042335 -0.0451191 -0.0799092 0.0544005 -0.0686819 0.0658639 0.0504165 -0.184368 -0.132316 -0.415193 0.0199936 -0.0277119 -0.19992 -0.408711 -0.200612 -0.469989 -0.304431 -0.211694 -0.141786 -0.309286
# fmort
 0.00912656 0.0266452 0.0448042 0.0602784 0.048191 0.0872563 0.0881026 0.185437 0.109877 0.134878 0.153807 0.167227 0.120713 0.176054 0.187482 0.167597 0.328716 0.269076 0.26418 0.26046 0.361269 0.259928 0.429457 0.351466 0.34853 0.316091 0.310678 0.436787 0.335202 0.5084
# rec_dev_future
 0 0 0 0 0
