AMAK;August_2013
# styr
1
# endyr
30
# rec_age
1
# oldest_age
12
# nlength
81
# len_bins
 10 11 12 13 14 15 16 17 18 19 20 21 22 23 24 25 26 27 28 29 30 31 32 33 34 35 36 37 38 39 40 41 42 43 44 45 46 47 48 49 50 51 52 53 54 55 56 57 58 59 60 61 62 63 64 65 66 67 68 69 70 71 72 73 74 75 76 77 78 79 80 81 82 83 84 85 86 87 88 89 90
# datafile_name
amak_data.dat
# model_name
OM_1
# styr
1
# endyr
30
# rec_age
1
# oldest_age
12
# nfsh
1
# fshname
OM1
# catch_bio_in
 160.984 465.264 755.566 999.529 765.043 1325.2 1280.37 2479.02 1318.58 1525.98 1617.4 1603.12 1112.23 1531.02 1507.6 1272.91 2265.6 1602.95 1464.63 1322.36 1630.1 1069.82 1630.47 1194.47 1115.9 969.605 931.077 1211.03 873.557 1259.91
# catch_bio_sd_in
 0.01 0.01 0.01 0.01 0.01 0.01 0.01 0.01 0.01 0.01 0.01 0.01 0.01 0.01 0.01 0.01 0.01 0.01 0.01 0.01 0.01 0.01 0.01 0.01 0.01 0.01 0.01 0.01 0.01 0.01
# nyrs_fsh_age
 30
# nyrs_fsh_length
 0
# yrs_fsh_age_in
 1 2 3 4 5 6 7 8 9 10 11 12 13 14 15 16 17 18 19 20 21 22 23 24 25 26 27 28 29 30
# yrs_fsh_length_in

# n_sample_fsh_length_in

# olc_fsh_in

# nind
1
# indname
survey_index1
# nyrs_ind
 30
# yrs_ind_in
 1 2 3 4 5 6 7 8 9 10 11 12 13 14 15 16 17 18 19 20 21 22 23 24 25 26 27 28 29 30
# mo_ind
 1
# obs_ind_in
 1.46885 1.59847 1.60907 1.59398 1.62083 1.39168 1.72423 1.27147 1.16569 1.20979 1.32429 1.19935 1.03028 0.915543 0.77186 1.07765 0.883977 0.883256 0.831249 0.684118 0.744394 0.676197 0.850791 0.572434 0.536782 0.535538 0.586471 0.427179 0.44939 0.576353
# obs_se_ind_in
 0.29377 0.319695 0.321814 0.318797 0.324167 0.278337 0.344846 0.254294 0.233137 0.241957 0.264859 0.23987 0.206057 0.183109 0.154372 0.215529 0.176795 0.176651 0.16625 0.136824 0.148879 0.135239 0.170158 0.114487 0.107356 0.107108 0.117294 0.0854357 0.089878 0.115271
# nyrs_ind_age
 30
# nyrs_ind_length
 0
# yrs_ind_age_in
 1 2 3 4 5 6 7 8 9 10 11 12 13 14 15 16 17 18 19 20 21 22 23 24 25 26 27 28 29 30
# yrs_ind_length_in

# yrs_ind_age_in
 1 2 3 4 5 6 7 8 9 10 11 12 13 14 15 16 17 18 19 20 21 22 23 24 25 26 27 28 29 30
# n_sample_ind_length_in

# olc_ind_in

# oac_ind_in
 0.085 0.14 0.115 0.125 0.075 0.105 0.07 0.06 0.06 0.015 0.03 0.12
 0.13 0.175 0.16 0.09 0.075 0.065 0.085 0.04 0.035 0.035 0.01 0.1
 0.055 0.17 0.145 0.1 0.09 0.07 0.085 0.05 0.035 0.04 0.045 0.115
 0.04 0.17 0.22 0.125 0.1 0.08 0.08 0.03 0.025 0.03 0.015 0.085
 0.09 0.11 0.135 0.14 0.105 0.055 0.05 0.035 0.04 0.03 0.065 0.145
 0.065 0.185 0.1 0.1 0.13 0.08 0.095 0.05 0.02 0.04 0.02 0.115
 0.08 0.19 0.19 0.095 0.08 0.075 0.065 0.055 0.02 0.02 0.02 0.11
 0.065 0.125 0.19 0.15 0.075 0.055 0.09 0.03 0.055 0.03 0.015 0.12
 0.09 0.185 0.165 0.18 0.165 0.03 0.04 0.035 0.02 0.015 0.015 0.06
 0.095 0.14 0.17 0.095 0.135 0.09 0.055 0.06 0.025 0.035 0.01 0.09
 0.08 0.125 0.185 0.18 0.11 0.085 0.07 0.03 0.03 0.025 0.01 0.07
 0.09 0.16 0.185 0.16 0.15 0.055 0.07 0.02 0.02 0.025 0.005 0.06
 0.06 0.175 0.165 0.14 0.06 0.09 0.04 0.075 0.085 0.01 0.015 0.085
 0.08 0.18 0.15 0.135 0.105 0.09 0.085 0.04 0.045 0.015 0.005 0.07
 0.09 0.205 0.185 0.115 0.12 0.08 0.045 0.045 0.04 0.04 0.01 0.025
 0.095 0.18 0.22 0.135 0.115 0.06 0.05 0.015 0.06 0.01 0.015 0.045
 0.09 0.21 0.165 0.185 0.095 0.04 0.05 0.03 0.035 0.025 0.01 0.065
 0.115 0.225 0.175 0.125 0.085 0.08 0.065 0.02 0.015 0.02 0.035 0.04
 0.07 0.14 0.25 0.16 0.11 0.09 0.055 0.035 0.015 0.025 0.01 0.04
 0.105 0.195 0.145 0.185 0.13 0.075 0.05 0.03 0.015 0.015 0.01 0.045
 0.155 0.165 0.21 0.145 0.145 0.055 0.045 0.03 0.005 0.01 0.01 0.025
 0.19 0.295 0.145 0.105 0.045 0.085 0.055 0.015 0.035 0.02 0.005 0.005
 0.125 0.26 0.245 0.14 0.075 0.065 0.03 0.015 0.02 0.01 0.015 0
 0.075 0.185 0.33 0.2 0.065 0.035 0.025 0.015 0.025 0.025 0 0.02
 0.16 0.2 0.245 0.16 0.115 0.04 0.03 0.015 0.02 0.01 0 0.005
 0.075 0.305 0.165 0.16 0.115 0.095 0.02 0.015 0.01 0.005 0.015 0.02
 0.135 0.23 0.21 0.12 0.09 0.08 0.055 0.02 0.05 0 0.005 0.005
 0.16 0.21 0.175 0.215 0.08 0.06 0.05 0.015 0 0.015 0.005 0.015
 0.145 0.25 0.23 0.115 0.11 0.035 0.055 0.035 0.02 0.005 0 0
 0.125 0.32 0.245 0.12 0.065 0.05 0.03 0.01 0 0.015 0.01 0.01
# wt_ind
 1 1 1 1 1 1 1 1 1 1 1 1
 1 1 1 1 1 1 1 1 1 1 1 1
 1 1 1 1 1 1 1 1 1 1 1 1
 1 1 1 1 1 1 1 1 1 1 1 1
 1 1 1 1 1 1 1 1 1 1 1 1
 1 1 1 1 1 1 1 1 1 1 1 1
 1 1 1 1 1 1 1 1 1 1 1 1
 1 1 1 1 1 1 1 1 1 1 1 1
 1 1 1 1 1 1 1 1 1 1 1 1
 1 1 1 1 1 1 1 1 1 1 1 1
 1 1 1 1 1 1 1 1 1 1 1 1
 1 1 1 1 1 1 1 1 1 1 1 1
 1 1 1 1 1 1 1 1 1 1 1 1
 1 1 1 1 1 1 1 1 1 1 1 1
 1 1 1 1 1 1 1 1 1 1 1 1
 1 1 1 1 1 1 1 1 1 1 1 1
 1 1 1 1 1 1 1 1 1 1 1 1
 1 1 1 1 1 1 1 1 1 1 1 1
 1 1 1 1 1 1 1 1 1 1 1 1
 1 1 1 1 1 1 1 1 1 1 1 1
 1 1 1 1 1 1 1 1 1 1 1 1
 1 1 1 1 1 1 1 1 1 1 1 1
 1 1 1 1 1 1 1 1 1 1 1 1
 1 1 1 1 1 1 1 1 1 1 1 1
 1 1 1 1 1 1 1 1 1 1 1 1
 1 1 1 1 1 1 1 1 1 1 1 1
 1 1 1 1 1 1 1 1 1 1 1 1
 1 1 1 1 1 1 1 1 1 1 1 1
 1 1 1 1 1 1 1 1 1 1 1 1
 1 1 1 1 1 1 1 1 1 1 1 1
# wt_pop
 0.000530656 0.00119633 0.00205827 0.00303499 0.00405521 0.0050647 0.00602623 0.00691692 0.00772489 0.00844611 0.00908185 0.0096367
# maturity
 0.0229774 0.320821 0.904651 0.99478 0.999739 0.999987 0.999999 1 1 1 1 1
# spawnmo
1
# age_err
 1 0 0 0 0 0 0 0 0 0 0 0
 0 1 0 0 0 0 0 0 0 0 0 0
 0 0 1 0 0 0 0 0 0 0 0 0
 0 0 0 1 0 0 0 0 0 0 0 0
 0 0 0 0 1 0 0 0 0 0 0 0
 0 0 0 0 0 1 0 0 0 0 0 0
 0 0 0 0 0 0 1 0 0 0 0 0
 0 0 0 0 0 0 0 1 0 0 0 0
 0 0 0 0 0 0 0 0 1 0 0 0
 0 0 0 0 0 0 0 0 0 1 0 0
 0 0 0 0 0 0 0 0 0 0 1 0
 0 0 0 0 0 0 0 0 0 0 0 1
# cntrlfile_name
C:\Users\bai.li\Desktop\s1_test\AMAK\s91\amak.dat
# Map shared selectivity: 
# sel_map
 1 2
 1 1
# datafile_name
amak_data.dat
# model_name
OM_1
# SrType
2
# use_age_err
0
# retro
0
# sigmarprior
0.2
# cvsigmarprior
0.25
# phase_sigmar
-3
# styr_rec_est
1
# endyr_rec_est
30
# Linfprior
80
# cvLinfprior
0.25
# kprior
0.18
# cvkprior
0.25
# Loprior
27.688
# cvLoprior
0.25
# sdageprior
0.1
# cvsdageprior
0.25
# natmortprior
0.2
# cvnatmortprior
0.25
# phase_M
-4
# npars_Mage
0
# ages_M_changes

# Mage_in

# phase_Mage
-5
# phase_rw_M
0
# npars_rw_M
0
# yrs_rw_M

# sigma_rw_M

# qprior
 3.48998e-007
# cvqprior
 1
# phase_q
 1
# q_power_prior
 1
# cvq_power_prior
 0.2
# phase_q_power
 -4
# phase_rw_q
 -1
# npars_rw_q
 0
# yrs_rw_q

# sigma_rw_q

# q_age_min
 1
# q_age_max
 12
# q_age_min
 1
# q_age_max
 12
# fsh_sel_opt(k)
2
# phase_sel_fsh(k)
-2
# n_sel_ch_fsh(k)
1
# sel_slp_in_fsh(k)(1,n_sel_ch_fsh(k))
 1
# sel_inf_in_fsh(k)(1,n_sel_ch_fsh(k))
 2
# logsel_slp_in_fsh(k)(1,n_sel_ch_fsh(k))
 0
# yrs_sel_ch_fsh(k)(1,n_sel_ch_fsh(k))
 1

Survey survey_index1
# ind_sel_opt(k)
2
# indname(k)
survey_index1
# nselages_in_ind(k)
11
# phase_sel_ind(k)
-2
# sel_change_in_ind(k)
 1 0 0 0 0 0 0 0 0 0 0 0 0 0 0 0 0 0 0 0 0 0 0 0 0 0 0 0 0 0
# n_sel_ch_ind(k)
1
# yrs_sel_ch_ind(k)(1,n_sel_ch_ind(k))
 1
# sel_slp_in_ind(k,1)
2
# sel_inf_in_ind(k,1)
1.5
# logsel_slp_in_ind(k,1)
0.693147
# logsel_slp_in_indv(k)
0.693147
survey_index1 ind sel opt 2  1 0 0 0 0 0 0 0 0 0 0 0 0 0 0 0 0 0 0 0 0 0 0 0 0 0 0 0 0 0
Phase indices Sel_Coffs:  -1
 Test: 1.23457e+008
# Fshry Selages:  11
# Srvy  Selages:  11
# Phase for age-spec fishery  -1
# Phase for logistic fishery  -2
# Phase for dble logistic fishery  -1
# Phase for age-spec indices   -1
# Phase for logistic indices   -2
# Phase for dble logistic ind  -1
# Curv_pen_fsh: 
 0
# Curv_pen_ind: 
 0
# styr_fut
31
# endyr_fut
35
# nyrs_fsh_age
 30
# nyrs_fsh_age
 30
# yrs_fsh_age
 1 2 3 4 5 6 7 8 9 10 11 12 13 14 15 16 17 18 19 20 21 22 23 24 25 26 27 28 29 30
# n_sample_fsh_age
 200 200 200 200 200 200 200 200 200 200 200 200 200 200 200 200 200 200 200 200 200 200 200 200 200 200 200 200 200 200
# oac_fsh
 0.08 0.125 0.095 0.12 0.1 0.1 0.075 0.06 0.035 0.05 0.03 0.13
 0.04 0.125 0.12 0.175 0.1 0.095 0.05 0.055 0.04 0.02 0.025 0.155
 0.09 0.115 0.125 0.105 0.125 0.06 0.05 0.045 0.045 0.07 0.025 0.145
 0.045 0.105 0.17 0.09 0.14 0.08 0.045 0.075 0.045 0.04 0.045 0.12
 0.105 0.105 0.09 0.105 0.09 0.1 0.06 0.065 0.035 0.05 0.045 0.15
 0.075 0.14 0.09 0.125 0.145 0.065 0.05 0.06 0.05 0.025 0.035 0.14
 0.075 0.12 0.185 0.085 0.07 0.095 0.07 0.05 0.05 0.035 0.035 0.13
 0.075 0.13 0.14 0.135 0.065 0.09 0.07 0.08 0.065 0.035 0.02 0.095
 0.06 0.105 0.135 0.17 0.16 0.055 0.045 0.03 0.08 0.045 0.035 0.08
 0.08 0.135 0.155 0.12 0.125 0.13 0.06 0.05 0.035 0.01 0.015 0.085
 0.09 0.16 0.12 0.11 0.11 0.12 0.085 0.025 0.015 0.035 0.01 0.12
 0.09 0.135 0.135 0.14 0.15 0.06 0.07 0.05 0.045 0.015 0.01 0.1
 0.105 0.145 0.175 0.155 0.1 0.11 0.065 0.05 0.05 0.01 0.005 0.03
 0.09 0.105 0.11 0.16 0.135 0.095 0.09 0.04 0.04 0.03 0.01 0.095
 0.135 0.16 0.135 0.13 0.115 0.085 0.055 0.06 0.05 0.015 0.005 0.055
 0.15 0.135 0.22 0.1 0.1 0.065 0.05 0.04 0.03 0.03 0.005 0.075
 0.13 0.145 0.1 0.205 0.1 0.065 0.07 0.055 0.045 0.025 0.01 0.05
 0.07 0.17 0.24 0.15 0.115 0.08 0.04 0.045 0.025 0.005 0.015 0.045
 0.14 0.145 0.215 0.17 0.075 0.07 0.045 0.06 0.025 0.02 0.005 0.03
 0.095 0.21 0.165 0.135 0.14 0.08 0.055 0.02 0.025 0.02 0.015 0.04
 0.15 0.11 0.215 0.135 0.105 0.06 0.07 0.05 0.045 0.005 0.015 0.04
 0.195 0.2 0.125 0.165 0.085 0.09 0.04 0.02 0.015 0.025 0.01 0.03
 0.155 0.255 0.23 0.1 0.095 0.05 0.04 0.02 0.005 0.01 0.005 0.035
 0.125 0.21 0.19 0.21 0.085 0.07 0.035 0.015 0.015 0.01 0.025 0.01
 0.15 0.19 0.2 0.18 0.15 0.01 0.035 0.04 0.015 0.01 0 0.02
 0.13 0.3 0.18 0.135 0.1 0.07 0.025 0.02 0.01 0.01 0.015 0.005
 0.135 0.15 0.285 0.15 0.075 0.085 0.05 0.03 0.015 0.005 0.005 0.015
 0.19 0.195 0.115 0.23 0.075 0.085 0.055 0.01 0.015 0.015 0.01 0.005
 0.205 0.19 0.19 0.135 0.145 0.035 0.05 0.035 0 0 0 0.015
 0.155 0.23 0.225 0.175 0.065 0.07 0.02 0.02 0.015 0.015 0 0.01
# olc_fsh

# wt_fsh
 0.000530656 0.00119633 0.00205827 0.00303499 0.00405521 0.0050647 0.00602623 0.00691692 0.00772489 0.00844611 0.00908185 0.0096367
 0.000530656 0.00119633 0.00205827 0.00303499 0.00405521 0.0050647 0.00602623 0.00691692 0.00772489 0.00844611 0.00908185 0.0096367
 0.000530656 0.00119633 0.00205827 0.00303499 0.00405521 0.0050647 0.00602623 0.00691692 0.00772489 0.00844611 0.00908185 0.0096367
 0.000530656 0.00119633 0.00205827 0.00303499 0.00405521 0.0050647 0.00602623 0.00691692 0.00772489 0.00844611 0.00908185 0.0096367
 0.000530656 0.00119633 0.00205827 0.00303499 0.00405521 0.0050647 0.00602623 0.00691692 0.00772489 0.00844611 0.00908185 0.0096367
 0.000530656 0.00119633 0.00205827 0.00303499 0.00405521 0.0050647 0.00602623 0.00691692 0.00772489 0.00844611 0.00908185 0.0096367
 0.000530656 0.00119633 0.00205827 0.00303499 0.00405521 0.0050647 0.00602623 0.00691692 0.00772489 0.00844611 0.00908185 0.0096367
 0.000530656 0.00119633 0.00205827 0.00303499 0.00405521 0.0050647 0.00602623 0.00691692 0.00772489 0.00844611 0.00908185 0.0096367
 0.000530656 0.00119633 0.00205827 0.00303499 0.00405521 0.0050647 0.00602623 0.00691692 0.00772489 0.00844611 0.00908185 0.0096367
 0.000530656 0.00119633 0.00205827 0.00303499 0.00405521 0.0050647 0.00602623 0.00691692 0.00772489 0.00844611 0.00908185 0.0096367
 0.000530656 0.00119633 0.00205827 0.00303499 0.00405521 0.0050647 0.00602623 0.00691692 0.00772489 0.00844611 0.00908185 0.0096367
 0.000530656 0.00119633 0.00205827 0.00303499 0.00405521 0.0050647 0.00602623 0.00691692 0.00772489 0.00844611 0.00908185 0.0096367
 0.000530656 0.00119633 0.00205827 0.00303499 0.00405521 0.0050647 0.00602623 0.00691692 0.00772489 0.00844611 0.00908185 0.0096367
 0.000530656 0.00119633 0.00205827 0.00303499 0.00405521 0.0050647 0.00602623 0.00691692 0.00772489 0.00844611 0.00908185 0.0096367
 0.000530656 0.00119633 0.00205827 0.00303499 0.00405521 0.0050647 0.00602623 0.00691692 0.00772489 0.00844611 0.00908185 0.0096367
 0.000530656 0.00119633 0.00205827 0.00303499 0.00405521 0.0050647 0.00602623 0.00691692 0.00772489 0.00844611 0.00908185 0.0096367
 0.000530656 0.00119633 0.00205827 0.00303499 0.00405521 0.0050647 0.00602623 0.00691692 0.00772489 0.00844611 0.00908185 0.0096367
 0.000530656 0.00119633 0.00205827 0.00303499 0.00405521 0.0050647 0.00602623 0.00691692 0.00772489 0.00844611 0.00908185 0.0096367
 0.000530656 0.00119633 0.00205827 0.00303499 0.00405521 0.0050647 0.00602623 0.00691692 0.00772489 0.00844611 0.00908185 0.0096367
 0.000530656 0.00119633 0.00205827 0.00303499 0.00405521 0.0050647 0.00602623 0.00691692 0.00772489 0.00844611 0.00908185 0.0096367
 0.000530656 0.00119633 0.00205827 0.00303499 0.00405521 0.0050647 0.00602623 0.00691692 0.00772489 0.00844611 0.00908185 0.0096367
 0.000530656 0.00119633 0.00205827 0.00303499 0.00405521 0.0050647 0.00602623 0.00691692 0.00772489 0.00844611 0.00908185 0.0096367
 0.000530656 0.00119633 0.00205827 0.00303499 0.00405521 0.0050647 0.00602623 0.00691692 0.00772489 0.00844611 0.00908185 0.0096367
 0.000530656 0.00119633 0.00205827 0.00303499 0.00405521 0.0050647 0.00602623 0.00691692 0.00772489 0.00844611 0.00908185 0.0096367
 0.000530656 0.00119633 0.00205827 0.00303499 0.00405521 0.0050647 0.00602623 0.00691692 0.00772489 0.00844611 0.00908185 0.0096367
 0.000530656 0.00119633 0.00205827 0.00303499 0.00405521 0.0050647 0.00602623 0.00691692 0.00772489 0.00844611 0.00908185 0.0096367
 0.000530656 0.00119633 0.00205827 0.00303499 0.00405521 0.0050647 0.00602623 0.00691692 0.00772489 0.00844611 0.00908185 0.0096367
 0.000530656 0.00119633 0.00205827 0.00303499 0.00405521 0.0050647 0.00602623 0.00691692 0.00772489 0.00844611 0.00908185 0.0096367
 0.000530656 0.00119633 0.00205827 0.00303499 0.00405521 0.0050647 0.00602623 0.00691692 0.00772489 0.00844611 0.00908185 0.0096367
 0.000530656 0.00119633 0.00205827 0.00303499 0.00405521 0.0050647 0.00602623 0.00691692 0.00772489 0.00844611 0.00908185 0.0096367
# nyrs_ind_age
 30
# yrs_ind_age
 1 2 3 4 5 6 7 8 9 10 11 12 13 14 15 16 17 18 19 20 21 22 23 24 25 26 27 28 29 30
# n_sample_ind_age
 200 200 200 200 200 200 200 200 200 200 200 200 200 200 200 200 200 200 200 200 200 200 200 200 200 200 200 200 200 200
# oac_ind
 0.085 0.14 0.115 0.125 0.075 0.105 0.07 0.06 0.06 0.015 0.03 0.12
 0.13 0.175 0.16 0.09 0.075 0.065 0.085 0.04 0.035 0.035 0.01 0.1
 0.055 0.17 0.145 0.1 0.09 0.07 0.085 0.05 0.035 0.04 0.045 0.115
 0.04 0.17 0.22 0.125 0.1 0.08 0.08 0.03 0.025 0.03 0.015 0.085
 0.09 0.11 0.135 0.14 0.105 0.055 0.05 0.035 0.04 0.03 0.065 0.145
 0.065 0.185 0.1 0.1 0.13 0.08 0.095 0.05 0.02 0.04 0.02 0.115
 0.08 0.19 0.19 0.095 0.08 0.075 0.065 0.055 0.02 0.02 0.02 0.11
 0.065 0.125 0.19 0.15 0.075 0.055 0.09 0.03 0.055 0.03 0.015 0.12
 0.09 0.185 0.165 0.18 0.165 0.03 0.04 0.035 0.02 0.015 0.015 0.06
 0.095 0.14 0.17 0.095 0.135 0.09 0.055 0.06 0.025 0.035 0.01 0.09
 0.08 0.125 0.185 0.18 0.11 0.085 0.07 0.03 0.03 0.025 0.01 0.07
 0.09 0.16 0.185 0.16 0.15 0.055 0.07 0.02 0.02 0.025 0.005 0.06
 0.06 0.175 0.165 0.14 0.06 0.09 0.04 0.075 0.085 0.01 0.015 0.085
 0.08 0.18 0.15 0.135 0.105 0.09 0.085 0.04 0.045 0.015 0.005 0.07
 0.09 0.205 0.185 0.115 0.12 0.08 0.045 0.045 0.04 0.04 0.01 0.025
 0.095 0.18 0.22 0.135 0.115 0.06 0.05 0.015 0.06 0.01 0.015 0.045
 0.09 0.21 0.165 0.185 0.095 0.04 0.05 0.03 0.035 0.025 0.01 0.065
 0.115 0.225 0.175 0.125 0.085 0.08 0.065 0.02 0.015 0.02 0.035 0.04
 0.07 0.14 0.25 0.16 0.11 0.09 0.055 0.035 0.015 0.025 0.01 0.04
 0.105 0.195 0.145 0.185 0.13 0.075 0.05 0.03 0.015 0.015 0.01 0.045
 0.155 0.165 0.21 0.145 0.145 0.055 0.045 0.03 0.005 0.01 0.01 0.025
 0.19 0.295 0.145 0.105 0.045 0.085 0.055 0.015 0.035 0.02 0.005 0.005
 0.125 0.26 0.245 0.14 0.075 0.065 0.03 0.015 0.02 0.01 0.015 0
 0.075 0.185 0.33 0.2 0.065 0.035 0.025 0.015 0.025 0.025 0 0.02
 0.16 0.2 0.245 0.16 0.115 0.04 0.03 0.015 0.02 0.01 0 0.005
 0.075 0.305 0.165 0.16 0.115 0.095 0.02 0.015 0.01 0.005 0.015 0.02
 0.135 0.23 0.21 0.12 0.09 0.08 0.055 0.02 0.05 0 0.005 0.005
 0.16 0.21 0.175 0.215 0.08 0.06 0.05 0.015 0 0.015 0.005 0.015
 0.145 0.25 0.23 0.115 0.11 0.035 0.055 0.035 0.02 0.005 0 0
 0.125 0.32 0.245 0.12 0.065 0.05 0.03 0.01 0 0.015 0.01 0.01
# olc_ind

# obs_lse_ind
 0.198042 0.198042 0.198042 0.198042 0.198042 0.198042 0.198042 0.198042 0.198042 0.198042 0.198042 0.198042 0.198042 0.198042 0.198042 0.198042 0.198042 0.198042 0.198042 0.198042 0.198042 0.198042 0.198042 0.198042 0.198042 0.198042 0.198042 0.198042 0.198042 0.198042
# xages_fsh
 0 0 0 0 0 0 0 0 0 0 0 0
# xages_fsh
 0 0.0909091 0.181818 0.272727 0.363636 0.454545 0.545455 0.636364 0.727273 0.818182 0.909091 1
# xnodes_fsh

Yrs fsh_sel change:  1 0 0 0 0 0 0 0 0 0 0 0 0 0 0 0 0 0 0 0 0 0 0 0 0 0 0 0 0
Yrs ind_sel change:  1 0 0 0 0 0 0 0 0 0 0 0 0 0 0 0 0 0 0 0 0 0 0 0 0 0 0 0 0
# steepnessprior
0.75
# sigmarprior
0.2
#  SSB estimated in styr endyr: -12 28 
#  Rec estimated in styr endyr: -10 30 
#  SR Curve fit  in styr endyr: 1 30 
#             Model styr endyr: 1 30 
# qprior
 3.48998e-007
# q_power_prior 
 1 
# cv_catchbiomass 
0.05 
# CatchbiomassPen 
200 
# Number of projection years 
5 
# offset_fsh
 13425.4
# offset_ind
 13118.5
Mean Catch
1275.38
R_guess 
13.8155
# nfsh
1
# n_sel_ch_fsh
 1
# nselages_fsh
 11
# phase_selcoff_fsh
 -1
logRzero 13.8155
logmeanrec 13.8155
exp(log_sigmarprior 0.2
Fish sel phase: -1 OM1
Fixing fishery sel to
1
Fixing fishery sel to
1
Srvy sel phase: -1
Fixing survey_index1 indices sel to
1
Fixing index sel to
1
# logsel_slp_in_indv
 0.693147
Leaving parameter init secton
# M
 0.2 0.2 0.2 0.2 0.2 0.2 0.2 0.2 0.2 0.2 0.2 0.2
 0.2 0.2 0.2 0.2 0.2 0.2 0.2 0.2 0.2 0.2 0.2 0.2
 0.2 0.2 0.2 0.2 0.2 0.2 0.2 0.2 0.2 0.2 0.2 0.2
 0.2 0.2 0.2 0.2 0.2 0.2 0.2 0.2 0.2 0.2 0.2 0.2
 0.2 0.2 0.2 0.2 0.2 0.2 0.2 0.2 0.2 0.2 0.2 0.2
 0.2 0.2 0.2 0.2 0.2 0.2 0.2 0.2 0.2 0.2 0.2 0.2
 0.2 0.2 0.2 0.2 0.2 0.2 0.2 0.2 0.2 0.2 0.2 0.2
 0.2 0.2 0.2 0.2 0.2 0.2 0.2 0.2 0.2 0.2 0.2 0.2
 0.2 0.2 0.2 0.2 0.2 0.2 0.2 0.2 0.2 0.2 0.2 0.2
 0.2 0.2 0.2 0.2 0.2 0.2 0.2 0.2 0.2 0.2 0.2 0.2
 0.2 0.2 0.2 0.2 0.2 0.2 0.2 0.2 0.2 0.2 0.2 0.2
 0.2 0.2 0.2 0.2 0.2 0.2 0.2 0.2 0.2 0.2 0.2 0.2
 0.2 0.2 0.2 0.2 0.2 0.2 0.2 0.2 0.2 0.2 0.2 0.2
 0.2 0.2 0.2 0.2 0.2 0.2 0.2 0.2 0.2 0.2 0.2 0.2
 0.2 0.2 0.2 0.2 0.2 0.2 0.2 0.2 0.2 0.2 0.2 0.2
 0.2 0.2 0.2 0.2 0.2 0.2 0.2 0.2 0.2 0.2 0.2 0.2
 0.2 0.2 0.2 0.2 0.2 0.2 0.2 0.2 0.2 0.2 0.2 0.2
 0.2 0.2 0.2 0.2 0.2 0.2 0.2 0.2 0.2 0.2 0.2 0.2
 0.2 0.2 0.2 0.2 0.2 0.2 0.2 0.2 0.2 0.2 0.2 0.2
 0.2 0.2 0.2 0.2 0.2 0.2 0.2 0.2 0.2 0.2 0.2 0.2
 0.2 0.2 0.2 0.2 0.2 0.2 0.2 0.2 0.2 0.2 0.2 0.2
 0.2 0.2 0.2 0.2 0.2 0.2 0.2 0.2 0.2 0.2 0.2 0.2
 0.2 0.2 0.2 0.2 0.2 0.2 0.2 0.2 0.2 0.2 0.2 0.2
 0.2 0.2 0.2 0.2 0.2 0.2 0.2 0.2 0.2 0.2 0.2 0.2
 0.2 0.2 0.2 0.2 0.2 0.2 0.2 0.2 0.2 0.2 0.2 0.2
 0.2 0.2 0.2 0.2 0.2 0.2 0.2 0.2 0.2 0.2 0.2 0.2
 0.2 0.2 0.2 0.2 0.2 0.2 0.2 0.2 0.2 0.2 0.2 0.2
 0.2 0.2 0.2 0.2 0.2 0.2 0.2 0.2 0.2 0.2 0.2 0.2
 0.2 0.2 0.2 0.2 0.2 0.2 0.2 0.2 0.2 0.2 0.2 0.2
 0.2 0.2 0.2 0.2 0.2 0.2 0.2 0.2 0.2 0.2 0.2 0.2
# mean_log_rec
13.7486
# log_Rzero
13.8019
# rec_dev
 -0.0753919 -0.0324145 -0.140735 -0.0127739 0.0980797 0.074694 0.0414516 -0.0241229 -0.0594501 0.030236 0.120538 0.111651 0.233677 0.0044954 -0.200141 0.366526 0.301335 0.0508401 0.235028 0.00968891 0.0523944 0.010936 -0.0878796 -0.0786214 0.121776 -0.0793413 0.0639342 0.0467438 -0.290694 -0.134775 -0.42475 0.0817429 0.0642835 -0.179754 -0.431133 -0.044535 -0.523954 -0.326435 -0.206849 -0.113366 -0.279848
# fmort
 0.00927074 0.027092 0.0450284 0.0618386 0.0491531 0.0889415 0.0904682 0.190707 0.110775 0.135242 0.153567 0.164576 0.121161 0.17647 0.187573 0.167763 0.331565 0.269639 0.271569 0.269094 0.3747 0.269293 0.44157 0.355934 0.349664 0.314971 0.307861 0.426577 0.324376 0.490306
# rec_dev_future
 0 0 0 0 0
