AMAK;August_2013
# styr
1
# endyr
30
# rec_age
1
# oldest_age
12
# nlength
81
# len_bins
 10 11 12 13 14 15 16 17 18 19 20 21 22 23 24 25 26 27 28 29 30 31 32 33 34 35 36 37 38 39 40 41 42 43 44 45 46 47 48 49 50 51 52 53 54 55 56 57 58 59 60 61 62 63 64 65 66 67 68 69 70 71 72 73 74 75 76 77 78 79 80 81 82 83 84 85 86 87 88 89 90
# datafile_name
amak_data.dat
# model_name
OM_1
# styr
1
# endyr
30
# rec_age
1
# oldest_age
12
# nfsh
1
# fshname
OM1
# catch_bio_in
 161.858 466.115 763.153 990.972 772.908 1327.69 1283.68 2471.19 1327.99 1526.97 1623.93 1613.24 1106.01 1513.35 1525.18 1279.27 2251.11 1614.88 1454.48 1317.02 1619.2 1078.28 1633.02 1209.9 1114 963.449 928.113 1217.07 871.572 1274.58
# catch_bio_sd_in
 0.01 0.01 0.01 0.01 0.01 0.01 0.01 0.01 0.01 0.01 0.01 0.01 0.01 0.01 0.01 0.01 0.01 0.01 0.01 0.01 0.01 0.01 0.01 0.01 0.01 0.01 0.01 0.01 0.01 0.01
# nyrs_fsh_age
 30
# nyrs_fsh_length
 0
# yrs_fsh_age_in
 1 2 3 4 5 6 7 8 9 10 11 12 13 14 15 16 17 18 19 20 21 22 23 24 25 26 27 28 29 30
# yrs_fsh_length_in

# n_sample_fsh_length_in

# olc_fsh_in

# nind
1
# indname
survey_index1
# nyrs_ind
 30
# yrs_ind_in
 1 2 3 4 5 6 7 8 9 10 11 12 13 14 15 16 17 18 19 20 21 22 23 24 25 26 27 28 29 30
# mo_ind
 1
# obs_ind_in
 1.46262 1.62004 1.69603 1.49458 1.24715 1.42468 1.37158 1.69957 1.06176 1.10973 1.29101 1.13735 1.18805 1.22255 1.09101 0.990393 0.872876 0.86735 0.762133 0.765855 0.567427 0.647415 0.721291 0.564822 0.539033 0.619798 0.568299 0.504104 0.503684 0.515023
# obs_se_ind_in
 0.292525 0.324008 0.339207 0.298917 0.24943 0.284936 0.274316 0.339915 0.212352 0.221947 0.258202 0.22747 0.23761 0.24451 0.218203 0.198079 0.174575 0.17347 0.152427 0.153171 0.113485 0.129483 0.144258 0.112964 0.107807 0.12396 0.11366 0.100821 0.100737 0.103005
# nyrs_ind_age
 30
# nyrs_ind_length
 0
# yrs_ind_age_in
 1 2 3 4 5 6 7 8 9 10 11 12 13 14 15 16 17 18 19 20 21 22 23 24 25 26 27 28 29 30
# yrs_ind_length_in

# yrs_ind_age_in
 1 2 3 4 5 6 7 8 9 10 11 12 13 14 15 16 17 18 19 20 21 22 23 24 25 26 27 28 29 30
# n_sample_ind_length_in

# olc_ind_in

# oac_ind_in
 0.055 0.1 0.19 0.135 0.125 0.07 0.045 0.06 0.04 0.025 0.04 0.115
 0.08 0.12 0.09 0.165 0.105 0.09 0.085 0.05 0.045 0.045 0.015 0.11
 0.05 0.195 0.11 0.145 0.085 0.1 0.11 0.05 0.04 0.025 0.01 0.08
 0.055 0.16 0.175 0.115 0.07 0.07 0.115 0.06 0.05 0.025 0.01 0.095
 0.105 0.12 0.085 0.165 0.1 0.085 0.06 0.065 0.06 0.035 0.02 0.1
 0.05 0.215 0.115 0.09 0.105 0.095 0.065 0.065 0.04 0.025 0.015 0.12
 0.055 0.14 0.18 0.12 0.13 0.11 0.035 0.04 0.035 0.02 0.02 0.115
 0.075 0.16 0.245 0.2 0.06 0.045 0.025 0.045 0.045 0.035 0.02 0.045
 0.06 0.21 0.15 0.155 0.12 0.045 0.04 0.07 0.03 0.03 0.005 0.085
 0.06 0.175 0.145 0.095 0.11 0.11 0.05 0.035 0.065 0.025 0.03 0.1
 0.11 0.175 0.205 0.15 0.095 0.065 0.07 0.025 0.035 0.02 0 0.05
 0.07 0.225 0.195 0.095 0.105 0.06 0.06 0.055 0.025 0.02 0.025 0.065
 0.08 0.16 0.2 0.135 0.09 0.06 0.07 0.06 0.03 0.03 0.005 0.08
 0.12 0.18 0.175 0.15 0.095 0.075 0.06 0.03 0.025 0.01 0.015 0.065
 0.075 0.22 0.2 0.12 0.115 0.075 0.05 0.045 0.03 0.02 0.015 0.035
 0.075 0.22 0.235 0.075 0.095 0.075 0.075 0.02 0.02 0.05 0.015 0.045
 0.1 0.195 0.17 0.16 0.125 0.065 0.05 0.05 0.015 0.015 0.01 0.045
 0.055 0.285 0.2 0.135 0.075 0.05 0.07 0.025 0.03 0.03 0.005 0.04
 0.105 0.195 0.21 0.165 0.11 0.065 0.05 0.03 0.01 0.025 0.005 0.03
 0.1 0.21 0.145 0.165 0.105 0.075 0.065 0.035 0.02 0.005 0.01 0.065
 0.14 0.22 0.185 0.115 0.1 0.12 0.055 0.015 0.01 0.015 0.005 0.02
 0.105 0.275 0.18 0.17 0.06 0.08 0.05 0.025 0.005 0.025 0.015 0.01
 0.095 0.3 0.21 0.115 0.115 0.05 0.035 0.025 0.01 0.005 0.015 0.025
 0.1 0.24 0.29 0.155 0.065 0.065 0.03 0.01 0.02 0.005 0 0.02
 0.18 0.115 0.2 0.195 0.2 0.035 0.025 0.01 0.015 0.005 0 0.02
 0.1 0.27 0.215 0.095 0.125 0.085 0.04 0.025 0.015 0.015 0.01 0.005
 0.11 0.21 0.31 0.125 0.08 0.075 0.045 0.015 0.015 0.005 0 0.01
 0.12 0.265 0.19 0.185 0.075 0.035 0.08 0.02 0.005 0.015 0.005 0.005
 0.15 0.26 0.24 0.095 0.095 0.04 0.025 0.025 0.04 0.005 0.01 0.015
 0.105 0.265 0.21 0.185 0.105 0.04 0.035 0.035 0.015 0.005 0 0
# wt_ind
 1 1 1 1 1 1 1 1 1 1 1 1
 1 1 1 1 1 1 1 1 1 1 1 1
 1 1 1 1 1 1 1 1 1 1 1 1
 1 1 1 1 1 1 1 1 1 1 1 1
 1 1 1 1 1 1 1 1 1 1 1 1
 1 1 1 1 1 1 1 1 1 1 1 1
 1 1 1 1 1 1 1 1 1 1 1 1
 1 1 1 1 1 1 1 1 1 1 1 1
 1 1 1 1 1 1 1 1 1 1 1 1
 1 1 1 1 1 1 1 1 1 1 1 1
 1 1 1 1 1 1 1 1 1 1 1 1
 1 1 1 1 1 1 1 1 1 1 1 1
 1 1 1 1 1 1 1 1 1 1 1 1
 1 1 1 1 1 1 1 1 1 1 1 1
 1 1 1 1 1 1 1 1 1 1 1 1
 1 1 1 1 1 1 1 1 1 1 1 1
 1 1 1 1 1 1 1 1 1 1 1 1
 1 1 1 1 1 1 1 1 1 1 1 1
 1 1 1 1 1 1 1 1 1 1 1 1
 1 1 1 1 1 1 1 1 1 1 1 1
 1 1 1 1 1 1 1 1 1 1 1 1
 1 1 1 1 1 1 1 1 1 1 1 1
 1 1 1 1 1 1 1 1 1 1 1 1
 1 1 1 1 1 1 1 1 1 1 1 1
 1 1 1 1 1 1 1 1 1 1 1 1
 1 1 1 1 1 1 1 1 1 1 1 1
 1 1 1 1 1 1 1 1 1 1 1 1
 1 1 1 1 1 1 1 1 1 1 1 1
 1 1 1 1 1 1 1 1 1 1 1 1
 1 1 1 1 1 1 1 1 1 1 1 1
# wt_pop
 0.000530656 0.00119633 0.00205827 0.00303499 0.00405521 0.0050647 0.00602623 0.00691692 0.00772489 0.00844611 0.00908185 0.0096367
# maturity
 0.0229774 0.320821 0.904651 0.99478 0.999739 0.999987 0.999999 1 1 1 1 1
# spawnmo
1
# age_err
 1 0 0 0 0 0 0 0 0 0 0 0
 0 1 0 0 0 0 0 0 0 0 0 0
 0 0 1 0 0 0 0 0 0 0 0 0
 0 0 0 1 0 0 0 0 0 0 0 0
 0 0 0 0 1 0 0 0 0 0 0 0
 0 0 0 0 0 1 0 0 0 0 0 0
 0 0 0 0 0 0 1 0 0 0 0 0
 0 0 0 0 0 0 0 1 0 0 0 0
 0 0 0 0 0 0 0 0 1 0 0 0
 0 0 0 0 0 0 0 0 0 1 0 0
 0 0 0 0 0 0 0 0 0 0 1 0
 0 0 0 0 0 0 0 0 0 0 0 1
# cntrlfile_name
C:\Users\bai.li\Desktop\s1_test\AMAK\s102\amak.dat
# Map shared selectivity: 
# sel_map
 1 2
 1 1
# datafile_name
amak_data.dat
# model_name
OM_1
# SrType
2
# use_age_err
0
# retro
0
# sigmarprior
0.2
# cvsigmarprior
0.25
# phase_sigmar
-3
# styr_rec_est
1
# endyr_rec_est
30
# Linfprior
80
# cvLinfprior
0.25
# kprior
0.18
# cvkprior
0.25
# Loprior
27.688
# cvLoprior
0.25
# sdageprior
0.1
# cvsdageprior
0.25
# natmortprior
0.2
# cvnatmortprior
0.25
# phase_M
-4
# npars_Mage
0
# ages_M_changes

# Mage_in

# phase_Mage
-5
# phase_rw_M
0
# npars_rw_M
0
# yrs_rw_M

# sigma_rw_M

# qprior
 3.48998e-007
# cvqprior
 1
# phase_q
 1
# q_power_prior
 1
# cvq_power_prior
 0.2
# phase_q_power
 -4
# phase_rw_q
 -1
# npars_rw_q
 0
# yrs_rw_q

# sigma_rw_q

# q_age_min
 1
# q_age_max
 12
# q_age_min
 1
# q_age_max
 12
# fsh_sel_opt(k)
2
# phase_sel_fsh(k)
-2
# n_sel_ch_fsh(k)
1
# sel_slp_in_fsh(k)(1,n_sel_ch_fsh(k))
 1
# sel_inf_in_fsh(k)(1,n_sel_ch_fsh(k))
 2
# logsel_slp_in_fsh(k)(1,n_sel_ch_fsh(k))
 0
# yrs_sel_ch_fsh(k)(1,n_sel_ch_fsh(k))
 1

Survey survey_index1
# ind_sel_opt(k)
2
# indname(k)
survey_index1
# nselages_in_ind(k)
11
# phase_sel_ind(k)
-2
# sel_change_in_ind(k)
 1 0 0 0 0 0 0 0 0 0 0 0 0 0 0 0 0 0 0 0 0 0 0 0 0 0 0 0 0 0
# n_sel_ch_ind(k)
1
# yrs_sel_ch_ind(k)(1,n_sel_ch_ind(k))
 1
# sel_slp_in_ind(k,1)
2
# sel_inf_in_ind(k,1)
1.5
# logsel_slp_in_ind(k,1)
0.693147
# logsel_slp_in_indv(k)
0.693147
survey_index1 ind sel opt 2  1 0 0 0 0 0 0 0 0 0 0 0 0 0 0 0 0 0 0 0 0 0 0 0 0 0 0 0 0 0
Phase indices Sel_Coffs:  -1
 Test: 1.23457e+008
# Fshry Selages:  11
# Srvy  Selages:  11
# Phase for age-spec fishery  -1
# Phase for logistic fishery  -2
# Phase for dble logistic fishery  -1
# Phase for age-spec indices   -1
# Phase for logistic indices   -2
# Phase for dble logistic ind  -1
# Curv_pen_fsh: 
 0
# Curv_pen_ind: 
 0
# styr_fut
31
# endyr_fut
35
# nyrs_fsh_age
 30
# nyrs_fsh_age
 30
# yrs_fsh_age
 1 2 3 4 5 6 7 8 9 10 11 12 13 14 15 16 17 18 19 20 21 22 23 24 25 26 27 28 29 30
# n_sample_fsh_age
 200 200 200 200 200 200 200 200 200 200 200 200 200 200 200 200 200 200 200 200 200 200 200 200 200 200 200 200 200 200
# oac_fsh
 0.07 0.08 0.12 0.1 0.12 0.095 0.095 0.05 0.055 0.04 0.055 0.12
 0.095 0.09 0.175 0.11 0.1 0.08 0.075 0.03 0.035 0.025 0.005 0.18
 0.1 0.17 0.13 0.09 0.095 0.085 0.08 0.06 0.05 0.045 0.02 0.075
 0.06 0.145 0.18 0.095 0.08 0.1 0.095 0.04 0.04 0.04 0.015 0.11
 0.09 0.095 0.13 0.145 0.14 0.06 0.05 0.08 0.04 0.03 0.03 0.11
 0.08 0.18 0.13 0.085 0.12 0.1 0.045 0.05 0.04 0.005 0.015 0.15
 0.07 0.135 0.18 0.095 0.1 0.095 0.06 0.06 0.025 0.03 0.03 0.12
 0.08 0.12 0.21 0.16 0.07 0.055 0.065 0.055 0.02 0.045 0.03 0.09
 0.095 0.12 0.105 0.14 0.17 0.06 0.06 0.045 0.025 0.02 0.04 0.12
 0.11 0.13 0.145 0.085 0.11 0.11 0.04 0.055 0.05 0.02 0.03 0.115
 0.14 0.17 0.13 0.14 0.075 0.055 0.09 0.045 0.025 0.03 0.02 0.08
 0.11 0.15 0.145 0.135 0.15 0.07 0.05 0.065 0.01 0.025 0.015 0.075
 0.1 0.115 0.21 0.18 0.075 0.07 0.055 0.04 0.04 0.02 0.015 0.08
 0.065 0.165 0.13 0.155 0.11 0.095 0.08 0.055 0.055 0.02 0.005 0.065
 0.085 0.125 0.165 0.175 0.12 0.07 0.035 0.07 0.02 0.01 0.035 0.09
 0.16 0.14 0.2 0.135 0.06 0.085 0.07 0.025 0.02 0.01 0.045 0.05
 0.09 0.195 0.15 0.15 0.075 0.04 0.06 0.08 0.02 0.03 0.02 0.09
 0.1 0.15 0.185 0.13 0.16 0.1 0.025 0.04 0.02 0.01 0.03 0.05
 0.1 0.16 0.21 0.18 0.12 0.075 0.015 0.04 0.03 0.02 0.005 0.045
 0.105 0.19 0.14 0.185 0.12 0.06 0.055 0.05 0.04 0.015 0.02 0.02
 0.19 0.135 0.195 0.12 0.1 0.085 0.055 0.025 0.025 0.02 0.025 0.025
 0.18 0.24 0.155 0.12 0.08 0.07 0.04 0.05 0.025 0.02 0 0.02
 0.16 0.21 0.22 0.115 0.1 0.06 0.05 0.035 0.005 0.015 0.005 0.025
 0.12 0.22 0.195 0.19 0.08 0.055 0.045 0.035 0.01 0.025 0.005 0.02
 0.2 0.17 0.205 0.13 0.125 0.075 0.02 0.005 0.025 0.005 0.015 0.025
 0.105 0.29 0.14 0.14 0.16 0.075 0.03 0.02 0.01 0.005 0.005 0.02
 0.18 0.185 0.25 0.115 0.095 0.1 0.04 0.005 0.01 0 0.005 0.015
 0.17 0.225 0.17 0.2 0.09 0.03 0.04 0.03 0.01 0.015 0.005 0.015
 0.16 0.195 0.18 0.125 0.135 0.08 0.05 0.025 0.02 0.005 0.005 0.02
 0.13 0.275 0.27 0.135 0.04 0.05 0.045 0.01 0.005 0.01 0.005 0.025
# olc_fsh

# wt_fsh
 0.000530656 0.00119633 0.00205827 0.00303499 0.00405521 0.0050647 0.00602623 0.00691692 0.00772489 0.00844611 0.00908185 0.0096367
 0.000530656 0.00119633 0.00205827 0.00303499 0.00405521 0.0050647 0.00602623 0.00691692 0.00772489 0.00844611 0.00908185 0.0096367
 0.000530656 0.00119633 0.00205827 0.00303499 0.00405521 0.0050647 0.00602623 0.00691692 0.00772489 0.00844611 0.00908185 0.0096367
 0.000530656 0.00119633 0.00205827 0.00303499 0.00405521 0.0050647 0.00602623 0.00691692 0.00772489 0.00844611 0.00908185 0.0096367
 0.000530656 0.00119633 0.00205827 0.00303499 0.00405521 0.0050647 0.00602623 0.00691692 0.00772489 0.00844611 0.00908185 0.0096367
 0.000530656 0.00119633 0.00205827 0.00303499 0.00405521 0.0050647 0.00602623 0.00691692 0.00772489 0.00844611 0.00908185 0.0096367
 0.000530656 0.00119633 0.00205827 0.00303499 0.00405521 0.0050647 0.00602623 0.00691692 0.00772489 0.00844611 0.00908185 0.0096367
 0.000530656 0.00119633 0.00205827 0.00303499 0.00405521 0.0050647 0.00602623 0.00691692 0.00772489 0.00844611 0.00908185 0.0096367
 0.000530656 0.00119633 0.00205827 0.00303499 0.00405521 0.0050647 0.00602623 0.00691692 0.00772489 0.00844611 0.00908185 0.0096367
 0.000530656 0.00119633 0.00205827 0.00303499 0.00405521 0.0050647 0.00602623 0.00691692 0.00772489 0.00844611 0.00908185 0.0096367
 0.000530656 0.00119633 0.00205827 0.00303499 0.00405521 0.0050647 0.00602623 0.00691692 0.00772489 0.00844611 0.00908185 0.0096367
 0.000530656 0.00119633 0.00205827 0.00303499 0.00405521 0.0050647 0.00602623 0.00691692 0.00772489 0.00844611 0.00908185 0.0096367
 0.000530656 0.00119633 0.00205827 0.00303499 0.00405521 0.0050647 0.00602623 0.00691692 0.00772489 0.00844611 0.00908185 0.0096367
 0.000530656 0.00119633 0.00205827 0.00303499 0.00405521 0.0050647 0.00602623 0.00691692 0.00772489 0.00844611 0.00908185 0.0096367
 0.000530656 0.00119633 0.00205827 0.00303499 0.00405521 0.0050647 0.00602623 0.00691692 0.00772489 0.00844611 0.00908185 0.0096367
 0.000530656 0.00119633 0.00205827 0.00303499 0.00405521 0.0050647 0.00602623 0.00691692 0.00772489 0.00844611 0.00908185 0.0096367
 0.000530656 0.00119633 0.00205827 0.00303499 0.00405521 0.0050647 0.00602623 0.00691692 0.00772489 0.00844611 0.00908185 0.0096367
 0.000530656 0.00119633 0.00205827 0.00303499 0.00405521 0.0050647 0.00602623 0.00691692 0.00772489 0.00844611 0.00908185 0.0096367
 0.000530656 0.00119633 0.00205827 0.00303499 0.00405521 0.0050647 0.00602623 0.00691692 0.00772489 0.00844611 0.00908185 0.0096367
 0.000530656 0.00119633 0.00205827 0.00303499 0.00405521 0.0050647 0.00602623 0.00691692 0.00772489 0.00844611 0.00908185 0.0096367
 0.000530656 0.00119633 0.00205827 0.00303499 0.00405521 0.0050647 0.00602623 0.00691692 0.00772489 0.00844611 0.00908185 0.0096367
 0.000530656 0.00119633 0.00205827 0.00303499 0.00405521 0.0050647 0.00602623 0.00691692 0.00772489 0.00844611 0.00908185 0.0096367
 0.000530656 0.00119633 0.00205827 0.00303499 0.00405521 0.0050647 0.00602623 0.00691692 0.00772489 0.00844611 0.00908185 0.0096367
 0.000530656 0.00119633 0.00205827 0.00303499 0.00405521 0.0050647 0.00602623 0.00691692 0.00772489 0.00844611 0.00908185 0.0096367
 0.000530656 0.00119633 0.00205827 0.00303499 0.00405521 0.0050647 0.00602623 0.00691692 0.00772489 0.00844611 0.00908185 0.0096367
 0.000530656 0.00119633 0.00205827 0.00303499 0.00405521 0.0050647 0.00602623 0.00691692 0.00772489 0.00844611 0.00908185 0.0096367
 0.000530656 0.00119633 0.00205827 0.00303499 0.00405521 0.0050647 0.00602623 0.00691692 0.00772489 0.00844611 0.00908185 0.0096367
 0.000530656 0.00119633 0.00205827 0.00303499 0.00405521 0.0050647 0.00602623 0.00691692 0.00772489 0.00844611 0.00908185 0.0096367
 0.000530656 0.00119633 0.00205827 0.00303499 0.00405521 0.0050647 0.00602623 0.00691692 0.00772489 0.00844611 0.00908185 0.0096367
 0.000530656 0.00119633 0.00205827 0.00303499 0.00405521 0.0050647 0.00602623 0.00691692 0.00772489 0.00844611 0.00908185 0.0096367
# nyrs_ind_age
 30
# yrs_ind_age
 1 2 3 4 5 6 7 8 9 10 11 12 13 14 15 16 17 18 19 20 21 22 23 24 25 26 27 28 29 30
# n_sample_ind_age
 200 200 200 200 200 200 200 200 200 200 200 200 200 200 200 200 200 200 200 200 200 200 200 200 200 200 200 200 200 200
# oac_ind
 0.055 0.1 0.19 0.135 0.125 0.07 0.045 0.06 0.04 0.025 0.04 0.115
 0.08 0.12 0.09 0.165 0.105 0.09 0.085 0.05 0.045 0.045 0.015 0.11
 0.05 0.195 0.11 0.145 0.085 0.1 0.11 0.05 0.04 0.025 0.01 0.08
 0.055 0.16 0.175 0.115 0.07 0.07 0.115 0.06 0.05 0.025 0.01 0.095
 0.105 0.12 0.085 0.165 0.1 0.085 0.06 0.065 0.06 0.035 0.02 0.1
 0.05 0.215 0.115 0.09 0.105 0.095 0.065 0.065 0.04 0.025 0.015 0.12
 0.055 0.14 0.18 0.12 0.13 0.11 0.035 0.04 0.035 0.02 0.02 0.115
 0.075 0.16 0.245 0.2 0.06 0.045 0.025 0.045 0.045 0.035 0.02 0.045
 0.06 0.21 0.15 0.155 0.12 0.045 0.04 0.07 0.03 0.03 0.005 0.085
 0.06 0.175 0.145 0.095 0.11 0.11 0.05 0.035 0.065 0.025 0.03 0.1
 0.11 0.175 0.205 0.15 0.095 0.065 0.07 0.025 0.035 0.02 0 0.05
 0.07 0.225 0.195 0.095 0.105 0.06 0.06 0.055 0.025 0.02 0.025 0.065
 0.08 0.16 0.2 0.135 0.09 0.06 0.07 0.06 0.03 0.03 0.005 0.08
 0.12 0.18 0.175 0.15 0.095 0.075 0.06 0.03 0.025 0.01 0.015 0.065
 0.075 0.22 0.2 0.12 0.115 0.075 0.05 0.045 0.03 0.02 0.015 0.035
 0.075 0.22 0.235 0.075 0.095 0.075 0.075 0.02 0.02 0.05 0.015 0.045
 0.1 0.195 0.17 0.16 0.125 0.065 0.05 0.05 0.015 0.015 0.01 0.045
 0.055 0.285 0.2 0.135 0.075 0.05 0.07 0.025 0.03 0.03 0.005 0.04
 0.105 0.195 0.21 0.165 0.11 0.065 0.05 0.03 0.01 0.025 0.005 0.03
 0.1 0.21 0.145 0.165 0.105 0.075 0.065 0.035 0.02 0.005 0.01 0.065
 0.14 0.22 0.185 0.115 0.1 0.12 0.055 0.015 0.01 0.015 0.005 0.02
 0.105 0.275 0.18 0.17 0.06 0.08 0.05 0.025 0.005 0.025 0.015 0.01
 0.095 0.3 0.21 0.115 0.115 0.05 0.035 0.025 0.01 0.005 0.015 0.025
 0.1 0.24 0.29 0.155 0.065 0.065 0.03 0.01 0.02 0.005 0 0.02
 0.18 0.115 0.2 0.195 0.2 0.035 0.025 0.01 0.015 0.005 0 0.02
 0.1 0.27 0.215 0.095 0.125 0.085 0.04 0.025 0.015 0.015 0.01 0.005
 0.11 0.21 0.31 0.125 0.08 0.075 0.045 0.015 0.015 0.005 0 0.01
 0.12 0.265 0.19 0.185 0.075 0.035 0.08 0.02 0.005 0.015 0.005 0.005
 0.15 0.26 0.24 0.095 0.095 0.04 0.025 0.025 0.04 0.005 0.01 0.015
 0.105 0.265 0.21 0.185 0.105 0.04 0.035 0.035 0.015 0.005 0 0
# olc_ind

# obs_lse_ind
 0.198042 0.198042 0.198042 0.198042 0.198042 0.198042 0.198042 0.198042 0.198042 0.198042 0.198042 0.198042 0.198042 0.198042 0.198042 0.198042 0.198042 0.198042 0.198042 0.198042 0.198042 0.198042 0.198042 0.198042 0.198042 0.198042 0.198042 0.198042 0.198042 0.198042
# xages_fsh
 0 0 0 0 0 0 0 0 0 0 0 0
# xages_fsh
 0 0.0909091 0.181818 0.272727 0.363636 0.454545 0.545455 0.636364 0.727273 0.818182 0.909091 1
# xnodes_fsh

Yrs fsh_sel change:  1 0 0 0 0 0 0 0 0 0 0 0 0 0 0 0 0 0 0 0 0 0 0 0 0 0 0 0 0
Yrs ind_sel change:  1 0 0 0 0 0 0 0 0 0 0 0 0 0 0 0 0 0 0 0 0 0 0 0 0 0 0 0 0
# steepnessprior
0.75
# sigmarprior
0.2
#  SSB estimated in styr endyr: -12 28 
#  Rec estimated in styr endyr: -10 30 
#  SR Curve fit  in styr endyr: 1 30 
#             Model styr endyr: 1 30 
# qprior
 3.48998e-007
# q_power_prior 
 1 
# cv_catchbiomass 
0.05 
# CatchbiomassPen 
200 
# Number of projection years 
5 
# offset_fsh
 13400.1
# offset_ind
 13080.8
Mean Catch
1276.67
R_guess 
13.8155
# nfsh
1
# n_sel_ch_fsh
 1
# nselages_fsh
 11
# phase_selcoff_fsh
 -1
logRzero 13.8155
logmeanrec 13.8155
exp(log_sigmarprior 0.2
Fish sel phase: -1 OM1
Fixing fishery sel to
1
Fixing fishery sel to
1
Srvy sel phase: -1
Fixing survey_index1 indices sel to
1
Fixing index sel to
1
# logsel_slp_in_indv
 0.693147
Leaving parameter init secton
# M
 0.2 0.2 0.2 0.2 0.2 0.2 0.2 0.2 0.2 0.2 0.2 0.2
 0.2 0.2 0.2 0.2 0.2 0.2 0.2 0.2 0.2 0.2 0.2 0.2
 0.2 0.2 0.2 0.2 0.2 0.2 0.2 0.2 0.2 0.2 0.2 0.2
 0.2 0.2 0.2 0.2 0.2 0.2 0.2 0.2 0.2 0.2 0.2 0.2
 0.2 0.2 0.2 0.2 0.2 0.2 0.2 0.2 0.2 0.2 0.2 0.2
 0.2 0.2 0.2 0.2 0.2 0.2 0.2 0.2 0.2 0.2 0.2 0.2
 0.2 0.2 0.2 0.2 0.2 0.2 0.2 0.2 0.2 0.2 0.2 0.2
 0.2 0.2 0.2 0.2 0.2 0.2 0.2 0.2 0.2 0.2 0.2 0.2
 0.2 0.2 0.2 0.2 0.2 0.2 0.2 0.2 0.2 0.2 0.2 0.2
 0.2 0.2 0.2 0.2 0.2 0.2 0.2 0.2 0.2 0.2 0.2 0.2
 0.2 0.2 0.2 0.2 0.2 0.2 0.2 0.2 0.2 0.2 0.2 0.2
 0.2 0.2 0.2 0.2 0.2 0.2 0.2 0.2 0.2 0.2 0.2 0.2
 0.2 0.2 0.2 0.2 0.2 0.2 0.2 0.2 0.2 0.2 0.2 0.2
 0.2 0.2 0.2 0.2 0.2 0.2 0.2 0.2 0.2 0.2 0.2 0.2
 0.2 0.2 0.2 0.2 0.2 0.2 0.2 0.2 0.2 0.2 0.2 0.2
 0.2 0.2 0.2 0.2 0.2 0.2 0.2 0.2 0.2 0.2 0.2 0.2
 0.2 0.2 0.2 0.2 0.2 0.2 0.2 0.2 0.2 0.2 0.2 0.2
 0.2 0.2 0.2 0.2 0.2 0.2 0.2 0.2 0.2 0.2 0.2 0.2
 0.2 0.2 0.2 0.2 0.2 0.2 0.2 0.2 0.2 0.2 0.2 0.2
 0.2 0.2 0.2 0.2 0.2 0.2 0.2 0.2 0.2 0.2 0.2 0.2
 0.2 0.2 0.2 0.2 0.2 0.2 0.2 0.2 0.2 0.2 0.2 0.2
 0.2 0.2 0.2 0.2 0.2 0.2 0.2 0.2 0.2 0.2 0.2 0.2
 0.2 0.2 0.2 0.2 0.2 0.2 0.2 0.2 0.2 0.2 0.2 0.2
 0.2 0.2 0.2 0.2 0.2 0.2 0.2 0.2 0.2 0.2 0.2 0.2
 0.2 0.2 0.2 0.2 0.2 0.2 0.2 0.2 0.2 0.2 0.2 0.2
 0.2 0.2 0.2 0.2 0.2 0.2 0.2 0.2 0.2 0.2 0.2 0.2
 0.2 0.2 0.2 0.2 0.2 0.2 0.2 0.2 0.2 0.2 0.2 0.2
 0.2 0.2 0.2 0.2 0.2 0.2 0.2 0.2 0.2 0.2 0.2 0.2
 0.2 0.2 0.2 0.2 0.2 0.2 0.2 0.2 0.2 0.2 0.2 0.2
 0.2 0.2 0.2 0.2 0.2 0.2 0.2 0.2 0.2 0.2 0.2 0.2
# mean_log_rec
13.7014
# log_Rzero
13.7833
# rec_dev
 -0.149285 0.0869076 -0.262551 -0.0805225 -0.074689 -0.0182414 0.0395133 0.121048 0.172154 0.12365 -0.00509472 0.05712 0.346496 0.0570295 -0.0675675 0.452097 0.274909 0.0309152 0.187997 0.0168688 0.181894 0.204016 -0.0234238 0.0288634 0.116074 0.0195089 0.134219 0.0741472 -0.270514 -0.0928755 -0.257723 0.133798 0.077143 -0.208682 -0.389249 0.00337554 -0.413031 -0.178452 -0.168312 -0.108209 -0.343555
# fmort
 0.00969508 0.028136 0.0471098 0.0633471 0.0510501 0.0910806 0.0923378 0.19368 0.114373 0.139767 0.159742 0.170949 0.123065 0.17601 0.189917 0.168016 0.326493 0.268047 0.265755 0.263339 0.362782 0.26249 0.427038 0.350003 0.342204 0.30784 0.300174 0.413953 0.308691 0.47312
# rec_dev_future
 0 0 0 0 0
