AMAK;August_2013
# styr
1
# endyr
30
# rec_age
1
# oldest_age
12
# nlength
81
# len_bins
 10 11 12 13 14 15 16 17 18 19 20 21 22 23 24 25 26 27 28 29 30 31 32 33 34 35 36 37 38 39 40 41 42 43 44 45 46 47 48 49 50 51 52 53 54 55 56 57 58 59 60 61 62 63 64 65 66 67 68 69 70 71 72 73 74 75 76 77 78 79 80 81 82 83 84 85 86 87 88 89 90
# datafile_name
amak_data.dat
# model_name
OM_1
# styr
1
# endyr
30
# rec_age
1
# oldest_age
12
# nfsh
1
# fshname
OM1
# catch_bio_in
 161.542 469.978 760.542 990.552 769.86 1319.84 1280.75 2499.65 1335.67 1530.71 1614.4 1612.93 1099.3 1514.02 1499.83 1265.62 2245.54 1614.85 1474.42 1313.83 1622.7 1074.15 1617.44 1197.32 1123.9 966.722 923.63 1218.03 873.139 1265.72
# catch_bio_sd_in
 0.01 0.01 0.01 0.01 0.01 0.01 0.01 0.01 0.01 0.01 0.01 0.01 0.01 0.01 0.01 0.01 0.01 0.01 0.01 0.01 0.01 0.01 0.01 0.01 0.01 0.01 0.01 0.01 0.01 0.01
# nyrs_fsh_age
 30
# nyrs_fsh_length
 0
# yrs_fsh_age_in
 1 2 3 4 5 6 7 8 9 10 11 12 13 14 15 16 17 18 19 20 21 22 23 24 25 26 27 28 29 30
# yrs_fsh_length_in

# n_sample_fsh_length_in

# olc_fsh_in

# nind
1
# indname
survey_index1
# nyrs_ind
 30
# yrs_ind_in
 1 2 3 4 5 6 7 8 9 10 11 12 13 14 15 16 17 18 19 20 21 22 23 24 25 26 27 28 29 30
# mo_ind
 1
# obs_ind_in
 1.51523 1.46167 1.48229 1.32115 1.54135 1.27473 1.40516 1.6213 1.53635 1.07437 1.24278 1.20581 1.03782 1.00604 0.916352 0.992395 0.983156 0.916112 0.768358 0.801545 0.679689 0.586946 0.760631 0.617392 0.627039 0.535725 0.534543 0.52665 0.577532 0.558414
# obs_se_ind_in
 0.303045 0.292334 0.296458 0.26423 0.308271 0.254946 0.281033 0.32426 0.307271 0.214874 0.248556 0.241162 0.207565 0.201208 0.18327 0.198479 0.196631 0.183222 0.153672 0.160309 0.135938 0.117389 0.152126 0.123478 0.125408 0.107145 0.106909 0.10533 0.115506 0.111683
# nyrs_ind_age
 30
# nyrs_ind_length
 0
# yrs_ind_age_in
 1 2 3 4 5 6 7 8 9 10 11 12 13 14 15 16 17 18 19 20 21 22 23 24 25 26 27 28 29 30
# yrs_ind_length_in

# yrs_ind_age_in
 1 2 3 4 5 6 7 8 9 10 11 12 13 14 15 16 17 18 19 20 21 22 23 24 25 26 27 28 29 30
# n_sample_ind_length_in

# olc_ind_in

# oac_ind_in
 0.09 0.13 0.145 0.095 0.105 0.05 0.075 0.06 0.06 0.04 0.05 0.1
 0.065 0.185 0.165 0.095 0.115 0.075 0.05 0.02 0.04 0.045 0.03 0.115
 0.055 0.17 0.11 0.16 0.09 0.055 0.04 0.065 0.07 0.045 0.035 0.105
 0.035 0.125 0.165 0.125 0.07 0.135 0.04 0.045 0.065 0.05 0.025 0.12
 0.065 0.095 0.145 0.16 0.085 0.065 0.075 0.065 0.025 0.065 0.035 0.12
 0.075 0.175 0.135 0.1 0.15 0.06 0.07 0.035 0.035 0.015 0.045 0.105
 0.105 0.16 0.195 0.07 0.1 0.09 0.065 0.055 0.04 0.03 0.015 0.075
 0.065 0.155 0.185 0.14 0.075 0.075 0.06 0.045 0.03 0.04 0.035 0.095
 0.055 0.155 0.15 0.165 0.135 0.06 0.035 0.06 0.035 0.06 0.015 0.075
 0.11 0.18 0.135 0.12 0.16 0.115 0.045 0.035 0.015 0.005 0.025 0.055
 0.095 0.155 0.15 0.15 0.11 0.085 0.095 0.03 0.01 0.025 0.015 0.08
 0.075 0.185 0.205 0.135 0.1 0.085 0.06 0.05 0.01 0.02 0.015 0.06
 0.08 0.165 0.195 0.15 0.12 0.08 0.055 0.015 0.045 0.02 0.015 0.06
 0.075 0.175 0.13 0.175 0.15 0.065 0.045 0.045 0.03 0.03 0.005 0.075
 0.105 0.2 0.145 0.115 0.125 0.055 0.075 0.06 0.02 0.035 0.025 0.04
 0.1 0.22 0.21 0.16 0.09 0.08 0.045 0.005 0.025 0.015 0.025 0.025
 0.09 0.215 0.18 0.16 0.12 0.07 0.025 0.04 0.03 0.02 0.015 0.035
 0.095 0.25 0.24 0.125 0.105 0.045 0.035 0.035 0.015 0.005 0.02 0.03
 0.09 0.145 0.245 0.14 0.135 0.075 0.025 0.015 0.025 0.015 0.035 0.055
 0.1 0.205 0.18 0.145 0.1 0.06 0.075 0.035 0.025 0.025 0.015 0.035
 0.11 0.175 0.165 0.165 0.16 0.1 0.02 0.04 0.01 0.015 0.02 0.02
 0.155 0.245 0.13 0.145 0.095 0.1 0.055 0.02 0.015 0.015 0.005 0.02
 0.12 0.22 0.25 0.165 0.08 0.045 0.045 0.03 0.01 0.015 0.005 0.015
 0.13 0.285 0.24 0.145 0.08 0.035 0.035 0.025 0.005 0 0 0.02
 0.15 0.19 0.185 0.185 0.135 0.02 0.05 0.015 0.035 0 0.025 0.01
 0.07 0.33 0.155 0.175 0.125 0.075 0.01 0.03 0 0.005 0.005 0.02
 0.105 0.205 0.315 0.15 0.055 0.065 0.06 0.02 0.005 0.005 0 0.015
 0.13 0.235 0.165 0.195 0.095 0.07 0.055 0.015 0.02 0.005 0.005 0.01
 0.145 0.255 0.235 0.11 0.12 0.045 0.035 0.015 0 0.01 0.015 0.015
 0.095 0.33 0.235 0.125 0.065 0.06 0.025 0.025 0.015 0.01 0.015 0
# wt_ind
 1 1 1 1 1 1 1 1 1 1 1 1
 1 1 1 1 1 1 1 1 1 1 1 1
 1 1 1 1 1 1 1 1 1 1 1 1
 1 1 1 1 1 1 1 1 1 1 1 1
 1 1 1 1 1 1 1 1 1 1 1 1
 1 1 1 1 1 1 1 1 1 1 1 1
 1 1 1 1 1 1 1 1 1 1 1 1
 1 1 1 1 1 1 1 1 1 1 1 1
 1 1 1 1 1 1 1 1 1 1 1 1
 1 1 1 1 1 1 1 1 1 1 1 1
 1 1 1 1 1 1 1 1 1 1 1 1
 1 1 1 1 1 1 1 1 1 1 1 1
 1 1 1 1 1 1 1 1 1 1 1 1
 1 1 1 1 1 1 1 1 1 1 1 1
 1 1 1 1 1 1 1 1 1 1 1 1
 1 1 1 1 1 1 1 1 1 1 1 1
 1 1 1 1 1 1 1 1 1 1 1 1
 1 1 1 1 1 1 1 1 1 1 1 1
 1 1 1 1 1 1 1 1 1 1 1 1
 1 1 1 1 1 1 1 1 1 1 1 1
 1 1 1 1 1 1 1 1 1 1 1 1
 1 1 1 1 1 1 1 1 1 1 1 1
 1 1 1 1 1 1 1 1 1 1 1 1
 1 1 1 1 1 1 1 1 1 1 1 1
 1 1 1 1 1 1 1 1 1 1 1 1
 1 1 1 1 1 1 1 1 1 1 1 1
 1 1 1 1 1 1 1 1 1 1 1 1
 1 1 1 1 1 1 1 1 1 1 1 1
 1 1 1 1 1 1 1 1 1 1 1 1
 1 1 1 1 1 1 1 1 1 1 1 1
# wt_pop
 0.000530656 0.00119633 0.00205827 0.00303499 0.00405521 0.0050647 0.00602623 0.00691692 0.00772489 0.00844611 0.00908185 0.0096367
# maturity
 0.0229774 0.320821 0.904651 0.99478 0.999739 0.999987 0.999999 1 1 1 1 1
# spawnmo
1
# age_err
 1 0 0 0 0 0 0 0 0 0 0 0
 0 1 0 0 0 0 0 0 0 0 0 0
 0 0 1 0 0 0 0 0 0 0 0 0
 0 0 0 1 0 0 0 0 0 0 0 0
 0 0 0 0 1 0 0 0 0 0 0 0
 0 0 0 0 0 1 0 0 0 0 0 0
 0 0 0 0 0 0 1 0 0 0 0 0
 0 0 0 0 0 0 0 1 0 0 0 0
 0 0 0 0 0 0 0 0 1 0 0 0
 0 0 0 0 0 0 0 0 0 1 0 0
 0 0 0 0 0 0 0 0 0 0 1 0
 0 0 0 0 0 0 0 0 0 0 0 1
# cntrlfile_name
C:\Users\bai.li\Desktop\s1_test\AMAK\s46\amak.dat
# Map shared selectivity: 
# sel_map
 1 2
 1 1
# datafile_name
amak_data.dat
# model_name
OM_1
# SrType
2
# use_age_err
0
# retro
0
# sigmarprior
0.2
# cvsigmarprior
0.25
# phase_sigmar
-3
# styr_rec_est
1
# endyr_rec_est
30
# Linfprior
80
# cvLinfprior
0.25
# kprior
0.18
# cvkprior
0.25
# Loprior
27.688
# cvLoprior
0.25
# sdageprior
0.1
# cvsdageprior
0.25
# natmortprior
0.2
# cvnatmortprior
0.25
# phase_M
-4
# npars_Mage
0
# ages_M_changes

# Mage_in

# phase_Mage
-5
# phase_rw_M
0
# npars_rw_M
0
# yrs_rw_M

# sigma_rw_M

# qprior
 3.48998e-007
# cvqprior
 1
# phase_q
 1
# q_power_prior
 1
# cvq_power_prior
 0.2
# phase_q_power
 -4
# phase_rw_q
 -1
# npars_rw_q
 0
# yrs_rw_q

# sigma_rw_q

# q_age_min
 1
# q_age_max
 12
# q_age_min
 1
# q_age_max
 12
# fsh_sel_opt(k)
2
# phase_sel_fsh(k)
-2
# n_sel_ch_fsh(k)
1
# sel_slp_in_fsh(k)(1,n_sel_ch_fsh(k))
 1
# sel_inf_in_fsh(k)(1,n_sel_ch_fsh(k))
 2
# logsel_slp_in_fsh(k)(1,n_sel_ch_fsh(k))
 0
# yrs_sel_ch_fsh(k)(1,n_sel_ch_fsh(k))
 1

Survey survey_index1
# ind_sel_opt(k)
2
# indname(k)
survey_index1
# nselages_in_ind(k)
11
# phase_sel_ind(k)
-2
# sel_change_in_ind(k)
 1 0 0 0 0 0 0 0 0 0 0 0 0 0 0 0 0 0 0 0 0 0 0 0 0 0 0 0 0 0
# n_sel_ch_ind(k)
1
# yrs_sel_ch_ind(k)(1,n_sel_ch_ind(k))
 1
# sel_slp_in_ind(k,1)
2
# sel_inf_in_ind(k,1)
1.5
# logsel_slp_in_ind(k,1)
0.693147
# logsel_slp_in_indv(k)
0.693147
survey_index1 ind sel opt 2  1 0 0 0 0 0 0 0 0 0 0 0 0 0 0 0 0 0 0 0 0 0 0 0 0 0 0 0 0 0
Phase indices Sel_Coffs:  -1
 Test: 1.23457e+008
# Fshry Selages:  11
# Srvy  Selages:  11
# Phase for age-spec fishery  -1
# Phase for logistic fishery  -2
# Phase for dble logistic fishery  -1
# Phase for age-spec indices   -1
# Phase for logistic indices   -2
# Phase for dble logistic ind  -1
# Curv_pen_fsh: 
 0
# Curv_pen_ind: 
 0
# styr_fut
31
# endyr_fut
35
# nyrs_fsh_age
 30
# nyrs_fsh_age
 30
# yrs_fsh_age
 1 2 3 4 5 6 7 8 9 10 11 12 13 14 15 16 17 18 19 20 21 22 23 24 25 26 27 28 29 30
# n_sample_fsh_age
 200 200 200 200 200 200 200 200 200 200 200 200 200 200 200 200 200 200 200 200 200 200 200 200 200 200 200 200 200 200
# oac_fsh
 0.075 0.145 0.065 0.145 0.105 0.12 0.045 0.04 0.045 0.06 0.02 0.135
 0.11 0.065 0.13 0.11 0.085 0.115 0.06 0.1 0.065 0.045 0.01 0.105
 0.05 0.115 0.12 0.12 0.095 0.13 0.07 0.075 0.05 0.045 0.015 0.115
 0.045 0.1 0.195 0.115 0.09 0.145 0.07 0.05 0.035 0.02 0.015 0.12
 0.09 0.095 0.125 0.14 0.1 0.085 0.05 0.075 0.05 0.025 0.04 0.125
 0.095 0.14 0.085 0.165 0.11 0.07 0.075 0.07 0.04 0.02 0.04 0.09
 0.055 0.135 0.225 0.095 0.055 0.125 0.05 0.06 0.04 0.015 0.035 0.11
 0.06 0.105 0.22 0.125 0.075 0.065 0.08 0.055 0.035 0.025 0.03 0.125
 0.1 0.13 0.12 0.155 0.1 0.03 0.045 0.065 0.065 0.01 0.03 0.15
 0.095 0.12 0.185 0.105 0.185 0.085 0.035 0.03 0.045 0.03 0.01 0.075
 0.085 0.115 0.12 0.11 0.145 0.105 0.065 0.05 0.04 0.04 0.015 0.11
 0.1 0.175 0.18 0.13 0.14 0.065 0.07 0.01 0.015 0.015 0.01 0.09
 0.105 0.135 0.105 0.125 0.13 0.09 0.08 0.055 0.05 0.015 0.01 0.1
 0.065 0.12 0.16 0.175 0.12 0.07 0.095 0.07 0.045 0.04 0.01 0.03
 0.055 0.125 0.165 0.14 0.155 0.085 0.07 0.035 0.04 0.025 0.03 0.075
 0.12 0.14 0.14 0.135 0.1 0.095 0.1 0.05 0.045 0.015 0.025 0.035
 0.135 0.175 0.145 0.195 0.08 0.045 0.06 0.035 0.04 0.035 0.015 0.04
 0.04 0.24 0.185 0.17 0.115 0.07 0.045 0.045 0.04 0.01 0.015 0.025
 0.085 0.145 0.19 0.165 0.175 0.085 0.055 0.035 0.015 0.005 0.015 0.03
 0.12 0.14 0.14 0.18 0.14 0.065 0.055 0.025 0.045 0.025 0.02 0.045
 0.22 0.14 0.18 0.115 0.135 0.08 0.025 0.015 0.04 0.015 0.015 0.02
 0.18 0.265 0.16 0.1 0.075 0.075 0.05 0.03 0.01 0.01 0 0.045
 0.145 0.225 0.265 0.07 0.09 0.08 0.055 0.015 0.005 0.02 0 0.03
 0.125 0.19 0.2 0.16 0.085 0.075 0.045 0.04 0.025 0.01 0.02 0.025
 0.175 0.175 0.18 0.165 0.105 0.045 0.065 0.03 0.025 0.015 0.005 0.015
 0.13 0.27 0.155 0.14 0.12 0.06 0.055 0.03 0.02 0 0 0.02
 0.08 0.165 0.25 0.145 0.105 0.135 0.08 0.02 0 0.005 0.005 0.01
 0.215 0.16 0.17 0.15 0.12 0.065 0.06 0.03 0.01 0.015 0 0.005
 0.195 0.265 0.15 0.12 0.09 0.06 0.025 0.04 0.025 0.01 0.015 0.005
 0.145 0.25 0.255 0.14 0.085 0.04 0.03 0.015 0.015 0.01 0 0.015
# olc_fsh

# wt_fsh
 0.000530656 0.00119633 0.00205827 0.00303499 0.00405521 0.0050647 0.00602623 0.00691692 0.00772489 0.00844611 0.00908185 0.0096367
 0.000530656 0.00119633 0.00205827 0.00303499 0.00405521 0.0050647 0.00602623 0.00691692 0.00772489 0.00844611 0.00908185 0.0096367
 0.000530656 0.00119633 0.00205827 0.00303499 0.00405521 0.0050647 0.00602623 0.00691692 0.00772489 0.00844611 0.00908185 0.0096367
 0.000530656 0.00119633 0.00205827 0.00303499 0.00405521 0.0050647 0.00602623 0.00691692 0.00772489 0.00844611 0.00908185 0.0096367
 0.000530656 0.00119633 0.00205827 0.00303499 0.00405521 0.0050647 0.00602623 0.00691692 0.00772489 0.00844611 0.00908185 0.0096367
 0.000530656 0.00119633 0.00205827 0.00303499 0.00405521 0.0050647 0.00602623 0.00691692 0.00772489 0.00844611 0.00908185 0.0096367
 0.000530656 0.00119633 0.00205827 0.00303499 0.00405521 0.0050647 0.00602623 0.00691692 0.00772489 0.00844611 0.00908185 0.0096367
 0.000530656 0.00119633 0.00205827 0.00303499 0.00405521 0.0050647 0.00602623 0.00691692 0.00772489 0.00844611 0.00908185 0.0096367
 0.000530656 0.00119633 0.00205827 0.00303499 0.00405521 0.0050647 0.00602623 0.00691692 0.00772489 0.00844611 0.00908185 0.0096367
 0.000530656 0.00119633 0.00205827 0.00303499 0.00405521 0.0050647 0.00602623 0.00691692 0.00772489 0.00844611 0.00908185 0.0096367
 0.000530656 0.00119633 0.00205827 0.00303499 0.00405521 0.0050647 0.00602623 0.00691692 0.00772489 0.00844611 0.00908185 0.0096367
 0.000530656 0.00119633 0.00205827 0.00303499 0.00405521 0.0050647 0.00602623 0.00691692 0.00772489 0.00844611 0.00908185 0.0096367
 0.000530656 0.00119633 0.00205827 0.00303499 0.00405521 0.0050647 0.00602623 0.00691692 0.00772489 0.00844611 0.00908185 0.0096367
 0.000530656 0.00119633 0.00205827 0.00303499 0.00405521 0.0050647 0.00602623 0.00691692 0.00772489 0.00844611 0.00908185 0.0096367
 0.000530656 0.00119633 0.00205827 0.00303499 0.00405521 0.0050647 0.00602623 0.00691692 0.00772489 0.00844611 0.00908185 0.0096367
 0.000530656 0.00119633 0.00205827 0.00303499 0.00405521 0.0050647 0.00602623 0.00691692 0.00772489 0.00844611 0.00908185 0.0096367
 0.000530656 0.00119633 0.00205827 0.00303499 0.00405521 0.0050647 0.00602623 0.00691692 0.00772489 0.00844611 0.00908185 0.0096367
 0.000530656 0.00119633 0.00205827 0.00303499 0.00405521 0.0050647 0.00602623 0.00691692 0.00772489 0.00844611 0.00908185 0.0096367
 0.000530656 0.00119633 0.00205827 0.00303499 0.00405521 0.0050647 0.00602623 0.00691692 0.00772489 0.00844611 0.00908185 0.0096367
 0.000530656 0.00119633 0.00205827 0.00303499 0.00405521 0.0050647 0.00602623 0.00691692 0.00772489 0.00844611 0.00908185 0.0096367
 0.000530656 0.00119633 0.00205827 0.00303499 0.00405521 0.0050647 0.00602623 0.00691692 0.00772489 0.00844611 0.00908185 0.0096367
 0.000530656 0.00119633 0.00205827 0.00303499 0.00405521 0.0050647 0.00602623 0.00691692 0.00772489 0.00844611 0.00908185 0.0096367
 0.000530656 0.00119633 0.00205827 0.00303499 0.00405521 0.0050647 0.00602623 0.00691692 0.00772489 0.00844611 0.00908185 0.0096367
 0.000530656 0.00119633 0.00205827 0.00303499 0.00405521 0.0050647 0.00602623 0.00691692 0.00772489 0.00844611 0.00908185 0.0096367
 0.000530656 0.00119633 0.00205827 0.00303499 0.00405521 0.0050647 0.00602623 0.00691692 0.00772489 0.00844611 0.00908185 0.0096367
 0.000530656 0.00119633 0.00205827 0.00303499 0.00405521 0.0050647 0.00602623 0.00691692 0.00772489 0.00844611 0.00908185 0.0096367
 0.000530656 0.00119633 0.00205827 0.00303499 0.00405521 0.0050647 0.00602623 0.00691692 0.00772489 0.00844611 0.00908185 0.0096367
 0.000530656 0.00119633 0.00205827 0.00303499 0.00405521 0.0050647 0.00602623 0.00691692 0.00772489 0.00844611 0.00908185 0.0096367
 0.000530656 0.00119633 0.00205827 0.00303499 0.00405521 0.0050647 0.00602623 0.00691692 0.00772489 0.00844611 0.00908185 0.0096367
 0.000530656 0.00119633 0.00205827 0.00303499 0.00405521 0.0050647 0.00602623 0.00691692 0.00772489 0.00844611 0.00908185 0.0096367
# nyrs_ind_age
 30
# yrs_ind_age
 1 2 3 4 5 6 7 8 9 10 11 12 13 14 15 16 17 18 19 20 21 22 23 24 25 26 27 28 29 30
# n_sample_ind_age
 200 200 200 200 200 200 200 200 200 200 200 200 200 200 200 200 200 200 200 200 200 200 200 200 200 200 200 200 200 200
# oac_ind
 0.09 0.13 0.145 0.095 0.105 0.05 0.075 0.06 0.06 0.04 0.05 0.1
 0.065 0.185 0.165 0.095 0.115 0.075 0.05 0.02 0.04 0.045 0.03 0.115
 0.055 0.17 0.11 0.16 0.09 0.055 0.04 0.065 0.07 0.045 0.035 0.105
 0.035 0.125 0.165 0.125 0.07 0.135 0.04 0.045 0.065 0.05 0.025 0.12
 0.065 0.095 0.145 0.16 0.085 0.065 0.075 0.065 0.025 0.065 0.035 0.12
 0.075 0.175 0.135 0.1 0.15 0.06 0.07 0.035 0.035 0.015 0.045 0.105
 0.105 0.16 0.195 0.07 0.1 0.09 0.065 0.055 0.04 0.03 0.015 0.075
 0.065 0.155 0.185 0.14 0.075 0.075 0.06 0.045 0.03 0.04 0.035 0.095
 0.055 0.155 0.15 0.165 0.135 0.06 0.035 0.06 0.035 0.06 0.015 0.075
 0.11 0.18 0.135 0.12 0.16 0.115 0.045 0.035 0.015 0.005 0.025 0.055
 0.095 0.155 0.15 0.15 0.11 0.085 0.095 0.03 0.01 0.025 0.015 0.08
 0.075 0.185 0.205 0.135 0.1 0.085 0.06 0.05 0.01 0.02 0.015 0.06
 0.08 0.165 0.195 0.15 0.12 0.08 0.055 0.015 0.045 0.02 0.015 0.06
 0.075 0.175 0.13 0.175 0.15 0.065 0.045 0.045 0.03 0.03 0.005 0.075
 0.105 0.2 0.145 0.115 0.125 0.055 0.075 0.06 0.02 0.035 0.025 0.04
 0.1 0.22 0.21 0.16 0.09 0.08 0.045 0.005 0.025 0.015 0.025 0.025
 0.09 0.215 0.18 0.16 0.12 0.07 0.025 0.04 0.03 0.02 0.015 0.035
 0.095 0.25 0.24 0.125 0.105 0.045 0.035 0.035 0.015 0.005 0.02 0.03
 0.09 0.145 0.245 0.14 0.135 0.075 0.025 0.015 0.025 0.015 0.035 0.055
 0.1 0.205 0.18 0.145 0.1 0.06 0.075 0.035 0.025 0.025 0.015 0.035
 0.11 0.175 0.165 0.165 0.16 0.1 0.02 0.04 0.01 0.015 0.02 0.02
 0.155 0.245 0.13 0.145 0.095 0.1 0.055 0.02 0.015 0.015 0.005 0.02
 0.12 0.22 0.25 0.165 0.08 0.045 0.045 0.03 0.01 0.015 0.005 0.015
 0.13 0.285 0.24 0.145 0.08 0.035 0.035 0.025 0.005 0 0 0.02
 0.15 0.19 0.185 0.185 0.135 0.02 0.05 0.015 0.035 0 0.025 0.01
 0.07 0.33 0.155 0.175 0.125 0.075 0.01 0.03 0 0.005 0.005 0.02
 0.105 0.205 0.315 0.15 0.055 0.065 0.06 0.02 0.005 0.005 0 0.015
 0.13 0.235 0.165 0.195 0.095 0.07 0.055 0.015 0.02 0.005 0.005 0.01
 0.145 0.255 0.235 0.11 0.12 0.045 0.035 0.015 0 0.01 0.015 0.015
 0.095 0.33 0.235 0.125 0.065 0.06 0.025 0.025 0.015 0.01 0.015 0
# olc_ind

# obs_lse_ind
 0.198042 0.198042 0.198042 0.198042 0.198042 0.198042 0.198042 0.198042 0.198042 0.198042 0.198042 0.198042 0.198042 0.198042 0.198042 0.198042 0.198042 0.198042 0.198042 0.198042 0.198042 0.198042 0.198042 0.198042 0.198042 0.198042 0.198042 0.198042 0.198042 0.198042
# xages_fsh
 0 0 0 0 0 0 0 0 0 0 0 0
# xages_fsh
 0 0.0909091 0.181818 0.272727 0.363636 0.454545 0.545455 0.636364 0.727273 0.818182 0.909091 1
# xnodes_fsh

Yrs fsh_sel change:  1 0 0 0 0 0 0 0 0 0 0 0 0 0 0 0 0 0 0 0 0 0 0 0 0 0 0 0 0
Yrs ind_sel change:  1 0 0 0 0 0 0 0 0 0 0 0 0 0 0 0 0 0 0 0 0 0 0 0 0 0 0 0 0
# steepnessprior
0.75
# sigmarprior
0.2
#  SSB estimated in styr endyr: -12 28 
#  Rec estimated in styr endyr: -10 30 
#  SR Curve fit  in styr endyr: 1 30 
#             Model styr endyr: 1 30 
# qprior
 3.48998e-007
# q_power_prior 
 1 
# cv_catchbiomass 
0.05 
# CatchbiomassPen 
200 
# Number of projection years 
5 
# offset_fsh
 13425.2
# offset_ind
 13152.8
Mean Catch
1275.22
R_guess 
13.8155
# nfsh
1
# n_sel_ch_fsh
 1
# nselages_fsh
 11
# phase_selcoff_fsh
 -1
logRzero 13.8155
logmeanrec 13.8155
exp(log_sigmarprior 0.2
Fish sel phase: -1 OM1
Fixing fishery sel to
1
Fixing fishery sel to
1
Srvy sel phase: -1
Fixing survey_index1 indices sel to
1
Fixing index sel to
1
# logsel_slp_in_indv
 0.693147
Leaving parameter init secton
# M
 0.2 0.2 0.2 0.2 0.2 0.2 0.2 0.2 0.2 0.2 0.2 0.2
 0.2 0.2 0.2 0.2 0.2 0.2 0.2 0.2 0.2 0.2 0.2 0.2
 0.2 0.2 0.2 0.2 0.2 0.2 0.2 0.2 0.2 0.2 0.2 0.2
 0.2 0.2 0.2 0.2 0.2 0.2 0.2 0.2 0.2 0.2 0.2 0.2
 0.2 0.2 0.2 0.2 0.2 0.2 0.2 0.2 0.2 0.2 0.2 0.2
 0.2 0.2 0.2 0.2 0.2 0.2 0.2 0.2 0.2 0.2 0.2 0.2
 0.2 0.2 0.2 0.2 0.2 0.2 0.2 0.2 0.2 0.2 0.2 0.2
 0.2 0.2 0.2 0.2 0.2 0.2 0.2 0.2 0.2 0.2 0.2 0.2
 0.2 0.2 0.2 0.2 0.2 0.2 0.2 0.2 0.2 0.2 0.2 0.2
 0.2 0.2 0.2 0.2 0.2 0.2 0.2 0.2 0.2 0.2 0.2 0.2
 0.2 0.2 0.2 0.2 0.2 0.2 0.2 0.2 0.2 0.2 0.2 0.2
 0.2 0.2 0.2 0.2 0.2 0.2 0.2 0.2 0.2 0.2 0.2 0.2
 0.2 0.2 0.2 0.2 0.2 0.2 0.2 0.2 0.2 0.2 0.2 0.2
 0.2 0.2 0.2 0.2 0.2 0.2 0.2 0.2 0.2 0.2 0.2 0.2
 0.2 0.2 0.2 0.2 0.2 0.2 0.2 0.2 0.2 0.2 0.2 0.2
 0.2 0.2 0.2 0.2 0.2 0.2 0.2 0.2 0.2 0.2 0.2 0.2
 0.2 0.2 0.2 0.2 0.2 0.2 0.2 0.2 0.2 0.2 0.2 0.2
 0.2 0.2 0.2 0.2 0.2 0.2 0.2 0.2 0.2 0.2 0.2 0.2
 0.2 0.2 0.2 0.2 0.2 0.2 0.2 0.2 0.2 0.2 0.2 0.2
 0.2 0.2 0.2 0.2 0.2 0.2 0.2 0.2 0.2 0.2 0.2 0.2
 0.2 0.2 0.2 0.2 0.2 0.2 0.2 0.2 0.2 0.2 0.2 0.2
 0.2 0.2 0.2 0.2 0.2 0.2 0.2 0.2 0.2 0.2 0.2 0.2
 0.2 0.2 0.2 0.2 0.2 0.2 0.2 0.2 0.2 0.2 0.2 0.2
 0.2 0.2 0.2 0.2 0.2 0.2 0.2 0.2 0.2 0.2 0.2 0.2
 0.2 0.2 0.2 0.2 0.2 0.2 0.2 0.2 0.2 0.2 0.2 0.2
 0.2 0.2 0.2 0.2 0.2 0.2 0.2 0.2 0.2 0.2 0.2 0.2
 0.2 0.2 0.2 0.2 0.2 0.2 0.2 0.2 0.2 0.2 0.2 0.2
 0.2 0.2 0.2 0.2 0.2 0.2 0.2 0.2 0.2 0.2 0.2 0.2
 0.2 0.2 0.2 0.2 0.2 0.2 0.2 0.2 0.2 0.2 0.2 0.2
 0.2 0.2 0.2 0.2 0.2 0.2 0.2 0.2 0.2 0.2 0.2 0.2
# mean_log_rec
13.7439
# log_Rzero
13.7747
# rec_dev
 -0.173029 -0.0689091 -0.0436657 0.0264272 -0.012669 0.0553319 0.0999315 -0.0256839 0.0530217 0.0505951 0.108661 0.0396896 0.279825 -0.0426967 -0.234887 0.301337 0.34127 0.111143 0.13919 0.0519181 0.116802 0.127062 -0.0917286 -0.064621 0.0416608 -0.0124184 0.0848444 0.148126 -0.267598 -0.218506 -0.329814 0.0678036 0.0170289 -0.195005 -0.348143 -0.0652838 -0.482773 -0.40318 -0.0954605 -0.0450319 -0.34181
# fmort
 0.00935503 0.0274562 0.0454593 0.0614996 0.04974 0.0893565 0.0915238 0.195087 0.11422 0.138365 0.156059 0.167598 0.120153 0.173778 0.185113 0.165231 0.323566 0.264706 0.264192 0.256466 0.355144 0.256705 0.416314 0.338996 0.335134 0.298121 0.289362 0.405023 0.303574 0.454517
# rec_dev_future
 0 0 0 0 0
