AMAK;August_2013
# styr
1
# endyr
30
# rec_age
1
# oldest_age
12
# nlength
81
# len_bins
 10 11 12 13 14 15 16 17 18 19 20 21 22 23 24 25 26 27 28 29 30 31 32 33 34 35 36 37 38 39 40 41 42 43 44 45 46 47 48 49 50 51 52 53 54 55 56 57 58 59 60 61 62 63 64 65 66 67 68 69 70 71 72 73 74 75 76 77 78 79 80 81 82 83 84 85 86 87 88 89 90
# datafile_name
amak_data.dat
# model_name
OM_1
# styr
1
# endyr
30
# rec_age
1
# oldest_age
12
# nfsh
1
# fshname
OM1
# catch_bio_in
 160.808 471.19 761.496 1001.53 770.148 1319.03 1273.7 2485.52 1325.44 1528.75 1612.26 1618 1102.88 1530.46 1509.51 1269.96 2238.84 1609.98 1460.05 1325.78 1620.76 1077.82 1630.16 1205.29 1123.09 976.61 921.606 1209.44 864.64 1269.67
# catch_bio_sd_in
 0.01 0.01 0.01 0.01 0.01 0.01 0.01 0.01 0.01 0.01 0.01 0.01 0.01 0.01 0.01 0.01 0.01 0.01 0.01 0.01 0.01 0.01 0.01 0.01 0.01 0.01 0.01 0.01 0.01 0.01
# nyrs_fsh_age
 30
# nyrs_fsh_length
 0
# yrs_fsh_age_in
 1 2 3 4 5 6 7 8 9 10 11 12 13 14 15 16 17 18 19 20 21 22 23 24 25 26 27 28 29 30
# yrs_fsh_length_in

# n_sample_fsh_length_in

# olc_fsh_in

# nind
1
# indname
survey_index1
# nyrs_ind
 30
# yrs_ind_in
 1 2 3 4 5 6 7 8 9 10 11 12 13 14 15 16 17 18 19 20 21 22 23 24 25 26 27 28 29 30
# mo_ind
 1
# obs_ind_in
 1.4283 1.62556 1.59672 1.21983 1.24069 1.48738 1.5809 1.65166 1.35642 1.33955 0.991289 1.19462 0.952441 0.921588 0.944976 1.00676 0.777809 0.825968 0.800289 0.70647 0.656646 0.688563 0.686251 0.568099 0.579305 0.570373 0.593112 0.496502 0.542932 0.60532
# obs_se_ind_in
 0.285661 0.325113 0.319344 0.243965 0.248137 0.297476 0.31618 0.330332 0.271284 0.267911 0.198258 0.238924 0.190488 0.184318 0.188995 0.201353 0.155562 0.165194 0.160058 0.141294 0.131329 0.137713 0.13725 0.11362 0.115861 0.114075 0.118622 0.0993003 0.108586 0.121064
# nyrs_ind_age
 30
# nyrs_ind_length
 0
# yrs_ind_age_in
 1 2 3 4 5 6 7 8 9 10 11 12 13 14 15 16 17 18 19 20 21 22 23 24 25 26 27 28 29 30
# yrs_ind_length_in

# yrs_ind_age_in
 1 2 3 4 5 6 7 8 9 10 11 12 13 14 15 16 17 18 19 20 21 22 23 24 25 26 27 28 29 30
# n_sample_ind_length_in

# olc_ind_in

# oac_ind_in
 0.075 0.18 0.135 0.08 0.085 0.12 0.04 0.055 0.03 0.045 0.02 0.135
 0.08 0.13 0.185 0.115 0.135 0.055 0.06 0.06 0.04 0.025 0.02 0.095
 0.075 0.1 0.18 0.155 0.105 0.05 0.05 0.08 0.05 0.04 0.02 0.095
 0.03 0.115 0.145 0.09 0.135 0.105 0.075 0.04 0.04 0.015 0.025 0.185
 0.1 0.14 0.125 0.135 0.065 0.095 0.05 0.035 0.05 0.065 0.055 0.085
 0.065 0.18 0.11 0.1 0.135 0.08 0.06 0.085 0.035 0.025 0.015 0.11
 0.05 0.23 0.175 0.12 0.05 0.055 0.045 0.03 0.06 0.02 0.06 0.105
 0.08 0.11 0.17 0.18 0.06 0.065 0.07 0.065 0.06 0.03 0.015 0.095
 0.065 0.145 0.18 0.155 0.115 0.05 0.065 0.06 0.025 0.025 0.015 0.1
 0.11 0.19 0.135 0.135 0.085 0.12 0.055 0.025 0.03 0.02 0.015 0.08
 0.06 0.19 0.205 0.135 0.105 0.08 0.055 0.005 0.04 0.03 0.015 0.08
 0.06 0.235 0.145 0.12 0.15 0.075 0.04 0.04 0.005 0.025 0.025 0.08
 0.07 0.175 0.13 0.155 0.11 0.095 0.09 0.04 0.035 0.015 0.025 0.06
 0.105 0.155 0.15 0.145 0.16 0.07 0.075 0.015 0.02 0.02 0.015 0.07
 0.06 0.16 0.22 0.155 0.135 0.05 0.04 0.045 0.03 0.03 0.03 0.045
 0.13 0.225 0.17 0.11 0.1 0.07 0.05 0.05 0.02 0.01 0.02 0.045
 0.075 0.21 0.165 0.13 0.11 0.1 0.085 0.04 0.01 0.02 0.03 0.025
 0.08 0.28 0.185 0.13 0.07 0.05 0.055 0.06 0.02 0.04 0.005 0.025
 0.075 0.215 0.21 0.2 0.085 0.06 0.045 0.045 0.015 0.02 0.01 0.02
 0.075 0.22 0.18 0.215 0.105 0.06 0.03 0.025 0.01 0.03 0.005 0.045
 0.15 0.21 0.21 0.105 0.07 0.08 0.055 0.015 0.04 0.01 0.02 0.035
 0.16 0.24 0.155 0.095 0.115 0.085 0.05 0.02 0.035 0.01 0.02 0.015
 0.12 0.26 0.22 0.115 0.095 0.06 0.05 0.025 0.01 0.03 0.005 0.01
 0.095 0.23 0.235 0.17 0.06 0.065 0.06 0.03 0.02 0.015 0.005 0.015
 0.17 0.2 0.195 0.175 0.145 0.03 0.05 0.01 0.01 0.005 0 0.01
 0.1 0.325 0.135 0.135 0.13 0.095 0.025 0.02 0.015 0.01 0.005 0.005
 0.145 0.185 0.3 0.1 0.09 0.075 0.045 0.02 0.015 0.005 0.015 0.005
 0.17 0.27 0.185 0.165 0.07 0.035 0.03 0.035 0.02 0.02 0 0
 0.11 0.355 0.16 0.14 0.11 0.045 0.02 0.015 0.015 0.01 0.005 0.015
 0.145 0.29 0.26 0.15 0.065 0.045 0.01 0.02 0.01 0.005 0 0
# wt_ind
 1 1 1 1 1 1 1 1 1 1 1 1
 1 1 1 1 1 1 1 1 1 1 1 1
 1 1 1 1 1 1 1 1 1 1 1 1
 1 1 1 1 1 1 1 1 1 1 1 1
 1 1 1 1 1 1 1 1 1 1 1 1
 1 1 1 1 1 1 1 1 1 1 1 1
 1 1 1 1 1 1 1 1 1 1 1 1
 1 1 1 1 1 1 1 1 1 1 1 1
 1 1 1 1 1 1 1 1 1 1 1 1
 1 1 1 1 1 1 1 1 1 1 1 1
 1 1 1 1 1 1 1 1 1 1 1 1
 1 1 1 1 1 1 1 1 1 1 1 1
 1 1 1 1 1 1 1 1 1 1 1 1
 1 1 1 1 1 1 1 1 1 1 1 1
 1 1 1 1 1 1 1 1 1 1 1 1
 1 1 1 1 1 1 1 1 1 1 1 1
 1 1 1 1 1 1 1 1 1 1 1 1
 1 1 1 1 1 1 1 1 1 1 1 1
 1 1 1 1 1 1 1 1 1 1 1 1
 1 1 1 1 1 1 1 1 1 1 1 1
 1 1 1 1 1 1 1 1 1 1 1 1
 1 1 1 1 1 1 1 1 1 1 1 1
 1 1 1 1 1 1 1 1 1 1 1 1
 1 1 1 1 1 1 1 1 1 1 1 1
 1 1 1 1 1 1 1 1 1 1 1 1
 1 1 1 1 1 1 1 1 1 1 1 1
 1 1 1 1 1 1 1 1 1 1 1 1
 1 1 1 1 1 1 1 1 1 1 1 1
 1 1 1 1 1 1 1 1 1 1 1 1
 1 1 1 1 1 1 1 1 1 1 1 1
# wt_pop
 0.000530656 0.00119633 0.00205827 0.00303499 0.00405521 0.0050647 0.00602623 0.00691692 0.00772489 0.00844611 0.00908185 0.0096367
# maturity
 0.0229774 0.320821 0.904651 0.99478 0.999739 0.999987 0.999999 1 1 1 1 1
# spawnmo
1
# age_err
 1 0 0 0 0 0 0 0 0 0 0 0
 0 1 0 0 0 0 0 0 0 0 0 0
 0 0 1 0 0 0 0 0 0 0 0 0
 0 0 0 1 0 0 0 0 0 0 0 0
 0 0 0 0 1 0 0 0 0 0 0 0
 0 0 0 0 0 1 0 0 0 0 0 0
 0 0 0 0 0 0 1 0 0 0 0 0
 0 0 0 0 0 0 0 1 0 0 0 0
 0 0 0 0 0 0 0 0 1 0 0 0
 0 0 0 0 0 0 0 0 0 1 0 0
 0 0 0 0 0 0 0 0 0 0 1 0
 0 0 0 0 0 0 0 0 0 0 0 1
# cntrlfile_name
C:\Users\bai.li\Desktop\s1_test\AMAK\s39\amak.dat
# Map shared selectivity: 
# sel_map
 1 2
 1 1
# datafile_name
amak_data.dat
# model_name
OM_1
# SrType
2
# use_age_err
0
# retro
0
# sigmarprior
0.2
# cvsigmarprior
0.25
# phase_sigmar
-3
# styr_rec_est
1
# endyr_rec_est
30
# Linfprior
80
# cvLinfprior
0.25
# kprior
0.18
# cvkprior
0.25
# Loprior
27.688
# cvLoprior
0.25
# sdageprior
0.1
# cvsdageprior
0.25
# natmortprior
0.2
# cvnatmortprior
0.25
# phase_M
-4
# npars_Mage
0
# ages_M_changes

# Mage_in

# phase_Mage
-5
# phase_rw_M
0
# npars_rw_M
0
# yrs_rw_M

# sigma_rw_M

# qprior
 3.48998e-007
# cvqprior
 1
# phase_q
 1
# q_power_prior
 1
# cvq_power_prior
 0.2
# phase_q_power
 -4
# phase_rw_q
 -1
# npars_rw_q
 0
# yrs_rw_q

# sigma_rw_q

# q_age_min
 1
# q_age_max
 12
# q_age_min
 1
# q_age_max
 12
# fsh_sel_opt(k)
2
# phase_sel_fsh(k)
-2
# n_sel_ch_fsh(k)
1
# sel_slp_in_fsh(k)(1,n_sel_ch_fsh(k))
 1
# sel_inf_in_fsh(k)(1,n_sel_ch_fsh(k))
 2
# logsel_slp_in_fsh(k)(1,n_sel_ch_fsh(k))
 0
# yrs_sel_ch_fsh(k)(1,n_sel_ch_fsh(k))
 1

Survey survey_index1
# ind_sel_opt(k)
2
# indname(k)
survey_index1
# nselages_in_ind(k)
11
# phase_sel_ind(k)
-2
# sel_change_in_ind(k)
 1 0 0 0 0 0 0 0 0 0 0 0 0 0 0 0 0 0 0 0 0 0 0 0 0 0 0 0 0 0
# n_sel_ch_ind(k)
1
# yrs_sel_ch_ind(k)(1,n_sel_ch_ind(k))
 1
# sel_slp_in_ind(k,1)
2
# sel_inf_in_ind(k,1)
1.5
# logsel_slp_in_ind(k,1)
0.693147
# logsel_slp_in_indv(k)
0.693147
survey_index1 ind sel opt 2  1 0 0 0 0 0 0 0 0 0 0 0 0 0 0 0 0 0 0 0 0 0 0 0 0 0 0 0 0 0
Phase indices Sel_Coffs:  -1
 Test: 1.23457e+008
# Fshry Selages:  11
# Srvy  Selages:  11
# Phase for age-spec fishery  -1
# Phase for logistic fishery  -2
# Phase for dble logistic fishery  -1
# Phase for age-spec indices   -1
# Phase for logistic indices   -2
# Phase for dble logistic ind  -1
# Curv_pen_fsh: 
 0
# Curv_pen_ind: 
 0
# styr_fut
31
# endyr_fut
35
# nyrs_fsh_age
 30
# nyrs_fsh_age
 30
# yrs_fsh_age
 1 2 3 4 5 6 7 8 9 10 11 12 13 14 15 16 17 18 19 20 21 22 23 24 25 26 27 28 29 30
# n_sample_fsh_age
 200 200 200 200 200 200 200 200 200 200 200 200 200 200 200 200 200 200 200 200 200 200 200 200 200 200 200 200 200 200
# oac_fsh
 0.09 0.055 0.11 0.175 0.085 0.12 0.065 0.06 0.005 0.065 0.035 0.135
 0.07 0.105 0.125 0.105 0.115 0.075 0.07 0.045 0.04 0.06 0.06 0.13
 0.08 0.11 0.085 0.125 0.115 0.11 0.06 0.055 0.06 0.04 0.025 0.135
 0.04 0.095 0.17 0.11 0.065 0.09 0.08 0.08 0.03 0.035 0.05 0.155
 0.12 0.06 0.125 0.175 0.145 0.07 0.1 0.025 0.035 0.025 0.04 0.08
 0.125 0.16 0.13 0.07 0.105 0.065 0.09 0.06 0.04 0.035 0.035 0.085
 0.085 0.15 0.175 0.09 0.09 0.095 0.065 0.035 0.04 0.04 0.03 0.105
 0.115 0.125 0.13 0.135 0.105 0.075 0.075 0.09 0.025 0.02 0.02 0.085
 0.085 0.14 0.105 0.2 0.11 0.075 0.04 0.055 0.05 0.045 0.025 0.07
 0.085 0.125 0.21 0.11 0.105 0.1 0.05 0.05 0.045 0.035 0.035 0.05
 0.11 0.11 0.105 0.15 0.08 0.12 0.095 0.035 0.05 0.045 0.01 0.09
 0.045 0.115 0.14 0.175 0.115 0.07 0.1 0.1 0.025 0.03 0.02 0.065
 0.08 0.1 0.19 0.15 0.105 0.08 0.04 0.045 0.055 0.035 0.015 0.105
 0.09 0.15 0.135 0.155 0.135 0.06 0.05 0.045 0.06 0.02 0.015 0.085
 0.1 0.125 0.15 0.135 0.11 0.095 0.06 0.055 0.05 0.04 0.02 0.06
 0.1 0.165 0.175 0.14 0.105 0.09 0.045 0.045 0.025 0.01 0.015 0.085
 0.14 0.135 0.16 0.11 0.145 0.08 0.08 0.03 0.035 0.03 0.01 0.045
 0.11 0.155 0.19 0.135 0.11 0.07 0.045 0.04 0.02 0.03 0.025 0.07
 0.105 0.13 0.24 0.155 0.11 0.09 0.05 0.015 0.035 0.015 0.005 0.05
 0.11 0.175 0.18 0.165 0.125 0.08 0.04 0.025 0.025 0.01 0.035 0.03
 0.195 0.15 0.19 0.095 0.125 0.075 0.04 0.015 0.04 0.01 0.005 0.06
 0.155 0.225 0.15 0.135 0.095 0.085 0.075 0.025 0.015 0.015 0 0.025
 0.12 0.235 0.19 0.115 0.105 0.055 0.075 0.045 0.005 0.03 0.015 0.01
 0.09 0.205 0.24 0.195 0.06 0.095 0.03 0.025 0.045 0 0 0.015
 0.165 0.19 0.2 0.195 0.12 0.05 0.02 0.005 0.01 0.035 0.01 0
 0.11 0.265 0.23 0.16 0.125 0.05 0.025 0.005 0.01 0 0.005 0.015
 0.165 0.18 0.275 0.14 0.095 0.055 0.03 0.02 0.01 0.005 0.01 0.015
 0.2 0.19 0.17 0.175 0.09 0.05 0.045 0.045 0.01 0.01 0.005 0.01
 0.205 0.205 0.18 0.12 0.15 0.04 0.045 0.025 0.01 0 0.005 0.015
 0.155 0.29 0.195 0.13 0.06 0.065 0.025 0.02 0.015 0.03 0.01 0.005
# olc_fsh

# wt_fsh
 0.000530656 0.00119633 0.00205827 0.00303499 0.00405521 0.0050647 0.00602623 0.00691692 0.00772489 0.00844611 0.00908185 0.0096367
 0.000530656 0.00119633 0.00205827 0.00303499 0.00405521 0.0050647 0.00602623 0.00691692 0.00772489 0.00844611 0.00908185 0.0096367
 0.000530656 0.00119633 0.00205827 0.00303499 0.00405521 0.0050647 0.00602623 0.00691692 0.00772489 0.00844611 0.00908185 0.0096367
 0.000530656 0.00119633 0.00205827 0.00303499 0.00405521 0.0050647 0.00602623 0.00691692 0.00772489 0.00844611 0.00908185 0.0096367
 0.000530656 0.00119633 0.00205827 0.00303499 0.00405521 0.0050647 0.00602623 0.00691692 0.00772489 0.00844611 0.00908185 0.0096367
 0.000530656 0.00119633 0.00205827 0.00303499 0.00405521 0.0050647 0.00602623 0.00691692 0.00772489 0.00844611 0.00908185 0.0096367
 0.000530656 0.00119633 0.00205827 0.00303499 0.00405521 0.0050647 0.00602623 0.00691692 0.00772489 0.00844611 0.00908185 0.0096367
 0.000530656 0.00119633 0.00205827 0.00303499 0.00405521 0.0050647 0.00602623 0.00691692 0.00772489 0.00844611 0.00908185 0.0096367
 0.000530656 0.00119633 0.00205827 0.00303499 0.00405521 0.0050647 0.00602623 0.00691692 0.00772489 0.00844611 0.00908185 0.0096367
 0.000530656 0.00119633 0.00205827 0.00303499 0.00405521 0.0050647 0.00602623 0.00691692 0.00772489 0.00844611 0.00908185 0.0096367
 0.000530656 0.00119633 0.00205827 0.00303499 0.00405521 0.0050647 0.00602623 0.00691692 0.00772489 0.00844611 0.00908185 0.0096367
 0.000530656 0.00119633 0.00205827 0.00303499 0.00405521 0.0050647 0.00602623 0.00691692 0.00772489 0.00844611 0.00908185 0.0096367
 0.000530656 0.00119633 0.00205827 0.00303499 0.00405521 0.0050647 0.00602623 0.00691692 0.00772489 0.00844611 0.00908185 0.0096367
 0.000530656 0.00119633 0.00205827 0.00303499 0.00405521 0.0050647 0.00602623 0.00691692 0.00772489 0.00844611 0.00908185 0.0096367
 0.000530656 0.00119633 0.00205827 0.00303499 0.00405521 0.0050647 0.00602623 0.00691692 0.00772489 0.00844611 0.00908185 0.0096367
 0.000530656 0.00119633 0.00205827 0.00303499 0.00405521 0.0050647 0.00602623 0.00691692 0.00772489 0.00844611 0.00908185 0.0096367
 0.000530656 0.00119633 0.00205827 0.00303499 0.00405521 0.0050647 0.00602623 0.00691692 0.00772489 0.00844611 0.00908185 0.0096367
 0.000530656 0.00119633 0.00205827 0.00303499 0.00405521 0.0050647 0.00602623 0.00691692 0.00772489 0.00844611 0.00908185 0.0096367
 0.000530656 0.00119633 0.00205827 0.00303499 0.00405521 0.0050647 0.00602623 0.00691692 0.00772489 0.00844611 0.00908185 0.0096367
 0.000530656 0.00119633 0.00205827 0.00303499 0.00405521 0.0050647 0.00602623 0.00691692 0.00772489 0.00844611 0.00908185 0.0096367
 0.000530656 0.00119633 0.00205827 0.00303499 0.00405521 0.0050647 0.00602623 0.00691692 0.00772489 0.00844611 0.00908185 0.0096367
 0.000530656 0.00119633 0.00205827 0.00303499 0.00405521 0.0050647 0.00602623 0.00691692 0.00772489 0.00844611 0.00908185 0.0096367
 0.000530656 0.00119633 0.00205827 0.00303499 0.00405521 0.0050647 0.00602623 0.00691692 0.00772489 0.00844611 0.00908185 0.0096367
 0.000530656 0.00119633 0.00205827 0.00303499 0.00405521 0.0050647 0.00602623 0.00691692 0.00772489 0.00844611 0.00908185 0.0096367
 0.000530656 0.00119633 0.00205827 0.00303499 0.00405521 0.0050647 0.00602623 0.00691692 0.00772489 0.00844611 0.00908185 0.0096367
 0.000530656 0.00119633 0.00205827 0.00303499 0.00405521 0.0050647 0.00602623 0.00691692 0.00772489 0.00844611 0.00908185 0.0096367
 0.000530656 0.00119633 0.00205827 0.00303499 0.00405521 0.0050647 0.00602623 0.00691692 0.00772489 0.00844611 0.00908185 0.0096367
 0.000530656 0.00119633 0.00205827 0.00303499 0.00405521 0.0050647 0.00602623 0.00691692 0.00772489 0.00844611 0.00908185 0.0096367
 0.000530656 0.00119633 0.00205827 0.00303499 0.00405521 0.0050647 0.00602623 0.00691692 0.00772489 0.00844611 0.00908185 0.0096367
 0.000530656 0.00119633 0.00205827 0.00303499 0.00405521 0.0050647 0.00602623 0.00691692 0.00772489 0.00844611 0.00908185 0.0096367
# nyrs_ind_age
 30
# yrs_ind_age
 1 2 3 4 5 6 7 8 9 10 11 12 13 14 15 16 17 18 19 20 21 22 23 24 25 26 27 28 29 30
# n_sample_ind_age
 200 200 200 200 200 200 200 200 200 200 200 200 200 200 200 200 200 200 200 200 200 200 200 200 200 200 200 200 200 200
# oac_ind
 0.075 0.18 0.135 0.08 0.085 0.12 0.04 0.055 0.03 0.045 0.02 0.135
 0.08 0.13 0.185 0.115 0.135 0.055 0.06 0.06 0.04 0.025 0.02 0.095
 0.075 0.1 0.18 0.155 0.105 0.05 0.05 0.08 0.05 0.04 0.02 0.095
 0.03 0.115 0.145 0.09 0.135 0.105 0.075 0.04 0.04 0.015 0.025 0.185
 0.1 0.14 0.125 0.135 0.065 0.095 0.05 0.035 0.05 0.065 0.055 0.085
 0.065 0.18 0.11 0.1 0.135 0.08 0.06 0.085 0.035 0.025 0.015 0.11
 0.05 0.23 0.175 0.12 0.05 0.055 0.045 0.03 0.06 0.02 0.06 0.105
 0.08 0.11 0.17 0.18 0.06 0.065 0.07 0.065 0.06 0.03 0.015 0.095
 0.065 0.145 0.18 0.155 0.115 0.05 0.065 0.06 0.025 0.025 0.015 0.1
 0.11 0.19 0.135 0.135 0.085 0.12 0.055 0.025 0.03 0.02 0.015 0.08
 0.06 0.19 0.205 0.135 0.105 0.08 0.055 0.005 0.04 0.03 0.015 0.08
 0.06 0.235 0.145 0.12 0.15 0.075 0.04 0.04 0.005 0.025 0.025 0.08
 0.07 0.175 0.13 0.155 0.11 0.095 0.09 0.04 0.035 0.015 0.025 0.06
 0.105 0.155 0.15 0.145 0.16 0.07 0.075 0.015 0.02 0.02 0.015 0.07
 0.06 0.16 0.22 0.155 0.135 0.05 0.04 0.045 0.03 0.03 0.03 0.045
 0.13 0.225 0.17 0.11 0.1 0.07 0.05 0.05 0.02 0.01 0.02 0.045
 0.075 0.21 0.165 0.13 0.11 0.1 0.085 0.04 0.01 0.02 0.03 0.025
 0.08 0.28 0.185 0.13 0.07 0.05 0.055 0.06 0.02 0.04 0.005 0.025
 0.075 0.215 0.21 0.2 0.085 0.06 0.045 0.045 0.015 0.02 0.01 0.02
 0.075 0.22 0.18 0.215 0.105 0.06 0.03 0.025 0.01 0.03 0.005 0.045
 0.15 0.21 0.21 0.105 0.07 0.08 0.055 0.015 0.04 0.01 0.02 0.035
 0.16 0.24 0.155 0.095 0.115 0.085 0.05 0.02 0.035 0.01 0.02 0.015
 0.12 0.26 0.22 0.115 0.095 0.06 0.05 0.025 0.01 0.03 0.005 0.01
 0.095 0.23 0.235 0.17 0.06 0.065 0.06 0.03 0.02 0.015 0.005 0.015
 0.17 0.2 0.195 0.175 0.145 0.03 0.05 0.01 0.01 0.005 0 0.01
 0.1 0.325 0.135 0.135 0.13 0.095 0.025 0.02 0.015 0.01 0.005 0.005
 0.145 0.185 0.3 0.1 0.09 0.075 0.045 0.02 0.015 0.005 0.015 0.005
 0.17 0.27 0.185 0.165 0.07 0.035 0.03 0.035 0.02 0.02 0 0
 0.11 0.355 0.16 0.14 0.11 0.045 0.02 0.015 0.015 0.01 0.005 0.015
 0.145 0.29 0.26 0.15 0.065 0.045 0.01 0.02 0.01 0.005 0 0
# olc_ind

# obs_lse_ind
 0.198042 0.198042 0.198042 0.198042 0.198042 0.198042 0.198042 0.198042 0.198042 0.198042 0.198042 0.198042 0.198042 0.198042 0.198042 0.198042 0.198042 0.198042 0.198042 0.198042 0.198042 0.198042 0.198042 0.198042 0.198042 0.198042 0.198042 0.198042 0.198042 0.198042
# xages_fsh
 0 0 0 0 0 0 0 0 0 0 0 0
# xages_fsh
 0 0.0909091 0.181818 0.272727 0.363636 0.454545 0.545455 0.636364 0.727273 0.818182 0.909091 1
# xnodes_fsh

Yrs fsh_sel change:  1 0 0 0 0 0 0 0 0 0 0 0 0 0 0 0 0 0 0 0 0 0 0 0 0 0 0 0 0
Yrs ind_sel change:  1 0 0 0 0 0 0 0 0 0 0 0 0 0 0 0 0 0 0 0 0 0 0 0 0 0 0 0 0
# steepnessprior
0.75
# sigmarprior
0.2
#  SSB estimated in styr endyr: -12 28 
#  Rec estimated in styr endyr: -10 30 
#  SR Curve fit  in styr endyr: 1 30 
#             Model styr endyr: 1 30 
# qprior
 3.48998e-007
# q_power_prior 
 1 
# cv_catchbiomass 
0.05 
# CatchbiomassPen 
200 
# Number of projection years 
5 
# offset_fsh
 13467.8
# offset_ind
 13121.4
Mean Catch
1275.81
R_guess 
13.8155
# nfsh
1
# n_sel_ch_fsh
 1
# nselages_fsh
 11
# phase_selcoff_fsh
 -1
logRzero 13.8155
logmeanrec 13.8155
exp(log_sigmarprior 0.2
Fish sel phase: -1 OM1
Fixing fishery sel to
1
Fixing fishery sel to
1
Srvy sel phase: -1
Fixing survey_index1 indices sel to
1
Fixing index sel to
1
# logsel_slp_in_indv
 0.693147
Leaving parameter init secton
# M
 0.2 0.2 0.2 0.2 0.2 0.2 0.2 0.2 0.2 0.2 0.2 0.2
 0.2 0.2 0.2 0.2 0.2 0.2 0.2 0.2 0.2 0.2 0.2 0.2
 0.2 0.2 0.2 0.2 0.2 0.2 0.2 0.2 0.2 0.2 0.2 0.2
 0.2 0.2 0.2 0.2 0.2 0.2 0.2 0.2 0.2 0.2 0.2 0.2
 0.2 0.2 0.2 0.2 0.2 0.2 0.2 0.2 0.2 0.2 0.2 0.2
 0.2 0.2 0.2 0.2 0.2 0.2 0.2 0.2 0.2 0.2 0.2 0.2
 0.2 0.2 0.2 0.2 0.2 0.2 0.2 0.2 0.2 0.2 0.2 0.2
 0.2 0.2 0.2 0.2 0.2 0.2 0.2 0.2 0.2 0.2 0.2 0.2
 0.2 0.2 0.2 0.2 0.2 0.2 0.2 0.2 0.2 0.2 0.2 0.2
 0.2 0.2 0.2 0.2 0.2 0.2 0.2 0.2 0.2 0.2 0.2 0.2
 0.2 0.2 0.2 0.2 0.2 0.2 0.2 0.2 0.2 0.2 0.2 0.2
 0.2 0.2 0.2 0.2 0.2 0.2 0.2 0.2 0.2 0.2 0.2 0.2
 0.2 0.2 0.2 0.2 0.2 0.2 0.2 0.2 0.2 0.2 0.2 0.2
 0.2 0.2 0.2 0.2 0.2 0.2 0.2 0.2 0.2 0.2 0.2 0.2
 0.2 0.2 0.2 0.2 0.2 0.2 0.2 0.2 0.2 0.2 0.2 0.2
 0.2 0.2 0.2 0.2 0.2 0.2 0.2 0.2 0.2 0.2 0.2 0.2
 0.2 0.2 0.2 0.2 0.2 0.2 0.2 0.2 0.2 0.2 0.2 0.2
 0.2 0.2 0.2 0.2 0.2 0.2 0.2 0.2 0.2 0.2 0.2 0.2
 0.2 0.2 0.2 0.2 0.2 0.2 0.2 0.2 0.2 0.2 0.2 0.2
 0.2 0.2 0.2 0.2 0.2 0.2 0.2 0.2 0.2 0.2 0.2 0.2
 0.2 0.2 0.2 0.2 0.2 0.2 0.2 0.2 0.2 0.2 0.2 0.2
 0.2 0.2 0.2 0.2 0.2 0.2 0.2 0.2 0.2 0.2 0.2 0.2
 0.2 0.2 0.2 0.2 0.2 0.2 0.2 0.2 0.2 0.2 0.2 0.2
 0.2 0.2 0.2 0.2 0.2 0.2 0.2 0.2 0.2 0.2 0.2 0.2
 0.2 0.2 0.2 0.2 0.2 0.2 0.2 0.2 0.2 0.2 0.2 0.2
 0.2 0.2 0.2 0.2 0.2 0.2 0.2 0.2 0.2 0.2 0.2 0.2
 0.2 0.2 0.2 0.2 0.2 0.2 0.2 0.2 0.2 0.2 0.2 0.2
 0.2 0.2 0.2 0.2 0.2 0.2 0.2 0.2 0.2 0.2 0.2 0.2
 0.2 0.2 0.2 0.2 0.2 0.2 0.2 0.2 0.2 0.2 0.2 0.2
 0.2 0.2 0.2 0.2 0.2 0.2 0.2 0.2 0.2 0.2 0.2 0.2
# mean_log_rec
13.7554
# log_Rzero
13.8
# rec_dev
 -0.119682 -0.122335 0.147962 -0.192457 -0.0151068 -0.0135686 0.12218 -0.0379904 0.0429186 0.101465 0.126449 0.0810904 0.201903 -0.0230737 -0.128954 0.362035 0.300406 0.0326417 0.180451 0.0560243 0.0661179 0.0952965 -0.109361 -0.0375717 -0.0983126 -0.0778336 0.0773711 0.0836477 -0.230488 -0.174383 -0.367112 0.0277544 -0.0142202 -0.249315 -0.440486 -0.0400821 -0.460751 -0.291978 -0.0743747 -0.068406 -0.189612
# fmort
 0.00921572 0.0272025 0.0449316 0.0613833 0.0490188 0.0875977 0.0888966 0.188796 0.110088 0.134158 0.151351 0.16365 0.117736 0.172355 0.184099 0.16547 0.32559 0.268783 0.267475 0.264778 0.363178 0.264477 0.434731 0.359324 0.357881 0.325358 0.311661 0.429084 0.315225 0.469077
# rec_dev_future
 0 0 0 0 0
