AMAK;August_2013
# styr
1
# endyr
30
# rec_age
1
# oldest_age
12
# nlength
81
# len_bins
 10 11 12 13 14 15 16 17 18 19 20 21 22 23 24 25 26 27 28 29 30 31 32 33 34 35 36 37 38 39 40 41 42 43 44 45 46 47 48 49 50 51 52 53 54 55 56 57 58 59 60 61 62 63 64 65 66 67 68 69 70 71 72 73 74 75 76 77 78 79 80 81 82 83 84 85 86 87 88 89 90
# datafile_name
amak_data.dat
# model_name
OM_1
# styr
1
# endyr
30
# rec_age
1
# oldest_age
12
# nfsh
1
# fshname
OM1
# catch_bio_in
 161.245 467.689 764.306 1004.59 768.09 1323.23 1283.55 2480.12 1331.09 1526.85 1639.83 1621.48 1111.98 1526.81 1518.12 1274.75 2254.49 1633.1 1462.29 1318.62 1635.62 1075.91 1631.69 1200.89 1112.1 973.477 928.288 1205.42 870.876 1268.56
# catch_bio_sd_in
 0.01 0.01 0.01 0.01 0.01 0.01 0.01 0.01 0.01 0.01 0.01 0.01 0.01 0.01 0.01 0.01 0.01 0.01 0.01 0.01 0.01 0.01 0.01 0.01 0.01 0.01 0.01 0.01 0.01 0.01
# nyrs_fsh_age
 30
# nyrs_fsh_length
 0
# yrs_fsh_age_in
 1 2 3 4 5 6 7 8 9 10 11 12 13 14 15 16 17 18 19 20 21 22 23 24 25 26 27 28 29 30
# yrs_fsh_length_in

# n_sample_fsh_length_in

# olc_fsh_in

# nind
1
# indname
survey_index1
# nyrs_ind
 30
# yrs_ind_in
 1 2 3 4 5 6 7 8 9 10 11 12 13 14 15 16 17 18 19 20 21 22 23 24 25 26 27 28 29 30
# mo_ind
 1
# obs_ind_in
 1.56569 1.41741 1.43444 1.52107 1.54505 1.51517 1.30033 1.82036 1.34269 1.34521 1.10935 1.25834 0.901738 0.947402 0.995212 1.06181 1.05422 0.83061 0.945147 0.750955 0.692528 0.739378 0.643407 0.662951 0.656777 0.560951 0.5551 0.496694 0.430762 0.631126
# obs_se_ind_in
 0.313137 0.283481 0.286889 0.304215 0.309009 0.303033 0.260065 0.364072 0.268537 0.269042 0.221871 0.251668 0.180348 0.18948 0.199042 0.212363 0.210843 0.166122 0.189029 0.150191 0.138506 0.147876 0.128681 0.13259 0.131355 0.11219 0.11102 0.0993389 0.0861524 0.126225
# nyrs_ind_age
 30
# nyrs_ind_length
 0
# yrs_ind_age_in
 1 2 3 4 5 6 7 8 9 10 11 12 13 14 15 16 17 18 19 20 21 22 23 24 25 26 27 28 29 30
# yrs_ind_length_in

# yrs_ind_age_in
 1 2 3 4 5 6 7 8 9 10 11 12 13 14 15 16 17 18 19 20 21 22 23 24 25 26 27 28 29 30
# n_sample_ind_length_in

# olc_ind_in

# oac_ind_in
 0.045 0.165 0.18 0.1 0.095 0.075 0.045 0.045 0.05 0.035 0.035 0.13
 0.1 0.095 0.16 0.085 0.165 0.055 0.06 0.04 0.06 0.04 0.01 0.13
 0.045 0.21 0.14 0.11 0.095 0.07 0.055 0.055 0.04 0.03 0.03 0.12
 0.055 0.16 0.17 0.115 0.145 0.045 0.08 0.06 0.045 0.01 0.01 0.105
 0.045 0.1 0.12 0.19 0.095 0.085 0.08 0.055 0.025 0.025 0.025 0.155
 0.05 0.19 0.11 0.16 0.105 0.075 0.05 0.045 0.025 0.04 0.03 0.12
 0.05 0.19 0.2 0.095 0.105 0.085 0.055 0.05 0.055 0.005 0.025 0.085
 0.07 0.135 0.215 0.155 0.07 0.065 0.06 0.025 0.035 0.035 0.015 0.12
 0.08 0.165 0.165 0.19 0.1 0.065 0.025 0.035 0.035 0.03 0.015 0.095
 0.11 0.18 0.145 0.105 0.145 0.09 0.045 0.035 0.025 0.03 0.035 0.055
 0.075 0.205 0.15 0.155 0.065 0.065 0.08 0.05 0.055 0.005 0.01 0.085
 0.06 0.165 0.2 0.15 0.095 0.07 0.065 0.065 0.035 0.015 0.025 0.055
 0.08 0.16 0.19 0.185 0.12 0.085 0.045 0.055 0.02 0.015 0.01 0.035
 0.06 0.145 0.155 0.185 0.145 0.045 0.075 0.05 0.035 0.03 0 0.075
 0.07 0.175 0.145 0.12 0.17 0.075 0.055 0.055 0.025 0.03 0.025 0.055
 0.13 0.175 0.195 0.11 0.1 0.08 0.05 0.015 0.03 0.035 0.02 0.06
 0.115 0.185 0.16 0.185 0.07 0.07 0.065 0.065 0.03 0.015 0.01 0.03
 0.085 0.27 0.175 0.155 0.085 0.08 0.06 0.03 0.01 0.005 0.01 0.035
 0.065 0.175 0.225 0.16 0.11 0.11 0.03 0.03 0.02 0.02 0.02 0.035
 0.08 0.185 0.145 0.24 0.115 0.085 0.035 0.02 0.015 0.03 0.02 0.03
 0.11 0.21 0.17 0.175 0.12 0.055 0.055 0.04 0.005 0.015 0.005 0.04
 0.09 0.295 0.135 0.16 0.075 0.095 0.035 0.02 0.02 0.02 0.01 0.045
 0.14 0.27 0.25 0.12 0.065 0.045 0.06 0.01 0.005 0.01 0.005 0.02
 0.09 0.235 0.215 0.2 0.07 0.095 0.05 0.025 0.015 0 0 0.005
 0.18 0.225 0.18 0.2 0.085 0.03 0.035 0.025 0.02 0.005 0.005 0.01
 0.105 0.265 0.215 0.15 0.125 0.08 0.01 0.01 0.02 0 0.01 0.01
 0.085 0.2 0.36 0.125 0.095 0.04 0.045 0 0.02 0.005 0 0.025
 0.14 0.25 0.175 0.215 0.085 0.045 0.045 0.01 0.01 0.015 0.005 0.005
 0.165 0.215 0.225 0.14 0.14 0.02 0.03 0.02 0.015 0.005 0.005 0.02
 0.13 0.27 0.27 0.115 0.08 0.065 0.035 0 0.015 0.01 0 0.01
# wt_ind
 1 1 1 1 1 1 1 1 1 1 1 1
 1 1 1 1 1 1 1 1 1 1 1 1
 1 1 1 1 1 1 1 1 1 1 1 1
 1 1 1 1 1 1 1 1 1 1 1 1
 1 1 1 1 1 1 1 1 1 1 1 1
 1 1 1 1 1 1 1 1 1 1 1 1
 1 1 1 1 1 1 1 1 1 1 1 1
 1 1 1 1 1 1 1 1 1 1 1 1
 1 1 1 1 1 1 1 1 1 1 1 1
 1 1 1 1 1 1 1 1 1 1 1 1
 1 1 1 1 1 1 1 1 1 1 1 1
 1 1 1 1 1 1 1 1 1 1 1 1
 1 1 1 1 1 1 1 1 1 1 1 1
 1 1 1 1 1 1 1 1 1 1 1 1
 1 1 1 1 1 1 1 1 1 1 1 1
 1 1 1 1 1 1 1 1 1 1 1 1
 1 1 1 1 1 1 1 1 1 1 1 1
 1 1 1 1 1 1 1 1 1 1 1 1
 1 1 1 1 1 1 1 1 1 1 1 1
 1 1 1 1 1 1 1 1 1 1 1 1
 1 1 1 1 1 1 1 1 1 1 1 1
 1 1 1 1 1 1 1 1 1 1 1 1
 1 1 1 1 1 1 1 1 1 1 1 1
 1 1 1 1 1 1 1 1 1 1 1 1
 1 1 1 1 1 1 1 1 1 1 1 1
 1 1 1 1 1 1 1 1 1 1 1 1
 1 1 1 1 1 1 1 1 1 1 1 1
 1 1 1 1 1 1 1 1 1 1 1 1
 1 1 1 1 1 1 1 1 1 1 1 1
 1 1 1 1 1 1 1 1 1 1 1 1
# wt_pop
 0.000530656 0.00119633 0.00205827 0.00303499 0.00405521 0.0050647 0.00602623 0.00691692 0.00772489 0.00844611 0.00908185 0.0096367
# maturity
 0.0229774 0.320821 0.904651 0.99478 0.999739 0.999987 0.999999 1 1 1 1 1
# spawnmo
1
# age_err
 1 0 0 0 0 0 0 0 0 0 0 0
 0 1 0 0 0 0 0 0 0 0 0 0
 0 0 1 0 0 0 0 0 0 0 0 0
 0 0 0 1 0 0 0 0 0 0 0 0
 0 0 0 0 1 0 0 0 0 0 0 0
 0 0 0 0 0 1 0 0 0 0 0 0
 0 0 0 0 0 0 1 0 0 0 0 0
 0 0 0 0 0 0 0 1 0 0 0 0
 0 0 0 0 0 0 0 0 1 0 0 0
 0 0 0 0 0 0 0 0 0 1 0 0
 0 0 0 0 0 0 0 0 0 0 1 0
 0 0 0 0 0 0 0 0 0 0 0 1
# cntrlfile_name
C:\Users\bai.li\Desktop\s1_test\AMAK\s107\amak.dat
# Map shared selectivity: 
# sel_map
 1 2
 1 1
# datafile_name
amak_data.dat
# model_name
OM_1
# SrType
2
# use_age_err
0
# retro
0
# sigmarprior
0.2
# cvsigmarprior
0.25
# phase_sigmar
-3
# styr_rec_est
1
# endyr_rec_est
30
# Linfprior
80
# cvLinfprior
0.25
# kprior
0.18
# cvkprior
0.25
# Loprior
27.688
# cvLoprior
0.25
# sdageprior
0.1
# cvsdageprior
0.25
# natmortprior
0.2
# cvnatmortprior
0.25
# phase_M
-4
# npars_Mage
0
# ages_M_changes

# Mage_in

# phase_Mage
-5
# phase_rw_M
0
# npars_rw_M
0
# yrs_rw_M

# sigma_rw_M

# qprior
 3.48998e-007
# cvqprior
 1
# phase_q
 1
# q_power_prior
 1
# cvq_power_prior
 0.2
# phase_q_power
 -4
# phase_rw_q
 -1
# npars_rw_q
 0
# yrs_rw_q

# sigma_rw_q

# q_age_min
 1
# q_age_max
 12
# q_age_min
 1
# q_age_max
 12
# fsh_sel_opt(k)
2
# phase_sel_fsh(k)
-2
# n_sel_ch_fsh(k)
1
# sel_slp_in_fsh(k)(1,n_sel_ch_fsh(k))
 1
# sel_inf_in_fsh(k)(1,n_sel_ch_fsh(k))
 2
# logsel_slp_in_fsh(k)(1,n_sel_ch_fsh(k))
 0
# yrs_sel_ch_fsh(k)(1,n_sel_ch_fsh(k))
 1

Survey survey_index1
# ind_sel_opt(k)
2
# indname(k)
survey_index1
# nselages_in_ind(k)
11
# phase_sel_ind(k)
-2
# sel_change_in_ind(k)
 1 0 0 0 0 0 0 0 0 0 0 0 0 0 0 0 0 0 0 0 0 0 0 0 0 0 0 0 0 0
# n_sel_ch_ind(k)
1
# yrs_sel_ch_ind(k)(1,n_sel_ch_ind(k))
 1
# sel_slp_in_ind(k,1)
2
# sel_inf_in_ind(k,1)
1.5
# logsel_slp_in_ind(k,1)
0.693147
# logsel_slp_in_indv(k)
0.693147
survey_index1 ind sel opt 2  1 0 0 0 0 0 0 0 0 0 0 0 0 0 0 0 0 0 0 0 0 0 0 0 0 0 0 0 0 0
Phase indices Sel_Coffs:  -1
 Test: 1.23457e+008
# Fshry Selages:  11
# Srvy  Selages:  11
# Phase for age-spec fishery  -1
# Phase for logistic fishery  -2
# Phase for dble logistic fishery  -1
# Phase for age-spec indices   -1
# Phase for logistic indices   -2
# Phase for dble logistic ind  -1
# Curv_pen_fsh: 
 0
# Curv_pen_ind: 
 0
# styr_fut
31
# endyr_fut
35
# nyrs_fsh_age
 30
# nyrs_fsh_age
 30
# yrs_fsh_age
 1 2 3 4 5 6 7 8 9 10 11 12 13 14 15 16 17 18 19 20 21 22 23 24 25 26 27 28 29 30
# n_sample_fsh_age
 200 200 200 200 200 200 200 200 200 200 200 200 200 200 200 200 200 200 200 200 200 200 200 200 200 200 200 200 200 200
# oac_fsh
 0.045 0.115 0.105 0.155 0.105 0.09 0.105 0.06 0.03 0.07 0.01 0.11
 0.085 0.115 0.09 0.14 0.115 0.08 0.07 0.065 0.04 0.055 0.015 0.13
 0.055 0.105 0.145 0.1 0.14 0.08 0.105 0.06 0.025 0.045 0.025 0.115
 0.05 0.095 0.21 0.105 0.105 0.045 0.055 0.045 0.05 0.035 0.04 0.165
 0.065 0.055 0.185 0.125 0.135 0.115 0.08 0.06 0.07 0.03 0.02 0.06
 0.105 0.185 0.075 0.14 0.13 0.055 0.075 0.05 0.025 0.04 0.01 0.11
 0.05 0.175 0.195 0.055 0.105 0.115 0.045 0.03 0.045 0.02 0.015 0.15
 0.1 0.095 0.16 0.205 0.055 0.07 0.065 0.03 0.025 0.035 0.02 0.14
 0.055 0.145 0.15 0.125 0.185 0.055 0.075 0.045 0.03 0.015 0.035 0.085
 0.085 0.14 0.145 0.14 0.13 0.16 0.045 0.04 0.025 0.015 0.015 0.06
 0.125 0.125 0.155 0.145 0.1 0.105 0.04 0.045 0.025 0.035 0.025 0.075
 0.065 0.16 0.18 0.15 0.08 0.105 0.05 0.04 0.02 0.015 0.04 0.095
 0.085 0.1 0.175 0.17 0.095 0.095 0.055 0.07 0.045 0.015 0.025 0.07
 0.09 0.145 0.175 0.12 0.135 0.065 0.075 0.025 0.035 0.06 0.015 0.06
 0.13 0.125 0.15 0.13 0.125 0.085 0.06 0.03 0.02 0.015 0.035 0.095
 0.12 0.11 0.185 0.13 0.085 0.085 0.075 0.04 0.04 0.04 0.025 0.065
 0.105 0.205 0.14 0.145 0.09 0.085 0.06 0.06 0.03 0.005 0.02 0.055
 0.1 0.165 0.23 0.14 0.095 0.075 0.045 0.045 0.03 0.02 0.015 0.04
 0.09 0.18 0.13 0.16 0.13 0.1 0.04 0.04 0.015 0.02 0.03 0.065
 0.085 0.17 0.14 0.175 0.17 0.06 0.075 0.035 0.025 0.03 0.005 0.03
 0.15 0.155 0.195 0.135 0.135 0.08 0.045 0.035 0.02 0.01 0.005 0.035
 0.14 0.22 0.155 0.165 0.065 0.095 0.025 0.025 0.035 0.025 0.005 0.045
 0.135 0.23 0.265 0.1 0.1 0.075 0.05 0.02 0.01 0.005 0 0.01
 0.12 0.165 0.2 0.22 0.095 0.055 0.05 0.025 0.025 0.03 0 0.015
 0.165 0.195 0.23 0.18 0.095 0.055 0.02 0.02 0.025 0 0.005 0.01
 0.115 0.24 0.19 0.16 0.13 0.065 0.02 0.04 0.015 0.015 0.005 0.005
 0.175 0.17 0.24 0.135 0.135 0.055 0.03 0.02 0.01 0.01 0.01 0.01
 0.215 0.2 0.125 0.175 0.085 0.09 0.035 0.03 0.015 0.015 0.005 0.01
 0.17 0.26 0.205 0.105 0.1 0.075 0.02 0.035 0.01 0.005 0.005 0.01
 0.13 0.265 0.2 0.135 0.09 0.075 0.04 0.02 0.015 0.025 0.005 0
# olc_fsh

# wt_fsh
 0.000530656 0.00119633 0.00205827 0.00303499 0.00405521 0.0050647 0.00602623 0.00691692 0.00772489 0.00844611 0.00908185 0.0096367
 0.000530656 0.00119633 0.00205827 0.00303499 0.00405521 0.0050647 0.00602623 0.00691692 0.00772489 0.00844611 0.00908185 0.0096367
 0.000530656 0.00119633 0.00205827 0.00303499 0.00405521 0.0050647 0.00602623 0.00691692 0.00772489 0.00844611 0.00908185 0.0096367
 0.000530656 0.00119633 0.00205827 0.00303499 0.00405521 0.0050647 0.00602623 0.00691692 0.00772489 0.00844611 0.00908185 0.0096367
 0.000530656 0.00119633 0.00205827 0.00303499 0.00405521 0.0050647 0.00602623 0.00691692 0.00772489 0.00844611 0.00908185 0.0096367
 0.000530656 0.00119633 0.00205827 0.00303499 0.00405521 0.0050647 0.00602623 0.00691692 0.00772489 0.00844611 0.00908185 0.0096367
 0.000530656 0.00119633 0.00205827 0.00303499 0.00405521 0.0050647 0.00602623 0.00691692 0.00772489 0.00844611 0.00908185 0.0096367
 0.000530656 0.00119633 0.00205827 0.00303499 0.00405521 0.0050647 0.00602623 0.00691692 0.00772489 0.00844611 0.00908185 0.0096367
 0.000530656 0.00119633 0.00205827 0.00303499 0.00405521 0.0050647 0.00602623 0.00691692 0.00772489 0.00844611 0.00908185 0.0096367
 0.000530656 0.00119633 0.00205827 0.00303499 0.00405521 0.0050647 0.00602623 0.00691692 0.00772489 0.00844611 0.00908185 0.0096367
 0.000530656 0.00119633 0.00205827 0.00303499 0.00405521 0.0050647 0.00602623 0.00691692 0.00772489 0.00844611 0.00908185 0.0096367
 0.000530656 0.00119633 0.00205827 0.00303499 0.00405521 0.0050647 0.00602623 0.00691692 0.00772489 0.00844611 0.00908185 0.0096367
 0.000530656 0.00119633 0.00205827 0.00303499 0.00405521 0.0050647 0.00602623 0.00691692 0.00772489 0.00844611 0.00908185 0.0096367
 0.000530656 0.00119633 0.00205827 0.00303499 0.00405521 0.0050647 0.00602623 0.00691692 0.00772489 0.00844611 0.00908185 0.0096367
 0.000530656 0.00119633 0.00205827 0.00303499 0.00405521 0.0050647 0.00602623 0.00691692 0.00772489 0.00844611 0.00908185 0.0096367
 0.000530656 0.00119633 0.00205827 0.00303499 0.00405521 0.0050647 0.00602623 0.00691692 0.00772489 0.00844611 0.00908185 0.0096367
 0.000530656 0.00119633 0.00205827 0.00303499 0.00405521 0.0050647 0.00602623 0.00691692 0.00772489 0.00844611 0.00908185 0.0096367
 0.000530656 0.00119633 0.00205827 0.00303499 0.00405521 0.0050647 0.00602623 0.00691692 0.00772489 0.00844611 0.00908185 0.0096367
 0.000530656 0.00119633 0.00205827 0.00303499 0.00405521 0.0050647 0.00602623 0.00691692 0.00772489 0.00844611 0.00908185 0.0096367
 0.000530656 0.00119633 0.00205827 0.00303499 0.00405521 0.0050647 0.00602623 0.00691692 0.00772489 0.00844611 0.00908185 0.0096367
 0.000530656 0.00119633 0.00205827 0.00303499 0.00405521 0.0050647 0.00602623 0.00691692 0.00772489 0.00844611 0.00908185 0.0096367
 0.000530656 0.00119633 0.00205827 0.00303499 0.00405521 0.0050647 0.00602623 0.00691692 0.00772489 0.00844611 0.00908185 0.0096367
 0.000530656 0.00119633 0.00205827 0.00303499 0.00405521 0.0050647 0.00602623 0.00691692 0.00772489 0.00844611 0.00908185 0.0096367
 0.000530656 0.00119633 0.00205827 0.00303499 0.00405521 0.0050647 0.00602623 0.00691692 0.00772489 0.00844611 0.00908185 0.0096367
 0.000530656 0.00119633 0.00205827 0.00303499 0.00405521 0.0050647 0.00602623 0.00691692 0.00772489 0.00844611 0.00908185 0.0096367
 0.000530656 0.00119633 0.00205827 0.00303499 0.00405521 0.0050647 0.00602623 0.00691692 0.00772489 0.00844611 0.00908185 0.0096367
 0.000530656 0.00119633 0.00205827 0.00303499 0.00405521 0.0050647 0.00602623 0.00691692 0.00772489 0.00844611 0.00908185 0.0096367
 0.000530656 0.00119633 0.00205827 0.00303499 0.00405521 0.0050647 0.00602623 0.00691692 0.00772489 0.00844611 0.00908185 0.0096367
 0.000530656 0.00119633 0.00205827 0.00303499 0.00405521 0.0050647 0.00602623 0.00691692 0.00772489 0.00844611 0.00908185 0.0096367
 0.000530656 0.00119633 0.00205827 0.00303499 0.00405521 0.0050647 0.00602623 0.00691692 0.00772489 0.00844611 0.00908185 0.0096367
# nyrs_ind_age
 30
# yrs_ind_age
 1 2 3 4 5 6 7 8 9 10 11 12 13 14 15 16 17 18 19 20 21 22 23 24 25 26 27 28 29 30
# n_sample_ind_age
 200 200 200 200 200 200 200 200 200 200 200 200 200 200 200 200 200 200 200 200 200 200 200 200 200 200 200 200 200 200
# oac_ind
 0.045 0.165 0.18 0.1 0.095 0.075 0.045 0.045 0.05 0.035 0.035 0.13
 0.1 0.095 0.16 0.085 0.165 0.055 0.06 0.04 0.06 0.04 0.01 0.13
 0.045 0.21 0.14 0.11 0.095 0.07 0.055 0.055 0.04 0.03 0.03 0.12
 0.055 0.16 0.17 0.115 0.145 0.045 0.08 0.06 0.045 0.01 0.01 0.105
 0.045 0.1 0.12 0.19 0.095 0.085 0.08 0.055 0.025 0.025 0.025 0.155
 0.05 0.19 0.11 0.16 0.105 0.075 0.05 0.045 0.025 0.04 0.03 0.12
 0.05 0.19 0.2 0.095 0.105 0.085 0.055 0.05 0.055 0.005 0.025 0.085
 0.07 0.135 0.215 0.155 0.07 0.065 0.06 0.025 0.035 0.035 0.015 0.12
 0.08 0.165 0.165 0.19 0.1 0.065 0.025 0.035 0.035 0.03 0.015 0.095
 0.11 0.18 0.145 0.105 0.145 0.09 0.045 0.035 0.025 0.03 0.035 0.055
 0.075 0.205 0.15 0.155 0.065 0.065 0.08 0.05 0.055 0.005 0.01 0.085
 0.06 0.165 0.2 0.15 0.095 0.07 0.065 0.065 0.035 0.015 0.025 0.055
 0.08 0.16 0.19 0.185 0.12 0.085 0.045 0.055 0.02 0.015 0.01 0.035
 0.06 0.145 0.155 0.185 0.145 0.045 0.075 0.05 0.035 0.03 0 0.075
 0.07 0.175 0.145 0.12 0.17 0.075 0.055 0.055 0.025 0.03 0.025 0.055
 0.13 0.175 0.195 0.11 0.1 0.08 0.05 0.015 0.03 0.035 0.02 0.06
 0.115 0.185 0.16 0.185 0.07 0.07 0.065 0.065 0.03 0.015 0.01 0.03
 0.085 0.27 0.175 0.155 0.085 0.08 0.06 0.03 0.01 0.005 0.01 0.035
 0.065 0.175 0.225 0.16 0.11 0.11 0.03 0.03 0.02 0.02 0.02 0.035
 0.08 0.185 0.145 0.24 0.115 0.085 0.035 0.02 0.015 0.03 0.02 0.03
 0.11 0.21 0.17 0.175 0.12 0.055 0.055 0.04 0.005 0.015 0.005 0.04
 0.09 0.295 0.135 0.16 0.075 0.095 0.035 0.02 0.02 0.02 0.01 0.045
 0.14 0.27 0.25 0.12 0.065 0.045 0.06 0.01 0.005 0.01 0.005 0.02
 0.09 0.235 0.215 0.2 0.07 0.095 0.05 0.025 0.015 0 0 0.005
 0.18 0.225 0.18 0.2 0.085 0.03 0.035 0.025 0.02 0.005 0.005 0.01
 0.105 0.265 0.215 0.15 0.125 0.08 0.01 0.01 0.02 0 0.01 0.01
 0.085 0.2 0.36 0.125 0.095 0.04 0.045 0 0.02 0.005 0 0.025
 0.14 0.25 0.175 0.215 0.085 0.045 0.045 0.01 0.01 0.015 0.005 0.005
 0.165 0.215 0.225 0.14 0.14 0.02 0.03 0.02 0.015 0.005 0.005 0.02
 0.13 0.27 0.27 0.115 0.08 0.065 0.035 0 0.015 0.01 0 0.01
# olc_ind

# obs_lse_ind
 0.198042 0.198042 0.198042 0.198042 0.198042 0.198042 0.198042 0.198042 0.198042 0.198042 0.198042 0.198042 0.198042 0.198042 0.198042 0.198042 0.198042 0.198042 0.198042 0.198042 0.198042 0.198042 0.198042 0.198042 0.198042 0.198042 0.198042 0.198042 0.198042 0.198042
# xages_fsh
 0 0 0 0 0 0 0 0 0 0 0 0
# xages_fsh
 0 0.0909091 0.181818 0.272727 0.363636 0.454545 0.545455 0.636364 0.727273 0.818182 0.909091 1
# xnodes_fsh

Yrs fsh_sel change:  1 0 0 0 0 0 0 0 0 0 0 0 0 0 0 0 0 0 0 0 0 0 0 0 0 0 0 0 0
Yrs ind_sel change:  1 0 0 0 0 0 0 0 0 0 0 0 0 0 0 0 0 0 0 0 0 0 0 0 0 0 0 0 0
# steepnessprior
0.75
# sigmarprior
0.2
#  SSB estimated in styr endyr: -12 28 
#  Rec estimated in styr endyr: -10 30 
#  SR Curve fit  in styr endyr: 1 30 
#             Model styr endyr: 1 30 
# qprior
 3.48998e-007
# q_power_prior 
 1 
# cv_catchbiomass 
0.05 
# CatchbiomassPen 
200 
# Number of projection years 
5 
# offset_fsh
 13393.4
# offset_ind
 13056.5
Mean Catch
1279.17
R_guess 
13.8155
# nfsh
1
# n_sel_ch_fsh
 1
# nselages_fsh
 11
# phase_selcoff_fsh
 -1
logRzero 13.8155
logmeanrec 13.8155
exp(log_sigmarprior 0.2
Fish sel phase: -1 OM1
Fixing fishery sel to
1
Fixing fishery sel to
1
Srvy sel phase: -1
Fixing survey_index1 indices sel to
1
Fixing index sel to
1
# logsel_slp_in_indv
 0.693147
Leaving parameter init secton
# M
 0.2 0.2 0.2 0.2 0.2 0.2 0.2 0.2 0.2 0.2 0.2 0.2
 0.2 0.2 0.2 0.2 0.2 0.2 0.2 0.2 0.2 0.2 0.2 0.2
 0.2 0.2 0.2 0.2 0.2 0.2 0.2 0.2 0.2 0.2 0.2 0.2
 0.2 0.2 0.2 0.2 0.2 0.2 0.2 0.2 0.2 0.2 0.2 0.2
 0.2 0.2 0.2 0.2 0.2 0.2 0.2 0.2 0.2 0.2 0.2 0.2
 0.2 0.2 0.2 0.2 0.2 0.2 0.2 0.2 0.2 0.2 0.2 0.2
 0.2 0.2 0.2 0.2 0.2 0.2 0.2 0.2 0.2 0.2 0.2 0.2
 0.2 0.2 0.2 0.2 0.2 0.2 0.2 0.2 0.2 0.2 0.2 0.2
 0.2 0.2 0.2 0.2 0.2 0.2 0.2 0.2 0.2 0.2 0.2 0.2
 0.2 0.2 0.2 0.2 0.2 0.2 0.2 0.2 0.2 0.2 0.2 0.2
 0.2 0.2 0.2 0.2 0.2 0.2 0.2 0.2 0.2 0.2 0.2 0.2
 0.2 0.2 0.2 0.2 0.2 0.2 0.2 0.2 0.2 0.2 0.2 0.2
 0.2 0.2 0.2 0.2 0.2 0.2 0.2 0.2 0.2 0.2 0.2 0.2
 0.2 0.2 0.2 0.2 0.2 0.2 0.2 0.2 0.2 0.2 0.2 0.2
 0.2 0.2 0.2 0.2 0.2 0.2 0.2 0.2 0.2 0.2 0.2 0.2
 0.2 0.2 0.2 0.2 0.2 0.2 0.2 0.2 0.2 0.2 0.2 0.2
 0.2 0.2 0.2 0.2 0.2 0.2 0.2 0.2 0.2 0.2 0.2 0.2
 0.2 0.2 0.2 0.2 0.2 0.2 0.2 0.2 0.2 0.2 0.2 0.2
 0.2 0.2 0.2 0.2 0.2 0.2 0.2 0.2 0.2 0.2 0.2 0.2
 0.2 0.2 0.2 0.2 0.2 0.2 0.2 0.2 0.2 0.2 0.2 0.2
 0.2 0.2 0.2 0.2 0.2 0.2 0.2 0.2 0.2 0.2 0.2 0.2
 0.2 0.2 0.2 0.2 0.2 0.2 0.2 0.2 0.2 0.2 0.2 0.2
 0.2 0.2 0.2 0.2 0.2 0.2 0.2 0.2 0.2 0.2 0.2 0.2
 0.2 0.2 0.2 0.2 0.2 0.2 0.2 0.2 0.2 0.2 0.2 0.2
 0.2 0.2 0.2 0.2 0.2 0.2 0.2 0.2 0.2 0.2 0.2 0.2
 0.2 0.2 0.2 0.2 0.2 0.2 0.2 0.2 0.2 0.2 0.2 0.2
 0.2 0.2 0.2 0.2 0.2 0.2 0.2 0.2 0.2 0.2 0.2 0.2
 0.2 0.2 0.2 0.2 0.2 0.2 0.2 0.2 0.2 0.2 0.2 0.2
 0.2 0.2 0.2 0.2 0.2 0.2 0.2 0.2 0.2 0.2 0.2 0.2
 0.2 0.2 0.2 0.2 0.2 0.2 0.2 0.2 0.2 0.2 0.2 0.2
# mean_log_rec
13.7205
# log_Rzero
13.8031
# rec_dev
 -0.0949502 -0.112581 -0.0270838 0.0314473 0.00903631 -0.0606603 0.0110144 0.0476933 0.0534409 0.0766238 0.107506 0.00600029 0.308332 0.134745 -0.188226 0.434015 0.355499 0.0709333 0.16418 0.0742457 0.238089 0.166003 -0.0738585 -0.116321 0.0544757 -0.0293881 0.091437 0.129925 -0.178783 -0.161843 -0.360163 0.0601109 -0.0439544 -0.165946 -0.303555 -0.00827361 -0.448628 -0.282651 -0.133841 -0.0995499 -0.286603
# fmort
 0.00950041 0.0278527 0.0465924 0.0635039 0.0502313 0.0899031 0.0912684 0.191261 0.112089 0.135666 0.155426 0.164598 0.118434 0.170975 0.183734 0.164388 0.323587 0.26896 0.264412 0.259723 0.362186 0.262408 0.43501 0.358665 0.352269 0.318839 0.307302 0.420361 0.316591 0.480505
# rec_dev_future
 0 0 0 0 0
