AMAK;August_2013
# styr
1
# endyr
30
# rec_age
1
# oldest_age
12
# nlength
81
# len_bins
 10 11 12 13 14 15 16 17 18 19 20 21 22 23 24 25 26 27 28 29 30 31 32 33 34 35 36 37 38 39 40 41 42 43 44 45 46 47 48 49 50 51 52 53 54 55 56 57 58 59 60 61 62 63 64 65 66 67 68 69 70 71 72 73 74 75 76 77 78 79 80 81 82 83 84 85 86 87 88 89 90
# datafile_name
amak_data.dat
# model_name
OM_1
# styr
1
# endyr
30
# rec_age
1
# oldest_age
12
# nfsh
1
# fshname
OM1
# catch_bio_in
 161.429 469.475 762.327 1006.24 767.025 1315.81 1289.36 2475.04 1323.93 1531.43 1604.53 1607.86 1111.73 1521.88 1502.06 1271 2247.72 1616.57 1456.48 1327.38 1627.41 1075.24 1635.26 1195.28 1120.62 965.252 920.821 1209.64 878.514 1275.84
# catch_bio_sd_in
 0.01 0.01 0.01 0.01 0.01 0.01 0.01 0.01 0.01 0.01 0.01 0.01 0.01 0.01 0.01 0.01 0.01 0.01 0.01 0.01 0.01 0.01 0.01 0.01 0.01 0.01 0.01 0.01 0.01 0.01
# nyrs_fsh_age
 30
# nyrs_fsh_length
 0
# yrs_fsh_age_in
 1 2 3 4 5 6 7 8 9 10 11 12 13 14 15 16 17 18 19 20 21 22 23 24 25 26 27 28 29 30
# yrs_fsh_length_in

# n_sample_fsh_length_in

# olc_fsh_in

# nind
1
# indname
survey_index1
# nyrs_ind
 30
# yrs_ind_in
 1 2 3 4 5 6 7 8 9 10 11 12 13 14 15 16 17 18 19 20 21 22 23 24 25 26 27 28 29 30
# mo_ind
 1
# obs_ind_in
 1.36151 1.55346 1.63645 1.60377 1.53735 1.53822 1.3526 1.58517 1.34429 0.995962 1.0863 1.04094 1.15873 1.15053 0.983979 1.1624 0.918176 1.00962 0.843161 0.825227 0.583692 0.85022 0.677337 0.534119 0.628561 0.572645 0.524895 0.499148 0.502028 0.519451
# obs_se_ind_in
 0.272301 0.310691 0.32729 0.320754 0.307471 0.307643 0.27052 0.317034 0.268858 0.199192 0.21726 0.208187 0.231746 0.230106 0.196796 0.23248 0.183635 0.201923 0.168632 0.165045 0.116738 0.170044 0.135467 0.106824 0.125712 0.114529 0.104979 0.0998295 0.100406 0.10389
# nyrs_ind_age
 30
# nyrs_ind_length
 0
# yrs_ind_age_in
 1 2 3 4 5 6 7 8 9 10 11 12 13 14 15 16 17 18 19 20 21 22 23 24 25 26 27 28 29 30
# yrs_ind_length_in

# yrs_ind_age_in
 1 2 3 4 5 6 7 8 9 10 11 12 13 14 15 16 17 18 19 20 21 22 23 24 25 26 27 28 29 30
# n_sample_ind_length_in

# olc_ind_in

# oac_ind_in
 0.04 0.16 0.13 0.14 0.09 0.06 0.05 0.05 0.06 0.055 0.035 0.13
 0.055 0.12 0.17 0.11 0.095 0.095 0.09 0.065 0.04 0.03 0.015 0.115
 0.06 0.14 0.16 0.125 0.09 0.1 0.07 0.06 0.045 0.015 0.015 0.12
 0.025 0.16 0.15 0.095 0.11 0.11 0.07 0.045 0.03 0.03 0.02 0.155
 0.08 0.135 0.155 0.145 0.09 0.065 0.055 0.075 0.02 0.07 0.01 0.1
 0.065 0.18 0.15 0.145 0.095 0.04 0.065 0.025 0.04 0.04 0.025 0.13
 0.05 0.13 0.19 0.07 0.095 0.1 0.06 0.06 0.01 0.065 0.035 0.135
 0.07 0.155 0.175 0.225 0.055 0.055 0.055 0.035 0.02 0.02 0 0.135
 0.075 0.155 0.16 0.135 0.09 0.085 0.065 0.055 0.025 0.005 0.01 0.14
 0.055 0.155 0.185 0.085 0.175 0.105 0.02 0.025 0.055 0.015 0.01 0.115
 0.085 0.175 0.17 0.15 0.085 0.1 0.065 0.03 0.035 0.025 0.015 0.065
 0.075 0.195 0.15 0.125 0.11 0.075 0.08 0.055 0.025 0.01 0.015 0.085
 0.06 0.185 0.19 0.15 0.1 0.065 0.07 0.015 0.03 0.035 0.005 0.095
 0.06 0.185 0.235 0.16 0.09 0.04 0.055 0.04 0.035 0.015 0.01 0.075
 0.06 0.23 0.2 0.125 0.11 0.095 0.06 0.035 0 0.03 0.03 0.025
 0.125 0.19 0.17 0.16 0.09 0.055 0.06 0.035 0.025 0.01 0.025 0.055
 0.105 0.255 0.165 0.14 0.08 0.055 0.045 0.015 0.02 0.03 0.025 0.065
 0.095 0.285 0.22 0.11 0.095 0.06 0.025 0.025 0.02 0.015 0.025 0.025
 0.095 0.175 0.215 0.215 0.065 0.075 0.05 0.025 0.025 0.03 0.005 0.025
 0.09 0.21 0.18 0.155 0.1 0.06 0.065 0.04 0.04 0.03 0.01 0.02
 0.125 0.2 0.18 0.19 0.075 0.08 0.045 0.03 0.01 0.03 0 0.035
 0.115 0.28 0.22 0.115 0.07 0.075 0.055 0.02 0.01 0.015 0.005 0.02
 0.095 0.265 0.21 0.09 0.13 0.03 0.06 0.02 0.025 0.03 0.005 0.04
 0.095 0.19 0.245 0.18 0.095 0.04 0.065 0.025 0.015 0 0.015 0.035
 0.13 0.22 0.18 0.2 0.06 0.08 0.05 0.03 0.01 0.03 0 0.01
 0.11 0.27 0.205 0.15 0.085 0.065 0.045 0.01 0.02 0.01 0.005 0.025
 0.1 0.21 0.32 0.15 0.08 0.04 0.05 0.015 0.005 0.015 0.01 0.005
 0.12 0.285 0.15 0.21 0.11 0.05 0.04 0 0.005 0 0.005 0.025
 0.145 0.305 0.225 0.13 0.065 0.045 0.05 0.02 0.005 0.005 0 0.005
 0.095 0.31 0.3 0.115 0.085 0.03 0.025 0.015 0.015 0.01 0 0
# wt_ind
 1 1 1 1 1 1 1 1 1 1 1 1
 1 1 1 1 1 1 1 1 1 1 1 1
 1 1 1 1 1 1 1 1 1 1 1 1
 1 1 1 1 1 1 1 1 1 1 1 1
 1 1 1 1 1 1 1 1 1 1 1 1
 1 1 1 1 1 1 1 1 1 1 1 1
 1 1 1 1 1 1 1 1 1 1 1 1
 1 1 1 1 1 1 1 1 1 1 1 1
 1 1 1 1 1 1 1 1 1 1 1 1
 1 1 1 1 1 1 1 1 1 1 1 1
 1 1 1 1 1 1 1 1 1 1 1 1
 1 1 1 1 1 1 1 1 1 1 1 1
 1 1 1 1 1 1 1 1 1 1 1 1
 1 1 1 1 1 1 1 1 1 1 1 1
 1 1 1 1 1 1 1 1 1 1 1 1
 1 1 1 1 1 1 1 1 1 1 1 1
 1 1 1 1 1 1 1 1 1 1 1 1
 1 1 1 1 1 1 1 1 1 1 1 1
 1 1 1 1 1 1 1 1 1 1 1 1
 1 1 1 1 1 1 1 1 1 1 1 1
 1 1 1 1 1 1 1 1 1 1 1 1
 1 1 1 1 1 1 1 1 1 1 1 1
 1 1 1 1 1 1 1 1 1 1 1 1
 1 1 1 1 1 1 1 1 1 1 1 1
 1 1 1 1 1 1 1 1 1 1 1 1
 1 1 1 1 1 1 1 1 1 1 1 1
 1 1 1 1 1 1 1 1 1 1 1 1
 1 1 1 1 1 1 1 1 1 1 1 1
 1 1 1 1 1 1 1 1 1 1 1 1
 1 1 1 1 1 1 1 1 1 1 1 1
# wt_pop
 0.000530656 0.00119633 0.00205827 0.00303499 0.00405521 0.0050647 0.00602623 0.00691692 0.00772489 0.00844611 0.00908185 0.0096367
# maturity
 0.0229774 0.320821 0.904651 0.99478 0.999739 0.999987 0.999999 1 1 1 1 1
# spawnmo
1
# age_err
 1 0 0 0 0 0 0 0 0 0 0 0
 0 1 0 0 0 0 0 0 0 0 0 0
 0 0 1 0 0 0 0 0 0 0 0 0
 0 0 0 1 0 0 0 0 0 0 0 0
 0 0 0 0 1 0 0 0 0 0 0 0
 0 0 0 0 0 1 0 0 0 0 0 0
 0 0 0 0 0 0 1 0 0 0 0 0
 0 0 0 0 0 0 0 1 0 0 0 0
 0 0 0 0 0 0 0 0 1 0 0 0
 0 0 0 0 0 0 0 0 0 1 0 0
 0 0 0 0 0 0 0 0 0 0 1 0
 0 0 0 0 0 0 0 0 0 0 0 1
# cntrlfile_name
C:\Users\bai.li\Desktop\s1_test\AMAK\s124\amak.dat
# Map shared selectivity: 
# sel_map
 1 2
 1 1
# datafile_name
amak_data.dat
# model_name
OM_1
# SrType
2
# use_age_err
0
# retro
0
# sigmarprior
0.2
# cvsigmarprior
0.25
# phase_sigmar
-3
# styr_rec_est
1
# endyr_rec_est
30
# Linfprior
80
# cvLinfprior
0.25
# kprior
0.18
# cvkprior
0.25
# Loprior
27.688
# cvLoprior
0.25
# sdageprior
0.1
# cvsdageprior
0.25
# natmortprior
0.2
# cvnatmortprior
0.25
# phase_M
-4
# npars_Mage
0
# ages_M_changes

# Mage_in

# phase_Mage
-5
# phase_rw_M
0
# npars_rw_M
0
# yrs_rw_M

# sigma_rw_M

# qprior
 3.48998e-007
# cvqprior
 1
# phase_q
 1
# q_power_prior
 1
# cvq_power_prior
 0.2
# phase_q_power
 -4
# phase_rw_q
 -1
# npars_rw_q
 0
# yrs_rw_q

# sigma_rw_q

# q_age_min
 1
# q_age_max
 12
# q_age_min
 1
# q_age_max
 12
# fsh_sel_opt(k)
2
# phase_sel_fsh(k)
-2
# n_sel_ch_fsh(k)
1
# sel_slp_in_fsh(k)(1,n_sel_ch_fsh(k))
 1
# sel_inf_in_fsh(k)(1,n_sel_ch_fsh(k))
 2
# logsel_slp_in_fsh(k)(1,n_sel_ch_fsh(k))
 0
# yrs_sel_ch_fsh(k)(1,n_sel_ch_fsh(k))
 1

Survey survey_index1
# ind_sel_opt(k)
2
# indname(k)
survey_index1
# nselages_in_ind(k)
11
# phase_sel_ind(k)
-2
# sel_change_in_ind(k)
 1 0 0 0 0 0 0 0 0 0 0 0 0 0 0 0 0 0 0 0 0 0 0 0 0 0 0 0 0 0
# n_sel_ch_ind(k)
1
# yrs_sel_ch_ind(k)(1,n_sel_ch_ind(k))
 1
# sel_slp_in_ind(k,1)
2
# sel_inf_in_ind(k,1)
1.5
# logsel_slp_in_ind(k,1)
0.693147
# logsel_slp_in_indv(k)
0.693147
survey_index1 ind sel opt 2  1 0 0 0 0 0 0 0 0 0 0 0 0 0 0 0 0 0 0 0 0 0 0 0 0 0 0 0 0 0
Phase indices Sel_Coffs:  -1
 Test: 1.23457e+008
# Fshry Selages:  11
# Srvy  Selages:  11
# Phase for age-spec fishery  -1
# Phase for logistic fishery  -2
# Phase for dble logistic fishery  -1
# Phase for age-spec indices   -1
# Phase for logistic indices   -2
# Phase for dble logistic ind  -1
# Curv_pen_fsh: 
 0
# Curv_pen_ind: 
 0
# styr_fut
31
# endyr_fut
35
# nyrs_fsh_age
 30
# nyrs_fsh_age
 30
# yrs_fsh_age
 1 2 3 4 5 6 7 8 9 10 11 12 13 14 15 16 17 18 19 20 21 22 23 24 25 26 27 28 29 30
# n_sample_fsh_age
 200 200 200 200 200 200 200 200 200 200 200 200 200 200 200 200 200 200 200 200 200 200 200 200 200 200 200 200 200 200
# oac_fsh
 0.06 0.115 0.095 0.125 0.1 0.095 0.075 0.04 0.02 0.055 0.035 0.185
 0.09 0.105 0.09 0.095 0.105 0.12 0.06 0.04 0.07 0.05 0.03 0.145
 0.085 0.125 0.11 0.11 0.1 0.075 0.06 0.045 0.07 0.06 0.02 0.14
 0.055 0.125 0.14 0.105 0.1 0.085 0.08 0.065 0.025 0.045 0.035 0.14
 0.1 0.1 0.105 0.175 0.085 0.08 0.06 0.065 0.07 0.035 0.025 0.1
 0.125 0.13 0.105 0.075 0.115 0.105 0.065 0.075 0.025 0.04 0.035 0.105
 0.09 0.135 0.17 0.1 0.11 0.09 0.075 0.04 0.06 0.03 0.015 0.085
 0.085 0.105 0.195 0.17 0.075 0.075 0.07 0.025 0.055 0.035 0.02 0.09
 0.09 0.155 0.13 0.12 0.11 0.06 0.08 0.055 0.02 0.01 0.035 0.135
 0.05 0.145 0.155 0.125 0.105 0.13 0.045 0.04 0.02 0.03 0.01 0.145
 0.105 0.18 0.145 0.13 0.08 0.095 0.045 0.03 0.02 0.055 0.035 0.08
 0.1 0.155 0.135 0.155 0.085 0.055 0.11 0.07 0.03 0.015 0.03 0.06
 0.105 0.11 0.23 0.13 0.115 0.08 0.07 0.03 0.025 0.02 0.02 0.065
 0.13 0.115 0.13 0.14 0.14 0.1 0.07 0.06 0.035 0.02 0.01 0.05
 0.13 0.125 0.15 0.115 0.145 0.11 0.05 0.065 0.02 0.025 0.035 0.03
 0.11 0.12 0.155 0.155 0.11 0.105 0.065 0.06 0.015 0.025 0.025 0.055
 0.12 0.245 0.12 0.145 0.09 0.06 0.085 0.015 0.04 0.01 0.015 0.055
 0.1 0.15 0.215 0.145 0.09 0.055 0.045 0.055 0.05 0.045 0.01 0.04
 0.12 0.15 0.24 0.135 0.095 0.08 0.055 0.04 0.025 0.02 0.02 0.02
 0.105 0.16 0.195 0.155 0.14 0.045 0.055 0.035 0.03 0.02 0.03 0.03
 0.14 0.18 0.18 0.14 0.13 0.075 0.06 0.03 0.02 0.01 0.005 0.03
 0.145 0.185 0.18 0.125 0.085 0.11 0.06 0.03 0.035 0.01 0.005 0.03
 0.1 0.225 0.255 0.105 0.075 0.08 0.045 0.02 0.02 0.035 0.025 0.015
 0.135 0.22 0.2 0.215 0.08 0.045 0.03 0.035 0.01 0 0.005 0.025
 0.14 0.175 0.195 0.185 0.105 0.05 0.025 0.035 0.03 0.03 0.01 0.02
 0.17 0.235 0.155 0.12 0.14 0.065 0.03 0.035 0.005 0 0.02 0.025
 0.19 0.165 0.215 0.14 0.11 0.08 0.035 0.03 0.015 0 0.01 0.01
 0.19 0.2 0.15 0.18 0.095 0.05 0.06 0.035 0.01 0.005 0.01 0.015
 0.19 0.26 0.195 0.105 0.12 0.055 0.025 0.03 0.01 0 0.005 0.005
 0.14 0.29 0.225 0.085 0.09 0.045 0.065 0.02 0.025 0.005 0 0.01
# olc_fsh

# wt_fsh
 0.000530656 0.00119633 0.00205827 0.00303499 0.00405521 0.0050647 0.00602623 0.00691692 0.00772489 0.00844611 0.00908185 0.0096367
 0.000530656 0.00119633 0.00205827 0.00303499 0.00405521 0.0050647 0.00602623 0.00691692 0.00772489 0.00844611 0.00908185 0.0096367
 0.000530656 0.00119633 0.00205827 0.00303499 0.00405521 0.0050647 0.00602623 0.00691692 0.00772489 0.00844611 0.00908185 0.0096367
 0.000530656 0.00119633 0.00205827 0.00303499 0.00405521 0.0050647 0.00602623 0.00691692 0.00772489 0.00844611 0.00908185 0.0096367
 0.000530656 0.00119633 0.00205827 0.00303499 0.00405521 0.0050647 0.00602623 0.00691692 0.00772489 0.00844611 0.00908185 0.0096367
 0.000530656 0.00119633 0.00205827 0.00303499 0.00405521 0.0050647 0.00602623 0.00691692 0.00772489 0.00844611 0.00908185 0.0096367
 0.000530656 0.00119633 0.00205827 0.00303499 0.00405521 0.0050647 0.00602623 0.00691692 0.00772489 0.00844611 0.00908185 0.0096367
 0.000530656 0.00119633 0.00205827 0.00303499 0.00405521 0.0050647 0.00602623 0.00691692 0.00772489 0.00844611 0.00908185 0.0096367
 0.000530656 0.00119633 0.00205827 0.00303499 0.00405521 0.0050647 0.00602623 0.00691692 0.00772489 0.00844611 0.00908185 0.0096367
 0.000530656 0.00119633 0.00205827 0.00303499 0.00405521 0.0050647 0.00602623 0.00691692 0.00772489 0.00844611 0.00908185 0.0096367
 0.000530656 0.00119633 0.00205827 0.00303499 0.00405521 0.0050647 0.00602623 0.00691692 0.00772489 0.00844611 0.00908185 0.0096367
 0.000530656 0.00119633 0.00205827 0.00303499 0.00405521 0.0050647 0.00602623 0.00691692 0.00772489 0.00844611 0.00908185 0.0096367
 0.000530656 0.00119633 0.00205827 0.00303499 0.00405521 0.0050647 0.00602623 0.00691692 0.00772489 0.00844611 0.00908185 0.0096367
 0.000530656 0.00119633 0.00205827 0.00303499 0.00405521 0.0050647 0.00602623 0.00691692 0.00772489 0.00844611 0.00908185 0.0096367
 0.000530656 0.00119633 0.00205827 0.00303499 0.00405521 0.0050647 0.00602623 0.00691692 0.00772489 0.00844611 0.00908185 0.0096367
 0.000530656 0.00119633 0.00205827 0.00303499 0.00405521 0.0050647 0.00602623 0.00691692 0.00772489 0.00844611 0.00908185 0.0096367
 0.000530656 0.00119633 0.00205827 0.00303499 0.00405521 0.0050647 0.00602623 0.00691692 0.00772489 0.00844611 0.00908185 0.0096367
 0.000530656 0.00119633 0.00205827 0.00303499 0.00405521 0.0050647 0.00602623 0.00691692 0.00772489 0.00844611 0.00908185 0.0096367
 0.000530656 0.00119633 0.00205827 0.00303499 0.00405521 0.0050647 0.00602623 0.00691692 0.00772489 0.00844611 0.00908185 0.0096367
 0.000530656 0.00119633 0.00205827 0.00303499 0.00405521 0.0050647 0.00602623 0.00691692 0.00772489 0.00844611 0.00908185 0.0096367
 0.000530656 0.00119633 0.00205827 0.00303499 0.00405521 0.0050647 0.00602623 0.00691692 0.00772489 0.00844611 0.00908185 0.0096367
 0.000530656 0.00119633 0.00205827 0.00303499 0.00405521 0.0050647 0.00602623 0.00691692 0.00772489 0.00844611 0.00908185 0.0096367
 0.000530656 0.00119633 0.00205827 0.00303499 0.00405521 0.0050647 0.00602623 0.00691692 0.00772489 0.00844611 0.00908185 0.0096367
 0.000530656 0.00119633 0.00205827 0.00303499 0.00405521 0.0050647 0.00602623 0.00691692 0.00772489 0.00844611 0.00908185 0.0096367
 0.000530656 0.00119633 0.00205827 0.00303499 0.00405521 0.0050647 0.00602623 0.00691692 0.00772489 0.00844611 0.00908185 0.0096367
 0.000530656 0.00119633 0.00205827 0.00303499 0.00405521 0.0050647 0.00602623 0.00691692 0.00772489 0.00844611 0.00908185 0.0096367
 0.000530656 0.00119633 0.00205827 0.00303499 0.00405521 0.0050647 0.00602623 0.00691692 0.00772489 0.00844611 0.00908185 0.0096367
 0.000530656 0.00119633 0.00205827 0.00303499 0.00405521 0.0050647 0.00602623 0.00691692 0.00772489 0.00844611 0.00908185 0.0096367
 0.000530656 0.00119633 0.00205827 0.00303499 0.00405521 0.0050647 0.00602623 0.00691692 0.00772489 0.00844611 0.00908185 0.0096367
 0.000530656 0.00119633 0.00205827 0.00303499 0.00405521 0.0050647 0.00602623 0.00691692 0.00772489 0.00844611 0.00908185 0.0096367
# nyrs_ind_age
 30
# yrs_ind_age
 1 2 3 4 5 6 7 8 9 10 11 12 13 14 15 16 17 18 19 20 21 22 23 24 25 26 27 28 29 30
# n_sample_ind_age
 200 200 200 200 200 200 200 200 200 200 200 200 200 200 200 200 200 200 200 200 200 200 200 200 200 200 200 200 200 200
# oac_ind
 0.04 0.16 0.13 0.14 0.09 0.06 0.05 0.05 0.06 0.055 0.035 0.13
 0.055 0.12 0.17 0.11 0.095 0.095 0.09 0.065 0.04 0.03 0.015 0.115
 0.06 0.14 0.16 0.125 0.09 0.1 0.07 0.06 0.045 0.015 0.015 0.12
 0.025 0.16 0.15 0.095 0.11 0.11 0.07 0.045 0.03 0.03 0.02 0.155
 0.08 0.135 0.155 0.145 0.09 0.065 0.055 0.075 0.02 0.07 0.01 0.1
 0.065 0.18 0.15 0.145 0.095 0.04 0.065 0.025 0.04 0.04 0.025 0.13
 0.05 0.13 0.19 0.07 0.095 0.1 0.06 0.06 0.01 0.065 0.035 0.135
 0.07 0.155 0.175 0.225 0.055 0.055 0.055 0.035 0.02 0.02 0 0.135
 0.075 0.155 0.16 0.135 0.09 0.085 0.065 0.055 0.025 0.005 0.01 0.14
 0.055 0.155 0.185 0.085 0.175 0.105 0.02 0.025 0.055 0.015 0.01 0.115
 0.085 0.175 0.17 0.15 0.085 0.1 0.065 0.03 0.035 0.025 0.015 0.065
 0.075 0.195 0.15 0.125 0.11 0.075 0.08 0.055 0.025 0.01 0.015 0.085
 0.06 0.185 0.19 0.15 0.1 0.065 0.07 0.015 0.03 0.035 0.005 0.095
 0.06 0.185 0.235 0.16 0.09 0.04 0.055 0.04 0.035 0.015 0.01 0.075
 0.06 0.23 0.2 0.125 0.11 0.095 0.06 0.035 0 0.03 0.03 0.025
 0.125 0.19 0.17 0.16 0.09 0.055 0.06 0.035 0.025 0.01 0.025 0.055
 0.105 0.255 0.165 0.14 0.08 0.055 0.045 0.015 0.02 0.03 0.025 0.065
 0.095 0.285 0.22 0.11 0.095 0.06 0.025 0.025 0.02 0.015 0.025 0.025
 0.095 0.175 0.215 0.215 0.065 0.075 0.05 0.025 0.025 0.03 0.005 0.025
 0.09 0.21 0.18 0.155 0.1 0.06 0.065 0.04 0.04 0.03 0.01 0.02
 0.125 0.2 0.18 0.19 0.075 0.08 0.045 0.03 0.01 0.03 0 0.035
 0.115 0.28 0.22 0.115 0.07 0.075 0.055 0.02 0.01 0.015 0.005 0.02
 0.095 0.265 0.21 0.09 0.13 0.03 0.06 0.02 0.025 0.03 0.005 0.04
 0.095 0.19 0.245 0.18 0.095 0.04 0.065 0.025 0.015 0 0.015 0.035
 0.13 0.22 0.18 0.2 0.06 0.08 0.05 0.03 0.01 0.03 0 0.01
 0.11 0.27 0.205 0.15 0.085 0.065 0.045 0.01 0.02 0.01 0.005 0.025
 0.1 0.21 0.32 0.15 0.08 0.04 0.05 0.015 0.005 0.015 0.01 0.005
 0.12 0.285 0.15 0.21 0.11 0.05 0.04 0 0.005 0 0.005 0.025
 0.145 0.305 0.225 0.13 0.065 0.045 0.05 0.02 0.005 0.005 0 0.005
 0.095 0.31 0.3 0.115 0.085 0.03 0.025 0.015 0.015 0.01 0 0
# olc_ind

# obs_lse_ind
 0.198042 0.198042 0.198042 0.198042 0.198042 0.198042 0.198042 0.198042 0.198042 0.198042 0.198042 0.198042 0.198042 0.198042 0.198042 0.198042 0.198042 0.198042 0.198042 0.198042 0.198042 0.198042 0.198042 0.198042 0.198042 0.198042 0.198042 0.198042 0.198042 0.198042
# xages_fsh
 0 0 0 0 0 0 0 0 0 0 0 0
# xages_fsh
 0 0.0909091 0.181818 0.272727 0.363636 0.454545 0.545455 0.636364 0.727273 0.818182 0.909091 1
# xnodes_fsh

Yrs fsh_sel change:  1 0 0 0 0 0 0 0 0 0 0 0 0 0 0 0 0 0 0 0 0 0 0 0 0 0 0 0 0
Yrs ind_sel change:  1 0 0 0 0 0 0 0 0 0 0 0 0 0 0 0 0 0 0 0 0 0 0 0 0 0 0 0 0
# steepnessprior
0.75
# sigmarprior
0.2
#  SSB estimated in styr endyr: -12 28 
#  Rec estimated in styr endyr: -10 30 
#  SR Curve fit  in styr endyr: 1 30 
#             Model styr endyr: 1 30 
# qprior
 3.48998e-007
# q_power_prior 
 1 
# cv_catchbiomass 
0.05 
# CatchbiomassPen 
200 
# Number of projection years 
5 
# offset_fsh
 13498.7
# offset_ind
 13038.6
Mean Catch
1275.77
R_guess 
13.8155
# nfsh
1
# n_sel_ch_fsh
 1
# nselages_fsh
 11
# phase_selcoff_fsh
 -1
logRzero 13.8155
logmeanrec 13.8155
exp(log_sigmarprior 0.2
Fish sel phase: -1 OM1
Fixing fishery sel to
1
Fixing fishery sel to
1
Srvy sel phase: -1
Fixing survey_index1 indices sel to
1
Fixing index sel to
1
# logsel_slp_in_indv
 0.693147
Leaving parameter init secton
# M
 0.2 0.2 0.2 0.2 0.2 0.2 0.2 0.2 0.2 0.2 0.2 0.2
 0.2 0.2 0.2 0.2 0.2 0.2 0.2 0.2 0.2 0.2 0.2 0.2
 0.2 0.2 0.2 0.2 0.2 0.2 0.2 0.2 0.2 0.2 0.2 0.2
 0.2 0.2 0.2 0.2 0.2 0.2 0.2 0.2 0.2 0.2 0.2 0.2
 0.2 0.2 0.2 0.2 0.2 0.2 0.2 0.2 0.2 0.2 0.2 0.2
 0.2 0.2 0.2 0.2 0.2 0.2 0.2 0.2 0.2 0.2 0.2 0.2
 0.2 0.2 0.2 0.2 0.2 0.2 0.2 0.2 0.2 0.2 0.2 0.2
 0.2 0.2 0.2 0.2 0.2 0.2 0.2 0.2 0.2 0.2 0.2 0.2
 0.2 0.2 0.2 0.2 0.2 0.2 0.2 0.2 0.2 0.2 0.2 0.2
 0.2 0.2 0.2 0.2 0.2 0.2 0.2 0.2 0.2 0.2 0.2 0.2
 0.2 0.2 0.2 0.2 0.2 0.2 0.2 0.2 0.2 0.2 0.2 0.2
 0.2 0.2 0.2 0.2 0.2 0.2 0.2 0.2 0.2 0.2 0.2 0.2
 0.2 0.2 0.2 0.2 0.2 0.2 0.2 0.2 0.2 0.2 0.2 0.2
 0.2 0.2 0.2 0.2 0.2 0.2 0.2 0.2 0.2 0.2 0.2 0.2
 0.2 0.2 0.2 0.2 0.2 0.2 0.2 0.2 0.2 0.2 0.2 0.2
 0.2 0.2 0.2 0.2 0.2 0.2 0.2 0.2 0.2 0.2 0.2 0.2
 0.2 0.2 0.2 0.2 0.2 0.2 0.2 0.2 0.2 0.2 0.2 0.2
 0.2 0.2 0.2 0.2 0.2 0.2 0.2 0.2 0.2 0.2 0.2 0.2
 0.2 0.2 0.2 0.2 0.2 0.2 0.2 0.2 0.2 0.2 0.2 0.2
 0.2 0.2 0.2 0.2 0.2 0.2 0.2 0.2 0.2 0.2 0.2 0.2
 0.2 0.2 0.2 0.2 0.2 0.2 0.2 0.2 0.2 0.2 0.2 0.2
 0.2 0.2 0.2 0.2 0.2 0.2 0.2 0.2 0.2 0.2 0.2 0.2
 0.2 0.2 0.2 0.2 0.2 0.2 0.2 0.2 0.2 0.2 0.2 0.2
 0.2 0.2 0.2 0.2 0.2 0.2 0.2 0.2 0.2 0.2 0.2 0.2
 0.2 0.2 0.2 0.2 0.2 0.2 0.2 0.2 0.2 0.2 0.2 0.2
 0.2 0.2 0.2 0.2 0.2 0.2 0.2 0.2 0.2 0.2 0.2 0.2
 0.2 0.2 0.2 0.2 0.2 0.2 0.2 0.2 0.2 0.2 0.2 0.2
 0.2 0.2 0.2 0.2 0.2 0.2 0.2 0.2 0.2 0.2 0.2 0.2
 0.2 0.2 0.2 0.2 0.2 0.2 0.2 0.2 0.2 0.2 0.2 0.2
 0.2 0.2 0.2 0.2 0.2 0.2 0.2 0.2 0.2 0.2 0.2 0.2
# mean_log_rec
13.7525
# log_Rzero
13.8121
# rec_dev
 -0.00683641 0.011617 0.0641687 -0.0818349 -0.0136551 0.00243129 0.034082 0.088041 0.10271 -0.0208929 0.0177319 -0.0402116 0.196338 0.0398971 -0.143437 0.315361 0.259229 -0.00186062 0.101512 0.0682168 0.061812 0.1534 -0.037162 -0.0259716 0.0368186 -0.131813 0.178984 0.0844821 -0.152951 -0.230876 -0.262078 -0.0696032 -0.0703594 -0.327153 -0.350129 -0.188212 -0.466998 -0.332757 -0.118203 -0.0963034 -0.416855
# fmort
 0.00912763 0.0269842 0.0451997 0.062391 0.0495998 0.0890728 0.0921787 0.193878 0.114238 0.140523 0.158053 0.170413 0.123685 0.17698 0.187128 0.167187 0.326358 0.266433 0.260699 0.256539 0.350791 0.253883 0.424096 0.350626 0.355809 0.324673 0.319703 0.449949 0.343007 0.521171
# rec_dev_future
 0 0 0 0 0
