AMAK;August_2013
# styr
1
# endyr
30
# rec_age
1
# oldest_age
12
# nlength
81
# len_bins
 10 11 12 13 14 15 16 17 18 19 20 21 22 23 24 25 26 27 28 29 30 31 32 33 34 35 36 37 38 39 40 41 42 43 44 45 46 47 48 49 50 51 52 53 54 55 56 57 58 59 60 61 62 63 64 65 66 67 68 69 70 71 72 73 74 75 76 77 78 79 80 81 82 83 84 85 86 87 88 89 90
# datafile_name
amak_data.dat
# model_name
OM_1
# styr
1
# endyr
30
# rec_age
1
# oldest_age
12
# nfsh
1
# fshname
OM1
# catch_bio_in
 161.255 471.521 759.942 991.539 767.173 1309.73 1283.7 2476.25 1332.66 1513.47 1611.72 1600.03 1112.16 1535.51 1513.25 1279.2 2263.91 1622.74 1455.2 1309.56 1626.82 1083.05 1638.44 1200.86 1111.66 972.779 927.852 1208.27 869.684 1269.6
# catch_bio_sd_in
 0.01 0.01 0.01 0.01 0.01 0.01 0.01 0.01 0.01 0.01 0.01 0.01 0.01 0.01 0.01 0.01 0.01 0.01 0.01 0.01 0.01 0.01 0.01 0.01 0.01 0.01 0.01 0.01 0.01 0.01
# nyrs_fsh_age
 30
# nyrs_fsh_length
 0
# yrs_fsh_age_in
 1 2 3 4 5 6 7 8 9 10 11 12 13 14 15 16 17 18 19 20 21 22 23 24 25 26 27 28 29 30
# yrs_fsh_length_in

# n_sample_fsh_length_in

# olc_fsh_in

# nind
1
# indname
survey_index1
# nyrs_ind
 30
# yrs_ind_in
 1 2 3 4 5 6 7 8 9 10 11 12 13 14 15 16 17 18 19 20 21 22 23 24 25 26 27 28 29 30
# mo_ind
 1
# obs_ind_in
 1.47171 1.77588 1.53052 1.4549 1.64145 1.64414 1.67006 1.50364 1.34328 1.14125 1.13567 1.23008 1.22961 1.14444 0.881291 0.929083 1.02792 0.902034 0.83087 0.619859 0.724567 0.674655 0.639244 0.646433 0.490436 0.523745 0.484466 0.588035 0.550153 0.50652
# obs_se_ind_in
 0.294343 0.355176 0.306105 0.290979 0.328291 0.328827 0.334012 0.300728 0.268655 0.22825 0.227135 0.246016 0.245922 0.228888 0.176258 0.185817 0.205585 0.180407 0.166174 0.123972 0.144913 0.134931 0.127849 0.129287 0.0980871 0.104749 0.0968932 0.117607 0.110031 0.101304
# nyrs_ind_age
 30
# nyrs_ind_length
 0
# yrs_ind_age_in
 1 2 3 4 5 6 7 8 9 10 11 12 13 14 15 16 17 18 19 20 21 22 23 24 25 26 27 28 29 30
# yrs_ind_length_in

# yrs_ind_age_in
 1 2 3 4 5 6 7 8 9 10 11 12 13 14 15 16 17 18 19 20 21 22 23 24 25 26 27 28 29 30
# n_sample_ind_length_in

# olc_ind_in

# oac_ind_in
 0.055 0.12 0.11 0.12 0.095 0.1 0.055 0.08 0.055 0.03 0.04 0.14
 0.085 0.135 0.18 0.105 0.08 0.085 0.04 0.06 0.02 0.025 0.06 0.125
 0.035 0.175 0.145 0.11 0.095 0.075 0.065 0.07 0.035 0.055 0.02 0.12
 0.045 0.125 0.17 0.175 0.09 0.06 0.075 0.055 0.04 0.025 0.015 0.125
 0.1 0.095 0.125 0.15 0.09 0.135 0.08 0.04 0.03 0.03 0.015 0.11
 0.12 0.2 0.125 0.075 0.105 0.07 0.055 0.03 0.05 0.025 0.02 0.125
 0.105 0.17 0.17 0.06 0.135 0.07 0.065 0.035 0.065 0.01 0.01 0.105
 0.075 0.14 0.155 0.185 0.07 0.07 0.06 0.06 0.025 0.025 0.035 0.1
 0.075 0.215 0.16 0.135 0.13 0.055 0.05 0.045 0.005 0.035 0.005 0.09
 0.065 0.185 0.2 0.13 0.125 0.07 0.035 0.025 0.035 0.03 0.02 0.08
 0.09 0.1 0.18 0.155 0.08 0.105 0.075 0.015 0.02 0.045 0.025 0.11
 0.07 0.155 0.2 0.115 0.095 0.07 0.095 0.075 0.01 0.025 0.025 0.065
 0.06 0.15 0.2 0.185 0.1 0.08 0.05 0.065 0.045 0.02 0.01 0.035
 0.075 0.18 0.15 0.2 0.11 0.055 0.075 0.035 0.025 0.04 0.01 0.045
 0.07 0.17 0.195 0.145 0.1 0.08 0.055 0.075 0.025 0.03 0 0.055
 0.14 0.165 0.19 0.16 0.065 0.105 0.05 0.03 0.01 0.005 0.03 0.05
 0.1 0.23 0.155 0.16 0.095 0.045 0.05 0.025 0.025 0.04 0.015 0.06
 0.04 0.29 0.235 0.12 0.1 0.065 0.02 0.025 0.01 0.02 0.015 0.06
 0.075 0.22 0.195 0.185 0.085 0.11 0.045 0.025 0.01 0.02 0.005 0.025
 0.085 0.2 0.17 0.195 0.11 0.085 0.05 0.03 0.02 0.01 0.01 0.035
 0.14 0.17 0.21 0.125 0.11 0.07 0.065 0.035 0.025 0 0.01 0.04
 0.145 0.22 0.145 0.165 0.065 0.085 0.04 0.045 0.04 0.02 0.015 0.015
 0.08 0.325 0.22 0.11 0.07 0.06 0.065 0.03 0.01 0.01 0 0.02
 0.095 0.185 0.24 0.18 0.12 0.07 0.035 0.025 0 0.015 0.02 0.015
 0.16 0.22 0.195 0.165 0.11 0.065 0.025 0.01 0.015 0.01 0.005 0.02
 0.085 0.285 0.175 0.155 0.13 0.07 0.04 0.01 0.01 0.015 0.005 0.02
 0.125 0.235 0.245 0.115 0.09 0.065 0.05 0.03 0.015 0.005 0.01 0.015
 0.185 0.25 0.13 0.18 0.105 0.07 0.04 0.005 0.005 0.015 0.005 0.01
 0.13 0.355 0.235 0.095 0.085 0.04 0.02 0.02 0.005 0 0.005 0.01
 0.12 0.26 0.28 0.12 0.07 0.06 0.045 0.015 0.01 0 0.005 0.015
# wt_ind
 1 1 1 1 1 1 1 1 1 1 1 1
 1 1 1 1 1 1 1 1 1 1 1 1
 1 1 1 1 1 1 1 1 1 1 1 1
 1 1 1 1 1 1 1 1 1 1 1 1
 1 1 1 1 1 1 1 1 1 1 1 1
 1 1 1 1 1 1 1 1 1 1 1 1
 1 1 1 1 1 1 1 1 1 1 1 1
 1 1 1 1 1 1 1 1 1 1 1 1
 1 1 1 1 1 1 1 1 1 1 1 1
 1 1 1 1 1 1 1 1 1 1 1 1
 1 1 1 1 1 1 1 1 1 1 1 1
 1 1 1 1 1 1 1 1 1 1 1 1
 1 1 1 1 1 1 1 1 1 1 1 1
 1 1 1 1 1 1 1 1 1 1 1 1
 1 1 1 1 1 1 1 1 1 1 1 1
 1 1 1 1 1 1 1 1 1 1 1 1
 1 1 1 1 1 1 1 1 1 1 1 1
 1 1 1 1 1 1 1 1 1 1 1 1
 1 1 1 1 1 1 1 1 1 1 1 1
 1 1 1 1 1 1 1 1 1 1 1 1
 1 1 1 1 1 1 1 1 1 1 1 1
 1 1 1 1 1 1 1 1 1 1 1 1
 1 1 1 1 1 1 1 1 1 1 1 1
 1 1 1 1 1 1 1 1 1 1 1 1
 1 1 1 1 1 1 1 1 1 1 1 1
 1 1 1 1 1 1 1 1 1 1 1 1
 1 1 1 1 1 1 1 1 1 1 1 1
 1 1 1 1 1 1 1 1 1 1 1 1
 1 1 1 1 1 1 1 1 1 1 1 1
 1 1 1 1 1 1 1 1 1 1 1 1
# wt_pop
 0.000530656 0.00119633 0.00205827 0.00303499 0.00405521 0.0050647 0.00602623 0.00691692 0.00772489 0.00844611 0.00908185 0.0096367
# maturity
 0.0229774 0.320821 0.904651 0.99478 0.999739 0.999987 0.999999 1 1 1 1 1
# spawnmo
1
# age_err
 1 0 0 0 0 0 0 0 0 0 0 0
 0 1 0 0 0 0 0 0 0 0 0 0
 0 0 1 0 0 0 0 0 0 0 0 0
 0 0 0 1 0 0 0 0 0 0 0 0
 0 0 0 0 1 0 0 0 0 0 0 0
 0 0 0 0 0 1 0 0 0 0 0 0
 0 0 0 0 0 0 1 0 0 0 0 0
 0 0 0 0 0 0 0 1 0 0 0 0
 0 0 0 0 0 0 0 0 1 0 0 0
 0 0 0 0 0 0 0 0 0 1 0 0
 0 0 0 0 0 0 0 0 0 0 1 0
 0 0 0 0 0 0 0 0 0 0 0 1
# cntrlfile_name
C:\Users\bai.li\Desktop\s1_test\AMAK\s72\amak.dat
# Map shared selectivity: 
# sel_map
 1 2
 1 1
# datafile_name
amak_data.dat
# model_name
OM_1
# SrType
2
# use_age_err
0
# retro
0
# sigmarprior
0.2
# cvsigmarprior
0.25
# phase_sigmar
-3
# styr_rec_est
1
# endyr_rec_est
30
# Linfprior
80
# cvLinfprior
0.25
# kprior
0.18
# cvkprior
0.25
# Loprior
27.688
# cvLoprior
0.25
# sdageprior
0.1
# cvsdageprior
0.25
# natmortprior
0.2
# cvnatmortprior
0.25
# phase_M
-4
# npars_Mage
0
# ages_M_changes

# Mage_in

# phase_Mage
-5
# phase_rw_M
0
# npars_rw_M
0
# yrs_rw_M

# sigma_rw_M

# qprior
 3.48998e-007
# cvqprior
 1
# phase_q
 1
# q_power_prior
 1
# cvq_power_prior
 0.2
# phase_q_power
 -4
# phase_rw_q
 -1
# npars_rw_q
 0
# yrs_rw_q

# sigma_rw_q

# q_age_min
 1
# q_age_max
 12
# q_age_min
 1
# q_age_max
 12
# fsh_sel_opt(k)
2
# phase_sel_fsh(k)
-2
# n_sel_ch_fsh(k)
1
# sel_slp_in_fsh(k)(1,n_sel_ch_fsh(k))
 1
# sel_inf_in_fsh(k)(1,n_sel_ch_fsh(k))
 2
# logsel_slp_in_fsh(k)(1,n_sel_ch_fsh(k))
 0
# yrs_sel_ch_fsh(k)(1,n_sel_ch_fsh(k))
 1

Survey survey_index1
# ind_sel_opt(k)
2
# indname(k)
survey_index1
# nselages_in_ind(k)
11
# phase_sel_ind(k)
-2
# sel_change_in_ind(k)
 1 0 0 0 0 0 0 0 0 0 0 0 0 0 0 0 0 0 0 0 0 0 0 0 0 0 0 0 0 0
# n_sel_ch_ind(k)
1
# yrs_sel_ch_ind(k)(1,n_sel_ch_ind(k))
 1
# sel_slp_in_ind(k,1)
2
# sel_inf_in_ind(k,1)
1.5
# logsel_slp_in_ind(k,1)
0.693147
# logsel_slp_in_indv(k)
0.693147
survey_index1 ind sel opt 2  1 0 0 0 0 0 0 0 0 0 0 0 0 0 0 0 0 0 0 0 0 0 0 0 0 0 0 0 0 0
Phase indices Sel_Coffs:  -1
 Test: 1.23457e+008
# Fshry Selages:  11
# Srvy  Selages:  11
# Phase for age-spec fishery  -1
# Phase for logistic fishery  -2
# Phase for dble logistic fishery  -1
# Phase for age-spec indices   -1
# Phase for logistic indices   -2
# Phase for dble logistic ind  -1
# Curv_pen_fsh: 
 0
# Curv_pen_ind: 
 0
# styr_fut
31
# endyr_fut
35
# nyrs_fsh_age
 30
# nyrs_fsh_age
 30
# yrs_fsh_age
 1 2 3 4 5 6 7 8 9 10 11 12 13 14 15 16 17 18 19 20 21 22 23 24 25 26 27 28 29 30
# n_sample_fsh_age
 200 200 200 200 200 200 200 200 200 200 200 200 200 200 200 200 200 200 200 200 200 200 200 200 200 200 200 200 200 200
# oac_fsh
 0.065 0.095 0.135 0.095 0.12 0.07 0.08 0.085 0.025 0.025 0.035 0.17
 0.09 0.09 0.125 0.12 0.06 0.085 0.07 0.085 0.06 0.04 0.03 0.145
 0.09 0.125 0.15 0.115 0.08 0.085 0.07 0.045 0.08 0.03 0.02 0.11
 0.035 0.075 0.14 0.115 0.095 0.075 0.075 0.06 0.04 0.045 0.035 0.21
 0.095 0.1 0.13 0.19 0.085 0.075 0.055 0.055 0.035 0.025 0.03 0.125
 0.1 0.17 0.08 0.11 0.115 0.085 0.08 0.075 0.015 0.035 0.03 0.105
 0.065 0.115 0.215 0.1 0.085 0.09 0.075 0.045 0.05 0.015 0.015 0.13
 0.11 0.115 0.16 0.155 0.04 0.05 0.085 0.07 0.025 0.035 0.04 0.115
 0.055 0.11 0.15 0.14 0.19 0.06 0.075 0.03 0.055 0.03 0.015 0.09
 0.08 0.12 0.175 0.125 0.12 0.085 0.035 0.035 0.04 0.055 0.04 0.09
 0.08 0.125 0.16 0.1 0.1 0.105 0.105 0.035 0.035 0.045 0.025 0.085
 0.085 0.175 0.145 0.085 0.125 0.08 0.055 0.07 0.035 0.025 0.015 0.105
 0.07 0.13 0.195 0.135 0.11 0.11 0.045 0.06 0.045 0.015 0.02 0.065
 0.105 0.1 0.165 0.125 0.145 0.09 0.045 0.06 0.035 0.045 0.02 0.065
 0.06 0.145 0.145 0.155 0.125 0.085 0.085 0.045 0.02 0.04 0.015 0.08
 0.11 0.13 0.14 0.115 0.145 0.14 0.065 0.04 0.045 0.015 0.015 0.04
 0.07 0.19 0.15 0.165 0.12 0.075 0.055 0.035 0.04 0.03 0.015 0.055
 0.115 0.215 0.165 0.115 0.08 0.075 0.04 0.05 0.025 0.01 0.02 0.09
 0.125 0.155 0.185 0.19 0.08 0.08 0.06 0.015 0.02 0.03 0.015 0.045
 0.08 0.205 0.175 0.165 0.115 0.055 0.06 0.04 0.035 0.015 0.01 0.045
 0.135 0.15 0.16 0.11 0.17 0.095 0.06 0.035 0.025 0.015 0 0.045
 0.15 0.205 0.16 0.125 0.07 0.13 0.055 0.05 0.025 0 0.005 0.025
 0.125 0.225 0.24 0.115 0.09 0.05 0.04 0.035 0.03 0.01 0.01 0.03
 0.12 0.23 0.175 0.205 0.095 0.055 0.045 0.04 0.02 0.005 0.005 0.005
 0.185 0.17 0.155 0.2 0.1 0.025 0.07 0.02 0.03 0.02 0.005 0.02
 0.13 0.27 0.18 0.155 0.075 0.075 0.025 0.02 0.02 0.01 0.025 0.015
 0.15 0.155 0.22 0.135 0.12 0.11 0.04 0.02 0 0.01 0.01 0.03
 0.23 0.2 0.115 0.19 0.1 0.08 0.045 0.015 0.01 0 0 0.015
 0.175 0.275 0.17 0.12 0.1 0.07 0.025 0.025 0.015 0.01 0 0.015
 0.165 0.265 0.215 0.18 0.035 0.07 0.025 0.005 0.01 0.015 0.01 0.005
# olc_fsh

# wt_fsh
 0.000530656 0.00119633 0.00205827 0.00303499 0.00405521 0.0050647 0.00602623 0.00691692 0.00772489 0.00844611 0.00908185 0.0096367
 0.000530656 0.00119633 0.00205827 0.00303499 0.00405521 0.0050647 0.00602623 0.00691692 0.00772489 0.00844611 0.00908185 0.0096367
 0.000530656 0.00119633 0.00205827 0.00303499 0.00405521 0.0050647 0.00602623 0.00691692 0.00772489 0.00844611 0.00908185 0.0096367
 0.000530656 0.00119633 0.00205827 0.00303499 0.00405521 0.0050647 0.00602623 0.00691692 0.00772489 0.00844611 0.00908185 0.0096367
 0.000530656 0.00119633 0.00205827 0.00303499 0.00405521 0.0050647 0.00602623 0.00691692 0.00772489 0.00844611 0.00908185 0.0096367
 0.000530656 0.00119633 0.00205827 0.00303499 0.00405521 0.0050647 0.00602623 0.00691692 0.00772489 0.00844611 0.00908185 0.0096367
 0.000530656 0.00119633 0.00205827 0.00303499 0.00405521 0.0050647 0.00602623 0.00691692 0.00772489 0.00844611 0.00908185 0.0096367
 0.000530656 0.00119633 0.00205827 0.00303499 0.00405521 0.0050647 0.00602623 0.00691692 0.00772489 0.00844611 0.00908185 0.0096367
 0.000530656 0.00119633 0.00205827 0.00303499 0.00405521 0.0050647 0.00602623 0.00691692 0.00772489 0.00844611 0.00908185 0.0096367
 0.000530656 0.00119633 0.00205827 0.00303499 0.00405521 0.0050647 0.00602623 0.00691692 0.00772489 0.00844611 0.00908185 0.0096367
 0.000530656 0.00119633 0.00205827 0.00303499 0.00405521 0.0050647 0.00602623 0.00691692 0.00772489 0.00844611 0.00908185 0.0096367
 0.000530656 0.00119633 0.00205827 0.00303499 0.00405521 0.0050647 0.00602623 0.00691692 0.00772489 0.00844611 0.00908185 0.0096367
 0.000530656 0.00119633 0.00205827 0.00303499 0.00405521 0.0050647 0.00602623 0.00691692 0.00772489 0.00844611 0.00908185 0.0096367
 0.000530656 0.00119633 0.00205827 0.00303499 0.00405521 0.0050647 0.00602623 0.00691692 0.00772489 0.00844611 0.00908185 0.0096367
 0.000530656 0.00119633 0.00205827 0.00303499 0.00405521 0.0050647 0.00602623 0.00691692 0.00772489 0.00844611 0.00908185 0.0096367
 0.000530656 0.00119633 0.00205827 0.00303499 0.00405521 0.0050647 0.00602623 0.00691692 0.00772489 0.00844611 0.00908185 0.0096367
 0.000530656 0.00119633 0.00205827 0.00303499 0.00405521 0.0050647 0.00602623 0.00691692 0.00772489 0.00844611 0.00908185 0.0096367
 0.000530656 0.00119633 0.00205827 0.00303499 0.00405521 0.0050647 0.00602623 0.00691692 0.00772489 0.00844611 0.00908185 0.0096367
 0.000530656 0.00119633 0.00205827 0.00303499 0.00405521 0.0050647 0.00602623 0.00691692 0.00772489 0.00844611 0.00908185 0.0096367
 0.000530656 0.00119633 0.00205827 0.00303499 0.00405521 0.0050647 0.00602623 0.00691692 0.00772489 0.00844611 0.00908185 0.0096367
 0.000530656 0.00119633 0.00205827 0.00303499 0.00405521 0.0050647 0.00602623 0.00691692 0.00772489 0.00844611 0.00908185 0.0096367
 0.000530656 0.00119633 0.00205827 0.00303499 0.00405521 0.0050647 0.00602623 0.00691692 0.00772489 0.00844611 0.00908185 0.0096367
 0.000530656 0.00119633 0.00205827 0.00303499 0.00405521 0.0050647 0.00602623 0.00691692 0.00772489 0.00844611 0.00908185 0.0096367
 0.000530656 0.00119633 0.00205827 0.00303499 0.00405521 0.0050647 0.00602623 0.00691692 0.00772489 0.00844611 0.00908185 0.0096367
 0.000530656 0.00119633 0.00205827 0.00303499 0.00405521 0.0050647 0.00602623 0.00691692 0.00772489 0.00844611 0.00908185 0.0096367
 0.000530656 0.00119633 0.00205827 0.00303499 0.00405521 0.0050647 0.00602623 0.00691692 0.00772489 0.00844611 0.00908185 0.0096367
 0.000530656 0.00119633 0.00205827 0.00303499 0.00405521 0.0050647 0.00602623 0.00691692 0.00772489 0.00844611 0.00908185 0.0096367
 0.000530656 0.00119633 0.00205827 0.00303499 0.00405521 0.0050647 0.00602623 0.00691692 0.00772489 0.00844611 0.00908185 0.0096367
 0.000530656 0.00119633 0.00205827 0.00303499 0.00405521 0.0050647 0.00602623 0.00691692 0.00772489 0.00844611 0.00908185 0.0096367
 0.000530656 0.00119633 0.00205827 0.00303499 0.00405521 0.0050647 0.00602623 0.00691692 0.00772489 0.00844611 0.00908185 0.0096367
# nyrs_ind_age
 30
# yrs_ind_age
 1 2 3 4 5 6 7 8 9 10 11 12 13 14 15 16 17 18 19 20 21 22 23 24 25 26 27 28 29 30
# n_sample_ind_age
 200 200 200 200 200 200 200 200 200 200 200 200 200 200 200 200 200 200 200 200 200 200 200 200 200 200 200 200 200 200
# oac_ind
 0.055 0.12 0.11 0.12 0.095 0.1 0.055 0.08 0.055 0.03 0.04 0.14
 0.085 0.135 0.18 0.105 0.08 0.085 0.04 0.06 0.02 0.025 0.06 0.125
 0.035 0.175 0.145 0.11 0.095 0.075 0.065 0.07 0.035 0.055 0.02 0.12
 0.045 0.125 0.17 0.175 0.09 0.06 0.075 0.055 0.04 0.025 0.015 0.125
 0.1 0.095 0.125 0.15 0.09 0.135 0.08 0.04 0.03 0.03 0.015 0.11
 0.12 0.2 0.125 0.075 0.105 0.07 0.055 0.03 0.05 0.025 0.02 0.125
 0.105 0.17 0.17 0.06 0.135 0.07 0.065 0.035 0.065 0.01 0.01 0.105
 0.075 0.14 0.155 0.185 0.07 0.07 0.06 0.06 0.025 0.025 0.035 0.1
 0.075 0.215 0.16 0.135 0.13 0.055 0.05 0.045 0.005 0.035 0.005 0.09
 0.065 0.185 0.2 0.13 0.125 0.07 0.035 0.025 0.035 0.03 0.02 0.08
 0.09 0.1 0.18 0.155 0.08 0.105 0.075 0.015 0.02 0.045 0.025 0.11
 0.07 0.155 0.2 0.115 0.095 0.07 0.095 0.075 0.01 0.025 0.025 0.065
 0.06 0.15 0.2 0.185 0.1 0.08 0.05 0.065 0.045 0.02 0.01 0.035
 0.075 0.18 0.15 0.2 0.11 0.055 0.075 0.035 0.025 0.04 0.01 0.045
 0.07 0.17 0.195 0.145 0.1 0.08 0.055 0.075 0.025 0.03 0 0.055
 0.14 0.165 0.19 0.16 0.065 0.105 0.05 0.03 0.01 0.005 0.03 0.05
 0.1 0.23 0.155 0.16 0.095 0.045 0.05 0.025 0.025 0.04 0.015 0.06
 0.04 0.29 0.235 0.12 0.1 0.065 0.02 0.025 0.01 0.02 0.015 0.06
 0.075 0.22 0.195 0.185 0.085 0.11 0.045 0.025 0.01 0.02 0.005 0.025
 0.085 0.2 0.17 0.195 0.11 0.085 0.05 0.03 0.02 0.01 0.01 0.035
 0.14 0.17 0.21 0.125 0.11 0.07 0.065 0.035 0.025 0 0.01 0.04
 0.145 0.22 0.145 0.165 0.065 0.085 0.04 0.045 0.04 0.02 0.015 0.015
 0.08 0.325 0.22 0.11 0.07 0.06 0.065 0.03 0.01 0.01 0 0.02
 0.095 0.185 0.24 0.18 0.12 0.07 0.035 0.025 0 0.015 0.02 0.015
 0.16 0.22 0.195 0.165 0.11 0.065 0.025 0.01 0.015 0.01 0.005 0.02
 0.085 0.285 0.175 0.155 0.13 0.07 0.04 0.01 0.01 0.015 0.005 0.02
 0.125 0.235 0.245 0.115 0.09 0.065 0.05 0.03 0.015 0.005 0.01 0.015
 0.185 0.25 0.13 0.18 0.105 0.07 0.04 0.005 0.005 0.015 0.005 0.01
 0.13 0.355 0.235 0.095 0.085 0.04 0.02 0.02 0.005 0 0.005 0.01
 0.12 0.26 0.28 0.12 0.07 0.06 0.045 0.015 0.01 0 0.005 0.015
# olc_ind

# obs_lse_ind
 0.198042 0.198042 0.198042 0.198042 0.198042 0.198042 0.198042 0.198042 0.198042 0.198042 0.198042 0.198042 0.198042 0.198042 0.198042 0.198042 0.198042 0.198042 0.198042 0.198042 0.198042 0.198042 0.198042 0.198042 0.198042 0.198042 0.198042 0.198042 0.198042 0.198042
# xages_fsh
 0 0 0 0 0 0 0 0 0 0 0 0
# xages_fsh
 0 0.0909091 0.181818 0.272727 0.363636 0.454545 0.545455 0.636364 0.727273 0.818182 0.909091 1
# xnodes_fsh

Yrs fsh_sel change:  1 0 0 0 0 0 0 0 0 0 0 0 0 0 0 0 0 0 0 0 0 0 0 0 0 0 0 0 0
Yrs ind_sel change:  1 0 0 0 0 0 0 0 0 0 0 0 0 0 0 0 0 0 0 0 0 0 0 0 0 0 0 0 0
# steepnessprior
0.75
# sigmarprior
0.2
#  SSB estimated in styr endyr: -12 28 
#  Rec estimated in styr endyr: -10 30 
#  SR Curve fit  in styr endyr: 1 30 
#             Model styr endyr: 1 30 
# qprior
 3.48998e-007
# q_power_prior 
 1 
# cv_catchbiomass 
0.05 
# CatchbiomassPen 
200 
# Number of projection years 
5 
# offset_fsh
 13488.2
# offset_ind
 13127.5
Mean Catch
1275.98
R_guess 
13.8155
# nfsh
1
# n_sel_ch_fsh
 1
# nselages_fsh
 11
# phase_selcoff_fsh
 -1
logRzero 13.8155
logmeanrec 13.8155
exp(log_sigmarprior 0.2
Fish sel phase: -1 OM1
Fixing fishery sel to
1
Fixing fishery sel to
1
Srvy sel phase: -1
Fixing survey_index1 indices sel to
1
Fixing index sel to
1
# logsel_slp_in_indv
 0.693147
Leaving parameter init secton
# M
 0.2 0.2 0.2 0.2 0.2 0.2 0.2 0.2 0.2 0.2 0.2 0.2
 0.2 0.2 0.2 0.2 0.2 0.2 0.2 0.2 0.2 0.2 0.2 0.2
 0.2 0.2 0.2 0.2 0.2 0.2 0.2 0.2 0.2 0.2 0.2 0.2
 0.2 0.2 0.2 0.2 0.2 0.2 0.2 0.2 0.2 0.2 0.2 0.2
 0.2 0.2 0.2 0.2 0.2 0.2 0.2 0.2 0.2 0.2 0.2 0.2
 0.2 0.2 0.2 0.2 0.2 0.2 0.2 0.2 0.2 0.2 0.2 0.2
 0.2 0.2 0.2 0.2 0.2 0.2 0.2 0.2 0.2 0.2 0.2 0.2
 0.2 0.2 0.2 0.2 0.2 0.2 0.2 0.2 0.2 0.2 0.2 0.2
 0.2 0.2 0.2 0.2 0.2 0.2 0.2 0.2 0.2 0.2 0.2 0.2
 0.2 0.2 0.2 0.2 0.2 0.2 0.2 0.2 0.2 0.2 0.2 0.2
 0.2 0.2 0.2 0.2 0.2 0.2 0.2 0.2 0.2 0.2 0.2 0.2
 0.2 0.2 0.2 0.2 0.2 0.2 0.2 0.2 0.2 0.2 0.2 0.2
 0.2 0.2 0.2 0.2 0.2 0.2 0.2 0.2 0.2 0.2 0.2 0.2
 0.2 0.2 0.2 0.2 0.2 0.2 0.2 0.2 0.2 0.2 0.2 0.2
 0.2 0.2 0.2 0.2 0.2 0.2 0.2 0.2 0.2 0.2 0.2 0.2
 0.2 0.2 0.2 0.2 0.2 0.2 0.2 0.2 0.2 0.2 0.2 0.2
 0.2 0.2 0.2 0.2 0.2 0.2 0.2 0.2 0.2 0.2 0.2 0.2
 0.2 0.2 0.2 0.2 0.2 0.2 0.2 0.2 0.2 0.2 0.2 0.2
 0.2 0.2 0.2 0.2 0.2 0.2 0.2 0.2 0.2 0.2 0.2 0.2
 0.2 0.2 0.2 0.2 0.2 0.2 0.2 0.2 0.2 0.2 0.2 0.2
 0.2 0.2 0.2 0.2 0.2 0.2 0.2 0.2 0.2 0.2 0.2 0.2
 0.2 0.2 0.2 0.2 0.2 0.2 0.2 0.2 0.2 0.2 0.2 0.2
 0.2 0.2 0.2 0.2 0.2 0.2 0.2 0.2 0.2 0.2 0.2 0.2
 0.2 0.2 0.2 0.2 0.2 0.2 0.2 0.2 0.2 0.2 0.2 0.2
 0.2 0.2 0.2 0.2 0.2 0.2 0.2 0.2 0.2 0.2 0.2 0.2
 0.2 0.2 0.2 0.2 0.2 0.2 0.2 0.2 0.2 0.2 0.2 0.2
 0.2 0.2 0.2 0.2 0.2 0.2 0.2 0.2 0.2 0.2 0.2 0.2
 0.2 0.2 0.2 0.2 0.2 0.2 0.2 0.2 0.2 0.2 0.2 0.2
 0.2 0.2 0.2 0.2 0.2 0.2 0.2 0.2 0.2 0.2 0.2 0.2
 0.2 0.2 0.2 0.2 0.2 0.2 0.2 0.2 0.2 0.2 0.2 0.2
# mean_log_rec
13.7745
# log_Rzero
13.8241
# rec_dev
 0.000101046 0.0458613 0.0257874 -0.0954797 0.0871605 0.0770123 -0.046278 -0.0114725 -0.0747898 -0.0106775 0.0676548 0.112627 0.236508 -0.0320341 -0.255134 0.41867 0.289614 0.0570417 0.195316 0.00277225 0.0245228 0.101458 -0.108879 -0.0838783 0.0104822 -0.137622 0.106094 0.106727 -0.285714 -0.21061 -0.368993 -0.0838703 -0.0677566 -0.310078 -0.405175 -0.157106 -0.603725 -0.302731 -0.0134689 -0.181444 -0.272455
# fmort
 0.00904497 0.0268472 0.0444131 0.0602729 0.0484619 0.0863356 0.0888291 0.185784 0.108875 0.130256 0.148119 0.15819 0.115992 0.168832 0.179641 0.161499 0.317279 0.259385 0.253766 0.247591 0.344351 0.252483 0.4203 0.347866 0.346556 0.320345 0.315951 0.438695 0.326787 0.487276
# rec_dev_future
 0 0 0 0 0
