AMAK;August_2013
# styr
1
# endyr
30
# rec_age
1
# oldest_age
12
# nlength
81
# len_bins
 10 11 12 13 14 15 16 17 18 19 20 21 22 23 24 25 26 27 28 29 30 31 32 33 34 35 36 37 38 39 40 41 42 43 44 45 46 47 48 49 50 51 52 53 54 55 56 57 58 59 60 61 62 63 64 65 66 67 68 69 70 71 72 73 74 75 76 77 78 79 80 81 82 83 84 85 86 87 88 89 90
# datafile_name
amak_data.dat
# model_name
OM_1
# styr
1
# endyr
30
# rec_age
1
# oldest_age
12
# nfsh
1
# fshname
OM1
# catch_bio_in
 161.281 466.646 769.195 990.761 768.509 1322.44 1274.3 2489.18 1324.54 1532.44 1617.02 1606.63 1098.01 1533.37 1509.2 1278.07 2236.71 1624.16 1462.94 1322.73 1615.63 1082.6 1630.06 1211.24 1118.82 974.652 927.828 1206.9 875.25 1276.74
# catch_bio_sd_in
 0.01 0.01 0.01 0.01 0.01 0.01 0.01 0.01 0.01 0.01 0.01 0.01 0.01 0.01 0.01 0.01 0.01 0.01 0.01 0.01 0.01 0.01 0.01 0.01 0.01 0.01 0.01 0.01 0.01 0.01
# nyrs_fsh_age
 30
# nyrs_fsh_length
 0
# yrs_fsh_age_in
 1 2 3 4 5 6 7 8 9 10 11 12 13 14 15 16 17 18 19 20 21 22 23 24 25 26 27 28 29 30
# yrs_fsh_length_in

# n_sample_fsh_length_in

# olc_fsh_in

# nind
1
# indname
survey_index1
# nyrs_ind
 30
# yrs_ind_in
 1 2 3 4 5 6 7 8 9 10 11 12 13 14 15 16 17 18 19 20 21 22 23 24 25 26 27 28 29 30
# mo_ind
 1
# obs_ind_in
 1.55771 1.44085 1.60571 1.40498 1.54494 1.6989 1.38065 1.22862 1.20208 1.1276 1.19401 1.17646 0.924434 1.04776 0.935621 1.11829 0.998141 0.787234 0.771126 0.776584 0.718925 0.712628 0.652796 0.725962 0.598364 0.576661 0.53735 0.519256 0.481506 0.591553
# obs_se_ind_in
 0.311541 0.288171 0.321142 0.280996 0.308987 0.33978 0.27613 0.245723 0.240417 0.225519 0.238803 0.235291 0.184887 0.209552 0.187124 0.223657 0.199628 0.157447 0.154225 0.155317 0.143785 0.142526 0.130559 0.145192 0.119673 0.115332 0.10747 0.103851 0.0963011 0.118311
# nyrs_ind_age
 30
# nyrs_ind_length
 0
# yrs_ind_age_in
 1 2 3 4 5 6 7 8 9 10 11 12 13 14 15 16 17 18 19 20 21 22 23 24 25 26 27 28 29 30
# yrs_ind_length_in

# yrs_ind_age_in
 1 2 3 4 5 6 7 8 9 10 11 12 13 14 15 16 17 18 19 20 21 22 23 24 25 26 27 28 29 30
# n_sample_ind_length_in

# olc_ind_in

# oac_ind_in
 0.07 0.135 0.15 0.145 0.11 0.065 0.04 0.06 0.04 0.045 0.02 0.12
 0.07 0.14 0.115 0.15 0.145 0.055 0.065 0.055 0.035 0.04 0.025 0.105
 0.03 0.165 0.15 0.145 0.08 0.11 0.06 0.03 0.06 0.015 0.035 0.12
 0.025 0.17 0.175 0.11 0.11 0.045 0.09 0.06 0.045 0.05 0.005 0.115
 0.09 0.135 0.155 0.11 0.08 0.075 0.105 0.05 0.03 0.035 0.025 0.11
 0.1 0.17 0.12 0.12 0.095 0.095 0.045 0.045 0.045 0.03 0.02 0.115
 0.05 0.23 0.175 0.065 0.095 0.075 0.03 0.06 0.045 0.04 0.045 0.09
 0.085 0.11 0.16 0.135 0.035 0.09 0.085 0.06 0.055 0.03 0.035 0.12
 0.075 0.17 0.14 0.16 0.165 0.035 0.025 0.07 0.05 0.02 0.02 0.07
 0.08 0.13 0.195 0.14 0.125 0.105 0.045 0.04 0.04 0.02 0.02 0.06
 0.065 0.165 0.195 0.115 0.09 0.105 0.075 0.015 0.05 0.035 0 0.09
 0.08 0.14 0.18 0.115 0.17 0.065 0.06 0.04 0.03 0.02 0.02 0.08
 0.05 0.165 0.24 0.15 0.08 0.085 0.035 0.06 0.03 0.03 0.005 0.07
 0.085 0.165 0.18 0.14 0.135 0.075 0.055 0.04 0.04 0.005 0.01 0.07
 0.105 0.195 0.185 0.13 0.105 0.08 0.045 0.045 0.02 0.025 0.005 0.06
 0.125 0.195 0.18 0.185 0.07 0.085 0.055 0.02 0.03 0.01 0.015 0.03
 0.095 0.195 0.215 0.14 0.085 0.085 0.05 0.05 0.03 0.01 0 0.045
 0.055 0.24 0.215 0.14 0.105 0.085 0.05 0.015 0.02 0.025 0.01 0.04
 0.07 0.14 0.28 0.15 0.095 0.08 0.035 0.015 0.045 0.015 0.015 0.06
 0.115 0.185 0.145 0.175 0.14 0.05 0.055 0.025 0.01 0.045 0.025 0.03
 0.145 0.175 0.215 0.115 0.135 0.105 0.03 0.035 0.005 0.005 0.01 0.025
 0.075 0.235 0.23 0.17 0.085 0.07 0.045 0.02 0.02 0.015 0.005 0.03
 0.12 0.29 0.23 0.14 0.085 0.03 0.03 0.025 0.02 0.01 0.01 0.01
 0.08 0.235 0.285 0.18 0.075 0.025 0.035 0.025 0.025 0.02 0.01 0.005
 0.13 0.23 0.175 0.215 0.08 0.065 0.025 0.02 0.015 0.01 0.01 0.025
 0.095 0.29 0.15 0.18 0.09 0.085 0.04 0.025 0.03 0.015 0 0
 0.115 0.14 0.235 0.17 0.14 0.105 0.04 0.015 0.01 0 0.01 0.02
 0.11 0.24 0.245 0.205 0.07 0.045 0.035 0.01 0.015 0 0.015 0.01
 0.175 0.29 0.2 0.11 0.08 0.07 0.02 0.02 0.025 0 0.005 0.005
 0.115 0.32 0.23 0.12 0.09 0.055 0.045 0.005 0.005 0 0 0.015
# wt_ind
 1 1 1 1 1 1 1 1 1 1 1 1
 1 1 1 1 1 1 1 1 1 1 1 1
 1 1 1 1 1 1 1 1 1 1 1 1
 1 1 1 1 1 1 1 1 1 1 1 1
 1 1 1 1 1 1 1 1 1 1 1 1
 1 1 1 1 1 1 1 1 1 1 1 1
 1 1 1 1 1 1 1 1 1 1 1 1
 1 1 1 1 1 1 1 1 1 1 1 1
 1 1 1 1 1 1 1 1 1 1 1 1
 1 1 1 1 1 1 1 1 1 1 1 1
 1 1 1 1 1 1 1 1 1 1 1 1
 1 1 1 1 1 1 1 1 1 1 1 1
 1 1 1 1 1 1 1 1 1 1 1 1
 1 1 1 1 1 1 1 1 1 1 1 1
 1 1 1 1 1 1 1 1 1 1 1 1
 1 1 1 1 1 1 1 1 1 1 1 1
 1 1 1 1 1 1 1 1 1 1 1 1
 1 1 1 1 1 1 1 1 1 1 1 1
 1 1 1 1 1 1 1 1 1 1 1 1
 1 1 1 1 1 1 1 1 1 1 1 1
 1 1 1 1 1 1 1 1 1 1 1 1
 1 1 1 1 1 1 1 1 1 1 1 1
 1 1 1 1 1 1 1 1 1 1 1 1
 1 1 1 1 1 1 1 1 1 1 1 1
 1 1 1 1 1 1 1 1 1 1 1 1
 1 1 1 1 1 1 1 1 1 1 1 1
 1 1 1 1 1 1 1 1 1 1 1 1
 1 1 1 1 1 1 1 1 1 1 1 1
 1 1 1 1 1 1 1 1 1 1 1 1
 1 1 1 1 1 1 1 1 1 1 1 1
# wt_pop
 0.000530656 0.00119633 0.00205827 0.00303499 0.00405521 0.0050647 0.00602623 0.00691692 0.00772489 0.00844611 0.00908185 0.0096367
# maturity
 0.0229774 0.320821 0.904651 0.99478 0.999739 0.999987 0.999999 1 1 1 1 1
# spawnmo
1
# age_err
 1 0 0 0 0 0 0 0 0 0 0 0
 0 1 0 0 0 0 0 0 0 0 0 0
 0 0 1 0 0 0 0 0 0 0 0 0
 0 0 0 1 0 0 0 0 0 0 0 0
 0 0 0 0 1 0 0 0 0 0 0 0
 0 0 0 0 0 1 0 0 0 0 0 0
 0 0 0 0 0 0 1 0 0 0 0 0
 0 0 0 0 0 0 0 1 0 0 0 0
 0 0 0 0 0 0 0 0 1 0 0 0
 0 0 0 0 0 0 0 0 0 1 0 0
 0 0 0 0 0 0 0 0 0 0 1 0
 0 0 0 0 0 0 0 0 0 0 0 1
# cntrlfile_name
C:\Users\bai.li\Desktop\s1_test\AMAK\s133\amak.dat
# Map shared selectivity: 
# sel_map
 1 2
 1 1
# datafile_name
amak_data.dat
# model_name
OM_1
# SrType
2
# use_age_err
0
# retro
0
# sigmarprior
0.2
# cvsigmarprior
0.25
# phase_sigmar
-3
# styr_rec_est
1
# endyr_rec_est
30
# Linfprior
80
# cvLinfprior
0.25
# kprior
0.18
# cvkprior
0.25
# Loprior
27.688
# cvLoprior
0.25
# sdageprior
0.1
# cvsdageprior
0.25
# natmortprior
0.2
# cvnatmortprior
0.25
# phase_M
-4
# npars_Mage
0
# ages_M_changes

# Mage_in

# phase_Mage
-5
# phase_rw_M
0
# npars_rw_M
0
# yrs_rw_M

# sigma_rw_M

# qprior
 3.48998e-007
# cvqprior
 1
# phase_q
 1
# q_power_prior
 1
# cvq_power_prior
 0.2
# phase_q_power
 -4
# phase_rw_q
 -1
# npars_rw_q
 0
# yrs_rw_q

# sigma_rw_q

# q_age_min
 1
# q_age_max
 12
# q_age_min
 1
# q_age_max
 12
# fsh_sel_opt(k)
2
# phase_sel_fsh(k)
-2
# n_sel_ch_fsh(k)
1
# sel_slp_in_fsh(k)(1,n_sel_ch_fsh(k))
 1
# sel_inf_in_fsh(k)(1,n_sel_ch_fsh(k))
 2
# logsel_slp_in_fsh(k)(1,n_sel_ch_fsh(k))
 0
# yrs_sel_ch_fsh(k)(1,n_sel_ch_fsh(k))
 1

Survey survey_index1
# ind_sel_opt(k)
2
# indname(k)
survey_index1
# nselages_in_ind(k)
11
# phase_sel_ind(k)
-2
# sel_change_in_ind(k)
 1 0 0 0 0 0 0 0 0 0 0 0 0 0 0 0 0 0 0 0 0 0 0 0 0 0 0 0 0 0
# n_sel_ch_ind(k)
1
# yrs_sel_ch_ind(k)(1,n_sel_ch_ind(k))
 1
# sel_slp_in_ind(k,1)
2
# sel_inf_in_ind(k,1)
1.5
# logsel_slp_in_ind(k,1)
0.693147
# logsel_slp_in_indv(k)
0.693147
survey_index1 ind sel opt 2  1 0 0 0 0 0 0 0 0 0 0 0 0 0 0 0 0 0 0 0 0 0 0 0 0 0 0 0 0 0
Phase indices Sel_Coffs:  -1
 Test: 1.23457e+008
# Fshry Selages:  11
# Srvy  Selages:  11
# Phase for age-spec fishery  -1
# Phase for logistic fishery  -2
# Phase for dble logistic fishery  -1
# Phase for age-spec indices   -1
# Phase for logistic indices   -2
# Phase for dble logistic ind  -1
# Curv_pen_fsh: 
 0
# Curv_pen_ind: 
 0
# styr_fut
31
# endyr_fut
35
# nyrs_fsh_age
 30
# nyrs_fsh_age
 30
# yrs_fsh_age
 1 2 3 4 5 6 7 8 9 10 11 12 13 14 15 16 17 18 19 20 21 22 23 24 25 26 27 28 29 30
# n_sample_fsh_age
 200 200 200 200 200 200 200 200 200 200 200 200 200 200 200 200 200 200 200 200 200 200 200 200 200 200 200 200 200 200
# oac_fsh
 0.06 0.125 0.095 0.135 0.14 0.07 0.055 0.05 0.04 0.04 0.035 0.155
 0.085 0.13 0.145 0.1 0.1 0.075 0.07 0.065 0.01 0.02 0.035 0.165
 0.04 0.14 0.095 0.1 0.125 0.1 0.06 0.065 0.055 0.025 0.02 0.175
 0.07 0.105 0.135 0.105 0.085 0.1 0.06 0.045 0.045 0.05 0.04 0.16
 0.105 0.06 0.11 0.15 0.085 0.15 0.07 0.08 0.04 0.035 0.015 0.1
 0.13 0.145 0.125 0.115 0.12 0.065 0.065 0.045 0.05 0.01 0.04 0.09
 0.08 0.15 0.135 0.115 0.1 0.095 0.07 0.065 0.03 0.04 0.005 0.115
 0.065 0.115 0.215 0.165 0.065 0.07 0.05 0.035 0.045 0.04 0.015 0.12
 0.09 0.12 0.1 0.185 0.115 0.07 0.06 0.05 0.035 0.03 0.02 0.125
 0.105 0.095 0.155 0.13 0.145 0.12 0.055 0.045 0.045 0.015 0.01 0.08
 0.03 0.145 0.15 0.17 0.095 0.095 0.07 0.05 0.03 0.05 0.015 0.1
 0.095 0.14 0.18 0.115 0.125 0.09 0.04 0.04 0.02 0.03 0.045 0.08
 0.08 0.12 0.175 0.185 0.105 0.11 0.05 0.035 0.05 0.01 0.005 0.075
 0.07 0.13 0.19 0.145 0.145 0.065 0.05 0.045 0.055 0.025 0.015 0.065
 0.115 0.125 0.11 0.135 0.14 0.115 0.07 0.03 0.055 0.035 0.025 0.045
 0.1 0.13 0.2 0.095 0.145 0.08 0.06 0.06 0.04 0.01 0.015 0.065
 0.105 0.185 0.16 0.185 0.07 0.07 0.035 0.08 0.02 0.025 0.015 0.05
 0.1 0.175 0.18 0.18 0.1 0.065 0.05 0.03 0.03 0.04 0.015 0.035
 0.095 0.125 0.18 0.205 0.115 0.1 0.065 0.015 0.05 0.015 0.01 0.025
 0.14 0.17 0.12 0.155 0.16 0.03 0.045 0.04 0.025 0.03 0.02 0.065
 0.13 0.185 0.185 0.11 0.145 0.09 0.05 0.025 0.025 0.025 0.005 0.025
 0.13 0.245 0.145 0.145 0.07 0.095 0.055 0.025 0.015 0.025 0.01 0.04
 0.115 0.245 0.205 0.1 0.115 0.05 0.045 0.045 0.035 0.01 0.01 0.025
 0.105 0.19 0.21 0.2 0.075 0.085 0.04 0.04 0.01 0.005 0.02 0.02
 0.15 0.185 0.22 0.145 0.145 0.05 0.05 0.005 0.005 0.025 0.01 0.01
 0.1 0.255 0.17 0.2 0.09 0.085 0.035 0.05 0 0 0.01 0.005
 0.1 0.2 0.255 0.11 0.115 0.085 0.065 0.01 0.015 0.03 0.01 0.005
 0.175 0.19 0.18 0.21 0.055 0.065 0.035 0.05 0.015 0.01 0.005 0.01
 0.215 0.21 0.17 0.13 0.13 0.045 0.04 0.025 0.025 0.005 0 0.005
 0.135 0.32 0.255 0.12 0.045 0.08 0.01 0.01 0.005 0.01 0 0.01
# olc_fsh

# wt_fsh
 0.000530656 0.00119633 0.00205827 0.00303499 0.00405521 0.0050647 0.00602623 0.00691692 0.00772489 0.00844611 0.00908185 0.0096367
 0.000530656 0.00119633 0.00205827 0.00303499 0.00405521 0.0050647 0.00602623 0.00691692 0.00772489 0.00844611 0.00908185 0.0096367
 0.000530656 0.00119633 0.00205827 0.00303499 0.00405521 0.0050647 0.00602623 0.00691692 0.00772489 0.00844611 0.00908185 0.0096367
 0.000530656 0.00119633 0.00205827 0.00303499 0.00405521 0.0050647 0.00602623 0.00691692 0.00772489 0.00844611 0.00908185 0.0096367
 0.000530656 0.00119633 0.00205827 0.00303499 0.00405521 0.0050647 0.00602623 0.00691692 0.00772489 0.00844611 0.00908185 0.0096367
 0.000530656 0.00119633 0.00205827 0.00303499 0.00405521 0.0050647 0.00602623 0.00691692 0.00772489 0.00844611 0.00908185 0.0096367
 0.000530656 0.00119633 0.00205827 0.00303499 0.00405521 0.0050647 0.00602623 0.00691692 0.00772489 0.00844611 0.00908185 0.0096367
 0.000530656 0.00119633 0.00205827 0.00303499 0.00405521 0.0050647 0.00602623 0.00691692 0.00772489 0.00844611 0.00908185 0.0096367
 0.000530656 0.00119633 0.00205827 0.00303499 0.00405521 0.0050647 0.00602623 0.00691692 0.00772489 0.00844611 0.00908185 0.0096367
 0.000530656 0.00119633 0.00205827 0.00303499 0.00405521 0.0050647 0.00602623 0.00691692 0.00772489 0.00844611 0.00908185 0.0096367
 0.000530656 0.00119633 0.00205827 0.00303499 0.00405521 0.0050647 0.00602623 0.00691692 0.00772489 0.00844611 0.00908185 0.0096367
 0.000530656 0.00119633 0.00205827 0.00303499 0.00405521 0.0050647 0.00602623 0.00691692 0.00772489 0.00844611 0.00908185 0.0096367
 0.000530656 0.00119633 0.00205827 0.00303499 0.00405521 0.0050647 0.00602623 0.00691692 0.00772489 0.00844611 0.00908185 0.0096367
 0.000530656 0.00119633 0.00205827 0.00303499 0.00405521 0.0050647 0.00602623 0.00691692 0.00772489 0.00844611 0.00908185 0.0096367
 0.000530656 0.00119633 0.00205827 0.00303499 0.00405521 0.0050647 0.00602623 0.00691692 0.00772489 0.00844611 0.00908185 0.0096367
 0.000530656 0.00119633 0.00205827 0.00303499 0.00405521 0.0050647 0.00602623 0.00691692 0.00772489 0.00844611 0.00908185 0.0096367
 0.000530656 0.00119633 0.00205827 0.00303499 0.00405521 0.0050647 0.00602623 0.00691692 0.00772489 0.00844611 0.00908185 0.0096367
 0.000530656 0.00119633 0.00205827 0.00303499 0.00405521 0.0050647 0.00602623 0.00691692 0.00772489 0.00844611 0.00908185 0.0096367
 0.000530656 0.00119633 0.00205827 0.00303499 0.00405521 0.0050647 0.00602623 0.00691692 0.00772489 0.00844611 0.00908185 0.0096367
 0.000530656 0.00119633 0.00205827 0.00303499 0.00405521 0.0050647 0.00602623 0.00691692 0.00772489 0.00844611 0.00908185 0.0096367
 0.000530656 0.00119633 0.00205827 0.00303499 0.00405521 0.0050647 0.00602623 0.00691692 0.00772489 0.00844611 0.00908185 0.0096367
 0.000530656 0.00119633 0.00205827 0.00303499 0.00405521 0.0050647 0.00602623 0.00691692 0.00772489 0.00844611 0.00908185 0.0096367
 0.000530656 0.00119633 0.00205827 0.00303499 0.00405521 0.0050647 0.00602623 0.00691692 0.00772489 0.00844611 0.00908185 0.0096367
 0.000530656 0.00119633 0.00205827 0.00303499 0.00405521 0.0050647 0.00602623 0.00691692 0.00772489 0.00844611 0.00908185 0.0096367
 0.000530656 0.00119633 0.00205827 0.00303499 0.00405521 0.0050647 0.00602623 0.00691692 0.00772489 0.00844611 0.00908185 0.0096367
 0.000530656 0.00119633 0.00205827 0.00303499 0.00405521 0.0050647 0.00602623 0.00691692 0.00772489 0.00844611 0.00908185 0.0096367
 0.000530656 0.00119633 0.00205827 0.00303499 0.00405521 0.0050647 0.00602623 0.00691692 0.00772489 0.00844611 0.00908185 0.0096367
 0.000530656 0.00119633 0.00205827 0.00303499 0.00405521 0.0050647 0.00602623 0.00691692 0.00772489 0.00844611 0.00908185 0.0096367
 0.000530656 0.00119633 0.00205827 0.00303499 0.00405521 0.0050647 0.00602623 0.00691692 0.00772489 0.00844611 0.00908185 0.0096367
 0.000530656 0.00119633 0.00205827 0.00303499 0.00405521 0.0050647 0.00602623 0.00691692 0.00772489 0.00844611 0.00908185 0.0096367
# nyrs_ind_age
 30
# yrs_ind_age
 1 2 3 4 5 6 7 8 9 10 11 12 13 14 15 16 17 18 19 20 21 22 23 24 25 26 27 28 29 30
# n_sample_ind_age
 200 200 200 200 200 200 200 200 200 200 200 200 200 200 200 200 200 200 200 200 200 200 200 200 200 200 200 200 200 200
# oac_ind
 0.07 0.135 0.15 0.145 0.11 0.065 0.04 0.06 0.04 0.045 0.02 0.12
 0.07 0.14 0.115 0.15 0.145 0.055 0.065 0.055 0.035 0.04 0.025 0.105
 0.03 0.165 0.15 0.145 0.08 0.11 0.06 0.03 0.06 0.015 0.035 0.12
 0.025 0.17 0.175 0.11 0.11 0.045 0.09 0.06 0.045 0.05 0.005 0.115
 0.09 0.135 0.155 0.11 0.08 0.075 0.105 0.05 0.03 0.035 0.025 0.11
 0.1 0.17 0.12 0.12 0.095 0.095 0.045 0.045 0.045 0.03 0.02 0.115
 0.05 0.23 0.175 0.065 0.095 0.075 0.03 0.06 0.045 0.04 0.045 0.09
 0.085 0.11 0.16 0.135 0.035 0.09 0.085 0.06 0.055 0.03 0.035 0.12
 0.075 0.17 0.14 0.16 0.165 0.035 0.025 0.07 0.05 0.02 0.02 0.07
 0.08 0.13 0.195 0.14 0.125 0.105 0.045 0.04 0.04 0.02 0.02 0.06
 0.065 0.165 0.195 0.115 0.09 0.105 0.075 0.015 0.05 0.035 0 0.09
 0.08 0.14 0.18 0.115 0.17 0.065 0.06 0.04 0.03 0.02 0.02 0.08
 0.05 0.165 0.24 0.15 0.08 0.085 0.035 0.06 0.03 0.03 0.005 0.07
 0.085 0.165 0.18 0.14 0.135 0.075 0.055 0.04 0.04 0.005 0.01 0.07
 0.105 0.195 0.185 0.13 0.105 0.08 0.045 0.045 0.02 0.025 0.005 0.06
 0.125 0.195 0.18 0.185 0.07 0.085 0.055 0.02 0.03 0.01 0.015 0.03
 0.095 0.195 0.215 0.14 0.085 0.085 0.05 0.05 0.03 0.01 0 0.045
 0.055 0.24 0.215 0.14 0.105 0.085 0.05 0.015 0.02 0.025 0.01 0.04
 0.07 0.14 0.28 0.15 0.095 0.08 0.035 0.015 0.045 0.015 0.015 0.06
 0.115 0.185 0.145 0.175 0.14 0.05 0.055 0.025 0.01 0.045 0.025 0.03
 0.145 0.175 0.215 0.115 0.135 0.105 0.03 0.035 0.005 0.005 0.01 0.025
 0.075 0.235 0.23 0.17 0.085 0.07 0.045 0.02 0.02 0.015 0.005 0.03
 0.12 0.29 0.23 0.14 0.085 0.03 0.03 0.025 0.02 0.01 0.01 0.01
 0.08 0.235 0.285 0.18 0.075 0.025 0.035 0.025 0.025 0.02 0.01 0.005
 0.13 0.23 0.175 0.215 0.08 0.065 0.025 0.02 0.015 0.01 0.01 0.025
 0.095 0.29 0.15 0.18 0.09 0.085 0.04 0.025 0.03 0.015 0 0
 0.115 0.14 0.235 0.17 0.14 0.105 0.04 0.015 0.01 0 0.01 0.02
 0.11 0.24 0.245 0.205 0.07 0.045 0.035 0.01 0.015 0 0.015 0.01
 0.175 0.29 0.2 0.11 0.08 0.07 0.02 0.02 0.025 0 0.005 0.005
 0.115 0.32 0.23 0.12 0.09 0.055 0.045 0.005 0.005 0 0 0.015
# olc_ind

# obs_lse_ind
 0.198042 0.198042 0.198042 0.198042 0.198042 0.198042 0.198042 0.198042 0.198042 0.198042 0.198042 0.198042 0.198042 0.198042 0.198042 0.198042 0.198042 0.198042 0.198042 0.198042 0.198042 0.198042 0.198042 0.198042 0.198042 0.198042 0.198042 0.198042 0.198042 0.198042
# xages_fsh
 0 0 0 0 0 0 0 0 0 0 0 0
# xages_fsh
 0 0.0909091 0.181818 0.272727 0.363636 0.454545 0.545455 0.636364 0.727273 0.818182 0.909091 1
# xnodes_fsh

Yrs fsh_sel change:  1 0 0 0 0 0 0 0 0 0 0 0 0 0 0 0 0 0 0 0 0 0 0 0 0 0 0 0 0
Yrs ind_sel change:  1 0 0 0 0 0 0 0 0 0 0 0 0 0 0 0 0 0 0 0 0 0 0 0 0 0 0 0 0
# steepnessprior
0.75
# sigmarprior
0.2
#  SSB estimated in styr endyr: -12 28 
#  Rec estimated in styr endyr: -10 30 
#  SR Curve fit  in styr endyr: 1 30 
#             Model styr endyr: 1 30 
# qprior
 3.48998e-007
# q_power_prior 
 1 
# cv_catchbiomass 
0.05 
# CatchbiomassPen 
200 
# Number of projection years 
5 
# offset_fsh
 13416.4
# offset_ind
 13108.8
Mean Catch
1276.93
R_guess 
13.8155
# nfsh
1
# n_sel_ch_fsh
 1
# nselages_fsh
 11
# phase_selcoff_fsh
 -1
logRzero 13.8155
logmeanrec 13.8155
exp(log_sigmarprior 0.2
Fish sel phase: -1 OM1
Fixing fishery sel to
1
Fixing fishery sel to
1
Srvy sel phase: -1
Fixing survey_index1 indices sel to
1
Fixing index sel to
1
# logsel_slp_in_indv
 0.693147
Leaving parameter init secton
# M
 0.2 0.2 0.2 0.2 0.2 0.2 0.2 0.2 0.2 0.2 0.2 0.2
 0.2 0.2 0.2 0.2 0.2 0.2 0.2 0.2 0.2 0.2 0.2 0.2
 0.2 0.2 0.2 0.2 0.2 0.2 0.2 0.2 0.2 0.2 0.2 0.2
 0.2 0.2 0.2 0.2 0.2 0.2 0.2 0.2 0.2 0.2 0.2 0.2
 0.2 0.2 0.2 0.2 0.2 0.2 0.2 0.2 0.2 0.2 0.2 0.2
 0.2 0.2 0.2 0.2 0.2 0.2 0.2 0.2 0.2 0.2 0.2 0.2
 0.2 0.2 0.2 0.2 0.2 0.2 0.2 0.2 0.2 0.2 0.2 0.2
 0.2 0.2 0.2 0.2 0.2 0.2 0.2 0.2 0.2 0.2 0.2 0.2
 0.2 0.2 0.2 0.2 0.2 0.2 0.2 0.2 0.2 0.2 0.2 0.2
 0.2 0.2 0.2 0.2 0.2 0.2 0.2 0.2 0.2 0.2 0.2 0.2
 0.2 0.2 0.2 0.2 0.2 0.2 0.2 0.2 0.2 0.2 0.2 0.2
 0.2 0.2 0.2 0.2 0.2 0.2 0.2 0.2 0.2 0.2 0.2 0.2
 0.2 0.2 0.2 0.2 0.2 0.2 0.2 0.2 0.2 0.2 0.2 0.2
 0.2 0.2 0.2 0.2 0.2 0.2 0.2 0.2 0.2 0.2 0.2 0.2
 0.2 0.2 0.2 0.2 0.2 0.2 0.2 0.2 0.2 0.2 0.2 0.2
 0.2 0.2 0.2 0.2 0.2 0.2 0.2 0.2 0.2 0.2 0.2 0.2
 0.2 0.2 0.2 0.2 0.2 0.2 0.2 0.2 0.2 0.2 0.2 0.2
 0.2 0.2 0.2 0.2 0.2 0.2 0.2 0.2 0.2 0.2 0.2 0.2
 0.2 0.2 0.2 0.2 0.2 0.2 0.2 0.2 0.2 0.2 0.2 0.2
 0.2 0.2 0.2 0.2 0.2 0.2 0.2 0.2 0.2 0.2 0.2 0.2
 0.2 0.2 0.2 0.2 0.2 0.2 0.2 0.2 0.2 0.2 0.2 0.2
 0.2 0.2 0.2 0.2 0.2 0.2 0.2 0.2 0.2 0.2 0.2 0.2
 0.2 0.2 0.2 0.2 0.2 0.2 0.2 0.2 0.2 0.2 0.2 0.2
 0.2 0.2 0.2 0.2 0.2 0.2 0.2 0.2 0.2 0.2 0.2 0.2
 0.2 0.2 0.2 0.2 0.2 0.2 0.2 0.2 0.2 0.2 0.2 0.2
 0.2 0.2 0.2 0.2 0.2 0.2 0.2 0.2 0.2 0.2 0.2 0.2
 0.2 0.2 0.2 0.2 0.2 0.2 0.2 0.2 0.2 0.2 0.2 0.2
 0.2 0.2 0.2 0.2 0.2 0.2 0.2 0.2 0.2 0.2 0.2 0.2
 0.2 0.2 0.2 0.2 0.2 0.2 0.2 0.2 0.2 0.2 0.2 0.2
 0.2 0.2 0.2 0.2 0.2 0.2 0.2 0.2 0.2 0.2 0.2 0.2
# mean_log_rec
13.739
# log_Rzero
13.8098
# rec_dev
 -0.0214825 -0.0318619 0.0493499 -0.0846557 -0.217109 0.0270345 -0.0197641 -0.00887568 0.208003 0.0639484 0.13021 0.0219783 0.246603 0.03826 -0.1648 0.301597 0.383251 -0.000536218 0.187173 0.0148514 0.202836 0.0660861 -0.0203664 -0.0948406 0.0450616 0.0027614 0.149714 0.0848914 -0.37081 -0.151211 -0.227655 0.0286225 -0.0493528 -0.180518 -0.428825 -0.121388 -0.475099 -0.418119 -0.194529 0.0148434 -0.350167
# fmort
 0.00935112 0.0272641 0.0459694 0.0614823 0.0495192 0.0889625 0.0902351 0.192061 0.111975 0.137057 0.154743 0.165103 0.118567 0.173945 0.184377 0.165291 0.318793 0.263428 0.260419 0.257343 0.35192 0.257273 0.419941 0.348132 0.343957 0.315171 0.310007 0.435575 0.335286 0.513474
# rec_dev_future
 0 0 0 0 0
