AMAK;August_2013
# styr
1
# endyr
30
# rec_age
1
# oldest_age
12
# nlength
81
# len_bins
 10 11 12 13 14 15 16 17 18 19 20 21 22 23 24 25 26 27 28 29 30 31 32 33 34 35 36 37 38 39 40 41 42 43 44 45 46 47 48 49 50 51 52 53 54 55 56 57 58 59 60 61 62 63 64 65 66 67 68 69 70 71 72 73 74 75 76 77 78 79 80 81 82 83 84 85 86 87 88 89 90
# datafile_name
amak_data.dat
# model_name
OM_1
# styr
1
# endyr
30
# rec_age
1
# oldest_age
12
# nfsh
1
# fshname
OM1
# catch_bio_in
 161.036 470.991 763.422 1003.73 768.846 1327.65 1276.27 2482.56 1340.74 1516.14 1624.72 1618.69 1101.93 1536.74 1479.91 1275.51 2244.91 1605.09 1466.49 1315.55 1627.09 1075.27 1628.35 1202 1119.3 971.618 932.496 1207.14 866.79 1276.4
# catch_bio_sd_in
 0.01 0.01 0.01 0.01 0.01 0.01 0.01 0.01 0.01 0.01 0.01 0.01 0.01 0.01 0.01 0.01 0.01 0.01 0.01 0.01 0.01 0.01 0.01 0.01 0.01 0.01 0.01 0.01 0.01 0.01
# nyrs_fsh_age
 30
# nyrs_fsh_length
 0
# yrs_fsh_age_in
 1 2 3 4 5 6 7 8 9 10 11 12 13 14 15 16 17 18 19 20 21 22 23 24 25 26 27 28 29 30
# yrs_fsh_length_in

# n_sample_fsh_length_in

# olc_fsh_in

# nind
1
# indname
survey_index1
# nyrs_ind
 30
# yrs_ind_in
 1 2 3 4 5 6 7 8 9 10 11 12 13 14 15 16 17 18 19 20 21 22 23 24 25 26 27 28 29 30
# mo_ind
 1
# obs_ind_in
 1.6328 1.45363 1.52416 1.79335 1.5641 1.47668 1.6665 1.36285 1.27234 1.18727 1.07338 1.07933 1.19797 1.14842 1.01606 0.856214 0.897113 0.823955 0.765532 0.644747 0.791922 0.665069 0.624233 0.560431 0.68882 0.457483 0.495284 0.502287 0.501331 0.540385
# obs_se_ind_in
 0.32656 0.290725 0.304831 0.358671 0.31282 0.295337 0.3333 0.27257 0.254468 0.237453 0.214676 0.215866 0.239593 0.229685 0.203212 0.171243 0.179423 0.164791 0.153106 0.128949 0.158384 0.133014 0.124847 0.112086 0.137764 0.0914967 0.0990568 0.100457 0.100266 0.108077
# nyrs_ind_age
 30
# nyrs_ind_length
 0
# yrs_ind_age_in
 1 2 3 4 5 6 7 8 9 10 11 12 13 14 15 16 17 18 19 20 21 22 23 24 25 26 27 28 29 30
# yrs_ind_length_in

# yrs_ind_age_in
 1 2 3 4 5 6 7 8 9 10 11 12 13 14 15 16 17 18 19 20 21 22 23 24 25 26 27 28 29 30
# n_sample_ind_length_in

# olc_ind_in

# oac_ind_in
 0.1 0.13 0.135 0.135 0.105 0.065 0.07 0.05 0.05 0.025 0.035 0.1
 0.07 0.135 0.15 0.18 0.08 0.07 0.065 0.06 0.05 0.035 0.015 0.09
 0.06 0.16 0.115 0.12 0.11 0.13 0.05 0.06 0.04 0.025 0.02 0.11
 0.08 0.15 0.14 0.14 0.08 0.075 0.07 0.07 0.025 0.055 0.015 0.1
 0.155 0.125 0.095 0.12 0.1 0.11 0.065 0.055 0.015 0.01 0.045 0.105
 0.09 0.185 0.115 0.12 0.135 0.095 0.055 0.04 0.035 0.035 0.03 0.065
 0.09 0.215 0.18 0.09 0.08 0.11 0.025 0.04 0.035 0.02 0.03 0.085
 0.065 0.13 0.255 0.135 0.075 0.055 0.065 0.05 0.02 0.01 0.055 0.085
 0.095 0.145 0.115 0.145 0.155 0.075 0.04 0.04 0.035 0.045 0.015 0.095
 0.075 0.145 0.24 0.12 0.085 0.09 0.03 0.03 0.045 0.015 0.03 0.095
 0.07 0.22 0.205 0.135 0.085 0.075 0.04 0.025 0.015 0.04 0.015 0.075
 0.07 0.195 0.17 0.14 0.135 0.045 0.045 0.065 0.02 0.005 0.02 0.09
 0.035 0.165 0.19 0.105 0.145 0.045 0.06 0.08 0.04 0.03 0.02 0.085
 0.07 0.175 0.19 0.175 0.085 0.07 0.065 0.025 0.035 0.04 0.015 0.055
 0.085 0.2 0.17 0.15 0.09 0.1 0.02 0.055 0.02 0.035 0.015 0.06
 0.095 0.16 0.2 0.105 0.14 0.06 0.07 0.03 0.03 0.03 0.015 0.065
 0.08 0.215 0.23 0.145 0.09 0.045 0.065 0.04 0.015 0.035 0.005 0.035
 0.03 0.245 0.285 0.105 0.115 0.04 0.04 0.03 0.03 0.015 0.005 0.06
 0.11 0.125 0.245 0.165 0.065 0.1 0.04 0.02 0.025 0.025 0.03 0.05
 0.085 0.22 0.205 0.18 0.085 0.03 0.065 0.045 0.03 0.015 0.01 0.03
 0.11 0.2 0.185 0.15 0.135 0.07 0.035 0.035 0.03 0.02 0.015 0.015
 0.17 0.305 0.17 0.125 0.065 0.055 0.025 0.01 0.025 0.01 0.015 0.025
 0.095 0.245 0.28 0.085 0.085 0.04 0.06 0.04 0.025 0.005 0 0.04
 0.095 0.215 0.26 0.16 0.09 0.07 0.02 0.03 0.03 0.01 0.01 0.01
 0.16 0.2 0.2 0.155 0.12 0.06 0.035 0.025 0.015 0.015 0.01 0.005
 0.15 0.24 0.205 0.1 0.15 0.075 0.025 0.015 0.005 0.015 0.01 0.01
 0.12 0.25 0.26 0.115 0.1 0.07 0.04 0.005 0.005 0.01 0.01 0.015
 0.165 0.195 0.195 0.215 0.085 0.045 0.045 0.015 0.015 0.005 0.01 0.01
 0.145 0.21 0.215 0.135 0.15 0.055 0.03 0.03 0.01 0.005 0.005 0.01
 0.115 0.275 0.24 0.12 0.105 0.06 0.025 0.015 0.02 0.02 0 0.005
# wt_ind
 1 1 1 1 1 1 1 1 1 1 1 1
 1 1 1 1 1 1 1 1 1 1 1 1
 1 1 1 1 1 1 1 1 1 1 1 1
 1 1 1 1 1 1 1 1 1 1 1 1
 1 1 1 1 1 1 1 1 1 1 1 1
 1 1 1 1 1 1 1 1 1 1 1 1
 1 1 1 1 1 1 1 1 1 1 1 1
 1 1 1 1 1 1 1 1 1 1 1 1
 1 1 1 1 1 1 1 1 1 1 1 1
 1 1 1 1 1 1 1 1 1 1 1 1
 1 1 1 1 1 1 1 1 1 1 1 1
 1 1 1 1 1 1 1 1 1 1 1 1
 1 1 1 1 1 1 1 1 1 1 1 1
 1 1 1 1 1 1 1 1 1 1 1 1
 1 1 1 1 1 1 1 1 1 1 1 1
 1 1 1 1 1 1 1 1 1 1 1 1
 1 1 1 1 1 1 1 1 1 1 1 1
 1 1 1 1 1 1 1 1 1 1 1 1
 1 1 1 1 1 1 1 1 1 1 1 1
 1 1 1 1 1 1 1 1 1 1 1 1
 1 1 1 1 1 1 1 1 1 1 1 1
 1 1 1 1 1 1 1 1 1 1 1 1
 1 1 1 1 1 1 1 1 1 1 1 1
 1 1 1 1 1 1 1 1 1 1 1 1
 1 1 1 1 1 1 1 1 1 1 1 1
 1 1 1 1 1 1 1 1 1 1 1 1
 1 1 1 1 1 1 1 1 1 1 1 1
 1 1 1 1 1 1 1 1 1 1 1 1
 1 1 1 1 1 1 1 1 1 1 1 1
 1 1 1 1 1 1 1 1 1 1 1 1
# wt_pop
 0.000530656 0.00119633 0.00205827 0.00303499 0.00405521 0.0050647 0.00602623 0.00691692 0.00772489 0.00844611 0.00908185 0.0096367
# maturity
 0.0229774 0.320821 0.904651 0.99478 0.999739 0.999987 0.999999 1 1 1 1 1
# spawnmo
1
# age_err
 1 0 0 0 0 0 0 0 0 0 0 0
 0 1 0 0 0 0 0 0 0 0 0 0
 0 0 1 0 0 0 0 0 0 0 0 0
 0 0 0 1 0 0 0 0 0 0 0 0
 0 0 0 0 1 0 0 0 0 0 0 0
 0 0 0 0 0 1 0 0 0 0 0 0
 0 0 0 0 0 0 1 0 0 0 0 0
 0 0 0 0 0 0 0 1 0 0 0 0
 0 0 0 0 0 0 0 0 1 0 0 0
 0 0 0 0 0 0 0 0 0 1 0 0
 0 0 0 0 0 0 0 0 0 0 1 0
 0 0 0 0 0 0 0 0 0 0 0 1
# cntrlfile_name
C:\Users\bai.li\Desktop\s1_test\AMAK\s84\amak.dat
# Map shared selectivity: 
# sel_map
 1 2
 1 1
# datafile_name
amak_data.dat
# model_name
OM_1
# SrType
2
# use_age_err
0
# retro
0
# sigmarprior
0.2
# cvsigmarprior
0.25
# phase_sigmar
-3
# styr_rec_est
1
# endyr_rec_est
30
# Linfprior
80
# cvLinfprior
0.25
# kprior
0.18
# cvkprior
0.25
# Loprior
27.688
# cvLoprior
0.25
# sdageprior
0.1
# cvsdageprior
0.25
# natmortprior
0.2
# cvnatmortprior
0.25
# phase_M
-4
# npars_Mage
0
# ages_M_changes

# Mage_in

# phase_Mage
-5
# phase_rw_M
0
# npars_rw_M
0
# yrs_rw_M

# sigma_rw_M

# qprior
 3.48998e-007
# cvqprior
 1
# phase_q
 1
# q_power_prior
 1
# cvq_power_prior
 0.2
# phase_q_power
 -4
# phase_rw_q
 -1
# npars_rw_q
 0
# yrs_rw_q

# sigma_rw_q

# q_age_min
 1
# q_age_max
 12
# q_age_min
 1
# q_age_max
 12
# fsh_sel_opt(k)
2
# phase_sel_fsh(k)
-2
# n_sel_ch_fsh(k)
1
# sel_slp_in_fsh(k)(1,n_sel_ch_fsh(k))
 1
# sel_inf_in_fsh(k)(1,n_sel_ch_fsh(k))
 2
# logsel_slp_in_fsh(k)(1,n_sel_ch_fsh(k))
 0
# yrs_sel_ch_fsh(k)(1,n_sel_ch_fsh(k))
 1

Survey survey_index1
# ind_sel_opt(k)
2
# indname(k)
survey_index1
# nselages_in_ind(k)
11
# phase_sel_ind(k)
-2
# sel_change_in_ind(k)
 1 0 0 0 0 0 0 0 0 0 0 0 0 0 0 0 0 0 0 0 0 0 0 0 0 0 0 0 0 0
# n_sel_ch_ind(k)
1
# yrs_sel_ch_ind(k)(1,n_sel_ch_ind(k))
 1
# sel_slp_in_ind(k,1)
2
# sel_inf_in_ind(k,1)
1.5
# logsel_slp_in_ind(k,1)
0.693147
# logsel_slp_in_indv(k)
0.693147
survey_index1 ind sel opt 2  1 0 0 0 0 0 0 0 0 0 0 0 0 0 0 0 0 0 0 0 0 0 0 0 0 0 0 0 0 0
Phase indices Sel_Coffs:  -1
 Test: 1.23457e+008
# Fshry Selages:  11
# Srvy  Selages:  11
# Phase for age-spec fishery  -1
# Phase for logistic fishery  -2
# Phase for dble logistic fishery  -1
# Phase for age-spec indices   -1
# Phase for logistic indices   -2
# Phase for dble logistic ind  -1
# Curv_pen_fsh: 
 0
# Curv_pen_ind: 
 0
# styr_fut
31
# endyr_fut
35
# nyrs_fsh_age
 30
# nyrs_fsh_age
 30
# yrs_fsh_age
 1 2 3 4 5 6 7 8 9 10 11 12 13 14 15 16 17 18 19 20 21 22 23 24 25 26 27 28 29 30
# n_sample_fsh_age
 200 200 200 200 200 200 200 200 200 200 200 200 200 200 200 200 200 200 200 200 200 200 200 200 200 200 200 200 200 200
# oac_fsh
 0.045 0.11 0.155 0.13 0.14 0.09 0.05 0.025 0.055 0.01 0.04 0.15
 0.085 0.135 0.135 0.15 0.09 0.085 0.07 0.06 0.02 0.05 0.01 0.11
 0.07 0.065 0.13 0.14 0.06 0.11 0.055 0.06 0.04 0.055 0.03 0.185
 0.065 0.085 0.175 0.09 0.14 0.115 0.045 0.04 0.04 0.04 0.025 0.14
 0.06 0.1 0.12 0.195 0.11 0.06 0.075 0.065 0.055 0.015 0.025 0.12
 0.11 0.15 0.115 0.105 0.075 0.075 0.06 0.03 0.05 0.045 0.015 0.17
 0.06 0.11 0.185 0.12 0.095 0.085 0.08 0.035 0.04 0.035 0.015 0.14
 0.09 0.08 0.185 0.17 0.115 0.065 0.06 0.06 0.055 0.025 0.01 0.085
 0.095 0.11 0.135 0.15 0.155 0.055 0.05 0.045 0.04 0.035 0.015 0.115
 0.105 0.09 0.165 0.105 0.13 0.09 0.07 0.04 0.03 0.02 0.02 0.135
 0.085 0.16 0.07 0.14 0.12 0.11 0.06 0.015 0.03 0.04 0.025 0.145
 0.07 0.13 0.165 0.095 0.135 0.105 0.075 0.04 0.015 0.035 0.03 0.105
 0.065 0.11 0.17 0.2 0.1 0.12 0.065 0.03 0.025 0.025 0.03 0.06
 0.125 0.115 0.13 0.205 0.11 0.06 0.075 0.04 0.05 0.025 0.015 0.05
 0.105 0.175 0.135 0.115 0.105 0.085 0.09 0.045 0.025 0.02 0.025 0.075
 0.125 0.135 0.215 0.15 0.075 0.07 0.07 0.03 0.055 0.01 0.02 0.045
 0.135 0.145 0.19 0.12 0.14 0.085 0.04 0.04 0.035 0.02 0.01 0.04
 0.105 0.17 0.24 0.12 0.11 0.075 0.035 0.045 0.035 0.015 0.005 0.045
 0.08 0.155 0.21 0.225 0.105 0.075 0.04 0.025 0.03 0.015 0.015 0.025
 0.12 0.21 0.15 0.145 0.12 0.09 0.05 0.01 0.045 0.015 0.015 0.03
 0.165 0.185 0.16 0.135 0.135 0.075 0.03 0.04 0.02 0.01 0.005 0.04
 0.16 0.28 0.135 0.15 0.07 0.06 0.045 0.04 0.02 0.015 0.005 0.02
 0.085 0.21 0.205 0.155 0.125 0.075 0.05 0.05 0.01 0.005 0.005 0.025
 0.095 0.215 0.25 0.21 0.07 0.055 0.015 0.04 0.02 0.015 0.005 0.01
 0.145 0.145 0.215 0.175 0.155 0.05 0.02 0.02 0.03 0.025 0 0.02
 0.095 0.175 0.24 0.14 0.175 0.06 0.04 0.025 0.005 0.015 0.005 0.025
 0.165 0.15 0.265 0.16 0.095 0.07 0.035 0.01 0.015 0.015 0.005 0.015
 0.16 0.205 0.17 0.15 0.08 0.105 0.06 0.03 0.025 0.005 0.005 0.005
 0.155 0.255 0.22 0.1 0.12 0.06 0.04 0.02 0.015 0.005 0 0.01
 0.19 0.275 0.225 0.125 0.04 0.045 0.04 0.01 0.015 0.02 0.005 0.01
# olc_fsh

# wt_fsh
 0.000530656 0.00119633 0.00205827 0.00303499 0.00405521 0.0050647 0.00602623 0.00691692 0.00772489 0.00844611 0.00908185 0.0096367
 0.000530656 0.00119633 0.00205827 0.00303499 0.00405521 0.0050647 0.00602623 0.00691692 0.00772489 0.00844611 0.00908185 0.0096367
 0.000530656 0.00119633 0.00205827 0.00303499 0.00405521 0.0050647 0.00602623 0.00691692 0.00772489 0.00844611 0.00908185 0.0096367
 0.000530656 0.00119633 0.00205827 0.00303499 0.00405521 0.0050647 0.00602623 0.00691692 0.00772489 0.00844611 0.00908185 0.0096367
 0.000530656 0.00119633 0.00205827 0.00303499 0.00405521 0.0050647 0.00602623 0.00691692 0.00772489 0.00844611 0.00908185 0.0096367
 0.000530656 0.00119633 0.00205827 0.00303499 0.00405521 0.0050647 0.00602623 0.00691692 0.00772489 0.00844611 0.00908185 0.0096367
 0.000530656 0.00119633 0.00205827 0.00303499 0.00405521 0.0050647 0.00602623 0.00691692 0.00772489 0.00844611 0.00908185 0.0096367
 0.000530656 0.00119633 0.00205827 0.00303499 0.00405521 0.0050647 0.00602623 0.00691692 0.00772489 0.00844611 0.00908185 0.0096367
 0.000530656 0.00119633 0.00205827 0.00303499 0.00405521 0.0050647 0.00602623 0.00691692 0.00772489 0.00844611 0.00908185 0.0096367
 0.000530656 0.00119633 0.00205827 0.00303499 0.00405521 0.0050647 0.00602623 0.00691692 0.00772489 0.00844611 0.00908185 0.0096367
 0.000530656 0.00119633 0.00205827 0.00303499 0.00405521 0.0050647 0.00602623 0.00691692 0.00772489 0.00844611 0.00908185 0.0096367
 0.000530656 0.00119633 0.00205827 0.00303499 0.00405521 0.0050647 0.00602623 0.00691692 0.00772489 0.00844611 0.00908185 0.0096367
 0.000530656 0.00119633 0.00205827 0.00303499 0.00405521 0.0050647 0.00602623 0.00691692 0.00772489 0.00844611 0.00908185 0.0096367
 0.000530656 0.00119633 0.00205827 0.00303499 0.00405521 0.0050647 0.00602623 0.00691692 0.00772489 0.00844611 0.00908185 0.0096367
 0.000530656 0.00119633 0.00205827 0.00303499 0.00405521 0.0050647 0.00602623 0.00691692 0.00772489 0.00844611 0.00908185 0.0096367
 0.000530656 0.00119633 0.00205827 0.00303499 0.00405521 0.0050647 0.00602623 0.00691692 0.00772489 0.00844611 0.00908185 0.0096367
 0.000530656 0.00119633 0.00205827 0.00303499 0.00405521 0.0050647 0.00602623 0.00691692 0.00772489 0.00844611 0.00908185 0.0096367
 0.000530656 0.00119633 0.00205827 0.00303499 0.00405521 0.0050647 0.00602623 0.00691692 0.00772489 0.00844611 0.00908185 0.0096367
 0.000530656 0.00119633 0.00205827 0.00303499 0.00405521 0.0050647 0.00602623 0.00691692 0.00772489 0.00844611 0.00908185 0.0096367
 0.000530656 0.00119633 0.00205827 0.00303499 0.00405521 0.0050647 0.00602623 0.00691692 0.00772489 0.00844611 0.00908185 0.0096367
 0.000530656 0.00119633 0.00205827 0.00303499 0.00405521 0.0050647 0.00602623 0.00691692 0.00772489 0.00844611 0.00908185 0.0096367
 0.000530656 0.00119633 0.00205827 0.00303499 0.00405521 0.0050647 0.00602623 0.00691692 0.00772489 0.00844611 0.00908185 0.0096367
 0.000530656 0.00119633 0.00205827 0.00303499 0.00405521 0.0050647 0.00602623 0.00691692 0.00772489 0.00844611 0.00908185 0.0096367
 0.000530656 0.00119633 0.00205827 0.00303499 0.00405521 0.0050647 0.00602623 0.00691692 0.00772489 0.00844611 0.00908185 0.0096367
 0.000530656 0.00119633 0.00205827 0.00303499 0.00405521 0.0050647 0.00602623 0.00691692 0.00772489 0.00844611 0.00908185 0.0096367
 0.000530656 0.00119633 0.00205827 0.00303499 0.00405521 0.0050647 0.00602623 0.00691692 0.00772489 0.00844611 0.00908185 0.0096367
 0.000530656 0.00119633 0.00205827 0.00303499 0.00405521 0.0050647 0.00602623 0.00691692 0.00772489 0.00844611 0.00908185 0.0096367
 0.000530656 0.00119633 0.00205827 0.00303499 0.00405521 0.0050647 0.00602623 0.00691692 0.00772489 0.00844611 0.00908185 0.0096367
 0.000530656 0.00119633 0.00205827 0.00303499 0.00405521 0.0050647 0.00602623 0.00691692 0.00772489 0.00844611 0.00908185 0.0096367
 0.000530656 0.00119633 0.00205827 0.00303499 0.00405521 0.0050647 0.00602623 0.00691692 0.00772489 0.00844611 0.00908185 0.0096367
# nyrs_ind_age
 30
# yrs_ind_age
 1 2 3 4 5 6 7 8 9 10 11 12 13 14 15 16 17 18 19 20 21 22 23 24 25 26 27 28 29 30
# n_sample_ind_age
 200 200 200 200 200 200 200 200 200 200 200 200 200 200 200 200 200 200 200 200 200 200 200 200 200 200 200 200 200 200
# oac_ind
 0.1 0.13 0.135 0.135 0.105 0.065 0.07 0.05 0.05 0.025 0.035 0.1
 0.07 0.135 0.15 0.18 0.08 0.07 0.065 0.06 0.05 0.035 0.015 0.09
 0.06 0.16 0.115 0.12 0.11 0.13 0.05 0.06 0.04 0.025 0.02 0.11
 0.08 0.15 0.14 0.14 0.08 0.075 0.07 0.07 0.025 0.055 0.015 0.1
 0.155 0.125 0.095 0.12 0.1 0.11 0.065 0.055 0.015 0.01 0.045 0.105
 0.09 0.185 0.115 0.12 0.135 0.095 0.055 0.04 0.035 0.035 0.03 0.065
 0.09 0.215 0.18 0.09 0.08 0.11 0.025 0.04 0.035 0.02 0.03 0.085
 0.065 0.13 0.255 0.135 0.075 0.055 0.065 0.05 0.02 0.01 0.055 0.085
 0.095 0.145 0.115 0.145 0.155 0.075 0.04 0.04 0.035 0.045 0.015 0.095
 0.075 0.145 0.24 0.12 0.085 0.09 0.03 0.03 0.045 0.015 0.03 0.095
 0.07 0.22 0.205 0.135 0.085 0.075 0.04 0.025 0.015 0.04 0.015 0.075
 0.07 0.195 0.17 0.14 0.135 0.045 0.045 0.065 0.02 0.005 0.02 0.09
 0.035 0.165 0.19 0.105 0.145 0.045 0.06 0.08 0.04 0.03 0.02 0.085
 0.07 0.175 0.19 0.175 0.085 0.07 0.065 0.025 0.035 0.04 0.015 0.055
 0.085 0.2 0.17 0.15 0.09 0.1 0.02 0.055 0.02 0.035 0.015 0.06
 0.095 0.16 0.2 0.105 0.14 0.06 0.07 0.03 0.03 0.03 0.015 0.065
 0.08 0.215 0.23 0.145 0.09 0.045 0.065 0.04 0.015 0.035 0.005 0.035
 0.03 0.245 0.285 0.105 0.115 0.04 0.04 0.03 0.03 0.015 0.005 0.06
 0.11 0.125 0.245 0.165 0.065 0.1 0.04 0.02 0.025 0.025 0.03 0.05
 0.085 0.22 0.205 0.18 0.085 0.03 0.065 0.045 0.03 0.015 0.01 0.03
 0.11 0.2 0.185 0.15 0.135 0.07 0.035 0.035 0.03 0.02 0.015 0.015
 0.17 0.305 0.17 0.125 0.065 0.055 0.025 0.01 0.025 0.01 0.015 0.025
 0.095 0.245 0.28 0.085 0.085 0.04 0.06 0.04 0.025 0.005 0 0.04
 0.095 0.215 0.26 0.16 0.09 0.07 0.02 0.03 0.03 0.01 0.01 0.01
 0.16 0.2 0.2 0.155 0.12 0.06 0.035 0.025 0.015 0.015 0.01 0.005
 0.15 0.24 0.205 0.1 0.15 0.075 0.025 0.015 0.005 0.015 0.01 0.01
 0.12 0.25 0.26 0.115 0.1 0.07 0.04 0.005 0.005 0.01 0.01 0.015
 0.165 0.195 0.195 0.215 0.085 0.045 0.045 0.015 0.015 0.005 0.01 0.01
 0.145 0.21 0.215 0.135 0.15 0.055 0.03 0.03 0.01 0.005 0.005 0.01
 0.115 0.275 0.24 0.12 0.105 0.06 0.025 0.015 0.02 0.02 0 0.005
# olc_ind

# obs_lse_ind
 0.198042 0.198042 0.198042 0.198042 0.198042 0.198042 0.198042 0.198042 0.198042 0.198042 0.198042 0.198042 0.198042 0.198042 0.198042 0.198042 0.198042 0.198042 0.198042 0.198042 0.198042 0.198042 0.198042 0.198042 0.198042 0.198042 0.198042 0.198042 0.198042 0.198042
# xages_fsh
 0 0 0 0 0 0 0 0 0 0 0 0
# xages_fsh
 0 0.0909091 0.181818 0.272727 0.363636 0.454545 0.545455 0.636364 0.727273 0.818182 0.909091 1
# xnodes_fsh

Yrs fsh_sel change:  1 0 0 0 0 0 0 0 0 0 0 0 0 0 0 0 0 0 0 0 0 0 0 0 0 0 0 0 0
Yrs ind_sel change:  1 0 0 0 0 0 0 0 0 0 0 0 0 0 0 0 0 0 0 0 0 0 0 0 0 0 0 0 0
# steepnessprior
0.75
# sigmarprior
0.2
#  SSB estimated in styr endyr: -12 28 
#  Rec estimated in styr endyr: -10 30 
#  SR Curve fit  in styr endyr: 1 30 
#             Model styr endyr: 1 30 
# qprior
 3.48998e-007
# q_power_prior 
 1 
# cv_catchbiomass 
0.05 
# CatchbiomassPen 
200 
# Number of projection years 
5 
# offset_fsh
 13349.5
# offset_ind
 13164.1
Mean Catch
1276.25
R_guess 
13.8155
# nfsh
1
# n_sel_ch_fsh
 1
# nselages_fsh
 11
# phase_selcoff_fsh
 -1
logRzero 13.8155
logmeanrec 13.8155
exp(log_sigmarprior 0.2
Fish sel phase: -1 OM1
Fixing fishery sel to
1
Fixing fishery sel to
1
Srvy sel phase: -1
Fixing survey_index1 indices sel to
1
Fixing index sel to
1
# logsel_slp_in_indv
 0.693147
Leaving parameter init secton
# M
 0.2 0.2 0.2 0.2 0.2 0.2 0.2 0.2 0.2 0.2 0.2 0.2
 0.2 0.2 0.2 0.2 0.2 0.2 0.2 0.2 0.2 0.2 0.2 0.2
 0.2 0.2 0.2 0.2 0.2 0.2 0.2 0.2 0.2 0.2 0.2 0.2
 0.2 0.2 0.2 0.2 0.2 0.2 0.2 0.2 0.2 0.2 0.2 0.2
 0.2 0.2 0.2 0.2 0.2 0.2 0.2 0.2 0.2 0.2 0.2 0.2
 0.2 0.2 0.2 0.2 0.2 0.2 0.2 0.2 0.2 0.2 0.2 0.2
 0.2 0.2 0.2 0.2 0.2 0.2 0.2 0.2 0.2 0.2 0.2 0.2
 0.2 0.2 0.2 0.2 0.2 0.2 0.2 0.2 0.2 0.2 0.2 0.2
 0.2 0.2 0.2 0.2 0.2 0.2 0.2 0.2 0.2 0.2 0.2 0.2
 0.2 0.2 0.2 0.2 0.2 0.2 0.2 0.2 0.2 0.2 0.2 0.2
 0.2 0.2 0.2 0.2 0.2 0.2 0.2 0.2 0.2 0.2 0.2 0.2
 0.2 0.2 0.2 0.2 0.2 0.2 0.2 0.2 0.2 0.2 0.2 0.2
 0.2 0.2 0.2 0.2 0.2 0.2 0.2 0.2 0.2 0.2 0.2 0.2
 0.2 0.2 0.2 0.2 0.2 0.2 0.2 0.2 0.2 0.2 0.2 0.2
 0.2 0.2 0.2 0.2 0.2 0.2 0.2 0.2 0.2 0.2 0.2 0.2
 0.2 0.2 0.2 0.2 0.2 0.2 0.2 0.2 0.2 0.2 0.2 0.2
 0.2 0.2 0.2 0.2 0.2 0.2 0.2 0.2 0.2 0.2 0.2 0.2
 0.2 0.2 0.2 0.2 0.2 0.2 0.2 0.2 0.2 0.2 0.2 0.2
 0.2 0.2 0.2 0.2 0.2 0.2 0.2 0.2 0.2 0.2 0.2 0.2
 0.2 0.2 0.2 0.2 0.2 0.2 0.2 0.2 0.2 0.2 0.2 0.2
 0.2 0.2 0.2 0.2 0.2 0.2 0.2 0.2 0.2 0.2 0.2 0.2
 0.2 0.2 0.2 0.2 0.2 0.2 0.2 0.2 0.2 0.2 0.2 0.2
 0.2 0.2 0.2 0.2 0.2 0.2 0.2 0.2 0.2 0.2 0.2 0.2
 0.2 0.2 0.2 0.2 0.2 0.2 0.2 0.2 0.2 0.2 0.2 0.2
 0.2 0.2 0.2 0.2 0.2 0.2 0.2 0.2 0.2 0.2 0.2 0.2
 0.2 0.2 0.2 0.2 0.2 0.2 0.2 0.2 0.2 0.2 0.2 0.2
 0.2 0.2 0.2 0.2 0.2 0.2 0.2 0.2 0.2 0.2 0.2 0.2
 0.2 0.2 0.2 0.2 0.2 0.2 0.2 0.2 0.2 0.2 0.2 0.2
 0.2 0.2 0.2 0.2 0.2 0.2 0.2 0.2 0.2 0.2 0.2 0.2
 0.2 0.2 0.2 0.2 0.2 0.2 0.2 0.2 0.2 0.2 0.2 0.2
# mean_log_rec
13.7452
# log_Rzero
13.7961
# rec_dev
 -0.0781119 0.0408057 -0.269097 0.0613126 -0.128405 0.0736408 -0.0638235 0.0466979 0.131775 0.108552 0.119448 0.0891035 0.207315 -0.0373427 -0.0346245 0.339037 0.320629 -0.0150375 0.18719 -0.018461 0.134122 0.0639669 -0.0820776 -0.139689 0.0811094 -0.0882805 0.146302 0.0906392 -0.298075 -0.167065 -0.277472 0.0832992 0.0323792 -0.271006 -0.37122 -0.168095 -0.447446 -0.354579 -0.225606 -0.184918 -0.242814
# fmort
 0.009319 0.0274106 0.0453863 0.0618989 0.0491981 0.0885284 0.0894375 0.189437 0.112234 0.134589 0.154845 0.166725 0.120127 0.17709 0.184397 0.168666 0.329095 0.268607 0.268866 0.26298 0.363982 0.261138 0.424575 0.346003 0.342695 0.312091 0.308468 0.428918 0.327427 0.512755
# rec_dev_future
 0 0 0 0 0
