AMAK;August_2013
# styr
1
# endyr
30
# rec_age
1
# oldest_age
12
# nlength
81
# len_bins
 10 11 12 13 14 15 16 17 18 19 20 21 22 23 24 25 26 27 28 29 30 31 32 33 34 35 36 37 38 39 40 41 42 43 44 45 46 47 48 49 50 51 52 53 54 55 56 57 58 59 60 61 62 63 64 65 66 67 68 69 70 71 72 73 74 75 76 77 78 79 80 81 82 83 84 85 86 87 88 89 90
# datafile_name
amak_data.dat
# model_name
OM_1
# styr
1
# endyr
30
# rec_age
1
# oldest_age
12
# nfsh
1
# fshname
OM1
# catch_bio_in
 161.692 466.196 759.055 994.489 767.789 1323.74 1288.46 2484.16 1323.87 1528.26 1625.98 1611.79 1106.01 1531.05 1505.45 1271.32 2238.31 1615.41 1463.33 1313.16 1635.23 1075.31 1623.87 1215.24 1121.34 971.968 920.427 1205.73 884.556 1285.14
# catch_bio_sd_in
 0.01 0.01 0.01 0.01 0.01 0.01 0.01 0.01 0.01 0.01 0.01 0.01 0.01 0.01 0.01 0.01 0.01 0.01 0.01 0.01 0.01 0.01 0.01 0.01 0.01 0.01 0.01 0.01 0.01 0.01
# nyrs_fsh_age
 30
# nyrs_fsh_length
 0
# yrs_fsh_age_in
 1 2 3 4 5 6 7 8 9 10 11 12 13 14 15 16 17 18 19 20 21 22 23 24 25 26 27 28 29 30
# yrs_fsh_length_in

# n_sample_fsh_length_in

# olc_fsh_in

# nind
1
# indname
survey_index1
# nyrs_ind
 30
# yrs_ind_in
 1 2 3 4 5 6 7 8 9 10 11 12 13 14 15 16 17 18 19 20 21 22 23 24 25 26 27 28 29 30
# mo_ind
 1
# obs_ind_in
 1.40235 1.36926 1.47349 1.91059 1.7538 1.39159 1.45513 1.49624 1.27827 1.18107 1.24105 1.19758 0.915604 0.941725 0.882845 1.01453 0.942708 0.862966 0.840899 0.686742 0.747105 0.642981 0.640344 0.581221 0.64295 0.538554 0.507814 0.52033 0.513809 0.539173
# obs_se_ind_in
 0.28047 0.273852 0.294698 0.382118 0.350761 0.278318 0.291026 0.299247 0.255653 0.236215 0.24821 0.239515 0.183121 0.188345 0.176569 0.202905 0.188542 0.172593 0.16818 0.137348 0.149421 0.128596 0.128069 0.116244 0.12859 0.107711 0.101563 0.104066 0.102762 0.107835
# nyrs_ind_age
 30
# nyrs_ind_length
 0
# yrs_ind_age_in
 1 2 3 4 5 6 7 8 9 10 11 12 13 14 15 16 17 18 19 20 21 22 23 24 25 26 27 28 29 30
# yrs_ind_length_in

# yrs_ind_age_in
 1 2 3 4 5 6 7 8 9 10 11 12 13 14 15 16 17 18 19 20 21 22 23 24 25 26 27 28 29 30
# n_sample_ind_length_in

# olc_ind_in

# oac_ind_in
 0.06 0.1 0.19 0.13 0.09 0.105 0.055 0.065 0.03 0.025 0.03 0.12
 0.09 0.115 0.115 0.155 0.075 0.075 0.06 0.065 0.055 0.04 0.05 0.105
 0.09 0.15 0.13 0.135 0.055 0.07 0.045 0.07 0.03 0.05 0.055 0.12
 0.05 0.09 0.175 0.1 0.105 0.085 0.06 0.09 0.04 0.055 0.025 0.125
 0.095 0.1 0.13 0.17 0.07 0.095 0.075 0.07 0.02 0.04 0.025 0.11
 0.085 0.175 0.125 0.15 0.105 0.05 0.05 0.07 0.05 0.015 0.01 0.115
 0.05 0.2 0.175 0.09 0.095 0.075 0.1 0.06 0.04 0.025 0.005 0.085
 0.075 0.14 0.205 0.135 0.075 0.075 0.09 0.055 0.025 0.02 0.03 0.075
 0.065 0.145 0.15 0.16 0.115 0.06 0.05 0.065 0.04 0.025 0.01 0.115
 0.08 0.15 0.17 0.12 0.115 0.1 0.045 0.045 0.045 0.015 0.025 0.09
 0.1 0.185 0.18 0.17 0.115 0.075 0.04 0.035 0.015 0.005 0.005 0.075
 0.065 0.235 0.15 0.13 0.105 0.065 0.065 0.065 0.02 0.02 0.02 0.06
 0.1 0.16 0.15 0.17 0.095 0.06 0.06 0.045 0.045 0.015 0.03 0.07
 0.045 0.165 0.215 0.15 0.11 0.065 0.07 0.035 0.045 0.02 0.01 0.07
 0.08 0.155 0.15 0.16 0.11 0.07 0.045 0.085 0.03 0.045 0.025 0.045
 0.085 0.155 0.195 0.125 0.105 0.105 0.065 0.035 0.02 0.035 0.015 0.06
 0.085 0.245 0.155 0.165 0.075 0.055 0.07 0.025 0.025 0.025 0.02 0.055
 0.06 0.305 0.185 0.14 0.07 0.055 0.02 0.055 0.025 0.03 0.02 0.035
 0.075 0.14 0.225 0.165 0.12 0.1 0.03 0.035 0.025 0.015 0.02 0.05
 0.08 0.205 0.15 0.175 0.155 0.065 0.045 0.035 0.02 0.01 0.01 0.05
 0.145 0.16 0.195 0.12 0.16 0.095 0.035 0.025 0.005 0.025 0.005 0.03
 0.085 0.36 0.155 0.105 0.085 0.11 0.045 0.01 0.015 0 0.015 0.015
 0.1 0.275 0.255 0.12 0.105 0.055 0.035 0.01 0.02 0 0.005 0.02
 0.095 0.235 0.235 0.2 0.07 0.045 0.03 0.035 0.005 0.01 0.005 0.035
 0.175 0.2 0.2 0.18 0.085 0.06 0.025 0.025 0.025 0.005 0.005 0.015
 0.115 0.27 0.195 0.135 0.13 0.06 0.03 0.025 0.005 0.015 0.005 0.015
 0.145 0.17 0.3 0.11 0.115 0.1 0.03 0.01 0.005 0.005 0.005 0.005
 0.14 0.29 0.175 0.16 0.065 0.09 0.025 0.025 0.005 0.005 0 0.02
 0.145 0.255 0.225 0.12 0.115 0.035 0.045 0.03 0.005 0.005 0.005 0.015
 0.12 0.25 0.29 0.15 0.055 0.05 0.04 0.02 0.01 0.005 0.005 0.005
# wt_ind
 1 1 1 1 1 1 1 1 1 1 1 1
 1 1 1 1 1 1 1 1 1 1 1 1
 1 1 1 1 1 1 1 1 1 1 1 1
 1 1 1 1 1 1 1 1 1 1 1 1
 1 1 1 1 1 1 1 1 1 1 1 1
 1 1 1 1 1 1 1 1 1 1 1 1
 1 1 1 1 1 1 1 1 1 1 1 1
 1 1 1 1 1 1 1 1 1 1 1 1
 1 1 1 1 1 1 1 1 1 1 1 1
 1 1 1 1 1 1 1 1 1 1 1 1
 1 1 1 1 1 1 1 1 1 1 1 1
 1 1 1 1 1 1 1 1 1 1 1 1
 1 1 1 1 1 1 1 1 1 1 1 1
 1 1 1 1 1 1 1 1 1 1 1 1
 1 1 1 1 1 1 1 1 1 1 1 1
 1 1 1 1 1 1 1 1 1 1 1 1
 1 1 1 1 1 1 1 1 1 1 1 1
 1 1 1 1 1 1 1 1 1 1 1 1
 1 1 1 1 1 1 1 1 1 1 1 1
 1 1 1 1 1 1 1 1 1 1 1 1
 1 1 1 1 1 1 1 1 1 1 1 1
 1 1 1 1 1 1 1 1 1 1 1 1
 1 1 1 1 1 1 1 1 1 1 1 1
 1 1 1 1 1 1 1 1 1 1 1 1
 1 1 1 1 1 1 1 1 1 1 1 1
 1 1 1 1 1 1 1 1 1 1 1 1
 1 1 1 1 1 1 1 1 1 1 1 1
 1 1 1 1 1 1 1 1 1 1 1 1
 1 1 1 1 1 1 1 1 1 1 1 1
 1 1 1 1 1 1 1 1 1 1 1 1
# wt_pop
 0.000530656 0.00119633 0.00205827 0.00303499 0.00405521 0.0050647 0.00602623 0.00691692 0.00772489 0.00844611 0.00908185 0.0096367
# maturity
 0.0229774 0.320821 0.904651 0.99478 0.999739 0.999987 0.999999 1 1 1 1 1
# spawnmo
1
# age_err
 1 0 0 0 0 0 0 0 0 0 0 0
 0 1 0 0 0 0 0 0 0 0 0 0
 0 0 1 0 0 0 0 0 0 0 0 0
 0 0 0 1 0 0 0 0 0 0 0 0
 0 0 0 0 1 0 0 0 0 0 0 0
 0 0 0 0 0 1 0 0 0 0 0 0
 0 0 0 0 0 0 1 0 0 0 0 0
 0 0 0 0 0 0 0 1 0 0 0 0
 0 0 0 0 0 0 0 0 1 0 0 0
 0 0 0 0 0 0 0 0 0 1 0 0
 0 0 0 0 0 0 0 0 0 0 1 0
 0 0 0 0 0 0 0 0 0 0 0 1
# cntrlfile_name
C:\Users\bai.li\Desktop\s1_test\AMAK\s96\amak.dat
# Map shared selectivity: 
# sel_map
 1 2
 1 1
# datafile_name
amak_data.dat
# model_name
OM_1
# SrType
2
# use_age_err
0
# retro
0
# sigmarprior
0.2
# cvsigmarprior
0.25
# phase_sigmar
-3
# styr_rec_est
1
# endyr_rec_est
30
# Linfprior
80
# cvLinfprior
0.25
# kprior
0.18
# cvkprior
0.25
# Loprior
27.688
# cvLoprior
0.25
# sdageprior
0.1
# cvsdageprior
0.25
# natmortprior
0.2
# cvnatmortprior
0.25
# phase_M
-4
# npars_Mage
0
# ages_M_changes

# Mage_in

# phase_Mage
-5
# phase_rw_M
0
# npars_rw_M
0
# yrs_rw_M

# sigma_rw_M

# qprior
 3.48998e-007
# cvqprior
 1
# phase_q
 1
# q_power_prior
 1
# cvq_power_prior
 0.2
# phase_q_power
 -4
# phase_rw_q
 -1
# npars_rw_q
 0
# yrs_rw_q

# sigma_rw_q

# q_age_min
 1
# q_age_max
 12
# q_age_min
 1
# q_age_max
 12
# fsh_sel_opt(k)
2
# phase_sel_fsh(k)
-2
# n_sel_ch_fsh(k)
1
# sel_slp_in_fsh(k)(1,n_sel_ch_fsh(k))
 1
# sel_inf_in_fsh(k)(1,n_sel_ch_fsh(k))
 2
# logsel_slp_in_fsh(k)(1,n_sel_ch_fsh(k))
 0
# yrs_sel_ch_fsh(k)(1,n_sel_ch_fsh(k))
 1

Survey survey_index1
# ind_sel_opt(k)
2
# indname(k)
survey_index1
# nselages_in_ind(k)
11
# phase_sel_ind(k)
-2
# sel_change_in_ind(k)
 1 0 0 0 0 0 0 0 0 0 0 0 0 0 0 0 0 0 0 0 0 0 0 0 0 0 0 0 0 0
# n_sel_ch_ind(k)
1
# yrs_sel_ch_ind(k)(1,n_sel_ch_ind(k))
 1
# sel_slp_in_ind(k,1)
2
# sel_inf_in_ind(k,1)
1.5
# logsel_slp_in_ind(k,1)
0.693147
# logsel_slp_in_indv(k)
0.693147
survey_index1 ind sel opt 2  1 0 0 0 0 0 0 0 0 0 0 0 0 0 0 0 0 0 0 0 0 0 0 0 0 0 0 0 0 0
Phase indices Sel_Coffs:  -1
 Test: 1.23457e+008
# Fshry Selages:  11
# Srvy  Selages:  11
# Phase for age-spec fishery  -1
# Phase for logistic fishery  -2
# Phase for dble logistic fishery  -1
# Phase for age-spec indices   -1
# Phase for logistic indices   -2
# Phase for dble logistic ind  -1
# Curv_pen_fsh: 
 0
# Curv_pen_ind: 
 0
# styr_fut
31
# endyr_fut
35
# nyrs_fsh_age
 30
# nyrs_fsh_age
 30
# yrs_fsh_age
 1 2 3 4 5 6 7 8 9 10 11 12 13 14 15 16 17 18 19 20 21 22 23 24 25 26 27 28 29 30
# n_sample_fsh_age
 200 200 200 200 200 200 200 200 200 200 200 200 200 200 200 200 200 200 200 200 200 200 200 200 200 200 200 200 200 200
# oac_fsh
 0.08 0.07 0.13 0.16 0.125 0.055 0.1 0.05 0.05 0.035 0.025 0.12
 0.065 0.11 0.13 0.135 0.125 0.07 0.07 0.035 0.055 0.055 0.01 0.14
 0.075 0.1 0.185 0.12 0.08 0.12 0.065 0.04 0.015 0.06 0.04 0.1
 0.06 0.1 0.2 0.08 0.13 0.065 0.065 0.04 0.06 0.025 0.01 0.165
 0.15 0.095 0.14 0.105 0.115 0.095 0.075 0.055 0.035 0.02 0.03 0.085
 0.075 0.105 0.15 0.12 0.14 0.095 0.03 0.05 0.025 0.04 0.015 0.155
 0.09 0.11 0.19 0.12 0.085 0.09 0.075 0.04 0.025 0.05 0.03 0.095
 0.08 0.12 0.185 0.14 0.095 0.095 0.04 0.035 0.045 0.025 0.04 0.1
 0.08 0.17 0.155 0.17 0.105 0.055 0.035 0.035 0.06 0.025 0.02 0.09
 0.065 0.145 0.215 0.12 0.105 0.095 0.045 0.025 0.03 0.05 0.01 0.095
 0.09 0.14 0.18 0.135 0.12 0.1 0.045 0.01 0.04 0.05 0.015 0.075
 0.08 0.16 0.17 0.15 0.125 0.085 0.025 0.04 0.03 0.015 0.03 0.09
 0.08 0.13 0.2 0.13 0.085 0.105 0.075 0.055 0.04 0.01 0.03 0.06
 0.09 0.14 0.135 0.185 0.105 0.085 0.075 0.02 0.05 0.05 0.01 0.055
 0.12 0.165 0.15 0.11 0.095 0.05 0.075 0.095 0.03 0.025 0.02 0.065
 0.125 0.16 0.135 0.135 0.145 0.08 0.045 0.04 0.03 0.03 0.03 0.045
 0.12 0.225 0.125 0.15 0.095 0.08 0.055 0.03 0.02 0.025 0.025 0.05
 0.11 0.185 0.19 0.15 0.09 0.05 0.075 0.045 0.025 0.02 0.01 0.05
 0.14 0.11 0.225 0.16 0.1 0.11 0.02 0.035 0.03 0.02 0.015 0.035
 0.09 0.175 0.14 0.18 0.155 0.085 0.055 0.03 0.015 0.03 0.015 0.03
 0.15 0.195 0.145 0.115 0.135 0.095 0.06 0.035 0.025 0.01 0 0.035
 0.2 0.205 0.13 0.11 0.09 0.07 0.065 0.02 0.02 0.005 0.015 0.07
 0.14 0.225 0.23 0.12 0.11 0.04 0.05 0.04 0.005 0.015 0.01 0.015
 0.155 0.225 0.21 0.175 0.075 0.045 0.02 0.035 0.005 0.035 0.005 0.015
 0.225 0.195 0.145 0.175 0.14 0.035 0.01 0.02 0.025 0.015 0.005 0.01
 0.09 0.265 0.19 0.155 0.135 0.065 0.035 0.03 0.01 0.005 0.005 0.015
 0.125 0.185 0.29 0.115 0.08 0.06 0.07 0.02 0.03 0.015 0.005 0.005
 0.185 0.205 0.14 0.19 0.095 0.065 0.055 0.025 0.015 0.005 0.005 0.015
 0.22 0.215 0.215 0.095 0.095 0.05 0.035 0.035 0.01 0.005 0.01 0.015
 0.15 0.305 0.23 0.13 0.06 0.08 0.015 0.01 0.005 0.01 0 0.005
# olc_fsh

# wt_fsh
 0.000530656 0.00119633 0.00205827 0.00303499 0.00405521 0.0050647 0.00602623 0.00691692 0.00772489 0.00844611 0.00908185 0.0096367
 0.000530656 0.00119633 0.00205827 0.00303499 0.00405521 0.0050647 0.00602623 0.00691692 0.00772489 0.00844611 0.00908185 0.0096367
 0.000530656 0.00119633 0.00205827 0.00303499 0.00405521 0.0050647 0.00602623 0.00691692 0.00772489 0.00844611 0.00908185 0.0096367
 0.000530656 0.00119633 0.00205827 0.00303499 0.00405521 0.0050647 0.00602623 0.00691692 0.00772489 0.00844611 0.00908185 0.0096367
 0.000530656 0.00119633 0.00205827 0.00303499 0.00405521 0.0050647 0.00602623 0.00691692 0.00772489 0.00844611 0.00908185 0.0096367
 0.000530656 0.00119633 0.00205827 0.00303499 0.00405521 0.0050647 0.00602623 0.00691692 0.00772489 0.00844611 0.00908185 0.0096367
 0.000530656 0.00119633 0.00205827 0.00303499 0.00405521 0.0050647 0.00602623 0.00691692 0.00772489 0.00844611 0.00908185 0.0096367
 0.000530656 0.00119633 0.00205827 0.00303499 0.00405521 0.0050647 0.00602623 0.00691692 0.00772489 0.00844611 0.00908185 0.0096367
 0.000530656 0.00119633 0.00205827 0.00303499 0.00405521 0.0050647 0.00602623 0.00691692 0.00772489 0.00844611 0.00908185 0.0096367
 0.000530656 0.00119633 0.00205827 0.00303499 0.00405521 0.0050647 0.00602623 0.00691692 0.00772489 0.00844611 0.00908185 0.0096367
 0.000530656 0.00119633 0.00205827 0.00303499 0.00405521 0.0050647 0.00602623 0.00691692 0.00772489 0.00844611 0.00908185 0.0096367
 0.000530656 0.00119633 0.00205827 0.00303499 0.00405521 0.0050647 0.00602623 0.00691692 0.00772489 0.00844611 0.00908185 0.0096367
 0.000530656 0.00119633 0.00205827 0.00303499 0.00405521 0.0050647 0.00602623 0.00691692 0.00772489 0.00844611 0.00908185 0.0096367
 0.000530656 0.00119633 0.00205827 0.00303499 0.00405521 0.0050647 0.00602623 0.00691692 0.00772489 0.00844611 0.00908185 0.0096367
 0.000530656 0.00119633 0.00205827 0.00303499 0.00405521 0.0050647 0.00602623 0.00691692 0.00772489 0.00844611 0.00908185 0.0096367
 0.000530656 0.00119633 0.00205827 0.00303499 0.00405521 0.0050647 0.00602623 0.00691692 0.00772489 0.00844611 0.00908185 0.0096367
 0.000530656 0.00119633 0.00205827 0.00303499 0.00405521 0.0050647 0.00602623 0.00691692 0.00772489 0.00844611 0.00908185 0.0096367
 0.000530656 0.00119633 0.00205827 0.00303499 0.00405521 0.0050647 0.00602623 0.00691692 0.00772489 0.00844611 0.00908185 0.0096367
 0.000530656 0.00119633 0.00205827 0.00303499 0.00405521 0.0050647 0.00602623 0.00691692 0.00772489 0.00844611 0.00908185 0.0096367
 0.000530656 0.00119633 0.00205827 0.00303499 0.00405521 0.0050647 0.00602623 0.00691692 0.00772489 0.00844611 0.00908185 0.0096367
 0.000530656 0.00119633 0.00205827 0.00303499 0.00405521 0.0050647 0.00602623 0.00691692 0.00772489 0.00844611 0.00908185 0.0096367
 0.000530656 0.00119633 0.00205827 0.00303499 0.00405521 0.0050647 0.00602623 0.00691692 0.00772489 0.00844611 0.00908185 0.0096367
 0.000530656 0.00119633 0.00205827 0.00303499 0.00405521 0.0050647 0.00602623 0.00691692 0.00772489 0.00844611 0.00908185 0.0096367
 0.000530656 0.00119633 0.00205827 0.00303499 0.00405521 0.0050647 0.00602623 0.00691692 0.00772489 0.00844611 0.00908185 0.0096367
 0.000530656 0.00119633 0.00205827 0.00303499 0.00405521 0.0050647 0.00602623 0.00691692 0.00772489 0.00844611 0.00908185 0.0096367
 0.000530656 0.00119633 0.00205827 0.00303499 0.00405521 0.0050647 0.00602623 0.00691692 0.00772489 0.00844611 0.00908185 0.0096367
 0.000530656 0.00119633 0.00205827 0.00303499 0.00405521 0.0050647 0.00602623 0.00691692 0.00772489 0.00844611 0.00908185 0.0096367
 0.000530656 0.00119633 0.00205827 0.00303499 0.00405521 0.0050647 0.00602623 0.00691692 0.00772489 0.00844611 0.00908185 0.0096367
 0.000530656 0.00119633 0.00205827 0.00303499 0.00405521 0.0050647 0.00602623 0.00691692 0.00772489 0.00844611 0.00908185 0.0096367
 0.000530656 0.00119633 0.00205827 0.00303499 0.00405521 0.0050647 0.00602623 0.00691692 0.00772489 0.00844611 0.00908185 0.0096367
# nyrs_ind_age
 30
# yrs_ind_age
 1 2 3 4 5 6 7 8 9 10 11 12 13 14 15 16 17 18 19 20 21 22 23 24 25 26 27 28 29 30
# n_sample_ind_age
 200 200 200 200 200 200 200 200 200 200 200 200 200 200 200 200 200 200 200 200 200 200 200 200 200 200 200 200 200 200
# oac_ind
 0.06 0.1 0.19 0.13 0.09 0.105 0.055 0.065 0.03 0.025 0.03 0.12
 0.09 0.115 0.115 0.155 0.075 0.075 0.06 0.065 0.055 0.04 0.05 0.105
 0.09 0.15 0.13 0.135 0.055 0.07 0.045 0.07 0.03 0.05 0.055 0.12
 0.05 0.09 0.175 0.1 0.105 0.085 0.06 0.09 0.04 0.055 0.025 0.125
 0.095 0.1 0.13 0.17 0.07 0.095 0.075 0.07 0.02 0.04 0.025 0.11
 0.085 0.175 0.125 0.15 0.105 0.05 0.05 0.07 0.05 0.015 0.01 0.115
 0.05 0.2 0.175 0.09 0.095 0.075 0.1 0.06 0.04 0.025 0.005 0.085
 0.075 0.14 0.205 0.135 0.075 0.075 0.09 0.055 0.025 0.02 0.03 0.075
 0.065 0.145 0.15 0.16 0.115 0.06 0.05 0.065 0.04 0.025 0.01 0.115
 0.08 0.15 0.17 0.12 0.115 0.1 0.045 0.045 0.045 0.015 0.025 0.09
 0.1 0.185 0.18 0.17 0.115 0.075 0.04 0.035 0.015 0.005 0.005 0.075
 0.065 0.235 0.15 0.13 0.105 0.065 0.065 0.065 0.02 0.02 0.02 0.06
 0.1 0.16 0.15 0.17 0.095 0.06 0.06 0.045 0.045 0.015 0.03 0.07
 0.045 0.165 0.215 0.15 0.11 0.065 0.07 0.035 0.045 0.02 0.01 0.07
 0.08 0.155 0.15 0.16 0.11 0.07 0.045 0.085 0.03 0.045 0.025 0.045
 0.085 0.155 0.195 0.125 0.105 0.105 0.065 0.035 0.02 0.035 0.015 0.06
 0.085 0.245 0.155 0.165 0.075 0.055 0.07 0.025 0.025 0.025 0.02 0.055
 0.06 0.305 0.185 0.14 0.07 0.055 0.02 0.055 0.025 0.03 0.02 0.035
 0.075 0.14 0.225 0.165 0.12 0.1 0.03 0.035 0.025 0.015 0.02 0.05
 0.08 0.205 0.15 0.175 0.155 0.065 0.045 0.035 0.02 0.01 0.01 0.05
 0.145 0.16 0.195 0.12 0.16 0.095 0.035 0.025 0.005 0.025 0.005 0.03
 0.085 0.36 0.155 0.105 0.085 0.11 0.045 0.01 0.015 0 0.015 0.015
 0.1 0.275 0.255 0.12 0.105 0.055 0.035 0.01 0.02 0 0.005 0.02
 0.095 0.235 0.235 0.2 0.07 0.045 0.03 0.035 0.005 0.01 0.005 0.035
 0.175 0.2 0.2 0.18 0.085 0.06 0.025 0.025 0.025 0.005 0.005 0.015
 0.115 0.27 0.195 0.135 0.13 0.06 0.03 0.025 0.005 0.015 0.005 0.015
 0.145 0.17 0.3 0.11 0.115 0.1 0.03 0.01 0.005 0.005 0.005 0.005
 0.14 0.29 0.175 0.16 0.065 0.09 0.025 0.025 0.005 0.005 0 0.02
 0.145 0.255 0.225 0.12 0.115 0.035 0.045 0.03 0.005 0.005 0.005 0.015
 0.12 0.25 0.29 0.15 0.055 0.05 0.04 0.02 0.01 0.005 0.005 0.005
# olc_ind

# obs_lse_ind
 0.198042 0.198042 0.198042 0.198042 0.198042 0.198042 0.198042 0.198042 0.198042 0.198042 0.198042 0.198042 0.198042 0.198042 0.198042 0.198042 0.198042 0.198042 0.198042 0.198042 0.198042 0.198042 0.198042 0.198042 0.198042 0.198042 0.198042 0.198042 0.198042 0.198042
# xages_fsh
 0 0 0 0 0 0 0 0 0 0 0 0
# xages_fsh
 0 0.0909091 0.181818 0.272727 0.363636 0.454545 0.545455 0.636364 0.727273 0.818182 0.909091 1
# xnodes_fsh

Yrs fsh_sel change:  1 0 0 0 0 0 0 0 0 0 0 0 0 0 0 0 0 0 0 0 0 0 0 0 0 0 0 0 0
Yrs ind_sel change:  1 0 0 0 0 0 0 0 0 0 0 0 0 0 0 0 0 0 0 0 0 0 0 0 0 0 0 0 0
# steepnessprior
0.75
# sigmarprior
0.2
#  SSB estimated in styr endyr: -12 28 
#  Rec estimated in styr endyr: -10 30 
#  SR Curve fit  in styr endyr: 1 30 
#             Model styr endyr: 1 30 
# qprior
 3.48998e-007
# q_power_prior 
 1 
# cv_catchbiomass 
0.05 
# CatchbiomassPen 
200 
# Number of projection years 
5 
# offset_fsh
 13360.6
# offset_ind
 13176.4
Mean Catch
1277.28
R_guess 
13.8155
# nfsh
1
# n_sel_ch_fsh
 1
# nselages_fsh
 11
# phase_selcoff_fsh
 -1
logRzero 13.8155
logmeanrec 13.8155
exp(log_sigmarprior 0.2
Fish sel phase: -1 OM1
Fixing fishery sel to
1
Fixing fishery sel to
1
Srvy sel phase: -1
Fixing survey_index1 indices sel to
1
Fixing index sel to
1
# logsel_slp_in_indv
 0.693147
Leaving parameter init secton
# M
 0.2 0.2 0.2 0.2 0.2 0.2 0.2 0.2 0.2 0.2 0.2 0.2
 0.2 0.2 0.2 0.2 0.2 0.2 0.2 0.2 0.2 0.2 0.2 0.2
 0.2 0.2 0.2 0.2 0.2 0.2 0.2 0.2 0.2 0.2 0.2 0.2
 0.2 0.2 0.2 0.2 0.2 0.2 0.2 0.2 0.2 0.2 0.2 0.2
 0.2 0.2 0.2 0.2 0.2 0.2 0.2 0.2 0.2 0.2 0.2 0.2
 0.2 0.2 0.2 0.2 0.2 0.2 0.2 0.2 0.2 0.2 0.2 0.2
 0.2 0.2 0.2 0.2 0.2 0.2 0.2 0.2 0.2 0.2 0.2 0.2
 0.2 0.2 0.2 0.2 0.2 0.2 0.2 0.2 0.2 0.2 0.2 0.2
 0.2 0.2 0.2 0.2 0.2 0.2 0.2 0.2 0.2 0.2 0.2 0.2
 0.2 0.2 0.2 0.2 0.2 0.2 0.2 0.2 0.2 0.2 0.2 0.2
 0.2 0.2 0.2 0.2 0.2 0.2 0.2 0.2 0.2 0.2 0.2 0.2
 0.2 0.2 0.2 0.2 0.2 0.2 0.2 0.2 0.2 0.2 0.2 0.2
 0.2 0.2 0.2 0.2 0.2 0.2 0.2 0.2 0.2 0.2 0.2 0.2
 0.2 0.2 0.2 0.2 0.2 0.2 0.2 0.2 0.2 0.2 0.2 0.2
 0.2 0.2 0.2 0.2 0.2 0.2 0.2 0.2 0.2 0.2 0.2 0.2
 0.2 0.2 0.2 0.2 0.2 0.2 0.2 0.2 0.2 0.2 0.2 0.2
 0.2 0.2 0.2 0.2 0.2 0.2 0.2 0.2 0.2 0.2 0.2 0.2
 0.2 0.2 0.2 0.2 0.2 0.2 0.2 0.2 0.2 0.2 0.2 0.2
 0.2 0.2 0.2 0.2 0.2 0.2 0.2 0.2 0.2 0.2 0.2 0.2
 0.2 0.2 0.2 0.2 0.2 0.2 0.2 0.2 0.2 0.2 0.2 0.2
 0.2 0.2 0.2 0.2 0.2 0.2 0.2 0.2 0.2 0.2 0.2 0.2
 0.2 0.2 0.2 0.2 0.2 0.2 0.2 0.2 0.2 0.2 0.2 0.2
 0.2 0.2 0.2 0.2 0.2 0.2 0.2 0.2 0.2 0.2 0.2 0.2
 0.2 0.2 0.2 0.2 0.2 0.2 0.2 0.2 0.2 0.2 0.2 0.2
 0.2 0.2 0.2 0.2 0.2 0.2 0.2 0.2 0.2 0.2 0.2 0.2
 0.2 0.2 0.2 0.2 0.2 0.2 0.2 0.2 0.2 0.2 0.2 0.2
 0.2 0.2 0.2 0.2 0.2 0.2 0.2 0.2 0.2 0.2 0.2 0.2
 0.2 0.2 0.2 0.2 0.2 0.2 0.2 0.2 0.2 0.2 0.2 0.2
 0.2 0.2 0.2 0.2 0.2 0.2 0.2 0.2 0.2 0.2 0.2 0.2
 0.2 0.2 0.2 0.2 0.2 0.2 0.2 0.2 0.2 0.2 0.2 0.2
# mean_log_rec
13.7297
# log_Rzero
13.7906
# rec_dev
 -0.12749 -0.0961989 -0.0915325 0.121232 0.0667716 -0.0340389 -0.0377396 -0.0428604 0.140631 0.0727278 0.0218447 0.0914592 0.240146 0.0737672 -0.0750077 0.306495 0.310516 0.134936 0.266995 0.0865954 0.0449672 0.164359 -0.00464672 -0.138732 -0.0223078 -0.0479868 0.142859 0.165298 -0.347772 -0.224915 -0.348707 0.0668869 0.00195582 -0.201383 -0.371471 -0.0375041 -0.546376 -0.248591 -0.149901 -0.0853802 -0.306634
# fmort
 0.00946319 0.0275819 0.0460007 0.062547 0.0500602 0.0899862 0.0921314 0.193287 0.112227 0.136172 0.154404 0.164296 0.118544 0.1727 0.183785 0.165636 0.32406 0.267179 0.265657 0.261449 0.369225 0.268222 0.441493 0.369852 0.364564 0.330589 0.319591 0.445448 0.343073 0.523428
# rec_dev_future
 0 0 0 0 0
