AMAK;August_2013
# styr
1
# endyr
30
# rec_age
1
# oldest_age
12
# nlength
81
# len_bins
 10 11 12 13 14 15 16 17 18 19 20 21 22 23 24 25 26 27 28 29 30 31 32 33 34 35 36 37 38 39 40 41 42 43 44 45 46 47 48 49 50 51 52 53 54 55 56 57 58 59 60 61 62 63 64 65 66 67 68 69 70 71 72 73 74 75 76 77 78 79 80 81 82 83 84 85 86 87 88 89 90
# datafile_name
amak_data.dat
# model_name
OM_1
# styr
1
# endyr
30
# rec_age
1
# oldest_age
12
# nfsh
1
# fshname
OM1
# catch_bio_in
 161.946 467.459 761.127 993.514 770.684 1328.22 1275.93 2466.64 1325.51 1529.61 1634.33 1611.98 1103.08 1528.23 1503.09 1282.67 2278.45 1615.7 1459.77 1318.92 1622.45 1076.84 1617.72 1206.93 1112.35 965.672 925.568 1221.98 872.477 1270.43
# catch_bio_sd_in
 0.01 0.01 0.01 0.01 0.01 0.01 0.01 0.01 0.01 0.01 0.01 0.01 0.01 0.01 0.01 0.01 0.01 0.01 0.01 0.01 0.01 0.01 0.01 0.01 0.01 0.01 0.01 0.01 0.01 0.01
# nyrs_fsh_age
 30
# nyrs_fsh_length
 0
# yrs_fsh_age_in
 1 2 3 4 5 6 7 8 9 10 11 12 13 14 15 16 17 18 19 20 21 22 23 24 25 26 27 28 29 30
# yrs_fsh_length_in

# n_sample_fsh_length_in

# olc_fsh_in

# nind
1
# indname
survey_index1
# nyrs_ind
 30
# yrs_ind_in
 1 2 3 4 5 6 7 8 9 10 11 12 13 14 15 16 17 18 19 20 21 22 23 24 25 26 27 28 29 30
# mo_ind
 1
# obs_ind_in
 1.53058 1.37346 1.73902 1.52371 1.35953 1.31723 1.37523 1.76629 1.15531 1.27547 1.17737 1.18609 1.01849 0.919827 1.17541 0.936333 0.78465 0.880447 0.739942 0.753947 0.697413 0.749364 0.618489 0.535711 0.548299 0.566792 0.534418 0.491347 0.618107 0.603469
# obs_se_ind_in
 0.306115 0.274692 0.347804 0.304742 0.271906 0.263446 0.275045 0.353258 0.231061 0.255093 0.235473 0.237218 0.203698 0.183965 0.235082 0.187267 0.15693 0.176089 0.147988 0.150789 0.139483 0.149873 0.123698 0.107142 0.10966 0.113358 0.106884 0.0982694 0.123621 0.120694
# nyrs_ind_age
 30
# nyrs_ind_length
 0
# yrs_ind_age_in
 1 2 3 4 5 6 7 8 9 10 11 12 13 14 15 16 17 18 19 20 21 22 23 24 25 26 27 28 29 30
# yrs_ind_length_in

# yrs_ind_age_in
 1 2 3 4 5 6 7 8 9 10 11 12 13 14 15 16 17 18 19 20 21 22 23 24 25 26 27 28 29 30
# n_sample_ind_length_in

# olc_ind_in

# oac_ind_in
 0.065 0.16 0.105 0.11 0.075 0.085 0.055 0.1 0.03 0.07 0.02 0.125
 0.08 0.165 0.12 0.115 0.095 0.085 0.055 0.045 0.045 0.025 0.035 0.135
 0.045 0.195 0.135 0.145 0.12 0.055 0.035 0.055 0.04 0.02 0.02 0.135
 0.05 0.095 0.215 0.115 0.085 0.065 0.065 0.055 0.045 0.05 0.035 0.125
 0.115 0.1 0.16 0.155 0.08 0.065 0.09 0.04 0.055 0.025 0.015 0.1
 0.075 0.19 0.09 0.12 0.15 0.025 0.065 0.06 0.04 0.05 0.03 0.105
 0.05 0.225 0.205 0.065 0.065 0.105 0.065 0.035 0.035 0.02 0.02 0.11
 0.075 0.135 0.195 0.19 0.055 0.1 0.055 0.05 0.03 0.025 0.02 0.07
 0.075 0.155 0.11 0.16 0.15 0.07 0.06 0.05 0.02 0.03 0.025 0.095
 0.1 0.16 0.16 0.15 0.115 0.1 0.04 0.02 0.03 0.035 0.015 0.075
 0.06 0.205 0.155 0.135 0.06 0.105 0.065 0.06 0.04 0.05 0.02 0.045
 0.045 0.24 0.115 0.21 0.115 0.045 0.075 0.02 0.02 0.025 0.02 0.07
 0.08 0.165 0.18 0.15 0.11 0.09 0.035 0.055 0.03 0.025 0.02 0.06
 0.09 0.16 0.19 0.19 0.135 0.07 0.04 0.02 0.035 0.03 0.01 0.03
 0.07 0.21 0.165 0.135 0.135 0.07 0.045 0.025 0.035 0.015 0.015 0.08
 0.105 0.155 0.195 0.115 0.115 0.085 0.045 0.05 0.025 0.02 0.045 0.045
 0.105 0.175 0.195 0.145 0.085 0.07 0.075 0.035 0.02 0.025 0.02 0.05
 0.07 0.265 0.17 0.13 0.105 0.09 0.055 0.03 0.015 0.005 0.01 0.055
 0.095 0.1 0.235 0.2 0.135 0.06 0.04 0.03 0.01 0.03 0.01 0.055
 0.07 0.23 0.185 0.155 0.105 0.05 0.07 0.04 0.02 0.02 0.025 0.03
 0.19 0.165 0.24 0.08 0.155 0.04 0.045 0.03 0.015 0.01 0 0.03
 0.115 0.235 0.225 0.135 0.075 0.085 0.055 0.025 0.01 0.015 0 0.025
 0.095 0.25 0.25 0.11 0.09 0.045 0.055 0.04 0.01 0.015 0.015 0.025
 0.065 0.225 0.21 0.2 0.115 0.055 0.04 0.025 0.03 0.015 0.01 0.01
 0.15 0.23 0.21 0.14 0.12 0.06 0.015 0.03 0.01 0.015 0.005 0.015
 0.105 0.335 0.21 0.135 0.07 0.09 0.02 0.005 0.005 0.01 0.005 0.01
 0.16 0.205 0.23 0.13 0.07 0.12 0.04 0.015 0.01 0 0.015 0.005
 0.15 0.215 0.205 0.19 0.1 0.045 0.035 0.02 0.005 0.005 0.01 0.02
 0.125 0.29 0.225 0.11 0.145 0.02 0.025 0.02 0.005 0.02 0.005 0.01
 0.1 0.335 0.285 0.14 0.055 0.04 0.015 0.02 0 0.005 0 0.005
# wt_ind
 1 1 1 1 1 1 1 1 1 1 1 1
 1 1 1 1 1 1 1 1 1 1 1 1
 1 1 1 1 1 1 1 1 1 1 1 1
 1 1 1 1 1 1 1 1 1 1 1 1
 1 1 1 1 1 1 1 1 1 1 1 1
 1 1 1 1 1 1 1 1 1 1 1 1
 1 1 1 1 1 1 1 1 1 1 1 1
 1 1 1 1 1 1 1 1 1 1 1 1
 1 1 1 1 1 1 1 1 1 1 1 1
 1 1 1 1 1 1 1 1 1 1 1 1
 1 1 1 1 1 1 1 1 1 1 1 1
 1 1 1 1 1 1 1 1 1 1 1 1
 1 1 1 1 1 1 1 1 1 1 1 1
 1 1 1 1 1 1 1 1 1 1 1 1
 1 1 1 1 1 1 1 1 1 1 1 1
 1 1 1 1 1 1 1 1 1 1 1 1
 1 1 1 1 1 1 1 1 1 1 1 1
 1 1 1 1 1 1 1 1 1 1 1 1
 1 1 1 1 1 1 1 1 1 1 1 1
 1 1 1 1 1 1 1 1 1 1 1 1
 1 1 1 1 1 1 1 1 1 1 1 1
 1 1 1 1 1 1 1 1 1 1 1 1
 1 1 1 1 1 1 1 1 1 1 1 1
 1 1 1 1 1 1 1 1 1 1 1 1
 1 1 1 1 1 1 1 1 1 1 1 1
 1 1 1 1 1 1 1 1 1 1 1 1
 1 1 1 1 1 1 1 1 1 1 1 1
 1 1 1 1 1 1 1 1 1 1 1 1
 1 1 1 1 1 1 1 1 1 1 1 1
 1 1 1 1 1 1 1 1 1 1 1 1
# wt_pop
 0.000530656 0.00119633 0.00205827 0.00303499 0.00405521 0.0050647 0.00602623 0.00691692 0.00772489 0.00844611 0.00908185 0.0096367
# maturity
 0.0229774 0.320821 0.904651 0.99478 0.999739 0.999987 0.999999 1 1 1 1 1
# spawnmo
1
# age_err
 1 0 0 0 0 0 0 0 0 0 0 0
 0 1 0 0 0 0 0 0 0 0 0 0
 0 0 1 0 0 0 0 0 0 0 0 0
 0 0 0 1 0 0 0 0 0 0 0 0
 0 0 0 0 1 0 0 0 0 0 0 0
 0 0 0 0 0 1 0 0 0 0 0 0
 0 0 0 0 0 0 1 0 0 0 0 0
 0 0 0 0 0 0 0 1 0 0 0 0
 0 0 0 0 0 0 0 0 1 0 0 0
 0 0 0 0 0 0 0 0 0 1 0 0
 0 0 0 0 0 0 0 0 0 0 1 0
 0 0 0 0 0 0 0 0 0 0 0 1
# cntrlfile_name
C:\Users\bai.li\Desktop\s1_test\AMAK\s119\amak.dat
# Map shared selectivity: 
# sel_map
 1 2
 1 1
# datafile_name
amak_data.dat
# model_name
OM_1
# SrType
2
# use_age_err
0
# retro
0
# sigmarprior
0.2
# cvsigmarprior
0.25
# phase_sigmar
-3
# styr_rec_est
1
# endyr_rec_est
30
# Linfprior
80
# cvLinfprior
0.25
# kprior
0.18
# cvkprior
0.25
# Loprior
27.688
# cvLoprior
0.25
# sdageprior
0.1
# cvsdageprior
0.25
# natmortprior
0.2
# cvnatmortprior
0.25
# phase_M
-4
# npars_Mage
0
# ages_M_changes

# Mage_in

# phase_Mage
-5
# phase_rw_M
0
# npars_rw_M
0
# yrs_rw_M

# sigma_rw_M

# qprior
 3.48998e-007
# cvqprior
 1
# phase_q
 1
# q_power_prior
 1
# cvq_power_prior
 0.2
# phase_q_power
 -4
# phase_rw_q
 -1
# npars_rw_q
 0
# yrs_rw_q

# sigma_rw_q

# q_age_min
 1
# q_age_max
 12
# q_age_min
 1
# q_age_max
 12
# fsh_sel_opt(k)
2
# phase_sel_fsh(k)
-2
# n_sel_ch_fsh(k)
1
# sel_slp_in_fsh(k)(1,n_sel_ch_fsh(k))
 1
# sel_inf_in_fsh(k)(1,n_sel_ch_fsh(k))
 2
# logsel_slp_in_fsh(k)(1,n_sel_ch_fsh(k))
 0
# yrs_sel_ch_fsh(k)(1,n_sel_ch_fsh(k))
 1

Survey survey_index1
# ind_sel_opt(k)
2
# indname(k)
survey_index1
# nselages_in_ind(k)
11
# phase_sel_ind(k)
-2
# sel_change_in_ind(k)
 1 0 0 0 0 0 0 0 0 0 0 0 0 0 0 0 0 0 0 0 0 0 0 0 0 0 0 0 0 0
# n_sel_ch_ind(k)
1
# yrs_sel_ch_ind(k)(1,n_sel_ch_ind(k))
 1
# sel_slp_in_ind(k,1)
2
# sel_inf_in_ind(k,1)
1.5
# logsel_slp_in_ind(k,1)
0.693147
# logsel_slp_in_indv(k)
0.693147
survey_index1 ind sel opt 2  1 0 0 0 0 0 0 0 0 0 0 0 0 0 0 0 0 0 0 0 0 0 0 0 0 0 0 0 0 0
Phase indices Sel_Coffs:  -1
 Test: 1.23457e+008
# Fshry Selages:  11
# Srvy  Selages:  11
# Phase for age-spec fishery  -1
# Phase for logistic fishery  -2
# Phase for dble logistic fishery  -1
# Phase for age-spec indices   -1
# Phase for logistic indices   -2
# Phase for dble logistic ind  -1
# Curv_pen_fsh: 
 0
# Curv_pen_ind: 
 0
# styr_fut
31
# endyr_fut
35
# nyrs_fsh_age
 30
# nyrs_fsh_age
 30
# yrs_fsh_age
 1 2 3 4 5 6 7 8 9 10 11 12 13 14 15 16 17 18 19 20 21 22 23 24 25 26 27 28 29 30
# n_sample_fsh_age
 200 200 200 200 200 200 200 200 200 200 200 200 200 200 200 200 200 200 200 200 200 200 200 200 200 200 200 200 200 200
# oac_fsh
 0.08 0.075 0.18 0.085 0.09 0.08 0.065 0.06 0.07 0.03 0.04 0.145
 0.085 0.125 0.09 0.11 0.105 0.09 0.1 0.045 0.055 0.04 0.025 0.13
 0.07 0.145 0.17 0.09 0.1 0.1 0.085 0.055 0.06 0.015 0.005 0.105
 0.04 0.095 0.125 0.12 0.125 0.095 0.075 0.055 0.04 0.07 0.035 0.125
 0.12 0.075 0.1 0.135 0.095 0.08 0.08 0.06 0.075 0.045 0.025 0.11
 0.1 0.15 0.095 0.12 0.095 0.08 0.1 0.05 0.04 0.025 0.03 0.115
 0.07 0.18 0.185 0.1 0.055 0.08 0.045 0.055 0.025 0.035 0.055 0.115
 0.09 0.125 0.19 0.14 0.08 0.06 0.075 0.065 0.035 0.025 0.02 0.095
 0.08 0.135 0.13 0.145 0.16 0.075 0.045 0.115 0.03 0.02 0.01 0.055
 0.07 0.115 0.145 0.155 0.15 0.12 0.02 0.03 0.065 0.02 0.015 0.095
 0.115 0.14 0.12 0.125 0.12 0.105 0.06 0.03 0.03 0.035 0.015 0.105
 0.08 0.16 0.225 0.125 0.08 0.045 0.085 0.075 0.02 0.02 0.01 0.075
 0.14 0.115 0.12 0.155 0.1 0.11 0.065 0.04 0.05 0.015 0.02 0.07
 0.1 0.225 0.12 0.11 0.14 0.025 0.095 0.025 0.035 0.045 0.025 0.055
 0.12 0.16 0.15 0.075 0.13 0.12 0.075 0.025 0.045 0.035 0.01 0.055
 0.105 0.1 0.19 0.125 0.105 0.125 0.055 0.04 0.05 0.025 0.025 0.055
 0.125 0.235 0.135 0.155 0.12 0.055 0.07 0.03 0.02 0.005 0.015 0.035
 0.08 0.2 0.225 0.135 0.125 0.07 0.04 0.04 0.01 0.03 0.005 0.04
 0.13 0.19 0.205 0.15 0.135 0.055 0.05 0.02 0.02 0.02 0 0.025
 0.1 0.175 0.17 0.21 0.09 0.1 0.065 0.035 0.02 0.005 0.015 0.015
 0.125 0.13 0.22 0.105 0.165 0.1 0.05 0.04 0.015 0.01 0.015 0.025
 0.185 0.23 0.17 0.1 0.085 0.05 0.095 0.015 0.025 0.015 0.015 0.015
 0.185 0.205 0.175 0.12 0.12 0.055 0.035 0.03 0.02 0.015 0.005 0.035
 0.11 0.185 0.22 0.21 0.065 0.075 0.03 0.04 0.015 0.015 0.015 0.02
 0.2 0.175 0.175 0.185 0.1 0.075 0.035 0.02 0.01 0.015 0 0.01
 0.11 0.255 0.12 0.165 0.155 0.055 0.06 0.025 0.015 0.01 0.01 0.02
 0.095 0.14 0.265 0.195 0.1 0.065 0.07 0.015 0.025 0.015 0 0.015
 0.18 0.22 0.175 0.215 0.09 0.05 0.035 0.01 0.005 0 0.005 0.015
 0.19 0.25 0.22 0.105 0.09 0.065 0.015 0.025 0.005 0.015 0.01 0.01
 0.115 0.3 0.21 0.165 0.075 0.06 0.03 0.01 0.02 0.01 0 0.005
# olc_fsh

# wt_fsh
 0.000530656 0.00119633 0.00205827 0.00303499 0.00405521 0.0050647 0.00602623 0.00691692 0.00772489 0.00844611 0.00908185 0.0096367
 0.000530656 0.00119633 0.00205827 0.00303499 0.00405521 0.0050647 0.00602623 0.00691692 0.00772489 0.00844611 0.00908185 0.0096367
 0.000530656 0.00119633 0.00205827 0.00303499 0.00405521 0.0050647 0.00602623 0.00691692 0.00772489 0.00844611 0.00908185 0.0096367
 0.000530656 0.00119633 0.00205827 0.00303499 0.00405521 0.0050647 0.00602623 0.00691692 0.00772489 0.00844611 0.00908185 0.0096367
 0.000530656 0.00119633 0.00205827 0.00303499 0.00405521 0.0050647 0.00602623 0.00691692 0.00772489 0.00844611 0.00908185 0.0096367
 0.000530656 0.00119633 0.00205827 0.00303499 0.00405521 0.0050647 0.00602623 0.00691692 0.00772489 0.00844611 0.00908185 0.0096367
 0.000530656 0.00119633 0.00205827 0.00303499 0.00405521 0.0050647 0.00602623 0.00691692 0.00772489 0.00844611 0.00908185 0.0096367
 0.000530656 0.00119633 0.00205827 0.00303499 0.00405521 0.0050647 0.00602623 0.00691692 0.00772489 0.00844611 0.00908185 0.0096367
 0.000530656 0.00119633 0.00205827 0.00303499 0.00405521 0.0050647 0.00602623 0.00691692 0.00772489 0.00844611 0.00908185 0.0096367
 0.000530656 0.00119633 0.00205827 0.00303499 0.00405521 0.0050647 0.00602623 0.00691692 0.00772489 0.00844611 0.00908185 0.0096367
 0.000530656 0.00119633 0.00205827 0.00303499 0.00405521 0.0050647 0.00602623 0.00691692 0.00772489 0.00844611 0.00908185 0.0096367
 0.000530656 0.00119633 0.00205827 0.00303499 0.00405521 0.0050647 0.00602623 0.00691692 0.00772489 0.00844611 0.00908185 0.0096367
 0.000530656 0.00119633 0.00205827 0.00303499 0.00405521 0.0050647 0.00602623 0.00691692 0.00772489 0.00844611 0.00908185 0.0096367
 0.000530656 0.00119633 0.00205827 0.00303499 0.00405521 0.0050647 0.00602623 0.00691692 0.00772489 0.00844611 0.00908185 0.0096367
 0.000530656 0.00119633 0.00205827 0.00303499 0.00405521 0.0050647 0.00602623 0.00691692 0.00772489 0.00844611 0.00908185 0.0096367
 0.000530656 0.00119633 0.00205827 0.00303499 0.00405521 0.0050647 0.00602623 0.00691692 0.00772489 0.00844611 0.00908185 0.0096367
 0.000530656 0.00119633 0.00205827 0.00303499 0.00405521 0.0050647 0.00602623 0.00691692 0.00772489 0.00844611 0.00908185 0.0096367
 0.000530656 0.00119633 0.00205827 0.00303499 0.00405521 0.0050647 0.00602623 0.00691692 0.00772489 0.00844611 0.00908185 0.0096367
 0.000530656 0.00119633 0.00205827 0.00303499 0.00405521 0.0050647 0.00602623 0.00691692 0.00772489 0.00844611 0.00908185 0.0096367
 0.000530656 0.00119633 0.00205827 0.00303499 0.00405521 0.0050647 0.00602623 0.00691692 0.00772489 0.00844611 0.00908185 0.0096367
 0.000530656 0.00119633 0.00205827 0.00303499 0.00405521 0.0050647 0.00602623 0.00691692 0.00772489 0.00844611 0.00908185 0.0096367
 0.000530656 0.00119633 0.00205827 0.00303499 0.00405521 0.0050647 0.00602623 0.00691692 0.00772489 0.00844611 0.00908185 0.0096367
 0.000530656 0.00119633 0.00205827 0.00303499 0.00405521 0.0050647 0.00602623 0.00691692 0.00772489 0.00844611 0.00908185 0.0096367
 0.000530656 0.00119633 0.00205827 0.00303499 0.00405521 0.0050647 0.00602623 0.00691692 0.00772489 0.00844611 0.00908185 0.0096367
 0.000530656 0.00119633 0.00205827 0.00303499 0.00405521 0.0050647 0.00602623 0.00691692 0.00772489 0.00844611 0.00908185 0.0096367
 0.000530656 0.00119633 0.00205827 0.00303499 0.00405521 0.0050647 0.00602623 0.00691692 0.00772489 0.00844611 0.00908185 0.0096367
 0.000530656 0.00119633 0.00205827 0.00303499 0.00405521 0.0050647 0.00602623 0.00691692 0.00772489 0.00844611 0.00908185 0.0096367
 0.000530656 0.00119633 0.00205827 0.00303499 0.00405521 0.0050647 0.00602623 0.00691692 0.00772489 0.00844611 0.00908185 0.0096367
 0.000530656 0.00119633 0.00205827 0.00303499 0.00405521 0.0050647 0.00602623 0.00691692 0.00772489 0.00844611 0.00908185 0.0096367
 0.000530656 0.00119633 0.00205827 0.00303499 0.00405521 0.0050647 0.00602623 0.00691692 0.00772489 0.00844611 0.00908185 0.0096367
# nyrs_ind_age
 30
# yrs_ind_age
 1 2 3 4 5 6 7 8 9 10 11 12 13 14 15 16 17 18 19 20 21 22 23 24 25 26 27 28 29 30
# n_sample_ind_age
 200 200 200 200 200 200 200 200 200 200 200 200 200 200 200 200 200 200 200 200 200 200 200 200 200 200 200 200 200 200
# oac_ind
 0.065 0.16 0.105 0.11 0.075 0.085 0.055 0.1 0.03 0.07 0.02 0.125
 0.08 0.165 0.12 0.115 0.095 0.085 0.055 0.045 0.045 0.025 0.035 0.135
 0.045 0.195 0.135 0.145 0.12 0.055 0.035 0.055 0.04 0.02 0.02 0.135
 0.05 0.095 0.215 0.115 0.085 0.065 0.065 0.055 0.045 0.05 0.035 0.125
 0.115 0.1 0.16 0.155 0.08 0.065 0.09 0.04 0.055 0.025 0.015 0.1
 0.075 0.19 0.09 0.12 0.15 0.025 0.065 0.06 0.04 0.05 0.03 0.105
 0.05 0.225 0.205 0.065 0.065 0.105 0.065 0.035 0.035 0.02 0.02 0.11
 0.075 0.135 0.195 0.19 0.055 0.1 0.055 0.05 0.03 0.025 0.02 0.07
 0.075 0.155 0.11 0.16 0.15 0.07 0.06 0.05 0.02 0.03 0.025 0.095
 0.1 0.16 0.16 0.15 0.115 0.1 0.04 0.02 0.03 0.035 0.015 0.075
 0.06 0.205 0.155 0.135 0.06 0.105 0.065 0.06 0.04 0.05 0.02 0.045
 0.045 0.24 0.115 0.21 0.115 0.045 0.075 0.02 0.02 0.025 0.02 0.07
 0.08 0.165 0.18 0.15 0.11 0.09 0.035 0.055 0.03 0.025 0.02 0.06
 0.09 0.16 0.19 0.19 0.135 0.07 0.04 0.02 0.035 0.03 0.01 0.03
 0.07 0.21 0.165 0.135 0.135 0.07 0.045 0.025 0.035 0.015 0.015 0.08
 0.105 0.155 0.195 0.115 0.115 0.085 0.045 0.05 0.025 0.02 0.045 0.045
 0.105 0.175 0.195 0.145 0.085 0.07 0.075 0.035 0.02 0.025 0.02 0.05
 0.07 0.265 0.17 0.13 0.105 0.09 0.055 0.03 0.015 0.005 0.01 0.055
 0.095 0.1 0.235 0.2 0.135 0.06 0.04 0.03 0.01 0.03 0.01 0.055
 0.07 0.23 0.185 0.155 0.105 0.05 0.07 0.04 0.02 0.02 0.025 0.03
 0.19 0.165 0.24 0.08 0.155 0.04 0.045 0.03 0.015 0.01 0 0.03
 0.115 0.235 0.225 0.135 0.075 0.085 0.055 0.025 0.01 0.015 0 0.025
 0.095 0.25 0.25 0.11 0.09 0.045 0.055 0.04 0.01 0.015 0.015 0.025
 0.065 0.225 0.21 0.2 0.115 0.055 0.04 0.025 0.03 0.015 0.01 0.01
 0.15 0.23 0.21 0.14 0.12 0.06 0.015 0.03 0.01 0.015 0.005 0.015
 0.105 0.335 0.21 0.135 0.07 0.09 0.02 0.005 0.005 0.01 0.005 0.01
 0.16 0.205 0.23 0.13 0.07 0.12 0.04 0.015 0.01 0 0.015 0.005
 0.15 0.215 0.205 0.19 0.1 0.045 0.035 0.02 0.005 0.005 0.01 0.02
 0.125 0.29 0.225 0.11 0.145 0.02 0.025 0.02 0.005 0.02 0.005 0.01
 0.1 0.335 0.285 0.14 0.055 0.04 0.015 0.02 0 0.005 0 0.005
# olc_ind

# obs_lse_ind
 0.198042 0.198042 0.198042 0.198042 0.198042 0.198042 0.198042 0.198042 0.198042 0.198042 0.198042 0.198042 0.198042 0.198042 0.198042 0.198042 0.198042 0.198042 0.198042 0.198042 0.198042 0.198042 0.198042 0.198042 0.198042 0.198042 0.198042 0.198042 0.198042 0.198042
# xages_fsh
 0 0 0 0 0 0 0 0 0 0 0 0
# xages_fsh
 0 0.0909091 0.181818 0.272727 0.363636 0.454545 0.545455 0.636364 0.727273 0.818182 0.909091 1
# xnodes_fsh

Yrs fsh_sel change:  1 0 0 0 0 0 0 0 0 0 0 0 0 0 0 0 0 0 0 0 0 0 0 0 0 0 0 0 0
Yrs ind_sel change:  1 0 0 0 0 0 0 0 0 0 0 0 0 0 0 0 0 0 0 0 0 0 0 0 0 0 0 0 0
# steepnessprior
0.75
# sigmarprior
0.2
#  SSB estimated in styr endyr: -12 28 
#  Rec estimated in styr endyr: -10 30 
#  SR Curve fit  in styr endyr: 1 30 
#             Model styr endyr: 1 30 
# qprior
 3.48998e-007
# q_power_prior 
 1 
# cv_catchbiomass 
0.05 
# CatchbiomassPen 
200 
# Number of projection years 
5 
# offset_fsh
 13365.9
# offset_ind
 13100.7
Mean Catch
1276.98
R_guess 
13.8155
# nfsh
1
# n_sel_ch_fsh
 1
# nselages_fsh
 11
# phase_selcoff_fsh
 -1
logRzero 13.8155
logmeanrec 13.8155
exp(log_sigmarprior 0.2
Fish sel phase: -1 OM1
Fixing fishery sel to
1
Fixing fishery sel to
1
Srvy sel phase: -1
Fixing survey_index1 indices sel to
1
Fixing index sel to
1
# logsel_slp_in_indv
 0.693147
Leaving parameter init secton
# M
 0.2 0.2 0.2 0.2 0.2 0.2 0.2 0.2 0.2 0.2 0.2 0.2
 0.2 0.2 0.2 0.2 0.2 0.2 0.2 0.2 0.2 0.2 0.2 0.2
 0.2 0.2 0.2 0.2 0.2 0.2 0.2 0.2 0.2 0.2 0.2 0.2
 0.2 0.2 0.2 0.2 0.2 0.2 0.2 0.2 0.2 0.2 0.2 0.2
 0.2 0.2 0.2 0.2 0.2 0.2 0.2 0.2 0.2 0.2 0.2 0.2
 0.2 0.2 0.2 0.2 0.2 0.2 0.2 0.2 0.2 0.2 0.2 0.2
 0.2 0.2 0.2 0.2 0.2 0.2 0.2 0.2 0.2 0.2 0.2 0.2
 0.2 0.2 0.2 0.2 0.2 0.2 0.2 0.2 0.2 0.2 0.2 0.2
 0.2 0.2 0.2 0.2 0.2 0.2 0.2 0.2 0.2 0.2 0.2 0.2
 0.2 0.2 0.2 0.2 0.2 0.2 0.2 0.2 0.2 0.2 0.2 0.2
 0.2 0.2 0.2 0.2 0.2 0.2 0.2 0.2 0.2 0.2 0.2 0.2
 0.2 0.2 0.2 0.2 0.2 0.2 0.2 0.2 0.2 0.2 0.2 0.2
 0.2 0.2 0.2 0.2 0.2 0.2 0.2 0.2 0.2 0.2 0.2 0.2
 0.2 0.2 0.2 0.2 0.2 0.2 0.2 0.2 0.2 0.2 0.2 0.2
 0.2 0.2 0.2 0.2 0.2 0.2 0.2 0.2 0.2 0.2 0.2 0.2
 0.2 0.2 0.2 0.2 0.2 0.2 0.2 0.2 0.2 0.2 0.2 0.2
 0.2 0.2 0.2 0.2 0.2 0.2 0.2 0.2 0.2 0.2 0.2 0.2
 0.2 0.2 0.2 0.2 0.2 0.2 0.2 0.2 0.2 0.2 0.2 0.2
 0.2 0.2 0.2 0.2 0.2 0.2 0.2 0.2 0.2 0.2 0.2 0.2
 0.2 0.2 0.2 0.2 0.2 0.2 0.2 0.2 0.2 0.2 0.2 0.2
 0.2 0.2 0.2 0.2 0.2 0.2 0.2 0.2 0.2 0.2 0.2 0.2
 0.2 0.2 0.2 0.2 0.2 0.2 0.2 0.2 0.2 0.2 0.2 0.2
 0.2 0.2 0.2 0.2 0.2 0.2 0.2 0.2 0.2 0.2 0.2 0.2
 0.2 0.2 0.2 0.2 0.2 0.2 0.2 0.2 0.2 0.2 0.2 0.2
 0.2 0.2 0.2 0.2 0.2 0.2 0.2 0.2 0.2 0.2 0.2 0.2
 0.2 0.2 0.2 0.2 0.2 0.2 0.2 0.2 0.2 0.2 0.2 0.2
 0.2 0.2 0.2 0.2 0.2 0.2 0.2 0.2 0.2 0.2 0.2 0.2
 0.2 0.2 0.2 0.2 0.2 0.2 0.2 0.2 0.2 0.2 0.2 0.2
 0.2 0.2 0.2 0.2 0.2 0.2 0.2 0.2 0.2 0.2 0.2 0.2
 0.2 0.2 0.2 0.2 0.2 0.2 0.2 0.2 0.2 0.2 0.2 0.2
# mean_log_rec
13.7081
# log_Rzero
13.7938
# rec_dev
 -0.114163 -0.082781 0.0330841 -0.128926 0.0476598 0.0102216 0.0422129 0.058407 -0.0242961 0.0802282 0.0276484 0.0843875 0.336006 -0.0213551 -0.173716 0.428899 0.410084 0.0314715 0.124377 0.0406609 0.165139 0.161048 -0.0941384 0.055211 0.118412 -0.00952998 0.143852 0.179008 -0.279519 -0.0881501 -0.24162 0.0356457 -0.0411173 -0.236814 -0.354994 -0.0280495 -0.454728 -0.235191 -0.0677693 -0.0056708 -0.402876
# fmort
 0.00965952 0.0282324 0.0471236 0.0639184 0.0514613 0.0924649 0.0931413 0.195554 0.115061 0.140774 0.161646 0.172107 0.12402 0.180247 0.190084 0.170971 0.335407 0.271313 0.26758 0.262406 0.360322 0.261362 0.428184 0.360023 0.357257 0.325477 0.318516 0.446362 0.331062 0.49751
# rec_dev_future
 0 0 0 0 0
