AMAK;August_2013
# styr
1
# endyr
30
# rec_age
1
# oldest_age
12
# nlength
81
# len_bins
 10 11 12 13 14 15 16 17 18 19 20 21 22 23 24 25 26 27 28 29 30 31 32 33 34 35 36 37 38 39 40 41 42 43 44 45 46 47 48 49 50 51 52 53 54 55 56 57 58 59 60 61 62 63 64 65 66 67 68 69 70 71 72 73 74 75 76 77 78 79 80 81 82 83 84 85 86 87 88 89 90
# datafile_name
amak_data.dat
# model_name
OM_1
# styr
1
# endyr
30
# rec_age
1
# oldest_age
12
# nfsh
1
# fshname
OM1
# catch_bio_in
 159.997 467.376 753.296 996.263 767.041 1309 1285.03 2493.34 1330.87 1521.98 1616.85 1618.98 1110.64 1525.8 1499.79 1286.02 2265.3 1600.45 1455.78 1320.32 1620.75 1078.58 1636.12 1203.73 1114.86 973.763 927.564 1212.75 872.856 1278.18
# catch_bio_sd_in
 0.01 0.01 0.01 0.01 0.01 0.01 0.01 0.01 0.01 0.01 0.01 0.01 0.01 0.01 0.01 0.01 0.01 0.01 0.01 0.01 0.01 0.01 0.01 0.01 0.01 0.01 0.01 0.01 0.01 0.01
# nyrs_fsh_age
 30
# nyrs_fsh_length
 0
# yrs_fsh_age_in
 1 2 3 4 5 6 7 8 9 10 11 12 13 14 15 16 17 18 19 20 21 22 23 24 25 26 27 28 29 30
# yrs_fsh_length_in

# n_sample_fsh_length_in

# olc_fsh_in

# nind
1
# indname
survey_index1
# nyrs_ind
 30
# yrs_ind_in
 1 2 3 4 5 6 7 8 9 10 11 12 13 14 15 16 17 18 19 20 21 22 23 24 25 26 27 28 29 30
# mo_ind
 1
# obs_ind_in
 1.33871 1.82248 1.3996 1.41505 1.23135 1.57129 1.61485 1.2943 1.16044 1.06738 1.08414 0.968867 0.853934 1.07973 1.26654 0.918003 0.92808 0.840902 0.736248 0.707781 0.828417 0.580373 0.75072 0.616462 0.578659 0.544929 0.472636 0.578869 0.503233 0.576452
# obs_se_ind_in
 0.267742 0.364495 0.27992 0.283011 0.246271 0.314259 0.32297 0.258859 0.232088 0.213476 0.216828 0.193773 0.170787 0.215947 0.253309 0.183601 0.185616 0.16818 0.14725 0.141556 0.165683 0.116075 0.150144 0.123292 0.115732 0.108986 0.0945273 0.115774 0.100647 0.11529
# nyrs_ind_age
 30
# nyrs_ind_length
 0
# yrs_ind_age_in
 1 2 3 4 5 6 7 8 9 10 11 12 13 14 15 16 17 18 19 20 21 22 23 24 25 26 27 28 29 30
# yrs_ind_length_in

# yrs_ind_age_in
 1 2 3 4 5 6 7 8 9 10 11 12 13 14 15 16 17 18 19 20 21 22 23 24 25 26 27 28 29 30
# n_sample_ind_length_in

# olc_ind_in

# oac_ind_in
 0.055 0.105 0.185 0.09 0.075 0.09 0.065 0.05 0.065 0.035 0.065 0.12
 0.095 0.15 0.11 0.145 0.115 0.04 0.08 0.075 0.035 0.035 0.04 0.08
 0.055 0.2 0.11 0.115 0.115 0.06 0.08 0.04 0.04 0.045 0.015 0.125
 0.065 0.12 0.145 0.105 0.11 0.12 0.045 0.065 0.04 0.04 0.045 0.1
 0.1 0.095 0.135 0.155 0.085 0.095 0.07 0.055 0.035 0.025 0.035 0.115
 0.045 0.155 0.12 0.115 0.185 0.05 0.085 0.025 0.06 0.055 0.02 0.085
 0.065 0.215 0.155 0.12 0.085 0.06 0.07 0.05 0.035 0.03 0.035 0.08
 0.06 0.16 0.19 0.1 0.085 0.09 0.055 0.065 0.04 0.02 0.04 0.095
 0.055 0.225 0.145 0.155 0.14 0.055 0.04 0.045 0.04 0.015 0.015 0.07
 0.065 0.17 0.245 0.115 0.12 0.065 0.05 0.04 0.03 0.025 0.015 0.06
 0.08 0.165 0.2 0.135 0.09 0.095 0.075 0.02 0.045 0.035 0 0.06
 0.055 0.225 0.175 0.14 0.11 0.04 0.075 0.06 0.025 0.035 0.01 0.05
 0.07 0.16 0.205 0.11 0.1 0.095 0.055 0.05 0.04 0.015 0.005 0.095
 0.1 0.215 0.125 0.115 0.145 0.08 0.065 0.045 0.03 0 0.015 0.065
 0.075 0.22 0.14 0.085 0.125 0.07 0.075 0.045 0.01 0.035 0.045 0.075
 0.07 0.18 0.22 0.125 0.11 0.095 0.075 0.045 0.015 0.01 0.005 0.05
 0.09 0.26 0.16 0.16 0.09 0.085 0.04 0.035 0.01 0.035 0 0.035
 0.07 0.245 0.26 0.125 0.075 0.05 0.045 0.01 0.04 0.025 0.02 0.035
 0.08 0.165 0.25 0.16 0.08 0.08 0.035 0.045 0.03 0.015 0.025 0.035
 0.06 0.24 0.195 0.16 0.1 0.06 0.07 0.035 0.015 0.015 0.015 0.035
 0.095 0.145 0.205 0.17 0.16 0.08 0.04 0.025 0.02 0.015 0.01 0.035
 0.145 0.275 0.215 0.125 0.065 0.06 0.035 0.02 0.03 0 0.01 0.02
 0.11 0.285 0.265 0.1 0.08 0.055 0.03 0.01 0.015 0.005 0.015 0.03
 0.115 0.205 0.27 0.21 0.045 0.05 0.02 0.04 0.015 0.01 0.005 0.015
 0.165 0.19 0.17 0.17 0.135 0.03 0.08 0.02 0.01 0.02 0.005 0.005
 0.06 0.27 0.21 0.145 0.12 0.1 0.03 0.02 0.005 0.02 0 0.02
 0.12 0.14 0.335 0.145 0.095 0.09 0.03 0.01 0.02 0 0.01 0.005
 0.16 0.3 0.205 0.145 0.07 0.04 0.025 0.02 0.005 0.01 0.005 0.015
 0.175 0.29 0.21 0.115 0.085 0.05 0.035 0.02 0.02 0 0 0
 0.07 0.345 0.195 0.115 0.08 0.075 0.025 0.045 0.025 0.01 0.005 0.01
# wt_ind
 1 1 1 1 1 1 1 1 1 1 1 1
 1 1 1 1 1 1 1 1 1 1 1 1
 1 1 1 1 1 1 1 1 1 1 1 1
 1 1 1 1 1 1 1 1 1 1 1 1
 1 1 1 1 1 1 1 1 1 1 1 1
 1 1 1 1 1 1 1 1 1 1 1 1
 1 1 1 1 1 1 1 1 1 1 1 1
 1 1 1 1 1 1 1 1 1 1 1 1
 1 1 1 1 1 1 1 1 1 1 1 1
 1 1 1 1 1 1 1 1 1 1 1 1
 1 1 1 1 1 1 1 1 1 1 1 1
 1 1 1 1 1 1 1 1 1 1 1 1
 1 1 1 1 1 1 1 1 1 1 1 1
 1 1 1 1 1 1 1 1 1 1 1 1
 1 1 1 1 1 1 1 1 1 1 1 1
 1 1 1 1 1 1 1 1 1 1 1 1
 1 1 1 1 1 1 1 1 1 1 1 1
 1 1 1 1 1 1 1 1 1 1 1 1
 1 1 1 1 1 1 1 1 1 1 1 1
 1 1 1 1 1 1 1 1 1 1 1 1
 1 1 1 1 1 1 1 1 1 1 1 1
 1 1 1 1 1 1 1 1 1 1 1 1
 1 1 1 1 1 1 1 1 1 1 1 1
 1 1 1 1 1 1 1 1 1 1 1 1
 1 1 1 1 1 1 1 1 1 1 1 1
 1 1 1 1 1 1 1 1 1 1 1 1
 1 1 1 1 1 1 1 1 1 1 1 1
 1 1 1 1 1 1 1 1 1 1 1 1
 1 1 1 1 1 1 1 1 1 1 1 1
 1 1 1 1 1 1 1 1 1 1 1 1
# wt_pop
 0.000530656 0.00119633 0.00205827 0.00303499 0.00405521 0.0050647 0.00602623 0.00691692 0.00772489 0.00844611 0.00908185 0.0096367
# maturity
 0.0229774 0.320821 0.904651 0.99478 0.999739 0.999987 0.999999 1 1 1 1 1
# spawnmo
1
# age_err
 1 0 0 0 0 0 0 0 0 0 0 0
 0 1 0 0 0 0 0 0 0 0 0 0
 0 0 1 0 0 0 0 0 0 0 0 0
 0 0 0 1 0 0 0 0 0 0 0 0
 0 0 0 0 1 0 0 0 0 0 0 0
 0 0 0 0 0 1 0 0 0 0 0 0
 0 0 0 0 0 0 1 0 0 0 0 0
 0 0 0 0 0 0 0 1 0 0 0 0
 0 0 0 0 0 0 0 0 1 0 0 0
 0 0 0 0 0 0 0 0 0 1 0 0
 0 0 0 0 0 0 0 0 0 0 1 0
 0 0 0 0 0 0 0 0 0 0 0 1
# cntrlfile_name
C:\Users\bai.li\Desktop\s1_test\AMAK\s115\amak.dat
# Map shared selectivity: 
# sel_map
 1 2
 1 1
# datafile_name
amak_data.dat
# model_name
OM_1
# SrType
2
# use_age_err
0
# retro
0
# sigmarprior
0.2
# cvsigmarprior
0.25
# phase_sigmar
-3
# styr_rec_est
1
# endyr_rec_est
30
# Linfprior
80
# cvLinfprior
0.25
# kprior
0.18
# cvkprior
0.25
# Loprior
27.688
# cvLoprior
0.25
# sdageprior
0.1
# cvsdageprior
0.25
# natmortprior
0.2
# cvnatmortprior
0.25
# phase_M
-4
# npars_Mage
0
# ages_M_changes

# Mage_in

# phase_Mage
-5
# phase_rw_M
0
# npars_rw_M
0
# yrs_rw_M

# sigma_rw_M

# qprior
 3.48998e-007
# cvqprior
 1
# phase_q
 1
# q_power_prior
 1
# cvq_power_prior
 0.2
# phase_q_power
 -4
# phase_rw_q
 -1
# npars_rw_q
 0
# yrs_rw_q

# sigma_rw_q

# q_age_min
 1
# q_age_max
 12
# q_age_min
 1
# q_age_max
 12
# fsh_sel_opt(k)
2
# phase_sel_fsh(k)
-2
# n_sel_ch_fsh(k)
1
# sel_slp_in_fsh(k)(1,n_sel_ch_fsh(k))
 1
# sel_inf_in_fsh(k)(1,n_sel_ch_fsh(k))
 2
# logsel_slp_in_fsh(k)(1,n_sel_ch_fsh(k))
 0
# yrs_sel_ch_fsh(k)(1,n_sel_ch_fsh(k))
 1

Survey survey_index1
# ind_sel_opt(k)
2
# indname(k)
survey_index1
# nselages_in_ind(k)
11
# phase_sel_ind(k)
-2
# sel_change_in_ind(k)
 1 0 0 0 0 0 0 0 0 0 0 0 0 0 0 0 0 0 0 0 0 0 0 0 0 0 0 0 0 0
# n_sel_ch_ind(k)
1
# yrs_sel_ch_ind(k)(1,n_sel_ch_ind(k))
 1
# sel_slp_in_ind(k,1)
2
# sel_inf_in_ind(k,1)
1.5
# logsel_slp_in_ind(k,1)
0.693147
# logsel_slp_in_indv(k)
0.693147
survey_index1 ind sel opt 2  1 0 0 0 0 0 0 0 0 0 0 0 0 0 0 0 0 0 0 0 0 0 0 0 0 0 0 0 0 0
Phase indices Sel_Coffs:  -1
 Test: 1.23457e+008
# Fshry Selages:  11
# Srvy  Selages:  11
# Phase for age-spec fishery  -1
# Phase for logistic fishery  -2
# Phase for dble logistic fishery  -1
# Phase for age-spec indices   -1
# Phase for logistic indices   -2
# Phase for dble logistic ind  -1
# Curv_pen_fsh: 
 0
# Curv_pen_ind: 
 0
# styr_fut
31
# endyr_fut
35
# nyrs_fsh_age
 30
# nyrs_fsh_age
 30
# yrs_fsh_age
 1 2 3 4 5 6 7 8 9 10 11 12 13 14 15 16 17 18 19 20 21 22 23 24 25 26 27 28 29 30
# n_sample_fsh_age
 200 200 200 200 200 200 200 200 200 200 200 200 200 200 200 200 200 200 200 200 200 200 200 200 200 200 200 200 200 200
# oac_fsh
 0.045 0.065 0.155 0.1 0.095 0.145 0.1 0.045 0.05 0.04 0.01 0.15
 0.09 0.13 0.105 0.08 0.085 0.095 0.08 0.08 0.04 0.04 0.03 0.145
 0.06 0.13 0.135 0.135 0.115 0.075 0.05 0.055 0.035 0.055 0.02 0.135
 0.085 0.085 0.14 0.11 0.09 0.06 0.065 0.07 0.04 0.045 0.055 0.155
 0.095 0.075 0.145 0.175 0.05 0.075 0.09 0.08 0.045 0.045 0.025 0.1
 0.095 0.15 0.095 0.1 0.155 0.075 0.055 0.045 0.05 0.03 0.04 0.11
 0.09 0.125 0.15 0.125 0.1 0.13 0.04 0.05 0.035 0.04 0.03 0.085
 0.125 0.11 0.185 0.14 0.08 0.105 0.07 0.035 0.01 0.03 0.03 0.08
 0.05 0.14 0.12 0.145 0.135 0.065 0.055 0.07 0.03 0.02 0.02 0.15
 0.095 0.105 0.19 0.12 0.14 0.085 0.065 0.05 0.04 0.025 0.005 0.08
 0.055 0.17 0.145 0.17 0.125 0.1 0.06 0.03 0.03 0.015 0.02 0.08
 0.08 0.15 0.115 0.115 0.125 0.105 0.08 0.08 0.01 0.04 0.03 0.07
 0.12 0.1 0.16 0.15 0.075 0.125 0.055 0.045 0.05 0.015 0.02 0.085
 0.12 0.16 0.095 0.165 0.12 0.06 0.09 0.035 0.03 0.035 0.015 0.075
 0.12 0.135 0.125 0.11 0.165 0.085 0.05 0.055 0.02 0.02 0.03 0.085
 0.09 0.13 0.165 0.115 0.115 0.125 0.08 0.05 0.04 0.025 0.02 0.045
 0.135 0.13 0.17 0.195 0.065 0.07 0.075 0.065 0.04 0.015 0 0.04
 0.06 0.195 0.21 0.11 0.135 0.07 0.025 0.045 0.035 0.04 0.035 0.04
 0.105 0.125 0.23 0.17 0.1 0.06 0.06 0.04 0.02 0.025 0.02 0.045
 0.09 0.185 0.18 0.145 0.14 0.075 0.055 0.01 0.03 0.02 0.005 0.065
 0.21 0.15 0.145 0.1 0.13 0.11 0.06 0.035 0.02 0.01 0.005 0.025
 0.095 0.25 0.19 0.15 0.075 0.095 0.03 0.04 0.025 0.01 0 0.04
 0.115 0.215 0.255 0.145 0.08 0.045 0.06 0.035 0.01 0.02 0 0.02
 0.125 0.185 0.285 0.15 0.08 0.05 0.025 0.025 0.04 0.01 0.005 0.02
 0.245 0.15 0.16 0.175 0.135 0.065 0.025 0.02 0.02 0 0 0.005
 0.11 0.24 0.195 0.16 0.11 0.08 0.03 0.025 0.02 0.015 0.005 0.01
 0.17 0.18 0.235 0.18 0.08 0.04 0.055 0.015 0.03 0.005 0.01 0
 0.175 0.19 0.155 0.175 0.095 0.085 0.03 0.025 0.015 0.015 0.005 0.035
 0.215 0.245 0.185 0.1 0.1 0.06 0.03 0.03 0.02 0.005 0.005 0.005
 0.17 0.32 0.15 0.12 0.09 0.075 0.03 0.02 0.005 0.015 0 0.005
# olc_fsh

# wt_fsh
 0.000530656 0.00119633 0.00205827 0.00303499 0.00405521 0.0050647 0.00602623 0.00691692 0.00772489 0.00844611 0.00908185 0.0096367
 0.000530656 0.00119633 0.00205827 0.00303499 0.00405521 0.0050647 0.00602623 0.00691692 0.00772489 0.00844611 0.00908185 0.0096367
 0.000530656 0.00119633 0.00205827 0.00303499 0.00405521 0.0050647 0.00602623 0.00691692 0.00772489 0.00844611 0.00908185 0.0096367
 0.000530656 0.00119633 0.00205827 0.00303499 0.00405521 0.0050647 0.00602623 0.00691692 0.00772489 0.00844611 0.00908185 0.0096367
 0.000530656 0.00119633 0.00205827 0.00303499 0.00405521 0.0050647 0.00602623 0.00691692 0.00772489 0.00844611 0.00908185 0.0096367
 0.000530656 0.00119633 0.00205827 0.00303499 0.00405521 0.0050647 0.00602623 0.00691692 0.00772489 0.00844611 0.00908185 0.0096367
 0.000530656 0.00119633 0.00205827 0.00303499 0.00405521 0.0050647 0.00602623 0.00691692 0.00772489 0.00844611 0.00908185 0.0096367
 0.000530656 0.00119633 0.00205827 0.00303499 0.00405521 0.0050647 0.00602623 0.00691692 0.00772489 0.00844611 0.00908185 0.0096367
 0.000530656 0.00119633 0.00205827 0.00303499 0.00405521 0.0050647 0.00602623 0.00691692 0.00772489 0.00844611 0.00908185 0.0096367
 0.000530656 0.00119633 0.00205827 0.00303499 0.00405521 0.0050647 0.00602623 0.00691692 0.00772489 0.00844611 0.00908185 0.0096367
 0.000530656 0.00119633 0.00205827 0.00303499 0.00405521 0.0050647 0.00602623 0.00691692 0.00772489 0.00844611 0.00908185 0.0096367
 0.000530656 0.00119633 0.00205827 0.00303499 0.00405521 0.0050647 0.00602623 0.00691692 0.00772489 0.00844611 0.00908185 0.0096367
 0.000530656 0.00119633 0.00205827 0.00303499 0.00405521 0.0050647 0.00602623 0.00691692 0.00772489 0.00844611 0.00908185 0.0096367
 0.000530656 0.00119633 0.00205827 0.00303499 0.00405521 0.0050647 0.00602623 0.00691692 0.00772489 0.00844611 0.00908185 0.0096367
 0.000530656 0.00119633 0.00205827 0.00303499 0.00405521 0.0050647 0.00602623 0.00691692 0.00772489 0.00844611 0.00908185 0.0096367
 0.000530656 0.00119633 0.00205827 0.00303499 0.00405521 0.0050647 0.00602623 0.00691692 0.00772489 0.00844611 0.00908185 0.0096367
 0.000530656 0.00119633 0.00205827 0.00303499 0.00405521 0.0050647 0.00602623 0.00691692 0.00772489 0.00844611 0.00908185 0.0096367
 0.000530656 0.00119633 0.00205827 0.00303499 0.00405521 0.0050647 0.00602623 0.00691692 0.00772489 0.00844611 0.00908185 0.0096367
 0.000530656 0.00119633 0.00205827 0.00303499 0.00405521 0.0050647 0.00602623 0.00691692 0.00772489 0.00844611 0.00908185 0.0096367
 0.000530656 0.00119633 0.00205827 0.00303499 0.00405521 0.0050647 0.00602623 0.00691692 0.00772489 0.00844611 0.00908185 0.0096367
 0.000530656 0.00119633 0.00205827 0.00303499 0.00405521 0.0050647 0.00602623 0.00691692 0.00772489 0.00844611 0.00908185 0.0096367
 0.000530656 0.00119633 0.00205827 0.00303499 0.00405521 0.0050647 0.00602623 0.00691692 0.00772489 0.00844611 0.00908185 0.0096367
 0.000530656 0.00119633 0.00205827 0.00303499 0.00405521 0.0050647 0.00602623 0.00691692 0.00772489 0.00844611 0.00908185 0.0096367
 0.000530656 0.00119633 0.00205827 0.00303499 0.00405521 0.0050647 0.00602623 0.00691692 0.00772489 0.00844611 0.00908185 0.0096367
 0.000530656 0.00119633 0.00205827 0.00303499 0.00405521 0.0050647 0.00602623 0.00691692 0.00772489 0.00844611 0.00908185 0.0096367
 0.000530656 0.00119633 0.00205827 0.00303499 0.00405521 0.0050647 0.00602623 0.00691692 0.00772489 0.00844611 0.00908185 0.0096367
 0.000530656 0.00119633 0.00205827 0.00303499 0.00405521 0.0050647 0.00602623 0.00691692 0.00772489 0.00844611 0.00908185 0.0096367
 0.000530656 0.00119633 0.00205827 0.00303499 0.00405521 0.0050647 0.00602623 0.00691692 0.00772489 0.00844611 0.00908185 0.0096367
 0.000530656 0.00119633 0.00205827 0.00303499 0.00405521 0.0050647 0.00602623 0.00691692 0.00772489 0.00844611 0.00908185 0.0096367
 0.000530656 0.00119633 0.00205827 0.00303499 0.00405521 0.0050647 0.00602623 0.00691692 0.00772489 0.00844611 0.00908185 0.0096367
# nyrs_ind_age
 30
# yrs_ind_age
 1 2 3 4 5 6 7 8 9 10 11 12 13 14 15 16 17 18 19 20 21 22 23 24 25 26 27 28 29 30
# n_sample_ind_age
 200 200 200 200 200 200 200 200 200 200 200 200 200 200 200 200 200 200 200 200 200 200 200 200 200 200 200 200 200 200
# oac_ind
 0.055 0.105 0.185 0.09 0.075 0.09 0.065 0.05 0.065 0.035 0.065 0.12
 0.095 0.15 0.11 0.145 0.115 0.04 0.08 0.075 0.035 0.035 0.04 0.08
 0.055 0.2 0.11 0.115 0.115 0.06 0.08 0.04 0.04 0.045 0.015 0.125
 0.065 0.12 0.145 0.105 0.11 0.12 0.045 0.065 0.04 0.04 0.045 0.1
 0.1 0.095 0.135 0.155 0.085 0.095 0.07 0.055 0.035 0.025 0.035 0.115
 0.045 0.155 0.12 0.115 0.185 0.05 0.085 0.025 0.06 0.055 0.02 0.085
 0.065 0.215 0.155 0.12 0.085 0.06 0.07 0.05 0.035 0.03 0.035 0.08
 0.06 0.16 0.19 0.1 0.085 0.09 0.055 0.065 0.04 0.02 0.04 0.095
 0.055 0.225 0.145 0.155 0.14 0.055 0.04 0.045 0.04 0.015 0.015 0.07
 0.065 0.17 0.245 0.115 0.12 0.065 0.05 0.04 0.03 0.025 0.015 0.06
 0.08 0.165 0.2 0.135 0.09 0.095 0.075 0.02 0.045 0.035 0 0.06
 0.055 0.225 0.175 0.14 0.11 0.04 0.075 0.06 0.025 0.035 0.01 0.05
 0.07 0.16 0.205 0.11 0.1 0.095 0.055 0.05 0.04 0.015 0.005 0.095
 0.1 0.215 0.125 0.115 0.145 0.08 0.065 0.045 0.03 0 0.015 0.065
 0.075 0.22 0.14 0.085 0.125 0.07 0.075 0.045 0.01 0.035 0.045 0.075
 0.07 0.18 0.22 0.125 0.11 0.095 0.075 0.045 0.015 0.01 0.005 0.05
 0.09 0.26 0.16 0.16 0.09 0.085 0.04 0.035 0.01 0.035 0 0.035
 0.07 0.245 0.26 0.125 0.075 0.05 0.045 0.01 0.04 0.025 0.02 0.035
 0.08 0.165 0.25 0.16 0.08 0.08 0.035 0.045 0.03 0.015 0.025 0.035
 0.06 0.24 0.195 0.16 0.1 0.06 0.07 0.035 0.015 0.015 0.015 0.035
 0.095 0.145 0.205 0.17 0.16 0.08 0.04 0.025 0.02 0.015 0.01 0.035
 0.145 0.275 0.215 0.125 0.065 0.06 0.035 0.02 0.03 0 0.01 0.02
 0.11 0.285 0.265 0.1 0.08 0.055 0.03 0.01 0.015 0.005 0.015 0.03
 0.115 0.205 0.27 0.21 0.045 0.05 0.02 0.04 0.015 0.01 0.005 0.015
 0.165 0.19 0.17 0.17 0.135 0.03 0.08 0.02 0.01 0.02 0.005 0.005
 0.06 0.27 0.21 0.145 0.12 0.1 0.03 0.02 0.005 0.02 0 0.02
 0.12 0.14 0.335 0.145 0.095 0.09 0.03 0.01 0.02 0 0.01 0.005
 0.16 0.3 0.205 0.145 0.07 0.04 0.025 0.02 0.005 0.01 0.005 0.015
 0.175 0.29 0.21 0.115 0.085 0.05 0.035 0.02 0.02 0 0 0
 0.07 0.345 0.195 0.115 0.08 0.075 0.025 0.045 0.025 0.01 0.005 0.01
# olc_ind

# obs_lse_ind
 0.198042 0.198042 0.198042 0.198042 0.198042 0.198042 0.198042 0.198042 0.198042 0.198042 0.198042 0.198042 0.198042 0.198042 0.198042 0.198042 0.198042 0.198042 0.198042 0.198042 0.198042 0.198042 0.198042 0.198042 0.198042 0.198042 0.198042 0.198042 0.198042 0.198042
# xages_fsh
 0 0 0 0 0 0 0 0 0 0 0 0
# xages_fsh
 0 0.0909091 0.181818 0.272727 0.363636 0.454545 0.545455 0.636364 0.727273 0.818182 0.909091 1
# xnodes_fsh

Yrs fsh_sel change:  1 0 0 0 0 0 0 0 0 0 0 0 0 0 0 0 0 0 0 0 0 0 0 0 0 0 0 0 0
Yrs ind_sel change:  1 0 0 0 0 0 0 0 0 0 0 0 0 0 0 0 0 0 0 0 0 0 0 0 0 0 0 0 0
# steepnessprior
0.75
# sigmarprior
0.2
#  SSB estimated in styr endyr: -12 28 
#  Rec estimated in styr endyr: -10 30 
#  SR Curve fit  in styr endyr: 1 30 
#             Model styr endyr: 1 30 
# qprior
 3.48998e-007
# q_power_prior 
 1 
# cv_catchbiomass 
0.05 
# CatchbiomassPen 
200 
# Number of projection years 
5 
# offset_fsh
 13434.9
# offset_ind
 13103.7
Mean Catch
1276.78
R_guess 
13.8155
# nfsh
1
# n_sel_ch_fsh
 1
# nselages_fsh
 11
# phase_selcoff_fsh
 -1
logRzero 13.8155
logmeanrec 13.8155
exp(log_sigmarprior 0.2
Fish sel phase: -1 OM1
Fixing fishery sel to
1
Fixing fishery sel to
1
Srvy sel phase: -1
Fixing survey_index1 indices sel to
1
Fixing index sel to
1
# logsel_slp_in_indv
 0.693147
Leaving parameter init secton
# M
 0.2 0.2 0.2 0.2 0.2 0.2 0.2 0.2 0.2 0.2 0.2 0.2
 0.2 0.2 0.2 0.2 0.2 0.2 0.2 0.2 0.2 0.2 0.2 0.2
 0.2 0.2 0.2 0.2 0.2 0.2 0.2 0.2 0.2 0.2 0.2 0.2
 0.2 0.2 0.2 0.2 0.2 0.2 0.2 0.2 0.2 0.2 0.2 0.2
 0.2 0.2 0.2 0.2 0.2 0.2 0.2 0.2 0.2 0.2 0.2 0.2
 0.2 0.2 0.2 0.2 0.2 0.2 0.2 0.2 0.2 0.2 0.2 0.2
 0.2 0.2 0.2 0.2 0.2 0.2 0.2 0.2 0.2 0.2 0.2 0.2
 0.2 0.2 0.2 0.2 0.2 0.2 0.2 0.2 0.2 0.2 0.2 0.2
 0.2 0.2 0.2 0.2 0.2 0.2 0.2 0.2 0.2 0.2 0.2 0.2
 0.2 0.2 0.2 0.2 0.2 0.2 0.2 0.2 0.2 0.2 0.2 0.2
 0.2 0.2 0.2 0.2 0.2 0.2 0.2 0.2 0.2 0.2 0.2 0.2
 0.2 0.2 0.2 0.2 0.2 0.2 0.2 0.2 0.2 0.2 0.2 0.2
 0.2 0.2 0.2 0.2 0.2 0.2 0.2 0.2 0.2 0.2 0.2 0.2
 0.2 0.2 0.2 0.2 0.2 0.2 0.2 0.2 0.2 0.2 0.2 0.2
 0.2 0.2 0.2 0.2 0.2 0.2 0.2 0.2 0.2 0.2 0.2 0.2
 0.2 0.2 0.2 0.2 0.2 0.2 0.2 0.2 0.2 0.2 0.2 0.2
 0.2 0.2 0.2 0.2 0.2 0.2 0.2 0.2 0.2 0.2 0.2 0.2
 0.2 0.2 0.2 0.2 0.2 0.2 0.2 0.2 0.2 0.2 0.2 0.2
 0.2 0.2 0.2 0.2 0.2 0.2 0.2 0.2 0.2 0.2 0.2 0.2
 0.2 0.2 0.2 0.2 0.2 0.2 0.2 0.2 0.2 0.2 0.2 0.2
 0.2 0.2 0.2 0.2 0.2 0.2 0.2 0.2 0.2 0.2 0.2 0.2
 0.2 0.2 0.2 0.2 0.2 0.2 0.2 0.2 0.2 0.2 0.2 0.2
 0.2 0.2 0.2 0.2 0.2 0.2 0.2 0.2 0.2 0.2 0.2 0.2
 0.2 0.2 0.2 0.2 0.2 0.2 0.2 0.2 0.2 0.2 0.2 0.2
 0.2 0.2 0.2 0.2 0.2 0.2 0.2 0.2 0.2 0.2 0.2 0.2
 0.2 0.2 0.2 0.2 0.2 0.2 0.2 0.2 0.2 0.2 0.2 0.2
 0.2 0.2 0.2 0.2 0.2 0.2 0.2 0.2 0.2 0.2 0.2 0.2
 0.2 0.2 0.2 0.2 0.2 0.2 0.2 0.2 0.2 0.2 0.2 0.2
 0.2 0.2 0.2 0.2 0.2 0.2 0.2 0.2 0.2 0.2 0.2 0.2
 0.2 0.2 0.2 0.2 0.2 0.2 0.2 0.2 0.2 0.2 0.2 0.2
# mean_log_rec
13.737
# log_Rzero
13.7935
# rec_dev
 -0.140051 -0.0418913 -0.022365 -0.0451336 0.0364233 0.101622 0.0998606 0.00851566 0.0247271 0.102136 -0.0328025 -0.0149281 0.330619 0.0709299 -0.0675979 0.282703 0.306538 0.0405218 0.325748 0.044545 0.114032 0.129987 -0.172223 -0.10407 0.104069 -0.087117 0.0857731 0.129441 -0.297712 -0.152276 -0.334195 0.114513 -0.00999548 -0.260344 -0.317105 -0.0535715 -0.502038 -0.26325 -0.176592 0.100515 -0.318337
# fmort
 0.00920556 0.0272605 0.0451192 0.0619686 0.049435 0.0878911 0.0908176 0.192156 0.112066 0.134762 0.152327 0.163695 0.118501 0.171951 0.182845 0.166918 0.327379 0.265154 0.26449 0.261956 0.360716 0.261579 0.428747 0.350334 0.344167 0.312416 0.302406 0.418478 0.311959 0.466298
# rec_dev_future
 0 0 0 0 0
