AMAK;August_2013
# styr
1
# endyr
30
# rec_age
1
# oldest_age
12
# nlength
81
# len_bins
 10 11 12 13 14 15 16 17 18 19 20 21 22 23 24 25 26 27 28 29 30 31 32 33 34 35 36 37 38 39 40 41 42 43 44 45 46 47 48 49 50 51 52 53 54 55 56 57 58 59 60 61 62 63 64 65 66 67 68 69 70 71 72 73 74 75 76 77 78 79 80 81 82 83 84 85 86 87 88 89 90
# datafile_name
amak_data.dat
# model_name
OM_1
# styr
1
# endyr
30
# rec_age
1
# oldest_age
12
# nfsh
1
# fshname
OM1
# catch_bio_in
 159.905 465.83 768.965 988.301 768.762 1325.28 1285.44 2469.85 1319.35 1526.14 1631.58 1615.71 1105.39 1520.5 1519.13 1275.18 2241.62 1614.25 1464.33 1314.04 1612.26 1070.12 1636.48 1207.88 1114.21 962.045 929.689 1213.25 873.071 1273.66
# catch_bio_sd_in
 0.01 0.01 0.01 0.01 0.01 0.01 0.01 0.01 0.01 0.01 0.01 0.01 0.01 0.01 0.01 0.01 0.01 0.01 0.01 0.01 0.01 0.01 0.01 0.01 0.01 0.01 0.01 0.01 0.01 0.01
# nyrs_fsh_age
 30
# nyrs_fsh_length
 0
# yrs_fsh_age_in
 1 2 3 4 5 6 7 8 9 10 11 12 13 14 15 16 17 18 19 20 21 22 23 24 25 26 27 28 29 30
# yrs_fsh_length_in

# n_sample_fsh_length_in

# olc_fsh_in

# nind
1
# indname
survey_index1
# nyrs_ind
 30
# yrs_ind_in
 1 2 3 4 5 6 7 8 9 10 11 12 13 14 15 16 17 18 19 20 21 22 23 24 25 26 27 28 29 30
# mo_ind
 1
# obs_ind_in
 1.3148 1.59514 1.7178 1.59603 1.54004 1.45423 1.32845 1.45596 1.50829 1.26311 1.22811 1.25243 0.957157 1.15831 1.1245 0.892202 1.19908 0.964133 0.955131 0.674588 0.695882 0.626071 0.654966 0.589853 0.588097 0.477531 0.597348 0.500426 0.515605 0.511111
# obs_se_ind_in
 0.262959 0.319028 0.343559 0.319207 0.308009 0.290847 0.26569 0.291193 0.301658 0.252621 0.245622 0.250486 0.191431 0.231662 0.2249 0.17844 0.239816 0.192827 0.191026 0.134918 0.139176 0.125214 0.130993 0.117971 0.117619 0.0955062 0.11947 0.100085 0.103121 0.102222
# nyrs_ind_age
 30
# nyrs_ind_length
 0
# yrs_ind_age_in
 1 2 3 4 5 6 7 8 9 10 11 12 13 14 15 16 17 18 19 20 21 22 23 24 25 26 27 28 29 30
# yrs_ind_length_in

# yrs_ind_age_in
 1 2 3 4 5 6 7 8 9 10 11 12 13 14 15 16 17 18 19 20 21 22 23 24 25 26 27 28 29 30
# n_sample_ind_length_in

# olc_ind_in

# oac_ind_in
 0.035 0.155 0.185 0.16 0.08 0.06 0.065 0.03 0.05 0.03 0.03 0.12
 0.12 0.165 0.17 0.14 0.06 0.085 0.08 0.025 0.04 0.035 0.01 0.07
 0.06 0.18 0.14 0.14 0.095 0.075 0.06 0.045 0.03 0.05 0.035 0.09
 0.03 0.125 0.19 0.1 0.095 0.085 0.065 0.07 0.03 0.045 0.065 0.1
 0.1 0.135 0.125 0.145 0.08 0.075 0.045 0.05 0.015 0.05 0.02 0.16
 0.07 0.195 0.11 0.125 0.14 0.07 0.05 0.065 0.025 0.04 0.015 0.095
 0.07 0.175 0.205 0.115 0.11 0.09 0.055 0.035 0.035 0.03 0.01 0.07
 0.055 0.145 0.16 0.19 0.08 0.07 0.05 0.06 0.04 0.01 0.03 0.11
 0.08 0.18 0.135 0.12 0.085 0.09 0.03 0.065 0.025 0.035 0.035 0.12
 0.08 0.145 0.215 0.135 0.135 0.075 0.045 0.035 0.03 0.015 0.02 0.07
 0.095 0.235 0.145 0.145 0.06 0.095 0.04 0.035 0.015 0.035 0.01 0.09
 0.065 0.16 0.135 0.125 0.1 0.075 0.07 0.075 0.015 0.025 0.03 0.125
 0.08 0.175 0.19 0.115 0.115 0.095 0.045 0.05 0.035 0.015 0.01 0.075
 0.13 0.17 0.155 0.1 0.155 0.08 0.045 0.05 0.02 0.04 0.005 0.05
 0.095 0.235 0.165 0.095 0.09 0.105 0.06 0.035 0.035 0.03 0.01 0.045
 0.13 0.135 0.17 0.125 0.12 0.075 0.11 0.025 0.035 0.025 0.02 0.03
 0.145 0.195 0.2 0.08 0.085 0.065 0.045 0.055 0.025 0.04 0.01 0.055
 0.1 0.195 0.195 0.155 0.125 0.035 0.045 0.03 0.02 0.035 0.025 0.04
 0.055 0.21 0.235 0.155 0.1 0.075 0.065 0.02 0.01 0.01 0.025 0.04
 0.09 0.24 0.18 0.145 0.1 0.045 0.06 0.03 0.035 0.04 0.005 0.03
 0.18 0.19 0.21 0.11 0.12 0.07 0.03 0.03 0.01 0.02 0 0.03
 0.075 0.275 0.195 0.14 0.08 0.095 0.035 0.04 0.015 0 0.025 0.025
 0.055 0.285 0.295 0.115 0.07 0.05 0.055 0.02 0.02 0.015 0 0.02
 0.125 0.265 0.255 0.16 0.07 0.025 0.02 0.045 0.015 0 0.01 0.01
 0.105 0.25 0.21 0.185 0.135 0.03 0.025 0.01 0.015 0 0.015 0.02
 0.125 0.275 0.225 0.135 0.11 0.06 0.025 0.005 0.015 0.01 0.005 0.01
 0.095 0.215 0.31 0.105 0.115 0.065 0.04 0.015 0.01 0.01 0.005 0.015
 0.15 0.275 0.21 0.17 0.065 0.045 0.04 0.015 0.005 0.015 0.01 0
 0.17 0.295 0.2 0.12 0.08 0.05 0.025 0.03 0.01 0.01 0 0.01
 0.115 0.26 0.31 0.14 0.06 0.05 0.025 0.015 0.005 0.015 0 0.005
# wt_ind
 1 1 1 1 1 1 1 1 1 1 1 1
 1 1 1 1 1 1 1 1 1 1 1 1
 1 1 1 1 1 1 1 1 1 1 1 1
 1 1 1 1 1 1 1 1 1 1 1 1
 1 1 1 1 1 1 1 1 1 1 1 1
 1 1 1 1 1 1 1 1 1 1 1 1
 1 1 1 1 1 1 1 1 1 1 1 1
 1 1 1 1 1 1 1 1 1 1 1 1
 1 1 1 1 1 1 1 1 1 1 1 1
 1 1 1 1 1 1 1 1 1 1 1 1
 1 1 1 1 1 1 1 1 1 1 1 1
 1 1 1 1 1 1 1 1 1 1 1 1
 1 1 1 1 1 1 1 1 1 1 1 1
 1 1 1 1 1 1 1 1 1 1 1 1
 1 1 1 1 1 1 1 1 1 1 1 1
 1 1 1 1 1 1 1 1 1 1 1 1
 1 1 1 1 1 1 1 1 1 1 1 1
 1 1 1 1 1 1 1 1 1 1 1 1
 1 1 1 1 1 1 1 1 1 1 1 1
 1 1 1 1 1 1 1 1 1 1 1 1
 1 1 1 1 1 1 1 1 1 1 1 1
 1 1 1 1 1 1 1 1 1 1 1 1
 1 1 1 1 1 1 1 1 1 1 1 1
 1 1 1 1 1 1 1 1 1 1 1 1
 1 1 1 1 1 1 1 1 1 1 1 1
 1 1 1 1 1 1 1 1 1 1 1 1
 1 1 1 1 1 1 1 1 1 1 1 1
 1 1 1 1 1 1 1 1 1 1 1 1
 1 1 1 1 1 1 1 1 1 1 1 1
 1 1 1 1 1 1 1 1 1 1 1 1
# wt_pop
 0.000530656 0.00119633 0.00205827 0.00303499 0.00405521 0.0050647 0.00602623 0.00691692 0.00772489 0.00844611 0.00908185 0.0096367
# maturity
 0.0229774 0.320821 0.904651 0.99478 0.999739 0.999987 0.999999 1 1 1 1 1
# spawnmo
1
# age_err
 1 0 0 0 0 0 0 0 0 0 0 0
 0 1 0 0 0 0 0 0 0 0 0 0
 0 0 1 0 0 0 0 0 0 0 0 0
 0 0 0 1 0 0 0 0 0 0 0 0
 0 0 0 0 1 0 0 0 0 0 0 0
 0 0 0 0 0 1 0 0 0 0 0 0
 0 0 0 0 0 0 1 0 0 0 0 0
 0 0 0 0 0 0 0 1 0 0 0 0
 0 0 0 0 0 0 0 0 1 0 0 0
 0 0 0 0 0 0 0 0 0 1 0 0
 0 0 0 0 0 0 0 0 0 0 1 0
 0 0 0 0 0 0 0 0 0 0 0 1
# cntrlfile_name
C:\Users\bai.li\Desktop\s1_test\AMAK\s31\amak.dat
# Map shared selectivity: 
# sel_map
 1 2
 1 1
# datafile_name
amak_data.dat
# model_name
OM_1
# SrType
2
# use_age_err
0
# retro
0
# sigmarprior
0.2
# cvsigmarprior
0.25
# phase_sigmar
-3
# styr_rec_est
1
# endyr_rec_est
30
# Linfprior
80
# cvLinfprior
0.25
# kprior
0.18
# cvkprior
0.25
# Loprior
27.688
# cvLoprior
0.25
# sdageprior
0.1
# cvsdageprior
0.25
# natmortprior
0.2
# cvnatmortprior
0.25
# phase_M
-4
# npars_Mage
0
# ages_M_changes

# Mage_in

# phase_Mage
-5
# phase_rw_M
0
# npars_rw_M
0
# yrs_rw_M

# sigma_rw_M

# qprior
 3.48998e-007
# cvqprior
 1
# phase_q
 1
# q_power_prior
 1
# cvq_power_prior
 0.2
# phase_q_power
 -4
# phase_rw_q
 -1
# npars_rw_q
 0
# yrs_rw_q

# sigma_rw_q

# q_age_min
 1
# q_age_max
 12
# q_age_min
 1
# q_age_max
 12
# fsh_sel_opt(k)
2
# phase_sel_fsh(k)
-2
# n_sel_ch_fsh(k)
1
# sel_slp_in_fsh(k)(1,n_sel_ch_fsh(k))
 1
# sel_inf_in_fsh(k)(1,n_sel_ch_fsh(k))
 2
# logsel_slp_in_fsh(k)(1,n_sel_ch_fsh(k))
 0
# yrs_sel_ch_fsh(k)(1,n_sel_ch_fsh(k))
 1

Survey survey_index1
# ind_sel_opt(k)
2
# indname(k)
survey_index1
# nselages_in_ind(k)
11
# phase_sel_ind(k)
-2
# sel_change_in_ind(k)
 1 0 0 0 0 0 0 0 0 0 0 0 0 0 0 0 0 0 0 0 0 0 0 0 0 0 0 0 0 0
# n_sel_ch_ind(k)
1
# yrs_sel_ch_ind(k)(1,n_sel_ch_ind(k))
 1
# sel_slp_in_ind(k,1)
2
# sel_inf_in_ind(k,1)
1.5
# logsel_slp_in_ind(k,1)
0.693147
# logsel_slp_in_indv(k)
0.693147
survey_index1 ind sel opt 2  1 0 0 0 0 0 0 0 0 0 0 0 0 0 0 0 0 0 0 0 0 0 0 0 0 0 0 0 0 0
Phase indices Sel_Coffs:  -1
 Test: 1.23457e+008
# Fshry Selages:  11
# Srvy  Selages:  11
# Phase for age-spec fishery  -1
# Phase for logistic fishery  -2
# Phase for dble logistic fishery  -1
# Phase for age-spec indices   -1
# Phase for logistic indices   -2
# Phase for dble logistic ind  -1
# Curv_pen_fsh: 
 0
# Curv_pen_ind: 
 0
# styr_fut
31
# endyr_fut
35
# nyrs_fsh_age
 30
# nyrs_fsh_age
 30
# yrs_fsh_age
 1 2 3 4 5 6 7 8 9 10 11 12 13 14 15 16 17 18 19 20 21 22 23 24 25 26 27 28 29 30
# n_sample_fsh_age
 200 200 200 200 200 200 200 200 200 200 200 200 200 200 200 200 200 200 200 200 200 200 200 200 200 200 200 200 200 200
# oac_fsh
 0.045 0.125 0.105 0.155 0.13 0.085 0.07 0.06 0.025 0.04 0.01 0.15
 0.055 0.07 0.105 0.13 0.105 0.1 0.065 0.085 0.04 0.05 0.035 0.16
 0.06 0.16 0.125 0.09 0.1 0.095 0.085 0.045 0.055 0.035 0.035 0.115
 0.055 0.07 0.125 0.165 0.125 0.11 0.115 0.05 0.015 0.03 0.02 0.12
 0.1 0.065 0.095 0.145 0.1 0.095 0.085 0.085 0.03 0.01 0.02 0.17
 0.12 0.125 0.05 0.115 0.145 0.06 0.08 0.05 0.065 0.035 0.025 0.13
 0.08 0.145 0.11 0.13 0.09 0.12 0.075 0.05 0.035 0.035 0.035 0.095
 0.1 0.12 0.16 0.165 0.08 0.08 0.09 0.04 0.055 0.005 0.02 0.085
 0.06 0.195 0.1 0.15 0.135 0.05 0.055 0.085 0.03 0.025 0.02 0.095
 0.11 0.095 0.16 0.135 0.16 0.08 0.045 0.025 0.05 0.01 0.02 0.11
 0.09 0.145 0.135 0.14 0.08 0.07 0.125 0.06 0.025 0.035 0.03 0.065
 0.11 0.175 0.125 0.105 0.095 0.055 0.1 0.045 0.03 0.025 0.02 0.115
 0.075 0.13 0.15 0.18 0.105 0.105 0.055 0.05 0.055 0.015 0.025 0.055
 0.105 0.125 0.15 0.14 0.12 0.05 0.07 0.03 0.035 0.05 0.03 0.095
 0.14 0.125 0.16 0.145 0.12 0.065 0.065 0.03 0.03 0.02 0.02 0.08
 0.09 0.205 0.205 0.145 0.115 0.05 0.04 0.03 0.045 0.03 0.01 0.035
 0.125 0.105 0.18 0.165 0.14 0.07 0.05 0.06 0.04 0.03 0 0.035
 0.105 0.185 0.23 0.11 0.13 0.075 0.035 0.035 0.03 0.02 0.01 0.035
 0.125 0.1 0.23 0.215 0.07 0.095 0.035 0.035 0.04 0.015 0.01 0.03
 0.08 0.16 0.16 0.165 0.145 0.09 0.05 0.035 0.015 0.03 0.025 0.045
 0.135 0.135 0.14 0.165 0.155 0.08 0.055 0.03 0.04 0.02 0.015 0.03
 0.205 0.25 0.135 0.12 0.08 0.05 0.065 0.025 0.02 0.005 0.01 0.035
 0.09 0.225 0.25 0.185 0.08 0.06 0.05 0.015 0.01 0.01 0.01 0.015
 0.145 0.14 0.255 0.205 0.08 0.055 0.03 0.04 0.015 0.015 0 0.02
 0.22 0.15 0.175 0.165 0.09 0.075 0.03 0.02 0.025 0.01 0.015 0.025
 0.155 0.26 0.16 0.12 0.135 0.045 0.04 0.03 0.01 0.015 0.01 0.02
 0.125 0.185 0.22 0.15 0.11 0.075 0.04 0.025 0.04 0.005 0.015 0.01
 0.17 0.235 0.135 0.15 0.125 0.065 0.05 0.035 0 0.015 0 0.02
 0.165 0.27 0.165 0.095 0.16 0.06 0.045 0.03 0.01 0 0 0
 0.155 0.27 0.23 0.14 0.05 0.065 0.04 0.005 0.02 0.01 0 0.015
# olc_fsh

# wt_fsh
 0.000530656 0.00119633 0.00205827 0.00303499 0.00405521 0.0050647 0.00602623 0.00691692 0.00772489 0.00844611 0.00908185 0.0096367
 0.000530656 0.00119633 0.00205827 0.00303499 0.00405521 0.0050647 0.00602623 0.00691692 0.00772489 0.00844611 0.00908185 0.0096367
 0.000530656 0.00119633 0.00205827 0.00303499 0.00405521 0.0050647 0.00602623 0.00691692 0.00772489 0.00844611 0.00908185 0.0096367
 0.000530656 0.00119633 0.00205827 0.00303499 0.00405521 0.0050647 0.00602623 0.00691692 0.00772489 0.00844611 0.00908185 0.0096367
 0.000530656 0.00119633 0.00205827 0.00303499 0.00405521 0.0050647 0.00602623 0.00691692 0.00772489 0.00844611 0.00908185 0.0096367
 0.000530656 0.00119633 0.00205827 0.00303499 0.00405521 0.0050647 0.00602623 0.00691692 0.00772489 0.00844611 0.00908185 0.0096367
 0.000530656 0.00119633 0.00205827 0.00303499 0.00405521 0.0050647 0.00602623 0.00691692 0.00772489 0.00844611 0.00908185 0.0096367
 0.000530656 0.00119633 0.00205827 0.00303499 0.00405521 0.0050647 0.00602623 0.00691692 0.00772489 0.00844611 0.00908185 0.0096367
 0.000530656 0.00119633 0.00205827 0.00303499 0.00405521 0.0050647 0.00602623 0.00691692 0.00772489 0.00844611 0.00908185 0.0096367
 0.000530656 0.00119633 0.00205827 0.00303499 0.00405521 0.0050647 0.00602623 0.00691692 0.00772489 0.00844611 0.00908185 0.0096367
 0.000530656 0.00119633 0.00205827 0.00303499 0.00405521 0.0050647 0.00602623 0.00691692 0.00772489 0.00844611 0.00908185 0.0096367
 0.000530656 0.00119633 0.00205827 0.00303499 0.00405521 0.0050647 0.00602623 0.00691692 0.00772489 0.00844611 0.00908185 0.0096367
 0.000530656 0.00119633 0.00205827 0.00303499 0.00405521 0.0050647 0.00602623 0.00691692 0.00772489 0.00844611 0.00908185 0.0096367
 0.000530656 0.00119633 0.00205827 0.00303499 0.00405521 0.0050647 0.00602623 0.00691692 0.00772489 0.00844611 0.00908185 0.0096367
 0.000530656 0.00119633 0.00205827 0.00303499 0.00405521 0.0050647 0.00602623 0.00691692 0.00772489 0.00844611 0.00908185 0.0096367
 0.000530656 0.00119633 0.00205827 0.00303499 0.00405521 0.0050647 0.00602623 0.00691692 0.00772489 0.00844611 0.00908185 0.0096367
 0.000530656 0.00119633 0.00205827 0.00303499 0.00405521 0.0050647 0.00602623 0.00691692 0.00772489 0.00844611 0.00908185 0.0096367
 0.000530656 0.00119633 0.00205827 0.00303499 0.00405521 0.0050647 0.00602623 0.00691692 0.00772489 0.00844611 0.00908185 0.0096367
 0.000530656 0.00119633 0.00205827 0.00303499 0.00405521 0.0050647 0.00602623 0.00691692 0.00772489 0.00844611 0.00908185 0.0096367
 0.000530656 0.00119633 0.00205827 0.00303499 0.00405521 0.0050647 0.00602623 0.00691692 0.00772489 0.00844611 0.00908185 0.0096367
 0.000530656 0.00119633 0.00205827 0.00303499 0.00405521 0.0050647 0.00602623 0.00691692 0.00772489 0.00844611 0.00908185 0.0096367
 0.000530656 0.00119633 0.00205827 0.00303499 0.00405521 0.0050647 0.00602623 0.00691692 0.00772489 0.00844611 0.00908185 0.0096367
 0.000530656 0.00119633 0.00205827 0.00303499 0.00405521 0.0050647 0.00602623 0.00691692 0.00772489 0.00844611 0.00908185 0.0096367
 0.000530656 0.00119633 0.00205827 0.00303499 0.00405521 0.0050647 0.00602623 0.00691692 0.00772489 0.00844611 0.00908185 0.0096367
 0.000530656 0.00119633 0.00205827 0.00303499 0.00405521 0.0050647 0.00602623 0.00691692 0.00772489 0.00844611 0.00908185 0.0096367
 0.000530656 0.00119633 0.00205827 0.00303499 0.00405521 0.0050647 0.00602623 0.00691692 0.00772489 0.00844611 0.00908185 0.0096367
 0.000530656 0.00119633 0.00205827 0.00303499 0.00405521 0.0050647 0.00602623 0.00691692 0.00772489 0.00844611 0.00908185 0.0096367
 0.000530656 0.00119633 0.00205827 0.00303499 0.00405521 0.0050647 0.00602623 0.00691692 0.00772489 0.00844611 0.00908185 0.0096367
 0.000530656 0.00119633 0.00205827 0.00303499 0.00405521 0.0050647 0.00602623 0.00691692 0.00772489 0.00844611 0.00908185 0.0096367
 0.000530656 0.00119633 0.00205827 0.00303499 0.00405521 0.0050647 0.00602623 0.00691692 0.00772489 0.00844611 0.00908185 0.0096367
# nyrs_ind_age
 30
# yrs_ind_age
 1 2 3 4 5 6 7 8 9 10 11 12 13 14 15 16 17 18 19 20 21 22 23 24 25 26 27 28 29 30
# n_sample_ind_age
 200 200 200 200 200 200 200 200 200 200 200 200 200 200 200 200 200 200 200 200 200 200 200 200 200 200 200 200 200 200
# oac_ind
 0.035 0.155 0.185 0.16 0.08 0.06 0.065 0.03 0.05 0.03 0.03 0.12
 0.12 0.165 0.17 0.14 0.06 0.085 0.08 0.025 0.04 0.035 0.01 0.07
 0.06 0.18 0.14 0.14 0.095 0.075 0.06 0.045 0.03 0.05 0.035 0.09
 0.03 0.125 0.19 0.1 0.095 0.085 0.065 0.07 0.03 0.045 0.065 0.1
 0.1 0.135 0.125 0.145 0.08 0.075 0.045 0.05 0.015 0.05 0.02 0.16
 0.07 0.195 0.11 0.125 0.14 0.07 0.05 0.065 0.025 0.04 0.015 0.095
 0.07 0.175 0.205 0.115 0.11 0.09 0.055 0.035 0.035 0.03 0.01 0.07
 0.055 0.145 0.16 0.19 0.08 0.07 0.05 0.06 0.04 0.01 0.03 0.11
 0.08 0.18 0.135 0.12 0.085 0.09 0.03 0.065 0.025 0.035 0.035 0.12
 0.08 0.145 0.215 0.135 0.135 0.075 0.045 0.035 0.03 0.015 0.02 0.07
 0.095 0.235 0.145 0.145 0.06 0.095 0.04 0.035 0.015 0.035 0.01 0.09
 0.065 0.16 0.135 0.125 0.1 0.075 0.07 0.075 0.015 0.025 0.03 0.125
 0.08 0.175 0.19 0.115 0.115 0.095 0.045 0.05 0.035 0.015 0.01 0.075
 0.13 0.17 0.155 0.1 0.155 0.08 0.045 0.05 0.02 0.04 0.005 0.05
 0.095 0.235 0.165 0.095 0.09 0.105 0.06 0.035 0.035 0.03 0.01 0.045
 0.13 0.135 0.17 0.125 0.12 0.075 0.11 0.025 0.035 0.025 0.02 0.03
 0.145 0.195 0.2 0.08 0.085 0.065 0.045 0.055 0.025 0.04 0.01 0.055
 0.1 0.195 0.195 0.155 0.125 0.035 0.045 0.03 0.02 0.035 0.025 0.04
 0.055 0.21 0.235 0.155 0.1 0.075 0.065 0.02 0.01 0.01 0.025 0.04
 0.09 0.24 0.18 0.145 0.1 0.045 0.06 0.03 0.035 0.04 0.005 0.03
 0.18 0.19 0.21 0.11 0.12 0.07 0.03 0.03 0.01 0.02 0 0.03
 0.075 0.275 0.195 0.14 0.08 0.095 0.035 0.04 0.015 0 0.025 0.025
 0.055 0.285 0.295 0.115 0.07 0.05 0.055 0.02 0.02 0.015 0 0.02
 0.125 0.265 0.255 0.16 0.07 0.025 0.02 0.045 0.015 0 0.01 0.01
 0.105 0.25 0.21 0.185 0.135 0.03 0.025 0.01 0.015 0 0.015 0.02
 0.125 0.275 0.225 0.135 0.11 0.06 0.025 0.005 0.015 0.01 0.005 0.01
 0.095 0.215 0.31 0.105 0.115 0.065 0.04 0.015 0.01 0.01 0.005 0.015
 0.15 0.275 0.21 0.17 0.065 0.045 0.04 0.015 0.005 0.015 0.01 0
 0.17 0.295 0.2 0.12 0.08 0.05 0.025 0.03 0.01 0.01 0 0.01
 0.115 0.26 0.31 0.14 0.06 0.05 0.025 0.015 0.005 0.015 0 0.005
# olc_ind

# obs_lse_ind
 0.198042 0.198042 0.198042 0.198042 0.198042 0.198042 0.198042 0.198042 0.198042 0.198042 0.198042 0.198042 0.198042 0.198042 0.198042 0.198042 0.198042 0.198042 0.198042 0.198042 0.198042 0.198042 0.198042 0.198042 0.198042 0.198042 0.198042 0.198042 0.198042 0.198042
# xages_fsh
 0 0 0 0 0 0 0 0 0 0 0 0
# xages_fsh
 0 0.0909091 0.181818 0.272727 0.363636 0.454545 0.545455 0.636364 0.727273 0.818182 0.909091 1
# xnodes_fsh

Yrs fsh_sel change:  1 0 0 0 0 0 0 0 0 0 0 0 0 0 0 0 0 0 0 0 0 0 0 0 0 0 0 0 0
Yrs ind_sel change:  1 0 0 0 0 0 0 0 0 0 0 0 0 0 0 0 0 0 0 0 0 0 0 0 0 0 0 0 0
# steepnessprior
0.75
# sigmarprior
0.2
#  SSB estimated in styr endyr: -12 28 
#  Rec estimated in styr endyr: -10 30 
#  SR Curve fit  in styr endyr: 1 30 
#             Model styr endyr: 1 30 
# qprior
 3.48998e-007
# q_power_prior 
 1 
# cv_catchbiomass 
0.05 
# CatchbiomassPen 
200 
# Number of projection years 
5 
# offset_fsh
 13424.8
# offset_ind
 13076
Mean Catch
1275.74
R_guess 
13.8155
# nfsh
1
# n_sel_ch_fsh
 1
# nselages_fsh
 11
# phase_selcoff_fsh
 -1
logRzero 13.8155
logmeanrec 13.8155
exp(log_sigmarprior 0.2
Fish sel phase: -1 OM1
Fixing fishery sel to
1
Fixing fishery sel to
1
Srvy sel phase: -1
Fixing survey_index1 indices sel to
1
Fixing index sel to
1
# logsel_slp_in_indv
 0.693147
Leaving parameter init secton
# M
 0.2 0.2 0.2 0.2 0.2 0.2 0.2 0.2 0.2 0.2 0.2 0.2
 0.2 0.2 0.2 0.2 0.2 0.2 0.2 0.2 0.2 0.2 0.2 0.2
 0.2 0.2 0.2 0.2 0.2 0.2 0.2 0.2 0.2 0.2 0.2 0.2
 0.2 0.2 0.2 0.2 0.2 0.2 0.2 0.2 0.2 0.2 0.2 0.2
 0.2 0.2 0.2 0.2 0.2 0.2 0.2 0.2 0.2 0.2 0.2 0.2
 0.2 0.2 0.2 0.2 0.2 0.2 0.2 0.2 0.2 0.2 0.2 0.2
 0.2 0.2 0.2 0.2 0.2 0.2 0.2 0.2 0.2 0.2 0.2 0.2
 0.2 0.2 0.2 0.2 0.2 0.2 0.2 0.2 0.2 0.2 0.2 0.2
 0.2 0.2 0.2 0.2 0.2 0.2 0.2 0.2 0.2 0.2 0.2 0.2
 0.2 0.2 0.2 0.2 0.2 0.2 0.2 0.2 0.2 0.2 0.2 0.2
 0.2 0.2 0.2 0.2 0.2 0.2 0.2 0.2 0.2 0.2 0.2 0.2
 0.2 0.2 0.2 0.2 0.2 0.2 0.2 0.2 0.2 0.2 0.2 0.2
 0.2 0.2 0.2 0.2 0.2 0.2 0.2 0.2 0.2 0.2 0.2 0.2
 0.2 0.2 0.2 0.2 0.2 0.2 0.2 0.2 0.2 0.2 0.2 0.2
 0.2 0.2 0.2 0.2 0.2 0.2 0.2 0.2 0.2 0.2 0.2 0.2
 0.2 0.2 0.2 0.2 0.2 0.2 0.2 0.2 0.2 0.2 0.2 0.2
 0.2 0.2 0.2 0.2 0.2 0.2 0.2 0.2 0.2 0.2 0.2 0.2
 0.2 0.2 0.2 0.2 0.2 0.2 0.2 0.2 0.2 0.2 0.2 0.2
 0.2 0.2 0.2 0.2 0.2 0.2 0.2 0.2 0.2 0.2 0.2 0.2
 0.2 0.2 0.2 0.2 0.2 0.2 0.2 0.2 0.2 0.2 0.2 0.2
 0.2 0.2 0.2 0.2 0.2 0.2 0.2 0.2 0.2 0.2 0.2 0.2
 0.2 0.2 0.2 0.2 0.2 0.2 0.2 0.2 0.2 0.2 0.2 0.2
 0.2 0.2 0.2 0.2 0.2 0.2 0.2 0.2 0.2 0.2 0.2 0.2
 0.2 0.2 0.2 0.2 0.2 0.2 0.2 0.2 0.2 0.2 0.2 0.2
 0.2 0.2 0.2 0.2 0.2 0.2 0.2 0.2 0.2 0.2 0.2 0.2
 0.2 0.2 0.2 0.2 0.2 0.2 0.2 0.2 0.2 0.2 0.2 0.2
 0.2 0.2 0.2 0.2 0.2 0.2 0.2 0.2 0.2 0.2 0.2 0.2
 0.2 0.2 0.2 0.2 0.2 0.2 0.2 0.2 0.2 0.2 0.2 0.2
 0.2 0.2 0.2 0.2 0.2 0.2 0.2 0.2 0.2 0.2 0.2 0.2
 0.2 0.2 0.2 0.2 0.2 0.2 0.2 0.2 0.2 0.2 0.2 0.2
# mean_log_rec
13.739
# log_Rzero
13.7929
# rec_dev
 -0.0822885 -0.163691 -0.0906636 0.0411238 0.0610132 -0.0145368 -0.110609 0.061383 0.169314 0.104043 0.128281 0.027227 0.344341 -0.0332515 -0.108607 0.323554 0.276584 0.000848277 0.21453 -0.0237552 0.150043 0.0207255 -0.0390765 -0.0673702 0.0792998 -0.00308383 0.05068 0.113049 -0.248418 -0.24434 -0.313847 0.0508814 -0.000476534 -0.31974 -0.326879 -0.124539 -0.465402 -0.340801 -0.106199 -0.176328 -0.342103
# fmort
 0.00926494 0.0271264 0.0456582 0.0607039 0.0488963 0.0879609 0.0899607 0.188841 0.110798 0.135981 0.156321 0.167525 0.121293 0.175929 0.189463 0.168517 0.327789 0.269856 0.268925 0.264072 0.365057 0.265697 0.442987 0.367536 0.364603 0.330702 0.328379 0.45946 0.349145 0.538116
# rec_dev_future
 0 0 0 0 0
