AMAK;August_2013
# styr
1
# endyr
30
# rec_age
1
# oldest_age
12
# nlength
81
# len_bins
 10 11 12 13 14 15 16 17 18 19 20 21 22 23 24 25 26 27 28 29 30 31 32 33 34 35 36 37 38 39 40 41 42 43 44 45 46 47 48 49 50 51 52 53 54 55 56 57 58 59 60 61 62 63 64 65 66 67 68 69 70 71 72 73 74 75 76 77 78 79 80 81 82 83 84 85 86 87 88 89 90
# datafile_name
amak_data.dat
# model_name
OM_1
# styr
1
# endyr
30
# rec_age
1
# oldest_age
12
# nfsh
1
# fshname
OM1
# catch_bio_in
 159.844 465.705 763.67 1004.74 765.069 1317.56 1280.74 2477.94 1328.81 1530.52 1627.29 1623.5 1106.74 1528.64 1511.91 1285.95 2261.35 1610.56 1451.54 1322.53 1640 1077.34 1633.27 1199.46 1125.1 976.725 928.091 1205.08 881.612 1267.89
# catch_bio_sd_in
 0.01 0.01 0.01 0.01 0.01 0.01 0.01 0.01 0.01 0.01 0.01 0.01 0.01 0.01 0.01 0.01 0.01 0.01 0.01 0.01 0.01 0.01 0.01 0.01 0.01 0.01 0.01 0.01 0.01 0.01
# nyrs_fsh_age
 30
# nyrs_fsh_length
 0
# yrs_fsh_age_in
 1 2 3 4 5 6 7 8 9 10 11 12 13 14 15 16 17 18 19 20 21 22 23 24 25 26 27 28 29 30
# yrs_fsh_length_in

# n_sample_fsh_length_in

# olc_fsh_in

# nind
1
# indname
survey_index1
# nyrs_ind
 30
# yrs_ind_in
 1 2 3 4 5 6 7 8 9 10 11 12 13 14 15 16 17 18 19 20 21 22 23 24 25 26 27 28 29 30
# mo_ind
 1
# obs_ind_in
 1.31922 1.48799 1.51548 1.68458 1.52453 1.33983 1.74 1.37911 1.07818 1.1238 1.06892 1.11275 1.08441 0.94831 0.971931 0.985617 0.973205 0.894486 0.730048 0.725276 0.622312 0.653735 0.675097 0.547203 0.630903 0.568547 0.523948 0.503673 0.486932 0.553286
# obs_se_ind_in
 0.263845 0.297598 0.303096 0.336917 0.304905 0.267967 0.348 0.275821 0.215637 0.224759 0.213784 0.222549 0.216883 0.189662 0.194386 0.197123 0.194641 0.178897 0.14601 0.145055 0.124462 0.130747 0.135019 0.109441 0.126181 0.113709 0.10479 0.100735 0.0973863 0.110657
# nyrs_ind_age
 30
# nyrs_ind_length
 0
# yrs_ind_age_in
 1 2 3 4 5 6 7 8 9 10 11 12 13 14 15 16 17 18 19 20 21 22 23 24 25 26 27 28 29 30
# yrs_ind_length_in

# yrs_ind_age_in
 1 2 3 4 5 6 7 8 9 10 11 12 13 14 15 16 17 18 19 20 21 22 23 24 25 26 27 28 29 30
# n_sample_ind_length_in

# olc_ind_in

# oac_ind_in
 0.075 0.09 0.12 0.1 0.09 0.075 0.1 0.06 0.065 0.04 0.02 0.165
 0.09 0.14 0.13 0.115 0.08 0.09 0.1 0.05 0.025 0.03 0.055 0.095
 0.065 0.195 0.15 0.09 0.115 0.085 0.055 0.045 0.025 0.035 0.03 0.11
 0.05 0.16 0.21 0.12 0.08 0.09 0.065 0.03 0.035 0.02 0.01 0.13
 0.105 0.085 0.05 0.17 0.075 0.095 0.075 0.085 0.07 0.015 0.035 0.14
 0.125 0.18 0.06 0.115 0.145 0.075 0.05 0.05 0.055 0.015 0.035 0.095
 0.085 0.19 0.205 0.085 0.07 0.1 0.065 0.05 0.005 0.025 0.01 0.11
 0.055 0.125 0.205 0.17 0.1 0.04 0.08 0.025 0.045 0.035 0.01 0.11
 0.06 0.175 0.185 0.165 0.13 0.045 0.05 0.055 0.02 0.035 0.02 0.06
 0.095 0.15 0.17 0.135 0.12 0.115 0.045 0.05 0.01 0.025 0.01 0.075
 0.05 0.21 0.185 0.185 0.045 0.075 0.08 0.02 0.02 0.015 0.015 0.1
 0.08 0.215 0.22 0.105 0.12 0.065 0.055 0.045 0.01 0.015 0.015 0.055
 0.08 0.15 0.225 0.115 0.11 0.07 0.065 0.035 0.045 0.015 0.01 0.08
 0.09 0.15 0.185 0.17 0.145 0.03 0.05 0.065 0.035 0.015 0.025 0.04
 0.055 0.205 0.215 0.115 0.1 0.085 0.055 0.06 0.015 0.035 0.01 0.05
 0.12 0.165 0.225 0.105 0.095 0.09 0.06 0.025 0.02 0.025 0.01 0.06
 0.125 0.155 0.195 0.15 0.095 0.085 0.065 0.03 0.035 0.015 0.005 0.045
 0.07 0.22 0.21 0.135 0.085 0.065 0.06 0.06 0.015 0.035 0 0.045
 0.045 0.245 0.19 0.165 0.125 0.085 0.035 0.01 0.035 0.015 0.01 0.04
 0.08 0.19 0.14 0.18 0.11 0.065 0.08 0.05 0.015 0.025 0.02 0.045
 0.135 0.14 0.25 0.145 0.13 0.085 0.02 0.025 0.01 0.01 0 0.05
 0.13 0.245 0.175 0.125 0.045 0.08 0.085 0.035 0.02 0.015 0.01 0.035
 0.12 0.275 0.2 0.085 0.12 0.045 0.035 0.04 0.03 0.015 0.005 0.03
 0.095 0.22 0.265 0.17 0.07 0.075 0.04 0.025 0.005 0.015 0 0.02
 0.175 0.19 0.21 0.165 0.12 0.04 0.03 0.015 0.03 0.005 0.005 0.015
 0.095 0.305 0.205 0.125 0.085 0.08 0.04 0.02 0.02 0.005 0.005 0.015
 0.105 0.255 0.215 0.155 0.125 0.065 0.055 0.005 0.005 0.005 0.005 0.005
 0.12 0.27 0.195 0.155 0.115 0.04 0.055 0.015 0.02 0.01 0.005 0
 0.175 0.27 0.21 0.085 0.145 0.035 0.04 0.005 0.01 0 0 0.025
 0.095 0.325 0.26 0.15 0.06 0.065 0.01 0.015 0.005 0.01 0.005 0
# wt_ind
 1 1 1 1 1 1 1 1 1 1 1 1
 1 1 1 1 1 1 1 1 1 1 1 1
 1 1 1 1 1 1 1 1 1 1 1 1
 1 1 1 1 1 1 1 1 1 1 1 1
 1 1 1 1 1 1 1 1 1 1 1 1
 1 1 1 1 1 1 1 1 1 1 1 1
 1 1 1 1 1 1 1 1 1 1 1 1
 1 1 1 1 1 1 1 1 1 1 1 1
 1 1 1 1 1 1 1 1 1 1 1 1
 1 1 1 1 1 1 1 1 1 1 1 1
 1 1 1 1 1 1 1 1 1 1 1 1
 1 1 1 1 1 1 1 1 1 1 1 1
 1 1 1 1 1 1 1 1 1 1 1 1
 1 1 1 1 1 1 1 1 1 1 1 1
 1 1 1 1 1 1 1 1 1 1 1 1
 1 1 1 1 1 1 1 1 1 1 1 1
 1 1 1 1 1 1 1 1 1 1 1 1
 1 1 1 1 1 1 1 1 1 1 1 1
 1 1 1 1 1 1 1 1 1 1 1 1
 1 1 1 1 1 1 1 1 1 1 1 1
 1 1 1 1 1 1 1 1 1 1 1 1
 1 1 1 1 1 1 1 1 1 1 1 1
 1 1 1 1 1 1 1 1 1 1 1 1
 1 1 1 1 1 1 1 1 1 1 1 1
 1 1 1 1 1 1 1 1 1 1 1 1
 1 1 1 1 1 1 1 1 1 1 1 1
 1 1 1 1 1 1 1 1 1 1 1 1
 1 1 1 1 1 1 1 1 1 1 1 1
 1 1 1 1 1 1 1 1 1 1 1 1
 1 1 1 1 1 1 1 1 1 1 1 1
# wt_pop
 0.000530656 0.00119633 0.00205827 0.00303499 0.00405521 0.0050647 0.00602623 0.00691692 0.00772489 0.00844611 0.00908185 0.0096367
# maturity
 0.0229774 0.320821 0.904651 0.99478 0.999739 0.999987 0.999999 1 1 1 1 1
# spawnmo
1
# age_err
 1 0 0 0 0 0 0 0 0 0 0 0
 0 1 0 0 0 0 0 0 0 0 0 0
 0 0 1 0 0 0 0 0 0 0 0 0
 0 0 0 1 0 0 0 0 0 0 0 0
 0 0 0 0 1 0 0 0 0 0 0 0
 0 0 0 0 0 1 0 0 0 0 0 0
 0 0 0 0 0 0 1 0 0 0 0 0
 0 0 0 0 0 0 0 1 0 0 0 0
 0 0 0 0 0 0 0 0 1 0 0 0
 0 0 0 0 0 0 0 0 0 1 0 0
 0 0 0 0 0 0 0 0 0 0 1 0
 0 0 0 0 0 0 0 0 0 0 0 1
# cntrlfile_name
C:\Users\bai.li\Desktop\s1_test\AMAK\s149\amak.dat
# Map shared selectivity: 
# sel_map
 1 2
 1 1
# datafile_name
amak_data.dat
# model_name
OM_1
# SrType
2
# use_age_err
0
# retro
0
# sigmarprior
0.2
# cvsigmarprior
0.25
# phase_sigmar
-3
# styr_rec_est
1
# endyr_rec_est
30
# Linfprior
80
# cvLinfprior
0.25
# kprior
0.18
# cvkprior
0.25
# Loprior
27.688
# cvLoprior
0.25
# sdageprior
0.1
# cvsdageprior
0.25
# natmortprior
0.2
# cvnatmortprior
0.25
# phase_M
-4
# npars_Mage
0
# ages_M_changes

# Mage_in

# phase_Mage
-5
# phase_rw_M
0
# npars_rw_M
0
# yrs_rw_M

# sigma_rw_M

# qprior
 3.48998e-007
# cvqprior
 1
# phase_q
 1
# q_power_prior
 1
# cvq_power_prior
 0.2
# phase_q_power
 -4
# phase_rw_q
 -1
# npars_rw_q
 0
# yrs_rw_q

# sigma_rw_q

# q_age_min
 1
# q_age_max
 12
# q_age_min
 1
# q_age_max
 12
# fsh_sel_opt(k)
2
# phase_sel_fsh(k)
-2
# n_sel_ch_fsh(k)
1
# sel_slp_in_fsh(k)(1,n_sel_ch_fsh(k))
 1
# sel_inf_in_fsh(k)(1,n_sel_ch_fsh(k))
 2
# logsel_slp_in_fsh(k)(1,n_sel_ch_fsh(k))
 0
# yrs_sel_ch_fsh(k)(1,n_sel_ch_fsh(k))
 1

Survey survey_index1
# ind_sel_opt(k)
2
# indname(k)
survey_index1
# nselages_in_ind(k)
11
# phase_sel_ind(k)
-2
# sel_change_in_ind(k)
 1 0 0 0 0 0 0 0 0 0 0 0 0 0 0 0 0 0 0 0 0 0 0 0 0 0 0 0 0 0
# n_sel_ch_ind(k)
1
# yrs_sel_ch_ind(k)(1,n_sel_ch_ind(k))
 1
# sel_slp_in_ind(k,1)
2
# sel_inf_in_ind(k,1)
1.5
# logsel_slp_in_ind(k,1)
0.693147
# logsel_slp_in_indv(k)
0.693147
survey_index1 ind sel opt 2  1 0 0 0 0 0 0 0 0 0 0 0 0 0 0 0 0 0 0 0 0 0 0 0 0 0 0 0 0 0
Phase indices Sel_Coffs:  -1
 Test: 1.23457e+008
# Fshry Selages:  11
# Srvy  Selages:  11
# Phase for age-spec fishery  -1
# Phase for logistic fishery  -2
# Phase for dble logistic fishery  -1
# Phase for age-spec indices   -1
# Phase for logistic indices   -2
# Phase for dble logistic ind  -1
# Curv_pen_fsh: 
 0
# Curv_pen_ind: 
 0
# styr_fut
31
# endyr_fut
35
# nyrs_fsh_age
 30
# nyrs_fsh_age
 30
# yrs_fsh_age
 1 2 3 4 5 6 7 8 9 10 11 12 13 14 15 16 17 18 19 20 21 22 23 24 25 26 27 28 29 30
# n_sample_fsh_age
 200 200 200 200 200 200 200 200 200 200 200 200 200 200 200 200 200 200 200 200 200 200 200 200 200 200 200 200 200 200
# oac_fsh
 0.045 0.135 0.1 0.1 0.11 0.075 0.075 0.075 0.035 0.04 0.035 0.175
 0.075 0.09 0.17 0.11 0.095 0.07 0.055 0.09 0.03 0.04 0.015 0.16
 0.065 0.12 0.185 0.11 0.08 0.085 0.11 0.055 0.03 0.03 0.035 0.095
 0.06 0.085 0.125 0.145 0.06 0.085 0.105 0.06 0.06 0.04 0.045 0.13
 0.125 0.07 0.11 0.145 0.1 0.08 0.045 0.075 0.07 0.06 0.02 0.1
 0.105 0.115 0.095 0.075 0.135 0.07 0.085 0.06 0.055 0.025 0.04 0.14
 0.095 0.15 0.15 0.135 0.075 0.065 0.075 0.04 0.05 0.025 0.035 0.105
 0.08 0.115 0.115 0.125 0.1 0.07 0.09 0.085 0.055 0.035 0.015 0.115
 0.08 0.14 0.13 0.1 0.125 0.075 0.04 0.075 0.06 0.04 0.03 0.105
 0.08 0.105 0.17 0.115 0.12 0.09 0.06 0.05 0.06 0.03 0.025 0.095
 0.08 0.155 0.155 0.155 0.105 0.075 0.06 0.045 0.045 0.06 0.01 0.055
 0.085 0.145 0.16 0.12 0.135 0.09 0.085 0.065 0.015 0.02 0.005 0.075
 0.105 0.165 0.16 0.13 0.085 0.095 0.05 0.05 0.025 0.025 0.02 0.09
 0.12 0.165 0.13 0.185 0.105 0.05 0.06 0.035 0.025 0.045 0.015 0.065
 0.085 0.17 0.14 0.135 0.13 0.11 0.07 0.035 0.03 0.02 0.025 0.05
 0.105 0.15 0.14 0.115 0.105 0.13 0.075 0.03 0.035 0.025 0.025 0.065
 0.11 0.22 0.185 0.105 0.085 0.065 0.06 0.035 0.025 0.015 0.025 0.07
 0.08 0.155 0.225 0.16 0.13 0.075 0.045 0.04 0.025 0.005 0.03 0.03
 0.115 0.13 0.21 0.18 0.06 0.095 0.08 0.03 0.045 0.02 0.02 0.015
 0.075 0.195 0.155 0.205 0.13 0.09 0.035 0.025 0.035 0.025 0.01 0.02
 0.19 0.095 0.195 0.125 0.14 0.1 0.025 0.05 0.02 0.025 0.015 0.02
 0.195 0.23 0.135 0.175 0.08 0.075 0.035 0.02 0.02 0.01 0.01 0.015
 0.135 0.2 0.24 0.105 0.095 0.055 0.075 0.02 0.015 0.01 0.015 0.035
 0.1 0.195 0.275 0.165 0.06 0.045 0.065 0.015 0.02 0.025 0 0.035
 0.175 0.15 0.195 0.2 0.115 0.06 0.015 0.03 0.025 0.015 0.005 0.015
 0.125 0.24 0.195 0.095 0.135 0.11 0.03 0.04 0.015 0.005 0.005 0.005
 0.18 0.14 0.225 0.155 0.1 0.08 0.06 0.03 0.01 0.005 0.01 0.005
 0.18 0.235 0.165 0.2 0.07 0.08 0.03 0.005 0.015 0.01 0 0.01
 0.17 0.255 0.175 0.085 0.15 0.045 0.04 0.02 0.03 0.015 0.01 0.005
 0.15 0.26 0.22 0.145 0.075 0.075 0.01 0.03 0.015 0.005 0 0.015
# olc_fsh

# wt_fsh
 0.000530656 0.00119633 0.00205827 0.00303499 0.00405521 0.0050647 0.00602623 0.00691692 0.00772489 0.00844611 0.00908185 0.0096367
 0.000530656 0.00119633 0.00205827 0.00303499 0.00405521 0.0050647 0.00602623 0.00691692 0.00772489 0.00844611 0.00908185 0.0096367
 0.000530656 0.00119633 0.00205827 0.00303499 0.00405521 0.0050647 0.00602623 0.00691692 0.00772489 0.00844611 0.00908185 0.0096367
 0.000530656 0.00119633 0.00205827 0.00303499 0.00405521 0.0050647 0.00602623 0.00691692 0.00772489 0.00844611 0.00908185 0.0096367
 0.000530656 0.00119633 0.00205827 0.00303499 0.00405521 0.0050647 0.00602623 0.00691692 0.00772489 0.00844611 0.00908185 0.0096367
 0.000530656 0.00119633 0.00205827 0.00303499 0.00405521 0.0050647 0.00602623 0.00691692 0.00772489 0.00844611 0.00908185 0.0096367
 0.000530656 0.00119633 0.00205827 0.00303499 0.00405521 0.0050647 0.00602623 0.00691692 0.00772489 0.00844611 0.00908185 0.0096367
 0.000530656 0.00119633 0.00205827 0.00303499 0.00405521 0.0050647 0.00602623 0.00691692 0.00772489 0.00844611 0.00908185 0.0096367
 0.000530656 0.00119633 0.00205827 0.00303499 0.00405521 0.0050647 0.00602623 0.00691692 0.00772489 0.00844611 0.00908185 0.0096367
 0.000530656 0.00119633 0.00205827 0.00303499 0.00405521 0.0050647 0.00602623 0.00691692 0.00772489 0.00844611 0.00908185 0.0096367
 0.000530656 0.00119633 0.00205827 0.00303499 0.00405521 0.0050647 0.00602623 0.00691692 0.00772489 0.00844611 0.00908185 0.0096367
 0.000530656 0.00119633 0.00205827 0.00303499 0.00405521 0.0050647 0.00602623 0.00691692 0.00772489 0.00844611 0.00908185 0.0096367
 0.000530656 0.00119633 0.00205827 0.00303499 0.00405521 0.0050647 0.00602623 0.00691692 0.00772489 0.00844611 0.00908185 0.0096367
 0.000530656 0.00119633 0.00205827 0.00303499 0.00405521 0.0050647 0.00602623 0.00691692 0.00772489 0.00844611 0.00908185 0.0096367
 0.000530656 0.00119633 0.00205827 0.00303499 0.00405521 0.0050647 0.00602623 0.00691692 0.00772489 0.00844611 0.00908185 0.0096367
 0.000530656 0.00119633 0.00205827 0.00303499 0.00405521 0.0050647 0.00602623 0.00691692 0.00772489 0.00844611 0.00908185 0.0096367
 0.000530656 0.00119633 0.00205827 0.00303499 0.00405521 0.0050647 0.00602623 0.00691692 0.00772489 0.00844611 0.00908185 0.0096367
 0.000530656 0.00119633 0.00205827 0.00303499 0.00405521 0.0050647 0.00602623 0.00691692 0.00772489 0.00844611 0.00908185 0.0096367
 0.000530656 0.00119633 0.00205827 0.00303499 0.00405521 0.0050647 0.00602623 0.00691692 0.00772489 0.00844611 0.00908185 0.0096367
 0.000530656 0.00119633 0.00205827 0.00303499 0.00405521 0.0050647 0.00602623 0.00691692 0.00772489 0.00844611 0.00908185 0.0096367
 0.000530656 0.00119633 0.00205827 0.00303499 0.00405521 0.0050647 0.00602623 0.00691692 0.00772489 0.00844611 0.00908185 0.0096367
 0.000530656 0.00119633 0.00205827 0.00303499 0.00405521 0.0050647 0.00602623 0.00691692 0.00772489 0.00844611 0.00908185 0.0096367
 0.000530656 0.00119633 0.00205827 0.00303499 0.00405521 0.0050647 0.00602623 0.00691692 0.00772489 0.00844611 0.00908185 0.0096367
 0.000530656 0.00119633 0.00205827 0.00303499 0.00405521 0.0050647 0.00602623 0.00691692 0.00772489 0.00844611 0.00908185 0.0096367
 0.000530656 0.00119633 0.00205827 0.00303499 0.00405521 0.0050647 0.00602623 0.00691692 0.00772489 0.00844611 0.00908185 0.0096367
 0.000530656 0.00119633 0.00205827 0.00303499 0.00405521 0.0050647 0.00602623 0.00691692 0.00772489 0.00844611 0.00908185 0.0096367
 0.000530656 0.00119633 0.00205827 0.00303499 0.00405521 0.0050647 0.00602623 0.00691692 0.00772489 0.00844611 0.00908185 0.0096367
 0.000530656 0.00119633 0.00205827 0.00303499 0.00405521 0.0050647 0.00602623 0.00691692 0.00772489 0.00844611 0.00908185 0.0096367
 0.000530656 0.00119633 0.00205827 0.00303499 0.00405521 0.0050647 0.00602623 0.00691692 0.00772489 0.00844611 0.00908185 0.0096367
 0.000530656 0.00119633 0.00205827 0.00303499 0.00405521 0.0050647 0.00602623 0.00691692 0.00772489 0.00844611 0.00908185 0.0096367
# nyrs_ind_age
 30
# yrs_ind_age
 1 2 3 4 5 6 7 8 9 10 11 12 13 14 15 16 17 18 19 20 21 22 23 24 25 26 27 28 29 30
# n_sample_ind_age
 200 200 200 200 200 200 200 200 200 200 200 200 200 200 200 200 200 200 200 200 200 200 200 200 200 200 200 200 200 200
# oac_ind
 0.075 0.09 0.12 0.1 0.09 0.075 0.1 0.06 0.065 0.04 0.02 0.165
 0.09 0.14 0.13 0.115 0.08 0.09 0.1 0.05 0.025 0.03 0.055 0.095
 0.065 0.195 0.15 0.09 0.115 0.085 0.055 0.045 0.025 0.035 0.03 0.11
 0.05 0.16 0.21 0.12 0.08 0.09 0.065 0.03 0.035 0.02 0.01 0.13
 0.105 0.085 0.05 0.17 0.075 0.095 0.075 0.085 0.07 0.015 0.035 0.14
 0.125 0.18 0.06 0.115 0.145 0.075 0.05 0.05 0.055 0.015 0.035 0.095
 0.085 0.19 0.205 0.085 0.07 0.1 0.065 0.05 0.005 0.025 0.01 0.11
 0.055 0.125 0.205 0.17 0.1 0.04 0.08 0.025 0.045 0.035 0.01 0.11
 0.06 0.175 0.185 0.165 0.13 0.045 0.05 0.055 0.02 0.035 0.02 0.06
 0.095 0.15 0.17 0.135 0.12 0.115 0.045 0.05 0.01 0.025 0.01 0.075
 0.05 0.21 0.185 0.185 0.045 0.075 0.08 0.02 0.02 0.015 0.015 0.1
 0.08 0.215 0.22 0.105 0.12 0.065 0.055 0.045 0.01 0.015 0.015 0.055
 0.08 0.15 0.225 0.115 0.11 0.07 0.065 0.035 0.045 0.015 0.01 0.08
 0.09 0.15 0.185 0.17 0.145 0.03 0.05 0.065 0.035 0.015 0.025 0.04
 0.055 0.205 0.215 0.115 0.1 0.085 0.055 0.06 0.015 0.035 0.01 0.05
 0.12 0.165 0.225 0.105 0.095 0.09 0.06 0.025 0.02 0.025 0.01 0.06
 0.125 0.155 0.195 0.15 0.095 0.085 0.065 0.03 0.035 0.015 0.005 0.045
 0.07 0.22 0.21 0.135 0.085 0.065 0.06 0.06 0.015 0.035 0 0.045
 0.045 0.245 0.19 0.165 0.125 0.085 0.035 0.01 0.035 0.015 0.01 0.04
 0.08 0.19 0.14 0.18 0.11 0.065 0.08 0.05 0.015 0.025 0.02 0.045
 0.135 0.14 0.25 0.145 0.13 0.085 0.02 0.025 0.01 0.01 0 0.05
 0.13 0.245 0.175 0.125 0.045 0.08 0.085 0.035 0.02 0.015 0.01 0.035
 0.12 0.275 0.2 0.085 0.12 0.045 0.035 0.04 0.03 0.015 0.005 0.03
 0.095 0.22 0.265 0.17 0.07 0.075 0.04 0.025 0.005 0.015 0 0.02
 0.175 0.19 0.21 0.165 0.12 0.04 0.03 0.015 0.03 0.005 0.005 0.015
 0.095 0.305 0.205 0.125 0.085 0.08 0.04 0.02 0.02 0.005 0.005 0.015
 0.105 0.255 0.215 0.155 0.125 0.065 0.055 0.005 0.005 0.005 0.005 0.005
 0.12 0.27 0.195 0.155 0.115 0.04 0.055 0.015 0.02 0.01 0.005 0
 0.175 0.27 0.21 0.085 0.145 0.035 0.04 0.005 0.01 0 0 0.025
 0.095 0.325 0.26 0.15 0.06 0.065 0.01 0.015 0.005 0.01 0.005 0
# olc_ind

# obs_lse_ind
 0.198042 0.198042 0.198042 0.198042 0.198042 0.198042 0.198042 0.198042 0.198042 0.198042 0.198042 0.198042 0.198042 0.198042 0.198042 0.198042 0.198042 0.198042 0.198042 0.198042 0.198042 0.198042 0.198042 0.198042 0.198042 0.198042 0.198042 0.198042 0.198042 0.198042
# xages_fsh
 0 0 0 0 0 0 0 0 0 0 0 0
# xages_fsh
 0 0.0909091 0.181818 0.272727 0.363636 0.454545 0.545455 0.636364 0.727273 0.818182 0.909091 1
# xnodes_fsh

Yrs fsh_sel change:  1 0 0 0 0 0 0 0 0 0 0 0 0 0 0 0 0 0 0 0 0 0 0 0 0 0 0 0 0
Yrs ind_sel change:  1 0 0 0 0 0 0 0 0 0 0 0 0 0 0 0 0 0 0 0 0 0 0 0 0 0 0 0 0
# steepnessprior
0.75
# sigmarprior
0.2
#  SSB estimated in styr endyr: -12 28 
#  Rec estimated in styr endyr: -10 30 
#  SR Curve fit  in styr endyr: 1 30 
#             Model styr endyr: 1 30 
# qprior
 3.48998e-007
# q_power_prior 
 1 
# cv_catchbiomass 
0.05 
# CatchbiomassPen 
200 
# Number of projection years 
5 
# offset_fsh
 13486.8
# offset_ind
 13080.9
Mean Catch
1278.64
R_guess 
13.8155
# nfsh
1
# n_sel_ch_fsh
 1
# nselages_fsh
 11
# phase_selcoff_fsh
 -1
logRzero 13.8155
logmeanrec 13.8155
exp(log_sigmarprior 0.2
Fish sel phase: -1 OM1
Fixing fishery sel to
1
Fixing fishery sel to
1
Srvy sel phase: -1
Fixing survey_index1 indices sel to
1
Fixing index sel to
1
# logsel_slp_in_indv
 0.693147
Leaving parameter init secton
# M
 0.2 0.2 0.2 0.2 0.2 0.2 0.2 0.2 0.2 0.2 0.2 0.2
 0.2 0.2 0.2 0.2 0.2 0.2 0.2 0.2 0.2 0.2 0.2 0.2
 0.2 0.2 0.2 0.2 0.2 0.2 0.2 0.2 0.2 0.2 0.2 0.2
 0.2 0.2 0.2 0.2 0.2 0.2 0.2 0.2 0.2 0.2 0.2 0.2
 0.2 0.2 0.2 0.2 0.2 0.2 0.2 0.2 0.2 0.2 0.2 0.2
 0.2 0.2 0.2 0.2 0.2 0.2 0.2 0.2 0.2 0.2 0.2 0.2
 0.2 0.2 0.2 0.2 0.2 0.2 0.2 0.2 0.2 0.2 0.2 0.2
 0.2 0.2 0.2 0.2 0.2 0.2 0.2 0.2 0.2 0.2 0.2 0.2
 0.2 0.2 0.2 0.2 0.2 0.2 0.2 0.2 0.2 0.2 0.2 0.2
 0.2 0.2 0.2 0.2 0.2 0.2 0.2 0.2 0.2 0.2 0.2 0.2
 0.2 0.2 0.2 0.2 0.2 0.2 0.2 0.2 0.2 0.2 0.2 0.2
 0.2 0.2 0.2 0.2 0.2 0.2 0.2 0.2 0.2 0.2 0.2 0.2
 0.2 0.2 0.2 0.2 0.2 0.2 0.2 0.2 0.2 0.2 0.2 0.2
 0.2 0.2 0.2 0.2 0.2 0.2 0.2 0.2 0.2 0.2 0.2 0.2
 0.2 0.2 0.2 0.2 0.2 0.2 0.2 0.2 0.2 0.2 0.2 0.2
 0.2 0.2 0.2 0.2 0.2 0.2 0.2 0.2 0.2 0.2 0.2 0.2
 0.2 0.2 0.2 0.2 0.2 0.2 0.2 0.2 0.2 0.2 0.2 0.2
 0.2 0.2 0.2 0.2 0.2 0.2 0.2 0.2 0.2 0.2 0.2 0.2
 0.2 0.2 0.2 0.2 0.2 0.2 0.2 0.2 0.2 0.2 0.2 0.2
 0.2 0.2 0.2 0.2 0.2 0.2 0.2 0.2 0.2 0.2 0.2 0.2
 0.2 0.2 0.2 0.2 0.2 0.2 0.2 0.2 0.2 0.2 0.2 0.2
 0.2 0.2 0.2 0.2 0.2 0.2 0.2 0.2 0.2 0.2 0.2 0.2
 0.2 0.2 0.2 0.2 0.2 0.2 0.2 0.2 0.2 0.2 0.2 0.2
 0.2 0.2 0.2 0.2 0.2 0.2 0.2 0.2 0.2 0.2 0.2 0.2
 0.2 0.2 0.2 0.2 0.2 0.2 0.2 0.2 0.2 0.2 0.2 0.2
 0.2 0.2 0.2 0.2 0.2 0.2 0.2 0.2 0.2 0.2 0.2 0.2
 0.2 0.2 0.2 0.2 0.2 0.2 0.2 0.2 0.2 0.2 0.2 0.2
 0.2 0.2 0.2 0.2 0.2 0.2 0.2 0.2 0.2 0.2 0.2 0.2
 0.2 0.2 0.2 0.2 0.2 0.2 0.2 0.2 0.2 0.2 0.2 0.2
 0.2 0.2 0.2 0.2 0.2 0.2 0.2 0.2 0.2 0.2 0.2 0.2
# mean_log_rec
13.7465
# log_Rzero
13.8155
# rec_dev
 -0.04065 -0.115819 -0.00408071 0.0173644 -0.0563547 0.0380959 0.04526 0.0488921 0.046771 -0.00379375 0.0367771 0.0990651 0.304209 -0.109767 -0.149067 0.321508 0.252906 0.0729544 0.172811 -0.0369413 0.14886 0.192608 -0.028792 -0.033556 0.0656141 -0.0506582 0.113787 0.0795005 -0.256229 -0.143811 -0.458036 0.0211899 -0.00255282 -0.232917 -0.395179 -0.078725 -0.488306 -0.247491 -0.139798 -0.049322 -0.337958
# fmort
 0.00917283 0.0270586 0.0454891 0.0622395 0.0493218 0.0889254 0.0912941 0.193248 0.113867 0.139093 0.158549 0.169926 0.121261 0.174663 0.184667 0.165631 0.321475 0.260733 0.256511 0.254362 0.355069 0.257251 0.426177 0.349913 0.350381 0.31865 0.309054 0.423868 0.321404 0.476403
# rec_dev_future
 0 0 0 0 0
