AMAK;August_2013
# styr
1
# endyr
30
# rec_age
1
# oldest_age
12
# nlength
81
# len_bins
 10 11 12 13 14 15 16 17 18 19 20 21 22 23 24 25 26 27 28 29 30 31 32 33 34 35 36 37 38 39 40 41 42 43 44 45 46 47 48 49 50 51 52 53 54 55 56 57 58 59 60 61 62 63 64 65 66 67 68 69 70 71 72 73 74 75 76 77 78 79 80 81 82 83 84 85 86 87 88 89 90
# datafile_name
amak_data.dat
# model_name
OM_1
# styr
1
# endyr
30
# rec_age
1
# oldest_age
12
# nfsh
1
# fshname
OM1
# catch_bio_in
 161.65 469.597 763.902 1000.99 767.345 1318.37 1277.28 2483.02 1336.51 1537.64 1627.17 1602.86 1110.88 1526.6 1511.94 1282.94 2235.66 1622.84 1474.07 1310.29 1628.28 1082.45 1622.63 1198.09 1122.14 965.67 921.577 1212.42 882.711 1279.05
# catch_bio_sd_in
 0.01 0.01 0.01 0.01 0.01 0.01 0.01 0.01 0.01 0.01 0.01 0.01 0.01 0.01 0.01 0.01 0.01 0.01 0.01 0.01 0.01 0.01 0.01 0.01 0.01 0.01 0.01 0.01 0.01 0.01
# nyrs_fsh_age
 30
# nyrs_fsh_length
 0
# yrs_fsh_age_in
 1 2 3 4 5 6 7 8 9 10 11 12 13 14 15 16 17 18 19 20 21 22 23 24 25 26 27 28 29 30
# yrs_fsh_length_in

# n_sample_fsh_length_in

# olc_fsh_in

# nind
1
# indname
survey_index1
# nyrs_ind
 30
# yrs_ind_in
 1 2 3 4 5 6 7 8 9 10 11 12 13 14 15 16 17 18 19 20 21 22 23 24 25 26 27 28 29 30
# mo_ind
 1
# obs_ind_in
 1.88047 1.40661 1.52717 1.46386 1.4139 1.46969 1.42278 1.32336 1.28582 1.22221 1.1749 1.32748 0.937042 1.0623 0.954591 0.946704 0.975295 0.909753 0.904172 0.730728 0.660192 0.654111 0.711354 0.602995 0.590075 0.519368 0.58765 0.532253 0.723445 0.590987
# obs_se_ind_in
 0.376095 0.281322 0.305435 0.292771 0.28278 0.293938 0.284556 0.264673 0.257165 0.244443 0.234981 0.265495 0.187408 0.21246 0.190918 0.189341 0.195059 0.181951 0.180834 0.146146 0.132038 0.130822 0.142271 0.120599 0.118015 0.103874 0.11753 0.106451 0.144689 0.118197
# nyrs_ind_age
 30
# nyrs_ind_length
 0
# yrs_ind_age_in
 1 2 3 4 5 6 7 8 9 10 11 12 13 14 15 16 17 18 19 20 21 22 23 24 25 26 27 28 29 30
# yrs_ind_length_in

# yrs_ind_age_in
 1 2 3 4 5 6 7 8 9 10 11 12 13 14 15 16 17 18 19 20 21 22 23 24 25 26 27 28 29 30
# n_sample_ind_length_in

# olc_ind_in

# oac_ind_in
 0.065 0.18 0.125 0.14 0.095 0.12 0.03 0.03 0.06 0.035 0.025 0.095
 0.065 0.125 0.155 0.09 0.085 0.085 0.115 0.03 0.06 0.02 0.05 0.12
 0.035 0.195 0.125 0.165 0.09 0.06 0.055 0.05 0.045 0.045 0.03 0.105
 0.055 0.175 0.16 0.09 0.105 0.06 0.08 0.055 0.03 0.03 0.02 0.14
 0.11 0.115 0.15 0.17 0.105 0.04 0.085 0.02 0.03 0.025 0.02 0.13
 0.055 0.19 0.15 0.11 0.125 0.08 0.07 0.025 0.045 0.03 0.025 0.095
 0.05 0.155 0.235 0.1 0.065 0.09 0.05 0.04 0.04 0.035 0.03 0.11
 0.065 0.16 0.16 0.175 0.095 0.065 0.07 0.04 0.04 0.02 0.025 0.085
 0.07 0.2 0.14 0.14 0.125 0.055 0.025 0.055 0.055 0.015 0.01 0.11
 0.115 0.165 0.205 0.105 0.135 0.11 0.035 0.055 0.015 0.02 0.005 0.035
 0.07 0.185 0.125 0.17 0.09 0.09 0.075 0.045 0.03 0.03 0.01 0.08
 0.08 0.155 0.18 0.105 0.175 0.05 0.07 0.06 0.01 0.035 0.02 0.06
 0.03 0.195 0.215 0.135 0.105 0.09 0.035 0.035 0.065 0.015 0.01 0.07
 0.08 0.15 0.19 0.15 0.12 0.1 0.07 0.015 0.03 0.025 0.015 0.055
 0.065 0.165 0.195 0.11 0.12 0.07 0.055 0.07 0.05 0.015 0.03 0.055
 0.125 0.175 0.16 0.145 0.08 0.09 0.045 0.02 0.005 0.045 0.02 0.09
 0.11 0.225 0.18 0.14 0.09 0.045 0.05 0.045 0.025 0.035 0.015 0.04
 0.1 0.25 0.235 0.08 0.09 0.045 0.03 0.035 0.045 0.005 0.01 0.075
 0.06 0.2 0.24 0.165 0.125 0.09 0.025 0.02 0.025 0.02 0.005 0.025
 0.05 0.205 0.205 0.175 0.125 0.075 0.025 0.03 0.03 0.02 0.005 0.055
 0.135 0.21 0.175 0.155 0.15 0.055 0.03 0.015 0.015 0.025 0.015 0.02
 0.18 0.255 0.14 0.165 0.1 0.065 0.04 0.01 0.01 0 0.005 0.03
 0.1 0.265 0.28 0.085 0.085 0.05 0.045 0.02 0.01 0.035 0.015 0.01
 0.105 0.175 0.3 0.19 0.05 0.065 0.035 0.035 0.015 0.01 0.01 0.01
 0.11 0.21 0.23 0.155 0.125 0.04 0.065 0.025 0.025 0.005 0.005 0.005
 0.08 0.28 0.195 0.155 0.1 0.09 0.04 0.02 0.01 0 0.015 0.015
 0.14 0.165 0.32 0.125 0.08 0.06 0.025 0.025 0.03 0.01 0 0.02
 0.135 0.225 0.195 0.18 0.12 0.045 0.035 0.025 0.015 0 0.005 0.02
 0.16 0.33 0.165 0.095 0.1 0.03 0.035 0.05 0.015 0 0.01 0.01
 0.1 0.335 0.245 0.14 0.08 0.055 0.015 0.015 0.01 0.005 0 0
# wt_ind
 1 1 1 1 1 1 1 1 1 1 1 1
 1 1 1 1 1 1 1 1 1 1 1 1
 1 1 1 1 1 1 1 1 1 1 1 1
 1 1 1 1 1 1 1 1 1 1 1 1
 1 1 1 1 1 1 1 1 1 1 1 1
 1 1 1 1 1 1 1 1 1 1 1 1
 1 1 1 1 1 1 1 1 1 1 1 1
 1 1 1 1 1 1 1 1 1 1 1 1
 1 1 1 1 1 1 1 1 1 1 1 1
 1 1 1 1 1 1 1 1 1 1 1 1
 1 1 1 1 1 1 1 1 1 1 1 1
 1 1 1 1 1 1 1 1 1 1 1 1
 1 1 1 1 1 1 1 1 1 1 1 1
 1 1 1 1 1 1 1 1 1 1 1 1
 1 1 1 1 1 1 1 1 1 1 1 1
 1 1 1 1 1 1 1 1 1 1 1 1
 1 1 1 1 1 1 1 1 1 1 1 1
 1 1 1 1 1 1 1 1 1 1 1 1
 1 1 1 1 1 1 1 1 1 1 1 1
 1 1 1 1 1 1 1 1 1 1 1 1
 1 1 1 1 1 1 1 1 1 1 1 1
 1 1 1 1 1 1 1 1 1 1 1 1
 1 1 1 1 1 1 1 1 1 1 1 1
 1 1 1 1 1 1 1 1 1 1 1 1
 1 1 1 1 1 1 1 1 1 1 1 1
 1 1 1 1 1 1 1 1 1 1 1 1
 1 1 1 1 1 1 1 1 1 1 1 1
 1 1 1 1 1 1 1 1 1 1 1 1
 1 1 1 1 1 1 1 1 1 1 1 1
 1 1 1 1 1 1 1 1 1 1 1 1
# wt_pop
 0.000530656 0.00119633 0.00205827 0.00303499 0.00405521 0.0050647 0.00602623 0.00691692 0.00772489 0.00844611 0.00908185 0.0096367
# maturity
 0.0229774 0.320821 0.904651 0.99478 0.999739 0.999987 0.999999 1 1 1 1 1
# spawnmo
1
# age_err
 1 0 0 0 0 0 0 0 0 0 0 0
 0 1 0 0 0 0 0 0 0 0 0 0
 0 0 1 0 0 0 0 0 0 0 0 0
 0 0 0 1 0 0 0 0 0 0 0 0
 0 0 0 0 1 0 0 0 0 0 0 0
 0 0 0 0 0 1 0 0 0 0 0 0
 0 0 0 0 0 0 1 0 0 0 0 0
 0 0 0 0 0 0 0 1 0 0 0 0
 0 0 0 0 0 0 0 0 1 0 0 0
 0 0 0 0 0 0 0 0 0 1 0 0
 0 0 0 0 0 0 0 0 0 0 1 0
 0 0 0 0 0 0 0 0 0 0 0 1
# cntrlfile_name
C:\Users\bai.li\Desktop\s1_test\AMAK\s146\amak.dat
# Map shared selectivity: 
# sel_map
 1 2
 1 1
# datafile_name
amak_data.dat
# model_name
OM_1
# SrType
2
# use_age_err
0
# retro
0
# sigmarprior
0.2
# cvsigmarprior
0.25
# phase_sigmar
-3
# styr_rec_est
1
# endyr_rec_est
30
# Linfprior
80
# cvLinfprior
0.25
# kprior
0.18
# cvkprior
0.25
# Loprior
27.688
# cvLoprior
0.25
# sdageprior
0.1
# cvsdageprior
0.25
# natmortprior
0.2
# cvnatmortprior
0.25
# phase_M
-4
# npars_Mage
0
# ages_M_changes

# Mage_in

# phase_Mage
-5
# phase_rw_M
0
# npars_rw_M
0
# yrs_rw_M

# sigma_rw_M

# qprior
 3.48998e-007
# cvqprior
 1
# phase_q
 1
# q_power_prior
 1
# cvq_power_prior
 0.2
# phase_q_power
 -4
# phase_rw_q
 -1
# npars_rw_q
 0
# yrs_rw_q

# sigma_rw_q

# q_age_min
 1
# q_age_max
 12
# q_age_min
 1
# q_age_max
 12
# fsh_sel_opt(k)
2
# phase_sel_fsh(k)
-2
# n_sel_ch_fsh(k)
1
# sel_slp_in_fsh(k)(1,n_sel_ch_fsh(k))
 1
# sel_inf_in_fsh(k)(1,n_sel_ch_fsh(k))
 2
# logsel_slp_in_fsh(k)(1,n_sel_ch_fsh(k))
 0
# yrs_sel_ch_fsh(k)(1,n_sel_ch_fsh(k))
 1

Survey survey_index1
# ind_sel_opt(k)
2
# indname(k)
survey_index1
# nselages_in_ind(k)
11
# phase_sel_ind(k)
-2
# sel_change_in_ind(k)
 1 0 0 0 0 0 0 0 0 0 0 0 0 0 0 0 0 0 0 0 0 0 0 0 0 0 0 0 0 0
# n_sel_ch_ind(k)
1
# yrs_sel_ch_ind(k)(1,n_sel_ch_ind(k))
 1
# sel_slp_in_ind(k,1)
2
# sel_inf_in_ind(k,1)
1.5
# logsel_slp_in_ind(k,1)
0.693147
# logsel_slp_in_indv(k)
0.693147
survey_index1 ind sel opt 2  1 0 0 0 0 0 0 0 0 0 0 0 0 0 0 0 0 0 0 0 0 0 0 0 0 0 0 0 0 0
Phase indices Sel_Coffs:  -1
 Test: 1.23457e+008
# Fshry Selages:  11
# Srvy  Selages:  11
# Phase for age-spec fishery  -1
# Phase for logistic fishery  -2
# Phase for dble logistic fishery  -1
# Phase for age-spec indices   -1
# Phase for logistic indices   -2
# Phase for dble logistic ind  -1
# Curv_pen_fsh: 
 0
# Curv_pen_ind: 
 0
# styr_fut
31
# endyr_fut
35
# nyrs_fsh_age
 30
# nyrs_fsh_age
 30
# yrs_fsh_age
 1 2 3 4 5 6 7 8 9 10 11 12 13 14 15 16 17 18 19 20 21 22 23 24 25 26 27 28 29 30
# n_sample_fsh_age
 200 200 200 200 200 200 200 200 200 200 200 200 200 200 200 200 200 200 200 200 200 200 200 200 200 200 200 200 200 200
# oac_fsh
 0.095 0.105 0.095 0.1 0.08 0.105 0.09 0.06 0.06 0.045 0.015 0.15
 0.09 0.115 0.1 0.14 0.085 0.115 0.065 0.055 0.05 0.025 0.035 0.125
 0.07 0.14 0.105 0.165 0.12 0.075 0.065 0.07 0.045 0.04 0.015 0.09
 0.07 0.09 0.19 0.095 0.08 0.07 0.085 0.045 0.045 0.04 0.04 0.15
 0.1 0.11 0.095 0.16 0.125 0.06 0.06 0.065 0.035 0.06 0.035 0.095
 0.07 0.165 0.145 0.13 0.105 0.075 0.055 0.035 0.05 0.025 0.025 0.12
 0.06 0.185 0.195 0.11 0.11 0.05 0.065 0.05 0.02 0.03 0.035 0.09
 0.085 0.125 0.13 0.16 0.075 0.07 0.07 0.08 0.035 0.005 0.015 0.15
 0.075 0.125 0.125 0.185 0.1 0.05 0.075 0.065 0.035 0.04 0.01 0.115
 0.075 0.125 0.145 0.13 0.135 0.09 0.04 0.06 0.06 0.01 0.01 0.12
 0.095 0.14 0.14 0.17 0.075 0.1 0.075 0.045 0.02 0.03 0.02 0.09
 0.1 0.145 0.185 0.09 0.12 0.095 0.055 0.065 0.005 0.015 0.035 0.09
 0.095 0.135 0.16 0.145 0.065 0.11 0.065 0.055 0.05 0.02 0.025 0.075
 0.105 0.16 0.115 0.15 0.08 0.075 0.09 0.065 0.03 0.045 0.015 0.07
 0.095 0.185 0.155 0.125 0.105 0.055 0.07 0.06 0.02 0.03 0.035 0.065
 0.18 0.12 0.195 0.11 0.1 0.11 0.065 0.04 0.02 0.03 0.015 0.015
 0.13 0.17 0.125 0.15 0.12 0.04 0.09 0.04 0.055 0.02 0.02 0.04
 0.09 0.195 0.215 0.155 0.145 0.07 0.04 0.04 0.02 0.005 0.005 0.02
 0.115 0.155 0.215 0.165 0.065 0.115 0.055 0.025 0.015 0.025 0.005 0.045
 0.075 0.175 0.155 0.215 0.145 0.055 0.05 0.02 0.02 0.025 0.025 0.04
 0.14 0.17 0.18 0.14 0.125 0.105 0.02 0.025 0.03 0.015 0.025 0.025
 0.115 0.24 0.135 0.14 0.095 0.105 0.075 0.04 0.015 0.01 0.015 0.015
 0.16 0.23 0.23 0.125 0.105 0.05 0.025 0.035 0.015 0.02 0.005 0
 0.115 0.135 0.245 0.165 0.105 0.08 0.045 0.025 0.025 0.035 0.015 0.01
 0.165 0.165 0.175 0.245 0.105 0.03 0.03 0.03 0.025 0.025 0 0.005
 0.12 0.22 0.19 0.115 0.2 0.05 0.03 0.035 0.01 0.005 0.025 0
 0.145 0.165 0.245 0.14 0.095 0.075 0.07 0.015 0.005 0.01 0.015 0.02
 0.14 0.205 0.16 0.21 0.12 0.045 0.04 0.035 0.005 0.015 0 0.025
 0.145 0.275 0.14 0.145 0.115 0.04 0.045 0.02 0.045 0 0.005 0.025
 0.16 0.28 0.22 0.13 0.07 0.065 0.03 0.015 0.005 0.01 0.01 0.005
# olc_fsh

# wt_fsh
 0.000530656 0.00119633 0.00205827 0.00303499 0.00405521 0.0050647 0.00602623 0.00691692 0.00772489 0.00844611 0.00908185 0.0096367
 0.000530656 0.00119633 0.00205827 0.00303499 0.00405521 0.0050647 0.00602623 0.00691692 0.00772489 0.00844611 0.00908185 0.0096367
 0.000530656 0.00119633 0.00205827 0.00303499 0.00405521 0.0050647 0.00602623 0.00691692 0.00772489 0.00844611 0.00908185 0.0096367
 0.000530656 0.00119633 0.00205827 0.00303499 0.00405521 0.0050647 0.00602623 0.00691692 0.00772489 0.00844611 0.00908185 0.0096367
 0.000530656 0.00119633 0.00205827 0.00303499 0.00405521 0.0050647 0.00602623 0.00691692 0.00772489 0.00844611 0.00908185 0.0096367
 0.000530656 0.00119633 0.00205827 0.00303499 0.00405521 0.0050647 0.00602623 0.00691692 0.00772489 0.00844611 0.00908185 0.0096367
 0.000530656 0.00119633 0.00205827 0.00303499 0.00405521 0.0050647 0.00602623 0.00691692 0.00772489 0.00844611 0.00908185 0.0096367
 0.000530656 0.00119633 0.00205827 0.00303499 0.00405521 0.0050647 0.00602623 0.00691692 0.00772489 0.00844611 0.00908185 0.0096367
 0.000530656 0.00119633 0.00205827 0.00303499 0.00405521 0.0050647 0.00602623 0.00691692 0.00772489 0.00844611 0.00908185 0.0096367
 0.000530656 0.00119633 0.00205827 0.00303499 0.00405521 0.0050647 0.00602623 0.00691692 0.00772489 0.00844611 0.00908185 0.0096367
 0.000530656 0.00119633 0.00205827 0.00303499 0.00405521 0.0050647 0.00602623 0.00691692 0.00772489 0.00844611 0.00908185 0.0096367
 0.000530656 0.00119633 0.00205827 0.00303499 0.00405521 0.0050647 0.00602623 0.00691692 0.00772489 0.00844611 0.00908185 0.0096367
 0.000530656 0.00119633 0.00205827 0.00303499 0.00405521 0.0050647 0.00602623 0.00691692 0.00772489 0.00844611 0.00908185 0.0096367
 0.000530656 0.00119633 0.00205827 0.00303499 0.00405521 0.0050647 0.00602623 0.00691692 0.00772489 0.00844611 0.00908185 0.0096367
 0.000530656 0.00119633 0.00205827 0.00303499 0.00405521 0.0050647 0.00602623 0.00691692 0.00772489 0.00844611 0.00908185 0.0096367
 0.000530656 0.00119633 0.00205827 0.00303499 0.00405521 0.0050647 0.00602623 0.00691692 0.00772489 0.00844611 0.00908185 0.0096367
 0.000530656 0.00119633 0.00205827 0.00303499 0.00405521 0.0050647 0.00602623 0.00691692 0.00772489 0.00844611 0.00908185 0.0096367
 0.000530656 0.00119633 0.00205827 0.00303499 0.00405521 0.0050647 0.00602623 0.00691692 0.00772489 0.00844611 0.00908185 0.0096367
 0.000530656 0.00119633 0.00205827 0.00303499 0.00405521 0.0050647 0.00602623 0.00691692 0.00772489 0.00844611 0.00908185 0.0096367
 0.000530656 0.00119633 0.00205827 0.00303499 0.00405521 0.0050647 0.00602623 0.00691692 0.00772489 0.00844611 0.00908185 0.0096367
 0.000530656 0.00119633 0.00205827 0.00303499 0.00405521 0.0050647 0.00602623 0.00691692 0.00772489 0.00844611 0.00908185 0.0096367
 0.000530656 0.00119633 0.00205827 0.00303499 0.00405521 0.0050647 0.00602623 0.00691692 0.00772489 0.00844611 0.00908185 0.0096367
 0.000530656 0.00119633 0.00205827 0.00303499 0.00405521 0.0050647 0.00602623 0.00691692 0.00772489 0.00844611 0.00908185 0.0096367
 0.000530656 0.00119633 0.00205827 0.00303499 0.00405521 0.0050647 0.00602623 0.00691692 0.00772489 0.00844611 0.00908185 0.0096367
 0.000530656 0.00119633 0.00205827 0.00303499 0.00405521 0.0050647 0.00602623 0.00691692 0.00772489 0.00844611 0.00908185 0.0096367
 0.000530656 0.00119633 0.00205827 0.00303499 0.00405521 0.0050647 0.00602623 0.00691692 0.00772489 0.00844611 0.00908185 0.0096367
 0.000530656 0.00119633 0.00205827 0.00303499 0.00405521 0.0050647 0.00602623 0.00691692 0.00772489 0.00844611 0.00908185 0.0096367
 0.000530656 0.00119633 0.00205827 0.00303499 0.00405521 0.0050647 0.00602623 0.00691692 0.00772489 0.00844611 0.00908185 0.0096367
 0.000530656 0.00119633 0.00205827 0.00303499 0.00405521 0.0050647 0.00602623 0.00691692 0.00772489 0.00844611 0.00908185 0.0096367
 0.000530656 0.00119633 0.00205827 0.00303499 0.00405521 0.0050647 0.00602623 0.00691692 0.00772489 0.00844611 0.00908185 0.0096367
# nyrs_ind_age
 30
# yrs_ind_age
 1 2 3 4 5 6 7 8 9 10 11 12 13 14 15 16 17 18 19 20 21 22 23 24 25 26 27 28 29 30
# n_sample_ind_age
 200 200 200 200 200 200 200 200 200 200 200 200 200 200 200 200 200 200 200 200 200 200 200 200 200 200 200 200 200 200
# oac_ind
 0.065 0.18 0.125 0.14 0.095 0.12 0.03 0.03 0.06 0.035 0.025 0.095
 0.065 0.125 0.155 0.09 0.085 0.085 0.115 0.03 0.06 0.02 0.05 0.12
 0.035 0.195 0.125 0.165 0.09 0.06 0.055 0.05 0.045 0.045 0.03 0.105
 0.055 0.175 0.16 0.09 0.105 0.06 0.08 0.055 0.03 0.03 0.02 0.14
 0.11 0.115 0.15 0.17 0.105 0.04 0.085 0.02 0.03 0.025 0.02 0.13
 0.055 0.19 0.15 0.11 0.125 0.08 0.07 0.025 0.045 0.03 0.025 0.095
 0.05 0.155 0.235 0.1 0.065 0.09 0.05 0.04 0.04 0.035 0.03 0.11
 0.065 0.16 0.16 0.175 0.095 0.065 0.07 0.04 0.04 0.02 0.025 0.085
 0.07 0.2 0.14 0.14 0.125 0.055 0.025 0.055 0.055 0.015 0.01 0.11
 0.115 0.165 0.205 0.105 0.135 0.11 0.035 0.055 0.015 0.02 0.005 0.035
 0.07 0.185 0.125 0.17 0.09 0.09 0.075 0.045 0.03 0.03 0.01 0.08
 0.08 0.155 0.18 0.105 0.175 0.05 0.07 0.06 0.01 0.035 0.02 0.06
 0.03 0.195 0.215 0.135 0.105 0.09 0.035 0.035 0.065 0.015 0.01 0.07
 0.08 0.15 0.19 0.15 0.12 0.1 0.07 0.015 0.03 0.025 0.015 0.055
 0.065 0.165 0.195 0.11 0.12 0.07 0.055 0.07 0.05 0.015 0.03 0.055
 0.125 0.175 0.16 0.145 0.08 0.09 0.045 0.02 0.005 0.045 0.02 0.09
 0.11 0.225 0.18 0.14 0.09 0.045 0.05 0.045 0.025 0.035 0.015 0.04
 0.1 0.25 0.235 0.08 0.09 0.045 0.03 0.035 0.045 0.005 0.01 0.075
 0.06 0.2 0.24 0.165 0.125 0.09 0.025 0.02 0.025 0.02 0.005 0.025
 0.05 0.205 0.205 0.175 0.125 0.075 0.025 0.03 0.03 0.02 0.005 0.055
 0.135 0.21 0.175 0.155 0.15 0.055 0.03 0.015 0.015 0.025 0.015 0.02
 0.18 0.255 0.14 0.165 0.1 0.065 0.04 0.01 0.01 0 0.005 0.03
 0.1 0.265 0.28 0.085 0.085 0.05 0.045 0.02 0.01 0.035 0.015 0.01
 0.105 0.175 0.3 0.19 0.05 0.065 0.035 0.035 0.015 0.01 0.01 0.01
 0.11 0.21 0.23 0.155 0.125 0.04 0.065 0.025 0.025 0.005 0.005 0.005
 0.08 0.28 0.195 0.155 0.1 0.09 0.04 0.02 0.01 0 0.015 0.015
 0.14 0.165 0.32 0.125 0.08 0.06 0.025 0.025 0.03 0.01 0 0.02
 0.135 0.225 0.195 0.18 0.12 0.045 0.035 0.025 0.015 0 0.005 0.02
 0.16 0.33 0.165 0.095 0.1 0.03 0.035 0.05 0.015 0 0.01 0.01
 0.1 0.335 0.245 0.14 0.08 0.055 0.015 0.015 0.01 0.005 0 0
# olc_ind

# obs_lse_ind
 0.198042 0.198042 0.198042 0.198042 0.198042 0.198042 0.198042 0.198042 0.198042 0.198042 0.198042 0.198042 0.198042 0.198042 0.198042 0.198042 0.198042 0.198042 0.198042 0.198042 0.198042 0.198042 0.198042 0.198042 0.198042 0.198042 0.198042 0.198042 0.198042 0.198042
# xages_fsh
 0 0 0 0 0 0 0 0 0 0 0 0
# xages_fsh
 0 0.0909091 0.181818 0.272727 0.363636 0.454545 0.545455 0.636364 0.727273 0.818182 0.909091 1
# xnodes_fsh

Yrs fsh_sel change:  1 0 0 0 0 0 0 0 0 0 0 0 0 0 0 0 0 0 0 0 0 0 0 0 0 0 0 0 0
Yrs ind_sel change:  1 0 0 0 0 0 0 0 0 0 0 0 0 0 0 0 0 0 0 0 0 0 0 0 0 0 0 0 0
# steepnessprior
0.75
# sigmarprior
0.2
#  SSB estimated in styr endyr: -12 28 
#  Rec estimated in styr endyr: -10 30 
#  SR Curve fit  in styr endyr: 1 30 
#             Model styr endyr: 1 30 
# qprior
 3.48998e-007
# q_power_prior 
 1 
# cv_catchbiomass 
0.05 
# CatchbiomassPen 
200 
# Number of projection years 
5 
# offset_fsh
 13435.6
# offset_ind
 13072.6
Mean Catch
1277.89
R_guess 
13.8155
# nfsh
1
# n_sel_ch_fsh
 1
# nselages_fsh
 11
# phase_selcoff_fsh
 -1
logRzero 13.8155
logmeanrec 13.8155
exp(log_sigmarprior 0.2
Fish sel phase: -1 OM1
Fixing fishery sel to
1
Fixing fishery sel to
1
Srvy sel phase: -1
Fixing survey_index1 indices sel to
1
Fixing index sel to
1
# logsel_slp_in_indv
 0.693147
Leaving parameter init secton
# M
 0.2 0.2 0.2 0.2 0.2 0.2 0.2 0.2 0.2 0.2 0.2 0.2
 0.2 0.2 0.2 0.2 0.2 0.2 0.2 0.2 0.2 0.2 0.2 0.2
 0.2 0.2 0.2 0.2 0.2 0.2 0.2 0.2 0.2 0.2 0.2 0.2
 0.2 0.2 0.2 0.2 0.2 0.2 0.2 0.2 0.2 0.2 0.2 0.2
 0.2 0.2 0.2 0.2 0.2 0.2 0.2 0.2 0.2 0.2 0.2 0.2
 0.2 0.2 0.2 0.2 0.2 0.2 0.2 0.2 0.2 0.2 0.2 0.2
 0.2 0.2 0.2 0.2 0.2 0.2 0.2 0.2 0.2 0.2 0.2 0.2
 0.2 0.2 0.2 0.2 0.2 0.2 0.2 0.2 0.2 0.2 0.2 0.2
 0.2 0.2 0.2 0.2 0.2 0.2 0.2 0.2 0.2 0.2 0.2 0.2
 0.2 0.2 0.2 0.2 0.2 0.2 0.2 0.2 0.2 0.2 0.2 0.2
 0.2 0.2 0.2 0.2 0.2 0.2 0.2 0.2 0.2 0.2 0.2 0.2
 0.2 0.2 0.2 0.2 0.2 0.2 0.2 0.2 0.2 0.2 0.2 0.2
 0.2 0.2 0.2 0.2 0.2 0.2 0.2 0.2 0.2 0.2 0.2 0.2
 0.2 0.2 0.2 0.2 0.2 0.2 0.2 0.2 0.2 0.2 0.2 0.2
 0.2 0.2 0.2 0.2 0.2 0.2 0.2 0.2 0.2 0.2 0.2 0.2
 0.2 0.2 0.2 0.2 0.2 0.2 0.2 0.2 0.2 0.2 0.2 0.2
 0.2 0.2 0.2 0.2 0.2 0.2 0.2 0.2 0.2 0.2 0.2 0.2
 0.2 0.2 0.2 0.2 0.2 0.2 0.2 0.2 0.2 0.2 0.2 0.2
 0.2 0.2 0.2 0.2 0.2 0.2 0.2 0.2 0.2 0.2 0.2 0.2
 0.2 0.2 0.2 0.2 0.2 0.2 0.2 0.2 0.2 0.2 0.2 0.2
 0.2 0.2 0.2 0.2 0.2 0.2 0.2 0.2 0.2 0.2 0.2 0.2
 0.2 0.2 0.2 0.2 0.2 0.2 0.2 0.2 0.2 0.2 0.2 0.2
 0.2 0.2 0.2 0.2 0.2 0.2 0.2 0.2 0.2 0.2 0.2 0.2
 0.2 0.2 0.2 0.2 0.2 0.2 0.2 0.2 0.2 0.2 0.2 0.2
 0.2 0.2 0.2 0.2 0.2 0.2 0.2 0.2 0.2 0.2 0.2 0.2
 0.2 0.2 0.2 0.2 0.2 0.2 0.2 0.2 0.2 0.2 0.2 0.2
 0.2 0.2 0.2 0.2 0.2 0.2 0.2 0.2 0.2 0.2 0.2 0.2
 0.2 0.2 0.2 0.2 0.2 0.2 0.2 0.2 0.2 0.2 0.2 0.2
 0.2 0.2 0.2 0.2 0.2 0.2 0.2 0.2 0.2 0.2 0.2 0.2
 0.2 0.2 0.2 0.2 0.2 0.2 0.2 0.2 0.2 0.2 0.2 0.2
# mean_log_rec
13.7189
# log_Rzero
13.8008
# rec_dev
 -0.127025 -0.173412 0.0746066 -0.0223679 0.0333242 -0.0545631 0.178065 0.0142878 0.0187572 -0.0755859 0.0852708 0.0689758 0.303363 0.0589545 -0.0213407 0.451439 0.268606 0.0642145 0.280839 -0.0333142 0.102127 0.122306 -0.0915403 -0.0741835 0.07985 -0.113842 0.233206 0.194392 -0.112235 -0.10362 -0.363666 0.0790007 0.0855054 -0.281469 -0.325757 -0.0730544 -0.452722 -0.317038 -0.0523889 0.00840359 -0.239181
# fmort
 0.00950262 0.0280094 0.0467624 0.0636284 0.0504341 0.089861 0.0910125 0.19195 0.112863 0.137236 0.155805 0.165846 0.121655 0.176803 0.189846 0.171621 0.331352 0.272434 0.267185 0.254573 0.349715 0.252171 0.406639 0.33094 0.328593 0.294669 0.286837 0.399439 0.302108 0.44844
# rec_dev_future
 0 0 0 0 0
