AMAK;August_2013
# styr
1
# endyr
30
# rec_age
1
# oldest_age
12
# nlength
81
# len_bins
 10 11 12 13 14 15 16 17 18 19 20 21 22 23 24 25 26 27 28 29 30 31 32 33 34 35 36 37 38 39 40 41 42 43 44 45 46 47 48 49 50 51 52 53 54 55 56 57 58 59 60 61 62 63 64 65 66 67 68 69 70 71 72 73 74 75 76 77 78 79 80 81 82 83 84 85 86 87 88 89 90
# datafile_name
amak_data.dat
# model_name
OM_1
# styr
1
# endyr
30
# rec_age
1
# oldest_age
12
# nfsh
1
# fshname
OM1
# catch_bio_in
 161.014 470.016 759.076 992.257 756.295 1336.89 1279.73 2483.95 1331.27 1523.74 1625.45 1613.44 1098.32 1532.84 1501.99 1268.06 2247.4 1636.27 1458.54 1322.21 1630.82 1082.22 1630.61 1201.79 1121.24 969.769 922.516 1222.03 877.128 1275.05
# catch_bio_sd_in
 0.01 0.01 0.01 0.01 0.01 0.01 0.01 0.01 0.01 0.01 0.01 0.01 0.01 0.01 0.01 0.01 0.01 0.01 0.01 0.01 0.01 0.01 0.01 0.01 0.01 0.01 0.01 0.01 0.01 0.01
# nyrs_fsh_age
 30
# nyrs_fsh_length
 0
# yrs_fsh_age_in
 1 2 3 4 5 6 7 8 9 10 11 12 13 14 15 16 17 18 19 20 21 22 23 24 25 26 27 28 29 30
# yrs_fsh_length_in

# n_sample_fsh_length_in

# olc_fsh_in

# nind
1
# indname
survey_index1
# nyrs_ind
 30
# yrs_ind_in
 1 2 3 4 5 6 7 8 9 10 11 12 13 14 15 16 17 18 19 20 21 22 23 24 25 26 27 28 29 30
# mo_ind
 1
# obs_ind_in
 1.38833 1.59116 1.65046 1.39485 1.49788 1.52446 1.27712 1.54732 1.20156 1.33211 1.14972 1.15105 1.28453 0.928716 0.903743 0.989551 0.964054 0.779302 0.674633 0.653051 0.584071 0.651775 0.605506 0.554017 0.504287 0.599126 0.594133 0.476088 0.477721 0.553497
# obs_se_ind_in
 0.277665 0.318231 0.330091 0.27897 0.299577 0.304892 0.255425 0.309465 0.240312 0.266422 0.229944 0.230211 0.256905 0.185743 0.180749 0.19791 0.192811 0.15586 0.134927 0.13061 0.116814 0.130355 0.121101 0.110803 0.100857 0.119825 0.118827 0.0952177 0.0955443 0.110699
# nyrs_ind_age
 30
# nyrs_ind_length
 0
# yrs_ind_age_in
 1 2 3 4 5 6 7 8 9 10 11 12 13 14 15 16 17 18 19 20 21 22 23 24 25 26 27 28 29 30
# yrs_ind_length_in

# yrs_ind_age_in
 1 2 3 4 5 6 7 8 9 10 11 12 13 14 15 16 17 18 19 20 21 22 23 24 25 26 27 28 29 30
# n_sample_ind_length_in

# olc_ind_in

# oac_ind_in
 0.06 0.125 0.16 0.105 0.075 0.095 0.07 0.065 0.045 0.025 0.04 0.135
 0.09 0.095 0.105 0.18 0.09 0.13 0.07 0.055 0.03 0.035 0.01 0.11
 0.065 0.19 0.115 0.085 0.13 0.065 0.075 0.05 0.075 0.02 0.04 0.09
 0.055 0.145 0.18 0.11 0.15 0.095 0.055 0.02 0.035 0.025 0.025 0.105
 0.125 0.14 0.1 0.115 0.13 0.09 0.055 0.04 0.055 0.015 0.01 0.125
 0.09 0.155 0.145 0.12 0.13 0.075 0.045 0.05 0.03 0.04 0.02 0.1
 0.09 0.175 0.205 0.08 0.055 0.075 0.05 0.045 0.035 0.04 0.04 0.11
 0.06 0.14 0.19 0.155 0.105 0.1 0.04 0.06 0.035 0.035 0.02 0.06
 0.055 0.16 0.16 0.185 0.12 0.03 0.06 0.06 0.05 0.01 0.005 0.105
 0.07 0.21 0.17 0.11 0.1 0.145 0.03 0.025 0.04 0.015 0.015 0.07
 0.085 0.175 0.17 0.125 0.12 0.095 0.06 0.02 0.015 0.01 0.025 0.1
 0.06 0.195 0.2 0.125 0.085 0.055 0.065 0.055 0.04 0.045 0.02 0.055
 0.08 0.14 0.23 0.165 0.07 0.06 0.065 0.035 0.04 0.01 0.015 0.09
 0.085 0.14 0.2 0.135 0.145 0.075 0.065 0.04 0.035 0.025 0.01 0.045
 0.065 0.165 0.22 0.11 0.12 0.09 0.03 0.05 0.02 0.035 0.04 0.055
 0.12 0.195 0.17 0.16 0.11 0.085 0.065 0.03 0.015 0.01 0.015 0.025
 0.11 0.27 0.16 0.155 0.08 0.07 0.035 0.035 0.03 0.01 0.005 0.04
 0.07 0.195 0.255 0.115 0.105 0.05 0.055 0.06 0.015 0.03 0.005 0.045
 0.1 0.155 0.225 0.175 0.115 0.06 0.06 0.05 0.015 0.01 0.015 0.02
 0.06 0.24 0.18 0.165 0.08 0.1 0.04 0.03 0.025 0.025 0.01 0.045
 0.115 0.16 0.225 0.135 0.095 0.06 0.03 0.085 0.03 0.01 0.005 0.05
 0.13 0.31 0.165 0.11 0.06 0.11 0.05 0 0.02 0.01 0 0.035
 0.11 0.31 0.225 0.115 0.055 0.045 0.03 0.03 0.03 0.01 0.005 0.035
 0.085 0.2 0.26 0.225 0.045 0.085 0.035 0.005 0.02 0.015 0.015 0.01
 0.14 0.215 0.185 0.185 0.11 0.06 0.05 0.02 0.015 0.005 0.01 0.005
 0.07 0.33 0.22 0.165 0.09 0.065 0.03 0.01 0.005 0.015 0 0
 0.12 0.22 0.29 0.135 0.075 0.08 0.045 0.01 0.005 0.005 0 0.015
 0.095 0.285 0.155 0.245 0.085 0.05 0.03 0.03 0.01 0.01 0 0.005
 0.175 0.22 0.26 0.11 0.08 0.04 0.035 0.04 0.01 0.015 0 0.015
 0.1 0.325 0.24 0.125 0.065 0.07 0.015 0.015 0.015 0.015 0.005 0.01
# wt_ind
 1 1 1 1 1 1 1 1 1 1 1 1
 1 1 1 1 1 1 1 1 1 1 1 1
 1 1 1 1 1 1 1 1 1 1 1 1
 1 1 1 1 1 1 1 1 1 1 1 1
 1 1 1 1 1 1 1 1 1 1 1 1
 1 1 1 1 1 1 1 1 1 1 1 1
 1 1 1 1 1 1 1 1 1 1 1 1
 1 1 1 1 1 1 1 1 1 1 1 1
 1 1 1 1 1 1 1 1 1 1 1 1
 1 1 1 1 1 1 1 1 1 1 1 1
 1 1 1 1 1 1 1 1 1 1 1 1
 1 1 1 1 1 1 1 1 1 1 1 1
 1 1 1 1 1 1 1 1 1 1 1 1
 1 1 1 1 1 1 1 1 1 1 1 1
 1 1 1 1 1 1 1 1 1 1 1 1
 1 1 1 1 1 1 1 1 1 1 1 1
 1 1 1 1 1 1 1 1 1 1 1 1
 1 1 1 1 1 1 1 1 1 1 1 1
 1 1 1 1 1 1 1 1 1 1 1 1
 1 1 1 1 1 1 1 1 1 1 1 1
 1 1 1 1 1 1 1 1 1 1 1 1
 1 1 1 1 1 1 1 1 1 1 1 1
 1 1 1 1 1 1 1 1 1 1 1 1
 1 1 1 1 1 1 1 1 1 1 1 1
 1 1 1 1 1 1 1 1 1 1 1 1
 1 1 1 1 1 1 1 1 1 1 1 1
 1 1 1 1 1 1 1 1 1 1 1 1
 1 1 1 1 1 1 1 1 1 1 1 1
 1 1 1 1 1 1 1 1 1 1 1 1
 1 1 1 1 1 1 1 1 1 1 1 1
# wt_pop
 0.000530656 0.00119633 0.00205827 0.00303499 0.00405521 0.0050647 0.00602623 0.00691692 0.00772489 0.00844611 0.00908185 0.0096367
# maturity
 0.0229774 0.320821 0.904651 0.99478 0.999739 0.999987 0.999999 1 1 1 1 1
# spawnmo
1
# age_err
 1 0 0 0 0 0 0 0 0 0 0 0
 0 1 0 0 0 0 0 0 0 0 0 0
 0 0 1 0 0 0 0 0 0 0 0 0
 0 0 0 1 0 0 0 0 0 0 0 0
 0 0 0 0 1 0 0 0 0 0 0 0
 0 0 0 0 0 1 0 0 0 0 0 0
 0 0 0 0 0 0 1 0 0 0 0 0
 0 0 0 0 0 0 0 1 0 0 0 0
 0 0 0 0 0 0 0 0 1 0 0 0
 0 0 0 0 0 0 0 0 0 1 0 0
 0 0 0 0 0 0 0 0 0 0 1 0
 0 0 0 0 0 0 0 0 0 0 0 1
# cntrlfile_name
C:\Users\bai.li\Desktop\s1_test\AMAK\s118\amak.dat
# Map shared selectivity: 
# sel_map
 1 2
 1 1
# datafile_name
amak_data.dat
# model_name
OM_1
# SrType
2
# use_age_err
0
# retro
0
# sigmarprior
0.2
# cvsigmarprior
0.25
# phase_sigmar
-3
# styr_rec_est
1
# endyr_rec_est
30
# Linfprior
80
# cvLinfprior
0.25
# kprior
0.18
# cvkprior
0.25
# Loprior
27.688
# cvLoprior
0.25
# sdageprior
0.1
# cvsdageprior
0.25
# natmortprior
0.2
# cvnatmortprior
0.25
# phase_M
-4
# npars_Mage
0
# ages_M_changes

# Mage_in

# phase_Mage
-5
# phase_rw_M
0
# npars_rw_M
0
# yrs_rw_M

# sigma_rw_M

# qprior
 3.48998e-007
# cvqprior
 1
# phase_q
 1
# q_power_prior
 1
# cvq_power_prior
 0.2
# phase_q_power
 -4
# phase_rw_q
 -1
# npars_rw_q
 0
# yrs_rw_q

# sigma_rw_q

# q_age_min
 1
# q_age_max
 12
# q_age_min
 1
# q_age_max
 12
# fsh_sel_opt(k)
2
# phase_sel_fsh(k)
-2
# n_sel_ch_fsh(k)
1
# sel_slp_in_fsh(k)(1,n_sel_ch_fsh(k))
 1
# sel_inf_in_fsh(k)(1,n_sel_ch_fsh(k))
 2
# logsel_slp_in_fsh(k)(1,n_sel_ch_fsh(k))
 0
# yrs_sel_ch_fsh(k)(1,n_sel_ch_fsh(k))
 1

Survey survey_index1
# ind_sel_opt(k)
2
# indname(k)
survey_index1
# nselages_in_ind(k)
11
# phase_sel_ind(k)
-2
# sel_change_in_ind(k)
 1 0 0 0 0 0 0 0 0 0 0 0 0 0 0 0 0 0 0 0 0 0 0 0 0 0 0 0 0 0
# n_sel_ch_ind(k)
1
# yrs_sel_ch_ind(k)(1,n_sel_ch_ind(k))
 1
# sel_slp_in_ind(k,1)
2
# sel_inf_in_ind(k,1)
1.5
# logsel_slp_in_ind(k,1)
0.693147
# logsel_slp_in_indv(k)
0.693147
survey_index1 ind sel opt 2  1 0 0 0 0 0 0 0 0 0 0 0 0 0 0 0 0 0 0 0 0 0 0 0 0 0 0 0 0 0
Phase indices Sel_Coffs:  -1
 Test: 1.23457e+008
# Fshry Selages:  11
# Srvy  Selages:  11
# Phase for age-spec fishery  -1
# Phase for logistic fishery  -2
# Phase for dble logistic fishery  -1
# Phase for age-spec indices   -1
# Phase for logistic indices   -2
# Phase for dble logistic ind  -1
# Curv_pen_fsh: 
 0
# Curv_pen_ind: 
 0
# styr_fut
31
# endyr_fut
35
# nyrs_fsh_age
 30
# nyrs_fsh_age
 30
# yrs_fsh_age
 1 2 3 4 5 6 7 8 9 10 11 12 13 14 15 16 17 18 19 20 21 22 23 24 25 26 27 28 29 30
# n_sample_fsh_age
 200 200 200 200 200 200 200 200 200 200 200 200 200 200 200 200 200 200 200 200 200 200 200 200 200 200 200 200 200 200
# oac_fsh
 0.055 0.1 0.125 0.12 0.155 0.105 0.04 0.05 0.075 0.04 0.02 0.115
 0.11 0.105 0.165 0.08 0.115 0.09 0.025 0.045 0.025 0.065 0.045 0.13
 0.05 0.165 0.15 0.09 0.07 0.065 0.1 0.05 0.03 0.055 0.045 0.13
 0.055 0.085 0.14 0.12 0.095 0.11 0.085 0.065 0.035 0.025 0.02 0.165
 0.095 0.085 0.12 0.12 0.1 0.04 0.06 0.06 0.085 0.035 0.02 0.18
 0.125 0.125 0.115 0.11 0.105 0.075 0.1 0.045 0.04 0.03 0.03 0.1
 0.065 0.12 0.18 0.085 0.06 0.13 0.06 0.045 0.085 0.05 0.035 0.085
 0.07 0.075 0.21 0.14 0.08 0.07 0.085 0.055 0.03 0.07 0.025 0.09
 0.06 0.11 0.095 0.185 0.145 0.1 0.07 0.05 0.04 0.045 0.02 0.08
 0.13 0.135 0.15 0.055 0.12 0.11 0.035 0.05 0.035 0.035 0.02 0.125
 0.1 0.135 0.125 0.18 0.09 0.085 0.065 0.015 0.04 0.04 0.02 0.105
 0.08 0.155 0.18 0.125 0.13 0.04 0.07 0.05 0.04 0.035 0.02 0.075
 0.1 0.15 0.175 0.16 0.135 0.075 0.06 0.02 0.055 0.01 0.01 0.05
 0.14 0.14 0.155 0.16 0.11 0.07 0.065 0.035 0.045 0.025 0.015 0.04
 0.105 0.21 0.195 0.075 0.115 0.06 0.06 0.045 0.03 0.025 0.015 0.065
 0.105 0.145 0.18 0.155 0.095 0.115 0.05 0.025 0.045 0.015 0.02 0.05
 0.12 0.185 0.15 0.155 0.08 0.065 0.055 0.06 0.02 0.035 0.035 0.04
 0.105 0.21 0.175 0.12 0.125 0.075 0.035 0.04 0.035 0.015 0.01 0.055
 0.115 0.135 0.225 0.205 0.105 0.085 0.03 0.01 0.04 0.01 0.015 0.025
 0.1 0.145 0.16 0.17 0.11 0.09 0.09 0.03 0.03 0.025 0 0.05
 0.14 0.13 0.2 0.115 0.165 0.065 0.055 0.03 0.03 0.005 0.02 0.045
 0.145 0.275 0.155 0.12 0.12 0.05 0.055 0.04 0.02 0 0.005 0.015
 0.125 0.21 0.23 0.075 0.11 0.05 0.055 0.045 0.045 0.015 0 0.04
 0.115 0.18 0.265 0.205 0.055 0.06 0.04 0.04 0.02 0.01 0 0.01
 0.17 0.18 0.15 0.2 0.145 0.06 0.02 0.025 0.035 0.01 0 0.005
 0.125 0.27 0.19 0.125 0.085 0.1 0.025 0.025 0.005 0.025 0.005 0.02
 0.155 0.2 0.19 0.17 0.11 0.09 0.05 0.005 0.01 0 0.005 0.015
 0.21 0.18 0.2 0.185 0.105 0.035 0.03 0.05 0 0 0 0.005
 0.18 0.225 0.185 0.14 0.14 0.015 0.04 0.02 0.02 0.015 0.01 0.01
 0.145 0.215 0.28 0.155 0.105 0.035 0.035 0.015 0.005 0.005 0.005 0
# olc_fsh

# wt_fsh
 0.000530656 0.00119633 0.00205827 0.00303499 0.00405521 0.0050647 0.00602623 0.00691692 0.00772489 0.00844611 0.00908185 0.0096367
 0.000530656 0.00119633 0.00205827 0.00303499 0.00405521 0.0050647 0.00602623 0.00691692 0.00772489 0.00844611 0.00908185 0.0096367
 0.000530656 0.00119633 0.00205827 0.00303499 0.00405521 0.0050647 0.00602623 0.00691692 0.00772489 0.00844611 0.00908185 0.0096367
 0.000530656 0.00119633 0.00205827 0.00303499 0.00405521 0.0050647 0.00602623 0.00691692 0.00772489 0.00844611 0.00908185 0.0096367
 0.000530656 0.00119633 0.00205827 0.00303499 0.00405521 0.0050647 0.00602623 0.00691692 0.00772489 0.00844611 0.00908185 0.0096367
 0.000530656 0.00119633 0.00205827 0.00303499 0.00405521 0.0050647 0.00602623 0.00691692 0.00772489 0.00844611 0.00908185 0.0096367
 0.000530656 0.00119633 0.00205827 0.00303499 0.00405521 0.0050647 0.00602623 0.00691692 0.00772489 0.00844611 0.00908185 0.0096367
 0.000530656 0.00119633 0.00205827 0.00303499 0.00405521 0.0050647 0.00602623 0.00691692 0.00772489 0.00844611 0.00908185 0.0096367
 0.000530656 0.00119633 0.00205827 0.00303499 0.00405521 0.0050647 0.00602623 0.00691692 0.00772489 0.00844611 0.00908185 0.0096367
 0.000530656 0.00119633 0.00205827 0.00303499 0.00405521 0.0050647 0.00602623 0.00691692 0.00772489 0.00844611 0.00908185 0.0096367
 0.000530656 0.00119633 0.00205827 0.00303499 0.00405521 0.0050647 0.00602623 0.00691692 0.00772489 0.00844611 0.00908185 0.0096367
 0.000530656 0.00119633 0.00205827 0.00303499 0.00405521 0.0050647 0.00602623 0.00691692 0.00772489 0.00844611 0.00908185 0.0096367
 0.000530656 0.00119633 0.00205827 0.00303499 0.00405521 0.0050647 0.00602623 0.00691692 0.00772489 0.00844611 0.00908185 0.0096367
 0.000530656 0.00119633 0.00205827 0.00303499 0.00405521 0.0050647 0.00602623 0.00691692 0.00772489 0.00844611 0.00908185 0.0096367
 0.000530656 0.00119633 0.00205827 0.00303499 0.00405521 0.0050647 0.00602623 0.00691692 0.00772489 0.00844611 0.00908185 0.0096367
 0.000530656 0.00119633 0.00205827 0.00303499 0.00405521 0.0050647 0.00602623 0.00691692 0.00772489 0.00844611 0.00908185 0.0096367
 0.000530656 0.00119633 0.00205827 0.00303499 0.00405521 0.0050647 0.00602623 0.00691692 0.00772489 0.00844611 0.00908185 0.0096367
 0.000530656 0.00119633 0.00205827 0.00303499 0.00405521 0.0050647 0.00602623 0.00691692 0.00772489 0.00844611 0.00908185 0.0096367
 0.000530656 0.00119633 0.00205827 0.00303499 0.00405521 0.0050647 0.00602623 0.00691692 0.00772489 0.00844611 0.00908185 0.0096367
 0.000530656 0.00119633 0.00205827 0.00303499 0.00405521 0.0050647 0.00602623 0.00691692 0.00772489 0.00844611 0.00908185 0.0096367
 0.000530656 0.00119633 0.00205827 0.00303499 0.00405521 0.0050647 0.00602623 0.00691692 0.00772489 0.00844611 0.00908185 0.0096367
 0.000530656 0.00119633 0.00205827 0.00303499 0.00405521 0.0050647 0.00602623 0.00691692 0.00772489 0.00844611 0.00908185 0.0096367
 0.000530656 0.00119633 0.00205827 0.00303499 0.00405521 0.0050647 0.00602623 0.00691692 0.00772489 0.00844611 0.00908185 0.0096367
 0.000530656 0.00119633 0.00205827 0.00303499 0.00405521 0.0050647 0.00602623 0.00691692 0.00772489 0.00844611 0.00908185 0.0096367
 0.000530656 0.00119633 0.00205827 0.00303499 0.00405521 0.0050647 0.00602623 0.00691692 0.00772489 0.00844611 0.00908185 0.0096367
 0.000530656 0.00119633 0.00205827 0.00303499 0.00405521 0.0050647 0.00602623 0.00691692 0.00772489 0.00844611 0.00908185 0.0096367
 0.000530656 0.00119633 0.00205827 0.00303499 0.00405521 0.0050647 0.00602623 0.00691692 0.00772489 0.00844611 0.00908185 0.0096367
 0.000530656 0.00119633 0.00205827 0.00303499 0.00405521 0.0050647 0.00602623 0.00691692 0.00772489 0.00844611 0.00908185 0.0096367
 0.000530656 0.00119633 0.00205827 0.00303499 0.00405521 0.0050647 0.00602623 0.00691692 0.00772489 0.00844611 0.00908185 0.0096367
 0.000530656 0.00119633 0.00205827 0.00303499 0.00405521 0.0050647 0.00602623 0.00691692 0.00772489 0.00844611 0.00908185 0.0096367
# nyrs_ind_age
 30
# yrs_ind_age
 1 2 3 4 5 6 7 8 9 10 11 12 13 14 15 16 17 18 19 20 21 22 23 24 25 26 27 28 29 30
# n_sample_ind_age
 200 200 200 200 200 200 200 200 200 200 200 200 200 200 200 200 200 200 200 200 200 200 200 200 200 200 200 200 200 200
# oac_ind
 0.06 0.125 0.16 0.105 0.075 0.095 0.07 0.065 0.045 0.025 0.04 0.135
 0.09 0.095 0.105 0.18 0.09 0.13 0.07 0.055 0.03 0.035 0.01 0.11
 0.065 0.19 0.115 0.085 0.13 0.065 0.075 0.05 0.075 0.02 0.04 0.09
 0.055 0.145 0.18 0.11 0.15 0.095 0.055 0.02 0.035 0.025 0.025 0.105
 0.125 0.14 0.1 0.115 0.13 0.09 0.055 0.04 0.055 0.015 0.01 0.125
 0.09 0.155 0.145 0.12 0.13 0.075 0.045 0.05 0.03 0.04 0.02 0.1
 0.09 0.175 0.205 0.08 0.055 0.075 0.05 0.045 0.035 0.04 0.04 0.11
 0.06 0.14 0.19 0.155 0.105 0.1 0.04 0.06 0.035 0.035 0.02 0.06
 0.055 0.16 0.16 0.185 0.12 0.03 0.06 0.06 0.05 0.01 0.005 0.105
 0.07 0.21 0.17 0.11 0.1 0.145 0.03 0.025 0.04 0.015 0.015 0.07
 0.085 0.175 0.17 0.125 0.12 0.095 0.06 0.02 0.015 0.01 0.025 0.1
 0.06 0.195 0.2 0.125 0.085 0.055 0.065 0.055 0.04 0.045 0.02 0.055
 0.08 0.14 0.23 0.165 0.07 0.06 0.065 0.035 0.04 0.01 0.015 0.09
 0.085 0.14 0.2 0.135 0.145 0.075 0.065 0.04 0.035 0.025 0.01 0.045
 0.065 0.165 0.22 0.11 0.12 0.09 0.03 0.05 0.02 0.035 0.04 0.055
 0.12 0.195 0.17 0.16 0.11 0.085 0.065 0.03 0.015 0.01 0.015 0.025
 0.11 0.27 0.16 0.155 0.08 0.07 0.035 0.035 0.03 0.01 0.005 0.04
 0.07 0.195 0.255 0.115 0.105 0.05 0.055 0.06 0.015 0.03 0.005 0.045
 0.1 0.155 0.225 0.175 0.115 0.06 0.06 0.05 0.015 0.01 0.015 0.02
 0.06 0.24 0.18 0.165 0.08 0.1 0.04 0.03 0.025 0.025 0.01 0.045
 0.115 0.16 0.225 0.135 0.095 0.06 0.03 0.085 0.03 0.01 0.005 0.05
 0.13 0.31 0.165 0.11 0.06 0.11 0.05 0 0.02 0.01 0 0.035
 0.11 0.31 0.225 0.115 0.055 0.045 0.03 0.03 0.03 0.01 0.005 0.035
 0.085 0.2 0.26 0.225 0.045 0.085 0.035 0.005 0.02 0.015 0.015 0.01
 0.14 0.215 0.185 0.185 0.11 0.06 0.05 0.02 0.015 0.005 0.01 0.005
 0.07 0.33 0.22 0.165 0.09 0.065 0.03 0.01 0.005 0.015 0 0
 0.12 0.22 0.29 0.135 0.075 0.08 0.045 0.01 0.005 0.005 0 0.015
 0.095 0.285 0.155 0.245 0.085 0.05 0.03 0.03 0.01 0.01 0 0.005
 0.175 0.22 0.26 0.11 0.08 0.04 0.035 0.04 0.01 0.015 0 0.015
 0.1 0.325 0.24 0.125 0.065 0.07 0.015 0.015 0.015 0.015 0.005 0.01
# olc_ind

# obs_lse_ind
 0.198042 0.198042 0.198042 0.198042 0.198042 0.198042 0.198042 0.198042 0.198042 0.198042 0.198042 0.198042 0.198042 0.198042 0.198042 0.198042 0.198042 0.198042 0.198042 0.198042 0.198042 0.198042 0.198042 0.198042 0.198042 0.198042 0.198042 0.198042 0.198042 0.198042
# xages_fsh
 0 0 0 0 0 0 0 0 0 0 0 0
# xages_fsh
 0 0.0909091 0.181818 0.272727 0.363636 0.454545 0.545455 0.636364 0.727273 0.818182 0.909091 1
# xnodes_fsh

Yrs fsh_sel change:  1 0 0 0 0 0 0 0 0 0 0 0 0 0 0 0 0 0 0 0 0 0 0 0 0 0 0 0 0
Yrs ind_sel change:  1 0 0 0 0 0 0 0 0 0 0 0 0 0 0 0 0 0 0 0 0 0 0 0 0 0 0 0 0
# steepnessprior
0.75
# sigmarprior
0.2
#  SSB estimated in styr endyr: -12 28 
#  Rec estimated in styr endyr: -10 30 
#  SR Curve fit  in styr endyr: 1 30 
#             Model styr endyr: 1 30 
# qprior
 3.48998e-007
# q_power_prior 
 1 
# cv_catchbiomass 
0.05 
# CatchbiomassPen 
200 
# Number of projection years 
5 
# offset_fsh
 13378.4
# offset_ind
 13062.4
Mean Catch
1277.73
R_guess 
13.8155
# nfsh
1
# n_sel_ch_fsh
 1
# nselages_fsh
 11
# phase_selcoff_fsh
 -1
logRzero 13.8155
logmeanrec 13.8155
exp(log_sigmarprior 0.2
Fish sel phase: -1 OM1
Fixing fishery sel to
1
Fixing fishery sel to
1
Srvy sel phase: -1
Fixing survey_index1 indices sel to
1
Fixing index sel to
1
# logsel_slp_in_indv
 0.693147
Leaving parameter init secton
# M
 0.2 0.2 0.2 0.2 0.2 0.2 0.2 0.2 0.2 0.2 0.2 0.2
 0.2 0.2 0.2 0.2 0.2 0.2 0.2 0.2 0.2 0.2 0.2 0.2
 0.2 0.2 0.2 0.2 0.2 0.2 0.2 0.2 0.2 0.2 0.2 0.2
 0.2 0.2 0.2 0.2 0.2 0.2 0.2 0.2 0.2 0.2 0.2 0.2
 0.2 0.2 0.2 0.2 0.2 0.2 0.2 0.2 0.2 0.2 0.2 0.2
 0.2 0.2 0.2 0.2 0.2 0.2 0.2 0.2 0.2 0.2 0.2 0.2
 0.2 0.2 0.2 0.2 0.2 0.2 0.2 0.2 0.2 0.2 0.2 0.2
 0.2 0.2 0.2 0.2 0.2 0.2 0.2 0.2 0.2 0.2 0.2 0.2
 0.2 0.2 0.2 0.2 0.2 0.2 0.2 0.2 0.2 0.2 0.2 0.2
 0.2 0.2 0.2 0.2 0.2 0.2 0.2 0.2 0.2 0.2 0.2 0.2
 0.2 0.2 0.2 0.2 0.2 0.2 0.2 0.2 0.2 0.2 0.2 0.2
 0.2 0.2 0.2 0.2 0.2 0.2 0.2 0.2 0.2 0.2 0.2 0.2
 0.2 0.2 0.2 0.2 0.2 0.2 0.2 0.2 0.2 0.2 0.2 0.2
 0.2 0.2 0.2 0.2 0.2 0.2 0.2 0.2 0.2 0.2 0.2 0.2
 0.2 0.2 0.2 0.2 0.2 0.2 0.2 0.2 0.2 0.2 0.2 0.2
 0.2 0.2 0.2 0.2 0.2 0.2 0.2 0.2 0.2 0.2 0.2 0.2
 0.2 0.2 0.2 0.2 0.2 0.2 0.2 0.2 0.2 0.2 0.2 0.2
 0.2 0.2 0.2 0.2 0.2 0.2 0.2 0.2 0.2 0.2 0.2 0.2
 0.2 0.2 0.2 0.2 0.2 0.2 0.2 0.2 0.2 0.2 0.2 0.2
 0.2 0.2 0.2 0.2 0.2 0.2 0.2 0.2 0.2 0.2 0.2 0.2
 0.2 0.2 0.2 0.2 0.2 0.2 0.2 0.2 0.2 0.2 0.2 0.2
 0.2 0.2 0.2 0.2 0.2 0.2 0.2 0.2 0.2 0.2 0.2 0.2
 0.2 0.2 0.2 0.2 0.2 0.2 0.2 0.2 0.2 0.2 0.2 0.2
 0.2 0.2 0.2 0.2 0.2 0.2 0.2 0.2 0.2 0.2 0.2 0.2
 0.2 0.2 0.2 0.2 0.2 0.2 0.2 0.2 0.2 0.2 0.2 0.2
 0.2 0.2 0.2 0.2 0.2 0.2 0.2 0.2 0.2 0.2 0.2 0.2
 0.2 0.2 0.2 0.2 0.2 0.2 0.2 0.2 0.2 0.2 0.2 0.2
 0.2 0.2 0.2 0.2 0.2 0.2 0.2 0.2 0.2 0.2 0.2 0.2
 0.2 0.2 0.2 0.2 0.2 0.2 0.2 0.2 0.2 0.2 0.2 0.2
 0.2 0.2 0.2 0.2 0.2 0.2 0.2 0.2 0.2 0.2 0.2 0.2
# mean_log_rec
13.7308
# log_Rzero
13.786
# rec_dev
 -0.113331 -0.0688761 -0.0844945 0.218202 -0.0889662 -0.129573 -0.0697462 0.20199 0.016088 0.143309 0.0232973 0.0592194 0.26285 -0.0115077 -0.0965214 0.359812 0.318619 -0.050124 0.101786 0.0190373 0.152965 0.166938 -0.0880298 -0.00840471 0.125381 -0.0177239 0.131799 0.0967949 -0.276082 -0.171187 -0.432585 0.110712 0.00432482 -0.306203 -0.346954 -0.0652198 -0.416505 -0.263534 -0.191953 -0.124191 -0.382498
# fmort
 0.00938312 0.0276511 0.0457437 0.0621256 0.0491755 0.0907255 0.0914434 0.19405 0.114743 0.140005 0.16087 0.172356 0.123382 0.180376 0.189285 0.167953 0.327133 0.271369 0.265159 0.262963 0.366613 0.268021 0.440386 0.364128 0.364815 0.330892 0.320282 0.450212 0.339937 0.522782
# rec_dev_future
 0 0 0 0 0
