AMAK;August_2013
# styr
1
# endyr
30
# rec_age
1
# oldest_age
12
# nlength
81
# len_bins
 10 11 12 13 14 15 16 17 18 19 20 21 22 23 24 25 26 27 28 29 30 31 32 33 34 35 36 37 38 39 40 41 42 43 44 45 46 47 48 49 50 51 52 53 54 55 56 57 58 59 60 61 62 63 64 65 66 67 68 69 70 71 72 73 74 75 76 77 78 79 80 81 82 83 84 85 86 87 88 89 90
# datafile_name
amak_data.dat
# model_name
OM_1
# styr
1
# endyr
30
# rec_age
1
# oldest_age
12
# nfsh
1
# fshname
OM1
# catch_bio_in
 159.781 470.496 754.758 991.919 764.442 1320.17 1281 2479.54 1320.07 1528.01 1608.22 1613.26 1112.74 1530.09 1513.71 1272.21 2265.28 1607.43 1463.28 1313.41 1631.2 1079.98 1642.53 1201.83 1113.69 971.96 931.901 1200.19 872.62 1273.85
# catch_bio_sd_in
 0.01 0.01 0.01 0.01 0.01 0.01 0.01 0.01 0.01 0.01 0.01 0.01 0.01 0.01 0.01 0.01 0.01 0.01 0.01 0.01 0.01 0.01 0.01 0.01 0.01 0.01 0.01 0.01 0.01 0.01
# nyrs_fsh_age
 30
# nyrs_fsh_length
 0
# yrs_fsh_age_in
 1 2 3 4 5 6 7 8 9 10 11 12 13 14 15 16 17 18 19 20 21 22 23 24 25 26 27 28 29 30
# yrs_fsh_length_in

# n_sample_fsh_length_in

# olc_fsh_in

# nind
1
# indname
survey_index1
# nyrs_ind
 30
# yrs_ind_in
 1 2 3 4 5 6 7 8 9 10 11 12 13 14 15 16 17 18 19 20 21 22 23 24 25 26 27 28 29 30
# mo_ind
 1
# obs_ind_in
 1.51386 1.42659 1.28596 1.55242 1.53949 1.62424 1.54359 1.47335 1.09121 1.23627 1.32389 1.13959 1.0372 1.10884 1.11535 0.801353 0.803611 0.870214 0.745816 0.75683 0.66073 0.890797 0.711291 0.680101 0.491837 0.56196 0.57462 0.523191 0.549836 0.546973
# obs_se_ind_in
 0.302771 0.285319 0.257192 0.310484 0.307898 0.324849 0.308719 0.29467 0.218243 0.247255 0.264779 0.227918 0.207441 0.221768 0.22307 0.160271 0.160722 0.174043 0.149163 0.151366 0.132146 0.178159 0.142258 0.13602 0.0983673 0.112392 0.114924 0.104638 0.109967 0.109395
# nyrs_ind_age
 30
# nyrs_ind_length
 0
# yrs_ind_age_in
 1 2 3 4 5 6 7 8 9 10 11 12 13 14 15 16 17 18 19 20 21 22 23 24 25 26 27 28 29 30
# yrs_ind_length_in

# yrs_ind_age_in
 1 2 3 4 5 6 7 8 9 10 11 12 13 14 15 16 17 18 19 20 21 22 23 24 25 26 27 28 29 30
# n_sample_ind_length_in

# olc_ind_in

# oac_ind_in
 0.07 0.105 0.185 0.135 0.1 0.105 0.075 0.055 0.02 0.03 0.015 0.105
 0.085 0.16 0.115 0.17 0.055 0.045 0.05 0.07 0.03 0.06 0.025 0.135
 0.075 0.155 0.135 0.12 0.1 0.075 0.03 0.045 0.055 0.045 0.04 0.125
 0.04 0.105 0.165 0.14 0.12 0.085 0.11 0.045 0.035 0.015 0.03 0.11
 0.105 0.095 0.15 0.145 0.07 0.115 0.07 0.05 0.04 0.025 0.015 0.12
 0.07 0.19 0.14 0.105 0.135 0.085 0.06 0.04 0.04 0.005 0.005 0.125
 0.07 0.19 0.2 0.075 0.07 0.085 0.05 0.065 0.045 0.025 0.015 0.11
 0.075 0.15 0.195 0.165 0.09 0.055 0.055 0.04 0.025 0 0.015 0.135
 0.065 0.17 0.125 0.14 0.125 0.07 0.075 0.07 0.04 0.025 0.01 0.085
 0.05 0.185 0.15 0.135 0.08 0.12 0.06 0.045 0.035 0.02 0.045 0.075
 0.11 0.16 0.135 0.12 0.12 0.075 0.055 0.05 0.03 0.02 0.035 0.09
 0.055 0.17 0.17 0.15 0.13 0.055 0.115 0.045 0.025 0.015 0.015 0.055
 0.075 0.145 0.165 0.16 0.09 0.12 0.065 0.035 0.06 0.015 0.015 0.055
 0.075 0.135 0.205 0.145 0.13 0.105 0.04 0.025 0.05 0.03 0.005 0.055
 0.075 0.23 0.215 0.1 0.125 0.085 0.03 0.025 0.025 0.03 0.02 0.04
 0.08 0.23 0.145 0.15 0.135 0.045 0.05 0.025 0.06 0.01 0.005 0.065
 0.14 0.245 0.165 0.14 0.055 0.06 0.04 0.05 0.03 0.025 0.015 0.035
 0.1 0.25 0.21 0.095 0.095 0.045 0.02 0.07 0.015 0.005 0.035 0.06
 0.08 0.14 0.26 0.19 0.07 0.08 0.04 0.045 0.03 0.03 0.015 0.02
 0.075 0.215 0.135 0.175 0.135 0.075 0.05 0.035 0.005 0.035 0.03 0.035
 0.13 0.19 0.14 0.14 0.17 0.08 0.035 0.055 0.015 0.005 0.01 0.03
 0.14 0.295 0.175 0.13 0.07 0.05 0.04 0.035 0.015 0.02 0 0.03
 0.085 0.26 0.25 0.12 0.085 0.045 0.065 0.025 0.025 0.015 0.005 0.02
 0.09 0.27 0.24 0.17 0.07 0.07 0.03 0.005 0.02 0.015 0.005 0.015
 0.155 0.225 0.205 0.175 0.115 0.055 0.01 0.015 0.02 0.015 0.01 0
 0.11 0.235 0.2 0.17 0.13 0.075 0.03 0 0.015 0.02 0 0.015
 0.095 0.24 0.285 0.115 0.12 0.05 0.035 0.01 0.025 0 0.015 0.01
 0.125 0.25 0.205 0.17 0.075 0.045 0.04 0.025 0.025 0.015 0.015 0.01
 0.15 0.28 0.21 0.125 0.115 0.05 0.03 0.01 0.005 0.02 0 0.005
 0.125 0.3 0.255 0.145 0.055 0.06 0.015 0.01 0.02 0.005 0 0.01
# wt_ind
 1 1 1 1 1 1 1 1 1 1 1 1
 1 1 1 1 1 1 1 1 1 1 1 1
 1 1 1 1 1 1 1 1 1 1 1 1
 1 1 1 1 1 1 1 1 1 1 1 1
 1 1 1 1 1 1 1 1 1 1 1 1
 1 1 1 1 1 1 1 1 1 1 1 1
 1 1 1 1 1 1 1 1 1 1 1 1
 1 1 1 1 1 1 1 1 1 1 1 1
 1 1 1 1 1 1 1 1 1 1 1 1
 1 1 1 1 1 1 1 1 1 1 1 1
 1 1 1 1 1 1 1 1 1 1 1 1
 1 1 1 1 1 1 1 1 1 1 1 1
 1 1 1 1 1 1 1 1 1 1 1 1
 1 1 1 1 1 1 1 1 1 1 1 1
 1 1 1 1 1 1 1 1 1 1 1 1
 1 1 1 1 1 1 1 1 1 1 1 1
 1 1 1 1 1 1 1 1 1 1 1 1
 1 1 1 1 1 1 1 1 1 1 1 1
 1 1 1 1 1 1 1 1 1 1 1 1
 1 1 1 1 1 1 1 1 1 1 1 1
 1 1 1 1 1 1 1 1 1 1 1 1
 1 1 1 1 1 1 1 1 1 1 1 1
 1 1 1 1 1 1 1 1 1 1 1 1
 1 1 1 1 1 1 1 1 1 1 1 1
 1 1 1 1 1 1 1 1 1 1 1 1
 1 1 1 1 1 1 1 1 1 1 1 1
 1 1 1 1 1 1 1 1 1 1 1 1
 1 1 1 1 1 1 1 1 1 1 1 1
 1 1 1 1 1 1 1 1 1 1 1 1
 1 1 1 1 1 1 1 1 1 1 1 1
# wt_pop
 0.000530656 0.00119633 0.00205827 0.00303499 0.00405521 0.0050647 0.00602623 0.00691692 0.00772489 0.00844611 0.00908185 0.0096367
# maturity
 0.0229774 0.320821 0.904651 0.99478 0.999739 0.999987 0.999999 1 1 1 1 1
# spawnmo
1
# age_err
 1 0 0 0 0 0 0 0 0 0 0 0
 0 1 0 0 0 0 0 0 0 0 0 0
 0 0 1 0 0 0 0 0 0 0 0 0
 0 0 0 1 0 0 0 0 0 0 0 0
 0 0 0 0 1 0 0 0 0 0 0 0
 0 0 0 0 0 1 0 0 0 0 0 0
 0 0 0 0 0 0 1 0 0 0 0 0
 0 0 0 0 0 0 0 1 0 0 0 0
 0 0 0 0 0 0 0 0 1 0 0 0
 0 0 0 0 0 0 0 0 0 1 0 0
 0 0 0 0 0 0 0 0 0 0 1 0
 0 0 0 0 0 0 0 0 0 0 0 1
# cntrlfile_name
C:\Users\bai.li\Desktop\s1_test\AMAK\s48\amak.dat
# Map shared selectivity: 
# sel_map
 1 2
 1 1
# datafile_name
amak_data.dat
# model_name
OM_1
# SrType
2
# use_age_err
0
# retro
0
# sigmarprior
0.2
# cvsigmarprior
0.25
# phase_sigmar
-3
# styr_rec_est
1
# endyr_rec_est
30
# Linfprior
80
# cvLinfprior
0.25
# kprior
0.18
# cvkprior
0.25
# Loprior
27.688
# cvLoprior
0.25
# sdageprior
0.1
# cvsdageprior
0.25
# natmortprior
0.2
# cvnatmortprior
0.25
# phase_M
-4
# npars_Mage
0
# ages_M_changes

# Mage_in

# phase_Mage
-5
# phase_rw_M
0
# npars_rw_M
0
# yrs_rw_M

# sigma_rw_M

# qprior
 3.48998e-007
# cvqprior
 1
# phase_q
 1
# q_power_prior
 1
# cvq_power_prior
 0.2
# phase_q_power
 -4
# phase_rw_q
 -1
# npars_rw_q
 0
# yrs_rw_q

# sigma_rw_q

# q_age_min
 1
# q_age_max
 12
# q_age_min
 1
# q_age_max
 12
# fsh_sel_opt(k)
2
# phase_sel_fsh(k)
-2
# n_sel_ch_fsh(k)
1
# sel_slp_in_fsh(k)(1,n_sel_ch_fsh(k))
 1
# sel_inf_in_fsh(k)(1,n_sel_ch_fsh(k))
 2
# logsel_slp_in_fsh(k)(1,n_sel_ch_fsh(k))
 0
# yrs_sel_ch_fsh(k)(1,n_sel_ch_fsh(k))
 1

Survey survey_index1
# ind_sel_opt(k)
2
# indname(k)
survey_index1
# nselages_in_ind(k)
11
# phase_sel_ind(k)
-2
# sel_change_in_ind(k)
 1 0 0 0 0 0 0 0 0 0 0 0 0 0 0 0 0 0 0 0 0 0 0 0 0 0 0 0 0 0
# n_sel_ch_ind(k)
1
# yrs_sel_ch_ind(k)(1,n_sel_ch_ind(k))
 1
# sel_slp_in_ind(k,1)
2
# sel_inf_in_ind(k,1)
1.5
# logsel_slp_in_ind(k,1)
0.693147
# logsel_slp_in_indv(k)
0.693147
survey_index1 ind sel opt 2  1 0 0 0 0 0 0 0 0 0 0 0 0 0 0 0 0 0 0 0 0 0 0 0 0 0 0 0 0 0
Phase indices Sel_Coffs:  -1
 Test: 1.23457e+008
# Fshry Selages:  11
# Srvy  Selages:  11
# Phase for age-spec fishery  -1
# Phase for logistic fishery  -2
# Phase for dble logistic fishery  -1
# Phase for age-spec indices   -1
# Phase for logistic indices   -2
# Phase for dble logistic ind  -1
# Curv_pen_fsh: 
 0
# Curv_pen_ind: 
 0
# styr_fut
31
# endyr_fut
35
# nyrs_fsh_age
 30
# nyrs_fsh_age
 30
# yrs_fsh_age
 1 2 3 4 5 6 7 8 9 10 11 12 13 14 15 16 17 18 19 20 21 22 23 24 25 26 27 28 29 30
# n_sample_fsh_age
 200 200 200 200 200 200 200 200 200 200 200 200 200 200 200 200 200 200 200 200 200 200 200 200 200 200 200 200 200 200
# oac_fsh
 0.045 0.06 0.11 0.13 0.09 0.045 0.1 0.1 0.045 0.035 0.05 0.19
 0.075 0.09 0.16 0.12 0.09 0.095 0.075 0.055 0.03 0.025 0.02 0.165
 0.045 0.175 0.13 0.09 0.105 0.115 0.075 0.07 0.045 0.035 0.025 0.09
 0.065 0.125 0.2 0.1 0.095 0.075 0.075 0.05 0.035 0.05 0.04 0.09
 0.135 0.095 0.12 0.13 0.09 0.09 0.07 0.025 0.055 0.035 0.05 0.105
 0.07 0.165 0.08 0.125 0.155 0.065 0.05 0.06 0.05 0.03 0.015 0.135
 0.1 0.165 0.17 0.08 0.1 0.105 0.06 0.045 0.035 0.015 0.04 0.085
 0.125 0.1 0.165 0.165 0.075 0.06 0.09 0.03 0.03 0.02 0.045 0.095
 0.09 0.095 0.165 0.155 0.11 0.05 0.075 0.045 0.015 0.055 0.045 0.1
 0.095 0.13 0.12 0.145 0.15 0.11 0.065 0.02 0.065 0.02 0.005 0.075
 0.105 0.16 0.18 0.145 0.105 0.1 0.035 0.045 0.02 0.045 0.005 0.055
 0.095 0.175 0.15 0.105 0.12 0.07 0.04 0.065 0.025 0.02 0.035 0.1
 0.095 0.15 0.145 0.125 0.15 0.095 0.04 0.06 0.045 0.035 0.01 0.05
 0.11 0.13 0.18 0.135 0.1 0.08 0.045 0.05 0.025 0.035 0.015 0.095
 0.1 0.145 0.205 0.16 0.1 0.105 0.04 0.035 0.04 0.015 0.01 0.045
 0.14 0.125 0.175 0.135 0.095 0.075 0.06 0.045 0.04 0.015 0.03 0.065
 0.095 0.17 0.19 0.16 0.125 0.045 0.03 0.06 0.025 0.01 0.03 0.06
 0.075 0.19 0.195 0.18 0.115 0.095 0.025 0.025 0.03 0.02 0 0.05
 0.14 0.11 0.18 0.17 0.11 0.14 0.03 0.03 0.035 0.005 0.02 0.03
 0.11 0.14 0.175 0.18 0.145 0.06 0.06 0.02 0.02 0.015 0.005 0.07
 0.17 0.135 0.235 0.095 0.11 0.07 0.06 0.03 0.015 0.035 0.015 0.03
 0.14 0.185 0.15 0.19 0.05 0.095 0.055 0.035 0.02 0.03 0.015 0.035
 0.125 0.215 0.255 0.13 0.08 0.03 0.065 0.03 0.01 0.03 0.005 0.025
 0.13 0.155 0.255 0.195 0.085 0.04 0.055 0.035 0.015 0.025 0.005 0.005
 0.185 0.19 0.165 0.23 0.1 0.035 0.015 0.02 0.015 0.015 0.005 0.025
 0.1 0.285 0.18 0.13 0.125 0.085 0.025 0.025 0.005 0.02 0.015 0.005
 0.135 0.155 0.285 0.115 0.095 0.115 0.02 0.025 0.015 0.005 0.005 0.03
 0.17 0.17 0.17 0.21 0.085 0.075 0.055 0.03 0.015 0 0 0.02
 0.175 0.2 0.245 0.13 0.105 0.05 0.035 0.03 0.02 0 0 0.01
 0.15 0.255 0.24 0.165 0.055 0.055 0.03 0.01 0.02 0.01 0 0.01
# olc_fsh

# wt_fsh
 0.000530656 0.00119633 0.00205827 0.00303499 0.00405521 0.0050647 0.00602623 0.00691692 0.00772489 0.00844611 0.00908185 0.0096367
 0.000530656 0.00119633 0.00205827 0.00303499 0.00405521 0.0050647 0.00602623 0.00691692 0.00772489 0.00844611 0.00908185 0.0096367
 0.000530656 0.00119633 0.00205827 0.00303499 0.00405521 0.0050647 0.00602623 0.00691692 0.00772489 0.00844611 0.00908185 0.0096367
 0.000530656 0.00119633 0.00205827 0.00303499 0.00405521 0.0050647 0.00602623 0.00691692 0.00772489 0.00844611 0.00908185 0.0096367
 0.000530656 0.00119633 0.00205827 0.00303499 0.00405521 0.0050647 0.00602623 0.00691692 0.00772489 0.00844611 0.00908185 0.0096367
 0.000530656 0.00119633 0.00205827 0.00303499 0.00405521 0.0050647 0.00602623 0.00691692 0.00772489 0.00844611 0.00908185 0.0096367
 0.000530656 0.00119633 0.00205827 0.00303499 0.00405521 0.0050647 0.00602623 0.00691692 0.00772489 0.00844611 0.00908185 0.0096367
 0.000530656 0.00119633 0.00205827 0.00303499 0.00405521 0.0050647 0.00602623 0.00691692 0.00772489 0.00844611 0.00908185 0.0096367
 0.000530656 0.00119633 0.00205827 0.00303499 0.00405521 0.0050647 0.00602623 0.00691692 0.00772489 0.00844611 0.00908185 0.0096367
 0.000530656 0.00119633 0.00205827 0.00303499 0.00405521 0.0050647 0.00602623 0.00691692 0.00772489 0.00844611 0.00908185 0.0096367
 0.000530656 0.00119633 0.00205827 0.00303499 0.00405521 0.0050647 0.00602623 0.00691692 0.00772489 0.00844611 0.00908185 0.0096367
 0.000530656 0.00119633 0.00205827 0.00303499 0.00405521 0.0050647 0.00602623 0.00691692 0.00772489 0.00844611 0.00908185 0.0096367
 0.000530656 0.00119633 0.00205827 0.00303499 0.00405521 0.0050647 0.00602623 0.00691692 0.00772489 0.00844611 0.00908185 0.0096367
 0.000530656 0.00119633 0.00205827 0.00303499 0.00405521 0.0050647 0.00602623 0.00691692 0.00772489 0.00844611 0.00908185 0.0096367
 0.000530656 0.00119633 0.00205827 0.00303499 0.00405521 0.0050647 0.00602623 0.00691692 0.00772489 0.00844611 0.00908185 0.0096367
 0.000530656 0.00119633 0.00205827 0.00303499 0.00405521 0.0050647 0.00602623 0.00691692 0.00772489 0.00844611 0.00908185 0.0096367
 0.000530656 0.00119633 0.00205827 0.00303499 0.00405521 0.0050647 0.00602623 0.00691692 0.00772489 0.00844611 0.00908185 0.0096367
 0.000530656 0.00119633 0.00205827 0.00303499 0.00405521 0.0050647 0.00602623 0.00691692 0.00772489 0.00844611 0.00908185 0.0096367
 0.000530656 0.00119633 0.00205827 0.00303499 0.00405521 0.0050647 0.00602623 0.00691692 0.00772489 0.00844611 0.00908185 0.0096367
 0.000530656 0.00119633 0.00205827 0.00303499 0.00405521 0.0050647 0.00602623 0.00691692 0.00772489 0.00844611 0.00908185 0.0096367
 0.000530656 0.00119633 0.00205827 0.00303499 0.00405521 0.0050647 0.00602623 0.00691692 0.00772489 0.00844611 0.00908185 0.0096367
 0.000530656 0.00119633 0.00205827 0.00303499 0.00405521 0.0050647 0.00602623 0.00691692 0.00772489 0.00844611 0.00908185 0.0096367
 0.000530656 0.00119633 0.00205827 0.00303499 0.00405521 0.0050647 0.00602623 0.00691692 0.00772489 0.00844611 0.00908185 0.0096367
 0.000530656 0.00119633 0.00205827 0.00303499 0.00405521 0.0050647 0.00602623 0.00691692 0.00772489 0.00844611 0.00908185 0.0096367
 0.000530656 0.00119633 0.00205827 0.00303499 0.00405521 0.0050647 0.00602623 0.00691692 0.00772489 0.00844611 0.00908185 0.0096367
 0.000530656 0.00119633 0.00205827 0.00303499 0.00405521 0.0050647 0.00602623 0.00691692 0.00772489 0.00844611 0.00908185 0.0096367
 0.000530656 0.00119633 0.00205827 0.00303499 0.00405521 0.0050647 0.00602623 0.00691692 0.00772489 0.00844611 0.00908185 0.0096367
 0.000530656 0.00119633 0.00205827 0.00303499 0.00405521 0.0050647 0.00602623 0.00691692 0.00772489 0.00844611 0.00908185 0.0096367
 0.000530656 0.00119633 0.00205827 0.00303499 0.00405521 0.0050647 0.00602623 0.00691692 0.00772489 0.00844611 0.00908185 0.0096367
 0.000530656 0.00119633 0.00205827 0.00303499 0.00405521 0.0050647 0.00602623 0.00691692 0.00772489 0.00844611 0.00908185 0.0096367
# nyrs_ind_age
 30
# yrs_ind_age
 1 2 3 4 5 6 7 8 9 10 11 12 13 14 15 16 17 18 19 20 21 22 23 24 25 26 27 28 29 30
# n_sample_ind_age
 200 200 200 200 200 200 200 200 200 200 200 200 200 200 200 200 200 200 200 200 200 200 200 200 200 200 200 200 200 200
# oac_ind
 0.07 0.105 0.185 0.135 0.1 0.105 0.075 0.055 0.02 0.03 0.015 0.105
 0.085 0.16 0.115 0.17 0.055 0.045 0.05 0.07 0.03 0.06 0.025 0.135
 0.075 0.155 0.135 0.12 0.1 0.075 0.03 0.045 0.055 0.045 0.04 0.125
 0.04 0.105 0.165 0.14 0.12 0.085 0.11 0.045 0.035 0.015 0.03 0.11
 0.105 0.095 0.15 0.145 0.07 0.115 0.07 0.05 0.04 0.025 0.015 0.12
 0.07 0.19 0.14 0.105 0.135 0.085 0.06 0.04 0.04 0.005 0.005 0.125
 0.07 0.19 0.2 0.075 0.07 0.085 0.05 0.065 0.045 0.025 0.015 0.11
 0.075 0.15 0.195 0.165 0.09 0.055 0.055 0.04 0.025 0 0.015 0.135
 0.065 0.17 0.125 0.14 0.125 0.07 0.075 0.07 0.04 0.025 0.01 0.085
 0.05 0.185 0.15 0.135 0.08 0.12 0.06 0.045 0.035 0.02 0.045 0.075
 0.11 0.16 0.135 0.12 0.12 0.075 0.055 0.05 0.03 0.02 0.035 0.09
 0.055 0.17 0.17 0.15 0.13 0.055 0.115 0.045 0.025 0.015 0.015 0.055
 0.075 0.145 0.165 0.16 0.09 0.12 0.065 0.035 0.06 0.015 0.015 0.055
 0.075 0.135 0.205 0.145 0.13 0.105 0.04 0.025 0.05 0.03 0.005 0.055
 0.075 0.23 0.215 0.1 0.125 0.085 0.03 0.025 0.025 0.03 0.02 0.04
 0.08 0.23 0.145 0.15 0.135 0.045 0.05 0.025 0.06 0.01 0.005 0.065
 0.14 0.245 0.165 0.14 0.055 0.06 0.04 0.05 0.03 0.025 0.015 0.035
 0.1 0.25 0.21 0.095 0.095 0.045 0.02 0.07 0.015 0.005 0.035 0.06
 0.08 0.14 0.26 0.19 0.07 0.08 0.04 0.045 0.03 0.03 0.015 0.02
 0.075 0.215 0.135 0.175 0.135 0.075 0.05 0.035 0.005 0.035 0.03 0.035
 0.13 0.19 0.14 0.14 0.17 0.08 0.035 0.055 0.015 0.005 0.01 0.03
 0.14 0.295 0.175 0.13 0.07 0.05 0.04 0.035 0.015 0.02 0 0.03
 0.085 0.26 0.25 0.12 0.085 0.045 0.065 0.025 0.025 0.015 0.005 0.02
 0.09 0.27 0.24 0.17 0.07 0.07 0.03 0.005 0.02 0.015 0.005 0.015
 0.155 0.225 0.205 0.175 0.115 0.055 0.01 0.015 0.02 0.015 0.01 0
 0.11 0.235 0.2 0.17 0.13 0.075 0.03 0 0.015 0.02 0 0.015
 0.095 0.24 0.285 0.115 0.12 0.05 0.035 0.01 0.025 0 0.015 0.01
 0.125 0.25 0.205 0.17 0.075 0.045 0.04 0.025 0.025 0.015 0.015 0.01
 0.15 0.28 0.21 0.125 0.115 0.05 0.03 0.01 0.005 0.02 0 0.005
 0.125 0.3 0.255 0.145 0.055 0.06 0.015 0.01 0.02 0.005 0 0.01
# olc_ind

# obs_lse_ind
 0.198042 0.198042 0.198042 0.198042 0.198042 0.198042 0.198042 0.198042 0.198042 0.198042 0.198042 0.198042 0.198042 0.198042 0.198042 0.198042 0.198042 0.198042 0.198042 0.198042 0.198042 0.198042 0.198042 0.198042 0.198042 0.198042 0.198042 0.198042 0.198042 0.198042
# xages_fsh
 0 0 0 0 0 0 0 0 0 0 0 0
# xages_fsh
 0 0.0909091 0.181818 0.272727 0.363636 0.454545 0.545455 0.636364 0.727273 0.818182 0.909091 1
# xnodes_fsh

Yrs fsh_sel change:  1 0 0 0 0 0 0 0 0 0 0 0 0 0 0 0 0 0 0 0 0 0 0 0 0 0 0 0 0
Yrs ind_sel change:  1 0 0 0 0 0 0 0 0 0 0 0 0 0 0 0 0 0 0 0 0 0 0 0 0 0 0 0 0
# steepnessprior
0.75
# sigmarprior
0.2
#  SSB estimated in styr endyr: -12 28 
#  Rec estimated in styr endyr: -10 30 
#  SR Curve fit  in styr endyr: 1 30 
#             Model styr endyr: 1 30 
# qprior
 3.48998e-007
# q_power_prior 
 1 
# cv_catchbiomass 
0.05 
# CatchbiomassPen 
200 
# Number of projection years 
5 
# offset_fsh
 13385.9
# offset_ind
 13121.7
Mean Catch
1276.32
R_guess 
13.8155
# nfsh
1
# n_sel_ch_fsh
 1
# nselages_fsh
 11
# phase_selcoff_fsh
 -1
logRzero 13.8155
logmeanrec 13.8155
exp(log_sigmarprior 0.2
Fish sel phase: -1 OM1
Fixing fishery sel to
1
Fixing fishery sel to
1
Srvy sel phase: -1
Fixing survey_index1 indices sel to
1
Fixing index sel to
1
# logsel_slp_in_indv
 0.693147
Leaving parameter init secton
# M
 0.2 0.2 0.2 0.2 0.2 0.2 0.2 0.2 0.2 0.2 0.2 0.2
 0.2 0.2 0.2 0.2 0.2 0.2 0.2 0.2 0.2 0.2 0.2 0.2
 0.2 0.2 0.2 0.2 0.2 0.2 0.2 0.2 0.2 0.2 0.2 0.2
 0.2 0.2 0.2 0.2 0.2 0.2 0.2 0.2 0.2 0.2 0.2 0.2
 0.2 0.2 0.2 0.2 0.2 0.2 0.2 0.2 0.2 0.2 0.2 0.2
 0.2 0.2 0.2 0.2 0.2 0.2 0.2 0.2 0.2 0.2 0.2 0.2
 0.2 0.2 0.2 0.2 0.2 0.2 0.2 0.2 0.2 0.2 0.2 0.2
 0.2 0.2 0.2 0.2 0.2 0.2 0.2 0.2 0.2 0.2 0.2 0.2
 0.2 0.2 0.2 0.2 0.2 0.2 0.2 0.2 0.2 0.2 0.2 0.2
 0.2 0.2 0.2 0.2 0.2 0.2 0.2 0.2 0.2 0.2 0.2 0.2
 0.2 0.2 0.2 0.2 0.2 0.2 0.2 0.2 0.2 0.2 0.2 0.2
 0.2 0.2 0.2 0.2 0.2 0.2 0.2 0.2 0.2 0.2 0.2 0.2
 0.2 0.2 0.2 0.2 0.2 0.2 0.2 0.2 0.2 0.2 0.2 0.2
 0.2 0.2 0.2 0.2 0.2 0.2 0.2 0.2 0.2 0.2 0.2 0.2
 0.2 0.2 0.2 0.2 0.2 0.2 0.2 0.2 0.2 0.2 0.2 0.2
 0.2 0.2 0.2 0.2 0.2 0.2 0.2 0.2 0.2 0.2 0.2 0.2
 0.2 0.2 0.2 0.2 0.2 0.2 0.2 0.2 0.2 0.2 0.2 0.2
 0.2 0.2 0.2 0.2 0.2 0.2 0.2 0.2 0.2 0.2 0.2 0.2
 0.2 0.2 0.2 0.2 0.2 0.2 0.2 0.2 0.2 0.2 0.2 0.2
 0.2 0.2 0.2 0.2 0.2 0.2 0.2 0.2 0.2 0.2 0.2 0.2
 0.2 0.2 0.2 0.2 0.2 0.2 0.2 0.2 0.2 0.2 0.2 0.2
 0.2 0.2 0.2 0.2 0.2 0.2 0.2 0.2 0.2 0.2 0.2 0.2
 0.2 0.2 0.2 0.2 0.2 0.2 0.2 0.2 0.2 0.2 0.2 0.2
 0.2 0.2 0.2 0.2 0.2 0.2 0.2 0.2 0.2 0.2 0.2 0.2
 0.2 0.2 0.2 0.2 0.2 0.2 0.2 0.2 0.2 0.2 0.2 0.2
 0.2 0.2 0.2 0.2 0.2 0.2 0.2 0.2 0.2 0.2 0.2 0.2
 0.2 0.2 0.2 0.2 0.2 0.2 0.2 0.2 0.2 0.2 0.2 0.2
 0.2 0.2 0.2 0.2 0.2 0.2 0.2 0.2 0.2 0.2 0.2 0.2
 0.2 0.2 0.2 0.2 0.2 0.2 0.2 0.2 0.2 0.2 0.2 0.2
 0.2 0.2 0.2 0.2 0.2 0.2 0.2 0.2 0.2 0.2 0.2 0.2
# mean_log_rec
13.7078
# log_Rzero
13.8082
# rec_dev
 -0.0688157 -0.0368582 -0.154031 -0.0471828 0.0828201 0.137474 -0.0840449 -0.0635512 0.0624592 0.107239 0.0610579 0.0265966 0.355413 0.0400356 -0.0637183 0.418998 0.317858 0.133535 0.165431 0.100554 0.131926 0.0971159 -0.0142075 0.00519475 0.121917 0.0233545 0.164535 0.167556 -0.340485 -0.170254 -0.286997 0.0585746 0.0574781 -0.21975 -0.355706 -0.0432935 -0.419049 -0.262662 -0.15259 -0.0917138 -0.255172
# fmort
 0.009492 0.028302 0.046535 0.0634118 0.0505406 0.0906908 0.0921861 0.193752 0.112637 0.137637 0.154978 0.16745 0.121858 0.176218 0.187252 0.165934 0.324957 0.261842 0.26055 0.255642 0.358101 0.260746 0.432257 0.353324 0.349067 0.318418 0.311686 0.425894 0.324338 0.496348
# rec_dev_future
 0 0 0 0 0
