AMAK;August_2013
# styr
1
# endyr
30
# rec_age
1
# oldest_age
12
# nlength
81
# len_bins
 10 11 12 13 14 15 16 17 18 19 20 21 22 23 24 25 26 27 28 29 30 31 32 33 34 35 36 37 38 39 40 41 42 43 44 45 46 47 48 49 50 51 52 53 54 55 56 57 58 59 60 61 62 63 64 65 66 67 68 69 70 71 72 73 74 75 76 77 78 79 80 81 82 83 84 85 86 87 88 89 90
# datafile_name
amak_data.dat
# model_name
OM_1
# styr
1
# endyr
30
# rec_age
1
# oldest_age
12
# nfsh
1
# fshname
OM1
# catch_bio_in
 160.087 464.97 755.754 997.11 768.361 1325.29 1275.42 2483.72 1323.1 1514.09 1631.48 1609.41 1107.97 1528.95 1516.09 1281.26 2242.61 1623.87 1468.67 1309.16 1626.33 1080.46 1637.65 1204.52 1119.67 980.345 925.304 1209.02 875.049 1281.51
# catch_bio_sd_in
 0.01 0.01 0.01 0.01 0.01 0.01 0.01 0.01 0.01 0.01 0.01 0.01 0.01 0.01 0.01 0.01 0.01 0.01 0.01 0.01 0.01 0.01 0.01 0.01 0.01 0.01 0.01 0.01 0.01 0.01
# nyrs_fsh_age
 30
# nyrs_fsh_length
 0
# yrs_fsh_age_in
 1 2 3 4 5 6 7 8 9 10 11 12 13 14 15 16 17 18 19 20 21 22 23 24 25 26 27 28 29 30
# yrs_fsh_length_in

# n_sample_fsh_length_in

# olc_fsh_in

# nind
1
# indname
survey_index1
# nyrs_ind
 30
# yrs_ind_in
 1 2 3 4 5 6 7 8 9 10 11 12 13 14 15 16 17 18 19 20 21 22 23 24 25 26 27 28 29 30
# mo_ind
 1
# obs_ind_in
 1.66258 1.42696 1.55769 1.42066 1.6898 1.57461 1.3573 1.38809 1.4251 1.29797 0.978569 1.07971 0.976592 1.02023 0.935993 1.07212 0.768055 0.917716 0.734544 0.69857 0.735017 0.705949 0.592403 0.627077 0.552569 0.501518 0.473114 0.455283 0.525083 0.566423
# obs_se_ind_in
 0.332516 0.285391 0.311538 0.284132 0.337961 0.314922 0.27146 0.277618 0.285021 0.259594 0.195714 0.215943 0.195318 0.204045 0.187199 0.214423 0.153611 0.183543 0.146909 0.139714 0.147003 0.14119 0.118481 0.125415 0.110514 0.100304 0.0946227 0.0910567 0.105017 0.113285
# nyrs_ind_age
 30
# nyrs_ind_length
 0
# yrs_ind_age_in
 1 2 3 4 5 6 7 8 9 10 11 12 13 14 15 16 17 18 19 20 21 22 23 24 25 26 27 28 29 30
# yrs_ind_length_in

# yrs_ind_age_in
 1 2 3 4 5 6 7 8 9 10 11 12 13 14 15 16 17 18 19 20 21 22 23 24 25 26 27 28 29 30
# n_sample_ind_length_in

# olc_ind_in

# oac_ind_in
 0.09 0.135 0.13 0.135 0.145 0.065 0.045 0.01 0.07 0.035 0.02 0.12
 0.075 0.12 0.155 0.185 0.075 0.07 0.05 0.05 0.05 0.05 0.01 0.11
 0.04 0.115 0.205 0.125 0.1 0.09 0.045 0.06 0.075 0.02 0.02 0.105
 0.05 0.08 0.185 0.14 0.09 0.08 0.095 0.045 0.065 0.04 0.03 0.1
 0.115 0.125 0.15 0.145 0.09 0.07 0.04 0.06 0.04 0.02 0.01 0.135
 0.07 0.19 0.135 0.08 0.13 0.035 0.07 0.03 0.045 0.03 0.06 0.125
 0.045 0.205 0.215 0.07 0.07 0.06 0.03 0.06 0.03 0.06 0.03 0.125
 0.1 0.125 0.205 0.165 0.09 0.05 0.055 0.04 0.045 0.01 0.015 0.1
 0.075 0.205 0.115 0.14 0.125 0.04 0.085 0.035 0.035 0.02 0.025 0.1
 0.09 0.135 0.18 0.115 0.1 0.065 0.04 0.055 0.08 0.02 0.005 0.115
 0.085 0.135 0.2 0.155 0.085 0.085 0.07 0.035 0.025 0.015 0.03 0.08
 0.04 0.25 0.165 0.12 0.12 0.075 0.06 0.04 0.02 0.02 0.015 0.075
 0.05 0.15 0.2 0.17 0.095 0.095 0.05 0.045 0.04 0.02 0.01 0.075
 0.1 0.195 0.16 0.165 0.095 0.055 0.065 0.045 0.015 0.04 0.005 0.06
 0.075 0.225 0.19 0.14 0.105 0.08 0.06 0.025 0.005 0.03 0.005 0.06
 0.09 0.13 0.22 0.125 0.12 0.085 0.055 0.035 0.05 0.015 0.02 0.055
 0.095 0.225 0.18 0.145 0.075 0.055 0.05 0.045 0.04 0.015 0.005 0.07
 0.07 0.215 0.255 0.165 0.085 0.065 0.03 0.02 0.025 0 0.015 0.055
 0.08 0.175 0.23 0.195 0.09 0.065 0.05 0.035 0.02 0.025 0.015 0.02
 0.11 0.25 0.175 0.115 0.11 0.04 0.065 0.02 0.03 0.02 0.015 0.05
 0.18 0.18 0.23 0.135 0.11 0.075 0.025 0.025 0.01 0.015 0.01 0.005
 0.115 0.28 0.195 0.085 0.09 0.085 0.03 0.035 0.03 0.025 0 0.03
 0.135 0.27 0.255 0.105 0.075 0.04 0.045 0.035 0.015 0.01 0.005 0.01
 0.07 0.19 0.285 0.235 0.11 0.03 0.02 0.025 0.02 0.005 0.005 0.005
 0.19 0.16 0.175 0.21 0.12 0.03 0.045 0.04 0.015 0.005 0.005 0.005
 0.125 0.235 0.185 0.13 0.125 0.08 0.03 0.03 0.01 0.01 0.01 0.03
 0.145 0.18 0.275 0.15 0.075 0.08 0.07 0.005 0.01 0 0 0.01
 0.135 0.27 0.175 0.18 0.09 0.055 0.055 0.02 0.005 0.005 0 0.01
 0.16 0.295 0.195 0.105 0.085 0.04 0.035 0.03 0.01 0.025 0.01 0.01
 0.1 0.315 0.25 0.165 0.06 0.07 0.01 0.01 0.005 0.005 0 0.01
# wt_ind
 1 1 1 1 1 1 1 1 1 1 1 1
 1 1 1 1 1 1 1 1 1 1 1 1
 1 1 1 1 1 1 1 1 1 1 1 1
 1 1 1 1 1 1 1 1 1 1 1 1
 1 1 1 1 1 1 1 1 1 1 1 1
 1 1 1 1 1 1 1 1 1 1 1 1
 1 1 1 1 1 1 1 1 1 1 1 1
 1 1 1 1 1 1 1 1 1 1 1 1
 1 1 1 1 1 1 1 1 1 1 1 1
 1 1 1 1 1 1 1 1 1 1 1 1
 1 1 1 1 1 1 1 1 1 1 1 1
 1 1 1 1 1 1 1 1 1 1 1 1
 1 1 1 1 1 1 1 1 1 1 1 1
 1 1 1 1 1 1 1 1 1 1 1 1
 1 1 1 1 1 1 1 1 1 1 1 1
 1 1 1 1 1 1 1 1 1 1 1 1
 1 1 1 1 1 1 1 1 1 1 1 1
 1 1 1 1 1 1 1 1 1 1 1 1
 1 1 1 1 1 1 1 1 1 1 1 1
 1 1 1 1 1 1 1 1 1 1 1 1
 1 1 1 1 1 1 1 1 1 1 1 1
 1 1 1 1 1 1 1 1 1 1 1 1
 1 1 1 1 1 1 1 1 1 1 1 1
 1 1 1 1 1 1 1 1 1 1 1 1
 1 1 1 1 1 1 1 1 1 1 1 1
 1 1 1 1 1 1 1 1 1 1 1 1
 1 1 1 1 1 1 1 1 1 1 1 1
 1 1 1 1 1 1 1 1 1 1 1 1
 1 1 1 1 1 1 1 1 1 1 1 1
 1 1 1 1 1 1 1 1 1 1 1 1
# wt_pop
 0.000530656 0.00119633 0.00205827 0.00303499 0.00405521 0.0050647 0.00602623 0.00691692 0.00772489 0.00844611 0.00908185 0.0096367
# maturity
 0.0229774 0.320821 0.904651 0.99478 0.999739 0.999987 0.999999 1 1 1 1 1
# spawnmo
1
# age_err
 1 0 0 0 0 0 0 0 0 0 0 0
 0 1 0 0 0 0 0 0 0 0 0 0
 0 0 1 0 0 0 0 0 0 0 0 0
 0 0 0 1 0 0 0 0 0 0 0 0
 0 0 0 0 1 0 0 0 0 0 0 0
 0 0 0 0 0 1 0 0 0 0 0 0
 0 0 0 0 0 0 1 0 0 0 0 0
 0 0 0 0 0 0 0 1 0 0 0 0
 0 0 0 0 0 0 0 0 1 0 0 0
 0 0 0 0 0 0 0 0 0 1 0 0
 0 0 0 0 0 0 0 0 0 0 1 0
 0 0 0 0 0 0 0 0 0 0 0 1
# cntrlfile_name
C:\Users\bai.li\Desktop\s1_test\AMAK\s47\amak.dat
# Map shared selectivity: 
# sel_map
 1 2
 1 1
# datafile_name
amak_data.dat
# model_name
OM_1
# SrType
2
# use_age_err
0
# retro
0
# sigmarprior
0.2
# cvsigmarprior
0.25
# phase_sigmar
-3
# styr_rec_est
1
# endyr_rec_est
30
# Linfprior
80
# cvLinfprior
0.25
# kprior
0.18
# cvkprior
0.25
# Loprior
27.688
# cvLoprior
0.25
# sdageprior
0.1
# cvsdageprior
0.25
# natmortprior
0.2
# cvnatmortprior
0.25
# phase_M
-4
# npars_Mage
0
# ages_M_changes

# Mage_in

# phase_Mage
-5
# phase_rw_M
0
# npars_rw_M
0
# yrs_rw_M

# sigma_rw_M

# qprior
 3.48998e-007
# cvqprior
 1
# phase_q
 1
# q_power_prior
 1
# cvq_power_prior
 0.2
# phase_q_power
 -4
# phase_rw_q
 -1
# npars_rw_q
 0
# yrs_rw_q

# sigma_rw_q

# q_age_min
 1
# q_age_max
 12
# q_age_min
 1
# q_age_max
 12
# fsh_sel_opt(k)
2
# phase_sel_fsh(k)
-2
# n_sel_ch_fsh(k)
1
# sel_slp_in_fsh(k)(1,n_sel_ch_fsh(k))
 1
# sel_inf_in_fsh(k)(1,n_sel_ch_fsh(k))
 2
# logsel_slp_in_fsh(k)(1,n_sel_ch_fsh(k))
 0
# yrs_sel_ch_fsh(k)(1,n_sel_ch_fsh(k))
 1

Survey survey_index1
# ind_sel_opt(k)
2
# indname(k)
survey_index1
# nselages_in_ind(k)
11
# phase_sel_ind(k)
-2
# sel_change_in_ind(k)
 1 0 0 0 0 0 0 0 0 0 0 0 0 0 0 0 0 0 0 0 0 0 0 0 0 0 0 0 0 0
# n_sel_ch_ind(k)
1
# yrs_sel_ch_ind(k)(1,n_sel_ch_ind(k))
 1
# sel_slp_in_ind(k,1)
2
# sel_inf_in_ind(k,1)
1.5
# logsel_slp_in_ind(k,1)
0.693147
# logsel_slp_in_indv(k)
0.693147
survey_index1 ind sel opt 2  1 0 0 0 0 0 0 0 0 0 0 0 0 0 0 0 0 0 0 0 0 0 0 0 0 0 0 0 0 0
Phase indices Sel_Coffs:  -1
 Test: 1.23457e+008
# Fshry Selages:  11
# Srvy  Selages:  11
# Phase for age-spec fishery  -1
# Phase for logistic fishery  -2
# Phase for dble logistic fishery  -1
# Phase for age-spec indices   -1
# Phase for logistic indices   -2
# Phase for dble logistic ind  -1
# Curv_pen_fsh: 
 0
# Curv_pen_ind: 
 0
# styr_fut
31
# endyr_fut
35
# nyrs_fsh_age
 30
# nyrs_fsh_age
 30
# yrs_fsh_age
 1 2 3 4 5 6 7 8 9 10 11 12 13 14 15 16 17 18 19 20 21 22 23 24 25 26 27 28 29 30
# n_sample_fsh_age
 200 200 200 200 200 200 200 200 200 200 200 200 200 200 200 200 200 200 200 200 200 200 200 200 200 200 200 200 200 200
# oac_fsh
 0.08 0.14 0.115 0.105 0.055 0.1 0.07 0.075 0.055 0.04 0.02 0.145
 0.085 0.11 0.14 0.105 0.065 0.13 0.07 0.07 0.045 0.035 0.015 0.13
 0.08 0.175 0.14 0.1 0.08 0.075 0.06 0.075 0.05 0.03 0.02 0.115
 0.065 0.115 0.1 0.135 0.1 0.08 0.05 0.065 0.05 0.04 0.035 0.165
 0.065 0.095 0.14 0.185 0.115 0.085 0.07 0.035 0.045 0.01 0.03 0.125
 0.075 0.13 0.115 0.14 0.155 0.055 0.05 0.06 0.055 0.03 0.03 0.105
 0.08 0.13 0.155 0.145 0.12 0.085 0.06 0.025 0.025 0.025 0.035 0.115
 0.12 0.085 0.175 0.155 0.085 0.05 0.09 0.045 0.055 0.015 0.03 0.095
 0.135 0.115 0.1 0.14 0.175 0.085 0.05 0.06 0.02 0.02 0.01 0.09
 0.1 0.12 0.11 0.14 0.125 0.085 0.045 0.025 0.055 0.05 0.015 0.13
 0.095 0.18 0.145 0.115 0.125 0.1 0.05 0.03 0.04 0.02 0.015 0.085
 0.11 0.135 0.225 0.135 0.105 0.065 0.045 0.065 0.025 0.01 0.01 0.07
 0.08 0.115 0.14 0.17 0.145 0.075 0.06 0.035 0.05 0.015 0.02 0.095
 0.07 0.13 0.165 0.165 0.13 0.075 0.09 0.015 0.04 0.02 0.01 0.09
 0.1 0.15 0.175 0.18 0.12 0.06 0.05 0.03 0.025 0.025 0.02 0.065
 0.075 0.14 0.155 0.195 0.075 0.125 0.055 0.055 0.03 0.01 0.025 0.06
 0.11 0.19 0.155 0.14 0.125 0.07 0.055 0.05 0.02 0.045 0.015 0.025
 0.08 0.18 0.21 0.12 0.13 0.06 0.06 0.03 0.03 0.01 0.035 0.055
 0.115 0.16 0.17 0.17 0.1 0.09 0.045 0.03 0.04 0.025 0.015 0.04
 0.11 0.15 0.17 0.155 0.12 0.095 0.06 0.055 0.01 0.035 0.02 0.02
 0.11 0.195 0.19 0.115 0.115 0.125 0.04 0.04 0.02 0.01 0.005 0.035
 0.16 0.22 0.14 0.13 0.095 0.065 0.055 0.04 0.015 0.02 0.01 0.05
 0.135 0.215 0.25 0.105 0.13 0.025 0.035 0.025 0.025 0.01 0.005 0.04
 0.125 0.185 0.26 0.14 0.07 0.075 0.025 0.045 0.02 0.015 0.015 0.025
 0.17 0.175 0.175 0.235 0.155 0.045 0 0.015 0.01 0 0.005 0.015
 0.145 0.26 0.17 0.115 0.12 0.075 0.025 0.025 0.03 0.015 0.005 0.015
 0.16 0.14 0.27 0.125 0.135 0.075 0.03 0.035 0.005 0.005 0.01 0.01
 0.21 0.175 0.18 0.18 0.075 0.075 0.06 0.03 0 0.005 0 0.01
 0.23 0.22 0.15 0.12 0.13 0.06 0.03 0.035 0.025 0 0 0
 0.13 0.28 0.235 0.155 0.075 0.05 0.025 0.025 0.01 0 0.005 0.01
# olc_fsh

# wt_fsh
 0.000530656 0.00119633 0.00205827 0.00303499 0.00405521 0.0050647 0.00602623 0.00691692 0.00772489 0.00844611 0.00908185 0.0096367
 0.000530656 0.00119633 0.00205827 0.00303499 0.00405521 0.0050647 0.00602623 0.00691692 0.00772489 0.00844611 0.00908185 0.0096367
 0.000530656 0.00119633 0.00205827 0.00303499 0.00405521 0.0050647 0.00602623 0.00691692 0.00772489 0.00844611 0.00908185 0.0096367
 0.000530656 0.00119633 0.00205827 0.00303499 0.00405521 0.0050647 0.00602623 0.00691692 0.00772489 0.00844611 0.00908185 0.0096367
 0.000530656 0.00119633 0.00205827 0.00303499 0.00405521 0.0050647 0.00602623 0.00691692 0.00772489 0.00844611 0.00908185 0.0096367
 0.000530656 0.00119633 0.00205827 0.00303499 0.00405521 0.0050647 0.00602623 0.00691692 0.00772489 0.00844611 0.00908185 0.0096367
 0.000530656 0.00119633 0.00205827 0.00303499 0.00405521 0.0050647 0.00602623 0.00691692 0.00772489 0.00844611 0.00908185 0.0096367
 0.000530656 0.00119633 0.00205827 0.00303499 0.00405521 0.0050647 0.00602623 0.00691692 0.00772489 0.00844611 0.00908185 0.0096367
 0.000530656 0.00119633 0.00205827 0.00303499 0.00405521 0.0050647 0.00602623 0.00691692 0.00772489 0.00844611 0.00908185 0.0096367
 0.000530656 0.00119633 0.00205827 0.00303499 0.00405521 0.0050647 0.00602623 0.00691692 0.00772489 0.00844611 0.00908185 0.0096367
 0.000530656 0.00119633 0.00205827 0.00303499 0.00405521 0.0050647 0.00602623 0.00691692 0.00772489 0.00844611 0.00908185 0.0096367
 0.000530656 0.00119633 0.00205827 0.00303499 0.00405521 0.0050647 0.00602623 0.00691692 0.00772489 0.00844611 0.00908185 0.0096367
 0.000530656 0.00119633 0.00205827 0.00303499 0.00405521 0.0050647 0.00602623 0.00691692 0.00772489 0.00844611 0.00908185 0.0096367
 0.000530656 0.00119633 0.00205827 0.00303499 0.00405521 0.0050647 0.00602623 0.00691692 0.00772489 0.00844611 0.00908185 0.0096367
 0.000530656 0.00119633 0.00205827 0.00303499 0.00405521 0.0050647 0.00602623 0.00691692 0.00772489 0.00844611 0.00908185 0.0096367
 0.000530656 0.00119633 0.00205827 0.00303499 0.00405521 0.0050647 0.00602623 0.00691692 0.00772489 0.00844611 0.00908185 0.0096367
 0.000530656 0.00119633 0.00205827 0.00303499 0.00405521 0.0050647 0.00602623 0.00691692 0.00772489 0.00844611 0.00908185 0.0096367
 0.000530656 0.00119633 0.00205827 0.00303499 0.00405521 0.0050647 0.00602623 0.00691692 0.00772489 0.00844611 0.00908185 0.0096367
 0.000530656 0.00119633 0.00205827 0.00303499 0.00405521 0.0050647 0.00602623 0.00691692 0.00772489 0.00844611 0.00908185 0.0096367
 0.000530656 0.00119633 0.00205827 0.00303499 0.00405521 0.0050647 0.00602623 0.00691692 0.00772489 0.00844611 0.00908185 0.0096367
 0.000530656 0.00119633 0.00205827 0.00303499 0.00405521 0.0050647 0.00602623 0.00691692 0.00772489 0.00844611 0.00908185 0.0096367
 0.000530656 0.00119633 0.00205827 0.00303499 0.00405521 0.0050647 0.00602623 0.00691692 0.00772489 0.00844611 0.00908185 0.0096367
 0.000530656 0.00119633 0.00205827 0.00303499 0.00405521 0.0050647 0.00602623 0.00691692 0.00772489 0.00844611 0.00908185 0.0096367
 0.000530656 0.00119633 0.00205827 0.00303499 0.00405521 0.0050647 0.00602623 0.00691692 0.00772489 0.00844611 0.00908185 0.0096367
 0.000530656 0.00119633 0.00205827 0.00303499 0.00405521 0.0050647 0.00602623 0.00691692 0.00772489 0.00844611 0.00908185 0.0096367
 0.000530656 0.00119633 0.00205827 0.00303499 0.00405521 0.0050647 0.00602623 0.00691692 0.00772489 0.00844611 0.00908185 0.0096367
 0.000530656 0.00119633 0.00205827 0.00303499 0.00405521 0.0050647 0.00602623 0.00691692 0.00772489 0.00844611 0.00908185 0.0096367
 0.000530656 0.00119633 0.00205827 0.00303499 0.00405521 0.0050647 0.00602623 0.00691692 0.00772489 0.00844611 0.00908185 0.0096367
 0.000530656 0.00119633 0.00205827 0.00303499 0.00405521 0.0050647 0.00602623 0.00691692 0.00772489 0.00844611 0.00908185 0.0096367
 0.000530656 0.00119633 0.00205827 0.00303499 0.00405521 0.0050647 0.00602623 0.00691692 0.00772489 0.00844611 0.00908185 0.0096367
# nyrs_ind_age
 30
# yrs_ind_age
 1 2 3 4 5 6 7 8 9 10 11 12 13 14 15 16 17 18 19 20 21 22 23 24 25 26 27 28 29 30
# n_sample_ind_age
 200 200 200 200 200 200 200 200 200 200 200 200 200 200 200 200 200 200 200 200 200 200 200 200 200 200 200 200 200 200
# oac_ind
 0.09 0.135 0.13 0.135 0.145 0.065 0.045 0.01 0.07 0.035 0.02 0.12
 0.075 0.12 0.155 0.185 0.075 0.07 0.05 0.05 0.05 0.05 0.01 0.11
 0.04 0.115 0.205 0.125 0.1 0.09 0.045 0.06 0.075 0.02 0.02 0.105
 0.05 0.08 0.185 0.14 0.09 0.08 0.095 0.045 0.065 0.04 0.03 0.1
 0.115 0.125 0.15 0.145 0.09 0.07 0.04 0.06 0.04 0.02 0.01 0.135
 0.07 0.19 0.135 0.08 0.13 0.035 0.07 0.03 0.045 0.03 0.06 0.125
 0.045 0.205 0.215 0.07 0.07 0.06 0.03 0.06 0.03 0.06 0.03 0.125
 0.1 0.125 0.205 0.165 0.09 0.05 0.055 0.04 0.045 0.01 0.015 0.1
 0.075 0.205 0.115 0.14 0.125 0.04 0.085 0.035 0.035 0.02 0.025 0.1
 0.09 0.135 0.18 0.115 0.1 0.065 0.04 0.055 0.08 0.02 0.005 0.115
 0.085 0.135 0.2 0.155 0.085 0.085 0.07 0.035 0.025 0.015 0.03 0.08
 0.04 0.25 0.165 0.12 0.12 0.075 0.06 0.04 0.02 0.02 0.015 0.075
 0.05 0.15 0.2 0.17 0.095 0.095 0.05 0.045 0.04 0.02 0.01 0.075
 0.1 0.195 0.16 0.165 0.095 0.055 0.065 0.045 0.015 0.04 0.005 0.06
 0.075 0.225 0.19 0.14 0.105 0.08 0.06 0.025 0.005 0.03 0.005 0.06
 0.09 0.13 0.22 0.125 0.12 0.085 0.055 0.035 0.05 0.015 0.02 0.055
 0.095 0.225 0.18 0.145 0.075 0.055 0.05 0.045 0.04 0.015 0.005 0.07
 0.07 0.215 0.255 0.165 0.085 0.065 0.03 0.02 0.025 0 0.015 0.055
 0.08 0.175 0.23 0.195 0.09 0.065 0.05 0.035 0.02 0.025 0.015 0.02
 0.11 0.25 0.175 0.115 0.11 0.04 0.065 0.02 0.03 0.02 0.015 0.05
 0.18 0.18 0.23 0.135 0.11 0.075 0.025 0.025 0.01 0.015 0.01 0.005
 0.115 0.28 0.195 0.085 0.09 0.085 0.03 0.035 0.03 0.025 0 0.03
 0.135 0.27 0.255 0.105 0.075 0.04 0.045 0.035 0.015 0.01 0.005 0.01
 0.07 0.19 0.285 0.235 0.11 0.03 0.02 0.025 0.02 0.005 0.005 0.005
 0.19 0.16 0.175 0.21 0.12 0.03 0.045 0.04 0.015 0.005 0.005 0.005
 0.125 0.235 0.185 0.13 0.125 0.08 0.03 0.03 0.01 0.01 0.01 0.03
 0.145 0.18 0.275 0.15 0.075 0.08 0.07 0.005 0.01 0 0 0.01
 0.135 0.27 0.175 0.18 0.09 0.055 0.055 0.02 0.005 0.005 0 0.01
 0.16 0.295 0.195 0.105 0.085 0.04 0.035 0.03 0.01 0.025 0.01 0.01
 0.1 0.315 0.25 0.165 0.06 0.07 0.01 0.01 0.005 0.005 0 0.01
# olc_ind

# obs_lse_ind
 0.198042 0.198042 0.198042 0.198042 0.198042 0.198042 0.198042 0.198042 0.198042 0.198042 0.198042 0.198042 0.198042 0.198042 0.198042 0.198042 0.198042 0.198042 0.198042 0.198042 0.198042 0.198042 0.198042 0.198042 0.198042 0.198042 0.198042 0.198042 0.198042 0.198042
# xages_fsh
 0 0 0 0 0 0 0 0 0 0 0 0
# xages_fsh
 0 0.0909091 0.181818 0.272727 0.363636 0.454545 0.545455 0.636364 0.727273 0.818182 0.909091 1
# xnodes_fsh

Yrs fsh_sel change:  1 0 0 0 0 0 0 0 0 0 0 0 0 0 0 0 0 0 0 0 0 0 0 0 0 0 0 0 0
Yrs ind_sel change:  1 0 0 0 0 0 0 0 0 0 0 0 0 0 0 0 0 0 0 0 0 0 0 0 0 0 0 0 0
# steepnessprior
0.75
# sigmarprior
0.2
#  SSB estimated in styr endyr: -12 28 
#  Rec estimated in styr endyr: -10 30 
#  SR Curve fit  in styr endyr: 1 30 
#             Model styr endyr: 1 30 
# qprior
 3.48998e-007
# q_power_prior 
 1 
# cv_catchbiomass 
0.05 
# CatchbiomassPen 
200 
# Number of projection years 
5 
# offset_fsh
 13386.2
# offset_ind
 13059.7
Mean Catch
1277.57
R_guess 
13.8155
# nfsh
1
# n_sel_ch_fsh
 1
# nselages_fsh
 11
# phase_selcoff_fsh
 -1
logRzero 13.8155
logmeanrec 13.8155
exp(log_sigmarprior 0.2
Fish sel phase: -1 OM1
Fixing fishery sel to
1
Fixing fishery sel to
1
Srvy sel phase: -1
Fixing survey_index1 indices sel to
1
Fixing index sel to
1
# logsel_slp_in_indv
 0.693147
Leaving parameter init secton
# M
 0.2 0.2 0.2 0.2 0.2 0.2 0.2 0.2 0.2 0.2 0.2 0.2
 0.2 0.2 0.2 0.2 0.2 0.2 0.2 0.2 0.2 0.2 0.2 0.2
 0.2 0.2 0.2 0.2 0.2 0.2 0.2 0.2 0.2 0.2 0.2 0.2
 0.2 0.2 0.2 0.2 0.2 0.2 0.2 0.2 0.2 0.2 0.2 0.2
 0.2 0.2 0.2 0.2 0.2 0.2 0.2 0.2 0.2 0.2 0.2 0.2
 0.2 0.2 0.2 0.2 0.2 0.2 0.2 0.2 0.2 0.2 0.2 0.2
 0.2 0.2 0.2 0.2 0.2 0.2 0.2 0.2 0.2 0.2 0.2 0.2
 0.2 0.2 0.2 0.2 0.2 0.2 0.2 0.2 0.2 0.2 0.2 0.2
 0.2 0.2 0.2 0.2 0.2 0.2 0.2 0.2 0.2 0.2 0.2 0.2
 0.2 0.2 0.2 0.2 0.2 0.2 0.2 0.2 0.2 0.2 0.2 0.2
 0.2 0.2 0.2 0.2 0.2 0.2 0.2 0.2 0.2 0.2 0.2 0.2
 0.2 0.2 0.2 0.2 0.2 0.2 0.2 0.2 0.2 0.2 0.2 0.2
 0.2 0.2 0.2 0.2 0.2 0.2 0.2 0.2 0.2 0.2 0.2 0.2
 0.2 0.2 0.2 0.2 0.2 0.2 0.2 0.2 0.2 0.2 0.2 0.2
 0.2 0.2 0.2 0.2 0.2 0.2 0.2 0.2 0.2 0.2 0.2 0.2
 0.2 0.2 0.2 0.2 0.2 0.2 0.2 0.2 0.2 0.2 0.2 0.2
 0.2 0.2 0.2 0.2 0.2 0.2 0.2 0.2 0.2 0.2 0.2 0.2
 0.2 0.2 0.2 0.2 0.2 0.2 0.2 0.2 0.2 0.2 0.2 0.2
 0.2 0.2 0.2 0.2 0.2 0.2 0.2 0.2 0.2 0.2 0.2 0.2
 0.2 0.2 0.2 0.2 0.2 0.2 0.2 0.2 0.2 0.2 0.2 0.2
 0.2 0.2 0.2 0.2 0.2 0.2 0.2 0.2 0.2 0.2 0.2 0.2
 0.2 0.2 0.2 0.2 0.2 0.2 0.2 0.2 0.2 0.2 0.2 0.2
 0.2 0.2 0.2 0.2 0.2 0.2 0.2 0.2 0.2 0.2 0.2 0.2
 0.2 0.2 0.2 0.2 0.2 0.2 0.2 0.2 0.2 0.2 0.2 0.2
 0.2 0.2 0.2 0.2 0.2 0.2 0.2 0.2 0.2 0.2 0.2 0.2
 0.2 0.2 0.2 0.2 0.2 0.2 0.2 0.2 0.2 0.2 0.2 0.2
 0.2 0.2 0.2 0.2 0.2 0.2 0.2 0.2 0.2 0.2 0.2 0.2
 0.2 0.2 0.2 0.2 0.2 0.2 0.2 0.2 0.2 0.2 0.2 0.2
 0.2 0.2 0.2 0.2 0.2 0.2 0.2 0.2 0.2 0.2 0.2 0.2
 0.2 0.2 0.2 0.2 0.2 0.2 0.2 0.2 0.2 0.2 0.2 0.2
# mean_log_rec
13.7394
# log_Rzero
13.8081
# rec_dev
 -0.0679935 -0.142661 -0.135054 0.103927 -0.0544381 0.0567608 0.0800705 0.0548347 0.035307 -0.000424826 0.0710766 0.100857 0.264373 0.00693586 -0.0615139 0.32245 0.241748 -0.0577119 0.187343 0.0709513 0.158498 0.146533 -0.0545255 -0.0055783 0.0607166 -0.0861043 0.114676 -0.0135767 -0.274836 -0.182943 -0.282707 0.0838995 0.0704646 -0.273881 -0.441039 -0.0996835 -0.478802 -0.288916 -0.116278 -0.00269317 -0.386926
# fmort
 0.00923668 0.0271357 0.0451691 0.0618331 0.0494159 0.0889223 0.0902486 0.192602 0.113127 0.137393 0.158505 0.167883 0.121157 0.17485 0.185879 0.166201 0.322524 0.268404 0.268988 0.263691 0.369027 0.267532 0.436531 0.355907 0.353099 0.325801 0.316483 0.440794 0.332124 0.502562
# rec_dev_future
 0 0 0 0 0
