AMAK;August_2013
# styr
1
# endyr
30
# rec_age
1
# oldest_age
12
# nlength
81
# len_bins
 10 11 12 13 14 15 16 17 18 19 20 21 22 23 24 25 26 27 28 29 30 31 32 33 34 35 36 37 38 39 40 41 42 43 44 45 46 47 48 49 50 51 52 53 54 55 56 57 58 59 60 61 62 63 64 65 66 67 68 69 70 71 72 73 74 75 76 77 78 79 80 81 82 83 84 85 86 87 88 89 90
# datafile_name
amak_data.dat
# model_name
OM_1
# styr
1
# endyr
30
# rec_age
1
# oldest_age
12
# nfsh
1
# fshname
OM1
# catch_bio_in
 160.407 465.208 766.95 986.881 770.289 1317.72 1276.09 2476.84 1325.1 1536.5 1618.48 1619.48 1097.4 1530.39 1506.18 1279.99 2237.86 1602.38 1452.17 1328.35 1611.72 1079.27 1649.34 1209.74 1109.1 975.626 923.291 1213.42 874.606 1269.54
# catch_bio_sd_in
 0.01 0.01 0.01 0.01 0.01 0.01 0.01 0.01 0.01 0.01 0.01 0.01 0.01 0.01 0.01 0.01 0.01 0.01 0.01 0.01 0.01 0.01 0.01 0.01 0.01 0.01 0.01 0.01 0.01 0.01
# nyrs_fsh_age
 30
# nyrs_fsh_length
 0
# yrs_fsh_age_in
 1 2 3 4 5 6 7 8 9 10 11 12 13 14 15 16 17 18 19 20 21 22 23 24 25 26 27 28 29 30
# yrs_fsh_length_in

# n_sample_fsh_length_in

# olc_fsh_in

# nind
1
# indname
survey_index1
# nyrs_ind
 30
# yrs_ind_in
 1 2 3 4 5 6 7 8 9 10 11 12 13 14 15 16 17 18 19 20 21 22 23 24 25 26 27 28 29 30
# mo_ind
 1
# obs_ind_in
 1.64496 1.75458 1.67056 1.52339 1.38133 1.47904 1.33375 1.54451 1.49034 1.28612 1.32794 1.04981 1.26145 0.801626 1.12358 0.888164 0.892773 0.740187 0.678012 0.689769 0.653543 0.767874 0.640082 0.629632 0.555483 0.593606 0.497581 0.536268 0.588452 0.513743
# obs_se_ind_in
 0.328992 0.350916 0.334112 0.304677 0.276266 0.295807 0.26675 0.308901 0.298068 0.257225 0.265587 0.209961 0.25229 0.160325 0.224717 0.177633 0.178555 0.148037 0.135602 0.137954 0.130709 0.153575 0.128016 0.125926 0.111097 0.118721 0.0995162 0.107254 0.11769 0.102749
# nyrs_ind_age
 30
# nyrs_ind_length
 0
# yrs_ind_age_in
 1 2 3 4 5 6 7 8 9 10 11 12 13 14 15 16 17 18 19 20 21 22 23 24 25 26 27 28 29 30
# yrs_ind_length_in

# yrs_ind_age_in
 1 2 3 4 5 6 7 8 9 10 11 12 13 14 15 16 17 18 19 20 21 22 23 24 25 26 27 28 29 30
# n_sample_ind_length_in

# olc_ind_in

# oac_ind_in
 0.05 0.15 0.145 0.11 0.1 0.09 0.07 0.05 0.045 0.045 0.025 0.12
 0.065 0.145 0.125 0.135 0.1 0.075 0.075 0.05 0.065 0.02 0.03 0.115
 0.06 0.15 0.1 0.14 0.11 0.06 0.055 0.05 0.035 0.08 0.02 0.14
 0.07 0.12 0.17 0.15 0.08 0.095 0.045 0.045 0.045 0.045 0.03 0.105
 0.08 0.135 0.15 0.125 0.105 0.05 0.06 0.08 0.015 0.03 0.03 0.14
 0.03 0.19 0.13 0.105 0.14 0.09 0.06 0.03 0.035 0.03 0.025 0.135
 0.08 0.16 0.15 0.1 0.08 0.09 0.065 0.035 0.05 0.035 0.04 0.115
 0.07 0.145 0.2 0.145 0.095 0.05 0.065 0.045 0.04 0.025 0.025 0.095
 0.065 0.155 0.15 0.155 0.12 0.06 0.06 0.085 0.01 0.02 0.035 0.085
 0.085 0.135 0.19 0.17 0.095 0.095 0.055 0.035 0.03 0.005 0.02 0.085
 0.085 0.19 0.145 0.17 0.055 0.09 0.075 0.015 0.03 0.03 0.02 0.095
 0.07 0.18 0.165 0.14 0.14 0.075 0.06 0.055 0.005 0.01 0.025 0.075
 0.1 0.185 0.21 0.09 0.065 0.13 0.055 0.05 0.035 0.005 0.02 0.055
 0.09 0.18 0.2 0.115 0.15 0.05 0.065 0.03 0.035 0.025 0.02 0.04
 0.055 0.22 0.225 0.115 0.085 0.09 0.035 0.05 0.02 0.025 0.025 0.055
 0.115 0.17 0.21 0.1 0.07 0.085 0.05 0.055 0.03 0.03 0.01 0.075
 0.09 0.215 0.155 0.145 0.145 0.07 0.015 0.04 0.025 0.02 0.03 0.05
 0.055 0.24 0.24 0.115 0.095 0.065 0.035 0.04 0.02 0.02 0.025 0.05
 0.05 0.16 0.225 0.18 0.13 0.075 0.025 0.035 0.045 0.02 0.015 0.04
 0.12 0.19 0.185 0.18 0.16 0.05 0.055 0.01 0.015 0 0.01 0.025
 0.105 0.155 0.255 0.135 0.105 0.105 0.035 0.02 0.015 0.02 0.01 0.04
 0.13 0.28 0.12 0.145 0.11 0.065 0.065 0.03 0.015 0.01 0.01 0.02
 0.095 0.3 0.25 0.1 0.06 0.065 0.035 0.045 0 0.005 0.01 0.035
 0.115 0.23 0.2 0.205 0.09 0.05 0.01 0.055 0.02 0 0.01 0.015
 0.135 0.2 0.185 0.175 0.12 0.065 0.03 0.025 0.02 0.02 0.01 0.015
 0.105 0.29 0.225 0.15 0.085 0.085 0.015 0.025 0 0.005 0 0.015
 0.135 0.205 0.275 0.135 0.095 0.065 0.055 0.005 0.02 0 0.01 0
 0.155 0.265 0.21 0.14 0.08 0.055 0.04 0.04 0.015 0 0 0
 0.14 0.28 0.19 0.16 0.085 0.035 0.05 0.025 0.01 0.01 0 0.015
 0.12 0.275 0.25 0.16 0.05 0.065 0.025 0.02 0.02 0.01 0 0.005
# wt_ind
 1 1 1 1 1 1 1 1 1 1 1 1
 1 1 1 1 1 1 1 1 1 1 1 1
 1 1 1 1 1 1 1 1 1 1 1 1
 1 1 1 1 1 1 1 1 1 1 1 1
 1 1 1 1 1 1 1 1 1 1 1 1
 1 1 1 1 1 1 1 1 1 1 1 1
 1 1 1 1 1 1 1 1 1 1 1 1
 1 1 1 1 1 1 1 1 1 1 1 1
 1 1 1 1 1 1 1 1 1 1 1 1
 1 1 1 1 1 1 1 1 1 1 1 1
 1 1 1 1 1 1 1 1 1 1 1 1
 1 1 1 1 1 1 1 1 1 1 1 1
 1 1 1 1 1 1 1 1 1 1 1 1
 1 1 1 1 1 1 1 1 1 1 1 1
 1 1 1 1 1 1 1 1 1 1 1 1
 1 1 1 1 1 1 1 1 1 1 1 1
 1 1 1 1 1 1 1 1 1 1 1 1
 1 1 1 1 1 1 1 1 1 1 1 1
 1 1 1 1 1 1 1 1 1 1 1 1
 1 1 1 1 1 1 1 1 1 1 1 1
 1 1 1 1 1 1 1 1 1 1 1 1
 1 1 1 1 1 1 1 1 1 1 1 1
 1 1 1 1 1 1 1 1 1 1 1 1
 1 1 1 1 1 1 1 1 1 1 1 1
 1 1 1 1 1 1 1 1 1 1 1 1
 1 1 1 1 1 1 1 1 1 1 1 1
 1 1 1 1 1 1 1 1 1 1 1 1
 1 1 1 1 1 1 1 1 1 1 1 1
 1 1 1 1 1 1 1 1 1 1 1 1
 1 1 1 1 1 1 1 1 1 1 1 1
# wt_pop
 0.000530656 0.00119633 0.00205827 0.00303499 0.00405521 0.0050647 0.00602623 0.00691692 0.00772489 0.00844611 0.00908185 0.0096367
# maturity
 0.0229774 0.320821 0.904651 0.99478 0.999739 0.999987 0.999999 1 1 1 1 1
# spawnmo
1
# age_err
 1 0 0 0 0 0 0 0 0 0 0 0
 0 1 0 0 0 0 0 0 0 0 0 0
 0 0 1 0 0 0 0 0 0 0 0 0
 0 0 0 1 0 0 0 0 0 0 0 0
 0 0 0 0 1 0 0 0 0 0 0 0
 0 0 0 0 0 1 0 0 0 0 0 0
 0 0 0 0 0 0 1 0 0 0 0 0
 0 0 0 0 0 0 0 1 0 0 0 0
 0 0 0 0 0 0 0 0 1 0 0 0
 0 0 0 0 0 0 0 0 0 1 0 0
 0 0 0 0 0 0 0 0 0 0 1 0
 0 0 0 0 0 0 0 0 0 0 0 1
# cntrlfile_name
C:\Users\bai.li\Desktop\s1_test\AMAK\s3\amak.dat
# Map shared selectivity: 
# sel_map
 1 2
 1 1
# datafile_name
amak_data.dat
# model_name
OM_1
# SrType
2
# use_age_err
0
# retro
0
# sigmarprior
0.2
# cvsigmarprior
0.25
# phase_sigmar
-3
# styr_rec_est
1
# endyr_rec_est
30
# Linfprior
80
# cvLinfprior
0.25
# kprior
0.18
# cvkprior
0.25
# Loprior
27.688
# cvLoprior
0.25
# sdageprior
0.1
# cvsdageprior
0.25
# natmortprior
0.2
# cvnatmortprior
0.25
# phase_M
-4
# npars_Mage
0
# ages_M_changes

# Mage_in

# phase_Mage
-5
# phase_rw_M
0
# npars_rw_M
0
# yrs_rw_M

# sigma_rw_M

# qprior
 3.48998e-007
# cvqprior
 1
# phase_q
 1
# q_power_prior
 1
# cvq_power_prior
 0.2
# phase_q_power
 -4
# phase_rw_q
 -1
# npars_rw_q
 0
# yrs_rw_q

# sigma_rw_q

# q_age_min
 1
# q_age_max
 12
# q_age_min
 1
# q_age_max
 12
# fsh_sel_opt(k)
2
# phase_sel_fsh(k)
-2
# n_sel_ch_fsh(k)
1
# sel_slp_in_fsh(k)(1,n_sel_ch_fsh(k))
 1
# sel_inf_in_fsh(k)(1,n_sel_ch_fsh(k))
 2
# logsel_slp_in_fsh(k)(1,n_sel_ch_fsh(k))
 0
# yrs_sel_ch_fsh(k)(1,n_sel_ch_fsh(k))
 1

Survey survey_index1
# ind_sel_opt(k)
2
# indname(k)
survey_index1
# nselages_in_ind(k)
11
# phase_sel_ind(k)
-2
# sel_change_in_ind(k)
 1 0 0 0 0 0 0 0 0 0 0 0 0 0 0 0 0 0 0 0 0 0 0 0 0 0 0 0 0 0
# n_sel_ch_ind(k)
1
# yrs_sel_ch_ind(k)(1,n_sel_ch_ind(k))
 1
# sel_slp_in_ind(k,1)
2
# sel_inf_in_ind(k,1)
1.5
# logsel_slp_in_ind(k,1)
0.693147
# logsel_slp_in_indv(k)
0.693147
survey_index1 ind sel opt 2  1 0 0 0 0 0 0 0 0 0 0 0 0 0 0 0 0 0 0 0 0 0 0 0 0 0 0 0 0 0
Phase indices Sel_Coffs:  -1
 Test: 1.23457e+008
# Fshry Selages:  11
# Srvy  Selages:  11
# Phase for age-spec fishery  -1
# Phase for logistic fishery  -2
# Phase for dble logistic fishery  -1
# Phase for age-spec indices   -1
# Phase for logistic indices   -2
# Phase for dble logistic ind  -1
# Curv_pen_fsh: 
 0
# Curv_pen_ind: 
 0
# styr_fut
31
# endyr_fut
35
# nyrs_fsh_age
 30
# nyrs_fsh_age
 30
# yrs_fsh_age
 1 2 3 4 5 6 7 8 9 10 11 12 13 14 15 16 17 18 19 20 21 22 23 24 25 26 27 28 29 30
# n_sample_fsh_age
 200 200 200 200 200 200 200 200 200 200 200 200 200 200 200 200 200 200 200 200 200 200 200 200 200 200 200 200 200 200
# oac_fsh
 0.07 0.13 0.105 0.13 0.105 0.09 0.065 0.075 0.065 0.065 0.02 0.08
 0.09 0.115 0.1 0.11 0.105 0.085 0.065 0.04 0.06 0.035 0.05 0.145
 0.025 0.14 0.15 0.12 0.105 0.08 0.055 0.095 0.035 0.065 0.02 0.11
 0.045 0.11 0.12 0.105 0.12 0.095 0.07 0.07 0.025 0.065 0.03 0.145
 0.11 0.08 0.115 0.145 0.115 0.055 0.1 0.05 0.035 0.04 0.04 0.115
 0.075 0.15 0.12 0.125 0.08 0.1 0.065 0.06 0.04 0.055 0.015 0.115
 0.055 0.135 0.2 0.08 0.08 0.11 0.045 0.055 0.075 0.045 0.025 0.095
 0.105 0.135 0.155 0.135 0.06 0.055 0.085 0.05 0.025 0.045 0.04 0.11
 0.095 0.125 0.09 0.175 0.13 0.09 0.05 0.055 0.03 0.03 0.03 0.1
 0.09 0.125 0.15 0.135 0.155 0.095 0.035 0.025 0.04 0.04 0.01 0.1
 0.075 0.155 0.1 0.115 0.105 0.095 0.1 0.05 0.045 0.05 0.025 0.085
 0.035 0.11 0.19 0.115 0.155 0.075 0.06 0.08 0.005 0.045 0.05 0.08
 0.095 0.12 0.16 0.235 0.09 0.075 0.07 0.04 0.035 0 0.005 0.075
 0.135 0.145 0.095 0.145 0.14 0.055 0.05 0.065 0.06 0.025 0.005 0.08
 0.075 0.155 0.2 0.105 0.105 0.12 0.06 0.05 0.015 0.03 0.015 0.07
 0.145 0.115 0.15 0.15 0.12 0.09 0.07 0.025 0.035 0.01 0.025 0.065
 0.145 0.18 0.14 0.13 0.145 0.06 0.04 0.03 0.025 0.01 0.03 0.065
 0.1 0.205 0.2 0.145 0.08 0.09 0.035 0.065 0.03 0.015 0.005 0.03
 0.135 0.16 0.21 0.18 0.06 0.065 0.03 0.06 0.02 0.025 0.025 0.03
 0.11 0.16 0.155 0.165 0.115 0.07 0.06 0.035 0.03 0.025 0.02 0.055
 0.195 0.11 0.215 0.135 0.085 0.105 0.04 0.02 0.005 0.015 0.015 0.06
 0.17 0.225 0.12 0.115 0.12 0.075 0.055 0.06 0.015 0.005 0.015 0.025
 0.15 0.235 0.215 0.075 0.09 0.09 0.06 0.03 0.015 0.02 0.005 0.015
 0.135 0.155 0.215 0.22 0.075 0.07 0.05 0.04 0.01 0 0.015 0.015
 0.16 0.165 0.195 0.195 0.125 0.045 0.035 0.03 0.015 0.025 0 0.01
 0.125 0.27 0.155 0.15 0.15 0.05 0.04 0.025 0.015 0.005 0.005 0.01
 0.135 0.19 0.265 0.14 0.095 0.1 0.02 0.015 0.02 0 0.005 0.015
 0.2 0.23 0.13 0.195 0.075 0.065 0.04 0.03 0.01 0 0.01 0.015
 0.195 0.23 0.225 0.125 0.105 0.03 0.03 0.005 0.04 0 0.01 0.005
 0.19 0.23 0.175 0.145 0.095 0.065 0.04 0.03 0.005 0.01 0.01 0.005
# olc_fsh

# wt_fsh
 0.000530656 0.00119633 0.00205827 0.00303499 0.00405521 0.0050647 0.00602623 0.00691692 0.00772489 0.00844611 0.00908185 0.0096367
 0.000530656 0.00119633 0.00205827 0.00303499 0.00405521 0.0050647 0.00602623 0.00691692 0.00772489 0.00844611 0.00908185 0.0096367
 0.000530656 0.00119633 0.00205827 0.00303499 0.00405521 0.0050647 0.00602623 0.00691692 0.00772489 0.00844611 0.00908185 0.0096367
 0.000530656 0.00119633 0.00205827 0.00303499 0.00405521 0.0050647 0.00602623 0.00691692 0.00772489 0.00844611 0.00908185 0.0096367
 0.000530656 0.00119633 0.00205827 0.00303499 0.00405521 0.0050647 0.00602623 0.00691692 0.00772489 0.00844611 0.00908185 0.0096367
 0.000530656 0.00119633 0.00205827 0.00303499 0.00405521 0.0050647 0.00602623 0.00691692 0.00772489 0.00844611 0.00908185 0.0096367
 0.000530656 0.00119633 0.00205827 0.00303499 0.00405521 0.0050647 0.00602623 0.00691692 0.00772489 0.00844611 0.00908185 0.0096367
 0.000530656 0.00119633 0.00205827 0.00303499 0.00405521 0.0050647 0.00602623 0.00691692 0.00772489 0.00844611 0.00908185 0.0096367
 0.000530656 0.00119633 0.00205827 0.00303499 0.00405521 0.0050647 0.00602623 0.00691692 0.00772489 0.00844611 0.00908185 0.0096367
 0.000530656 0.00119633 0.00205827 0.00303499 0.00405521 0.0050647 0.00602623 0.00691692 0.00772489 0.00844611 0.00908185 0.0096367
 0.000530656 0.00119633 0.00205827 0.00303499 0.00405521 0.0050647 0.00602623 0.00691692 0.00772489 0.00844611 0.00908185 0.0096367
 0.000530656 0.00119633 0.00205827 0.00303499 0.00405521 0.0050647 0.00602623 0.00691692 0.00772489 0.00844611 0.00908185 0.0096367
 0.000530656 0.00119633 0.00205827 0.00303499 0.00405521 0.0050647 0.00602623 0.00691692 0.00772489 0.00844611 0.00908185 0.0096367
 0.000530656 0.00119633 0.00205827 0.00303499 0.00405521 0.0050647 0.00602623 0.00691692 0.00772489 0.00844611 0.00908185 0.0096367
 0.000530656 0.00119633 0.00205827 0.00303499 0.00405521 0.0050647 0.00602623 0.00691692 0.00772489 0.00844611 0.00908185 0.0096367
 0.000530656 0.00119633 0.00205827 0.00303499 0.00405521 0.0050647 0.00602623 0.00691692 0.00772489 0.00844611 0.00908185 0.0096367
 0.000530656 0.00119633 0.00205827 0.00303499 0.00405521 0.0050647 0.00602623 0.00691692 0.00772489 0.00844611 0.00908185 0.0096367
 0.000530656 0.00119633 0.00205827 0.00303499 0.00405521 0.0050647 0.00602623 0.00691692 0.00772489 0.00844611 0.00908185 0.0096367
 0.000530656 0.00119633 0.00205827 0.00303499 0.00405521 0.0050647 0.00602623 0.00691692 0.00772489 0.00844611 0.00908185 0.0096367
 0.000530656 0.00119633 0.00205827 0.00303499 0.00405521 0.0050647 0.00602623 0.00691692 0.00772489 0.00844611 0.00908185 0.0096367
 0.000530656 0.00119633 0.00205827 0.00303499 0.00405521 0.0050647 0.00602623 0.00691692 0.00772489 0.00844611 0.00908185 0.0096367
 0.000530656 0.00119633 0.00205827 0.00303499 0.00405521 0.0050647 0.00602623 0.00691692 0.00772489 0.00844611 0.00908185 0.0096367
 0.000530656 0.00119633 0.00205827 0.00303499 0.00405521 0.0050647 0.00602623 0.00691692 0.00772489 0.00844611 0.00908185 0.0096367
 0.000530656 0.00119633 0.00205827 0.00303499 0.00405521 0.0050647 0.00602623 0.00691692 0.00772489 0.00844611 0.00908185 0.0096367
 0.000530656 0.00119633 0.00205827 0.00303499 0.00405521 0.0050647 0.00602623 0.00691692 0.00772489 0.00844611 0.00908185 0.0096367
 0.000530656 0.00119633 0.00205827 0.00303499 0.00405521 0.0050647 0.00602623 0.00691692 0.00772489 0.00844611 0.00908185 0.0096367
 0.000530656 0.00119633 0.00205827 0.00303499 0.00405521 0.0050647 0.00602623 0.00691692 0.00772489 0.00844611 0.00908185 0.0096367
 0.000530656 0.00119633 0.00205827 0.00303499 0.00405521 0.0050647 0.00602623 0.00691692 0.00772489 0.00844611 0.00908185 0.0096367
 0.000530656 0.00119633 0.00205827 0.00303499 0.00405521 0.0050647 0.00602623 0.00691692 0.00772489 0.00844611 0.00908185 0.0096367
 0.000530656 0.00119633 0.00205827 0.00303499 0.00405521 0.0050647 0.00602623 0.00691692 0.00772489 0.00844611 0.00908185 0.0096367
# nyrs_ind_age
 30
# yrs_ind_age
 1 2 3 4 5 6 7 8 9 10 11 12 13 14 15 16 17 18 19 20 21 22 23 24 25 26 27 28 29 30
# n_sample_ind_age
 200 200 200 200 200 200 200 200 200 200 200 200 200 200 200 200 200 200 200 200 200 200 200 200 200 200 200 200 200 200
# oac_ind
 0.05 0.15 0.145 0.11 0.1 0.09 0.07 0.05 0.045 0.045 0.025 0.12
 0.065 0.145 0.125 0.135 0.1 0.075 0.075 0.05 0.065 0.02 0.03 0.115
 0.06 0.15 0.1 0.14 0.11 0.06 0.055 0.05 0.035 0.08 0.02 0.14
 0.07 0.12 0.17 0.15 0.08 0.095 0.045 0.045 0.045 0.045 0.03 0.105
 0.08 0.135 0.15 0.125 0.105 0.05 0.06 0.08 0.015 0.03 0.03 0.14
 0.03 0.19 0.13 0.105 0.14 0.09 0.06 0.03 0.035 0.03 0.025 0.135
 0.08 0.16 0.15 0.1 0.08 0.09 0.065 0.035 0.05 0.035 0.04 0.115
 0.07 0.145 0.2 0.145 0.095 0.05 0.065 0.045 0.04 0.025 0.025 0.095
 0.065 0.155 0.15 0.155 0.12 0.06 0.06 0.085 0.01 0.02 0.035 0.085
 0.085 0.135 0.19 0.17 0.095 0.095 0.055 0.035 0.03 0.005 0.02 0.085
 0.085 0.19 0.145 0.17 0.055 0.09 0.075 0.015 0.03 0.03 0.02 0.095
 0.07 0.18 0.165 0.14 0.14 0.075 0.06 0.055 0.005 0.01 0.025 0.075
 0.1 0.185 0.21 0.09 0.065 0.13 0.055 0.05 0.035 0.005 0.02 0.055
 0.09 0.18 0.2 0.115 0.15 0.05 0.065 0.03 0.035 0.025 0.02 0.04
 0.055 0.22 0.225 0.115 0.085 0.09 0.035 0.05 0.02 0.025 0.025 0.055
 0.115 0.17 0.21 0.1 0.07 0.085 0.05 0.055 0.03 0.03 0.01 0.075
 0.09 0.215 0.155 0.145 0.145 0.07 0.015 0.04 0.025 0.02 0.03 0.05
 0.055 0.24 0.24 0.115 0.095 0.065 0.035 0.04 0.02 0.02 0.025 0.05
 0.05 0.16 0.225 0.18 0.13 0.075 0.025 0.035 0.045 0.02 0.015 0.04
 0.12 0.19 0.185 0.18 0.16 0.05 0.055 0.01 0.015 0 0.01 0.025
 0.105 0.155 0.255 0.135 0.105 0.105 0.035 0.02 0.015 0.02 0.01 0.04
 0.13 0.28 0.12 0.145 0.11 0.065 0.065 0.03 0.015 0.01 0.01 0.02
 0.095 0.3 0.25 0.1 0.06 0.065 0.035 0.045 0 0.005 0.01 0.035
 0.115 0.23 0.2 0.205 0.09 0.05 0.01 0.055 0.02 0 0.01 0.015
 0.135 0.2 0.185 0.175 0.12 0.065 0.03 0.025 0.02 0.02 0.01 0.015
 0.105 0.29 0.225 0.15 0.085 0.085 0.015 0.025 0 0.005 0 0.015
 0.135 0.205 0.275 0.135 0.095 0.065 0.055 0.005 0.02 0 0.01 0
 0.155 0.265 0.21 0.14 0.08 0.055 0.04 0.04 0.015 0 0 0
 0.14 0.28 0.19 0.16 0.085 0.035 0.05 0.025 0.01 0.01 0 0.015
 0.12 0.275 0.25 0.16 0.05 0.065 0.025 0.02 0.02 0.01 0 0.005
# olc_ind

# obs_lse_ind
 0.198042 0.198042 0.198042 0.198042 0.198042 0.198042 0.198042 0.198042 0.198042 0.198042 0.198042 0.198042 0.198042 0.198042 0.198042 0.198042 0.198042 0.198042 0.198042 0.198042 0.198042 0.198042 0.198042 0.198042 0.198042 0.198042 0.198042 0.198042 0.198042 0.198042
# xages_fsh
 0 0 0 0 0 0 0 0 0 0 0 0
# xages_fsh
 0 0.0909091 0.181818 0.272727 0.363636 0.454545 0.545455 0.636364 0.727273 0.818182 0.909091 1
# xnodes_fsh

Yrs fsh_sel change:  1 0 0 0 0 0 0 0 0 0 0 0 0 0 0 0 0 0 0 0 0 0 0 0 0 0 0 0 0
Yrs ind_sel change:  1 0 0 0 0 0 0 0 0 0 0 0 0 0 0 0 0 0 0 0 0 0 0 0 0 0 0 0 0
# steepnessprior
0.75
# sigmarprior
0.2
#  SSB estimated in styr endyr: -12 28 
#  Rec estimated in styr endyr: -10 30 
#  SR Curve fit  in styr endyr: 1 30 
#             Model styr endyr: 1 30 
# qprior
 3.48998e-007
# q_power_prior 
 1 
# cv_catchbiomass 
0.05 
# CatchbiomassPen 
200 
# Number of projection years 
5 
# offset_fsh
 13464.7
# offset_ind
 13147.9
Mean Catch
1275.68
R_guess 
13.8155
# nfsh
1
# n_sel_ch_fsh
 1
# nselages_fsh
 11
# phase_selcoff_fsh
 -1
logRzero 13.8155
logmeanrec 13.8155
exp(log_sigmarprior 0.2
Fish sel phase: -1 OM1
Fixing fishery sel to
1
Fixing fishery sel to
1
Srvy sel phase: -1
Fixing survey_index1 indices sel to
1
Fixing index sel to
1
# logsel_slp_in_indv
 0.693147
Leaving parameter init secton
# M
 0.2 0.2 0.2 0.2 0.2 0.2 0.2 0.2 0.2 0.2 0.2 0.2
 0.2 0.2 0.2 0.2 0.2 0.2 0.2 0.2 0.2 0.2 0.2 0.2
 0.2 0.2 0.2 0.2 0.2 0.2 0.2 0.2 0.2 0.2 0.2 0.2
 0.2 0.2 0.2 0.2 0.2 0.2 0.2 0.2 0.2 0.2 0.2 0.2
 0.2 0.2 0.2 0.2 0.2 0.2 0.2 0.2 0.2 0.2 0.2 0.2
 0.2 0.2 0.2 0.2 0.2 0.2 0.2 0.2 0.2 0.2 0.2 0.2
 0.2 0.2 0.2 0.2 0.2 0.2 0.2 0.2 0.2 0.2 0.2 0.2
 0.2 0.2 0.2 0.2 0.2 0.2 0.2 0.2 0.2 0.2 0.2 0.2
 0.2 0.2 0.2 0.2 0.2 0.2 0.2 0.2 0.2 0.2 0.2 0.2
 0.2 0.2 0.2 0.2 0.2 0.2 0.2 0.2 0.2 0.2 0.2 0.2
 0.2 0.2 0.2 0.2 0.2 0.2 0.2 0.2 0.2 0.2 0.2 0.2
 0.2 0.2 0.2 0.2 0.2 0.2 0.2 0.2 0.2 0.2 0.2 0.2
 0.2 0.2 0.2 0.2 0.2 0.2 0.2 0.2 0.2 0.2 0.2 0.2
 0.2 0.2 0.2 0.2 0.2 0.2 0.2 0.2 0.2 0.2 0.2 0.2
 0.2 0.2 0.2 0.2 0.2 0.2 0.2 0.2 0.2 0.2 0.2 0.2
 0.2 0.2 0.2 0.2 0.2 0.2 0.2 0.2 0.2 0.2 0.2 0.2
 0.2 0.2 0.2 0.2 0.2 0.2 0.2 0.2 0.2 0.2 0.2 0.2
 0.2 0.2 0.2 0.2 0.2 0.2 0.2 0.2 0.2 0.2 0.2 0.2
 0.2 0.2 0.2 0.2 0.2 0.2 0.2 0.2 0.2 0.2 0.2 0.2
 0.2 0.2 0.2 0.2 0.2 0.2 0.2 0.2 0.2 0.2 0.2 0.2
 0.2 0.2 0.2 0.2 0.2 0.2 0.2 0.2 0.2 0.2 0.2 0.2
 0.2 0.2 0.2 0.2 0.2 0.2 0.2 0.2 0.2 0.2 0.2 0.2
 0.2 0.2 0.2 0.2 0.2 0.2 0.2 0.2 0.2 0.2 0.2 0.2
 0.2 0.2 0.2 0.2 0.2 0.2 0.2 0.2 0.2 0.2 0.2 0.2
 0.2 0.2 0.2 0.2 0.2 0.2 0.2 0.2 0.2 0.2 0.2 0.2
 0.2 0.2 0.2 0.2 0.2 0.2 0.2 0.2 0.2 0.2 0.2 0.2
 0.2 0.2 0.2 0.2 0.2 0.2 0.2 0.2 0.2 0.2 0.2 0.2
 0.2 0.2 0.2 0.2 0.2 0.2 0.2 0.2 0.2 0.2 0.2 0.2
 0.2 0.2 0.2 0.2 0.2 0.2 0.2 0.2 0.2 0.2 0.2 0.2
 0.2 0.2 0.2 0.2 0.2 0.2 0.2 0.2 0.2 0.2 0.2 0.2
# mean_log_rec
13.794
# log_Rzero
13.7854
# rec_dev
 -0.134545 -0.126056 0.157217 -0.0785789 0.224093 0.00666198 0.0236968 -0.0190285 0.0275147 0.114897 -0.00694895 0.0472822 0.220147 -0.0770329 -0.166374 0.290334 0.206033 0.024276 0.149471 -0.13196 0.132472 -0.045644 -0.179854 -0.0340708 -0.0358639 -0.222129 0.136769 0.0248672 -0.248335 -0.227569 -0.482771 0.022167 -0.0659447 -0.288188 -0.431606 -0.162872 -0.461499 -0.28911 -0.2064 -0.202938 -0.24622
# fmort
 0.00878493 0.0257497 0.0435325 0.0583058 0.0473797 0.0849667 0.0869558 0.18449 0.108394 0.133498 0.151349 0.164038 0.117875 0.173808 0.185152 0.167626 0.326013 0.266402 0.263393 0.262029 0.356718 0.261901 0.436298 0.358501 0.351236 0.323229 0.31151 0.431284 0.323285 0.486474
# rec_dev_future
 0 0 0 0 0
