AMAK;August_2013
# styr
1
# endyr
30
# rec_age
1
# oldest_age
12
# nlength
81
# len_bins
 10 11 12 13 14 15 16 17 18 19 20 21 22 23 24 25 26 27 28 29 30 31 32 33 34 35 36 37 38 39 40 41 42 43 44 45 46 47 48 49 50 51 52 53 54 55 56 57 58 59 60 61 62 63 64 65 66 67 68 69 70 71 72 73 74 75 76 77 78 79 80 81 82 83 84 85 86 87 88 89 90
# datafile_name
amak_data.dat
# model_name
OM_1
# styr
1
# endyr
30
# rec_age
1
# oldest_age
12
# nfsh
1
# fshname
OM1
# catch_bio_in
 162.352 465.71 762.585 997.586 760.619 1325.22 1271.42 2470.95 1332.88 1534.31 1612.76 1619.88 1099.99 1516.56 1511.81 1280.73 2259.39 1611.03 1465.47 1314.88 1629.96 1070.56 1627.56 1206.54 1115.47 966.882 916.668 1201.68 867.906 1278.93
# catch_bio_sd_in
 0.01 0.01 0.01 0.01 0.01 0.01 0.01 0.01 0.01 0.01 0.01 0.01 0.01 0.01 0.01 0.01 0.01 0.01 0.01 0.01 0.01 0.01 0.01 0.01 0.01 0.01 0.01 0.01 0.01 0.01
# nyrs_fsh_age
 30
# nyrs_fsh_length
 0
# yrs_fsh_age_in
 1 2 3 4 5 6 7 8 9 10 11 12 13 14 15 16 17 18 19 20 21 22 23 24 25 26 27 28 29 30
# yrs_fsh_length_in

# n_sample_fsh_length_in

# olc_fsh_in

# nind
1
# indname
survey_index1
# nyrs_ind
 30
# yrs_ind_in
 1 2 3 4 5 6 7 8 9 10 11 12 13 14 15 16 17 18 19 20 21 22 23 24 25 26 27 28 29 30
# mo_ind
 1
# obs_ind_in
 1.42003 1.33655 1.67402 1.67313 1.51085 1.54863 1.27611 1.35673 1.53446 1.14013 1.05067 1.0912 1.25436 1.10679 1.0537 0.962204 1.04128 0.991408 0.822198 0.82694 0.585667 0.611552 0.631504 0.694942 0.59663 0.45607 0.469268 0.499257 0.516854 0.586001
# obs_se_ind_in
 0.284006 0.267311 0.334805 0.334626 0.30217 0.309726 0.255222 0.271347 0.306892 0.228026 0.210134 0.21824 0.250873 0.221359 0.210741 0.192441 0.208255 0.198282 0.16444 0.165388 0.117133 0.12231 0.126301 0.138988 0.119326 0.091214 0.0938536 0.0998514 0.103371 0.1172
# nyrs_ind_age
 30
# nyrs_ind_length
 0
# yrs_ind_age_in
 1 2 3 4 5 6 7 8 9 10 11 12 13 14 15 16 17 18 19 20 21 22 23 24 25 26 27 28 29 30
# yrs_ind_length_in

# yrs_ind_age_in
 1 2 3 4 5 6 7 8 9 10 11 12 13 14 15 16 17 18 19 20 21 22 23 24 25 26 27 28 29 30
# n_sample_ind_length_in

# olc_ind_in

# oac_ind_in
 0.06 0.165 0.135 0.14 0.115 0.08 0.05 0.05 0.03 0.025 0.02 0.13
 0.065 0.13 0.175 0.12 0.07 0.085 0.065 0.1 0.07 0.015 0.005 0.1
 0.075 0.155 0.135 0.115 0.095 0.08 0.065 0.035 0.03 0.03 0.05 0.135
 0.04 0.095 0.15 0.145 0.13 0.1 0.07 0.03 0.065 0.02 0.02 0.135
 0.1 0.135 0.155 0.11 0.09 0.07 0.045 0.045 0.055 0.04 0.02 0.135
 0.13 0.16 0.115 0.085 0.135 0.075 0.095 0.03 0.035 0.015 0.005 0.12
 0.065 0.18 0.17 0.08 0.095 0.095 0.075 0.055 0.03 0.04 0.035 0.08
 0.055 0.16 0.195 0.155 0.095 0.035 0.065 0.045 0.035 0.04 0.02 0.1
 0.075 0.155 0.14 0.14 0.11 0.07 0.05 0.035 0.035 0.045 0.025 0.12
 0.07 0.13 0.255 0.105 0.115 0.12 0.045 0.02 0.04 0.025 0.01 0.065
 0.07 0.225 0.11 0.195 0.07 0.085 0.08 0.05 0.01 0.045 0.01 0.05
 0.045 0.235 0.175 0.135 0.115 0.105 0.06 0.025 0.01 0.01 0.015 0.07
 0.07 0.16 0.2 0.115 0.12 0.11 0.035 0.05 0.045 0.025 0.015 0.055
 0.11 0.18 0.185 0.15 0.09 0.085 0.06 0.03 0.035 0.025 0.01 0.04
 0.065 0.195 0.205 0.125 0.125 0.075 0.05 0.04 0.03 0.035 0.02 0.035
 0.105 0.185 0.195 0.14 0.135 0.05 0.065 0.04 0.015 0.01 0.01 0.05
 0.06 0.22 0.195 0.155 0.07 0.035 0.065 0.055 0.05 0.03 0.005 0.06
 0.075 0.25 0.245 0.1 0.1 0.035 0.045 0.025 0.05 0.035 0.005 0.035
 0.075 0.22 0.22 0.205 0.085 0.045 0.035 0.03 0.025 0.01 0.01 0.04
 0.115 0.17 0.155 0.17 0.155 0.065 0.05 0.035 0.02 0.005 0.03 0.03
 0.145 0.21 0.23 0.11 0.11 0.07 0.03 0.025 0.02 0.005 0.02 0.025
 0.125 0.285 0.21 0.135 0.1 0.06 0.02 0.02 0.02 0.01 0 0.015
 0.1 0.31 0.16 0.12 0.08 0.075 0.06 0.04 0.01 0 0.01 0.035
 0.09 0.225 0.235 0.165 0.1 0.085 0.025 0.025 0.02 0 0.02 0.01
 0.16 0.23 0.185 0.15 0.14 0.035 0.035 0.01 0.02 0.01 0.005 0.02
 0.125 0.285 0.225 0.115 0.085 0.08 0.045 0.01 0.01 0.01 0.01 0
 0.12 0.21 0.265 0.145 0.115 0.075 0.05 0.01 0.005 0 0.005 0
 0.165 0.25 0.195 0.155 0.09 0.045 0.05 0.02 0.01 0 0.01 0.01
 0.17 0.275 0.205 0.13 0.125 0.035 0.035 0.005 0.005 0 0 0.015
 0.12 0.3 0.26 0.145 0.065 0.04 0.02 0.025 0.01 0.015 0 0
# wt_ind
 1 1 1 1 1 1 1 1 1 1 1 1
 1 1 1 1 1 1 1 1 1 1 1 1
 1 1 1 1 1 1 1 1 1 1 1 1
 1 1 1 1 1 1 1 1 1 1 1 1
 1 1 1 1 1 1 1 1 1 1 1 1
 1 1 1 1 1 1 1 1 1 1 1 1
 1 1 1 1 1 1 1 1 1 1 1 1
 1 1 1 1 1 1 1 1 1 1 1 1
 1 1 1 1 1 1 1 1 1 1 1 1
 1 1 1 1 1 1 1 1 1 1 1 1
 1 1 1 1 1 1 1 1 1 1 1 1
 1 1 1 1 1 1 1 1 1 1 1 1
 1 1 1 1 1 1 1 1 1 1 1 1
 1 1 1 1 1 1 1 1 1 1 1 1
 1 1 1 1 1 1 1 1 1 1 1 1
 1 1 1 1 1 1 1 1 1 1 1 1
 1 1 1 1 1 1 1 1 1 1 1 1
 1 1 1 1 1 1 1 1 1 1 1 1
 1 1 1 1 1 1 1 1 1 1 1 1
 1 1 1 1 1 1 1 1 1 1 1 1
 1 1 1 1 1 1 1 1 1 1 1 1
 1 1 1 1 1 1 1 1 1 1 1 1
 1 1 1 1 1 1 1 1 1 1 1 1
 1 1 1 1 1 1 1 1 1 1 1 1
 1 1 1 1 1 1 1 1 1 1 1 1
 1 1 1 1 1 1 1 1 1 1 1 1
 1 1 1 1 1 1 1 1 1 1 1 1
 1 1 1 1 1 1 1 1 1 1 1 1
 1 1 1 1 1 1 1 1 1 1 1 1
 1 1 1 1 1 1 1 1 1 1 1 1
# wt_pop
 0.000530656 0.00119633 0.00205827 0.00303499 0.00405521 0.0050647 0.00602623 0.00691692 0.00772489 0.00844611 0.00908185 0.0096367
# maturity
 0.0229774 0.320821 0.904651 0.99478 0.999739 0.999987 0.999999 1 1 1 1 1
# spawnmo
1
# age_err
 1 0 0 0 0 0 0 0 0 0 0 0
 0 1 0 0 0 0 0 0 0 0 0 0
 0 0 1 0 0 0 0 0 0 0 0 0
 0 0 0 1 0 0 0 0 0 0 0 0
 0 0 0 0 1 0 0 0 0 0 0 0
 0 0 0 0 0 1 0 0 0 0 0 0
 0 0 0 0 0 0 1 0 0 0 0 0
 0 0 0 0 0 0 0 1 0 0 0 0
 0 0 0 0 0 0 0 0 1 0 0 0
 0 0 0 0 0 0 0 0 0 1 0 0
 0 0 0 0 0 0 0 0 0 0 1 0
 0 0 0 0 0 0 0 0 0 0 0 1
# cntrlfile_name
C:\Users\bai.li\Desktop\s1_test\AMAK\s83\amak.dat
# Map shared selectivity: 
# sel_map
 1 2
 1 1
# datafile_name
amak_data.dat
# model_name
OM_1
# SrType
2
# use_age_err
0
# retro
0
# sigmarprior
0.2
# cvsigmarprior
0.25
# phase_sigmar
-3
# styr_rec_est
1
# endyr_rec_est
30
# Linfprior
80
# cvLinfprior
0.25
# kprior
0.18
# cvkprior
0.25
# Loprior
27.688
# cvLoprior
0.25
# sdageprior
0.1
# cvsdageprior
0.25
# natmortprior
0.2
# cvnatmortprior
0.25
# phase_M
-4
# npars_Mage
0
# ages_M_changes

# Mage_in

# phase_Mage
-5
# phase_rw_M
0
# npars_rw_M
0
# yrs_rw_M

# sigma_rw_M

# qprior
 3.48998e-007
# cvqprior
 1
# phase_q
 1
# q_power_prior
 1
# cvq_power_prior
 0.2
# phase_q_power
 -4
# phase_rw_q
 -1
# npars_rw_q
 0
# yrs_rw_q

# sigma_rw_q

# q_age_min
 1
# q_age_max
 12
# q_age_min
 1
# q_age_max
 12
# fsh_sel_opt(k)
2
# phase_sel_fsh(k)
-2
# n_sel_ch_fsh(k)
1
# sel_slp_in_fsh(k)(1,n_sel_ch_fsh(k))
 1
# sel_inf_in_fsh(k)(1,n_sel_ch_fsh(k))
 2
# logsel_slp_in_fsh(k)(1,n_sel_ch_fsh(k))
 0
# yrs_sel_ch_fsh(k)(1,n_sel_ch_fsh(k))
 1

Survey survey_index1
# ind_sel_opt(k)
2
# indname(k)
survey_index1
# nselages_in_ind(k)
11
# phase_sel_ind(k)
-2
# sel_change_in_ind(k)
 1 0 0 0 0 0 0 0 0 0 0 0 0 0 0 0 0 0 0 0 0 0 0 0 0 0 0 0 0 0
# n_sel_ch_ind(k)
1
# yrs_sel_ch_ind(k)(1,n_sel_ch_ind(k))
 1
# sel_slp_in_ind(k,1)
2
# sel_inf_in_ind(k,1)
1.5
# logsel_slp_in_ind(k,1)
0.693147
# logsel_slp_in_indv(k)
0.693147
survey_index1 ind sel opt 2  1 0 0 0 0 0 0 0 0 0 0 0 0 0 0 0 0 0 0 0 0 0 0 0 0 0 0 0 0 0
Phase indices Sel_Coffs:  -1
 Test: 1.23457e+008
# Fshry Selages:  11
# Srvy  Selages:  11
# Phase for age-spec fishery  -1
# Phase for logistic fishery  -2
# Phase for dble logistic fishery  -1
# Phase for age-spec indices   -1
# Phase for logistic indices   -2
# Phase for dble logistic ind  -1
# Curv_pen_fsh: 
 0
# Curv_pen_ind: 
 0
# styr_fut
31
# endyr_fut
35
# nyrs_fsh_age
 30
# nyrs_fsh_age
 30
# yrs_fsh_age
 1 2 3 4 5 6 7 8 9 10 11 12 13 14 15 16 17 18 19 20 21 22 23 24 25 26 27 28 29 30
# n_sample_fsh_age
 200 200 200 200 200 200 200 200 200 200 200 200 200 200 200 200 200 200 200 200 200 200 200 200 200 200 200 200 200 200
# oac_fsh
 0.08 0.09 0.1 0.11 0.14 0.045 0.105 0.065 0.06 0.045 0.03 0.13
 0.11 0.105 0.125 0.12 0.105 0.07 0.05 0.045 0.03 0.04 0.05 0.15
 0.055 0.115 0.15 0.13 0.08 0.135 0.055 0.055 0.05 0.045 0.025 0.105
 0.045 0.085 0.155 0.115 0.11 0.075 0.085 0.085 0.065 0.045 0.02 0.115
 0.11 0.07 0.12 0.145 0.115 0.075 0.085 0.04 0.035 0.03 0.045 0.13
 0.115 0.135 0.105 0.12 0.145 0.08 0.055 0.06 0.035 0.035 0.035 0.08
 0.065 0.18 0.18 0.115 0.07 0.09 0.065 0.02 0.015 0.065 0.025 0.11
 0.105 0.07 0.215 0.17 0.08 0.07 0.04 0.06 0.045 0.02 0.01 0.115
 0.09 0.11 0.12 0.175 0.13 0.075 0.065 0.08 0.04 0.025 0.02 0.07
 0.065 0.115 0.15 0.14 0.145 0.115 0.035 0.045 0.05 0.02 0.04 0.08
 0.065 0.155 0.16 0.145 0.09 0.09 0.075 0.05 0.045 0.015 0.01 0.1
 0.09 0.155 0.155 0.105 0.13 0.065 0.065 0.07 0.04 0.01 0.03 0.085
 0.105 0.105 0.125 0.14 0.13 0.105 0.045 0.09 0.045 0.02 0.005 0.085
 0.1 0.12 0.14 0.13 0.11 0.095 0.075 0.035 0.05 0.03 0.01 0.105
 0.105 0.2 0.15 0.115 0.12 0.1 0.05 0.045 0.02 0.035 0.005 0.055
 0.135 0.135 0.175 0.13 0.105 0.06 0.07 0.04 0.04 0.025 0.025 0.06
 0.12 0.185 0.105 0.145 0.13 0.075 0.045 0.05 0.02 0.02 0.015 0.09
 0.075 0.17 0.175 0.14 0.145 0.11 0.045 0.04 0.025 0.015 0.025 0.035
 0.125 0.155 0.2 0.15 0.1 0.09 0.07 0.015 0.04 0.02 0.005 0.03
 0.12 0.17 0.15 0.17 0.145 0.05 0.07 0.03 0.02 0.025 0.02 0.03
 0.19 0.155 0.2 0.13 0.135 0.055 0.04 0.025 0.01 0.015 0 0.045
 0.145 0.25 0.15 0.185 0.085 0.06 0.05 0.01 0.01 0.005 0.01 0.04
 0.135 0.26 0.185 0.14 0.105 0.045 0.06 0.03 0.01 0.005 0.01 0.015
 0.15 0.215 0.205 0.125 0.09 0.06 0.05 0.045 0.015 0.015 0 0.03
 0.165 0.17 0.2 0.17 0.14 0.055 0.035 0.015 0.03 0.005 0.005 0.01
 0.1 0.24 0.195 0.165 0.175 0.03 0.035 0.025 0.005 0.015 0.005 0.01
 0.215 0.155 0.245 0.105 0.085 0.05 0.07 0.015 0.025 0.005 0.005 0.025
 0.185 0.19 0.165 0.21 0.09 0.04 0.04 0.02 0.01 0.02 0.015 0.015
 0.15 0.215 0.25 0.115 0.07 0.075 0.055 0.035 0.02 0.005 0 0.01
 0.165 0.27 0.24 0.14 0.05 0.07 0.02 0.01 0.015 0.005 0.01 0.005
# olc_fsh

# wt_fsh
 0.000530656 0.00119633 0.00205827 0.00303499 0.00405521 0.0050647 0.00602623 0.00691692 0.00772489 0.00844611 0.00908185 0.0096367
 0.000530656 0.00119633 0.00205827 0.00303499 0.00405521 0.0050647 0.00602623 0.00691692 0.00772489 0.00844611 0.00908185 0.0096367
 0.000530656 0.00119633 0.00205827 0.00303499 0.00405521 0.0050647 0.00602623 0.00691692 0.00772489 0.00844611 0.00908185 0.0096367
 0.000530656 0.00119633 0.00205827 0.00303499 0.00405521 0.0050647 0.00602623 0.00691692 0.00772489 0.00844611 0.00908185 0.0096367
 0.000530656 0.00119633 0.00205827 0.00303499 0.00405521 0.0050647 0.00602623 0.00691692 0.00772489 0.00844611 0.00908185 0.0096367
 0.000530656 0.00119633 0.00205827 0.00303499 0.00405521 0.0050647 0.00602623 0.00691692 0.00772489 0.00844611 0.00908185 0.0096367
 0.000530656 0.00119633 0.00205827 0.00303499 0.00405521 0.0050647 0.00602623 0.00691692 0.00772489 0.00844611 0.00908185 0.0096367
 0.000530656 0.00119633 0.00205827 0.00303499 0.00405521 0.0050647 0.00602623 0.00691692 0.00772489 0.00844611 0.00908185 0.0096367
 0.000530656 0.00119633 0.00205827 0.00303499 0.00405521 0.0050647 0.00602623 0.00691692 0.00772489 0.00844611 0.00908185 0.0096367
 0.000530656 0.00119633 0.00205827 0.00303499 0.00405521 0.0050647 0.00602623 0.00691692 0.00772489 0.00844611 0.00908185 0.0096367
 0.000530656 0.00119633 0.00205827 0.00303499 0.00405521 0.0050647 0.00602623 0.00691692 0.00772489 0.00844611 0.00908185 0.0096367
 0.000530656 0.00119633 0.00205827 0.00303499 0.00405521 0.0050647 0.00602623 0.00691692 0.00772489 0.00844611 0.00908185 0.0096367
 0.000530656 0.00119633 0.00205827 0.00303499 0.00405521 0.0050647 0.00602623 0.00691692 0.00772489 0.00844611 0.00908185 0.0096367
 0.000530656 0.00119633 0.00205827 0.00303499 0.00405521 0.0050647 0.00602623 0.00691692 0.00772489 0.00844611 0.00908185 0.0096367
 0.000530656 0.00119633 0.00205827 0.00303499 0.00405521 0.0050647 0.00602623 0.00691692 0.00772489 0.00844611 0.00908185 0.0096367
 0.000530656 0.00119633 0.00205827 0.00303499 0.00405521 0.0050647 0.00602623 0.00691692 0.00772489 0.00844611 0.00908185 0.0096367
 0.000530656 0.00119633 0.00205827 0.00303499 0.00405521 0.0050647 0.00602623 0.00691692 0.00772489 0.00844611 0.00908185 0.0096367
 0.000530656 0.00119633 0.00205827 0.00303499 0.00405521 0.0050647 0.00602623 0.00691692 0.00772489 0.00844611 0.00908185 0.0096367
 0.000530656 0.00119633 0.00205827 0.00303499 0.00405521 0.0050647 0.00602623 0.00691692 0.00772489 0.00844611 0.00908185 0.0096367
 0.000530656 0.00119633 0.00205827 0.00303499 0.00405521 0.0050647 0.00602623 0.00691692 0.00772489 0.00844611 0.00908185 0.0096367
 0.000530656 0.00119633 0.00205827 0.00303499 0.00405521 0.0050647 0.00602623 0.00691692 0.00772489 0.00844611 0.00908185 0.0096367
 0.000530656 0.00119633 0.00205827 0.00303499 0.00405521 0.0050647 0.00602623 0.00691692 0.00772489 0.00844611 0.00908185 0.0096367
 0.000530656 0.00119633 0.00205827 0.00303499 0.00405521 0.0050647 0.00602623 0.00691692 0.00772489 0.00844611 0.00908185 0.0096367
 0.000530656 0.00119633 0.00205827 0.00303499 0.00405521 0.0050647 0.00602623 0.00691692 0.00772489 0.00844611 0.00908185 0.0096367
 0.000530656 0.00119633 0.00205827 0.00303499 0.00405521 0.0050647 0.00602623 0.00691692 0.00772489 0.00844611 0.00908185 0.0096367
 0.000530656 0.00119633 0.00205827 0.00303499 0.00405521 0.0050647 0.00602623 0.00691692 0.00772489 0.00844611 0.00908185 0.0096367
 0.000530656 0.00119633 0.00205827 0.00303499 0.00405521 0.0050647 0.00602623 0.00691692 0.00772489 0.00844611 0.00908185 0.0096367
 0.000530656 0.00119633 0.00205827 0.00303499 0.00405521 0.0050647 0.00602623 0.00691692 0.00772489 0.00844611 0.00908185 0.0096367
 0.000530656 0.00119633 0.00205827 0.00303499 0.00405521 0.0050647 0.00602623 0.00691692 0.00772489 0.00844611 0.00908185 0.0096367
 0.000530656 0.00119633 0.00205827 0.00303499 0.00405521 0.0050647 0.00602623 0.00691692 0.00772489 0.00844611 0.00908185 0.0096367
# nyrs_ind_age
 30
# yrs_ind_age
 1 2 3 4 5 6 7 8 9 10 11 12 13 14 15 16 17 18 19 20 21 22 23 24 25 26 27 28 29 30
# n_sample_ind_age
 200 200 200 200 200 200 200 200 200 200 200 200 200 200 200 200 200 200 200 200 200 200 200 200 200 200 200 200 200 200
# oac_ind
 0.06 0.165 0.135 0.14 0.115 0.08 0.05 0.05 0.03 0.025 0.02 0.13
 0.065 0.13 0.175 0.12 0.07 0.085 0.065 0.1 0.07 0.015 0.005 0.1
 0.075 0.155 0.135 0.115 0.095 0.08 0.065 0.035 0.03 0.03 0.05 0.135
 0.04 0.095 0.15 0.145 0.13 0.1 0.07 0.03 0.065 0.02 0.02 0.135
 0.1 0.135 0.155 0.11 0.09 0.07 0.045 0.045 0.055 0.04 0.02 0.135
 0.13 0.16 0.115 0.085 0.135 0.075 0.095 0.03 0.035 0.015 0.005 0.12
 0.065 0.18 0.17 0.08 0.095 0.095 0.075 0.055 0.03 0.04 0.035 0.08
 0.055 0.16 0.195 0.155 0.095 0.035 0.065 0.045 0.035 0.04 0.02 0.1
 0.075 0.155 0.14 0.14 0.11 0.07 0.05 0.035 0.035 0.045 0.025 0.12
 0.07 0.13 0.255 0.105 0.115 0.12 0.045 0.02 0.04 0.025 0.01 0.065
 0.07 0.225 0.11 0.195 0.07 0.085 0.08 0.05 0.01 0.045 0.01 0.05
 0.045 0.235 0.175 0.135 0.115 0.105 0.06 0.025 0.01 0.01 0.015 0.07
 0.07 0.16 0.2 0.115 0.12 0.11 0.035 0.05 0.045 0.025 0.015 0.055
 0.11 0.18 0.185 0.15 0.09 0.085 0.06 0.03 0.035 0.025 0.01 0.04
 0.065 0.195 0.205 0.125 0.125 0.075 0.05 0.04 0.03 0.035 0.02 0.035
 0.105 0.185 0.195 0.14 0.135 0.05 0.065 0.04 0.015 0.01 0.01 0.05
 0.06 0.22 0.195 0.155 0.07 0.035 0.065 0.055 0.05 0.03 0.005 0.06
 0.075 0.25 0.245 0.1 0.1 0.035 0.045 0.025 0.05 0.035 0.005 0.035
 0.075 0.22 0.22 0.205 0.085 0.045 0.035 0.03 0.025 0.01 0.01 0.04
 0.115 0.17 0.155 0.17 0.155 0.065 0.05 0.035 0.02 0.005 0.03 0.03
 0.145 0.21 0.23 0.11 0.11 0.07 0.03 0.025 0.02 0.005 0.02 0.025
 0.125 0.285 0.21 0.135 0.1 0.06 0.02 0.02 0.02 0.01 0 0.015
 0.1 0.31 0.16 0.12 0.08 0.075 0.06 0.04 0.01 0 0.01 0.035
 0.09 0.225 0.235 0.165 0.1 0.085 0.025 0.025 0.02 0 0.02 0.01
 0.16 0.23 0.185 0.15 0.14 0.035 0.035 0.01 0.02 0.01 0.005 0.02
 0.125 0.285 0.225 0.115 0.085 0.08 0.045 0.01 0.01 0.01 0.01 0
 0.12 0.21 0.265 0.145 0.115 0.075 0.05 0.01 0.005 0 0.005 0
 0.165 0.25 0.195 0.155 0.09 0.045 0.05 0.02 0.01 0 0.01 0.01
 0.17 0.275 0.205 0.13 0.125 0.035 0.035 0.005 0.005 0 0 0.015
 0.12 0.3 0.26 0.145 0.065 0.04 0.02 0.025 0.01 0.015 0 0
# olc_ind

# obs_lse_ind
 0.198042 0.198042 0.198042 0.198042 0.198042 0.198042 0.198042 0.198042 0.198042 0.198042 0.198042 0.198042 0.198042 0.198042 0.198042 0.198042 0.198042 0.198042 0.198042 0.198042 0.198042 0.198042 0.198042 0.198042 0.198042 0.198042 0.198042 0.198042 0.198042 0.198042
# xages_fsh
 0 0 0 0 0 0 0 0 0 0 0 0
# xages_fsh
 0 0.0909091 0.181818 0.272727 0.363636 0.454545 0.545455 0.636364 0.727273 0.818182 0.909091 1
# xnodes_fsh

Yrs fsh_sel change:  1 0 0 0 0 0 0 0 0 0 0 0 0 0 0 0 0 0 0 0 0 0 0 0 0 0 0 0 0
Yrs ind_sel change:  1 0 0 0 0 0 0 0 0 0 0 0 0 0 0 0 0 0 0 0 0 0 0 0 0 0 0 0 0
# steepnessprior
0.75
# sigmarprior
0.2
#  SSB estimated in styr endyr: -12 28 
#  Rec estimated in styr endyr: -10 30 
#  SR Curve fit  in styr endyr: 1 30 
#             Model styr endyr: 1 30 
# qprior
 3.48998e-007
# q_power_prior 
 1 
# cv_catchbiomass 
0.05 
# CatchbiomassPen 
200 
# Number of projection years 
5 
# offset_fsh
 13440.9
# offset_ind
 13044.9
Mean Catch
1275.28
R_guess 
13.8155
# nfsh
1
# n_sel_ch_fsh
 1
# nselages_fsh
 11
# phase_selcoff_fsh
 -1
logRzero 13.8155
logmeanrec 13.8155
exp(log_sigmarprior 0.2
Fish sel phase: -1 OM1
Fixing fishery sel to
1
Fixing fishery sel to
1
Srvy sel phase: -1
Fixing survey_index1 indices sel to
1
Fixing index sel to
1
# logsel_slp_in_indv
 0.693147
Leaving parameter init secton
# M
 0.2 0.2 0.2 0.2 0.2 0.2 0.2 0.2 0.2 0.2 0.2 0.2
 0.2 0.2 0.2 0.2 0.2 0.2 0.2 0.2 0.2 0.2 0.2 0.2
 0.2 0.2 0.2 0.2 0.2 0.2 0.2 0.2 0.2 0.2 0.2 0.2
 0.2 0.2 0.2 0.2 0.2 0.2 0.2 0.2 0.2 0.2 0.2 0.2
 0.2 0.2 0.2 0.2 0.2 0.2 0.2 0.2 0.2 0.2 0.2 0.2
 0.2 0.2 0.2 0.2 0.2 0.2 0.2 0.2 0.2 0.2 0.2 0.2
 0.2 0.2 0.2 0.2 0.2 0.2 0.2 0.2 0.2 0.2 0.2 0.2
 0.2 0.2 0.2 0.2 0.2 0.2 0.2 0.2 0.2 0.2 0.2 0.2
 0.2 0.2 0.2 0.2 0.2 0.2 0.2 0.2 0.2 0.2 0.2 0.2
 0.2 0.2 0.2 0.2 0.2 0.2 0.2 0.2 0.2 0.2 0.2 0.2
 0.2 0.2 0.2 0.2 0.2 0.2 0.2 0.2 0.2 0.2 0.2 0.2
 0.2 0.2 0.2 0.2 0.2 0.2 0.2 0.2 0.2 0.2 0.2 0.2
 0.2 0.2 0.2 0.2 0.2 0.2 0.2 0.2 0.2 0.2 0.2 0.2
 0.2 0.2 0.2 0.2 0.2 0.2 0.2 0.2 0.2 0.2 0.2 0.2
 0.2 0.2 0.2 0.2 0.2 0.2 0.2 0.2 0.2 0.2 0.2 0.2
 0.2 0.2 0.2 0.2 0.2 0.2 0.2 0.2 0.2 0.2 0.2 0.2
 0.2 0.2 0.2 0.2 0.2 0.2 0.2 0.2 0.2 0.2 0.2 0.2
 0.2 0.2 0.2 0.2 0.2 0.2 0.2 0.2 0.2 0.2 0.2 0.2
 0.2 0.2 0.2 0.2 0.2 0.2 0.2 0.2 0.2 0.2 0.2 0.2
 0.2 0.2 0.2 0.2 0.2 0.2 0.2 0.2 0.2 0.2 0.2 0.2
 0.2 0.2 0.2 0.2 0.2 0.2 0.2 0.2 0.2 0.2 0.2 0.2
 0.2 0.2 0.2 0.2 0.2 0.2 0.2 0.2 0.2 0.2 0.2 0.2
 0.2 0.2 0.2 0.2 0.2 0.2 0.2 0.2 0.2 0.2 0.2 0.2
 0.2 0.2 0.2 0.2 0.2 0.2 0.2 0.2 0.2 0.2 0.2 0.2
 0.2 0.2 0.2 0.2 0.2 0.2 0.2 0.2 0.2 0.2 0.2 0.2
 0.2 0.2 0.2 0.2 0.2 0.2 0.2 0.2 0.2 0.2 0.2 0.2
 0.2 0.2 0.2 0.2 0.2 0.2 0.2 0.2 0.2 0.2 0.2 0.2
 0.2 0.2 0.2 0.2 0.2 0.2 0.2 0.2 0.2 0.2 0.2 0.2
 0.2 0.2 0.2 0.2 0.2 0.2 0.2 0.2 0.2 0.2 0.2 0.2
 0.2 0.2 0.2 0.2 0.2 0.2 0.2 0.2 0.2 0.2 0.2 0.2
# mean_log_rec
13.7276
# log_Rzero
13.7969
# rec_dev
 -0.0980774 -0.112241 -0.0654461 -0.0202643 -0.00537359 0.0744549 -0.0561307 0.0662946 0.0814354 -0.0126188 0.131816 0.105359 0.243394 -0.0641633 -0.0720446 0.353842 0.413693 -0.0199032 0.243485 0.0364024 0.122908 0.0520849 -0.106323 -0.0247962 0.0805729 -0.152178 0.135496 0.077589 -0.232143 -0.119754 -0.212181 -0.000285357 -0.0160193 -0.232464 -0.334315 -0.132236 -0.482 -0.236865 -0.14027 -0.124106 -0.277883
# fmort
 0.00953963 0.0276237 0.0462898 0.0629155 0.0498272 0.0905158 0.0911571 0.192254 0.113251 0.137643 0.154801 0.167799 0.120633 0.175536 0.189197 0.170746 0.33661 0.276778 0.277442 0.271544 0.376725 0.27011 0.446713 0.372139 0.369576 0.337328 0.328333 0.458893 0.347292 0.536718
# rec_dev_future
 0 0 0 0 0
