AMAK;August_2013
# styr
1
# endyr
30
# rec_age
1
# oldest_age
12
# nlength
81
# len_bins
 10 11 12 13 14 15 16 17 18 19 20 21 22 23 24 25 26 27 28 29 30 31 32 33 34 35 36 37 38 39 40 41 42 43 44 45 46 47 48 49 50 51 52 53 54 55 56 57 58 59 60 61 62 63 64 65 66 67 68 69 70 71 72 73 74 75 76 77 78 79 80 81 82 83 84 85 86 87 88 89 90
# datafile_name
amak_data.dat
# model_name
OM_1
# styr
1
# endyr
30
# rec_age
1
# oldest_age
12
# nfsh
1
# fshname
OM1
# catch_bio_in
 160.896 466.389 763.331 996.344 768.895 1320.92 1273.35 2478.02 1326.38 1526.64 1622.23 1613.36 1113.35 1545.09 1500.08 1261.71 2253.81 1600.75 1464.03 1318.62 1640.72 1090.47 1633.65 1204.06 1106.94 956.232 923.725 1201.1 880.428 1284.44
# catch_bio_sd_in
 0.01 0.01 0.01 0.01 0.01 0.01 0.01 0.01 0.01 0.01 0.01 0.01 0.01 0.01 0.01 0.01 0.01 0.01 0.01 0.01 0.01 0.01 0.01 0.01 0.01 0.01 0.01 0.01 0.01 0.01
# nyrs_fsh_age
 30
# nyrs_fsh_length
 0
# yrs_fsh_age_in
 1 2 3 4 5 6 7 8 9 10 11 12 13 14 15 16 17 18 19 20 21 22 23 24 25 26 27 28 29 30
# yrs_fsh_length_in

# n_sample_fsh_length_in

# olc_fsh_in

# nind
1
# indname
survey_index1
# nyrs_ind
 30
# yrs_ind_in
 1 2 3 4 5 6 7 8 9 10 11 12 13 14 15 16 17 18 19 20 21 22 23 24 25 26 27 28 29 30
# mo_ind
 1
# obs_ind_in
 1.45369 1.72313 1.4846 1.45653 1.40905 1.47417 1.58983 1.25465 1.3995 1.11606 1.09207 1.22161 1.07819 0.875551 0.838161 0.991608 0.904595 0.873268 0.83607 0.673218 0.776604 0.767536 0.72279 0.650545 0.495235 0.601771 0.539484 0.540901 0.544231 0.57282
# obs_se_ind_in
 0.290737 0.344625 0.29692 0.291307 0.28181 0.294834 0.317966 0.250929 0.279901 0.223212 0.218415 0.244322 0.215638 0.17511 0.167632 0.198322 0.180919 0.174654 0.167214 0.134644 0.155321 0.153507 0.144558 0.130109 0.0990471 0.120354 0.107897 0.10818 0.108846 0.114564
# nyrs_ind_age
 30
# nyrs_ind_length
 0
# yrs_ind_age_in
 1 2 3 4 5 6 7 8 9 10 11 12 13 14 15 16 17 18 19 20 21 22 23 24 25 26 27 28 29 30
# yrs_ind_length_in

# yrs_ind_age_in
 1 2 3 4 5 6 7 8 9 10 11 12 13 14 15 16 17 18 19 20 21 22 23 24 25 26 27 28 29 30
# n_sample_ind_length_in

# olc_ind_in

# oac_ind_in
 0.095 0.16 0.13 0.06 0.085 0.115 0.04 0.06 0.04 0.055 0.035 0.125
 0.09 0.125 0.115 0.135 0.075 0.115 0.075 0.04 0.04 0.035 0.035 0.12
 0.11 0.195 0.13 0.085 0.06 0.05 0.075 0.09 0.055 0.025 0.01 0.115
 0.045 0.115 0.19 0.115 0.135 0.07 0.085 0.03 0.015 0.03 0.04 0.13
 0.09 0.11 0.115 0.15 0.13 0.055 0.075 0.04 0.04 0.04 0.025 0.13
 0.09 0.175 0.125 0.14 0.11 0.08 0.04 0.035 0.045 0.03 0.025 0.105
 0.04 0.145 0.28 0.12 0.055 0.085 0.055 0.04 0.035 0.02 0.01 0.115
 0.06 0.125 0.185 0.195 0.07 0.065 0.04 0.035 0.035 0.055 0.02 0.115
 0.05 0.215 0.16 0.135 0.13 0.055 0.04 0.05 0.035 0.02 0.01 0.1
 0.085 0.18 0.215 0.13 0.09 0.085 0.03 0.015 0.05 0.02 0.015 0.085
 0.08 0.175 0.13 0.18 0.08 0.065 0.085 0.035 0.02 0.035 0.015 0.1
 0.09 0.185 0.17 0.095 0.11 0.055 0.08 0.07 0.01 0.035 0.02 0.08
 0.09 0.135 0.215 0.145 0.095 0.09 0.045 0.065 0.05 0.005 0.005 0.06
 0.1 0.2 0.16 0.105 0.125 0.095 0.045 0.055 0.035 0.03 0.005 0.045
 0.065 0.145 0.2 0.14 0.125 0.06 0.08 0.025 0.035 0.04 0.025 0.06
 0.14 0.16 0.195 0.14 0.13 0.045 0.055 0.025 0.025 0.015 0.015 0.055
 0.095 0.19 0.215 0.15 0.105 0.085 0.03 0.025 0.03 0.035 0.005 0.035
 0.105 0.17 0.21 0.085 0.135 0.075 0.045 0.015 0.06 0.03 0.015 0.055
 0.07 0.145 0.22 0.185 0.08 0.095 0.05 0.035 0.025 0.03 0.01 0.055
 0.065 0.28 0.185 0.155 0.095 0.07 0.04 0.03 0.015 0.025 0.015 0.025
 0.07 0.225 0.18 0.145 0.145 0.115 0.045 0.025 0.01 0.01 0.015 0.015
 0.14 0.32 0.145 0.105 0.08 0.1 0.05 0.02 0.005 0.015 0.005 0.015
 0.095 0.305 0.275 0.14 0.055 0.03 0.03 0.025 0.01 0.01 0.01 0.015
 0.13 0.265 0.26 0.13 0.055 0.035 0.035 0.025 0.02 0.015 0.01 0.02
 0.13 0.215 0.18 0.23 0.11 0.035 0.05 0.01 0.025 0 0.005 0.01
 0.085 0.295 0.2 0.125 0.145 0.07 0.02 0.025 0.01 0.005 0.005 0.015
 0.095 0.24 0.255 0.17 0.07 0.065 0.02 0.02 0.015 0.01 0.02 0.02
 0.115 0.25 0.22 0.155 0.09 0.07 0.035 0.025 0.015 0.015 0 0.01
 0.125 0.29 0.23 0.12 0.125 0.05 0.02 0.015 0.01 0 0.01 0.005
 0.14 0.3 0.245 0.155 0.085 0.04 0.01 0.015 0.005 0.005 0 0
# wt_ind
 1 1 1 1 1 1 1 1 1 1 1 1
 1 1 1 1 1 1 1 1 1 1 1 1
 1 1 1 1 1 1 1 1 1 1 1 1
 1 1 1 1 1 1 1 1 1 1 1 1
 1 1 1 1 1 1 1 1 1 1 1 1
 1 1 1 1 1 1 1 1 1 1 1 1
 1 1 1 1 1 1 1 1 1 1 1 1
 1 1 1 1 1 1 1 1 1 1 1 1
 1 1 1 1 1 1 1 1 1 1 1 1
 1 1 1 1 1 1 1 1 1 1 1 1
 1 1 1 1 1 1 1 1 1 1 1 1
 1 1 1 1 1 1 1 1 1 1 1 1
 1 1 1 1 1 1 1 1 1 1 1 1
 1 1 1 1 1 1 1 1 1 1 1 1
 1 1 1 1 1 1 1 1 1 1 1 1
 1 1 1 1 1 1 1 1 1 1 1 1
 1 1 1 1 1 1 1 1 1 1 1 1
 1 1 1 1 1 1 1 1 1 1 1 1
 1 1 1 1 1 1 1 1 1 1 1 1
 1 1 1 1 1 1 1 1 1 1 1 1
 1 1 1 1 1 1 1 1 1 1 1 1
 1 1 1 1 1 1 1 1 1 1 1 1
 1 1 1 1 1 1 1 1 1 1 1 1
 1 1 1 1 1 1 1 1 1 1 1 1
 1 1 1 1 1 1 1 1 1 1 1 1
 1 1 1 1 1 1 1 1 1 1 1 1
 1 1 1 1 1 1 1 1 1 1 1 1
 1 1 1 1 1 1 1 1 1 1 1 1
 1 1 1 1 1 1 1 1 1 1 1 1
 1 1 1 1 1 1 1 1 1 1 1 1
# wt_pop
 0.000530656 0.00119633 0.00205827 0.00303499 0.00405521 0.0050647 0.00602623 0.00691692 0.00772489 0.00844611 0.00908185 0.0096367
# maturity
 0.0229774 0.320821 0.904651 0.99478 0.999739 0.999987 0.999999 1 1 1 1 1
# spawnmo
1
# age_err
 1 0 0 0 0 0 0 0 0 0 0 0
 0 1 0 0 0 0 0 0 0 0 0 0
 0 0 1 0 0 0 0 0 0 0 0 0
 0 0 0 1 0 0 0 0 0 0 0 0
 0 0 0 0 1 0 0 0 0 0 0 0
 0 0 0 0 0 1 0 0 0 0 0 0
 0 0 0 0 0 0 1 0 0 0 0 0
 0 0 0 0 0 0 0 1 0 0 0 0
 0 0 0 0 0 0 0 0 1 0 0 0
 0 0 0 0 0 0 0 0 0 1 0 0
 0 0 0 0 0 0 0 0 0 0 1 0
 0 0 0 0 0 0 0 0 0 0 0 1
# cntrlfile_name
C:\Users\bai.li\Desktop\s1_test\AMAK\s74\amak.dat
# Map shared selectivity: 
# sel_map
 1 2
 1 1
# datafile_name
amak_data.dat
# model_name
OM_1
# SrType
2
# use_age_err
0
# retro
0
# sigmarprior
0.2
# cvsigmarprior
0.25
# phase_sigmar
-3
# styr_rec_est
1
# endyr_rec_est
30
# Linfprior
80
# cvLinfprior
0.25
# kprior
0.18
# cvkprior
0.25
# Loprior
27.688
# cvLoprior
0.25
# sdageprior
0.1
# cvsdageprior
0.25
# natmortprior
0.2
# cvnatmortprior
0.25
# phase_M
-4
# npars_Mage
0
# ages_M_changes

# Mage_in

# phase_Mage
-5
# phase_rw_M
0
# npars_rw_M
0
# yrs_rw_M

# sigma_rw_M

# qprior
 3.48998e-007
# cvqprior
 1
# phase_q
 1
# q_power_prior
 1
# cvq_power_prior
 0.2
# phase_q_power
 -4
# phase_rw_q
 -1
# npars_rw_q
 0
# yrs_rw_q

# sigma_rw_q

# q_age_min
 1
# q_age_max
 12
# q_age_min
 1
# q_age_max
 12
# fsh_sel_opt(k)
2
# phase_sel_fsh(k)
-2
# n_sel_ch_fsh(k)
1
# sel_slp_in_fsh(k)(1,n_sel_ch_fsh(k))
 1
# sel_inf_in_fsh(k)(1,n_sel_ch_fsh(k))
 2
# logsel_slp_in_fsh(k)(1,n_sel_ch_fsh(k))
 0
# yrs_sel_ch_fsh(k)(1,n_sel_ch_fsh(k))
 1

Survey survey_index1
# ind_sel_opt(k)
2
# indname(k)
survey_index1
# nselages_in_ind(k)
11
# phase_sel_ind(k)
-2
# sel_change_in_ind(k)
 1 0 0 0 0 0 0 0 0 0 0 0 0 0 0 0 0 0 0 0 0 0 0 0 0 0 0 0 0 0
# n_sel_ch_ind(k)
1
# yrs_sel_ch_ind(k)(1,n_sel_ch_ind(k))
 1
# sel_slp_in_ind(k,1)
2
# sel_inf_in_ind(k,1)
1.5
# logsel_slp_in_ind(k,1)
0.693147
# logsel_slp_in_indv(k)
0.693147
survey_index1 ind sel opt 2  1 0 0 0 0 0 0 0 0 0 0 0 0 0 0 0 0 0 0 0 0 0 0 0 0 0 0 0 0 0
Phase indices Sel_Coffs:  -1
 Test: 1.23457e+008
# Fshry Selages:  11
# Srvy  Selages:  11
# Phase for age-spec fishery  -1
# Phase for logistic fishery  -2
# Phase for dble logistic fishery  -1
# Phase for age-spec indices   -1
# Phase for logistic indices   -2
# Phase for dble logistic ind  -1
# Curv_pen_fsh: 
 0
# Curv_pen_ind: 
 0
# styr_fut
31
# endyr_fut
35
# nyrs_fsh_age
 30
# nyrs_fsh_age
 30
# yrs_fsh_age
 1 2 3 4 5 6 7 8 9 10 11 12 13 14 15 16 17 18 19 20 21 22 23 24 25 26 27 28 29 30
# n_sample_fsh_age
 200 200 200 200 200 200 200 200 200 200 200 200 200 200 200 200 200 200 200 200 200 200 200 200 200 200 200 200 200 200
# oac_fsh
 0.1 0.135 0.135 0.1 0.1 0.065 0.045 0.05 0.05 0.025 0.025 0.17
 0.06 0.15 0.14 0.135 0.085 0.11 0.055 0.055 0.04 0.025 0.03 0.115
 0.025 0.135 0.1 0.105 0.105 0.095 0.07 0.065 0.07 0.08 0.04 0.11
 0.06 0.07 0.14 0.09 0.095 0.13 0.08 0.04 0.06 0.05 0.055 0.13
 0.1 0.08 0.12 0.125 0.09 0.085 0.08 0.065 0.065 0.02 0.045 0.125
 0.08 0.135 0.09 0.135 0.14 0.11 0.04 0.065 0.045 0.035 0.02 0.105
 0.08 0.105 0.165 0.11 0.08 0.095 0.065 0.05 0.055 0.015 0.04 0.14
 0.075 0.115 0.195 0.17 0.07 0.09 0.065 0.035 0.035 0.035 0.035 0.08
 0.06 0.175 0.185 0.145 0.1 0.025 0.045 0.085 0.045 0.005 0.05 0.08
 0.085 0.125 0.175 0.1 0.08 0.15 0.04 0.05 0.045 0.03 0.005 0.115
 0.12 0.15 0.15 0.16 0.11 0.085 0.035 0.03 0.015 0.045 0.015 0.085
 0.095 0.15 0.185 0.115 0.095 0.11 0.045 0.07 0.015 0.01 0.01 0.1
 0.105 0.095 0.13 0.165 0.115 0.11 0.075 0.06 0.035 0.01 0.02 0.08
 0.12 0.13 0.135 0.14 0.105 0.11 0.09 0.015 0.035 0.025 0.015 0.08
 0.08 0.175 0.14 0.165 0.15 0.065 0.065 0.045 0.01 0.025 0.02 0.06
 0.115 0.165 0.165 0.14 0.085 0.075 0.09 0.035 0.035 0.01 0.03 0.055
 0.115 0.17 0.16 0.19 0.105 0.05 0.055 0.035 0.035 0.01 0.015 0.06
 0.08 0.185 0.18 0.145 0.14 0.065 0.055 0.045 0.025 0 0.015 0.065
 0.115 0.11 0.22 0.18 0.13 0.09 0.06 0.02 0.02 0.025 0.005 0.025
 0.115 0.135 0.15 0.15 0.18 0.09 0.05 0.045 0.015 0.015 0.005 0.05
 0.195 0.1 0.23 0.09 0.155 0.075 0.025 0.05 0.025 0.015 0.02 0.02
 0.18 0.26 0.185 0.12 0.075 0.05 0.05 0.01 0.005 0.02 0.015 0.03
 0.115 0.285 0.165 0.135 0.075 0.045 0.08 0.03 0.025 0.015 0.015 0.015
 0.145 0.2 0.25 0.145 0.095 0.05 0.03 0.055 0.01 0 0.01 0.01
 0.195 0.115 0.18 0.185 0.11 0.09 0.05 0.02 0.015 0.01 0.005 0.025
 0.145 0.265 0.175 0.165 0.085 0.06 0.05 0.01 0 0.02 0.02 0.005
 0.165 0.185 0.255 0.135 0.09 0.06 0.055 0.02 0.01 0.005 0 0.02
 0.22 0.19 0.125 0.17 0.095 0.08 0.065 0.03 0.01 0 0.015 0
 0.175 0.265 0.175 0.11 0.155 0.05 0.03 0.005 0.02 0 0.005 0.01
 0.155 0.23 0.205 0.115 0.1 0.115 0.02 0.02 0 0.025 0.015 0
# olc_fsh

# wt_fsh
 0.000530656 0.00119633 0.00205827 0.00303499 0.00405521 0.0050647 0.00602623 0.00691692 0.00772489 0.00844611 0.00908185 0.0096367
 0.000530656 0.00119633 0.00205827 0.00303499 0.00405521 0.0050647 0.00602623 0.00691692 0.00772489 0.00844611 0.00908185 0.0096367
 0.000530656 0.00119633 0.00205827 0.00303499 0.00405521 0.0050647 0.00602623 0.00691692 0.00772489 0.00844611 0.00908185 0.0096367
 0.000530656 0.00119633 0.00205827 0.00303499 0.00405521 0.0050647 0.00602623 0.00691692 0.00772489 0.00844611 0.00908185 0.0096367
 0.000530656 0.00119633 0.00205827 0.00303499 0.00405521 0.0050647 0.00602623 0.00691692 0.00772489 0.00844611 0.00908185 0.0096367
 0.000530656 0.00119633 0.00205827 0.00303499 0.00405521 0.0050647 0.00602623 0.00691692 0.00772489 0.00844611 0.00908185 0.0096367
 0.000530656 0.00119633 0.00205827 0.00303499 0.00405521 0.0050647 0.00602623 0.00691692 0.00772489 0.00844611 0.00908185 0.0096367
 0.000530656 0.00119633 0.00205827 0.00303499 0.00405521 0.0050647 0.00602623 0.00691692 0.00772489 0.00844611 0.00908185 0.0096367
 0.000530656 0.00119633 0.00205827 0.00303499 0.00405521 0.0050647 0.00602623 0.00691692 0.00772489 0.00844611 0.00908185 0.0096367
 0.000530656 0.00119633 0.00205827 0.00303499 0.00405521 0.0050647 0.00602623 0.00691692 0.00772489 0.00844611 0.00908185 0.0096367
 0.000530656 0.00119633 0.00205827 0.00303499 0.00405521 0.0050647 0.00602623 0.00691692 0.00772489 0.00844611 0.00908185 0.0096367
 0.000530656 0.00119633 0.00205827 0.00303499 0.00405521 0.0050647 0.00602623 0.00691692 0.00772489 0.00844611 0.00908185 0.0096367
 0.000530656 0.00119633 0.00205827 0.00303499 0.00405521 0.0050647 0.00602623 0.00691692 0.00772489 0.00844611 0.00908185 0.0096367
 0.000530656 0.00119633 0.00205827 0.00303499 0.00405521 0.0050647 0.00602623 0.00691692 0.00772489 0.00844611 0.00908185 0.0096367
 0.000530656 0.00119633 0.00205827 0.00303499 0.00405521 0.0050647 0.00602623 0.00691692 0.00772489 0.00844611 0.00908185 0.0096367
 0.000530656 0.00119633 0.00205827 0.00303499 0.00405521 0.0050647 0.00602623 0.00691692 0.00772489 0.00844611 0.00908185 0.0096367
 0.000530656 0.00119633 0.00205827 0.00303499 0.00405521 0.0050647 0.00602623 0.00691692 0.00772489 0.00844611 0.00908185 0.0096367
 0.000530656 0.00119633 0.00205827 0.00303499 0.00405521 0.0050647 0.00602623 0.00691692 0.00772489 0.00844611 0.00908185 0.0096367
 0.000530656 0.00119633 0.00205827 0.00303499 0.00405521 0.0050647 0.00602623 0.00691692 0.00772489 0.00844611 0.00908185 0.0096367
 0.000530656 0.00119633 0.00205827 0.00303499 0.00405521 0.0050647 0.00602623 0.00691692 0.00772489 0.00844611 0.00908185 0.0096367
 0.000530656 0.00119633 0.00205827 0.00303499 0.00405521 0.0050647 0.00602623 0.00691692 0.00772489 0.00844611 0.00908185 0.0096367
 0.000530656 0.00119633 0.00205827 0.00303499 0.00405521 0.0050647 0.00602623 0.00691692 0.00772489 0.00844611 0.00908185 0.0096367
 0.000530656 0.00119633 0.00205827 0.00303499 0.00405521 0.0050647 0.00602623 0.00691692 0.00772489 0.00844611 0.00908185 0.0096367
 0.000530656 0.00119633 0.00205827 0.00303499 0.00405521 0.0050647 0.00602623 0.00691692 0.00772489 0.00844611 0.00908185 0.0096367
 0.000530656 0.00119633 0.00205827 0.00303499 0.00405521 0.0050647 0.00602623 0.00691692 0.00772489 0.00844611 0.00908185 0.0096367
 0.000530656 0.00119633 0.00205827 0.00303499 0.00405521 0.0050647 0.00602623 0.00691692 0.00772489 0.00844611 0.00908185 0.0096367
 0.000530656 0.00119633 0.00205827 0.00303499 0.00405521 0.0050647 0.00602623 0.00691692 0.00772489 0.00844611 0.00908185 0.0096367
 0.000530656 0.00119633 0.00205827 0.00303499 0.00405521 0.0050647 0.00602623 0.00691692 0.00772489 0.00844611 0.00908185 0.0096367
 0.000530656 0.00119633 0.00205827 0.00303499 0.00405521 0.0050647 0.00602623 0.00691692 0.00772489 0.00844611 0.00908185 0.0096367
 0.000530656 0.00119633 0.00205827 0.00303499 0.00405521 0.0050647 0.00602623 0.00691692 0.00772489 0.00844611 0.00908185 0.0096367
# nyrs_ind_age
 30
# yrs_ind_age
 1 2 3 4 5 6 7 8 9 10 11 12 13 14 15 16 17 18 19 20 21 22 23 24 25 26 27 28 29 30
# n_sample_ind_age
 200 200 200 200 200 200 200 200 200 200 200 200 200 200 200 200 200 200 200 200 200 200 200 200 200 200 200 200 200 200
# oac_ind
 0.095 0.16 0.13 0.06 0.085 0.115 0.04 0.06 0.04 0.055 0.035 0.125
 0.09 0.125 0.115 0.135 0.075 0.115 0.075 0.04 0.04 0.035 0.035 0.12
 0.11 0.195 0.13 0.085 0.06 0.05 0.075 0.09 0.055 0.025 0.01 0.115
 0.045 0.115 0.19 0.115 0.135 0.07 0.085 0.03 0.015 0.03 0.04 0.13
 0.09 0.11 0.115 0.15 0.13 0.055 0.075 0.04 0.04 0.04 0.025 0.13
 0.09 0.175 0.125 0.14 0.11 0.08 0.04 0.035 0.045 0.03 0.025 0.105
 0.04 0.145 0.28 0.12 0.055 0.085 0.055 0.04 0.035 0.02 0.01 0.115
 0.06 0.125 0.185 0.195 0.07 0.065 0.04 0.035 0.035 0.055 0.02 0.115
 0.05 0.215 0.16 0.135 0.13 0.055 0.04 0.05 0.035 0.02 0.01 0.1
 0.085 0.18 0.215 0.13 0.09 0.085 0.03 0.015 0.05 0.02 0.015 0.085
 0.08 0.175 0.13 0.18 0.08 0.065 0.085 0.035 0.02 0.035 0.015 0.1
 0.09 0.185 0.17 0.095 0.11 0.055 0.08 0.07 0.01 0.035 0.02 0.08
 0.09 0.135 0.215 0.145 0.095 0.09 0.045 0.065 0.05 0.005 0.005 0.06
 0.1 0.2 0.16 0.105 0.125 0.095 0.045 0.055 0.035 0.03 0.005 0.045
 0.065 0.145 0.2 0.14 0.125 0.06 0.08 0.025 0.035 0.04 0.025 0.06
 0.14 0.16 0.195 0.14 0.13 0.045 0.055 0.025 0.025 0.015 0.015 0.055
 0.095 0.19 0.215 0.15 0.105 0.085 0.03 0.025 0.03 0.035 0.005 0.035
 0.105 0.17 0.21 0.085 0.135 0.075 0.045 0.015 0.06 0.03 0.015 0.055
 0.07 0.145 0.22 0.185 0.08 0.095 0.05 0.035 0.025 0.03 0.01 0.055
 0.065 0.28 0.185 0.155 0.095 0.07 0.04 0.03 0.015 0.025 0.015 0.025
 0.07 0.225 0.18 0.145 0.145 0.115 0.045 0.025 0.01 0.01 0.015 0.015
 0.14 0.32 0.145 0.105 0.08 0.1 0.05 0.02 0.005 0.015 0.005 0.015
 0.095 0.305 0.275 0.14 0.055 0.03 0.03 0.025 0.01 0.01 0.01 0.015
 0.13 0.265 0.26 0.13 0.055 0.035 0.035 0.025 0.02 0.015 0.01 0.02
 0.13 0.215 0.18 0.23 0.11 0.035 0.05 0.01 0.025 0 0.005 0.01
 0.085 0.295 0.2 0.125 0.145 0.07 0.02 0.025 0.01 0.005 0.005 0.015
 0.095 0.24 0.255 0.17 0.07 0.065 0.02 0.02 0.015 0.01 0.02 0.02
 0.115 0.25 0.22 0.155 0.09 0.07 0.035 0.025 0.015 0.015 0 0.01
 0.125 0.29 0.23 0.12 0.125 0.05 0.02 0.015 0.01 0 0.01 0.005
 0.14 0.3 0.245 0.155 0.085 0.04 0.01 0.015 0.005 0.005 0 0
# olc_ind

# obs_lse_ind
 0.198042 0.198042 0.198042 0.198042 0.198042 0.198042 0.198042 0.198042 0.198042 0.198042 0.198042 0.198042 0.198042 0.198042 0.198042 0.198042 0.198042 0.198042 0.198042 0.198042 0.198042 0.198042 0.198042 0.198042 0.198042 0.198042 0.198042 0.198042 0.198042 0.198042
# xages_fsh
 0 0 0 0 0 0 0 0 0 0 0 0
# xages_fsh
 0 0.0909091 0.181818 0.272727 0.363636 0.454545 0.545455 0.636364 0.727273 0.818182 0.909091 1
# xnodes_fsh

Yrs fsh_sel change:  1 0 0 0 0 0 0 0 0 0 0 0 0 0 0 0 0 0 0 0 0 0 0 0 0 0 0 0 0
Yrs ind_sel change:  1 0 0 0 0 0 0 0 0 0 0 0 0 0 0 0 0 0 0 0 0 0 0 0 0 0 0 0 0
# steepnessprior
0.75
# sigmarprior
0.2
#  SSB estimated in styr endyr: -12 28 
#  Rec estimated in styr endyr: -10 30 
#  SR Curve fit  in styr endyr: 1 30 
#             Model styr endyr: 1 30 
# qprior
 3.48998e-007
# q_power_prior 
 1 
# cv_catchbiomass 
0.05 
# CatchbiomassPen 
200 
# Number of projection years 
5 
# offset_fsh
 13383.7
# offset_ind
 13066.5
Mean Catch
1276.53
R_guess 
13.8155
# nfsh
1
# n_sel_ch_fsh
 1
# nselages_fsh
 11
# phase_selcoff_fsh
 -1
logRzero 13.8155
logmeanrec 13.8155
exp(log_sigmarprior 0.2
Fish sel phase: -1 OM1
Fixing fishery sel to
1
Fixing fishery sel to
1
Srvy sel phase: -1
Fixing survey_index1 indices sel to
1
Fixing index sel to
1
# logsel_slp_in_indv
 0.693147
Leaving parameter init secton
# M
 0.2 0.2 0.2 0.2 0.2 0.2 0.2 0.2 0.2 0.2 0.2 0.2
 0.2 0.2 0.2 0.2 0.2 0.2 0.2 0.2 0.2 0.2 0.2 0.2
 0.2 0.2 0.2 0.2 0.2 0.2 0.2 0.2 0.2 0.2 0.2 0.2
 0.2 0.2 0.2 0.2 0.2 0.2 0.2 0.2 0.2 0.2 0.2 0.2
 0.2 0.2 0.2 0.2 0.2 0.2 0.2 0.2 0.2 0.2 0.2 0.2
 0.2 0.2 0.2 0.2 0.2 0.2 0.2 0.2 0.2 0.2 0.2 0.2
 0.2 0.2 0.2 0.2 0.2 0.2 0.2 0.2 0.2 0.2 0.2 0.2
 0.2 0.2 0.2 0.2 0.2 0.2 0.2 0.2 0.2 0.2 0.2 0.2
 0.2 0.2 0.2 0.2 0.2 0.2 0.2 0.2 0.2 0.2 0.2 0.2
 0.2 0.2 0.2 0.2 0.2 0.2 0.2 0.2 0.2 0.2 0.2 0.2
 0.2 0.2 0.2 0.2 0.2 0.2 0.2 0.2 0.2 0.2 0.2 0.2
 0.2 0.2 0.2 0.2 0.2 0.2 0.2 0.2 0.2 0.2 0.2 0.2
 0.2 0.2 0.2 0.2 0.2 0.2 0.2 0.2 0.2 0.2 0.2 0.2
 0.2 0.2 0.2 0.2 0.2 0.2 0.2 0.2 0.2 0.2 0.2 0.2
 0.2 0.2 0.2 0.2 0.2 0.2 0.2 0.2 0.2 0.2 0.2 0.2
 0.2 0.2 0.2 0.2 0.2 0.2 0.2 0.2 0.2 0.2 0.2 0.2
 0.2 0.2 0.2 0.2 0.2 0.2 0.2 0.2 0.2 0.2 0.2 0.2
 0.2 0.2 0.2 0.2 0.2 0.2 0.2 0.2 0.2 0.2 0.2 0.2
 0.2 0.2 0.2 0.2 0.2 0.2 0.2 0.2 0.2 0.2 0.2 0.2
 0.2 0.2 0.2 0.2 0.2 0.2 0.2 0.2 0.2 0.2 0.2 0.2
 0.2 0.2 0.2 0.2 0.2 0.2 0.2 0.2 0.2 0.2 0.2 0.2
 0.2 0.2 0.2 0.2 0.2 0.2 0.2 0.2 0.2 0.2 0.2 0.2
 0.2 0.2 0.2 0.2 0.2 0.2 0.2 0.2 0.2 0.2 0.2 0.2
 0.2 0.2 0.2 0.2 0.2 0.2 0.2 0.2 0.2 0.2 0.2 0.2
 0.2 0.2 0.2 0.2 0.2 0.2 0.2 0.2 0.2 0.2 0.2 0.2
 0.2 0.2 0.2 0.2 0.2 0.2 0.2 0.2 0.2 0.2 0.2 0.2
 0.2 0.2 0.2 0.2 0.2 0.2 0.2 0.2 0.2 0.2 0.2 0.2
 0.2 0.2 0.2 0.2 0.2 0.2 0.2 0.2 0.2 0.2 0.2 0.2
 0.2 0.2 0.2 0.2 0.2 0.2 0.2 0.2 0.2 0.2 0.2 0.2
 0.2 0.2 0.2 0.2 0.2 0.2 0.2 0.2 0.2 0.2 0.2 0.2
# mean_log_rec
13.7504
# log_Rzero
13.8079
# rec_dev
 -0.0757215 -0.0794526 0.0038623 -0.0711408 0.120007 -0.0101763 0.0514666 0.0562966 -0.0755364 0.124541 -0.0107261 0.0885208 0.255699 -0.0652458 -0.212686 0.388791 0.199666 0.0357439 0.22579 -0.00316805 0.104111 0.0371567 -0.0832645 0.00750485 0.083942 -0.093994 0.113356 0.0624654 -0.349709 -0.216784 -0.286077 -0.00510234 0.0571732 -0.25028 -0.353997 -0.063413 -0.396604 -0.307471 -0.118787 -0.156168 -0.22143
# fmort
 0.00919471 0.0269903 0.0453335 0.0616237 0.0495152 0.0891174 0.0907189 0.193135 0.113528 0.138285 0.15755 0.16917 0.123356 0.180207 0.187985 0.166655 0.328755 0.266885 0.26861 0.265717 0.374742 0.274464 0.447356 0.366963 0.3574 0.318625 0.309565 0.420694 0.319253 0.482801
# rec_dev_future
 0 0 0 0 0
