AMAK;August_2013
# styr
1
# endyr
30
# rec_age
1
# oldest_age
12
# nlength
81
# len_bins
 10 11 12 13 14 15 16 17 18 19 20 21 22 23 24 25 26 27 28 29 30 31 32 33 34 35 36 37 38 39 40 41 42 43 44 45 46 47 48 49 50 51 52 53 54 55 56 57 58 59 60 61 62 63 64 65 66 67 68 69 70 71 72 73 74 75 76 77 78 79 80 81 82 83 84 85 86 87 88 89 90
# datafile_name
amak_data.dat
# model_name
OM_1
# styr
1
# endyr
30
# rec_age
1
# oldest_age
12
# nfsh
1
# fshname
OM1
# catch_bio_in
 161.575 467.736 759.117 996.596 769.721 1318.21 1282.22 2465.09 1330.46 1521.34 1633.27 1606.59 1105.01 1541.74 1529.44 1278.37 2232.74 1609.51 1465.83 1311.04 1628.57 1083.55 1617.87 1185.08 1120.19 968.565 929.371 1200.29 875.566 1275.09
# catch_bio_sd_in
 0.01 0.01 0.01 0.01 0.01 0.01 0.01 0.01 0.01 0.01 0.01 0.01 0.01 0.01 0.01 0.01 0.01 0.01 0.01 0.01 0.01 0.01 0.01 0.01 0.01 0.01 0.01 0.01 0.01 0.01
# nyrs_fsh_age
 30
# nyrs_fsh_length
 0
# yrs_fsh_age_in
 1 2 3 4 5 6 7 8 9 10 11 12 13 14 15 16 17 18 19 20 21 22 23 24 25 26 27 28 29 30
# yrs_fsh_length_in

# n_sample_fsh_length_in

# olc_fsh_in

# nind
1
# indname
survey_index1
# nyrs_ind
 30
# yrs_ind_in
 1 2 3 4 5 6 7 8 9 10 11 12 13 14 15 16 17 18 19 20 21 22 23 24 25 26 27 28 29 30
# mo_ind
 1
# obs_ind_in
 1.48276 1.31705 1.46112 1.32028 1.21116 1.53389 1.22146 1.30632 1.11849 1.19782 1.19071 1.15901 1.09539 1.0675 0.92927 0.94947 0.968862 1.14557 0.784747 0.757849 0.658952 0.703679 0.780789 0.612883 0.532742 0.55271 0.488881 0.469033 0.522832 0.560446
# obs_se_ind_in
 0.296552 0.26341 0.292223 0.264057 0.242232 0.306779 0.244291 0.261264 0.223699 0.239563 0.238142 0.231803 0.219077 0.2135 0.185854 0.189894 0.193772 0.229114 0.156949 0.15157 0.13179 0.140736 0.156158 0.122577 0.106548 0.110542 0.0977763 0.0938066 0.104566 0.112089
# nyrs_ind_age
 30
# nyrs_ind_length
 0
# yrs_ind_age_in
 1 2 3 4 5 6 7 8 9 10 11 12 13 14 15 16 17 18 19 20 21 22 23 24 25 26 27 28 29 30
# yrs_ind_length_in

# yrs_ind_age_in
 1 2 3 4 5 6 7 8 9 10 11 12 13 14 15 16 17 18 19 20 21 22 23 24 25 26 27 28 29 30
# n_sample_ind_length_in

# olc_ind_in

# oac_ind_in
 0.055 0.13 0.115 0.155 0.145 0.085 0.07 0.04 0.055 0.03 0.02 0.1
 0.075 0.1 0.115 0.13 0.125 0.07 0.035 0.07 0.06 0.055 0.045 0.12
 0.055 0.19 0.145 0.125 0.085 0.04 0.045 0.06 0.05 0.035 0.015 0.155
 0.06 0.135 0.22 0.1 0.08 0.06 0.055 0.06 0.05 0.045 0.045 0.09
 0.07 0.165 0.115 0.145 0.095 0.05 0.06 0.045 0.035 0.035 0.035 0.15
 0.1 0.19 0.135 0.095 0.125 0.085 0.055 0.065 0.04 0.005 0.02 0.085
 0.075 0.2 0.17 0.115 0.09 0.08 0.055 0.04 0.02 0.04 0.025 0.09
 0.08 0.13 0.2 0.135 0.08 0.055 0.065 0.045 0.035 0.03 0.02 0.125
 0.045 0.19 0.12 0.17 0.145 0.06 0.08 0.045 0.035 0.015 0.015 0.08
 0.07 0.195 0.2 0.12 0.125 0.095 0.01 0.035 0.05 0.01 0.015 0.075
 0.065 0.225 0.16 0.155 0.08 0.09 0.05 0.03 0.03 0.02 0.015 0.08
 0.05 0.145 0.21 0.12 0.145 0.065 0.08 0.045 0.035 0.03 0.02 0.055
 0.08 0.19 0.23 0.115 0.07 0.085 0.04 0.03 0.065 0.015 0.015 0.065
 0.115 0.135 0.235 0.125 0.09 0.05 0.07 0.04 0.05 0.035 0.005 0.05
 0.095 0.19 0.17 0.105 0.095 0.095 0.06 0.055 0.03 0.02 0.025 0.06
 0.115 0.15 0.215 0.14 0.09 0.065 0.065 0.02 0.04 0.015 0.01 0.075
 0.1 0.21 0.145 0.195 0.1 0.07 0.06 0.055 0.035 0.005 0.01 0.015
 0.06 0.17 0.28 0.145 0.085 0.06 0.045 0.045 0.03 0.02 0.01 0.05
 0.125 0.155 0.25 0.155 0.08 0.075 0.05 0.02 0.01 0.015 0.015 0.05
 0.1 0.215 0.16 0.175 0.135 0.065 0.05 0.035 0.03 0.015 0 0.02
 0.12 0.185 0.2 0.135 0.09 0.06 0.075 0.05 0.03 0.005 0.01 0.04
 0.165 0.245 0.15 0.135 0.095 0.085 0.045 0.025 0.015 0.005 0.005 0.03
 0.115 0.275 0.24 0.115 0.08 0.055 0.06 0.015 0.015 0.02 0 0.01
 0.115 0.175 0.255 0.215 0.06 0.08 0.035 0.03 0.015 0 0.01 0.01
 0.095 0.195 0.21 0.24 0.1 0.065 0.025 0.02 0.02 0.015 0 0.015
 0.1 0.27 0.21 0.16 0.105 0.075 0.02 0.03 0.015 0 0 0.015
 0.165 0.205 0.275 0.125 0.095 0.05 0.045 0.005 0.005 0.005 0.01 0.015
 0.145 0.305 0.185 0.19 0.04 0.075 0.03 0.015 0.005 0.005 0.005 0
 0.155 0.25 0.225 0.13 0.105 0.045 0.025 0.025 0.04 0 0 0
 0.115 0.31 0.28 0.135 0.06 0.055 0.015 0.01 0.005 0.015 0 0
# wt_ind
 1 1 1 1 1 1 1 1 1 1 1 1
 1 1 1 1 1 1 1 1 1 1 1 1
 1 1 1 1 1 1 1 1 1 1 1 1
 1 1 1 1 1 1 1 1 1 1 1 1
 1 1 1 1 1 1 1 1 1 1 1 1
 1 1 1 1 1 1 1 1 1 1 1 1
 1 1 1 1 1 1 1 1 1 1 1 1
 1 1 1 1 1 1 1 1 1 1 1 1
 1 1 1 1 1 1 1 1 1 1 1 1
 1 1 1 1 1 1 1 1 1 1 1 1
 1 1 1 1 1 1 1 1 1 1 1 1
 1 1 1 1 1 1 1 1 1 1 1 1
 1 1 1 1 1 1 1 1 1 1 1 1
 1 1 1 1 1 1 1 1 1 1 1 1
 1 1 1 1 1 1 1 1 1 1 1 1
 1 1 1 1 1 1 1 1 1 1 1 1
 1 1 1 1 1 1 1 1 1 1 1 1
 1 1 1 1 1 1 1 1 1 1 1 1
 1 1 1 1 1 1 1 1 1 1 1 1
 1 1 1 1 1 1 1 1 1 1 1 1
 1 1 1 1 1 1 1 1 1 1 1 1
 1 1 1 1 1 1 1 1 1 1 1 1
 1 1 1 1 1 1 1 1 1 1 1 1
 1 1 1 1 1 1 1 1 1 1 1 1
 1 1 1 1 1 1 1 1 1 1 1 1
 1 1 1 1 1 1 1 1 1 1 1 1
 1 1 1 1 1 1 1 1 1 1 1 1
 1 1 1 1 1 1 1 1 1 1 1 1
 1 1 1 1 1 1 1 1 1 1 1 1
 1 1 1 1 1 1 1 1 1 1 1 1
# wt_pop
 0.000530656 0.00119633 0.00205827 0.00303499 0.00405521 0.0050647 0.00602623 0.00691692 0.00772489 0.00844611 0.00908185 0.0096367
# maturity
 0.0229774 0.320821 0.904651 0.99478 0.999739 0.999987 0.999999 1 1 1 1 1
# spawnmo
1
# age_err
 1 0 0 0 0 0 0 0 0 0 0 0
 0 1 0 0 0 0 0 0 0 0 0 0
 0 0 1 0 0 0 0 0 0 0 0 0
 0 0 0 1 0 0 0 0 0 0 0 0
 0 0 0 0 1 0 0 0 0 0 0 0
 0 0 0 0 0 1 0 0 0 0 0 0
 0 0 0 0 0 0 1 0 0 0 0 0
 0 0 0 0 0 0 0 1 0 0 0 0
 0 0 0 0 0 0 0 0 1 0 0 0
 0 0 0 0 0 0 0 0 0 1 0 0
 0 0 0 0 0 0 0 0 0 0 1 0
 0 0 0 0 0 0 0 0 0 0 0 1
# cntrlfile_name
C:\Users\bai.li\Desktop\s1_test\AMAK\s28\amak.dat
# Map shared selectivity: 
# sel_map
 1 2
 1 1
# datafile_name
amak_data.dat
# model_name
OM_1
# SrType
2
# use_age_err
0
# retro
0
# sigmarprior
0.2
# cvsigmarprior
0.25
# phase_sigmar
-3
# styr_rec_est
1
# endyr_rec_est
30
# Linfprior
80
# cvLinfprior
0.25
# kprior
0.18
# cvkprior
0.25
# Loprior
27.688
# cvLoprior
0.25
# sdageprior
0.1
# cvsdageprior
0.25
# natmortprior
0.2
# cvnatmortprior
0.25
# phase_M
-4
# npars_Mage
0
# ages_M_changes

# Mage_in

# phase_Mage
-5
# phase_rw_M
0
# npars_rw_M
0
# yrs_rw_M

# sigma_rw_M

# qprior
 3.48998e-007
# cvqprior
 1
# phase_q
 1
# q_power_prior
 1
# cvq_power_prior
 0.2
# phase_q_power
 -4
# phase_rw_q
 -1
# npars_rw_q
 0
# yrs_rw_q

# sigma_rw_q

# q_age_min
 1
# q_age_max
 12
# q_age_min
 1
# q_age_max
 12
# fsh_sel_opt(k)
2
# phase_sel_fsh(k)
-2
# n_sel_ch_fsh(k)
1
# sel_slp_in_fsh(k)(1,n_sel_ch_fsh(k))
 1
# sel_inf_in_fsh(k)(1,n_sel_ch_fsh(k))
 2
# logsel_slp_in_fsh(k)(1,n_sel_ch_fsh(k))
 0
# yrs_sel_ch_fsh(k)(1,n_sel_ch_fsh(k))
 1

Survey survey_index1
# ind_sel_opt(k)
2
# indname(k)
survey_index1
# nselages_in_ind(k)
11
# phase_sel_ind(k)
-2
# sel_change_in_ind(k)
 1 0 0 0 0 0 0 0 0 0 0 0 0 0 0 0 0 0 0 0 0 0 0 0 0 0 0 0 0 0
# n_sel_ch_ind(k)
1
# yrs_sel_ch_ind(k)(1,n_sel_ch_ind(k))
 1
# sel_slp_in_ind(k,1)
2
# sel_inf_in_ind(k,1)
1.5
# logsel_slp_in_ind(k,1)
0.693147
# logsel_slp_in_indv(k)
0.693147
survey_index1 ind sel opt 2  1 0 0 0 0 0 0 0 0 0 0 0 0 0 0 0 0 0 0 0 0 0 0 0 0 0 0 0 0 0
Phase indices Sel_Coffs:  -1
 Test: 1.23457e+008
# Fshry Selages:  11
# Srvy  Selages:  11
# Phase for age-spec fishery  -1
# Phase for logistic fishery  -2
# Phase for dble logistic fishery  -1
# Phase for age-spec indices   -1
# Phase for logistic indices   -2
# Phase for dble logistic ind  -1
# Curv_pen_fsh: 
 0
# Curv_pen_ind: 
 0
# styr_fut
31
# endyr_fut
35
# nyrs_fsh_age
 30
# nyrs_fsh_age
 30
# yrs_fsh_age
 1 2 3 4 5 6 7 8 9 10 11 12 13 14 15 16 17 18 19 20 21 22 23 24 25 26 27 28 29 30
# n_sample_fsh_age
 200 200 200 200 200 200 200 200 200 200 200 200 200 200 200 200 200 200 200 200 200 200 200 200 200 200 200 200 200 200
# oac_fsh
 0.055 0.13 0.12 0.1 0.13 0.06 0.07 0.105 0.045 0.025 0.025 0.135
 0.09 0.1 0.135 0.12 0.09 0.115 0.07 0.07 0.035 0.02 0.015 0.14
 0.085 0.165 0.115 0.105 0.12 0.09 0.06 0.05 0.025 0.035 0.015 0.135
 0.055 0.12 0.155 0.095 0.105 0.075 0.075 0.055 0.035 0.045 0.025 0.16
 0.045 0.115 0.13 0.135 0.1 0.095 0.04 0.095 0.035 0.03 0.03 0.15
 0.105 0.18 0.145 0.085 0.115 0.08 0.07 0.065 0.055 0.01 0.01 0.08
 0.105 0.095 0.14 0.1 0.115 0.125 0.07 0.065 0.015 0.01 0.04 0.12
 0.09 0.11 0.155 0.15 0.075 0.08 0.11 0.035 0.05 0.03 0.015 0.1
 0.085 0.1 0.14 0.17 0.165 0.04 0.035 0.075 0.03 0.03 0.01 0.12
 0.095 0.1 0.165 0.145 0.095 0.13 0.04 0.035 0.045 0.03 0.02 0.1
 0.115 0.125 0.105 0.145 0.105 0.085 0.09 0.04 0.025 0.02 0.025 0.12
 0.095 0.195 0.14 0.14 0.095 0.08 0.085 0.05 0.01 0.03 0.015 0.065
 0.085 0.125 0.15 0.175 0.1 0.1 0.09 0.04 0.055 0.025 0.01 0.045
 0.09 0.15 0.175 0.185 0.11 0.05 0.03 0.04 0.02 0.03 0.03 0.09
 0.11 0.125 0.13 0.13 0.16 0.12 0.055 0.05 0.015 0.035 0.015 0.055
 0.11 0.19 0.185 0.12 0.105 0.13 0.03 0.035 0.03 0.015 0.01 0.04
 0.12 0.185 0.14 0.125 0.125 0.045 0.05 0.07 0.03 0.025 0.025 0.06
 0.07 0.165 0.22 0.145 0.125 0.075 0.045 0.04 0.01 0.02 0.03 0.055
 0.145 0.09 0.24 0.165 0.085 0.065 0.07 0.035 0.02 0.015 0.015 0.055
 0.11 0.14 0.155 0.195 0.13 0.055 0.04 0.045 0.03 0.02 0.015 0.065
 0.12 0.18 0.25 0.125 0.115 0.045 0.05 0.015 0.025 0.015 0.005 0.055
 0.19 0.3 0.155 0.125 0.07 0.06 0.035 0.025 0.02 0.005 0.005 0.01
 0.125 0.225 0.22 0.095 0.085 0.09 0.06 0.025 0.03 0.015 0.02 0.01
 0.18 0.22 0.205 0.22 0.075 0.03 0.01 0.03 0.01 0.01 0 0.01
 0.185 0.245 0.165 0.145 0.135 0.035 0.025 0.025 0.005 0.005 0.015 0.015
 0.11 0.26 0.14 0.16 0.12 0.09 0.04 0.025 0.01 0.02 0 0.025
 0.14 0.185 0.205 0.14 0.09 0.1 0.08 0.01 0.025 0.01 0 0.015
 0.18 0.18 0.17 0.21 0.1 0.065 0.045 0.02 0.01 0.01 0 0.01
 0.235 0.2 0.175 0.125 0.135 0.04 0.03 0.03 0.01 0.015 0.005 0
 0.185 0.295 0.21 0.165 0.06 0.015 0.025 0.02 0.01 0.005 0.005 0.005
# olc_fsh

# wt_fsh
 0.000530656 0.00119633 0.00205827 0.00303499 0.00405521 0.0050647 0.00602623 0.00691692 0.00772489 0.00844611 0.00908185 0.0096367
 0.000530656 0.00119633 0.00205827 0.00303499 0.00405521 0.0050647 0.00602623 0.00691692 0.00772489 0.00844611 0.00908185 0.0096367
 0.000530656 0.00119633 0.00205827 0.00303499 0.00405521 0.0050647 0.00602623 0.00691692 0.00772489 0.00844611 0.00908185 0.0096367
 0.000530656 0.00119633 0.00205827 0.00303499 0.00405521 0.0050647 0.00602623 0.00691692 0.00772489 0.00844611 0.00908185 0.0096367
 0.000530656 0.00119633 0.00205827 0.00303499 0.00405521 0.0050647 0.00602623 0.00691692 0.00772489 0.00844611 0.00908185 0.0096367
 0.000530656 0.00119633 0.00205827 0.00303499 0.00405521 0.0050647 0.00602623 0.00691692 0.00772489 0.00844611 0.00908185 0.0096367
 0.000530656 0.00119633 0.00205827 0.00303499 0.00405521 0.0050647 0.00602623 0.00691692 0.00772489 0.00844611 0.00908185 0.0096367
 0.000530656 0.00119633 0.00205827 0.00303499 0.00405521 0.0050647 0.00602623 0.00691692 0.00772489 0.00844611 0.00908185 0.0096367
 0.000530656 0.00119633 0.00205827 0.00303499 0.00405521 0.0050647 0.00602623 0.00691692 0.00772489 0.00844611 0.00908185 0.0096367
 0.000530656 0.00119633 0.00205827 0.00303499 0.00405521 0.0050647 0.00602623 0.00691692 0.00772489 0.00844611 0.00908185 0.0096367
 0.000530656 0.00119633 0.00205827 0.00303499 0.00405521 0.0050647 0.00602623 0.00691692 0.00772489 0.00844611 0.00908185 0.0096367
 0.000530656 0.00119633 0.00205827 0.00303499 0.00405521 0.0050647 0.00602623 0.00691692 0.00772489 0.00844611 0.00908185 0.0096367
 0.000530656 0.00119633 0.00205827 0.00303499 0.00405521 0.0050647 0.00602623 0.00691692 0.00772489 0.00844611 0.00908185 0.0096367
 0.000530656 0.00119633 0.00205827 0.00303499 0.00405521 0.0050647 0.00602623 0.00691692 0.00772489 0.00844611 0.00908185 0.0096367
 0.000530656 0.00119633 0.00205827 0.00303499 0.00405521 0.0050647 0.00602623 0.00691692 0.00772489 0.00844611 0.00908185 0.0096367
 0.000530656 0.00119633 0.00205827 0.00303499 0.00405521 0.0050647 0.00602623 0.00691692 0.00772489 0.00844611 0.00908185 0.0096367
 0.000530656 0.00119633 0.00205827 0.00303499 0.00405521 0.0050647 0.00602623 0.00691692 0.00772489 0.00844611 0.00908185 0.0096367
 0.000530656 0.00119633 0.00205827 0.00303499 0.00405521 0.0050647 0.00602623 0.00691692 0.00772489 0.00844611 0.00908185 0.0096367
 0.000530656 0.00119633 0.00205827 0.00303499 0.00405521 0.0050647 0.00602623 0.00691692 0.00772489 0.00844611 0.00908185 0.0096367
 0.000530656 0.00119633 0.00205827 0.00303499 0.00405521 0.0050647 0.00602623 0.00691692 0.00772489 0.00844611 0.00908185 0.0096367
 0.000530656 0.00119633 0.00205827 0.00303499 0.00405521 0.0050647 0.00602623 0.00691692 0.00772489 0.00844611 0.00908185 0.0096367
 0.000530656 0.00119633 0.00205827 0.00303499 0.00405521 0.0050647 0.00602623 0.00691692 0.00772489 0.00844611 0.00908185 0.0096367
 0.000530656 0.00119633 0.00205827 0.00303499 0.00405521 0.0050647 0.00602623 0.00691692 0.00772489 0.00844611 0.00908185 0.0096367
 0.000530656 0.00119633 0.00205827 0.00303499 0.00405521 0.0050647 0.00602623 0.00691692 0.00772489 0.00844611 0.00908185 0.0096367
 0.000530656 0.00119633 0.00205827 0.00303499 0.00405521 0.0050647 0.00602623 0.00691692 0.00772489 0.00844611 0.00908185 0.0096367
 0.000530656 0.00119633 0.00205827 0.00303499 0.00405521 0.0050647 0.00602623 0.00691692 0.00772489 0.00844611 0.00908185 0.0096367
 0.000530656 0.00119633 0.00205827 0.00303499 0.00405521 0.0050647 0.00602623 0.00691692 0.00772489 0.00844611 0.00908185 0.0096367
 0.000530656 0.00119633 0.00205827 0.00303499 0.00405521 0.0050647 0.00602623 0.00691692 0.00772489 0.00844611 0.00908185 0.0096367
 0.000530656 0.00119633 0.00205827 0.00303499 0.00405521 0.0050647 0.00602623 0.00691692 0.00772489 0.00844611 0.00908185 0.0096367
 0.000530656 0.00119633 0.00205827 0.00303499 0.00405521 0.0050647 0.00602623 0.00691692 0.00772489 0.00844611 0.00908185 0.0096367
# nyrs_ind_age
 30
# yrs_ind_age
 1 2 3 4 5 6 7 8 9 10 11 12 13 14 15 16 17 18 19 20 21 22 23 24 25 26 27 28 29 30
# n_sample_ind_age
 200 200 200 200 200 200 200 200 200 200 200 200 200 200 200 200 200 200 200 200 200 200 200 200 200 200 200 200 200 200
# oac_ind
 0.055 0.13 0.115 0.155 0.145 0.085 0.07 0.04 0.055 0.03 0.02 0.1
 0.075 0.1 0.115 0.13 0.125 0.07 0.035 0.07 0.06 0.055 0.045 0.12
 0.055 0.19 0.145 0.125 0.085 0.04 0.045 0.06 0.05 0.035 0.015 0.155
 0.06 0.135 0.22 0.1 0.08 0.06 0.055 0.06 0.05 0.045 0.045 0.09
 0.07 0.165 0.115 0.145 0.095 0.05 0.06 0.045 0.035 0.035 0.035 0.15
 0.1 0.19 0.135 0.095 0.125 0.085 0.055 0.065 0.04 0.005 0.02 0.085
 0.075 0.2 0.17 0.115 0.09 0.08 0.055 0.04 0.02 0.04 0.025 0.09
 0.08 0.13 0.2 0.135 0.08 0.055 0.065 0.045 0.035 0.03 0.02 0.125
 0.045 0.19 0.12 0.17 0.145 0.06 0.08 0.045 0.035 0.015 0.015 0.08
 0.07 0.195 0.2 0.12 0.125 0.095 0.01 0.035 0.05 0.01 0.015 0.075
 0.065 0.225 0.16 0.155 0.08 0.09 0.05 0.03 0.03 0.02 0.015 0.08
 0.05 0.145 0.21 0.12 0.145 0.065 0.08 0.045 0.035 0.03 0.02 0.055
 0.08 0.19 0.23 0.115 0.07 0.085 0.04 0.03 0.065 0.015 0.015 0.065
 0.115 0.135 0.235 0.125 0.09 0.05 0.07 0.04 0.05 0.035 0.005 0.05
 0.095 0.19 0.17 0.105 0.095 0.095 0.06 0.055 0.03 0.02 0.025 0.06
 0.115 0.15 0.215 0.14 0.09 0.065 0.065 0.02 0.04 0.015 0.01 0.075
 0.1 0.21 0.145 0.195 0.1 0.07 0.06 0.055 0.035 0.005 0.01 0.015
 0.06 0.17 0.28 0.145 0.085 0.06 0.045 0.045 0.03 0.02 0.01 0.05
 0.125 0.155 0.25 0.155 0.08 0.075 0.05 0.02 0.01 0.015 0.015 0.05
 0.1 0.215 0.16 0.175 0.135 0.065 0.05 0.035 0.03 0.015 0 0.02
 0.12 0.185 0.2 0.135 0.09 0.06 0.075 0.05 0.03 0.005 0.01 0.04
 0.165 0.245 0.15 0.135 0.095 0.085 0.045 0.025 0.015 0.005 0.005 0.03
 0.115 0.275 0.24 0.115 0.08 0.055 0.06 0.015 0.015 0.02 0 0.01
 0.115 0.175 0.255 0.215 0.06 0.08 0.035 0.03 0.015 0 0.01 0.01
 0.095 0.195 0.21 0.24 0.1 0.065 0.025 0.02 0.02 0.015 0 0.015
 0.1 0.27 0.21 0.16 0.105 0.075 0.02 0.03 0.015 0 0 0.015
 0.165 0.205 0.275 0.125 0.095 0.05 0.045 0.005 0.005 0.005 0.01 0.015
 0.145 0.305 0.185 0.19 0.04 0.075 0.03 0.015 0.005 0.005 0.005 0
 0.155 0.25 0.225 0.13 0.105 0.045 0.025 0.025 0.04 0 0 0
 0.115 0.31 0.28 0.135 0.06 0.055 0.015 0.01 0.005 0.015 0 0
# olc_ind

# obs_lse_ind
 0.198042 0.198042 0.198042 0.198042 0.198042 0.198042 0.198042 0.198042 0.198042 0.198042 0.198042 0.198042 0.198042 0.198042 0.198042 0.198042 0.198042 0.198042 0.198042 0.198042 0.198042 0.198042 0.198042 0.198042 0.198042 0.198042 0.198042 0.198042 0.198042 0.198042
# xages_fsh
 0 0 0 0 0 0 0 0 0 0 0 0
# xages_fsh
 0 0.0909091 0.181818 0.272727 0.363636 0.454545 0.545455 0.636364 0.727273 0.818182 0.909091 1
# xnodes_fsh

Yrs fsh_sel change:  1 0 0 0 0 0 0 0 0 0 0 0 0 0 0 0 0 0 0 0 0 0 0 0 0 0 0 0 0
Yrs ind_sel change:  1 0 0 0 0 0 0 0 0 0 0 0 0 0 0 0 0 0 0 0 0 0 0 0 0 0 0 0 0
# steepnessprior
0.75
# sigmarprior
0.2
#  SSB estimated in styr endyr: -12 28 
#  Rec estimated in styr endyr: -10 30 
#  SR Curve fit  in styr endyr: 1 30 
#             Model styr endyr: 1 30 
# qprior
 3.48998e-007
# q_power_prior 
 1 
# cv_catchbiomass 
0.05 
# CatchbiomassPen 
200 
# Number of projection years 
5 
# offset_fsh
 13317.5
# offset_ind
 13078
Mean Catch
1275.66
R_guess 
13.8155
# nfsh
1
# n_sel_ch_fsh
 1
# nselages_fsh
 11
# phase_selcoff_fsh
 -1
logRzero 13.8155
logmeanrec 13.8155
exp(log_sigmarprior 0.2
Fish sel phase: -1 OM1
Fixing fishery sel to
1
Fixing fishery sel to
1
Srvy sel phase: -1
Fixing survey_index1 indices sel to
1
Fixing index sel to
1
# logsel_slp_in_indv
 0.693147
Leaving parameter init secton
# M
 0.2 0.2 0.2 0.2 0.2 0.2 0.2 0.2 0.2 0.2 0.2 0.2
 0.2 0.2 0.2 0.2 0.2 0.2 0.2 0.2 0.2 0.2 0.2 0.2
 0.2 0.2 0.2 0.2 0.2 0.2 0.2 0.2 0.2 0.2 0.2 0.2
 0.2 0.2 0.2 0.2 0.2 0.2 0.2 0.2 0.2 0.2 0.2 0.2
 0.2 0.2 0.2 0.2 0.2 0.2 0.2 0.2 0.2 0.2 0.2 0.2
 0.2 0.2 0.2 0.2 0.2 0.2 0.2 0.2 0.2 0.2 0.2 0.2
 0.2 0.2 0.2 0.2 0.2 0.2 0.2 0.2 0.2 0.2 0.2 0.2
 0.2 0.2 0.2 0.2 0.2 0.2 0.2 0.2 0.2 0.2 0.2 0.2
 0.2 0.2 0.2 0.2 0.2 0.2 0.2 0.2 0.2 0.2 0.2 0.2
 0.2 0.2 0.2 0.2 0.2 0.2 0.2 0.2 0.2 0.2 0.2 0.2
 0.2 0.2 0.2 0.2 0.2 0.2 0.2 0.2 0.2 0.2 0.2 0.2
 0.2 0.2 0.2 0.2 0.2 0.2 0.2 0.2 0.2 0.2 0.2 0.2
 0.2 0.2 0.2 0.2 0.2 0.2 0.2 0.2 0.2 0.2 0.2 0.2
 0.2 0.2 0.2 0.2 0.2 0.2 0.2 0.2 0.2 0.2 0.2 0.2
 0.2 0.2 0.2 0.2 0.2 0.2 0.2 0.2 0.2 0.2 0.2 0.2
 0.2 0.2 0.2 0.2 0.2 0.2 0.2 0.2 0.2 0.2 0.2 0.2
 0.2 0.2 0.2 0.2 0.2 0.2 0.2 0.2 0.2 0.2 0.2 0.2
 0.2 0.2 0.2 0.2 0.2 0.2 0.2 0.2 0.2 0.2 0.2 0.2
 0.2 0.2 0.2 0.2 0.2 0.2 0.2 0.2 0.2 0.2 0.2 0.2
 0.2 0.2 0.2 0.2 0.2 0.2 0.2 0.2 0.2 0.2 0.2 0.2
 0.2 0.2 0.2 0.2 0.2 0.2 0.2 0.2 0.2 0.2 0.2 0.2
 0.2 0.2 0.2 0.2 0.2 0.2 0.2 0.2 0.2 0.2 0.2 0.2
 0.2 0.2 0.2 0.2 0.2 0.2 0.2 0.2 0.2 0.2 0.2 0.2
 0.2 0.2 0.2 0.2 0.2 0.2 0.2 0.2 0.2 0.2 0.2 0.2
 0.2 0.2 0.2 0.2 0.2 0.2 0.2 0.2 0.2 0.2 0.2 0.2
 0.2 0.2 0.2 0.2 0.2 0.2 0.2 0.2 0.2 0.2 0.2 0.2
 0.2 0.2 0.2 0.2 0.2 0.2 0.2 0.2 0.2 0.2 0.2 0.2
 0.2 0.2 0.2 0.2 0.2 0.2 0.2 0.2 0.2 0.2 0.2 0.2
 0.2 0.2 0.2 0.2 0.2 0.2 0.2 0.2 0.2 0.2 0.2 0.2
 0.2 0.2 0.2 0.2 0.2 0.2 0.2 0.2 0.2 0.2 0.2 0.2
# mean_log_rec
13.7035
# log_Rzero
13.8042
# rec_dev
 -0.0763188 -0.0858077 -0.0579184 -0.0457269 0.118087 0.0818684 -0.0792427 0.0672903 0.0666442 -0.0139223 0.054488 0.00738267 0.351509 0.0493676 -0.00666003 0.372673 0.318258 0.0996711 0.228295 -0.0146002 0.156953 0.158722 -0.00736086 -0.0134054 0.0786768 -0.0277468 0.115987 0.0875878 -0.299004 -0.109917 -0.310589 0.11703 0.0438193 -0.219095 -0.333239 -0.131468 -0.458619 -0.249181 -0.193578 -0.0260882 -0.245681
# fmort
 0.00958432 0.0281781 0.0470033 0.0641139 0.0512729 0.0912999 0.09316 0.194739 0.115042 0.139177 0.160331 0.17012 0.123129 0.180451 0.193023 0.171346 0.332539 0.275997 0.278303 0.27419 0.385657 0.28215 0.457581 0.373777 0.378484 0.346215 0.343909 0.480507 0.37253 0.574615
# rec_dev_future
 0 0 0 0 0
