AMAK;August_2013
# styr
1
# endyr
30
# rec_age
1
# oldest_age
12
# nlength
81
# len_bins
 10 11 12 13 14 15 16 17 18 19 20 21 22 23 24 25 26 27 28 29 30 31 32 33 34 35 36 37 38 39 40 41 42 43 44 45 46 47 48 49 50 51 52 53 54 55 56 57 58 59 60 61 62 63 64 65 66 67 68 69 70 71 72 73 74 75 76 77 78 79 80 81 82 83 84 85 86 87 88 89 90
# datafile_name
amak_data.dat
# model_name
OM_1
# styr
1
# endyr
30
# rec_age
1
# oldest_age
12
# nfsh
1
# fshname
OM1
# catch_bio_in
 161.924 470.202 761.179 998.599 769.619 1330.73 1287.78 2480.34 1338.49 1522.35 1616.12 1596.76 1101.85 1527.66 1504.3 1263.97 2240.26 1617.13 1445.51 1315.27 1623.13 1078.23 1624.02 1202.11 1119.7 982.928 928.54 1211.56 874.937 1280.61
# catch_bio_sd_in
 0.01 0.01 0.01 0.01 0.01 0.01 0.01 0.01 0.01 0.01 0.01 0.01 0.01 0.01 0.01 0.01 0.01 0.01 0.01 0.01 0.01 0.01 0.01 0.01 0.01 0.01 0.01 0.01 0.01 0.01
# nyrs_fsh_age
 30
# nyrs_fsh_length
 0
# yrs_fsh_age_in
 1 2 3 4 5 6 7 8 9 10 11 12 13 14 15 16 17 18 19 20 21 22 23 24 25 26 27 28 29 30
# yrs_fsh_length_in

# n_sample_fsh_length_in

# olc_fsh_in

# nind
1
# indname
survey_index1
# nyrs_ind
 30
# yrs_ind_in
 1 2 3 4 5 6 7 8 9 10 11 12 13 14 15 16 17 18 19 20 21 22 23 24 25 26 27 28 29 30
# mo_ind
 1
# obs_ind_in
 1.46231 1.47261 1.45416 1.66592 1.48612 1.36295 1.56245 1.38156 1.3358 1.35469 1.23564 1.03116 0.960434 1.00589 0.868426 0.976702 1.11099 1.03961 0.653177 0.889257 0.572573 0.52734 0.616117 0.526992 0.629662 0.524176 0.518672 0.508023 0.540329 0.516526
# obs_se_ind_in
 0.292463 0.294522 0.290832 0.333184 0.297225 0.27259 0.31249 0.276313 0.26716 0.270938 0.247129 0.206231 0.192087 0.201179 0.173685 0.19534 0.222199 0.207923 0.130635 0.177851 0.114515 0.105468 0.123223 0.105398 0.125932 0.104835 0.103734 0.101605 0.108066 0.103305
# nyrs_ind_age
 30
# nyrs_ind_length
 0
# yrs_ind_age_in
 1 2 3 4 5 6 7 8 9 10 11 12 13 14 15 16 17 18 19 20 21 22 23 24 25 26 27 28 29 30
# yrs_ind_length_in

# yrs_ind_age_in
 1 2 3 4 5 6 7 8 9 10 11 12 13 14 15 16 17 18 19 20 21 22 23 24 25 26 27 28 29 30
# n_sample_ind_length_in

# olc_ind_in

# oac_ind_in
 0.09 0.14 0.15 0.115 0.075 0.05 0.07 0.06 0.06 0.035 0.035 0.12
 0.05 0.125 0.105 0.145 0.11 0.12 0.05 0.05 0.055 0.05 0.02 0.12
 0.07 0.23 0.11 0.08 0.085 0.08 0.035 0.1 0.045 0.025 0.04 0.1
 0.035 0.115 0.185 0.12 0.075 0.095 0.04 0.05 0.05 0.055 0.03 0.15
 0.065 0.12 0.13 0.15 0.125 0.055 0.06 0.045 0.03 0.05 0.035 0.135
 0.08 0.2 0.095 0.115 0.115 0.065 0.095 0.03 0.035 0.03 0.045 0.095
 0.07 0.175 0.125 0.075 0.145 0.085 0.06 0.08 0.025 0.025 0.03 0.105
 0.115 0.15 0.17 0.15 0.06 0.07 0.055 0.05 0.04 0.035 0.025 0.08
 0.08 0.13 0.175 0.2 0.125 0.065 0.015 0.04 0.03 0.035 0.025 0.08
 0.1 0.18 0.195 0.1 0.13 0.055 0.05 0.035 0.05 0.01 0.02 0.075
 0.055 0.18 0.145 0.145 0.14 0.055 0.105 0.055 0.02 0.025 0.005 0.07
 0.065 0.16 0.165 0.11 0.12 0.1 0.065 0.065 0.015 0.02 0.03 0.085
 0.1 0.125 0.235 0.13 0.065 0.095 0.065 0.045 0.03 0.04 0.01 0.06
 0.11 0.175 0.125 0.165 0.08 0.055 0.045 0.04 0.06 0.04 0.025 0.08
 0.1 0.18 0.21 0.125 0.08 0.09 0.06 0.055 0.015 0.02 0.02 0.045
 0.115 0.175 0.17 0.115 0.085 0.06 0.075 0.05 0.055 0.02 0.02 0.06
 0.1 0.22 0.18 0.135 0.08 0.07 0.065 0.035 0.045 0.02 0.01 0.04
 0.095 0.24 0.185 0.115 0.07 0.065 0.035 0.045 0.06 0.03 0.03 0.03
 0.09 0.165 0.22 0.17 0.14 0.075 0.035 0.035 0.02 0.015 0.005 0.03
 0.065 0.195 0.205 0.19 0.11 0.085 0.08 0.025 0.005 0.015 0.005 0.02
 0.185 0.175 0.205 0.12 0.12 0.09 0.045 0.01 0.015 0.01 0.02 0.005
 0.11 0.27 0.16 0.215 0.05 0.08 0.055 0.03 0.015 0.005 0 0.01
 0.1 0.28 0.25 0.12 0.08 0.06 0.035 0.01 0.01 0.015 0.01 0.03
 0.105 0.215 0.28 0.2 0.065 0.055 0.01 0.03 0.01 0.01 0 0.02
 0.105 0.235 0.15 0.19 0.125 0.055 0.035 0.025 0.02 0.03 0 0.03
 0.06 0.35 0.175 0.15 0.1 0.065 0.035 0.015 0.01 0.005 0.01 0.025
 0.095 0.24 0.28 0.14 0.08 0.09 0.02 0.01 0.005 0.005 0.005 0.03
 0.11 0.14 0.26 0.185 0.105 0.075 0.075 0.01 0.015 0.005 0.005 0.015
 0.185 0.275 0.225 0.105 0.085 0.065 0.025 0.02 0 0.01 0 0.005
 0.13 0.31 0.275 0.12 0.08 0.055 0.03 0 0 0 0 0
# wt_ind
 1 1 1 1 1 1 1 1 1 1 1 1
 1 1 1 1 1 1 1 1 1 1 1 1
 1 1 1 1 1 1 1 1 1 1 1 1
 1 1 1 1 1 1 1 1 1 1 1 1
 1 1 1 1 1 1 1 1 1 1 1 1
 1 1 1 1 1 1 1 1 1 1 1 1
 1 1 1 1 1 1 1 1 1 1 1 1
 1 1 1 1 1 1 1 1 1 1 1 1
 1 1 1 1 1 1 1 1 1 1 1 1
 1 1 1 1 1 1 1 1 1 1 1 1
 1 1 1 1 1 1 1 1 1 1 1 1
 1 1 1 1 1 1 1 1 1 1 1 1
 1 1 1 1 1 1 1 1 1 1 1 1
 1 1 1 1 1 1 1 1 1 1 1 1
 1 1 1 1 1 1 1 1 1 1 1 1
 1 1 1 1 1 1 1 1 1 1 1 1
 1 1 1 1 1 1 1 1 1 1 1 1
 1 1 1 1 1 1 1 1 1 1 1 1
 1 1 1 1 1 1 1 1 1 1 1 1
 1 1 1 1 1 1 1 1 1 1 1 1
 1 1 1 1 1 1 1 1 1 1 1 1
 1 1 1 1 1 1 1 1 1 1 1 1
 1 1 1 1 1 1 1 1 1 1 1 1
 1 1 1 1 1 1 1 1 1 1 1 1
 1 1 1 1 1 1 1 1 1 1 1 1
 1 1 1 1 1 1 1 1 1 1 1 1
 1 1 1 1 1 1 1 1 1 1 1 1
 1 1 1 1 1 1 1 1 1 1 1 1
 1 1 1 1 1 1 1 1 1 1 1 1
 1 1 1 1 1 1 1 1 1 1 1 1
# wt_pop
 0.000530656 0.00119633 0.00205827 0.00303499 0.00405521 0.0050647 0.00602623 0.00691692 0.00772489 0.00844611 0.00908185 0.0096367
# maturity
 0.0229774 0.320821 0.904651 0.99478 0.999739 0.999987 0.999999 1 1 1 1 1
# spawnmo
1
# age_err
 1 0 0 0 0 0 0 0 0 0 0 0
 0 1 0 0 0 0 0 0 0 0 0 0
 0 0 1 0 0 0 0 0 0 0 0 0
 0 0 0 1 0 0 0 0 0 0 0 0
 0 0 0 0 1 0 0 0 0 0 0 0
 0 0 0 0 0 1 0 0 0 0 0 0
 0 0 0 0 0 0 1 0 0 0 0 0
 0 0 0 0 0 0 0 1 0 0 0 0
 0 0 0 0 0 0 0 0 1 0 0 0
 0 0 0 0 0 0 0 0 0 1 0 0
 0 0 0 0 0 0 0 0 0 0 1 0
 0 0 0 0 0 0 0 0 0 0 0 1
# cntrlfile_name
C:\Users\bai.li\Desktop\s1_test\AMAK\s148\amak.dat
# Map shared selectivity: 
# sel_map
 1 2
 1 1
# datafile_name
amak_data.dat
# model_name
OM_1
# SrType
2
# use_age_err
0
# retro
0
# sigmarprior
0.2
# cvsigmarprior
0.25
# phase_sigmar
-3
# styr_rec_est
1
# endyr_rec_est
30
# Linfprior
80
# cvLinfprior
0.25
# kprior
0.18
# cvkprior
0.25
# Loprior
27.688
# cvLoprior
0.25
# sdageprior
0.1
# cvsdageprior
0.25
# natmortprior
0.2
# cvnatmortprior
0.25
# phase_M
-4
# npars_Mage
0
# ages_M_changes

# Mage_in

# phase_Mage
-5
# phase_rw_M
0
# npars_rw_M
0
# yrs_rw_M

# sigma_rw_M

# qprior
 3.48998e-007
# cvqprior
 1
# phase_q
 1
# q_power_prior
 1
# cvq_power_prior
 0.2
# phase_q_power
 -4
# phase_rw_q
 -1
# npars_rw_q
 0
# yrs_rw_q

# sigma_rw_q

# q_age_min
 1
# q_age_max
 12
# q_age_min
 1
# q_age_max
 12
# fsh_sel_opt(k)
2
# phase_sel_fsh(k)
-2
# n_sel_ch_fsh(k)
1
# sel_slp_in_fsh(k)(1,n_sel_ch_fsh(k))
 1
# sel_inf_in_fsh(k)(1,n_sel_ch_fsh(k))
 2
# logsel_slp_in_fsh(k)(1,n_sel_ch_fsh(k))
 0
# yrs_sel_ch_fsh(k)(1,n_sel_ch_fsh(k))
 1

Survey survey_index1
# ind_sel_opt(k)
2
# indname(k)
survey_index1
# nselages_in_ind(k)
11
# phase_sel_ind(k)
-2
# sel_change_in_ind(k)
 1 0 0 0 0 0 0 0 0 0 0 0 0 0 0 0 0 0 0 0 0 0 0 0 0 0 0 0 0 0
# n_sel_ch_ind(k)
1
# yrs_sel_ch_ind(k)(1,n_sel_ch_ind(k))
 1
# sel_slp_in_ind(k,1)
2
# sel_inf_in_ind(k,1)
1.5
# logsel_slp_in_ind(k,1)
0.693147
# logsel_slp_in_indv(k)
0.693147
survey_index1 ind sel opt 2  1 0 0 0 0 0 0 0 0 0 0 0 0 0 0 0 0 0 0 0 0 0 0 0 0 0 0 0 0 0
Phase indices Sel_Coffs:  -1
 Test: 1.23457e+008
# Fshry Selages:  11
# Srvy  Selages:  11
# Phase for age-spec fishery  -1
# Phase for logistic fishery  -2
# Phase for dble logistic fishery  -1
# Phase for age-spec indices   -1
# Phase for logistic indices   -2
# Phase for dble logistic ind  -1
# Curv_pen_fsh: 
 0
# Curv_pen_ind: 
 0
# styr_fut
31
# endyr_fut
35
# nyrs_fsh_age
 30
# nyrs_fsh_age
 30
# yrs_fsh_age
 1 2 3 4 5 6 7 8 9 10 11 12 13 14 15 16 17 18 19 20 21 22 23 24 25 26 27 28 29 30
# n_sample_fsh_age
 200 200 200 200 200 200 200 200 200 200 200 200 200 200 200 200 200 200 200 200 200 200 200 200 200 200 200 200 200 200
# oac_fsh
 0.085 0.085 0.105 0.14 0.115 0.085 0.065 0.05 0.06 0.08 0.03 0.1
 0.06 0.12 0.115 0.12 0.09 0.115 0.05 0.045 0.04 0.04 0.025 0.18
 0.05 0.12 0.12 0.135 0.12 0.075 0.1 0.06 0.055 0.015 0.04 0.11
 0.065 0.11 0.14 0.1 0.095 0.085 0.075 0.04 0.065 0.025 0.03 0.17
 0.105 0.095 0.145 0.155 0.09 0.08 0.05 0.045 0.025 0.01 0.05 0.15
 0.085 0.115 0.095 0.15 0.105 0.09 0.08 0.06 0.03 0.025 0.04 0.125
 0.1 0.11 0.165 0.115 0.08 0.09 0.055 0.055 0.04 0.03 0.03 0.13
 0.1 0.09 0.135 0.145 0.09 0.07 0.07 0.05 0.025 0.035 0.02 0.17
 0.085 0.17 0.155 0.15 0.12 0.035 0.05 0.05 0.02 0.045 0.04 0.08
 0.065 0.125 0.18 0.13 0.13 0.095 0.055 0.04 0.025 0.04 0.005 0.11
 0.115 0.12 0.125 0.17 0.105 0.095 0.085 0.04 0.035 0.015 0.025 0.07
 0.085 0.2 0.17 0.11 0.125 0.065 0.05 0.06 0.015 0.01 0.015 0.095
 0.09 0.14 0.165 0.145 0.095 0.1 0.105 0.035 0.035 0.025 0.015 0.05
 0.07 0.145 0.195 0.135 0.115 0.055 0.08 0.055 0.055 0.035 0.015 0.045
 0.13 0.12 0.175 0.12 0.145 0.1 0.055 0.06 0 0.02 0.015 0.06
 0.155 0.115 0.195 0.115 0.075 0.095 0.08 0.025 0.05 0.015 0.01 0.07
 0.11 0.135 0.225 0.14 0.1 0.045 0.105 0.025 0.01 0.02 0.02 0.065
 0.115 0.215 0.21 0.125 0.09 0.06 0.075 0.03 0.015 0.025 0.005 0.035
 0.115 0.1 0.245 0.16 0.06 0.1 0.06 0.045 0.03 0.03 0.01 0.045
 0.1 0.165 0.15 0.155 0.12 0.075 0.06 0.055 0.05 0.025 0.01 0.035
 0.165 0.135 0.165 0.13 0.135 0.095 0.035 0.025 0.045 0.015 0.02 0.035
 0.2 0.185 0.19 0.12 0.08 0.08 0.06 0.005 0.02 0.025 0.005 0.03
 0.125 0.235 0.2 0.14 0.12 0.03 0.055 0.06 0.005 0.005 0.005 0.02
 0.12 0.24 0.185 0.195 0.045 0.085 0.04 0.025 0.04 0 0.01 0.015
 0.185 0.185 0.19 0.175 0.125 0.06 0.025 0.02 0.005 0.005 0 0.025
 0.09 0.255 0.16 0.15 0.14 0.08 0.02 0.035 0.015 0.02 0.005 0.03
 0.175 0.155 0.195 0.16 0.115 0.095 0.055 0.015 0.02 0 0.015 0
 0.195 0.175 0.2 0.18 0.095 0.055 0.045 0.02 0.01 0.015 0 0.01
 0.235 0.2 0.19 0.12 0.1 0.025 0.06 0.025 0.01 0.01 0.015 0.01
 0.155 0.285 0.235 0.135 0.055 0.055 0.04 0.015 0.005 0.005 0 0.015
# olc_fsh

# wt_fsh
 0.000530656 0.00119633 0.00205827 0.00303499 0.00405521 0.0050647 0.00602623 0.00691692 0.00772489 0.00844611 0.00908185 0.0096367
 0.000530656 0.00119633 0.00205827 0.00303499 0.00405521 0.0050647 0.00602623 0.00691692 0.00772489 0.00844611 0.00908185 0.0096367
 0.000530656 0.00119633 0.00205827 0.00303499 0.00405521 0.0050647 0.00602623 0.00691692 0.00772489 0.00844611 0.00908185 0.0096367
 0.000530656 0.00119633 0.00205827 0.00303499 0.00405521 0.0050647 0.00602623 0.00691692 0.00772489 0.00844611 0.00908185 0.0096367
 0.000530656 0.00119633 0.00205827 0.00303499 0.00405521 0.0050647 0.00602623 0.00691692 0.00772489 0.00844611 0.00908185 0.0096367
 0.000530656 0.00119633 0.00205827 0.00303499 0.00405521 0.0050647 0.00602623 0.00691692 0.00772489 0.00844611 0.00908185 0.0096367
 0.000530656 0.00119633 0.00205827 0.00303499 0.00405521 0.0050647 0.00602623 0.00691692 0.00772489 0.00844611 0.00908185 0.0096367
 0.000530656 0.00119633 0.00205827 0.00303499 0.00405521 0.0050647 0.00602623 0.00691692 0.00772489 0.00844611 0.00908185 0.0096367
 0.000530656 0.00119633 0.00205827 0.00303499 0.00405521 0.0050647 0.00602623 0.00691692 0.00772489 0.00844611 0.00908185 0.0096367
 0.000530656 0.00119633 0.00205827 0.00303499 0.00405521 0.0050647 0.00602623 0.00691692 0.00772489 0.00844611 0.00908185 0.0096367
 0.000530656 0.00119633 0.00205827 0.00303499 0.00405521 0.0050647 0.00602623 0.00691692 0.00772489 0.00844611 0.00908185 0.0096367
 0.000530656 0.00119633 0.00205827 0.00303499 0.00405521 0.0050647 0.00602623 0.00691692 0.00772489 0.00844611 0.00908185 0.0096367
 0.000530656 0.00119633 0.00205827 0.00303499 0.00405521 0.0050647 0.00602623 0.00691692 0.00772489 0.00844611 0.00908185 0.0096367
 0.000530656 0.00119633 0.00205827 0.00303499 0.00405521 0.0050647 0.00602623 0.00691692 0.00772489 0.00844611 0.00908185 0.0096367
 0.000530656 0.00119633 0.00205827 0.00303499 0.00405521 0.0050647 0.00602623 0.00691692 0.00772489 0.00844611 0.00908185 0.0096367
 0.000530656 0.00119633 0.00205827 0.00303499 0.00405521 0.0050647 0.00602623 0.00691692 0.00772489 0.00844611 0.00908185 0.0096367
 0.000530656 0.00119633 0.00205827 0.00303499 0.00405521 0.0050647 0.00602623 0.00691692 0.00772489 0.00844611 0.00908185 0.0096367
 0.000530656 0.00119633 0.00205827 0.00303499 0.00405521 0.0050647 0.00602623 0.00691692 0.00772489 0.00844611 0.00908185 0.0096367
 0.000530656 0.00119633 0.00205827 0.00303499 0.00405521 0.0050647 0.00602623 0.00691692 0.00772489 0.00844611 0.00908185 0.0096367
 0.000530656 0.00119633 0.00205827 0.00303499 0.00405521 0.0050647 0.00602623 0.00691692 0.00772489 0.00844611 0.00908185 0.0096367
 0.000530656 0.00119633 0.00205827 0.00303499 0.00405521 0.0050647 0.00602623 0.00691692 0.00772489 0.00844611 0.00908185 0.0096367
 0.000530656 0.00119633 0.00205827 0.00303499 0.00405521 0.0050647 0.00602623 0.00691692 0.00772489 0.00844611 0.00908185 0.0096367
 0.000530656 0.00119633 0.00205827 0.00303499 0.00405521 0.0050647 0.00602623 0.00691692 0.00772489 0.00844611 0.00908185 0.0096367
 0.000530656 0.00119633 0.00205827 0.00303499 0.00405521 0.0050647 0.00602623 0.00691692 0.00772489 0.00844611 0.00908185 0.0096367
 0.000530656 0.00119633 0.00205827 0.00303499 0.00405521 0.0050647 0.00602623 0.00691692 0.00772489 0.00844611 0.00908185 0.0096367
 0.000530656 0.00119633 0.00205827 0.00303499 0.00405521 0.0050647 0.00602623 0.00691692 0.00772489 0.00844611 0.00908185 0.0096367
 0.000530656 0.00119633 0.00205827 0.00303499 0.00405521 0.0050647 0.00602623 0.00691692 0.00772489 0.00844611 0.00908185 0.0096367
 0.000530656 0.00119633 0.00205827 0.00303499 0.00405521 0.0050647 0.00602623 0.00691692 0.00772489 0.00844611 0.00908185 0.0096367
 0.000530656 0.00119633 0.00205827 0.00303499 0.00405521 0.0050647 0.00602623 0.00691692 0.00772489 0.00844611 0.00908185 0.0096367
 0.000530656 0.00119633 0.00205827 0.00303499 0.00405521 0.0050647 0.00602623 0.00691692 0.00772489 0.00844611 0.00908185 0.0096367
# nyrs_ind_age
 30
# yrs_ind_age
 1 2 3 4 5 6 7 8 9 10 11 12 13 14 15 16 17 18 19 20 21 22 23 24 25 26 27 28 29 30
# n_sample_ind_age
 200 200 200 200 200 200 200 200 200 200 200 200 200 200 200 200 200 200 200 200 200 200 200 200 200 200 200 200 200 200
# oac_ind
 0.09 0.14 0.15 0.115 0.075 0.05 0.07 0.06 0.06 0.035 0.035 0.12
 0.05 0.125 0.105 0.145 0.11 0.12 0.05 0.05 0.055 0.05 0.02 0.12
 0.07 0.23 0.11 0.08 0.085 0.08 0.035 0.1 0.045 0.025 0.04 0.1
 0.035 0.115 0.185 0.12 0.075 0.095 0.04 0.05 0.05 0.055 0.03 0.15
 0.065 0.12 0.13 0.15 0.125 0.055 0.06 0.045 0.03 0.05 0.035 0.135
 0.08 0.2 0.095 0.115 0.115 0.065 0.095 0.03 0.035 0.03 0.045 0.095
 0.07 0.175 0.125 0.075 0.145 0.085 0.06 0.08 0.025 0.025 0.03 0.105
 0.115 0.15 0.17 0.15 0.06 0.07 0.055 0.05 0.04 0.035 0.025 0.08
 0.08 0.13 0.175 0.2 0.125 0.065 0.015 0.04 0.03 0.035 0.025 0.08
 0.1 0.18 0.195 0.1 0.13 0.055 0.05 0.035 0.05 0.01 0.02 0.075
 0.055 0.18 0.145 0.145 0.14 0.055 0.105 0.055 0.02 0.025 0.005 0.07
 0.065 0.16 0.165 0.11 0.12 0.1 0.065 0.065 0.015 0.02 0.03 0.085
 0.1 0.125 0.235 0.13 0.065 0.095 0.065 0.045 0.03 0.04 0.01 0.06
 0.11 0.175 0.125 0.165 0.08 0.055 0.045 0.04 0.06 0.04 0.025 0.08
 0.1 0.18 0.21 0.125 0.08 0.09 0.06 0.055 0.015 0.02 0.02 0.045
 0.115 0.175 0.17 0.115 0.085 0.06 0.075 0.05 0.055 0.02 0.02 0.06
 0.1 0.22 0.18 0.135 0.08 0.07 0.065 0.035 0.045 0.02 0.01 0.04
 0.095 0.24 0.185 0.115 0.07 0.065 0.035 0.045 0.06 0.03 0.03 0.03
 0.09 0.165 0.22 0.17 0.14 0.075 0.035 0.035 0.02 0.015 0.005 0.03
 0.065 0.195 0.205 0.19 0.11 0.085 0.08 0.025 0.005 0.015 0.005 0.02
 0.185 0.175 0.205 0.12 0.12 0.09 0.045 0.01 0.015 0.01 0.02 0.005
 0.11 0.27 0.16 0.215 0.05 0.08 0.055 0.03 0.015 0.005 0 0.01
 0.1 0.28 0.25 0.12 0.08 0.06 0.035 0.01 0.01 0.015 0.01 0.03
 0.105 0.215 0.28 0.2 0.065 0.055 0.01 0.03 0.01 0.01 0 0.02
 0.105 0.235 0.15 0.19 0.125 0.055 0.035 0.025 0.02 0.03 0 0.03
 0.06 0.35 0.175 0.15 0.1 0.065 0.035 0.015 0.01 0.005 0.01 0.025
 0.095 0.24 0.28 0.14 0.08 0.09 0.02 0.01 0.005 0.005 0.005 0.03
 0.11 0.14 0.26 0.185 0.105 0.075 0.075 0.01 0.015 0.005 0.005 0.015
 0.185 0.275 0.225 0.105 0.085 0.065 0.025 0.02 0 0.01 0 0.005
 0.13 0.31 0.275 0.12 0.08 0.055 0.03 0 0 0 0 0
# olc_ind

# obs_lse_ind
 0.198042 0.198042 0.198042 0.198042 0.198042 0.198042 0.198042 0.198042 0.198042 0.198042 0.198042 0.198042 0.198042 0.198042 0.198042 0.198042 0.198042 0.198042 0.198042 0.198042 0.198042 0.198042 0.198042 0.198042 0.198042 0.198042 0.198042 0.198042 0.198042 0.198042
# xages_fsh
 0 0 0 0 0 0 0 0 0 0 0 0
# xages_fsh
 0 0.0909091 0.181818 0.272727 0.363636 0.454545 0.545455 0.636364 0.727273 0.818182 0.909091 1
# xnodes_fsh

Yrs fsh_sel change:  1 0 0 0 0 0 0 0 0 0 0 0 0 0 0 0 0 0 0 0 0 0 0 0 0 0 0 0 0
Yrs ind_sel change:  1 0 0 0 0 0 0 0 0 0 0 0 0 0 0 0 0 0 0 0 0 0 0 0 0 0 0 0 0
# steepnessprior
0.75
# sigmarprior
0.2
#  SSB estimated in styr endyr: -12 28 
#  Rec estimated in styr endyr: -10 30 
#  SR Curve fit  in styr endyr: 1 30 
#             Model styr endyr: 1 30 
# qprior
 3.48998e-007
# q_power_prior 
 1 
# cv_catchbiomass 
0.05 
# CatchbiomassPen 
200 
# Number of projection years 
5 
# offset_fsh
 13415.1
# offset_ind
 13148.6
Mean Catch
1275.86
R_guess 
13.8155
# nfsh
1
# n_sel_ch_fsh
 1
# nselages_fsh
 11
# phase_selcoff_fsh
 -1
logRzero 13.8155
logmeanrec 13.8155
exp(log_sigmarprior 0.2
Fish sel phase: -1 OM1
Fixing fishery sel to
1
Fixing fishery sel to
1
Srvy sel phase: -1
Fixing survey_index1 indices sel to
1
Fixing index sel to
1
# logsel_slp_in_indv
 0.693147
Leaving parameter init secton
# M
 0.2 0.2 0.2 0.2 0.2 0.2 0.2 0.2 0.2 0.2 0.2 0.2
 0.2 0.2 0.2 0.2 0.2 0.2 0.2 0.2 0.2 0.2 0.2 0.2
 0.2 0.2 0.2 0.2 0.2 0.2 0.2 0.2 0.2 0.2 0.2 0.2
 0.2 0.2 0.2 0.2 0.2 0.2 0.2 0.2 0.2 0.2 0.2 0.2
 0.2 0.2 0.2 0.2 0.2 0.2 0.2 0.2 0.2 0.2 0.2 0.2
 0.2 0.2 0.2 0.2 0.2 0.2 0.2 0.2 0.2 0.2 0.2 0.2
 0.2 0.2 0.2 0.2 0.2 0.2 0.2 0.2 0.2 0.2 0.2 0.2
 0.2 0.2 0.2 0.2 0.2 0.2 0.2 0.2 0.2 0.2 0.2 0.2
 0.2 0.2 0.2 0.2 0.2 0.2 0.2 0.2 0.2 0.2 0.2 0.2
 0.2 0.2 0.2 0.2 0.2 0.2 0.2 0.2 0.2 0.2 0.2 0.2
 0.2 0.2 0.2 0.2 0.2 0.2 0.2 0.2 0.2 0.2 0.2 0.2
 0.2 0.2 0.2 0.2 0.2 0.2 0.2 0.2 0.2 0.2 0.2 0.2
 0.2 0.2 0.2 0.2 0.2 0.2 0.2 0.2 0.2 0.2 0.2 0.2
 0.2 0.2 0.2 0.2 0.2 0.2 0.2 0.2 0.2 0.2 0.2 0.2
 0.2 0.2 0.2 0.2 0.2 0.2 0.2 0.2 0.2 0.2 0.2 0.2
 0.2 0.2 0.2 0.2 0.2 0.2 0.2 0.2 0.2 0.2 0.2 0.2
 0.2 0.2 0.2 0.2 0.2 0.2 0.2 0.2 0.2 0.2 0.2 0.2
 0.2 0.2 0.2 0.2 0.2 0.2 0.2 0.2 0.2 0.2 0.2 0.2
 0.2 0.2 0.2 0.2 0.2 0.2 0.2 0.2 0.2 0.2 0.2 0.2
 0.2 0.2 0.2 0.2 0.2 0.2 0.2 0.2 0.2 0.2 0.2 0.2
 0.2 0.2 0.2 0.2 0.2 0.2 0.2 0.2 0.2 0.2 0.2 0.2
 0.2 0.2 0.2 0.2 0.2 0.2 0.2 0.2 0.2 0.2 0.2 0.2
 0.2 0.2 0.2 0.2 0.2 0.2 0.2 0.2 0.2 0.2 0.2 0.2
 0.2 0.2 0.2 0.2 0.2 0.2 0.2 0.2 0.2 0.2 0.2 0.2
 0.2 0.2 0.2 0.2 0.2 0.2 0.2 0.2 0.2 0.2 0.2 0.2
 0.2 0.2 0.2 0.2 0.2 0.2 0.2 0.2 0.2 0.2 0.2 0.2
 0.2 0.2 0.2 0.2 0.2 0.2 0.2 0.2 0.2 0.2 0.2 0.2
 0.2 0.2 0.2 0.2 0.2 0.2 0.2 0.2 0.2 0.2 0.2 0.2
 0.2 0.2 0.2 0.2 0.2 0.2 0.2 0.2 0.2 0.2 0.2 0.2
 0.2 0.2 0.2 0.2 0.2 0.2 0.2 0.2 0.2 0.2 0.2 0.2
# mean_log_rec
13.7685
# log_Rzero
13.7904
# rec_dev
 -0.0875741 0.00874078 0.0601571 0.186341 -0.0712315 0.0350705 0.0395977 0.0129537 -0.0418504 0.0387839 -0.00345266 0.0267849 0.186536 -0.00211896 -0.142448 0.251906 0.215468 0.10183 0.240439 -0.0718853 0.0535928 0.1192 -0.136281 -0.0423499 -0.0458921 -0.0723769 0.0934128 0.0795181 -0.336654 -0.170241 -0.385603 -0.0217034 -0.0179655 -0.28397 -0.382617 -0.181345 -0.501231 -0.470725 -0.241369 -0.0717939 -0.344134
# fmort
 0.00907957 0.0267998 0.0447012 0.0612427 0.0492537 0.089371 0.091571 0.192998 0.114157 0.137163 0.155846 0.165805 0.12045 0.175664 0.186515 0.166339 0.326657 0.269556 0.263944 0.261853 0.363393 0.265336 0.43598 0.36114 0.360593 0.333988 0.327295 0.465501 0.361215 0.56382
# rec_dev_future
 0 0 0 0 0
