#nyears
 30
#year1
 1
#nages
 12
#nfleets
 1
#nselblocks
 1
#navailindices
 1
#M
  0.2 0.2 0.2 0.2 0.2 0.2 0.2 0.2 0.2 0.2 0.2 0.2
 0.2 0.2 0.2 0.2 0.2 0.2 0.2 0.2 0.2 0.2 0.2 0.2
 0.2 0.2 0.2 0.2 0.2 0.2 0.2 0.2 0.2 0.2 0.2 0.2
 0.2 0.2 0.2 0.2 0.2 0.2 0.2 0.2 0.2 0.2 0.2 0.2
 0.2 0.2 0.2 0.2 0.2 0.2 0.2 0.2 0.2 0.2 0.2 0.2
 0.2 0.2 0.2 0.2 0.2 0.2 0.2 0.2 0.2 0.2 0.2 0.2
 0.2 0.2 0.2 0.2 0.2 0.2 0.2 0.2 0.2 0.2 0.2 0.2
 0.2 0.2 0.2 0.2 0.2 0.2 0.2 0.2 0.2 0.2 0.2 0.2
 0.2 0.2 0.2 0.2 0.2 0.2 0.2 0.2 0.2 0.2 0.2 0.2
 0.2 0.2 0.2 0.2 0.2 0.2 0.2 0.2 0.2 0.2 0.2 0.2
 0.2 0.2 0.2 0.2 0.2 0.2 0.2 0.2 0.2 0.2 0.2 0.2
 0.2 0.2 0.2 0.2 0.2 0.2 0.2 0.2 0.2 0.2 0.2 0.2
 0.2 0.2 0.2 0.2 0.2 0.2 0.2 0.2 0.2 0.2 0.2 0.2
 0.2 0.2 0.2 0.2 0.2 0.2 0.2 0.2 0.2 0.2 0.2 0.2
 0.2 0.2 0.2 0.2 0.2 0.2 0.2 0.2 0.2 0.2 0.2 0.2
 0.2 0.2 0.2 0.2 0.2 0.2 0.2 0.2 0.2 0.2 0.2 0.2
 0.2 0.2 0.2 0.2 0.2 0.2 0.2 0.2 0.2 0.2 0.2 0.2
 0.2 0.2 0.2 0.2 0.2 0.2 0.2 0.2 0.2 0.2 0.2 0.2
 0.2 0.2 0.2 0.2 0.2 0.2 0.2 0.2 0.2 0.2 0.2 0.2
 0.2 0.2 0.2 0.2 0.2 0.2 0.2 0.2 0.2 0.2 0.2 0.2
 0.2 0.2 0.2 0.2 0.2 0.2 0.2 0.2 0.2 0.2 0.2 0.2
 0.2 0.2 0.2 0.2 0.2 0.2 0.2 0.2 0.2 0.2 0.2 0.2
 0.2 0.2 0.2 0.2 0.2 0.2 0.2 0.2 0.2 0.2 0.2 0.2
 0.2 0.2 0.2 0.2 0.2 0.2 0.2 0.2 0.2 0.2 0.2 0.2
 0.2 0.2 0.2 0.2 0.2 0.2 0.2 0.2 0.2 0.2 0.2 0.2
 0.2 0.2 0.2 0.2 0.2 0.2 0.2 0.2 0.2 0.2 0.2 0.2
 0.2 0.2 0.2 0.2 0.2 0.2 0.2 0.2 0.2 0.2 0.2 0.2
 0.2 0.2 0.2 0.2 0.2 0.2 0.2 0.2 0.2 0.2 0.2 0.2
 0.2 0.2 0.2 0.2 0.2 0.2 0.2 0.2 0.2 0.2 0.2 0.2
 0.2 0.2 0.2 0.2 0.2 0.2 0.2 0.2 0.2 0.2 0.2 0.2
#isfecund
 0
#fracyearSSB
 0
#mature
  0.0114887 0.160411 0.452325 0.49739 0.499869 0.499993 0.5 0.5 0.5 0.5 0.5 0.5
 0.0114887 0.160411 0.452325 0.49739 0.499869 0.499993 0.5 0.5 0.5 0.5 0.5 0.5
 0.0114887 0.160411 0.452325 0.49739 0.499869 0.499993 0.5 0.5 0.5 0.5 0.5 0.5
 0.0114887 0.160411 0.452325 0.49739 0.499869 0.499993 0.5 0.5 0.5 0.5 0.5 0.5
 0.0114887 0.160411 0.452325 0.49739 0.499869 0.499993 0.5 0.5 0.5 0.5 0.5 0.5
 0.0114887 0.160411 0.452325 0.49739 0.499869 0.499993 0.5 0.5 0.5 0.5 0.5 0.5
 0.0114887 0.160411 0.452325 0.49739 0.499869 0.499993 0.5 0.5 0.5 0.5 0.5 0.5
 0.0114887 0.160411 0.452325 0.49739 0.499869 0.499993 0.5 0.5 0.5 0.5 0.5 0.5
 0.0114887 0.160411 0.452325 0.49739 0.499869 0.499993 0.5 0.5 0.5 0.5 0.5 0.5
 0.0114887 0.160411 0.452325 0.49739 0.499869 0.499993 0.5 0.5 0.5 0.5 0.5 0.5
 0.0114887 0.160411 0.452325 0.49739 0.499869 0.499993 0.5 0.5 0.5 0.5 0.5 0.5
 0.0114887 0.160411 0.452325 0.49739 0.499869 0.499993 0.5 0.5 0.5 0.5 0.5 0.5
 0.0114887 0.160411 0.452325 0.49739 0.499869 0.499993 0.5 0.5 0.5 0.5 0.5 0.5
 0.0114887 0.160411 0.452325 0.49739 0.499869 0.499993 0.5 0.5 0.5 0.5 0.5 0.5
 0.0114887 0.160411 0.452325 0.49739 0.499869 0.499993 0.5 0.5 0.5 0.5 0.5 0.5
 0.0114887 0.160411 0.452325 0.49739 0.499869 0.499993 0.5 0.5 0.5 0.5 0.5 0.5
 0.0114887 0.160411 0.452325 0.49739 0.499869 0.499993 0.5 0.5 0.5 0.5 0.5 0.5
 0.0114887 0.160411 0.452325 0.49739 0.499869 0.499993 0.5 0.5 0.5 0.5 0.5 0.5
 0.0114887 0.160411 0.452325 0.49739 0.499869 0.499993 0.5 0.5 0.5 0.5 0.5 0.5
 0.0114887 0.160411 0.452325 0.49739 0.499869 0.499993 0.5 0.5 0.5 0.5 0.5 0.5
 0.0114887 0.160411 0.452325 0.49739 0.499869 0.499993 0.5 0.5 0.5 0.5 0.5 0.5
 0.0114887 0.160411 0.452325 0.49739 0.499869 0.499993 0.5 0.5 0.5 0.5 0.5 0.5
 0.0114887 0.160411 0.452325 0.49739 0.499869 0.499993 0.5 0.5 0.5 0.5 0.5 0.5
 0.0114887 0.160411 0.452325 0.49739 0.499869 0.499993 0.5 0.5 0.5 0.5 0.5 0.5
 0.0114887 0.160411 0.452325 0.49739 0.499869 0.499993 0.5 0.5 0.5 0.5 0.5 0.5
 0.0114887 0.160411 0.452325 0.49739 0.499869 0.499993 0.5 0.5 0.5 0.5 0.5 0.5
 0.0114887 0.160411 0.452325 0.49739 0.499869 0.499993 0.5 0.5 0.5 0.5 0.5 0.5
 0.0114887 0.160411 0.452325 0.49739 0.499869 0.499993 0.5 0.5 0.5 0.5 0.5 0.5
 0.0114887 0.160411 0.452325 0.49739 0.499869 0.499993 0.5 0.5 0.5 0.5 0.5 0.5
 0.0114887 0.160411 0.452325 0.49739 0.499869 0.499993 0.5 0.5 0.5 0.5 0.5 0.5
#nWAAmatrices
 1
#WAA_ini
  0.530655 1.19633 2.05827 3.03499 4.05521 5.0647 6.02623 6.91692 7.72489 8.44611 9.08185 9.63669
 0.530655 1.19633 2.05827 3.03499 4.05521 5.0647 6.02623 6.91692 7.72489 8.44611 9.08185 9.63669
 0.530655 1.19633 2.05827 3.03499 4.05521 5.0647 6.02623 6.91692 7.72489 8.44611 9.08185 9.63669
 0.530655 1.19633 2.05827 3.03499 4.05521 5.0647 6.02623 6.91692 7.72489 8.44611 9.08185 9.63669
 0.530655 1.19633 2.05827 3.03499 4.05521 5.0647 6.02623 6.91692 7.72489 8.44611 9.08185 9.63669
 0.530655 1.19633 2.05827 3.03499 4.05521 5.0647 6.02623 6.91692 7.72489 8.44611 9.08185 9.63669
 0.530655 1.19633 2.05827 3.03499 4.05521 5.0647 6.02623 6.91692 7.72489 8.44611 9.08185 9.63669
 0.530655 1.19633 2.05827 3.03499 4.05521 5.0647 6.02623 6.91692 7.72489 8.44611 9.08185 9.63669
 0.530655 1.19633 2.05827 3.03499 4.05521 5.0647 6.02623 6.91692 7.72489 8.44611 9.08185 9.63669
 0.530655 1.19633 2.05827 3.03499 4.05521 5.0647 6.02623 6.91692 7.72489 8.44611 9.08185 9.63669
 0.530655 1.19633 2.05827 3.03499 4.05521 5.0647 6.02623 6.91692 7.72489 8.44611 9.08185 9.63669
 0.530655 1.19633 2.05827 3.03499 4.05521 5.0647 6.02623 6.91692 7.72489 8.44611 9.08185 9.63669
 0.530655 1.19633 2.05827 3.03499 4.05521 5.0647 6.02623 6.91692 7.72489 8.44611 9.08185 9.63669
 0.530655 1.19633 2.05827 3.03499 4.05521 5.0647 6.02623 6.91692 7.72489 8.44611 9.08185 9.63669
 0.530655 1.19633 2.05827 3.03499 4.05521 5.0647 6.02623 6.91692 7.72489 8.44611 9.08185 9.63669
 0.530655 1.19633 2.05827 3.03499 4.05521 5.0647 6.02623 6.91692 7.72489 8.44611 9.08185 9.63669
 0.530655 1.19633 2.05827 3.03499 4.05521 5.0647 6.02623 6.91692 7.72489 8.44611 9.08185 9.63669
 0.530655 1.19633 2.05827 3.03499 4.05521 5.0647 6.02623 6.91692 7.72489 8.44611 9.08185 9.63669
 0.530655 1.19633 2.05827 3.03499 4.05521 5.0647 6.02623 6.91692 7.72489 8.44611 9.08185 9.63669
 0.530655 1.19633 2.05827 3.03499 4.05521 5.0647 6.02623 6.91692 7.72489 8.44611 9.08185 9.63669
 0.530655 1.19633 2.05827 3.03499 4.05521 5.0647 6.02623 6.91692 7.72489 8.44611 9.08185 9.63669
 0.530655 1.19633 2.05827 3.03499 4.05521 5.0647 6.02623 6.91692 7.72489 8.44611 9.08185 9.63669
 0.530655 1.19633 2.05827 3.03499 4.05521 5.0647 6.02623 6.91692 7.72489 8.44611 9.08185 9.63669
 0.530655 1.19633 2.05827 3.03499 4.05521 5.0647 6.02623 6.91692 7.72489 8.44611 9.08185 9.63669
 0.530655 1.19633 2.05827 3.03499 4.05521 5.0647 6.02623 6.91692 7.72489 8.44611 9.08185 9.63669
 0.530655 1.19633 2.05827 3.03499 4.05521 5.0647 6.02623 6.91692 7.72489 8.44611 9.08185 9.63669
 0.530655 1.19633 2.05827 3.03499 4.05521 5.0647 6.02623 6.91692 7.72489 8.44611 9.08185 9.63669
 0.530655 1.19633 2.05827 3.03499 4.05521 5.0647 6.02623 6.91692 7.72489 8.44611 9.08185 9.63669
 0.530655 1.19633 2.05827 3.03499 4.05521 5.0647 6.02623 6.91692 7.72489 8.44611 9.08185 9.63669
 0.530655 1.19633 2.05827 3.03499 4.05521 5.0647 6.02623 6.91692 7.72489 8.44611 9.08185 9.63669
#WAApointbio
  1 1 1 1 1 1
#sel_blocks
  1 1 1 1 1 1 1 1 1 1 1 1 1 1 1 1 1 1 1 1 1 1 1 1 1 1 1 1 1 1
#sel_option
  2
#sel_ini
  0 0 0 0
 0 0 0 0
 0 0 0 0
 0 0 0 0
 0 0 0 0
 0 0 0 0
 0 0 0 0
 0 0 0 0
 0 0 0 0
 0 0 0 0
 0 0 0 0
 0 0 0 0
 2 -2 0 0.5
 1 -2 0 0.5
 0 0 0 0
 0 0 0 0
 0 0 0 0
 0 0 0 0
#sel_start_age
  1
#sel_end_age
  12
#Freport_agemin
 6
#Freport_agemax
 12
#Freport_wtopt
 1
#use_likelihood_constants
 0
#release_mort
  0
#CAA_ini
  0.08 0.115 0.13 0.125 0.085 0.1 0.075 0.045 0.025 0.045 0.02 0.155 161.102
 0.095 0.08 0.125 0.09 0.135 0.075 0.07 0.07 0.035 0.055 0.025 0.145 469.184
 0.05 0.15 0.13 0.115 0.075 0.05 0.09 0.035 0.05 0.08 0.005 0.17 759.034
 0.065 0.09 0.16 0.145 0.145 0.075 0.07 0.03 0.045 0.03 0.04 0.105 991.158
 0.085 0.095 0.115 0.14 0.085 0.085 0.08 0.075 0.045 0.035 0.025 0.135 768.392
 0.075 0.16 0.12 0.115 0.125 0.1 0.06 0.035 0.04 0.045 0.03 0.095 1323.9
 0.045 0.155 0.155 0.115 0.07 0.095 0.095 0.02 0.05 0.065 0.035 0.1 1279.43
 0.095 0.12 0.185 0.12 0.105 0.085 0.085 0.035 0.04 0.025 0.015 0.09 2468.69
 0.1 0.145 0.12 0.08 0.135 0.055 0.09 0.065 0.04 0.045 0.015 0.11 1328.69
 0.085 0.12 0.18 0.07 0.15 0.12 0.04 0.025 0.045 0.02 0.02 0.125 1520.34
 0.12 0.08 0.145 0.13 0.115 0.095 0.11 0.035 0.035 0.035 0.025 0.075 1613.45
 0.095 0.185 0.125 0.125 0.06 0.07 0.09 0.07 0.035 0.035 0.03 0.08 1614.1
 0.1 0.125 0.17 0.16 0.115 0.095 0.025 0.055 0.04 0.005 0.02 0.09 1099.97
 0.145 0.115 0.145 0.13 0.15 0.065 0.05 0.025 0.04 0.045 0.005 0.085 1518.04
 0.085 0.145 0.165 0.14 0.1 0.095 0.065 0.06 0.055 0.03 0.015 0.045 1503.02
 0.135 0.21 0.13 0.14 0.08 0.085 0.045 0.04 0.045 0.02 0.005 0.065 1274.05
 0.115 0.15 0.175 0.175 0.115 0.05 0.085 0.035 0.015 0.02 0.02 0.045 2251.82
 0.1 0.215 0.19 0.11 0.1 0.105 0.04 0.045 0.035 0.01 0.015 0.035 1621.5
 0.125 0.11 0.175 0.13 0.145 0.095 0.055 0.045 0.05 0.015 0.01 0.045 1462.47
 0.145 0.195 0.19 0.125 0.13 0.05 0.05 0.025 0.03 0.015 0.005 0.04 1303.51
 0.2 0.105 0.18 0.125 0.095 0.095 0.06 0.02 0.015 0.01 0.03 0.065 1637.55
 0.175 0.185 0.13 0.145 0.085 0.08 0.085 0.04 0.005 0.025 0.005 0.04 1082.01
 0.135 0.2 0.22 0.1 0.08 0.065 0.07 0.065 0.02 0 0.015 0.03 1630.09
 0.105 0.145 0.285 0.19 0.07 0.06 0.025 0.03 0.015 0.025 0.01 0.04 1202.03
 0.18 0.205 0.17 0.16 0.12 0.06 0.02 0.02 0.01 0.01 0.005 0.04 1110.32
 0.12 0.24 0.175 0.17 0.125 0.075 0.035 0.025 0.01 0.01 0.005 0.01 973.123
 0.145 0.195 0.235 0.11 0.155 0.06 0.055 0.015 0.005 0.01 0.005 0.01 923.985
 0.18 0.19 0.16 0.18 0.105 0.08 0.04 0.025 0.02 0.005 0.005 0.01 1211.08
 0.195 0.235 0.17 0.11 0.175 0.04 0.015 0.035 0.015 0.005 0 0.005 869.121
 0.2 0.185 0.265 0.13 0.06 0.075 0.03 0.015 0.02 0.015 0 0.005 1273.8
#Discard_ini
  0 0 0 0 0 0 0 0 0 0 0 0 0
 0 0 0 0 0 0 0 0 0 0 0 0 0
 0 0 0 0 0 0 0 0 0 0 0 0 0
 0 0 0 0 0 0 0 0 0 0 0 0 0
 0 0 0 0 0 0 0 0 0 0 0 0 0
 0 0 0 0 0 0 0 0 0 0 0 0 0
 0 0 0 0 0 0 0 0 0 0 0 0 0
 0 0 0 0 0 0 0 0 0 0 0 0 0
 0 0 0 0 0 0 0 0 0 0 0 0 0
 0 0 0 0 0 0 0 0 0 0 0 0 0
 0 0 0 0 0 0 0 0 0 0 0 0 0
 0 0 0 0 0 0 0 0 0 0 0 0 0
 0 0 0 0 0 0 0 0 0 0 0 0 0
 0 0 0 0 0 0 0 0 0 0 0 0 0
 0 0 0 0 0 0 0 0 0 0 0 0 0
 0 0 0 0 0 0 0 0 0 0 0 0 0
 0 0 0 0 0 0 0 0 0 0 0 0 0
 0 0 0 0 0 0 0 0 0 0 0 0 0
 0 0 0 0 0 0 0 0 0 0 0 0 0
 0 0 0 0 0 0 0 0 0 0 0 0 0
 0 0 0 0 0 0 0 0 0 0 0 0 0
 0 0 0 0 0 0 0 0 0 0 0 0 0
 0 0 0 0 0 0 0 0 0 0 0 0 0
 0 0 0 0 0 0 0 0 0 0 0 0 0
 0 0 0 0 0 0 0 0 0 0 0 0 0
 0 0 0 0 0 0 0 0 0 0 0 0 0
 0 0 0 0 0 0 0 0 0 0 0 0 0
 0 0 0 0 0 0 0 0 0 0 0 0 0
 0 0 0 0 0 0 0 0 0 0 0 0 0
 0 0 0 0 0 0 0 0 0 0 0 0 0
#proportion_release_ini
  0 0 0 0 0 0 0 0 0 0 0 0
 0 0 0 0 0 0 0 0 0 0 0 0
 0 0 0 0 0 0 0 0 0 0 0 0
 0 0 0 0 0 0 0 0 0 0 0 0
 0 0 0 0 0 0 0 0 0 0 0 0
 0 0 0 0 0 0 0 0 0 0 0 0
 0 0 0 0 0 0 0 0 0 0 0 0
 0 0 0 0 0 0 0 0 0 0 0 0
 0 0 0 0 0 0 0 0 0 0 0 0
 0 0 0 0 0 0 0 0 0 0 0 0
 0 0 0 0 0 0 0 0 0 0 0 0
 0 0 0 0 0 0 0 0 0 0 0 0
 0 0 0 0 0 0 0 0 0 0 0 0
 0 0 0 0 0 0 0 0 0 0 0 0
 0 0 0 0 0 0 0 0 0 0 0 0
 0 0 0 0 0 0 0 0 0 0 0 0
 0 0 0 0 0 0 0 0 0 0 0 0
 0 0 0 0 0 0 0 0 0 0 0 0
 0 0 0 0 0 0 0 0 0 0 0 0
 0 0 0 0 0 0 0 0 0 0 0 0
 0 0 0 0 0 0 0 0 0 0 0 0
 0 0 0 0 0 0 0 0 0 0 0 0
 0 0 0 0 0 0 0 0 0 0 0 0
 0 0 0 0 0 0 0 0 0 0 0 0
 0 0 0 0 0 0 0 0 0 0 0 0
 0 0 0 0 0 0 0 0 0 0 0 0
 0 0 0 0 0 0 0 0 0 0 0 0
 0 0 0 0 0 0 0 0 0 0 0 0
 0 0 0 0 0 0 0 0 0 0 0 0
 0 0 0 0 0 0 0 0 0 0 0 0
#index_units_aggregate_ini
  2
#index_units_proportions_ini
  2
#index_WAApoint_ini
  1
#index_month_ini
  1
#index_sel_choice_ini
  -1
#index_sel_option_ini
  2
#index_start_age_ini
  1
#index_end_age_ini
  12
#index_estimate_proportions_ini
  1
#use_index
  1
#index_sel_ini
  0 0 0 0
 0 0 0 0
 0 0 0 0
 0 0 0 0
 0 0 0 0
 0 0 0 0
 0 0 0 0
 0 0 0 0
 0 0 0 0
 0 0 0 0
 0 0 0 0
 0 0 0 0
 1.5 -2 1 0.5
 0.5 -2 1 0.5
 0 0 0 0
 0 0 0 0
 0 0 0 0
 0 0 0 0
#index_ini
  1 1.4587 0.2 0.08 0.205 0.15 0.11 0.11 0.055 0.05 0.06 0.025 0.035 0.025 0.095 200
 2 1.70911 0.2 0.09 0.15 0.17 0.15 0.075 0.085 0.065 0.035 0.025 0.035 0.035 0.085 200
 3 1.52093 0.2 0.045 0.15 0.1 0.115 0.115 0.085 0.025 0.045 0.075 0.055 0.04 0.15 200
 4 1.08476 0.2 0.065 0.12 0.205 0.1 0.11 0.085 0.06 0.045 0.03 0.02 0.035 0.125 200
 5 1.52902 0.2 0.115 0.155 0.09 0.165 0.07 0.055 0.09 0.05 0.04 0.045 0.02 0.105 200
 6 1.55258 0.2 0.09 0.225 0.125 0.075 0.12 0.065 0.055 0.04 0.025 0.05 0.025 0.105 200
 7 1.39302 0.2 0.065 0.21 0.19 0.075 0.055 0.085 0.055 0.065 0.055 0.025 0.035 0.085 200
 8 1.19216 0.2 0.075 0.15 0.185 0.16 0.075 0.08 0.06 0.045 0.045 0.02 0.025 0.08 200
 9 1.39675 0.2 0.06 0.155 0.125 0.18 0.12 0.055 0.065 0.06 0.02 0.025 0.025 0.11 200
 10 1.34447 0.2 0.14 0.115 0.185 0.125 0.095 0.1 0.045 0.04 0.045 0.045 0.015 0.05 200
 11 1.22242 0.2 0.07 0.2 0.145 0.18 0.095 0.07 0.07 0.02 0.025 0.03 0.02 0.075 200
 12 1.34404 0.2 0.08 0.155 0.195 0.11 0.095 0.095 0.12 0.04 0.01 0.025 0.02 0.055 200
 13 0.980906 0.2 0.11 0.135 0.18 0.165 0.07 0.08 0.04 0.06 0.025 0.05 0.01 0.075 200
 14 0.988143 0.2 0.1 0.15 0.165 0.205 0.105 0.06 0.065 0.025 0.04 0.02 0.02 0.045 200
 15 0.896442 0.2 0.105 0.17 0.22 0.1 0.085 0.095 0.07 0.06 0.02 0.01 0.015 0.05 200
 16 1.07825 0.2 0.095 0.185 0.175 0.165 0.105 0.065 0.055 0.02 0.02 0.025 0.03 0.06 200
 17 1.05501 0.2 0.085 0.175 0.215 0.145 0.105 0.06 0.075 0.035 0.015 0.02 0.03 0.04 200
 18 0.853864 0.2 0.07 0.215 0.275 0.14 0.095 0.06 0.045 0.035 0.025 0.005 0.01 0.025 200
 19 0.731754 0.2 0.095 0.2 0.2 0.235 0.045 0.07 0.045 0.02 0.02 0.025 0.02 0.025 200
 20 0.664392 0.2 0.125 0.22 0.155 0.16 0.145 0.05 0.05 0.035 0.025 0.015 0 0.02 200
 21 0.867618 0.2 0.17 0.17 0.23 0.085 0.135 0.05 0.06 0.035 0.025 0.015 0 0.025 200
 22 0.560507 0.2 0.1 0.26 0.185 0.16 0.09 0.065 0.08 0.01 0.02 0.015 0 0.015 200
 23 0.624992 0.2 0.135 0.205 0.25 0.17 0.07 0.045 0.01 0.02 0.045 0.01 0.01 0.03 200
 24 0.581435 0.2 0.09 0.295 0.2 0.18 0.09 0.045 0.03 0.025 0.015 0.005 0.01 0.015 200
 25 0.612118 0.2 0.13 0.22 0.21 0.13 0.14 0.04 0.04 0.03 0.005 0.01 0 0.045 200
 26 0.452297 0.2 0.095 0.28 0.23 0.09 0.125 0.075 0.045 0.02 0 0.005 0.015 0.02 200
 27 0.520907 0.2 0.155 0.14 0.26 0.145 0.115 0.07 0.05 0.015 0.01 0.01 0.015 0.015 200
 28 0.474443 0.2 0.16 0.205 0.21 0.165 0.1 0.065 0.055 0.01 0.005 0.01 0 0.015 200
 29 0.472045 0.2 0.17 0.25 0.155 0.13 0.14 0.045 0.02 0.03 0.015 0 0.015 0.03 200
 30 0.583511 0.2 0.1 0.38 0.245 0.085 0.085 0.06 0.01 0.005 0.01 0.01 0.005 0.005 200
#phase_Fmult_year1
 1
#phase_Fmult_devs
 2
#phase_recruit_devs
 2
#phase_N_year1_devs
 2
#phase_q_year1
 1
#phase_q_devs
 -5
#phase_SR_scaler
 1
#phase_steepness
 -3
#recruit_CV
  0.202017 0.202017 0.202017 0.202017 0.202017 0.202017 0.202017 0.202017 0.202017 0.202017 0.202017 0.202017 0.202017 0.202017 0.202017 0.202017 0.202017 0.202017 0.202017 0.202017 0.202017 0.202017 0.202017 0.202017 0.202017 0.202017 0.202017 0.202017 0.202017 0.202017
#lambda_ind_ini
  1
#lambda_catch_tot
  1
#lambda_Discard_tot
  0
#catch_tot_CV
  0.01
 0.01
 0.01
 0.01
 0.01
 0.01
 0.01
 0.01
 0.01
 0.01
 0.01
 0.01
 0.01
 0.01
 0.01
 0.01
 0.01
 0.01
 0.01
 0.01
 0.01
 0.01
 0.01
 0.01
 0.01
 0.01
 0.01
 0.01
 0.01
 0.01
#discard_tot_CV
  0
 0
 0
 0
 0
 0
 0
 0
 0
 0
 0
 0
 0
 0
 0
 0
 0
 0
 0
 0
 0
 0
 0
 0
 0
 0
 0
 0
 0
 0
#input_eff_samp_size_catch_ini
  200
 200
 200
 200
 200
 200
 200
 200
 200
 200
 200
 200
 200
 200
 200
 200
 200
 200
 200
 200
 200
 200
 200
 200
 200
 200
 200
 200
 200
 200
#input_eff_samp_size_discard_ini
  0
 0
 0
 0
 0
 0
 0
 0
 0
 0
 0
 0
 0
 0
 0
 0
 0
 0
 0
 0
 0
 0
 0
 0
 0
 0
 0
 0
 0
 0
#lambda_Fmult_year1
  0
#Fmult_year1_CV
  1
#lambda_Fmult_devs
  0
#Fmult_devs_CV
  1
#lambda_N_year1_devs
 0
#N_year1_CV
 1
#lambda_recruit_devs
 1
#lambda_q_year1_ini
  0
#q_year1_CV_ini
  1
#lambda_q_devs_ini
  0
#q_devs_CV_ini
  1
#lambda_steepness
 0
#steepness_CV
 1
#lambda_SR_scaler
 0
#SR_scaler_CV
 1
#NAA_year1_flag
 1
#NAA_year1_ini
  1000 818.731 670.32 548.812 449.329 367.879 301.194 246.597 201.897 165.299 135.335 611.263
#Fmult_year1_ini
  0.00945917
#q_year1_iniavail
  0.000348998
#is_SR_scaler_R
 1
#SR_scaler_ini
 1000
#SR_steepness_ini
 0.75
#Fmult_max_value
 4
#ignore_guesses
 0
#do_projections
 0
#directed_fleet
  1
#nfinalyear
 31
#project_ini
  31 -1 3 -99 1
#doMCMC
 0
#MCMCnyear_opt
 1
#MCMCnboot
 1000
#MCMCnthin
 200
#MCMCseed
 657483
#fillR_opt
 0
#Ravg_start
 1
#Ravg_end
 30
#make_Rfile
 1
#test_value
 -23456
