AMAK;August_2013
# styr
1
# endyr
30
# rec_age
1
# oldest_age
12
# nlength
81
# len_bins
 10 11 12 13 14 15 16 17 18 19 20 21 22 23 24 25 26 27 28 29 30 31 32 33 34 35 36 37 38 39 40 41 42 43 44 45 46 47 48 49 50 51 52 53 54 55 56 57 58 59 60 61 62 63 64 65 66 67 68 69 70 71 72 73 74 75 76 77 78 79 80 81 82 83 84 85 86 87 88 89 90
# datafile_name
amak_data.dat
# model_name
OM_1
# styr
1
# endyr
30
# rec_age
1
# oldest_age
12
# nfsh
1
# fshname
OM1
# catch_bio_in
 160.901 471.87 761.576 991.951 769.885 1328.83 1270.29 2498.13 1330.71 1524.31 1628.46 1608.65 1099.3 1531.26 1506.38 1266.59 2246.03 1605.26 1459.23 1324.61 1617.81 1071.03 1621.46 1204.92 1123.25 964.74 921.453 1209.99 869.463 1281.95
# catch_bio_sd_in
 0.01 0.01 0.01 0.01 0.01 0.01 0.01 0.01 0.01 0.01 0.01 0.01 0.01 0.01 0.01 0.01 0.01 0.01 0.01 0.01 0.01 0.01 0.01 0.01 0.01 0.01 0.01 0.01 0.01 0.01
# nyrs_fsh_age
 30
# nyrs_fsh_length
 0
# yrs_fsh_age_in
 1 2 3 4 5 6 7 8 9 10 11 12 13 14 15 16 17 18 19 20 21 22 23 24 25 26 27 28 29 30
# yrs_fsh_length_in

# n_sample_fsh_length_in

# olc_fsh_in

# nind
1
# indname
survey_index1
# nyrs_ind
 30
# yrs_ind_in
 1 2 3 4 5 6 7 8 9 10 11 12 13 14 15 16 17 18 19 20 21 22 23 24 25 26 27 28 29 30
# mo_ind
 1
# obs_ind_in
 1.5001 1.59688 1.3867 1.29685 1.37978 1.53399 1.46944 1.4911 1.24624 1.26918 1.10954 1.29248 0.955567 1.0454 1.32649 0.980064 1.04703 0.887568 0.702857 0.705805 0.699328 0.595531 0.672202 0.592973 0.554919 0.55916 0.557504 0.565044 0.504678 0.496785
# obs_se_ind_in
 0.300021 0.319375 0.27734 0.25937 0.275957 0.306797 0.293888 0.298219 0.249248 0.253835 0.221908 0.258497 0.191113 0.20908 0.265297 0.196013 0.209406 0.177514 0.140571 0.141161 0.139866 0.119106 0.13444 0.118595 0.110984 0.111832 0.111501 0.113009 0.100936 0.099357
# nyrs_ind_age
 30
# nyrs_ind_length
 0
# yrs_ind_age_in
 1 2 3 4 5 6 7 8 9 10 11 12 13 14 15 16 17 18 19 20 21 22 23 24 25 26 27 28 29 30
# yrs_ind_length_in

# yrs_ind_age_in
 1 2 3 4 5 6 7 8 9 10 11 12 13 14 15 16 17 18 19 20 21 22 23 24 25 26 27 28 29 30
# n_sample_ind_length_in

# olc_ind_in

# oac_ind_in
 0.07 0.125 0.135 0.175 0.09 0.055 0.06 0.06 0.03 0.05 0.02 0.13
 0.06 0.145 0.15 0.11 0.115 0.045 0.075 0.055 0.045 0.045 0.02 0.135
 0.06 0.185 0.125 0.105 0.07 0.09 0.035 0.03 0.055 0.055 0.03 0.16
 0.04 0.11 0.215 0.175 0.07 0.085 0.06 0.035 0.02 0.045 0.035 0.11
 0.095 0.115 0.17 0.18 0.1 0.045 0.085 0.04 0.045 0.025 0.035 0.065
 0.075 0.17 0.075 0.135 0.155 0.105 0.045 0.025 0.04 0.015 0.025 0.135
 0.05 0.205 0.19 0.095 0.09 0.09 0.04 0.065 0.035 0.02 0.02 0.1
 0.075 0.125 0.205 0.145 0.08 0.06 0.065 0.055 0.01 0.025 0.025 0.13
 0.085 0.235 0.135 0.125 0.13 0.06 0.025 0.03 0.04 0.025 0.02 0.09
 0.035 0.16 0.2 0.14 0.115 0.105 0.02 0.045 0.055 0.035 0.02 0.07
 0.075 0.175 0.14 0.15 0.08 0.075 0.09 0.015 0.04 0.05 0.02 0.09
 0.075 0.16 0.185 0.11 0.13 0.07 0.035 0.08 0.015 0.035 0.04 0.065
 0.06 0.17 0.165 0.22 0.11 0.08 0.03 0.05 0.03 0.02 0.005 0.06
 0.07 0.165 0.205 0.175 0.085 0.085 0.055 0.02 0.035 0.035 0.015 0.055
 0.075 0.22 0.175 0.145 0.105 0.075 0.04 0.045 0.035 0.025 0.015 0.045
 0.115 0.16 0.19 0.125 0.125 0.09 0.05 0.055 0.03 0.005 0.005 0.05
 0.125 0.23 0.135 0.14 0.135 0.05 0.05 0.04 0.025 0.02 0.005 0.045
 0.07 0.215 0.185 0.12 0.105 0.125 0.045 0.025 0.045 0.02 0.005 0.04
 0.1 0.16 0.235 0.17 0.095 0.08 0.055 0.02 0.03 0.005 0.015 0.035
 0.08 0.205 0.235 0.17 0.095 0.055 0.05 0.04 0.015 0.025 0.01 0.02
 0.105 0.215 0.205 0.13 0.15 0.07 0.07 0.015 0.01 0 0.01 0.02
 0.12 0.295 0.205 0.1 0.09 0.075 0.04 0.025 0.015 0.01 0.005 0.02
 0.13 0.255 0.255 0.12 0.08 0.03 0.05 0.02 0.005 0.005 0.005 0.045
 0.06 0.24 0.255 0.165 0.105 0.08 0.03 0.025 0.005 0.015 0.005 0.015
 0.18 0.235 0.215 0.17 0.105 0.04 0.03 0.01 0.005 0.005 0 0.005
 0.095 0.33 0.18 0.165 0.125 0.02 0.025 0.02 0.005 0.015 0.015 0.005
 0.11 0.2 0.3 0.145 0.075 0.065 0.035 0.015 0.035 0 0.005 0.015
 0.105 0.275 0.175 0.21 0.055 0.065 0.045 0.03 0.02 0.005 0.01 0.005
 0.145 0.295 0.235 0.1 0.15 0.015 0.035 0.01 0.005 0.005 0 0.005
 0.14 0.31 0.25 0.12 0.075 0.04 0.02 0.04 0 0.005 0 0
# wt_ind
 1 1 1 1 1 1 1 1 1 1 1 1
 1 1 1 1 1 1 1 1 1 1 1 1
 1 1 1 1 1 1 1 1 1 1 1 1
 1 1 1 1 1 1 1 1 1 1 1 1
 1 1 1 1 1 1 1 1 1 1 1 1
 1 1 1 1 1 1 1 1 1 1 1 1
 1 1 1 1 1 1 1 1 1 1 1 1
 1 1 1 1 1 1 1 1 1 1 1 1
 1 1 1 1 1 1 1 1 1 1 1 1
 1 1 1 1 1 1 1 1 1 1 1 1
 1 1 1 1 1 1 1 1 1 1 1 1
 1 1 1 1 1 1 1 1 1 1 1 1
 1 1 1 1 1 1 1 1 1 1 1 1
 1 1 1 1 1 1 1 1 1 1 1 1
 1 1 1 1 1 1 1 1 1 1 1 1
 1 1 1 1 1 1 1 1 1 1 1 1
 1 1 1 1 1 1 1 1 1 1 1 1
 1 1 1 1 1 1 1 1 1 1 1 1
 1 1 1 1 1 1 1 1 1 1 1 1
 1 1 1 1 1 1 1 1 1 1 1 1
 1 1 1 1 1 1 1 1 1 1 1 1
 1 1 1 1 1 1 1 1 1 1 1 1
 1 1 1 1 1 1 1 1 1 1 1 1
 1 1 1 1 1 1 1 1 1 1 1 1
 1 1 1 1 1 1 1 1 1 1 1 1
 1 1 1 1 1 1 1 1 1 1 1 1
 1 1 1 1 1 1 1 1 1 1 1 1
 1 1 1 1 1 1 1 1 1 1 1 1
 1 1 1 1 1 1 1 1 1 1 1 1
 1 1 1 1 1 1 1 1 1 1 1 1
# wt_pop
 0.000530656 0.00119633 0.00205827 0.00303499 0.00405521 0.0050647 0.00602623 0.00691692 0.00772489 0.00844611 0.00908185 0.0096367
# maturity
 0.0229774 0.320821 0.904651 0.99478 0.999739 0.999987 0.999999 1 1 1 1 1
# spawnmo
1
# age_err
 1 0 0 0 0 0 0 0 0 0 0 0
 0 1 0 0 0 0 0 0 0 0 0 0
 0 0 1 0 0 0 0 0 0 0 0 0
 0 0 0 1 0 0 0 0 0 0 0 0
 0 0 0 0 1 0 0 0 0 0 0 0
 0 0 0 0 0 1 0 0 0 0 0 0
 0 0 0 0 0 0 1 0 0 0 0 0
 0 0 0 0 0 0 0 1 0 0 0 0
 0 0 0 0 0 0 0 0 1 0 0 0
 0 0 0 0 0 0 0 0 0 1 0 0
 0 0 0 0 0 0 0 0 0 0 1 0
 0 0 0 0 0 0 0 0 0 0 0 1
# cntrlfile_name
C:\Users\bai.li\Desktop\s1_test\AMAK\s157\amak.dat
# Map shared selectivity: 
# sel_map
 1 2
 1 1
# datafile_name
amak_data.dat
# model_name
OM_1
# SrType
2
# use_age_err
0
# retro
0
# sigmarprior
0.2
# cvsigmarprior
0.25
# phase_sigmar
-3
# styr_rec_est
1
# endyr_rec_est
30
# Linfprior
80
# cvLinfprior
0.25
# kprior
0.18
# cvkprior
0.25
# Loprior
27.688
# cvLoprior
0.25
# sdageprior
0.1
# cvsdageprior
0.25
# natmortprior
0.2
# cvnatmortprior
0.25
# phase_M
-4
# npars_Mage
0
# ages_M_changes

# Mage_in

# phase_Mage
-5
# phase_rw_M
0
# npars_rw_M
0
# yrs_rw_M

# sigma_rw_M

# qprior
 3.48998e-007
# cvqprior
 1
# phase_q
 1
# q_power_prior
 1
# cvq_power_prior
 0.2
# phase_q_power
 -4
# phase_rw_q
 -1
# npars_rw_q
 0
# yrs_rw_q

# sigma_rw_q

# q_age_min
 1
# q_age_max
 12
# q_age_min
 1
# q_age_max
 12
# fsh_sel_opt(k)
2
# phase_sel_fsh(k)
-2
# n_sel_ch_fsh(k)
1
# sel_slp_in_fsh(k)(1,n_sel_ch_fsh(k))
 1
# sel_inf_in_fsh(k)(1,n_sel_ch_fsh(k))
 2
# logsel_slp_in_fsh(k)(1,n_sel_ch_fsh(k))
 0
# yrs_sel_ch_fsh(k)(1,n_sel_ch_fsh(k))
 1

Survey survey_index1
# ind_sel_opt(k)
2
# indname(k)
survey_index1
# nselages_in_ind(k)
11
# phase_sel_ind(k)
-2
# sel_change_in_ind(k)
 1 0 0 0 0 0 0 0 0 0 0 0 0 0 0 0 0 0 0 0 0 0 0 0 0 0 0 0 0 0
# n_sel_ch_ind(k)
1
# yrs_sel_ch_ind(k)(1,n_sel_ch_ind(k))
 1
# sel_slp_in_ind(k,1)
2
# sel_inf_in_ind(k,1)
1.5
# logsel_slp_in_ind(k,1)
0.693147
# logsel_slp_in_indv(k)
0.693147
survey_index1 ind sel opt 2  1 0 0 0 0 0 0 0 0 0 0 0 0 0 0 0 0 0 0 0 0 0 0 0 0 0 0 0 0 0
Phase indices Sel_Coffs:  -1
 Test: 1.23457e+008
# Fshry Selages:  11
# Srvy  Selages:  11
# Phase for age-spec fishery  -1
# Phase for logistic fishery  -2
# Phase for dble logistic fishery  -1
# Phase for age-spec indices   -1
# Phase for logistic indices   -2
# Phase for dble logistic ind  -1
# Curv_pen_fsh: 
 0
# Curv_pen_ind: 
 0
# styr_fut
31
# endyr_fut
35
# nyrs_fsh_age
 30
# nyrs_fsh_age
 30
# yrs_fsh_age
 1 2 3 4 5 6 7 8 9 10 11 12 13 14 15 16 17 18 19 20 21 22 23 24 25 26 27 28 29 30
# n_sample_fsh_age
 200 200 200 200 200 200 200 200 200 200 200 200 200 200 200 200 200 200 200 200 200 200 200 200 200 200 200 200 200 200
# oac_fsh
 0.055 0.11 0.135 0.125 0.155 0.115 0.055 0.045 0.04 0.02 0.025 0.12
 0.095 0.1 0.13 0.135 0.08 0.11 0.055 0.04 0.03 0.035 0.045 0.145
 0.055 0.165 0.13 0.095 0.11 0.06 0.08 0.045 0.06 0.04 0.03 0.13
 0.05 0.095 0.175 0.11 0.095 0.06 0.065 0.05 0.06 0.025 0.04 0.175
 0.085 0.11 0.135 0.125 0.095 0.1 0.065 0.045 0.055 0.035 0.025 0.125
 0.095 0.165 0.125 0.11 0.12 0.065 0.075 0.03 0.045 0.045 0.02 0.105
 0.07 0.1 0.185 0.095 0.115 0.11 0.055 0.09 0.015 0.01 0.025 0.13
 0.06 0.1 0.155 0.18 0.09 0.06 0.1 0.06 0.04 0.01 0.04 0.105
 0.08 0.11 0.105 0.18 0.15 0.06 0.05 0.085 0.025 0.015 0.03 0.11
 0.11 0.135 0.095 0.12 0.195 0.105 0.04 0.03 0.04 0.035 0.015 0.08
 0.075 0.12 0.145 0.15 0.12 0.11 0.07 0.05 0.03 0.025 0.015 0.09
 0.075 0.195 0.175 0.14 0.1 0.075 0.045 0.07 0.01 0.015 0.025 0.075
 0.09 0.105 0.135 0.15 0.16 0.09 0.05 0.065 0.035 0.04 0.02 0.06
 0.085 0.135 0.175 0.16 0.11 0.075 0.04 0.065 0.025 0.03 0.015 0.085
 0.085 0.145 0.12 0.115 0.11 0.115 0.07 0.07 0.04 0.04 0.02 0.07
 0.135 0.145 0.19 0.165 0.08 0.085 0.035 0.025 0.05 0.02 0.02 0.05
 0.12 0.145 0.16 0.14 0.095 0.09 0.075 0.05 0.03 0.025 0.015 0.055
 0.095 0.19 0.2 0.165 0.095 0.075 0.045 0.03 0.02 0.015 0.015 0.055
 0.165 0.105 0.235 0.175 0.1 0.06 0.035 0.015 0.025 0.03 0.015 0.04
 0.07 0.165 0.135 0.17 0.165 0.085 0.055 0.04 0.03 0.015 0.025 0.045
 0.2 0.09 0.195 0.095 0.18 0.09 0.05 0.035 0.02 0.005 0.015 0.025
 0.12 0.25 0.155 0.15 0.11 0.095 0.05 0.04 0.01 0 0.005 0.015
 0.11 0.245 0.225 0.115 0.11 0.055 0.04 0.035 0.005 0.01 0.005 0.045
 0.095 0.125 0.21 0.22 0.11 0.09 0.05 0.04 0.01 0.005 0.025 0.02
 0.215 0.17 0.175 0.15 0.145 0.08 0.015 0.02 0.01 0.01 0 0.01
 0.115 0.28 0.175 0.125 0.16 0.09 0.02 0.01 0.005 0.01 0.01 0
 0.115 0.095 0.265 0.155 0.135 0.115 0.055 0.03 0.01 0.015 0 0.01
 0.155 0.185 0.175 0.225 0.105 0.05 0.045 0.025 0.005 0.01 0 0.02
 0.225 0.24 0.175 0.13 0.09 0.04 0.06 0.025 0.005 0 0.005 0.005
 0.125 0.275 0.22 0.15 0.045 0.055 0.065 0.01 0.04 0 0.005 0.01
# olc_fsh

# wt_fsh
 0.000530656 0.00119633 0.00205827 0.00303499 0.00405521 0.0050647 0.00602623 0.00691692 0.00772489 0.00844611 0.00908185 0.0096367
 0.000530656 0.00119633 0.00205827 0.00303499 0.00405521 0.0050647 0.00602623 0.00691692 0.00772489 0.00844611 0.00908185 0.0096367
 0.000530656 0.00119633 0.00205827 0.00303499 0.00405521 0.0050647 0.00602623 0.00691692 0.00772489 0.00844611 0.00908185 0.0096367
 0.000530656 0.00119633 0.00205827 0.00303499 0.00405521 0.0050647 0.00602623 0.00691692 0.00772489 0.00844611 0.00908185 0.0096367
 0.000530656 0.00119633 0.00205827 0.00303499 0.00405521 0.0050647 0.00602623 0.00691692 0.00772489 0.00844611 0.00908185 0.0096367
 0.000530656 0.00119633 0.00205827 0.00303499 0.00405521 0.0050647 0.00602623 0.00691692 0.00772489 0.00844611 0.00908185 0.0096367
 0.000530656 0.00119633 0.00205827 0.00303499 0.00405521 0.0050647 0.00602623 0.00691692 0.00772489 0.00844611 0.00908185 0.0096367
 0.000530656 0.00119633 0.00205827 0.00303499 0.00405521 0.0050647 0.00602623 0.00691692 0.00772489 0.00844611 0.00908185 0.0096367
 0.000530656 0.00119633 0.00205827 0.00303499 0.00405521 0.0050647 0.00602623 0.00691692 0.00772489 0.00844611 0.00908185 0.0096367
 0.000530656 0.00119633 0.00205827 0.00303499 0.00405521 0.0050647 0.00602623 0.00691692 0.00772489 0.00844611 0.00908185 0.0096367
 0.000530656 0.00119633 0.00205827 0.00303499 0.00405521 0.0050647 0.00602623 0.00691692 0.00772489 0.00844611 0.00908185 0.0096367
 0.000530656 0.00119633 0.00205827 0.00303499 0.00405521 0.0050647 0.00602623 0.00691692 0.00772489 0.00844611 0.00908185 0.0096367
 0.000530656 0.00119633 0.00205827 0.00303499 0.00405521 0.0050647 0.00602623 0.00691692 0.00772489 0.00844611 0.00908185 0.0096367
 0.000530656 0.00119633 0.00205827 0.00303499 0.00405521 0.0050647 0.00602623 0.00691692 0.00772489 0.00844611 0.00908185 0.0096367
 0.000530656 0.00119633 0.00205827 0.00303499 0.00405521 0.0050647 0.00602623 0.00691692 0.00772489 0.00844611 0.00908185 0.0096367
 0.000530656 0.00119633 0.00205827 0.00303499 0.00405521 0.0050647 0.00602623 0.00691692 0.00772489 0.00844611 0.00908185 0.0096367
 0.000530656 0.00119633 0.00205827 0.00303499 0.00405521 0.0050647 0.00602623 0.00691692 0.00772489 0.00844611 0.00908185 0.0096367
 0.000530656 0.00119633 0.00205827 0.00303499 0.00405521 0.0050647 0.00602623 0.00691692 0.00772489 0.00844611 0.00908185 0.0096367
 0.000530656 0.00119633 0.00205827 0.00303499 0.00405521 0.0050647 0.00602623 0.00691692 0.00772489 0.00844611 0.00908185 0.0096367
 0.000530656 0.00119633 0.00205827 0.00303499 0.00405521 0.0050647 0.00602623 0.00691692 0.00772489 0.00844611 0.00908185 0.0096367
 0.000530656 0.00119633 0.00205827 0.00303499 0.00405521 0.0050647 0.00602623 0.00691692 0.00772489 0.00844611 0.00908185 0.0096367
 0.000530656 0.00119633 0.00205827 0.00303499 0.00405521 0.0050647 0.00602623 0.00691692 0.00772489 0.00844611 0.00908185 0.0096367
 0.000530656 0.00119633 0.00205827 0.00303499 0.00405521 0.0050647 0.00602623 0.00691692 0.00772489 0.00844611 0.00908185 0.0096367
 0.000530656 0.00119633 0.00205827 0.00303499 0.00405521 0.0050647 0.00602623 0.00691692 0.00772489 0.00844611 0.00908185 0.0096367
 0.000530656 0.00119633 0.00205827 0.00303499 0.00405521 0.0050647 0.00602623 0.00691692 0.00772489 0.00844611 0.00908185 0.0096367
 0.000530656 0.00119633 0.00205827 0.00303499 0.00405521 0.0050647 0.00602623 0.00691692 0.00772489 0.00844611 0.00908185 0.0096367
 0.000530656 0.00119633 0.00205827 0.00303499 0.00405521 0.0050647 0.00602623 0.00691692 0.00772489 0.00844611 0.00908185 0.0096367
 0.000530656 0.00119633 0.00205827 0.00303499 0.00405521 0.0050647 0.00602623 0.00691692 0.00772489 0.00844611 0.00908185 0.0096367
 0.000530656 0.00119633 0.00205827 0.00303499 0.00405521 0.0050647 0.00602623 0.00691692 0.00772489 0.00844611 0.00908185 0.0096367
 0.000530656 0.00119633 0.00205827 0.00303499 0.00405521 0.0050647 0.00602623 0.00691692 0.00772489 0.00844611 0.00908185 0.0096367
# nyrs_ind_age
 30
# yrs_ind_age
 1 2 3 4 5 6 7 8 9 10 11 12 13 14 15 16 17 18 19 20 21 22 23 24 25 26 27 28 29 30
# n_sample_ind_age
 200 200 200 200 200 200 200 200 200 200 200 200 200 200 200 200 200 200 200 200 200 200 200 200 200 200 200 200 200 200
# oac_ind
 0.07 0.125 0.135 0.175 0.09 0.055 0.06 0.06 0.03 0.05 0.02 0.13
 0.06 0.145 0.15 0.11 0.115 0.045 0.075 0.055 0.045 0.045 0.02 0.135
 0.06 0.185 0.125 0.105 0.07 0.09 0.035 0.03 0.055 0.055 0.03 0.16
 0.04 0.11 0.215 0.175 0.07 0.085 0.06 0.035 0.02 0.045 0.035 0.11
 0.095 0.115 0.17 0.18 0.1 0.045 0.085 0.04 0.045 0.025 0.035 0.065
 0.075 0.17 0.075 0.135 0.155 0.105 0.045 0.025 0.04 0.015 0.025 0.135
 0.05 0.205 0.19 0.095 0.09 0.09 0.04 0.065 0.035 0.02 0.02 0.1
 0.075 0.125 0.205 0.145 0.08 0.06 0.065 0.055 0.01 0.025 0.025 0.13
 0.085 0.235 0.135 0.125 0.13 0.06 0.025 0.03 0.04 0.025 0.02 0.09
 0.035 0.16 0.2 0.14 0.115 0.105 0.02 0.045 0.055 0.035 0.02 0.07
 0.075 0.175 0.14 0.15 0.08 0.075 0.09 0.015 0.04 0.05 0.02 0.09
 0.075 0.16 0.185 0.11 0.13 0.07 0.035 0.08 0.015 0.035 0.04 0.065
 0.06 0.17 0.165 0.22 0.11 0.08 0.03 0.05 0.03 0.02 0.005 0.06
 0.07 0.165 0.205 0.175 0.085 0.085 0.055 0.02 0.035 0.035 0.015 0.055
 0.075 0.22 0.175 0.145 0.105 0.075 0.04 0.045 0.035 0.025 0.015 0.045
 0.115 0.16 0.19 0.125 0.125 0.09 0.05 0.055 0.03 0.005 0.005 0.05
 0.125 0.23 0.135 0.14 0.135 0.05 0.05 0.04 0.025 0.02 0.005 0.045
 0.07 0.215 0.185 0.12 0.105 0.125 0.045 0.025 0.045 0.02 0.005 0.04
 0.1 0.16 0.235 0.17 0.095 0.08 0.055 0.02 0.03 0.005 0.015 0.035
 0.08 0.205 0.235 0.17 0.095 0.055 0.05 0.04 0.015 0.025 0.01 0.02
 0.105 0.215 0.205 0.13 0.15 0.07 0.07 0.015 0.01 0 0.01 0.02
 0.12 0.295 0.205 0.1 0.09 0.075 0.04 0.025 0.015 0.01 0.005 0.02
 0.13 0.255 0.255 0.12 0.08 0.03 0.05 0.02 0.005 0.005 0.005 0.045
 0.06 0.24 0.255 0.165 0.105 0.08 0.03 0.025 0.005 0.015 0.005 0.015
 0.18 0.235 0.215 0.17 0.105 0.04 0.03 0.01 0.005 0.005 0 0.005
 0.095 0.33 0.18 0.165 0.125 0.02 0.025 0.02 0.005 0.015 0.015 0.005
 0.11 0.2 0.3 0.145 0.075 0.065 0.035 0.015 0.035 0 0.005 0.015
 0.105 0.275 0.175 0.21 0.055 0.065 0.045 0.03 0.02 0.005 0.01 0.005
 0.145 0.295 0.235 0.1 0.15 0.015 0.035 0.01 0.005 0.005 0 0.005
 0.14 0.31 0.25 0.12 0.075 0.04 0.02 0.04 0 0.005 0 0
# olc_ind

# obs_lse_ind
 0.198042 0.198042 0.198042 0.198042 0.198042 0.198042 0.198042 0.198042 0.198042 0.198042 0.198042 0.198042 0.198042 0.198042 0.198042 0.198042 0.198042 0.198042 0.198042 0.198042 0.198042 0.198042 0.198042 0.198042 0.198042 0.198042 0.198042 0.198042 0.198042 0.198042
# xages_fsh
 0 0 0 0 0 0 0 0 0 0 0 0
# xages_fsh
 0 0.0909091 0.181818 0.272727 0.363636 0.454545 0.545455 0.636364 0.727273 0.818182 0.909091 1
# xnodes_fsh

Yrs fsh_sel change:  1 0 0 0 0 0 0 0 0 0 0 0 0 0 0 0 0 0 0 0 0 0 0 0 0 0 0 0 0
Yrs ind_sel change:  1 0 0 0 0 0 0 0 0 0 0 0 0 0 0 0 0 0 0 0 0 0 0 0 0 0 0 0 0
# steepnessprior
0.75
# sigmarprior
0.2
#  SSB estimated in styr endyr: -12 28 
#  Rec estimated in styr endyr: -10 30 
#  SR Curve fit  in styr endyr: 1 30 
#             Model styr endyr: 1 30 
# qprior
 3.48998e-007
# q_power_prior 
 1 
# cv_catchbiomass 
0.05 
# CatchbiomassPen 
200 
# Number of projection years 
5 
# offset_fsh
 13388.6
# offset_ind
 12988.3
Mean Catch
1275.68
R_guess 
13.8155
# nfsh
1
# n_sel_ch_fsh
 1
# nselages_fsh
 11
# phase_selcoff_fsh
 -1
logRzero 13.8155
logmeanrec 13.8155
exp(log_sigmarprior 0.2
Fish sel phase: -1 OM1
Fixing fishery sel to
1
Fixing fishery sel to
1
Srvy sel phase: -1
Fixing survey_index1 indices sel to
1
Fixing index sel to
1
# logsel_slp_in_indv
 0.693147
Leaving parameter init secton
# M
 0.2 0.2 0.2 0.2 0.2 0.2 0.2 0.2 0.2 0.2 0.2 0.2
 0.2 0.2 0.2 0.2 0.2 0.2 0.2 0.2 0.2 0.2 0.2 0.2
 0.2 0.2 0.2 0.2 0.2 0.2 0.2 0.2 0.2 0.2 0.2 0.2
 0.2 0.2 0.2 0.2 0.2 0.2 0.2 0.2 0.2 0.2 0.2 0.2
 0.2 0.2 0.2 0.2 0.2 0.2 0.2 0.2 0.2 0.2 0.2 0.2
 0.2 0.2 0.2 0.2 0.2 0.2 0.2 0.2 0.2 0.2 0.2 0.2
 0.2 0.2 0.2 0.2 0.2 0.2 0.2 0.2 0.2 0.2 0.2 0.2
 0.2 0.2 0.2 0.2 0.2 0.2 0.2 0.2 0.2 0.2 0.2 0.2
 0.2 0.2 0.2 0.2 0.2 0.2 0.2 0.2 0.2 0.2 0.2 0.2
 0.2 0.2 0.2 0.2 0.2 0.2 0.2 0.2 0.2 0.2 0.2 0.2
 0.2 0.2 0.2 0.2 0.2 0.2 0.2 0.2 0.2 0.2 0.2 0.2
 0.2 0.2 0.2 0.2 0.2 0.2 0.2 0.2 0.2 0.2 0.2 0.2
 0.2 0.2 0.2 0.2 0.2 0.2 0.2 0.2 0.2 0.2 0.2 0.2
 0.2 0.2 0.2 0.2 0.2 0.2 0.2 0.2 0.2 0.2 0.2 0.2
 0.2 0.2 0.2 0.2 0.2 0.2 0.2 0.2 0.2 0.2 0.2 0.2
 0.2 0.2 0.2 0.2 0.2 0.2 0.2 0.2 0.2 0.2 0.2 0.2
 0.2 0.2 0.2 0.2 0.2 0.2 0.2 0.2 0.2 0.2 0.2 0.2
 0.2 0.2 0.2 0.2 0.2 0.2 0.2 0.2 0.2 0.2 0.2 0.2
 0.2 0.2 0.2 0.2 0.2 0.2 0.2 0.2 0.2 0.2 0.2 0.2
 0.2 0.2 0.2 0.2 0.2 0.2 0.2 0.2 0.2 0.2 0.2 0.2
 0.2 0.2 0.2 0.2 0.2 0.2 0.2 0.2 0.2 0.2 0.2 0.2
 0.2 0.2 0.2 0.2 0.2 0.2 0.2 0.2 0.2 0.2 0.2 0.2
 0.2 0.2 0.2 0.2 0.2 0.2 0.2 0.2 0.2 0.2 0.2 0.2
 0.2 0.2 0.2 0.2 0.2 0.2 0.2 0.2 0.2 0.2 0.2 0.2
 0.2 0.2 0.2 0.2 0.2 0.2 0.2 0.2 0.2 0.2 0.2 0.2
 0.2 0.2 0.2 0.2 0.2 0.2 0.2 0.2 0.2 0.2 0.2 0.2
 0.2 0.2 0.2 0.2 0.2 0.2 0.2 0.2 0.2 0.2 0.2 0.2
 0.2 0.2 0.2 0.2 0.2 0.2 0.2 0.2 0.2 0.2 0.2 0.2
 0.2 0.2 0.2 0.2 0.2 0.2 0.2 0.2 0.2 0.2 0.2 0.2
 0.2 0.2 0.2 0.2 0.2 0.2 0.2 0.2 0.2 0.2 0.2 0.2
# mean_log_rec
13.7231
# log_Rzero
13.813
# rec_dev
 -0.0406474 -0.0709708 0.0174258 -0.0325875 0.0387458 0.0161459 -0.0482628 0.0362425 0.0474986 -0.0168462 0.025341 0.103538 0.391329 0.0423595 -0.122161 0.404167 0.305923 0.00442031 0.168701 0.078093 0.125318 0.0871394 -0.0523488 -0.0179792 0.0143644 -0.0777578 0.101444 0.15169 -0.270856 -0.111817 -0.281192 0.0678327 -0.00158632 -0.221539 -0.394154 0.0163392 -0.546253 -0.330665 -0.195239 -0.0626351 -0.321757
# fmort
 0.00944329 0.0280896 0.0464326 0.0625924 0.050176 0.0899949 0.090227 0.193277 0.11303 0.137262 0.157366 0.167787 0.121001 0.177624 0.188864 0.169062 0.334057 0.274278 0.273542 0.270745 0.370485 0.267326 0.437973 0.3637 0.362098 0.324711 0.316175 0.444898 0.338999 0.529441
# rec_dev_future
 0 0 0 0 0
