AMAK;August_2013
# styr
1
# endyr
30
# rec_age
1
# oldest_age
12
# nlength
81
# len_bins
 10 11 12 13 14 15 16 17 18 19 20 21 22 23 24 25 26 27 28 29 30 31 32 33 34 35 36 37 38 39 40 41 42 43 44 45 46 47 48 49 50 51 52 53 54 55 56 57 58 59 60 61 62 63 64 65 66 67 68 69 70 71 72 73 74 75 76 77 78 79 80 81 82 83 84 85 86 87 88 89 90
# datafile_name
amak_data.dat
# model_name
OM_1
# styr
1
# endyr
30
# rec_age
1
# oldest_age
12
# nfsh
1
# fshname
OM1
# catch_bio_in
 162.823 468.043 766.793 991.835 773.931 1325.42 1281.87 2482.93 1336.05 1528.27 1612.86 1616.43 1105.28 1519.8 1516.14 1285.09 2260.75 1609.02 1442.37 1321.21 1618.95 1080.51 1649.01 1197.6 1113.44 969.289 924.349 1204.58 883.011 1285.06
# catch_bio_sd_in
 0.01 0.01 0.01 0.01 0.01 0.01 0.01 0.01 0.01 0.01 0.01 0.01 0.01 0.01 0.01 0.01 0.01 0.01 0.01 0.01 0.01 0.01 0.01 0.01 0.01 0.01 0.01 0.01 0.01 0.01
# nyrs_fsh_age
 30
# nyrs_fsh_length
 0
# yrs_fsh_age_in
 1 2 3 4 5 6 7 8 9 10 11 12 13 14 15 16 17 18 19 20 21 22 23 24 25 26 27 28 29 30
# yrs_fsh_length_in

# n_sample_fsh_length_in

# olc_fsh_in

# nind
1
# indname
survey_index1
# nyrs_ind
 30
# yrs_ind_in
 1 2 3 4 5 6 7 8 9 10 11 12 13 14 15 16 17 18 19 20 21 22 23 24 25 26 27 28 29 30
# mo_ind
 1
# obs_ind_in
 1.34819 1.51218 1.52387 1.6407 1.40493 1.56707 1.41552 1.415 1.27525 1.16373 1.26428 1.41694 0.904712 1.00864 1.09059 0.790981 0.814927 0.747013 0.773777 0.745054 0.652601 0.758253 0.619561 0.531326 0.557981 0.463611 0.507922 0.52039 0.546456 0.53738
# obs_se_ind_in
 0.269637 0.302436 0.304774 0.328141 0.280986 0.313414 0.283103 0.282999 0.255049 0.232747 0.252857 0.283388 0.180942 0.201729 0.218117 0.158196 0.162985 0.149403 0.154755 0.149011 0.13052 0.151651 0.123912 0.106265 0.111596 0.0927222 0.101584 0.104078 0.109291 0.107476
# nyrs_ind_age
 30
# nyrs_ind_length
 0
# yrs_ind_age_in
 1 2 3 4 5 6 7 8 9 10 11 12 13 14 15 16 17 18 19 20 21 22 23 24 25 26 27 28 29 30
# yrs_ind_length_in

# yrs_ind_age_in
 1 2 3 4 5 6 7 8 9 10 11 12 13 14 15 16 17 18 19 20 21 22 23 24 25 26 27 28 29 30
# n_sample_ind_length_in

# olc_ind_in

# oac_ind_in
 0.11 0.125 0.16 0.15 0.1 0.06 0.05 0.04 0.025 0.045 0.02 0.115
 0.105 0.14 0.14 0.065 0.1 0.07 0.08 0.095 0.045 0.03 0.02 0.11
 0.06 0.155 0.11 0.115 0.125 0.09 0.05 0.035 0.065 0.04 0.015 0.14
 0.045 0.155 0.195 0.115 0.12 0.065 0.05 0.045 0.03 0.025 0.035 0.12
 0.08 0.14 0.145 0.125 0.13 0.095 0.05 0.05 0.03 0.03 0.02 0.105
 0.045 0.215 0.14 0.075 0.135 0.06 0.06 0.045 0.045 0.03 0.035 0.115
 0.07 0.125 0.235 0.065 0.085 0.065 0.06 0.05 0.035 0.04 0.01 0.16
 0.04 0.145 0.19 0.13 0.115 0.05 0.075 0.06 0.02 0.03 0.025 0.12
 0.065 0.18 0.125 0.16 0.15 0.05 0.025 0.07 0.05 0.04 0.02 0.065
 0.07 0.165 0.19 0.12 0.13 0.05 0.035 0.055 0.035 0.03 0.035 0.085
 0.065 0.18 0.17 0.14 0.115 0.08 0.075 0.035 0.025 0.03 0.03 0.055
 0.06 0.19 0.175 0.125 0.08 0.08 0.07 0.07 0.03 0.015 0.035 0.07
 0.08 0.19 0.19 0.115 0.07 0.085 0.045 0.06 0.05 0.025 0.015 0.075
 0.095 0.18 0.135 0.13 0.115 0.1 0.055 0.035 0.035 0.03 0.025 0.065
 0.08 0.17 0.16 0.15 0.14 0.085 0.055 0.04 0.025 0.02 0.02 0.055
 0.11 0.18 0.185 0.135 0.095 0.08 0.055 0.035 0.03 0.02 0.025 0.05
 0.095 0.235 0.215 0.135 0.08 0.07 0.04 0.02 0.02 0.01 0.015 0.065
 0.085 0.185 0.24 0.15 0.1 0.065 0.04 0.04 0.03 0.015 0 0.05
 0.07 0.215 0.22 0.175 0.075 0.06 0.07 0.05 0.01 0.01 0.005 0.04
 0.06 0.26 0.17 0.18 0.13 0.065 0.06 0.02 0.025 0.01 0.01 0.01
 0.16 0.17 0.235 0.135 0.125 0.085 0.02 0.025 0.01 0.005 0.005 0.025
 0.125 0.275 0.195 0.125 0.05 0.05 0.065 0.04 0.04 0.01 0.005 0.02
 0.105 0.275 0.175 0.13 0.085 0.045 0.06 0.04 0.055 0.01 0.01 0.01
 0.09 0.16 0.265 0.23 0.07 0.04 0.015 0.065 0.02 0.015 0.015 0.015
 0.165 0.18 0.285 0.15 0.11 0.04 0.04 0.01 0 0.01 0.005 0.005
 0.08 0.305 0.205 0.165 0.11 0.06 0.03 0.02 0.01 0.005 0.005 0.005
 0.12 0.2 0.265 0.165 0.07 0.08 0.015 0.03 0.03 0 0.01 0.015
 0.15 0.285 0.17 0.155 0.075 0.045 0.06 0.03 0 0.015 0.005 0.01
 0.14 0.34 0.205 0.1 0.125 0.025 0.04 0.01 0.01 0.005 0 0
 0.1 0.28 0.2 0.2 0.095 0.06 0.04 0.005 0.005 0.01 0.005 0
# wt_ind
 1 1 1 1 1 1 1 1 1 1 1 1
 1 1 1 1 1 1 1 1 1 1 1 1
 1 1 1 1 1 1 1 1 1 1 1 1
 1 1 1 1 1 1 1 1 1 1 1 1
 1 1 1 1 1 1 1 1 1 1 1 1
 1 1 1 1 1 1 1 1 1 1 1 1
 1 1 1 1 1 1 1 1 1 1 1 1
 1 1 1 1 1 1 1 1 1 1 1 1
 1 1 1 1 1 1 1 1 1 1 1 1
 1 1 1 1 1 1 1 1 1 1 1 1
 1 1 1 1 1 1 1 1 1 1 1 1
 1 1 1 1 1 1 1 1 1 1 1 1
 1 1 1 1 1 1 1 1 1 1 1 1
 1 1 1 1 1 1 1 1 1 1 1 1
 1 1 1 1 1 1 1 1 1 1 1 1
 1 1 1 1 1 1 1 1 1 1 1 1
 1 1 1 1 1 1 1 1 1 1 1 1
 1 1 1 1 1 1 1 1 1 1 1 1
 1 1 1 1 1 1 1 1 1 1 1 1
 1 1 1 1 1 1 1 1 1 1 1 1
 1 1 1 1 1 1 1 1 1 1 1 1
 1 1 1 1 1 1 1 1 1 1 1 1
 1 1 1 1 1 1 1 1 1 1 1 1
 1 1 1 1 1 1 1 1 1 1 1 1
 1 1 1 1 1 1 1 1 1 1 1 1
 1 1 1 1 1 1 1 1 1 1 1 1
 1 1 1 1 1 1 1 1 1 1 1 1
 1 1 1 1 1 1 1 1 1 1 1 1
 1 1 1 1 1 1 1 1 1 1 1 1
 1 1 1 1 1 1 1 1 1 1 1 1
# wt_pop
 0.000530656 0.00119633 0.00205827 0.00303499 0.00405521 0.0050647 0.00602623 0.00691692 0.00772489 0.00844611 0.00908185 0.0096367
# maturity
 0.0229774 0.320821 0.904651 0.99478 0.999739 0.999987 0.999999 1 1 1 1 1
# spawnmo
1
# age_err
 1 0 0 0 0 0 0 0 0 0 0 0
 0 1 0 0 0 0 0 0 0 0 0 0
 0 0 1 0 0 0 0 0 0 0 0 0
 0 0 0 1 0 0 0 0 0 0 0 0
 0 0 0 0 1 0 0 0 0 0 0 0
 0 0 0 0 0 1 0 0 0 0 0 0
 0 0 0 0 0 0 1 0 0 0 0 0
 0 0 0 0 0 0 0 1 0 0 0 0
 0 0 0 0 0 0 0 0 1 0 0 0
 0 0 0 0 0 0 0 0 0 1 0 0
 0 0 0 0 0 0 0 0 0 0 1 0
 0 0 0 0 0 0 0 0 0 0 0 1
# cntrlfile_name
C:\Users\bai.li\Desktop\s1_test\AMAK\s87\amak.dat
# Map shared selectivity: 
# sel_map
 1 2
 1 1
# datafile_name
amak_data.dat
# model_name
OM_1
# SrType
2
# use_age_err
0
# retro
0
# sigmarprior
0.2
# cvsigmarprior
0.25
# phase_sigmar
-3
# styr_rec_est
1
# endyr_rec_est
30
# Linfprior
80
# cvLinfprior
0.25
# kprior
0.18
# cvkprior
0.25
# Loprior
27.688
# cvLoprior
0.25
# sdageprior
0.1
# cvsdageprior
0.25
# natmortprior
0.2
# cvnatmortprior
0.25
# phase_M
-4
# npars_Mage
0
# ages_M_changes

# Mage_in

# phase_Mage
-5
# phase_rw_M
0
# npars_rw_M
0
# yrs_rw_M

# sigma_rw_M

# qprior
 3.48998e-007
# cvqprior
 1
# phase_q
 1
# q_power_prior
 1
# cvq_power_prior
 0.2
# phase_q_power
 -4
# phase_rw_q
 -1
# npars_rw_q
 0
# yrs_rw_q

# sigma_rw_q

# q_age_min
 1
# q_age_max
 12
# q_age_min
 1
# q_age_max
 12
# fsh_sel_opt(k)
2
# phase_sel_fsh(k)
-2
# n_sel_ch_fsh(k)
1
# sel_slp_in_fsh(k)(1,n_sel_ch_fsh(k))
 1
# sel_inf_in_fsh(k)(1,n_sel_ch_fsh(k))
 2
# logsel_slp_in_fsh(k)(1,n_sel_ch_fsh(k))
 0
# yrs_sel_ch_fsh(k)(1,n_sel_ch_fsh(k))
 1

Survey survey_index1
# ind_sel_opt(k)
2
# indname(k)
survey_index1
# nselages_in_ind(k)
11
# phase_sel_ind(k)
-2
# sel_change_in_ind(k)
 1 0 0 0 0 0 0 0 0 0 0 0 0 0 0 0 0 0 0 0 0 0 0 0 0 0 0 0 0 0
# n_sel_ch_ind(k)
1
# yrs_sel_ch_ind(k)(1,n_sel_ch_ind(k))
 1
# sel_slp_in_ind(k,1)
2
# sel_inf_in_ind(k,1)
1.5
# logsel_slp_in_ind(k,1)
0.693147
# logsel_slp_in_indv(k)
0.693147
survey_index1 ind sel opt 2  1 0 0 0 0 0 0 0 0 0 0 0 0 0 0 0 0 0 0 0 0 0 0 0 0 0 0 0 0 0
Phase indices Sel_Coffs:  -1
 Test: 1.23457e+008
# Fshry Selages:  11
# Srvy  Selages:  11
# Phase for age-spec fishery  -1
# Phase for logistic fishery  -2
# Phase for dble logistic fishery  -1
# Phase for age-spec indices   -1
# Phase for logistic indices   -2
# Phase for dble logistic ind  -1
# Curv_pen_fsh: 
 0
# Curv_pen_ind: 
 0
# styr_fut
31
# endyr_fut
35
# nyrs_fsh_age
 30
# nyrs_fsh_age
 30
# yrs_fsh_age
 1 2 3 4 5 6 7 8 9 10 11 12 13 14 15 16 17 18 19 20 21 22 23 24 25 26 27 28 29 30
# n_sample_fsh_age
 200 200 200 200 200 200 200 200 200 200 200 200 200 200 200 200 200 200 200 200 200 200 200 200 200 200 200 200 200 200
# oac_fsh
 0.085 0.06 0.16 0.115 0.065 0.1 0.075 0.09 0.04 0.045 0.03 0.135
 0.125 0.08 0.105 0.16 0.065 0.095 0.09 0.065 0.045 0.025 0.025 0.12
 0.065 0.165 0.14 0.105 0.105 0.07 0.09 0.05 0.025 0.055 0.025 0.105
 0.075 0.13 0.15 0.105 0.075 0.095 0.075 0.04 0.04 0.02 0.035 0.16
 0.105 0.075 0.115 0.195 0.11 0.065 0.085 0.055 0.035 0.025 0.04 0.095
 0.08 0.155 0.125 0.105 0.1 0.095 0.05 0.05 0.04 0.035 0.03 0.135
 0.07 0.135 0.19 0.085 0.09 0.095 0.065 0.04 0.045 0.025 0.035 0.125
 0.095 0.065 0.155 0.15 0.07 0.09 0.09 0.065 0.055 0.03 0.04 0.095
 0.08 0.185 0.08 0.205 0.105 0.035 0.055 0.04 0.03 0.055 0.03 0.1
 0.09 0.11 0.18 0.12 0.125 0.095 0.045 0.05 0.025 0.04 0.025 0.095
 0.125 0.125 0.2 0.105 0.095 0.08 0.08 0.03 0.02 0.03 0.005 0.105
 0.085 0.145 0.18 0.1 0.1 0.06 0.06 0.065 0.04 0.025 0.04 0.1
 0.08 0.105 0.175 0.175 0.125 0.085 0.06 0.04 0.045 0.02 0.025 0.065
 0.075 0.115 0.155 0.195 0.085 0.09 0.045 0.025 0.055 0.07 0.005 0.085
 0.085 0.17 0.155 0.13 0.14 0.1 0.04 0.045 0.04 0.025 0.01 0.06
 0.13 0.155 0.145 0.14 0.11 0.13 0.035 0.05 0.02 0.005 0.02 0.06
 0.065 0.205 0.155 0.14 0.125 0.055 0.055 0.055 0.03 0.025 0.02 0.07
 0.14 0.165 0.2 0.13 0.11 0.08 0.045 0.045 0.02 0.01 0.01 0.045
 0.125 0.15 0.2 0.17 0.1 0.115 0.03 0.025 0.03 0.015 0.005 0.035
 0.08 0.205 0.17 0.145 0.12 0.11 0.03 0.05 0.005 0.01 0.025 0.05
 0.14 0.145 0.19 0.145 0.08 0.135 0.015 0.05 0.03 0.01 0.015 0.045
 0.185 0.16 0.15 0.145 0.06 0.085 0.07 0.025 0.03 0.035 0.015 0.04
 0.155 0.2 0.23 0.135 0.065 0.085 0.055 0.025 0.01 0 0.015 0.025
 0.09 0.21 0.25 0.17 0.06 0.09 0.045 0.02 0.01 0.01 0.015 0.03
 0.16 0.27 0.175 0.12 0.115 0.055 0.035 0.015 0.035 0.005 0.005 0.01
 0.105 0.225 0.18 0.16 0.145 0.08 0.025 0.04 0.015 0.005 0.015 0.005
 0.16 0.195 0.24 0.165 0.075 0.065 0.06 0.02 0.01 0.005 0 0.005
 0.16 0.17 0.16 0.245 0.08 0.05 0.06 0.01 0.025 0.02 0.005 0.015
 0.175 0.24 0.22 0.14 0.105 0.05 0.035 0.015 0.015 0 0.005 0
 0.13 0.23 0.245 0.12 0.125 0.07 0.035 0.025 0.01 0.01 0 0
# olc_fsh

# wt_fsh
 0.000530656 0.00119633 0.00205827 0.00303499 0.00405521 0.0050647 0.00602623 0.00691692 0.00772489 0.00844611 0.00908185 0.0096367
 0.000530656 0.00119633 0.00205827 0.00303499 0.00405521 0.0050647 0.00602623 0.00691692 0.00772489 0.00844611 0.00908185 0.0096367
 0.000530656 0.00119633 0.00205827 0.00303499 0.00405521 0.0050647 0.00602623 0.00691692 0.00772489 0.00844611 0.00908185 0.0096367
 0.000530656 0.00119633 0.00205827 0.00303499 0.00405521 0.0050647 0.00602623 0.00691692 0.00772489 0.00844611 0.00908185 0.0096367
 0.000530656 0.00119633 0.00205827 0.00303499 0.00405521 0.0050647 0.00602623 0.00691692 0.00772489 0.00844611 0.00908185 0.0096367
 0.000530656 0.00119633 0.00205827 0.00303499 0.00405521 0.0050647 0.00602623 0.00691692 0.00772489 0.00844611 0.00908185 0.0096367
 0.000530656 0.00119633 0.00205827 0.00303499 0.00405521 0.0050647 0.00602623 0.00691692 0.00772489 0.00844611 0.00908185 0.0096367
 0.000530656 0.00119633 0.00205827 0.00303499 0.00405521 0.0050647 0.00602623 0.00691692 0.00772489 0.00844611 0.00908185 0.0096367
 0.000530656 0.00119633 0.00205827 0.00303499 0.00405521 0.0050647 0.00602623 0.00691692 0.00772489 0.00844611 0.00908185 0.0096367
 0.000530656 0.00119633 0.00205827 0.00303499 0.00405521 0.0050647 0.00602623 0.00691692 0.00772489 0.00844611 0.00908185 0.0096367
 0.000530656 0.00119633 0.00205827 0.00303499 0.00405521 0.0050647 0.00602623 0.00691692 0.00772489 0.00844611 0.00908185 0.0096367
 0.000530656 0.00119633 0.00205827 0.00303499 0.00405521 0.0050647 0.00602623 0.00691692 0.00772489 0.00844611 0.00908185 0.0096367
 0.000530656 0.00119633 0.00205827 0.00303499 0.00405521 0.0050647 0.00602623 0.00691692 0.00772489 0.00844611 0.00908185 0.0096367
 0.000530656 0.00119633 0.00205827 0.00303499 0.00405521 0.0050647 0.00602623 0.00691692 0.00772489 0.00844611 0.00908185 0.0096367
 0.000530656 0.00119633 0.00205827 0.00303499 0.00405521 0.0050647 0.00602623 0.00691692 0.00772489 0.00844611 0.00908185 0.0096367
 0.000530656 0.00119633 0.00205827 0.00303499 0.00405521 0.0050647 0.00602623 0.00691692 0.00772489 0.00844611 0.00908185 0.0096367
 0.000530656 0.00119633 0.00205827 0.00303499 0.00405521 0.0050647 0.00602623 0.00691692 0.00772489 0.00844611 0.00908185 0.0096367
 0.000530656 0.00119633 0.00205827 0.00303499 0.00405521 0.0050647 0.00602623 0.00691692 0.00772489 0.00844611 0.00908185 0.0096367
 0.000530656 0.00119633 0.00205827 0.00303499 0.00405521 0.0050647 0.00602623 0.00691692 0.00772489 0.00844611 0.00908185 0.0096367
 0.000530656 0.00119633 0.00205827 0.00303499 0.00405521 0.0050647 0.00602623 0.00691692 0.00772489 0.00844611 0.00908185 0.0096367
 0.000530656 0.00119633 0.00205827 0.00303499 0.00405521 0.0050647 0.00602623 0.00691692 0.00772489 0.00844611 0.00908185 0.0096367
 0.000530656 0.00119633 0.00205827 0.00303499 0.00405521 0.0050647 0.00602623 0.00691692 0.00772489 0.00844611 0.00908185 0.0096367
 0.000530656 0.00119633 0.00205827 0.00303499 0.00405521 0.0050647 0.00602623 0.00691692 0.00772489 0.00844611 0.00908185 0.0096367
 0.000530656 0.00119633 0.00205827 0.00303499 0.00405521 0.0050647 0.00602623 0.00691692 0.00772489 0.00844611 0.00908185 0.0096367
 0.000530656 0.00119633 0.00205827 0.00303499 0.00405521 0.0050647 0.00602623 0.00691692 0.00772489 0.00844611 0.00908185 0.0096367
 0.000530656 0.00119633 0.00205827 0.00303499 0.00405521 0.0050647 0.00602623 0.00691692 0.00772489 0.00844611 0.00908185 0.0096367
 0.000530656 0.00119633 0.00205827 0.00303499 0.00405521 0.0050647 0.00602623 0.00691692 0.00772489 0.00844611 0.00908185 0.0096367
 0.000530656 0.00119633 0.00205827 0.00303499 0.00405521 0.0050647 0.00602623 0.00691692 0.00772489 0.00844611 0.00908185 0.0096367
 0.000530656 0.00119633 0.00205827 0.00303499 0.00405521 0.0050647 0.00602623 0.00691692 0.00772489 0.00844611 0.00908185 0.0096367
 0.000530656 0.00119633 0.00205827 0.00303499 0.00405521 0.0050647 0.00602623 0.00691692 0.00772489 0.00844611 0.00908185 0.0096367
# nyrs_ind_age
 30
# yrs_ind_age
 1 2 3 4 5 6 7 8 9 10 11 12 13 14 15 16 17 18 19 20 21 22 23 24 25 26 27 28 29 30
# n_sample_ind_age
 200 200 200 200 200 200 200 200 200 200 200 200 200 200 200 200 200 200 200 200 200 200 200 200 200 200 200 200 200 200
# oac_ind
 0.11 0.125 0.16 0.15 0.1 0.06 0.05 0.04 0.025 0.045 0.02 0.115
 0.105 0.14 0.14 0.065 0.1 0.07 0.08 0.095 0.045 0.03 0.02 0.11
 0.06 0.155 0.11 0.115 0.125 0.09 0.05 0.035 0.065 0.04 0.015 0.14
 0.045 0.155 0.195 0.115 0.12 0.065 0.05 0.045 0.03 0.025 0.035 0.12
 0.08 0.14 0.145 0.125 0.13 0.095 0.05 0.05 0.03 0.03 0.02 0.105
 0.045 0.215 0.14 0.075 0.135 0.06 0.06 0.045 0.045 0.03 0.035 0.115
 0.07 0.125 0.235 0.065 0.085 0.065 0.06 0.05 0.035 0.04 0.01 0.16
 0.04 0.145 0.19 0.13 0.115 0.05 0.075 0.06 0.02 0.03 0.025 0.12
 0.065 0.18 0.125 0.16 0.15 0.05 0.025 0.07 0.05 0.04 0.02 0.065
 0.07 0.165 0.19 0.12 0.13 0.05 0.035 0.055 0.035 0.03 0.035 0.085
 0.065 0.18 0.17 0.14 0.115 0.08 0.075 0.035 0.025 0.03 0.03 0.055
 0.06 0.19 0.175 0.125 0.08 0.08 0.07 0.07 0.03 0.015 0.035 0.07
 0.08 0.19 0.19 0.115 0.07 0.085 0.045 0.06 0.05 0.025 0.015 0.075
 0.095 0.18 0.135 0.13 0.115 0.1 0.055 0.035 0.035 0.03 0.025 0.065
 0.08 0.17 0.16 0.15 0.14 0.085 0.055 0.04 0.025 0.02 0.02 0.055
 0.11 0.18 0.185 0.135 0.095 0.08 0.055 0.035 0.03 0.02 0.025 0.05
 0.095 0.235 0.215 0.135 0.08 0.07 0.04 0.02 0.02 0.01 0.015 0.065
 0.085 0.185 0.24 0.15 0.1 0.065 0.04 0.04 0.03 0.015 0 0.05
 0.07 0.215 0.22 0.175 0.075 0.06 0.07 0.05 0.01 0.01 0.005 0.04
 0.06 0.26 0.17 0.18 0.13 0.065 0.06 0.02 0.025 0.01 0.01 0.01
 0.16 0.17 0.235 0.135 0.125 0.085 0.02 0.025 0.01 0.005 0.005 0.025
 0.125 0.275 0.195 0.125 0.05 0.05 0.065 0.04 0.04 0.01 0.005 0.02
 0.105 0.275 0.175 0.13 0.085 0.045 0.06 0.04 0.055 0.01 0.01 0.01
 0.09 0.16 0.265 0.23 0.07 0.04 0.015 0.065 0.02 0.015 0.015 0.015
 0.165 0.18 0.285 0.15 0.11 0.04 0.04 0.01 0 0.01 0.005 0.005
 0.08 0.305 0.205 0.165 0.11 0.06 0.03 0.02 0.01 0.005 0.005 0.005
 0.12 0.2 0.265 0.165 0.07 0.08 0.015 0.03 0.03 0 0.01 0.015
 0.15 0.285 0.17 0.155 0.075 0.045 0.06 0.03 0 0.015 0.005 0.01
 0.14 0.34 0.205 0.1 0.125 0.025 0.04 0.01 0.01 0.005 0 0
 0.1 0.28 0.2 0.2 0.095 0.06 0.04 0.005 0.005 0.01 0.005 0
# olc_ind

# obs_lse_ind
 0.198042 0.198042 0.198042 0.198042 0.198042 0.198042 0.198042 0.198042 0.198042 0.198042 0.198042 0.198042 0.198042 0.198042 0.198042 0.198042 0.198042 0.198042 0.198042 0.198042 0.198042 0.198042 0.198042 0.198042 0.198042 0.198042 0.198042 0.198042 0.198042 0.198042
# xages_fsh
 0 0 0 0 0 0 0 0 0 0 0 0
# xages_fsh
 0 0.0909091 0.181818 0.272727 0.363636 0.454545 0.545455 0.636364 0.727273 0.818182 0.909091 1
# xnodes_fsh

Yrs fsh_sel change:  1 0 0 0 0 0 0 0 0 0 0 0 0 0 0 0 0 0 0 0 0 0 0 0 0 0 0 0 0
Yrs ind_sel change:  1 0 0 0 0 0 0 0 0 0 0 0 0 0 0 0 0 0 0 0 0 0 0 0 0 0 0 0 0
# steepnessprior
0.75
# sigmarprior
0.2
#  SSB estimated in styr endyr: -12 28 
#  Rec estimated in styr endyr: -10 30 
#  SR Curve fit  in styr endyr: 1 30 
#             Model styr endyr: 1 30 
# qprior
 3.48998e-007
# q_power_prior 
 1 
# cv_catchbiomass 
0.05 
# CatchbiomassPen 
200 
# Number of projection years 
5 
# offset_fsh
 13437.3
# offset_ind
 13113.4
Mean Catch
1277.76
R_guess 
13.8155
# nfsh
1
# n_sel_ch_fsh
 1
# nselages_fsh
 11
# phase_selcoff_fsh
 -1
logRzero 13.8155
logmeanrec 13.8155
exp(log_sigmarprior 0.2
Fish sel phase: -1 OM1
Fixing fishery sel to
1
Fixing fishery sel to
1
Srvy sel phase: -1
Fixing survey_index1 indices sel to
1
Fixing index sel to
1
# logsel_slp_in_indv
 0.693147
Leaving parameter init secton
# M
 0.2 0.2 0.2 0.2 0.2 0.2 0.2 0.2 0.2 0.2 0.2 0.2
 0.2 0.2 0.2 0.2 0.2 0.2 0.2 0.2 0.2 0.2 0.2 0.2
 0.2 0.2 0.2 0.2 0.2 0.2 0.2 0.2 0.2 0.2 0.2 0.2
 0.2 0.2 0.2 0.2 0.2 0.2 0.2 0.2 0.2 0.2 0.2 0.2
 0.2 0.2 0.2 0.2 0.2 0.2 0.2 0.2 0.2 0.2 0.2 0.2
 0.2 0.2 0.2 0.2 0.2 0.2 0.2 0.2 0.2 0.2 0.2 0.2
 0.2 0.2 0.2 0.2 0.2 0.2 0.2 0.2 0.2 0.2 0.2 0.2
 0.2 0.2 0.2 0.2 0.2 0.2 0.2 0.2 0.2 0.2 0.2 0.2
 0.2 0.2 0.2 0.2 0.2 0.2 0.2 0.2 0.2 0.2 0.2 0.2
 0.2 0.2 0.2 0.2 0.2 0.2 0.2 0.2 0.2 0.2 0.2 0.2
 0.2 0.2 0.2 0.2 0.2 0.2 0.2 0.2 0.2 0.2 0.2 0.2
 0.2 0.2 0.2 0.2 0.2 0.2 0.2 0.2 0.2 0.2 0.2 0.2
 0.2 0.2 0.2 0.2 0.2 0.2 0.2 0.2 0.2 0.2 0.2 0.2
 0.2 0.2 0.2 0.2 0.2 0.2 0.2 0.2 0.2 0.2 0.2 0.2
 0.2 0.2 0.2 0.2 0.2 0.2 0.2 0.2 0.2 0.2 0.2 0.2
 0.2 0.2 0.2 0.2 0.2 0.2 0.2 0.2 0.2 0.2 0.2 0.2
 0.2 0.2 0.2 0.2 0.2 0.2 0.2 0.2 0.2 0.2 0.2 0.2
 0.2 0.2 0.2 0.2 0.2 0.2 0.2 0.2 0.2 0.2 0.2 0.2
 0.2 0.2 0.2 0.2 0.2 0.2 0.2 0.2 0.2 0.2 0.2 0.2
 0.2 0.2 0.2 0.2 0.2 0.2 0.2 0.2 0.2 0.2 0.2 0.2
 0.2 0.2 0.2 0.2 0.2 0.2 0.2 0.2 0.2 0.2 0.2 0.2
 0.2 0.2 0.2 0.2 0.2 0.2 0.2 0.2 0.2 0.2 0.2 0.2
 0.2 0.2 0.2 0.2 0.2 0.2 0.2 0.2 0.2 0.2 0.2 0.2
 0.2 0.2 0.2 0.2 0.2 0.2 0.2 0.2 0.2 0.2 0.2 0.2
 0.2 0.2 0.2 0.2 0.2 0.2 0.2 0.2 0.2 0.2 0.2 0.2
 0.2 0.2 0.2 0.2 0.2 0.2 0.2 0.2 0.2 0.2 0.2 0.2
 0.2 0.2 0.2 0.2 0.2 0.2 0.2 0.2 0.2 0.2 0.2 0.2
 0.2 0.2 0.2 0.2 0.2 0.2 0.2 0.2 0.2 0.2 0.2 0.2
 0.2 0.2 0.2 0.2 0.2 0.2 0.2 0.2 0.2 0.2 0.2 0.2
 0.2 0.2 0.2 0.2 0.2 0.2 0.2 0.2 0.2 0.2 0.2 0.2
# mean_log_rec
13.7582
# log_Rzero
13.808
# rec_dev
 -0.0763556 -0.0861386 0.0129375 -0.166881 0.125466 0.0670389 0.0182164 -0.0574948 0.0403827 0.107828 0.0251218 0.12875 0.331322 0.0161334 -0.0929837 0.375117 0.245758 -0.0573527 0.089166 0.00685969 0.0456722 0.12126 -0.109369 -0.0559999 -0.00286862 -0.0525799 0.169142 -0.0305187 -0.234651 -0.115402 -0.365353 -0.0426095 -0.043353 -0.244658 -0.33639 -0.0875195 -0.43351 -0.247445 -0.131991 -0.177859 -0.402661
# fmort
 0.00927807 0.0269119 0.0450021 0.0601455 0.0484431 0.0862166 0.0875722 0.185103 0.109679 0.133902 0.152538 0.165715 0.119948 0.173983 0.187449 0.168688 0.329072 0.267669 0.262463 0.26116 0.357996 0.262085 0.43876 0.358331 0.354815 0.320677 0.30875 0.420203 0.318065 0.482478
# rec_dev_future
 0 0 0 0 0
