AMAK;August_2013
# styr
1
# endyr
30
# rec_age
1
# oldest_age
12
# nlength
81
# len_bins
 10 11 12 13 14 15 16 17 18 19 20 21 22 23 24 25 26 27 28 29 30 31 32 33 34 35 36 37 38 39 40 41 42 43 44 45 46 47 48 49 50 51 52 53 54 55 56 57 58 59 60 61 62 63 64 65 66 67 68 69 70 71 72 73 74 75 76 77 78 79 80 81 82 83 84 85 86 87 88 89 90
# datafile_name
amak_data.dat
# model_name
OM_1
# styr
1
# endyr
30
# rec_age
1
# oldest_age
12
# nfsh
1
# fshname
OM1
# catch_bio_in
 161.901 464.305 758.514 994.215 767.095 1324.75 1269.39 2471.64 1323.23 1540.85 1616.28 1597.46 1106.8 1515.85 1515.31 1271.5 2267.99 1595.52 1467.56 1321.32 1617.24 1082.09 1631.56 1196.85 1114.94 976.204 925.093 1211.34 873.504 1278.67
# catch_bio_sd_in
 0.01 0.01 0.01 0.01 0.01 0.01 0.01 0.01 0.01 0.01 0.01 0.01 0.01 0.01 0.01 0.01 0.01 0.01 0.01 0.01 0.01 0.01 0.01 0.01 0.01 0.01 0.01 0.01 0.01 0.01
# nyrs_fsh_age
 30
# nyrs_fsh_length
 0
# yrs_fsh_age_in
 1 2 3 4 5 6 7 8 9 10 11 12 13 14 15 16 17 18 19 20 21 22 23 24 25 26 27 28 29 30
# yrs_fsh_length_in

# n_sample_fsh_length_in

# olc_fsh_in

# nind
1
# indname
survey_index1
# nyrs_ind
 30
# yrs_ind_in
 1 2 3 4 5 6 7 8 9 10 11 12 13 14 15 16 17 18 19 20 21 22 23 24 25 26 27 28 29 30
# mo_ind
 1
# obs_ind_in
 1.37053 1.77781 1.38652 1.50246 1.33459 1.17082 1.4175 1.72001 1.27679 1.3819 1.1798 1.26316 0.984959 1.14519 1.0521 0.953863 0.949302 0.95294 0.888552 0.709956 0.625258 0.709784 0.562145 0.585011 0.568218 0.517137 0.516771 0.675467 0.471004 0.494373
# obs_se_ind_in
 0.274107 0.355561 0.277305 0.300491 0.266919 0.234165 0.2835 0.344001 0.255357 0.27638 0.235959 0.252632 0.196992 0.229039 0.210419 0.190773 0.18986 0.190588 0.17771 0.141991 0.125052 0.141957 0.112429 0.117002 0.113644 0.103427 0.103354 0.135093 0.0942007 0.0988747
# nyrs_ind_age
 30
# nyrs_ind_length
 0
# yrs_ind_age_in
 1 2 3 4 5 6 7 8 9 10 11 12 13 14 15 16 17 18 19 20 21 22 23 24 25 26 27 28 29 30
# yrs_ind_length_in

# yrs_ind_age_in
 1 2 3 4 5 6 7 8 9 10 11 12 13 14 15 16 17 18 19 20 21 22 23 24 25 26 27 28 29 30
# n_sample_ind_length_in

# olc_ind_in

# oac_ind_in
 0.045 0.14 0.22 0.13 0.12 0.08 0.02 0.055 0.045 0.025 0.015 0.105
 0.075 0.115 0.155 0.155 0.1 0.075 0.06 0.035 0.03 0.045 0.035 0.12
 0.075 0.195 0.155 0.15 0.105 0.055 0.05 0.04 0.02 0.03 0.02 0.105
 0.035 0.125 0.23 0.105 0.075 0.065 0.07 0.055 0.05 0.02 0.02 0.15
 0.085 0.105 0.155 0.125 0.11 0.125 0.065 0.035 0.02 0.045 0.035 0.095
 0.075 0.19 0.155 0.11 0.11 0.08 0.05 0.035 0.035 0.02 0.03 0.11
 0.04 0.195 0.145 0.16 0.1 0.075 0.08 0.025 0.035 0.03 0.035 0.08
 0.055 0.125 0.195 0.16 0.075 0.05 0.085 0.06 0.025 0.025 0.025 0.12
 0.1 0.21 0.15 0.15 0.115 0.03 0.035 0.05 0.025 0.04 0 0.095
 0.115 0.165 0.185 0.13 0.095 0.1 0.02 0.025 0.05 0.035 0.015 0.065
 0.08 0.165 0.18 0.16 0.09 0.06 0.045 0.065 0.03 0.02 0.02 0.085
 0.055 0.17 0.235 0.14 0.075 0.08 0.06 0.06 0.045 0.015 0.025 0.04
 0.09 0.175 0.19 0.13 0.115 0.085 0.065 0.03 0.01 0.01 0.005 0.095
 0.095 0.135 0.205 0.15 0.11 0.09 0.065 0.03 0.02 0.04 0.01 0.05
 0.075 0.15 0.175 0.135 0.135 0.09 0.045 0.07 0.02 0.03 0.035 0.04
 0.12 0.17 0.205 0.095 0.11 0.08 0.055 0.03 0.03 0.025 0.035 0.045
 0.13 0.2 0.145 0.12 0.095 0.06 0.09 0.035 0.035 0.03 0.01 0.05
 0.08 0.26 0.2 0.125 0.07 0.045 0.07 0.03 0.035 0.03 0.01 0.045
 0.07 0.23 0.235 0.155 0.085 0.045 0.06 0.04 0.03 0.02 0.01 0.02
 0.065 0.215 0.23 0.17 0.12 0.065 0.045 0.015 0.025 0.01 0.005 0.035
 0.11 0.175 0.24 0.1 0.13 0.085 0.05 0.05 0.025 0.005 0 0.03
 0.145 0.245 0.2 0.115 0.105 0.065 0.03 0.025 0.03 0.01 0.01 0.02
 0.11 0.3 0.165 0.1 0.085 0.085 0.035 0.055 0.015 0.015 0.005 0.03
 0.095 0.225 0.29 0.155 0.06 0.03 0.04 0.05 0.02 0.005 0.015 0.015
 0.105 0.205 0.225 0.185 0.13 0.05 0.03 0.02 0.02 0.01 0 0.02
 0.055 0.325 0.27 0.11 0.125 0.04 0.04 0.01 0.01 0 0 0.015
 0.115 0.21 0.24 0.11 0.105 0.085 0.07 0.03 0.015 0.005 0 0.015
 0.165 0.25 0.175 0.17 0.075 0.065 0.035 0.025 0.01 0.01 0.015 0.005
 0.185 0.25 0.185 0.135 0.105 0.06 0.02 0.02 0.03 0.005 0 0.005
 0.11 0.32 0.255 0.12 0.07 0.045 0.025 0.005 0.02 0.015 0.005 0.01
# wt_ind
 1 1 1 1 1 1 1 1 1 1 1 1
 1 1 1 1 1 1 1 1 1 1 1 1
 1 1 1 1 1 1 1 1 1 1 1 1
 1 1 1 1 1 1 1 1 1 1 1 1
 1 1 1 1 1 1 1 1 1 1 1 1
 1 1 1 1 1 1 1 1 1 1 1 1
 1 1 1 1 1 1 1 1 1 1 1 1
 1 1 1 1 1 1 1 1 1 1 1 1
 1 1 1 1 1 1 1 1 1 1 1 1
 1 1 1 1 1 1 1 1 1 1 1 1
 1 1 1 1 1 1 1 1 1 1 1 1
 1 1 1 1 1 1 1 1 1 1 1 1
 1 1 1 1 1 1 1 1 1 1 1 1
 1 1 1 1 1 1 1 1 1 1 1 1
 1 1 1 1 1 1 1 1 1 1 1 1
 1 1 1 1 1 1 1 1 1 1 1 1
 1 1 1 1 1 1 1 1 1 1 1 1
 1 1 1 1 1 1 1 1 1 1 1 1
 1 1 1 1 1 1 1 1 1 1 1 1
 1 1 1 1 1 1 1 1 1 1 1 1
 1 1 1 1 1 1 1 1 1 1 1 1
 1 1 1 1 1 1 1 1 1 1 1 1
 1 1 1 1 1 1 1 1 1 1 1 1
 1 1 1 1 1 1 1 1 1 1 1 1
 1 1 1 1 1 1 1 1 1 1 1 1
 1 1 1 1 1 1 1 1 1 1 1 1
 1 1 1 1 1 1 1 1 1 1 1 1
 1 1 1 1 1 1 1 1 1 1 1 1
 1 1 1 1 1 1 1 1 1 1 1 1
 1 1 1 1 1 1 1 1 1 1 1 1
# wt_pop
 0.000530656 0.00119633 0.00205827 0.00303499 0.00405521 0.0050647 0.00602623 0.00691692 0.00772489 0.00844611 0.00908185 0.0096367
# maturity
 0.0229774 0.320821 0.904651 0.99478 0.999739 0.999987 0.999999 1 1 1 1 1
# spawnmo
1
# age_err
 1 0 0 0 0 0 0 0 0 0 0 0
 0 1 0 0 0 0 0 0 0 0 0 0
 0 0 1 0 0 0 0 0 0 0 0 0
 0 0 0 1 0 0 0 0 0 0 0 0
 0 0 0 0 1 0 0 0 0 0 0 0
 0 0 0 0 0 1 0 0 0 0 0 0
 0 0 0 0 0 0 1 0 0 0 0 0
 0 0 0 0 0 0 0 1 0 0 0 0
 0 0 0 0 0 0 0 0 1 0 0 0
 0 0 0 0 0 0 0 0 0 1 0 0
 0 0 0 0 0 0 0 0 0 0 1 0
 0 0 0 0 0 0 0 0 0 0 0 1
# cntrlfile_name
C:\Users\bai.li\Desktop\s1_test\AMAK\s113\amak.dat
# Map shared selectivity: 
# sel_map
 1 2
 1 1
# datafile_name
amak_data.dat
# model_name
OM_1
# SrType
2
# use_age_err
0
# retro
0
# sigmarprior
0.2
# cvsigmarprior
0.25
# phase_sigmar
-3
# styr_rec_est
1
# endyr_rec_est
30
# Linfprior
80
# cvLinfprior
0.25
# kprior
0.18
# cvkprior
0.25
# Loprior
27.688
# cvLoprior
0.25
# sdageprior
0.1
# cvsdageprior
0.25
# natmortprior
0.2
# cvnatmortprior
0.25
# phase_M
-4
# npars_Mage
0
# ages_M_changes

# Mage_in

# phase_Mage
-5
# phase_rw_M
0
# npars_rw_M
0
# yrs_rw_M

# sigma_rw_M

# qprior
 3.48998e-007
# cvqprior
 1
# phase_q
 1
# q_power_prior
 1
# cvq_power_prior
 0.2
# phase_q_power
 -4
# phase_rw_q
 -1
# npars_rw_q
 0
# yrs_rw_q

# sigma_rw_q

# q_age_min
 1
# q_age_max
 12
# q_age_min
 1
# q_age_max
 12
# fsh_sel_opt(k)
2
# phase_sel_fsh(k)
-2
# n_sel_ch_fsh(k)
1
# sel_slp_in_fsh(k)(1,n_sel_ch_fsh(k))
 1
# sel_inf_in_fsh(k)(1,n_sel_ch_fsh(k))
 2
# logsel_slp_in_fsh(k)(1,n_sel_ch_fsh(k))
 0
# yrs_sel_ch_fsh(k)(1,n_sel_ch_fsh(k))
 1

Survey survey_index1
# ind_sel_opt(k)
2
# indname(k)
survey_index1
# nselages_in_ind(k)
11
# phase_sel_ind(k)
-2
# sel_change_in_ind(k)
 1 0 0 0 0 0 0 0 0 0 0 0 0 0 0 0 0 0 0 0 0 0 0 0 0 0 0 0 0 0
# n_sel_ch_ind(k)
1
# yrs_sel_ch_ind(k)(1,n_sel_ch_ind(k))
 1
# sel_slp_in_ind(k,1)
2
# sel_inf_in_ind(k,1)
1.5
# logsel_slp_in_ind(k,1)
0.693147
# logsel_slp_in_indv(k)
0.693147
survey_index1 ind sel opt 2  1 0 0 0 0 0 0 0 0 0 0 0 0 0 0 0 0 0 0 0 0 0 0 0 0 0 0 0 0 0
Phase indices Sel_Coffs:  -1
 Test: 1.23457e+008
# Fshry Selages:  11
# Srvy  Selages:  11
# Phase for age-spec fishery  -1
# Phase for logistic fishery  -2
# Phase for dble logistic fishery  -1
# Phase for age-spec indices   -1
# Phase for logistic indices   -2
# Phase for dble logistic ind  -1
# Curv_pen_fsh: 
 0
# Curv_pen_ind: 
 0
# styr_fut
31
# endyr_fut
35
# nyrs_fsh_age
 30
# nyrs_fsh_age
 30
# yrs_fsh_age
 1 2 3 4 5 6 7 8 9 10 11 12 13 14 15 16 17 18 19 20 21 22 23 24 25 26 27 28 29 30
# n_sample_fsh_age
 200 200 200 200 200 200 200 200 200 200 200 200 200 200 200 200 200 200 200 200 200 200 200 200 200 200 200 200 200 200
# oac_fsh
 0.1 0.11 0.09 0.135 0.11 0.085 0.04 0.05 0.04 0.06 0.045 0.135
 0.09 0.07 0.14 0.14 0.105 0.075 0.1 0.045 0.04 0.035 0.03 0.13
 0.08 0.12 0.105 0.125 0.095 0.095 0.07 0.04 0.05 0.035 0.045 0.14
 0.065 0.08 0.17 0.085 0.1 0.085 0.055 0.1 0.055 0.045 0.025 0.135
 0.07 0.09 0.145 0.155 0.11 0.07 0.115 0.045 0.02 0.075 0.01 0.095
 0.07 0.16 0.095 0.1 0.135 0.08 0.105 0.03 0.05 0.03 0.01 0.135
 0.07 0.16 0.165 0.08 0.09 0.11 0.095 0.03 0.025 0.04 0.025 0.11
 0.075 0.115 0.145 0.195 0.1 0.065 0.04 0.065 0.025 0.01 0.05 0.115
 0.09 0.15 0.07 0.17 0.14 0.07 0.04 0.075 0.055 0.045 0.015 0.08
 0.12 0.085 0.145 0.105 0.105 0.13 0.05 0.045 0.06 0.035 0.01 0.11
 0.08 0.165 0.135 0.175 0.1 0.1 0.04 0.035 0.035 0.03 0.01 0.095
 0.07 0.125 0.195 0.105 0.115 0.1 0.085 0.055 0.025 0.015 0.025 0.085
 0.135 0.11 0.23 0.13 0.115 0.09 0.035 0.04 0.025 0.015 0.01 0.065
 0.12 0.165 0.12 0.15 0.105 0.085 0.075 0.055 0.015 0.035 0.005 0.07
 0.095 0.135 0.14 0.14 0.125 0.085 0.075 0.04 0.03 0.045 0.045 0.045
 0.12 0.135 0.18 0.175 0.085 0.1 0.04 0.065 0.035 0.01 0.01 0.045
 0.125 0.135 0.165 0.145 0.11 0.08 0.05 0.035 0.03 0.025 0.04 0.06
 0.08 0.2 0.14 0.155 0.11 0.065 0.08 0.05 0.035 0.01 0.015 0.06
 0.095 0.12 0.215 0.19 0.07 0.135 0.045 0.01 0.015 0.03 0.005 0.07
 0.105 0.165 0.135 0.19 0.125 0.07 0.075 0.04 0.02 0.01 0.02 0.045
 0.15 0.155 0.155 0.125 0.155 0.095 0.045 0.045 0.015 0.01 0.005 0.045
 0.175 0.235 0.145 0.13 0.07 0.08 0.06 0.01 0.02 0.015 0.015 0.045
 0.135 0.205 0.255 0.125 0.1 0.05 0.055 0.025 0.025 0.005 0.005 0.015
 0.11 0.18 0.255 0.145 0.09 0.06 0.05 0.03 0.035 0.02 0.015 0.01
 0.16 0.125 0.21 0.18 0.115 0.065 0.03 0.025 0.02 0.05 0.005 0.015
 0.14 0.24 0.19 0.155 0.105 0.08 0.04 0.025 0.01 0 0.01 0.005
 0.165 0.175 0.245 0.12 0.13 0.08 0.03 0.025 0.015 0.01 0.005 0
 0.22 0.175 0.225 0.15 0.07 0.045 0.04 0.03 0.01 0.005 0.005 0.025
 0.235 0.25 0.195 0.095 0.085 0.035 0.03 0.025 0.02 0.015 0.005 0.01
 0.175 0.26 0.22 0.16 0.045 0.04 0.03 0.025 0.015 0.015 0.005 0.01
# olc_fsh

# wt_fsh
 0.000530656 0.00119633 0.00205827 0.00303499 0.00405521 0.0050647 0.00602623 0.00691692 0.00772489 0.00844611 0.00908185 0.0096367
 0.000530656 0.00119633 0.00205827 0.00303499 0.00405521 0.0050647 0.00602623 0.00691692 0.00772489 0.00844611 0.00908185 0.0096367
 0.000530656 0.00119633 0.00205827 0.00303499 0.00405521 0.0050647 0.00602623 0.00691692 0.00772489 0.00844611 0.00908185 0.0096367
 0.000530656 0.00119633 0.00205827 0.00303499 0.00405521 0.0050647 0.00602623 0.00691692 0.00772489 0.00844611 0.00908185 0.0096367
 0.000530656 0.00119633 0.00205827 0.00303499 0.00405521 0.0050647 0.00602623 0.00691692 0.00772489 0.00844611 0.00908185 0.0096367
 0.000530656 0.00119633 0.00205827 0.00303499 0.00405521 0.0050647 0.00602623 0.00691692 0.00772489 0.00844611 0.00908185 0.0096367
 0.000530656 0.00119633 0.00205827 0.00303499 0.00405521 0.0050647 0.00602623 0.00691692 0.00772489 0.00844611 0.00908185 0.0096367
 0.000530656 0.00119633 0.00205827 0.00303499 0.00405521 0.0050647 0.00602623 0.00691692 0.00772489 0.00844611 0.00908185 0.0096367
 0.000530656 0.00119633 0.00205827 0.00303499 0.00405521 0.0050647 0.00602623 0.00691692 0.00772489 0.00844611 0.00908185 0.0096367
 0.000530656 0.00119633 0.00205827 0.00303499 0.00405521 0.0050647 0.00602623 0.00691692 0.00772489 0.00844611 0.00908185 0.0096367
 0.000530656 0.00119633 0.00205827 0.00303499 0.00405521 0.0050647 0.00602623 0.00691692 0.00772489 0.00844611 0.00908185 0.0096367
 0.000530656 0.00119633 0.00205827 0.00303499 0.00405521 0.0050647 0.00602623 0.00691692 0.00772489 0.00844611 0.00908185 0.0096367
 0.000530656 0.00119633 0.00205827 0.00303499 0.00405521 0.0050647 0.00602623 0.00691692 0.00772489 0.00844611 0.00908185 0.0096367
 0.000530656 0.00119633 0.00205827 0.00303499 0.00405521 0.0050647 0.00602623 0.00691692 0.00772489 0.00844611 0.00908185 0.0096367
 0.000530656 0.00119633 0.00205827 0.00303499 0.00405521 0.0050647 0.00602623 0.00691692 0.00772489 0.00844611 0.00908185 0.0096367
 0.000530656 0.00119633 0.00205827 0.00303499 0.00405521 0.0050647 0.00602623 0.00691692 0.00772489 0.00844611 0.00908185 0.0096367
 0.000530656 0.00119633 0.00205827 0.00303499 0.00405521 0.0050647 0.00602623 0.00691692 0.00772489 0.00844611 0.00908185 0.0096367
 0.000530656 0.00119633 0.00205827 0.00303499 0.00405521 0.0050647 0.00602623 0.00691692 0.00772489 0.00844611 0.00908185 0.0096367
 0.000530656 0.00119633 0.00205827 0.00303499 0.00405521 0.0050647 0.00602623 0.00691692 0.00772489 0.00844611 0.00908185 0.0096367
 0.000530656 0.00119633 0.00205827 0.00303499 0.00405521 0.0050647 0.00602623 0.00691692 0.00772489 0.00844611 0.00908185 0.0096367
 0.000530656 0.00119633 0.00205827 0.00303499 0.00405521 0.0050647 0.00602623 0.00691692 0.00772489 0.00844611 0.00908185 0.0096367
 0.000530656 0.00119633 0.00205827 0.00303499 0.00405521 0.0050647 0.00602623 0.00691692 0.00772489 0.00844611 0.00908185 0.0096367
 0.000530656 0.00119633 0.00205827 0.00303499 0.00405521 0.0050647 0.00602623 0.00691692 0.00772489 0.00844611 0.00908185 0.0096367
 0.000530656 0.00119633 0.00205827 0.00303499 0.00405521 0.0050647 0.00602623 0.00691692 0.00772489 0.00844611 0.00908185 0.0096367
 0.000530656 0.00119633 0.00205827 0.00303499 0.00405521 0.0050647 0.00602623 0.00691692 0.00772489 0.00844611 0.00908185 0.0096367
 0.000530656 0.00119633 0.00205827 0.00303499 0.00405521 0.0050647 0.00602623 0.00691692 0.00772489 0.00844611 0.00908185 0.0096367
 0.000530656 0.00119633 0.00205827 0.00303499 0.00405521 0.0050647 0.00602623 0.00691692 0.00772489 0.00844611 0.00908185 0.0096367
 0.000530656 0.00119633 0.00205827 0.00303499 0.00405521 0.0050647 0.00602623 0.00691692 0.00772489 0.00844611 0.00908185 0.0096367
 0.000530656 0.00119633 0.00205827 0.00303499 0.00405521 0.0050647 0.00602623 0.00691692 0.00772489 0.00844611 0.00908185 0.0096367
 0.000530656 0.00119633 0.00205827 0.00303499 0.00405521 0.0050647 0.00602623 0.00691692 0.00772489 0.00844611 0.00908185 0.0096367
# nyrs_ind_age
 30
# yrs_ind_age
 1 2 3 4 5 6 7 8 9 10 11 12 13 14 15 16 17 18 19 20 21 22 23 24 25 26 27 28 29 30
# n_sample_ind_age
 200 200 200 200 200 200 200 200 200 200 200 200 200 200 200 200 200 200 200 200 200 200 200 200 200 200 200 200 200 200
# oac_ind
 0.045 0.14 0.22 0.13 0.12 0.08 0.02 0.055 0.045 0.025 0.015 0.105
 0.075 0.115 0.155 0.155 0.1 0.075 0.06 0.035 0.03 0.045 0.035 0.12
 0.075 0.195 0.155 0.15 0.105 0.055 0.05 0.04 0.02 0.03 0.02 0.105
 0.035 0.125 0.23 0.105 0.075 0.065 0.07 0.055 0.05 0.02 0.02 0.15
 0.085 0.105 0.155 0.125 0.11 0.125 0.065 0.035 0.02 0.045 0.035 0.095
 0.075 0.19 0.155 0.11 0.11 0.08 0.05 0.035 0.035 0.02 0.03 0.11
 0.04 0.195 0.145 0.16 0.1 0.075 0.08 0.025 0.035 0.03 0.035 0.08
 0.055 0.125 0.195 0.16 0.075 0.05 0.085 0.06 0.025 0.025 0.025 0.12
 0.1 0.21 0.15 0.15 0.115 0.03 0.035 0.05 0.025 0.04 0 0.095
 0.115 0.165 0.185 0.13 0.095 0.1 0.02 0.025 0.05 0.035 0.015 0.065
 0.08 0.165 0.18 0.16 0.09 0.06 0.045 0.065 0.03 0.02 0.02 0.085
 0.055 0.17 0.235 0.14 0.075 0.08 0.06 0.06 0.045 0.015 0.025 0.04
 0.09 0.175 0.19 0.13 0.115 0.085 0.065 0.03 0.01 0.01 0.005 0.095
 0.095 0.135 0.205 0.15 0.11 0.09 0.065 0.03 0.02 0.04 0.01 0.05
 0.075 0.15 0.175 0.135 0.135 0.09 0.045 0.07 0.02 0.03 0.035 0.04
 0.12 0.17 0.205 0.095 0.11 0.08 0.055 0.03 0.03 0.025 0.035 0.045
 0.13 0.2 0.145 0.12 0.095 0.06 0.09 0.035 0.035 0.03 0.01 0.05
 0.08 0.26 0.2 0.125 0.07 0.045 0.07 0.03 0.035 0.03 0.01 0.045
 0.07 0.23 0.235 0.155 0.085 0.045 0.06 0.04 0.03 0.02 0.01 0.02
 0.065 0.215 0.23 0.17 0.12 0.065 0.045 0.015 0.025 0.01 0.005 0.035
 0.11 0.175 0.24 0.1 0.13 0.085 0.05 0.05 0.025 0.005 0 0.03
 0.145 0.245 0.2 0.115 0.105 0.065 0.03 0.025 0.03 0.01 0.01 0.02
 0.11 0.3 0.165 0.1 0.085 0.085 0.035 0.055 0.015 0.015 0.005 0.03
 0.095 0.225 0.29 0.155 0.06 0.03 0.04 0.05 0.02 0.005 0.015 0.015
 0.105 0.205 0.225 0.185 0.13 0.05 0.03 0.02 0.02 0.01 0 0.02
 0.055 0.325 0.27 0.11 0.125 0.04 0.04 0.01 0.01 0 0 0.015
 0.115 0.21 0.24 0.11 0.105 0.085 0.07 0.03 0.015 0.005 0 0.015
 0.165 0.25 0.175 0.17 0.075 0.065 0.035 0.025 0.01 0.01 0.015 0.005
 0.185 0.25 0.185 0.135 0.105 0.06 0.02 0.02 0.03 0.005 0 0.005
 0.11 0.32 0.255 0.12 0.07 0.045 0.025 0.005 0.02 0.015 0.005 0.01
# olc_ind

# obs_lse_ind
 0.198042 0.198042 0.198042 0.198042 0.198042 0.198042 0.198042 0.198042 0.198042 0.198042 0.198042 0.198042 0.198042 0.198042 0.198042 0.198042 0.198042 0.198042 0.198042 0.198042 0.198042 0.198042 0.198042 0.198042 0.198042 0.198042 0.198042 0.198042 0.198042 0.198042
# xages_fsh
 0 0 0 0 0 0 0 0 0 0 0 0
# xages_fsh
 0 0.0909091 0.181818 0.272727 0.363636 0.454545 0.545455 0.636364 0.727273 0.818182 0.909091 1
# xnodes_fsh

Yrs fsh_sel change:  1 0 0 0 0 0 0 0 0 0 0 0 0 0 0 0 0 0 0 0 0 0 0 0 0 0 0 0 0
Yrs ind_sel change:  1 0 0 0 0 0 0 0 0 0 0 0 0 0 0 0 0 0 0 0 0 0 0 0 0 0 0 0 0
# steepnessprior
0.75
# sigmarprior
0.2
#  SSB estimated in styr endyr: -12 28 
#  Rec estimated in styr endyr: -10 30 
#  SR Curve fit  in styr endyr: 1 30 
#             Model styr endyr: 1 30 
# qprior
 3.48998e-007
# q_power_prior 
 1 
# cv_catchbiomass 
0.05 
# CatchbiomassPen 
200 
# Number of projection years 
5 
# offset_fsh
 13464.7
# offset_ind
 13109.3
Mean Catch
1275.3
R_guess 
13.8155
# nfsh
1
# n_sel_ch_fsh
 1
# nselages_fsh
 11
# phase_selcoff_fsh
 -1
logRzero 13.8155
logmeanrec 13.8155
exp(log_sigmarprior 0.2
Fish sel phase: -1 OM1
Fixing fishery sel to
1
Fixing fishery sel to
1
Srvy sel phase: -1
Fixing survey_index1 indices sel to
1
Fixing index sel to
1
# logsel_slp_in_indv
 0.693147
Leaving parameter init secton
# M
 0.2 0.2 0.2 0.2 0.2 0.2 0.2 0.2 0.2 0.2 0.2 0.2
 0.2 0.2 0.2 0.2 0.2 0.2 0.2 0.2 0.2 0.2 0.2 0.2
 0.2 0.2 0.2 0.2 0.2 0.2 0.2 0.2 0.2 0.2 0.2 0.2
 0.2 0.2 0.2 0.2 0.2 0.2 0.2 0.2 0.2 0.2 0.2 0.2
 0.2 0.2 0.2 0.2 0.2 0.2 0.2 0.2 0.2 0.2 0.2 0.2
 0.2 0.2 0.2 0.2 0.2 0.2 0.2 0.2 0.2 0.2 0.2 0.2
 0.2 0.2 0.2 0.2 0.2 0.2 0.2 0.2 0.2 0.2 0.2 0.2
 0.2 0.2 0.2 0.2 0.2 0.2 0.2 0.2 0.2 0.2 0.2 0.2
 0.2 0.2 0.2 0.2 0.2 0.2 0.2 0.2 0.2 0.2 0.2 0.2
 0.2 0.2 0.2 0.2 0.2 0.2 0.2 0.2 0.2 0.2 0.2 0.2
 0.2 0.2 0.2 0.2 0.2 0.2 0.2 0.2 0.2 0.2 0.2 0.2
 0.2 0.2 0.2 0.2 0.2 0.2 0.2 0.2 0.2 0.2 0.2 0.2
 0.2 0.2 0.2 0.2 0.2 0.2 0.2 0.2 0.2 0.2 0.2 0.2
 0.2 0.2 0.2 0.2 0.2 0.2 0.2 0.2 0.2 0.2 0.2 0.2
 0.2 0.2 0.2 0.2 0.2 0.2 0.2 0.2 0.2 0.2 0.2 0.2
 0.2 0.2 0.2 0.2 0.2 0.2 0.2 0.2 0.2 0.2 0.2 0.2
 0.2 0.2 0.2 0.2 0.2 0.2 0.2 0.2 0.2 0.2 0.2 0.2
 0.2 0.2 0.2 0.2 0.2 0.2 0.2 0.2 0.2 0.2 0.2 0.2
 0.2 0.2 0.2 0.2 0.2 0.2 0.2 0.2 0.2 0.2 0.2 0.2
 0.2 0.2 0.2 0.2 0.2 0.2 0.2 0.2 0.2 0.2 0.2 0.2
 0.2 0.2 0.2 0.2 0.2 0.2 0.2 0.2 0.2 0.2 0.2 0.2
 0.2 0.2 0.2 0.2 0.2 0.2 0.2 0.2 0.2 0.2 0.2 0.2
 0.2 0.2 0.2 0.2 0.2 0.2 0.2 0.2 0.2 0.2 0.2 0.2
 0.2 0.2 0.2 0.2 0.2 0.2 0.2 0.2 0.2 0.2 0.2 0.2
 0.2 0.2 0.2 0.2 0.2 0.2 0.2 0.2 0.2 0.2 0.2 0.2
 0.2 0.2 0.2 0.2 0.2 0.2 0.2 0.2 0.2 0.2 0.2 0.2
 0.2 0.2 0.2 0.2 0.2 0.2 0.2 0.2 0.2 0.2 0.2 0.2
 0.2 0.2 0.2 0.2 0.2 0.2 0.2 0.2 0.2 0.2 0.2 0.2
 0.2 0.2 0.2 0.2 0.2 0.2 0.2 0.2 0.2 0.2 0.2 0.2
 0.2 0.2 0.2 0.2 0.2 0.2 0.2 0.2 0.2 0.2 0.2 0.2
# mean_log_rec
13.7257
# log_Rzero
13.7974
# rec_dev
 -0.103502 -0.0446405 0.0454686 0.0259846 -0.103473 -0.239968 0.0938804 0.0389397 0.0658236 0.0849363 0.111573 0.095384 0.329322 -0.000525831 -0.0540485 0.343949 0.270678 0.030145 0.229789 0.100467 0.188744 0.13932 -0.0284668 -0.0230166 0.0622523 -0.099014 0.0999863 0.153816 -0.193026 -0.221398 -0.296382 -0.0325698 0.0332937 -0.2317 -0.411436 -0.191398 -0.468076 -0.323946 -0.11541 -0.00484032 -0.261976
# fmort
 0.00956777 0.0276432 0.0460685 0.0624446 0.0498138 0.0895152 0.0901409 0.19142 0.1123 0.13815 0.154553 0.16335 0.118462 0.169706 0.18215 0.16217 0.321399 0.258319 0.259619 0.254465 0.349868 0.257612 0.425266 0.349797 0.350643 0.326407 0.322616 0.457574 0.348211 0.530001
# rec_dev_future
 0 0 0 0 0
