AMAK;August_2013
# styr
1
# endyr
30
# rec_age
1
# oldest_age
12
# nlength
81
# len_bins
 10 11 12 13 14 15 16 17 18 19 20 21 22 23 24 25 26 27 28 29 30 31 32 33 34 35 36 37 38 39 40 41 42 43 44 45 46 47 48 49 50 51 52 53 54 55 56 57 58 59 60 61 62 63 64 65 66 67 68 69 70 71 72 73 74 75 76 77 78 79 80 81 82 83 84 85 86 87 88 89 90
# datafile_name
amak_data.dat
# model_name
OM_1
# styr
1
# endyr
30
# rec_age
1
# oldest_age
12
# nfsh
1
# fshname
OM1
# catch_bio_in
 160.529 467.695 763.922 999.594 766.174 1326.66 1277.31 2496.13 1331.33 1538.5 1619.89 1594.45 1097.26 1532.15 1511.33 1270 2238.37 1612.17 1464.48 1323.01 1616.09 1075.59 1629.5 1199.83 1124.07 972.414 920.828 1201.39 878.814 1271.58
# catch_bio_sd_in
 0.01 0.01 0.01 0.01 0.01 0.01 0.01 0.01 0.01 0.01 0.01 0.01 0.01 0.01 0.01 0.01 0.01 0.01 0.01 0.01 0.01 0.01 0.01 0.01 0.01 0.01 0.01 0.01 0.01 0.01
# nyrs_fsh_age
 30
# nyrs_fsh_length
 0
# yrs_fsh_age_in
 1 2 3 4 5 6 7 8 9 10 11 12 13 14 15 16 17 18 19 20 21 22 23 24 25 26 27 28 29 30
# yrs_fsh_length_in

# n_sample_fsh_length_in

# olc_fsh_in

# nind
1
# indname
survey_index1
# nyrs_ind
 30
# yrs_ind_in
 1 2 3 4 5 6 7 8 9 10 11 12 13 14 15 16 17 18 19 20 21 22 23 24 25 26 27 28 29 30
# mo_ind
 1
# obs_ind_in
 1.28387 1.5214 1.44885 1.42846 1.52421 1.6734 1.41122 1.32084 1.29717 1.18244 1.15621 1.14444 1.03899 1.08342 0.974083 1.01349 0.957323 0.901111 0.708605 0.719271 0.525688 0.669577 0.736347 0.610358 0.535135 0.599172 0.562549 0.599269 0.517721 0.584227
# obs_se_ind_in
 0.256773 0.30428 0.28977 0.285692 0.304842 0.334681 0.282244 0.264168 0.259435 0.236489 0.231241 0.228888 0.207798 0.216684 0.194817 0.202699 0.191465 0.180222 0.141721 0.143854 0.105138 0.133915 0.147269 0.122072 0.107027 0.119834 0.11251 0.119854 0.103544 0.116845
# nyrs_ind_age
 30
# nyrs_ind_length
 0
# yrs_ind_age_in
 1 2 3 4 5 6 7 8 9 10 11 12 13 14 15 16 17 18 19 20 21 22 23 24 25 26 27 28 29 30
# yrs_ind_length_in

# yrs_ind_age_in
 1 2 3 4 5 6 7 8 9 10 11 12 13 14 15 16 17 18 19 20 21 22 23 24 25 26 27 28 29 30
# n_sample_ind_length_in

# olc_ind_in

# oac_ind_in
 0.05 0.145 0.15 0.155 0.085 0.09 0.075 0.05 0.03 0.045 0.02 0.105
 0.07 0.17 0.11 0.105 0.12 0.085 0.06 0.05 0.045 0.03 0.035 0.12
 0.045 0.155 0.155 0.12 0.115 0.075 0.07 0.055 0.035 0.035 0.03 0.11
 0.065 0.095 0.18 0.14 0.11 0.07 0.075 0.055 0.04 0.02 0.04 0.11
 0.07 0.13 0.12 0.145 0.09 0.06 0.075 0.055 0.05 0.02 0.035 0.15
 0.075 0.185 0.1 0.085 0.12 0.07 0.035 0.055 0.07 0.04 0.04 0.125
 0.045 0.175 0.23 0.09 0.07 0.11 0.065 0.035 0.045 0.015 0.03 0.09
 0.1 0.145 0.16 0.205 0.055 0.08 0.075 0.06 0.015 0.01 0.025 0.07
 0.085 0.22 0.115 0.11 0.16 0.025 0.045 0.06 0.05 0.025 0.03 0.075
 0.06 0.215 0.175 0.13 0.11 0.1 0.05 0.02 0 0.005 0.035 0.1
 0.06 0.235 0.15 0.145 0.06 0.05 0.06 0.045 0.035 0.025 0.02 0.115
 0.085 0.195 0.16 0.12 0.095 0.085 0.045 0.085 0.045 0.01 0.015 0.06
 0.08 0.165 0.165 0.15 0.13 0.065 0.035 0.03 0.05 0.02 0.025 0.085
 0.1 0.245 0.135 0.14 0.065 0.055 0.085 0.05 0.04 0.015 0.01 0.06
 0.085 0.185 0.13 0.14 0.12 0.115 0.045 0.055 0.03 0.035 0.02 0.04
 0.095 0.185 0.205 0.11 0.055 0.07 0.08 0.04 0.06 0.015 0.02 0.065
 0.12 0.25 0.16 0.145 0.095 0.045 0.035 0.045 0.02 0.03 0.005 0.05
 0.07 0.28 0.175 0.115 0.12 0.08 0.045 0.02 0.01 0.025 0.015 0.045
 0.09 0.13 0.25 0.16 0.095 0.09 0.03 0.05 0.035 0.015 0.025 0.03
 0.085 0.18 0.15 0.14 0.155 0.09 0.06 0.03 0.035 0.02 0.035 0.02
 0.095 0.19 0.2 0.16 0.17 0.075 0.045 0.02 0.01 0.005 0.005 0.025
 0.135 0.315 0.15 0.16 0.045 0.04 0.065 0.02 0.015 0.005 0 0.05
 0.12 0.27 0.255 0.085 0.08 0.05 0.05 0.025 0.015 0.015 0.005 0.03
 0.12 0.22 0.245 0.2 0.04 0.08 0.04 0.02 0.015 0.01 0 0.01
 0.18 0.215 0.17 0.16 0.16 0.045 0.02 0.01 0.025 0.005 0.005 0.005
 0.105 0.275 0.2 0.145 0.145 0.04 0.025 0.02 0.02 0.02 0.005 0
 0.175 0.145 0.265 0.15 0.095 0.07 0.035 0.015 0.005 0.01 0.015 0.02
 0.21 0.235 0.145 0.155 0.105 0.075 0.05 0.01 0.01 0 0.005 0
 0.175 0.365 0.18 0.07 0.125 0.005 0.045 0.015 0.01 0 0.005 0.005
 0.15 0.255 0.25 0.145 0.085 0.045 0.04 0 0.015 0 0.005 0.01
# wt_ind
 1 1 1 1 1 1 1 1 1 1 1 1
 1 1 1 1 1 1 1 1 1 1 1 1
 1 1 1 1 1 1 1 1 1 1 1 1
 1 1 1 1 1 1 1 1 1 1 1 1
 1 1 1 1 1 1 1 1 1 1 1 1
 1 1 1 1 1 1 1 1 1 1 1 1
 1 1 1 1 1 1 1 1 1 1 1 1
 1 1 1 1 1 1 1 1 1 1 1 1
 1 1 1 1 1 1 1 1 1 1 1 1
 1 1 1 1 1 1 1 1 1 1 1 1
 1 1 1 1 1 1 1 1 1 1 1 1
 1 1 1 1 1 1 1 1 1 1 1 1
 1 1 1 1 1 1 1 1 1 1 1 1
 1 1 1 1 1 1 1 1 1 1 1 1
 1 1 1 1 1 1 1 1 1 1 1 1
 1 1 1 1 1 1 1 1 1 1 1 1
 1 1 1 1 1 1 1 1 1 1 1 1
 1 1 1 1 1 1 1 1 1 1 1 1
 1 1 1 1 1 1 1 1 1 1 1 1
 1 1 1 1 1 1 1 1 1 1 1 1
 1 1 1 1 1 1 1 1 1 1 1 1
 1 1 1 1 1 1 1 1 1 1 1 1
 1 1 1 1 1 1 1 1 1 1 1 1
 1 1 1 1 1 1 1 1 1 1 1 1
 1 1 1 1 1 1 1 1 1 1 1 1
 1 1 1 1 1 1 1 1 1 1 1 1
 1 1 1 1 1 1 1 1 1 1 1 1
 1 1 1 1 1 1 1 1 1 1 1 1
 1 1 1 1 1 1 1 1 1 1 1 1
 1 1 1 1 1 1 1 1 1 1 1 1
# wt_pop
 0.000530656 0.00119633 0.00205827 0.00303499 0.00405521 0.0050647 0.00602623 0.00691692 0.00772489 0.00844611 0.00908185 0.0096367
# maturity
 0.0229774 0.320821 0.904651 0.99478 0.999739 0.999987 0.999999 1 1 1 1 1
# spawnmo
1
# age_err
 1 0 0 0 0 0 0 0 0 0 0 0
 0 1 0 0 0 0 0 0 0 0 0 0
 0 0 1 0 0 0 0 0 0 0 0 0
 0 0 0 1 0 0 0 0 0 0 0 0
 0 0 0 0 1 0 0 0 0 0 0 0
 0 0 0 0 0 1 0 0 0 0 0 0
 0 0 0 0 0 0 1 0 0 0 0 0
 0 0 0 0 0 0 0 1 0 0 0 0
 0 0 0 0 0 0 0 0 1 0 0 0
 0 0 0 0 0 0 0 0 0 1 0 0
 0 0 0 0 0 0 0 0 0 0 1 0
 0 0 0 0 0 0 0 0 0 0 0 1
# cntrlfile_name
C:\Users\bai.li\Desktop\s1_test\AMAK\s63\amak.dat
# Map shared selectivity: 
# sel_map
 1 2
 1 1
# datafile_name
amak_data.dat
# model_name
OM_1
# SrType
2
# use_age_err
0
# retro
0
# sigmarprior
0.2
# cvsigmarprior
0.25
# phase_sigmar
-3
# styr_rec_est
1
# endyr_rec_est
30
# Linfprior
80
# cvLinfprior
0.25
# kprior
0.18
# cvkprior
0.25
# Loprior
27.688
# cvLoprior
0.25
# sdageprior
0.1
# cvsdageprior
0.25
# natmortprior
0.2
# cvnatmortprior
0.25
# phase_M
-4
# npars_Mage
0
# ages_M_changes

# Mage_in

# phase_Mage
-5
# phase_rw_M
0
# npars_rw_M
0
# yrs_rw_M

# sigma_rw_M

# qprior
 3.48998e-007
# cvqprior
 1
# phase_q
 1
# q_power_prior
 1
# cvq_power_prior
 0.2
# phase_q_power
 -4
# phase_rw_q
 -1
# npars_rw_q
 0
# yrs_rw_q

# sigma_rw_q

# q_age_min
 1
# q_age_max
 12
# q_age_min
 1
# q_age_max
 12
# fsh_sel_opt(k)
2
# phase_sel_fsh(k)
-2
# n_sel_ch_fsh(k)
1
# sel_slp_in_fsh(k)(1,n_sel_ch_fsh(k))
 1
# sel_inf_in_fsh(k)(1,n_sel_ch_fsh(k))
 2
# logsel_slp_in_fsh(k)(1,n_sel_ch_fsh(k))
 0
# yrs_sel_ch_fsh(k)(1,n_sel_ch_fsh(k))
 1

Survey survey_index1
# ind_sel_opt(k)
2
# indname(k)
survey_index1
# nselages_in_ind(k)
11
# phase_sel_ind(k)
-2
# sel_change_in_ind(k)
 1 0 0 0 0 0 0 0 0 0 0 0 0 0 0 0 0 0 0 0 0 0 0 0 0 0 0 0 0 0
# n_sel_ch_ind(k)
1
# yrs_sel_ch_ind(k)(1,n_sel_ch_ind(k))
 1
# sel_slp_in_ind(k,1)
2
# sel_inf_in_ind(k,1)
1.5
# logsel_slp_in_ind(k,1)
0.693147
# logsel_slp_in_indv(k)
0.693147
survey_index1 ind sel opt 2  1 0 0 0 0 0 0 0 0 0 0 0 0 0 0 0 0 0 0 0 0 0 0 0 0 0 0 0 0 0
Phase indices Sel_Coffs:  -1
 Test: 1.23457e+008
# Fshry Selages:  11
# Srvy  Selages:  11
# Phase for age-spec fishery  -1
# Phase for logistic fishery  -2
# Phase for dble logistic fishery  -1
# Phase for age-spec indices   -1
# Phase for logistic indices   -2
# Phase for dble logistic ind  -1
# Curv_pen_fsh: 
 0
# Curv_pen_ind: 
 0
# styr_fut
31
# endyr_fut
35
# nyrs_fsh_age
 30
# nyrs_fsh_age
 30
# yrs_fsh_age
 1 2 3 4 5 6 7 8 9 10 11 12 13 14 15 16 17 18 19 20 21 22 23 24 25 26 27 28 29 30
# n_sample_fsh_age
 200 200 200 200 200 200 200 200 200 200 200 200 200 200 200 200 200 200 200 200 200 200 200 200 200 200 200 200 200 200
# oac_fsh
 0.11 0.055 0.18 0.13 0.06 0.115 0.075 0.045 0.045 0.02 0.03 0.135
 0.11 0.115 0.105 0.11 0.12 0.05 0.08 0.035 0.03 0.03 0.025 0.19
 0.075 0.175 0.145 0.095 0.075 0.08 0.065 0.06 0.03 0.055 0.04 0.105
 0.08 0.125 0.175 0.125 0.11 0.07 0.05 0.01 0.025 0.04 0.015 0.175
 0.125 0.09 0.105 0.12 0.11 0.09 0.07 0.05 0.07 0.03 0.025 0.115
 0.13 0.12 0.09 0.09 0.16 0.055 0.06 0.045 0.05 0.055 0.01 0.135
 0.09 0.155 0.17 0.12 0.075 0.09 0.07 0.03 0.055 0.03 0.025 0.09
 0.07 0.105 0.15 0.205 0.105 0.05 0.085 0.05 0.04 0.02 0.03 0.09
 0.13 0.16 0.105 0.11 0.15 0.04 0.05 0.065 0.025 0.025 0.035 0.105
 0.095 0.08 0.14 0.155 0.11 0.115 0.045 0.03 0.06 0.025 0.045 0.1
 0.075 0.125 0.14 0.135 0.11 0.095 0.08 0.04 0.04 0.045 0.02 0.095
 0.1 0.145 0.175 0.11 0.1 0.09 0.075 0.065 0.025 0.015 0.035 0.065
 0.125 0.15 0.155 0.17 0.07 0.085 0.04 0.03 0.065 0.025 0.015 0.07
 0.105 0.11 0.145 0.17 0.11 0.075 0.055 0.04 0.06 0.045 0.01 0.075
 0.1 0.215 0.19 0.12 0.06 0.085 0.05 0.055 0.025 0.025 0.025 0.05
 0.075 0.145 0.2 0.13 0.175 0.065 0.04 0.035 0.025 0.025 0.025 0.06
 0.09 0.2 0.15 0.14 0.09 0.095 0.07 0.03 0.03 0.045 0.005 0.055
 0.07 0.15 0.185 0.135 0.13 0.055 0.09 0.05 0.035 0.015 0.005 0.08
 0.105 0.15 0.275 0.17 0.1 0.06 0.035 0.03 0.02 0.01 0.01 0.035
 0.065 0.19 0.14 0.195 0.155 0.105 0.045 0.04 0.02 0.03 0.005 0.01
 0.19 0.145 0.15 0.115 0.135 0.065 0.07 0.03 0.035 0.02 0.015 0.03
 0.125 0.225 0.105 0.155 0.105 0.085 0.035 0.04 0.025 0.04 0.01 0.05
 0.095 0.225 0.285 0.11 0.1 0.045 0.03 0.02 0.04 0.025 0.01 0.015
 0.12 0.195 0.26 0.16 0.085 0.06 0.04 0.02 0.005 0.005 0.005 0.045
 0.17 0.14 0.185 0.15 0.15 0.045 0.05 0.025 0.03 0.005 0.01 0.04
 0.125 0.205 0.16 0.165 0.11 0.1 0.045 0.035 0 0.015 0.015 0.025
 0.16 0.215 0.23 0.145 0.105 0.055 0.045 0.015 0.01 0.005 0 0.015
 0.17 0.245 0.165 0.18 0.09 0.06 0.045 0.03 0.005 0.005 0 0.005
 0.225 0.215 0.14 0.16 0.095 0.095 0.04 0.02 0.01 0 0 0
 0.145 0.23 0.26 0.125 0.07 0.085 0.025 0.035 0.015 0.01 0 0
# olc_fsh

# wt_fsh
 0.000530656 0.00119633 0.00205827 0.00303499 0.00405521 0.0050647 0.00602623 0.00691692 0.00772489 0.00844611 0.00908185 0.0096367
 0.000530656 0.00119633 0.00205827 0.00303499 0.00405521 0.0050647 0.00602623 0.00691692 0.00772489 0.00844611 0.00908185 0.0096367
 0.000530656 0.00119633 0.00205827 0.00303499 0.00405521 0.0050647 0.00602623 0.00691692 0.00772489 0.00844611 0.00908185 0.0096367
 0.000530656 0.00119633 0.00205827 0.00303499 0.00405521 0.0050647 0.00602623 0.00691692 0.00772489 0.00844611 0.00908185 0.0096367
 0.000530656 0.00119633 0.00205827 0.00303499 0.00405521 0.0050647 0.00602623 0.00691692 0.00772489 0.00844611 0.00908185 0.0096367
 0.000530656 0.00119633 0.00205827 0.00303499 0.00405521 0.0050647 0.00602623 0.00691692 0.00772489 0.00844611 0.00908185 0.0096367
 0.000530656 0.00119633 0.00205827 0.00303499 0.00405521 0.0050647 0.00602623 0.00691692 0.00772489 0.00844611 0.00908185 0.0096367
 0.000530656 0.00119633 0.00205827 0.00303499 0.00405521 0.0050647 0.00602623 0.00691692 0.00772489 0.00844611 0.00908185 0.0096367
 0.000530656 0.00119633 0.00205827 0.00303499 0.00405521 0.0050647 0.00602623 0.00691692 0.00772489 0.00844611 0.00908185 0.0096367
 0.000530656 0.00119633 0.00205827 0.00303499 0.00405521 0.0050647 0.00602623 0.00691692 0.00772489 0.00844611 0.00908185 0.0096367
 0.000530656 0.00119633 0.00205827 0.00303499 0.00405521 0.0050647 0.00602623 0.00691692 0.00772489 0.00844611 0.00908185 0.0096367
 0.000530656 0.00119633 0.00205827 0.00303499 0.00405521 0.0050647 0.00602623 0.00691692 0.00772489 0.00844611 0.00908185 0.0096367
 0.000530656 0.00119633 0.00205827 0.00303499 0.00405521 0.0050647 0.00602623 0.00691692 0.00772489 0.00844611 0.00908185 0.0096367
 0.000530656 0.00119633 0.00205827 0.00303499 0.00405521 0.0050647 0.00602623 0.00691692 0.00772489 0.00844611 0.00908185 0.0096367
 0.000530656 0.00119633 0.00205827 0.00303499 0.00405521 0.0050647 0.00602623 0.00691692 0.00772489 0.00844611 0.00908185 0.0096367
 0.000530656 0.00119633 0.00205827 0.00303499 0.00405521 0.0050647 0.00602623 0.00691692 0.00772489 0.00844611 0.00908185 0.0096367
 0.000530656 0.00119633 0.00205827 0.00303499 0.00405521 0.0050647 0.00602623 0.00691692 0.00772489 0.00844611 0.00908185 0.0096367
 0.000530656 0.00119633 0.00205827 0.00303499 0.00405521 0.0050647 0.00602623 0.00691692 0.00772489 0.00844611 0.00908185 0.0096367
 0.000530656 0.00119633 0.00205827 0.00303499 0.00405521 0.0050647 0.00602623 0.00691692 0.00772489 0.00844611 0.00908185 0.0096367
 0.000530656 0.00119633 0.00205827 0.00303499 0.00405521 0.0050647 0.00602623 0.00691692 0.00772489 0.00844611 0.00908185 0.0096367
 0.000530656 0.00119633 0.00205827 0.00303499 0.00405521 0.0050647 0.00602623 0.00691692 0.00772489 0.00844611 0.00908185 0.0096367
 0.000530656 0.00119633 0.00205827 0.00303499 0.00405521 0.0050647 0.00602623 0.00691692 0.00772489 0.00844611 0.00908185 0.0096367
 0.000530656 0.00119633 0.00205827 0.00303499 0.00405521 0.0050647 0.00602623 0.00691692 0.00772489 0.00844611 0.00908185 0.0096367
 0.000530656 0.00119633 0.00205827 0.00303499 0.00405521 0.0050647 0.00602623 0.00691692 0.00772489 0.00844611 0.00908185 0.0096367
 0.000530656 0.00119633 0.00205827 0.00303499 0.00405521 0.0050647 0.00602623 0.00691692 0.00772489 0.00844611 0.00908185 0.0096367
 0.000530656 0.00119633 0.00205827 0.00303499 0.00405521 0.0050647 0.00602623 0.00691692 0.00772489 0.00844611 0.00908185 0.0096367
 0.000530656 0.00119633 0.00205827 0.00303499 0.00405521 0.0050647 0.00602623 0.00691692 0.00772489 0.00844611 0.00908185 0.0096367
 0.000530656 0.00119633 0.00205827 0.00303499 0.00405521 0.0050647 0.00602623 0.00691692 0.00772489 0.00844611 0.00908185 0.0096367
 0.000530656 0.00119633 0.00205827 0.00303499 0.00405521 0.0050647 0.00602623 0.00691692 0.00772489 0.00844611 0.00908185 0.0096367
 0.000530656 0.00119633 0.00205827 0.00303499 0.00405521 0.0050647 0.00602623 0.00691692 0.00772489 0.00844611 0.00908185 0.0096367
# nyrs_ind_age
 30
# yrs_ind_age
 1 2 3 4 5 6 7 8 9 10 11 12 13 14 15 16 17 18 19 20 21 22 23 24 25 26 27 28 29 30
# n_sample_ind_age
 200 200 200 200 200 200 200 200 200 200 200 200 200 200 200 200 200 200 200 200 200 200 200 200 200 200 200 200 200 200
# oac_ind
 0.05 0.145 0.15 0.155 0.085 0.09 0.075 0.05 0.03 0.045 0.02 0.105
 0.07 0.17 0.11 0.105 0.12 0.085 0.06 0.05 0.045 0.03 0.035 0.12
 0.045 0.155 0.155 0.12 0.115 0.075 0.07 0.055 0.035 0.035 0.03 0.11
 0.065 0.095 0.18 0.14 0.11 0.07 0.075 0.055 0.04 0.02 0.04 0.11
 0.07 0.13 0.12 0.145 0.09 0.06 0.075 0.055 0.05 0.02 0.035 0.15
 0.075 0.185 0.1 0.085 0.12 0.07 0.035 0.055 0.07 0.04 0.04 0.125
 0.045 0.175 0.23 0.09 0.07 0.11 0.065 0.035 0.045 0.015 0.03 0.09
 0.1 0.145 0.16 0.205 0.055 0.08 0.075 0.06 0.015 0.01 0.025 0.07
 0.085 0.22 0.115 0.11 0.16 0.025 0.045 0.06 0.05 0.025 0.03 0.075
 0.06 0.215 0.175 0.13 0.11 0.1 0.05 0.02 0 0.005 0.035 0.1
 0.06 0.235 0.15 0.145 0.06 0.05 0.06 0.045 0.035 0.025 0.02 0.115
 0.085 0.195 0.16 0.12 0.095 0.085 0.045 0.085 0.045 0.01 0.015 0.06
 0.08 0.165 0.165 0.15 0.13 0.065 0.035 0.03 0.05 0.02 0.025 0.085
 0.1 0.245 0.135 0.14 0.065 0.055 0.085 0.05 0.04 0.015 0.01 0.06
 0.085 0.185 0.13 0.14 0.12 0.115 0.045 0.055 0.03 0.035 0.02 0.04
 0.095 0.185 0.205 0.11 0.055 0.07 0.08 0.04 0.06 0.015 0.02 0.065
 0.12 0.25 0.16 0.145 0.095 0.045 0.035 0.045 0.02 0.03 0.005 0.05
 0.07 0.28 0.175 0.115 0.12 0.08 0.045 0.02 0.01 0.025 0.015 0.045
 0.09 0.13 0.25 0.16 0.095 0.09 0.03 0.05 0.035 0.015 0.025 0.03
 0.085 0.18 0.15 0.14 0.155 0.09 0.06 0.03 0.035 0.02 0.035 0.02
 0.095 0.19 0.2 0.16 0.17 0.075 0.045 0.02 0.01 0.005 0.005 0.025
 0.135 0.315 0.15 0.16 0.045 0.04 0.065 0.02 0.015 0.005 0 0.05
 0.12 0.27 0.255 0.085 0.08 0.05 0.05 0.025 0.015 0.015 0.005 0.03
 0.12 0.22 0.245 0.2 0.04 0.08 0.04 0.02 0.015 0.01 0 0.01
 0.18 0.215 0.17 0.16 0.16 0.045 0.02 0.01 0.025 0.005 0.005 0.005
 0.105 0.275 0.2 0.145 0.145 0.04 0.025 0.02 0.02 0.02 0.005 0
 0.175 0.145 0.265 0.15 0.095 0.07 0.035 0.015 0.005 0.01 0.015 0.02
 0.21 0.235 0.145 0.155 0.105 0.075 0.05 0.01 0.01 0 0.005 0
 0.175 0.365 0.18 0.07 0.125 0.005 0.045 0.015 0.01 0 0.005 0.005
 0.15 0.255 0.25 0.145 0.085 0.045 0.04 0 0.015 0 0.005 0.01
# olc_ind

# obs_lse_ind
 0.198042 0.198042 0.198042 0.198042 0.198042 0.198042 0.198042 0.198042 0.198042 0.198042 0.198042 0.198042 0.198042 0.198042 0.198042 0.198042 0.198042 0.198042 0.198042 0.198042 0.198042 0.198042 0.198042 0.198042 0.198042 0.198042 0.198042 0.198042 0.198042 0.198042
# xages_fsh
 0 0 0 0 0 0 0 0 0 0 0 0
# xages_fsh
 0 0.0909091 0.181818 0.272727 0.363636 0.454545 0.545455 0.636364 0.727273 0.818182 0.909091 1
# xnodes_fsh

Yrs fsh_sel change:  1 0 0 0 0 0 0 0 0 0 0 0 0 0 0 0 0 0 0 0 0 0 0 0 0 0 0 0 0
Yrs ind_sel change:  1 0 0 0 0 0 0 0 0 0 0 0 0 0 0 0 0 0 0 0 0 0 0 0 0 0 0 0 0
# steepnessprior
0.75
# sigmarprior
0.2
#  SSB estimated in styr endyr: -12 28 
#  Rec estimated in styr endyr: -10 30 
#  SR Curve fit  in styr endyr: 1 30 
#             Model styr endyr: 1 30 
# qprior
 3.48998e-007
# q_power_prior 
 1 
# cv_catchbiomass 
0.05 
# CatchbiomassPen 
200 
# Number of projection years 
5 
# offset_fsh
 13424.8
# offset_ind
 13101.8
Mean Catch
1276.04
R_guess 
13.8155
# nfsh
1
# n_sel_ch_fsh
 1
# nselages_fsh
 11
# phase_selcoff_fsh
 -1
logRzero 13.8155
logmeanrec 13.8155
exp(log_sigmarprior 0.2
Fish sel phase: -1 OM1
Fixing fishery sel to
1
Fixing fishery sel to
1
Srvy sel phase: -1
Fixing survey_index1 indices sel to
1
Fixing index sel to
1
# logsel_slp_in_indv
 0.693147
Leaving parameter init secton
# M
 0.2 0.2 0.2 0.2 0.2 0.2 0.2 0.2 0.2 0.2 0.2 0.2
 0.2 0.2 0.2 0.2 0.2 0.2 0.2 0.2 0.2 0.2 0.2 0.2
 0.2 0.2 0.2 0.2 0.2 0.2 0.2 0.2 0.2 0.2 0.2 0.2
 0.2 0.2 0.2 0.2 0.2 0.2 0.2 0.2 0.2 0.2 0.2 0.2
 0.2 0.2 0.2 0.2 0.2 0.2 0.2 0.2 0.2 0.2 0.2 0.2
 0.2 0.2 0.2 0.2 0.2 0.2 0.2 0.2 0.2 0.2 0.2 0.2
 0.2 0.2 0.2 0.2 0.2 0.2 0.2 0.2 0.2 0.2 0.2 0.2
 0.2 0.2 0.2 0.2 0.2 0.2 0.2 0.2 0.2 0.2 0.2 0.2
 0.2 0.2 0.2 0.2 0.2 0.2 0.2 0.2 0.2 0.2 0.2 0.2
 0.2 0.2 0.2 0.2 0.2 0.2 0.2 0.2 0.2 0.2 0.2 0.2
 0.2 0.2 0.2 0.2 0.2 0.2 0.2 0.2 0.2 0.2 0.2 0.2
 0.2 0.2 0.2 0.2 0.2 0.2 0.2 0.2 0.2 0.2 0.2 0.2
 0.2 0.2 0.2 0.2 0.2 0.2 0.2 0.2 0.2 0.2 0.2 0.2
 0.2 0.2 0.2 0.2 0.2 0.2 0.2 0.2 0.2 0.2 0.2 0.2
 0.2 0.2 0.2 0.2 0.2 0.2 0.2 0.2 0.2 0.2 0.2 0.2
 0.2 0.2 0.2 0.2 0.2 0.2 0.2 0.2 0.2 0.2 0.2 0.2
 0.2 0.2 0.2 0.2 0.2 0.2 0.2 0.2 0.2 0.2 0.2 0.2
 0.2 0.2 0.2 0.2 0.2 0.2 0.2 0.2 0.2 0.2 0.2 0.2
 0.2 0.2 0.2 0.2 0.2 0.2 0.2 0.2 0.2 0.2 0.2 0.2
 0.2 0.2 0.2 0.2 0.2 0.2 0.2 0.2 0.2 0.2 0.2 0.2
 0.2 0.2 0.2 0.2 0.2 0.2 0.2 0.2 0.2 0.2 0.2 0.2
 0.2 0.2 0.2 0.2 0.2 0.2 0.2 0.2 0.2 0.2 0.2 0.2
 0.2 0.2 0.2 0.2 0.2 0.2 0.2 0.2 0.2 0.2 0.2 0.2
 0.2 0.2 0.2 0.2 0.2 0.2 0.2 0.2 0.2 0.2 0.2 0.2
 0.2 0.2 0.2 0.2 0.2 0.2 0.2 0.2 0.2 0.2 0.2 0.2
 0.2 0.2 0.2 0.2 0.2 0.2 0.2 0.2 0.2 0.2 0.2 0.2
 0.2 0.2 0.2 0.2 0.2 0.2 0.2 0.2 0.2 0.2 0.2 0.2
 0.2 0.2 0.2 0.2 0.2 0.2 0.2 0.2 0.2 0.2 0.2 0.2
 0.2 0.2 0.2 0.2 0.2 0.2 0.2 0.2 0.2 0.2 0.2 0.2
 0.2 0.2 0.2 0.2 0.2 0.2 0.2 0.2 0.2 0.2 0.2 0.2
# mean_log_rec
13.7374
# log_Rzero
13.8258
# rec_dev
 -0.056501 -0.0481691 -0.0494024 -0.0283249 -0.0205381 -0.0588841 0.0203546 -0.0364962 0.130964 0.0886968 -0.026963 0.138412 0.340482 -0.0848337 -0.0771196 0.474228 0.219314 0.0195282 0.206325 0.0293337 0.119929 0.0338877 0.00991891 -0.016406 0.112418 -0.0138719 0.0761265 0.122766 -0.339938 -0.182429 -0.456466 0.0907811 -0.0254184 -0.221123 -0.327154 -0.100981 -0.445441 -0.236813 0.0344281 -0.0210039 -0.14324
# fmort
 0.00933008 0.0274683 0.0458959 0.0622427 0.0493699 0.0888512 0.0896309 0.190536 0.111371 0.136341 0.154081 0.163526 0.118609 0.173841 0.183767 0.162665 0.315318 0.258245 0.257128 0.2548 0.351865 0.258171 0.426678 0.350343 0.34943 0.315474 0.303651 0.41336 0.306822 0.442645
# rec_dev_future
 0 0 0 0 0
