AMAK;August_2013
# styr
1
# endyr
30
# rec_age
1
# oldest_age
12
# nlength
81
# len_bins
 10 11 12 13 14 15 16 17 18 19 20 21 22 23 24 25 26 27 28 29 30 31 32 33 34 35 36 37 38 39 40 41 42 43 44 45 46 47 48 49 50 51 52 53 54 55 56 57 58 59 60 61 62 63 64 65 66 67 68 69 70 71 72 73 74 75 76 77 78 79 80 81 82 83 84 85 86 87 88 89 90
# datafile_name
amak_data.dat
# model_name
OM_1
# styr
1
# endyr
30
# rec_age
1
# oldest_age
12
# nfsh
1
# fshname
OM1
# catch_bio_in
 160.81 471.601 765.666 996.637 771.456 1327.58 1280.08 2454.76 1330.96 1533.46 1631.46 1614.44 1108.63 1518.48 1508.49 1268.12 2242.73 1609.32 1470.81 1308.08 1617.45 1073.72 1622.49 1203.89 1116.89 970.336 922.084 1214.38 864.939 1273.68
# catch_bio_sd_in
 0.01 0.01 0.01 0.01 0.01 0.01 0.01 0.01 0.01 0.01 0.01 0.01 0.01 0.01 0.01 0.01 0.01 0.01 0.01 0.01 0.01 0.01 0.01 0.01 0.01 0.01 0.01 0.01 0.01 0.01
# nyrs_fsh_age
 30
# nyrs_fsh_length
 0
# yrs_fsh_age_in
 1 2 3 4 5 6 7 8 9 10 11 12 13 14 15 16 17 18 19 20 21 22 23 24 25 26 27 28 29 30
# yrs_fsh_length_in

# n_sample_fsh_length_in

# olc_fsh_in

# nind
1
# indname
survey_index1
# nyrs_ind
 30
# yrs_ind_in
 1 2 3 4 5 6 7 8 9 10 11 12 13 14 15 16 17 18 19 20 21 22 23 24 25 26 27 28 29 30
# mo_ind
 1
# obs_ind_in
 1.41365 1.51943 1.55771 1.65896 1.33308 1.48059 1.38525 1.45958 1.32574 1.32421 1.04231 1.11607 1.01246 1.14109 0.895341 1.00855 1.18512 0.838697 0.827287 0.626747 0.764092 0.662774 0.535759 0.519744 0.578455 0.598743 0.600498 0.58023 0.545647 0.514558
# obs_se_ind_in
 0.282729 0.303887 0.311542 0.331792 0.266615 0.296119 0.277051 0.291917 0.265148 0.264843 0.208461 0.223214 0.202492 0.228218 0.179068 0.20171 0.237025 0.167739 0.165457 0.125349 0.152818 0.132555 0.107152 0.103949 0.115691 0.119749 0.1201 0.116046 0.109129 0.102912
# nyrs_ind_age
 30
# nyrs_ind_length
 0
# yrs_ind_age_in
 1 2 3 4 5 6 7 8 9 10 11 12 13 14 15 16 17 18 19 20 21 22 23 24 25 26 27 28 29 30
# yrs_ind_length_in

# yrs_ind_age_in
 1 2 3 4 5 6 7 8 9 10 11 12 13 14 15 16 17 18 19 20 21 22 23 24 25 26 27 28 29 30
# n_sample_ind_length_in

# olc_ind_in

# oac_ind_in
 0.055 0.125 0.12 0.105 0.095 0.125 0.07 0.04 0.09 0.03 0.02 0.125
 0.065 0.105 0.155 0.16 0.09 0.075 0.095 0.04 0.025 0.045 0.025 0.12
 0.065 0.19 0.1 0.12 0.09 0.1 0.065 0.035 0.08 0.025 0.02 0.11
 0.085 0.105 0.14 0.17 0.075 0.07 0.05 0.08 0.05 0.03 0.04 0.105
 0.08 0.1 0.155 0.18 0.075 0.08 0.075 0.05 0.03 0.015 0.045 0.115
 0.095 0.215 0.105 0.145 0.105 0.065 0.06 0.05 0.035 0.015 0.01 0.1
 0.08 0.175 0.14 0.105 0.12 0.095 0.025 0.07 0.065 0.01 0.005 0.11
 0.08 0.17 0.215 0.17 0.025 0.045 0.09 0.03 0.045 0.015 0.02 0.095
 0.05 0.2 0.155 0.13 0.13 0.06 0.03 0.06 0.03 0.02 0.04 0.095
 0.07 0.105 0.22 0.11 0.16 0.1 0.02 0.045 0.045 0.025 0.005 0.095
 0.065 0.205 0.145 0.16 0.065 0.11 0.06 0.045 0.025 0.03 0.025 0.065
 0.07 0.2 0.22 0.115 0.125 0.06 0.065 0.06 0.035 0.01 0.01 0.03
 0.13 0.15 0.145 0.195 0.105 0.075 0.05 0.055 0.01 0.025 0.005 0.055
 0.085 0.195 0.135 0.165 0.125 0.085 0.075 0.03 0.01 0.015 0.015 0.065
 0.085 0.21 0.17 0.165 0.07 0.11 0.04 0.04 0.015 0.015 0.045 0.035
 0.115 0.23 0.215 0.13 0.07 0.055 0.04 0.01 0.05 0.01 0.025 0.05
 0.135 0.21 0.125 0.14 0.1 0.06 0.095 0.03 0.015 0.02 0.01 0.06
 0.08 0.165 0.26 0.145 0.115 0.1 0.025 0.03 0.025 0.01 0 0.045
 0.07 0.255 0.195 0.19 0.09 0.055 0.04 0.015 0.02 0.02 0.01 0.04
 0.1 0.17 0.18 0.185 0.135 0.065 0.05 0.045 0.01 0.005 0.025 0.03
 0.17 0.17 0.18 0.105 0.125 0.065 0.06 0.035 0.035 0.01 0.01 0.035
 0.155 0.24 0.17 0.17 0.09 0.055 0.025 0.03 0.03 0.01 0.025 0
 0.095 0.22 0.295 0.125 0.1 0.055 0.03 0.025 0.02 0.01 0.01 0.015
 0.12 0.175 0.29 0.165 0.07 0.04 0.03 0.035 0.02 0.02 0 0.035
 0.125 0.2 0.24 0.195 0.09 0.045 0.025 0.02 0.015 0.015 0.02 0.01
 0.09 0.28 0.17 0.15 0.105 0.09 0.04 0.02 0.035 0.005 0.005 0.01
 0.145 0.14 0.26 0.135 0.105 0.085 0.075 0.03 0.01 0.01 0 0.005
 0.16 0.235 0.155 0.17 0.11 0.09 0.04 0.01 0.005 0 0.01 0.015
 0.15 0.29 0.24 0.115 0.085 0.065 0.015 0.015 0 0.015 0.005 0.005
 0.075 0.335 0.29 0.1 0.055 0.06 0.035 0.015 0.015 0.01 0 0.01
# wt_ind
 1 1 1 1 1 1 1 1 1 1 1 1
 1 1 1 1 1 1 1 1 1 1 1 1
 1 1 1 1 1 1 1 1 1 1 1 1
 1 1 1 1 1 1 1 1 1 1 1 1
 1 1 1 1 1 1 1 1 1 1 1 1
 1 1 1 1 1 1 1 1 1 1 1 1
 1 1 1 1 1 1 1 1 1 1 1 1
 1 1 1 1 1 1 1 1 1 1 1 1
 1 1 1 1 1 1 1 1 1 1 1 1
 1 1 1 1 1 1 1 1 1 1 1 1
 1 1 1 1 1 1 1 1 1 1 1 1
 1 1 1 1 1 1 1 1 1 1 1 1
 1 1 1 1 1 1 1 1 1 1 1 1
 1 1 1 1 1 1 1 1 1 1 1 1
 1 1 1 1 1 1 1 1 1 1 1 1
 1 1 1 1 1 1 1 1 1 1 1 1
 1 1 1 1 1 1 1 1 1 1 1 1
 1 1 1 1 1 1 1 1 1 1 1 1
 1 1 1 1 1 1 1 1 1 1 1 1
 1 1 1 1 1 1 1 1 1 1 1 1
 1 1 1 1 1 1 1 1 1 1 1 1
 1 1 1 1 1 1 1 1 1 1 1 1
 1 1 1 1 1 1 1 1 1 1 1 1
 1 1 1 1 1 1 1 1 1 1 1 1
 1 1 1 1 1 1 1 1 1 1 1 1
 1 1 1 1 1 1 1 1 1 1 1 1
 1 1 1 1 1 1 1 1 1 1 1 1
 1 1 1 1 1 1 1 1 1 1 1 1
 1 1 1 1 1 1 1 1 1 1 1 1
 1 1 1 1 1 1 1 1 1 1 1 1
# wt_pop
 0.000530656 0.00119633 0.00205827 0.00303499 0.00405521 0.0050647 0.00602623 0.00691692 0.00772489 0.00844611 0.00908185 0.0096367
# maturity
 0.0229774 0.320821 0.904651 0.99478 0.999739 0.999987 0.999999 1 1 1 1 1
# spawnmo
1
# age_err
 1 0 0 0 0 0 0 0 0 0 0 0
 0 1 0 0 0 0 0 0 0 0 0 0
 0 0 1 0 0 0 0 0 0 0 0 0
 0 0 0 1 0 0 0 0 0 0 0 0
 0 0 0 0 1 0 0 0 0 0 0 0
 0 0 0 0 0 1 0 0 0 0 0 0
 0 0 0 0 0 0 1 0 0 0 0 0
 0 0 0 0 0 0 0 1 0 0 0 0
 0 0 0 0 0 0 0 0 1 0 0 0
 0 0 0 0 0 0 0 0 0 1 0 0
 0 0 0 0 0 0 0 0 0 0 1 0
 0 0 0 0 0 0 0 0 0 0 0 1
# cntrlfile_name
C:\Users\bai.li\Desktop\s1_test\AMAK\s153\amak.dat
# Map shared selectivity: 
# sel_map
 1 2
 1 1
# datafile_name
amak_data.dat
# model_name
OM_1
# SrType
2
# use_age_err
0
# retro
0
# sigmarprior
0.2
# cvsigmarprior
0.25
# phase_sigmar
-3
# styr_rec_est
1
# endyr_rec_est
30
# Linfprior
80
# cvLinfprior
0.25
# kprior
0.18
# cvkprior
0.25
# Loprior
27.688
# cvLoprior
0.25
# sdageprior
0.1
# cvsdageprior
0.25
# natmortprior
0.2
# cvnatmortprior
0.25
# phase_M
-4
# npars_Mage
0
# ages_M_changes

# Mage_in

# phase_Mage
-5
# phase_rw_M
0
# npars_rw_M
0
# yrs_rw_M

# sigma_rw_M

# qprior
 3.48998e-007
# cvqprior
 1
# phase_q
 1
# q_power_prior
 1
# cvq_power_prior
 0.2
# phase_q_power
 -4
# phase_rw_q
 -1
# npars_rw_q
 0
# yrs_rw_q

# sigma_rw_q

# q_age_min
 1
# q_age_max
 12
# q_age_min
 1
# q_age_max
 12
# fsh_sel_opt(k)
2
# phase_sel_fsh(k)
-2
# n_sel_ch_fsh(k)
1
# sel_slp_in_fsh(k)(1,n_sel_ch_fsh(k))
 1
# sel_inf_in_fsh(k)(1,n_sel_ch_fsh(k))
 2
# logsel_slp_in_fsh(k)(1,n_sel_ch_fsh(k))
 0
# yrs_sel_ch_fsh(k)(1,n_sel_ch_fsh(k))
 1

Survey survey_index1
# ind_sel_opt(k)
2
# indname(k)
survey_index1
# nselages_in_ind(k)
11
# phase_sel_ind(k)
-2
# sel_change_in_ind(k)
 1 0 0 0 0 0 0 0 0 0 0 0 0 0 0 0 0 0 0 0 0 0 0 0 0 0 0 0 0 0
# n_sel_ch_ind(k)
1
# yrs_sel_ch_ind(k)(1,n_sel_ch_ind(k))
 1
# sel_slp_in_ind(k,1)
2
# sel_inf_in_ind(k,1)
1.5
# logsel_slp_in_ind(k,1)
0.693147
# logsel_slp_in_indv(k)
0.693147
survey_index1 ind sel opt 2  1 0 0 0 0 0 0 0 0 0 0 0 0 0 0 0 0 0 0 0 0 0 0 0 0 0 0 0 0 0
Phase indices Sel_Coffs:  -1
 Test: 1.23457e+008
# Fshry Selages:  11
# Srvy  Selages:  11
# Phase for age-spec fishery  -1
# Phase for logistic fishery  -2
# Phase for dble logistic fishery  -1
# Phase for age-spec indices   -1
# Phase for logistic indices   -2
# Phase for dble logistic ind  -1
# Curv_pen_fsh: 
 0
# Curv_pen_ind: 
 0
# styr_fut
31
# endyr_fut
35
# nyrs_fsh_age
 30
# nyrs_fsh_age
 30
# yrs_fsh_age
 1 2 3 4 5 6 7 8 9 10 11 12 13 14 15 16 17 18 19 20 21 22 23 24 25 26 27 28 29 30
# n_sample_fsh_age
 200 200 200 200 200 200 200 200 200 200 200 200 200 200 200 200 200 200 200 200 200 200 200 200 200 200 200 200 200 200
# oac_fsh
 0.065 0.115 0.18 0.13 0.095 0.095 0.06 0.065 0.035 0.02 0.03 0.11
 0.075 0.12 0.125 0.135 0.105 0.095 0.035 0.06 0.03 0.04 0.045 0.135
 0.075 0.18 0.11 0.11 0.085 0.095 0.035 0.06 0.03 0.05 0.035 0.135
 0.025 0.115 0.115 0.105 0.135 0.09 0.09 0.06 0.025 0.05 0.035 0.155
 0.07 0.115 0.125 0.175 0.09 0.065 0.07 0.025 0.05 0.035 0.035 0.145
 0.075 0.165 0.085 0.14 0.095 0.085 0.07 0.07 0.04 0.035 0.03 0.11
 0.095 0.11 0.165 0.105 0.1 0.1 0.025 0.055 0.06 0.055 0.025 0.105
 0.065 0.09 0.185 0.14 0.07 0.06 0.12 0.08 0.035 0.03 0.045 0.08
 0.09 0.12 0.075 0.19 0.15 0.045 0.06 0.055 0.035 0.045 0.01 0.125
 0.085 0.13 0.145 0.095 0.125 0.15 0.065 0.035 0.035 0.045 0.005 0.085
 0.09 0.165 0.13 0.14 0.075 0.11 0.1 0.02 0.025 0.025 0.015 0.105
 0.09 0.095 0.175 0.15 0.16 0.075 0.075 0.045 0.02 0.02 0.025 0.07
 0.07 0.145 0.17 0.15 0.08 0.08 0.06 0.07 0.05 0.03 0.005 0.09
 0.11 0.145 0.145 0.21 0.085 0.075 0.06 0.055 0.05 0.01 0.025 0.03
 0.065 0.19 0.155 0.175 0.14 0.06 0.04 0.05 0.025 0.04 0.01 0.05
 0.1 0.14 0.205 0.085 0.085 0.09 0.1 0.035 0.05 0.005 0.04 0.065
 0.11 0.22 0.12 0.16 0.095 0.08 0.05 0.065 0.04 0.01 0 0.05
 0.065 0.175 0.195 0.1 0.13 0.08 0.06 0.04 0.015 0.03 0.035 0.075
 0.1 0.18 0.195 0.17 0.08 0.1 0.035 0.025 0.025 0.03 0.015 0.045
 0.11 0.16 0.14 0.17 0.18 0.05 0.05 0.025 0.025 0.02 0.035 0.035
 0.16 0.17 0.16 0.135 0.125 0.125 0.03 0.025 0.015 0.01 0.01 0.035
 0.135 0.18 0.18 0.175 0.065 0.11 0.04 0.045 0.025 0.02 0.005 0.02
 0.14 0.215 0.22 0.165 0.085 0.02 0.055 0.025 0.015 0.025 0.005 0.03
 0.17 0.19 0.195 0.175 0.09 0.05 0.05 0.04 0.02 0.01 0 0.01
 0.23 0.215 0.145 0.19 0.09 0.04 0.03 0.01 0.025 0 0.01 0.015
 0.125 0.255 0.08 0.165 0.17 0.11 0.025 0.04 0.015 0.005 0 0.01
 0.215 0.18 0.255 0.115 0.1 0.045 0.035 0.005 0.01 0.015 0 0.025
 0.19 0.165 0.215 0.16 0.095 0.055 0.025 0.035 0.025 0.015 0.01 0.01
 0.225 0.255 0.205 0.115 0.115 0.04 0.015 0.01 0.015 0 0.005 0
 0.15 0.25 0.17 0.21 0.075 0.07 0.02 0.03 0.01 0.005 0.005 0.005
# olc_fsh

# wt_fsh
 0.000530656 0.00119633 0.00205827 0.00303499 0.00405521 0.0050647 0.00602623 0.00691692 0.00772489 0.00844611 0.00908185 0.0096367
 0.000530656 0.00119633 0.00205827 0.00303499 0.00405521 0.0050647 0.00602623 0.00691692 0.00772489 0.00844611 0.00908185 0.0096367
 0.000530656 0.00119633 0.00205827 0.00303499 0.00405521 0.0050647 0.00602623 0.00691692 0.00772489 0.00844611 0.00908185 0.0096367
 0.000530656 0.00119633 0.00205827 0.00303499 0.00405521 0.0050647 0.00602623 0.00691692 0.00772489 0.00844611 0.00908185 0.0096367
 0.000530656 0.00119633 0.00205827 0.00303499 0.00405521 0.0050647 0.00602623 0.00691692 0.00772489 0.00844611 0.00908185 0.0096367
 0.000530656 0.00119633 0.00205827 0.00303499 0.00405521 0.0050647 0.00602623 0.00691692 0.00772489 0.00844611 0.00908185 0.0096367
 0.000530656 0.00119633 0.00205827 0.00303499 0.00405521 0.0050647 0.00602623 0.00691692 0.00772489 0.00844611 0.00908185 0.0096367
 0.000530656 0.00119633 0.00205827 0.00303499 0.00405521 0.0050647 0.00602623 0.00691692 0.00772489 0.00844611 0.00908185 0.0096367
 0.000530656 0.00119633 0.00205827 0.00303499 0.00405521 0.0050647 0.00602623 0.00691692 0.00772489 0.00844611 0.00908185 0.0096367
 0.000530656 0.00119633 0.00205827 0.00303499 0.00405521 0.0050647 0.00602623 0.00691692 0.00772489 0.00844611 0.00908185 0.0096367
 0.000530656 0.00119633 0.00205827 0.00303499 0.00405521 0.0050647 0.00602623 0.00691692 0.00772489 0.00844611 0.00908185 0.0096367
 0.000530656 0.00119633 0.00205827 0.00303499 0.00405521 0.0050647 0.00602623 0.00691692 0.00772489 0.00844611 0.00908185 0.0096367
 0.000530656 0.00119633 0.00205827 0.00303499 0.00405521 0.0050647 0.00602623 0.00691692 0.00772489 0.00844611 0.00908185 0.0096367
 0.000530656 0.00119633 0.00205827 0.00303499 0.00405521 0.0050647 0.00602623 0.00691692 0.00772489 0.00844611 0.00908185 0.0096367
 0.000530656 0.00119633 0.00205827 0.00303499 0.00405521 0.0050647 0.00602623 0.00691692 0.00772489 0.00844611 0.00908185 0.0096367
 0.000530656 0.00119633 0.00205827 0.00303499 0.00405521 0.0050647 0.00602623 0.00691692 0.00772489 0.00844611 0.00908185 0.0096367
 0.000530656 0.00119633 0.00205827 0.00303499 0.00405521 0.0050647 0.00602623 0.00691692 0.00772489 0.00844611 0.00908185 0.0096367
 0.000530656 0.00119633 0.00205827 0.00303499 0.00405521 0.0050647 0.00602623 0.00691692 0.00772489 0.00844611 0.00908185 0.0096367
 0.000530656 0.00119633 0.00205827 0.00303499 0.00405521 0.0050647 0.00602623 0.00691692 0.00772489 0.00844611 0.00908185 0.0096367
 0.000530656 0.00119633 0.00205827 0.00303499 0.00405521 0.0050647 0.00602623 0.00691692 0.00772489 0.00844611 0.00908185 0.0096367
 0.000530656 0.00119633 0.00205827 0.00303499 0.00405521 0.0050647 0.00602623 0.00691692 0.00772489 0.00844611 0.00908185 0.0096367
 0.000530656 0.00119633 0.00205827 0.00303499 0.00405521 0.0050647 0.00602623 0.00691692 0.00772489 0.00844611 0.00908185 0.0096367
 0.000530656 0.00119633 0.00205827 0.00303499 0.00405521 0.0050647 0.00602623 0.00691692 0.00772489 0.00844611 0.00908185 0.0096367
 0.000530656 0.00119633 0.00205827 0.00303499 0.00405521 0.0050647 0.00602623 0.00691692 0.00772489 0.00844611 0.00908185 0.0096367
 0.000530656 0.00119633 0.00205827 0.00303499 0.00405521 0.0050647 0.00602623 0.00691692 0.00772489 0.00844611 0.00908185 0.0096367
 0.000530656 0.00119633 0.00205827 0.00303499 0.00405521 0.0050647 0.00602623 0.00691692 0.00772489 0.00844611 0.00908185 0.0096367
 0.000530656 0.00119633 0.00205827 0.00303499 0.00405521 0.0050647 0.00602623 0.00691692 0.00772489 0.00844611 0.00908185 0.0096367
 0.000530656 0.00119633 0.00205827 0.00303499 0.00405521 0.0050647 0.00602623 0.00691692 0.00772489 0.00844611 0.00908185 0.0096367
 0.000530656 0.00119633 0.00205827 0.00303499 0.00405521 0.0050647 0.00602623 0.00691692 0.00772489 0.00844611 0.00908185 0.0096367
 0.000530656 0.00119633 0.00205827 0.00303499 0.00405521 0.0050647 0.00602623 0.00691692 0.00772489 0.00844611 0.00908185 0.0096367
# nyrs_ind_age
 30
# yrs_ind_age
 1 2 3 4 5 6 7 8 9 10 11 12 13 14 15 16 17 18 19 20 21 22 23 24 25 26 27 28 29 30
# n_sample_ind_age
 200 200 200 200 200 200 200 200 200 200 200 200 200 200 200 200 200 200 200 200 200 200 200 200 200 200 200 200 200 200
# oac_ind
 0.055 0.125 0.12 0.105 0.095 0.125 0.07 0.04 0.09 0.03 0.02 0.125
 0.065 0.105 0.155 0.16 0.09 0.075 0.095 0.04 0.025 0.045 0.025 0.12
 0.065 0.19 0.1 0.12 0.09 0.1 0.065 0.035 0.08 0.025 0.02 0.11
 0.085 0.105 0.14 0.17 0.075 0.07 0.05 0.08 0.05 0.03 0.04 0.105
 0.08 0.1 0.155 0.18 0.075 0.08 0.075 0.05 0.03 0.015 0.045 0.115
 0.095 0.215 0.105 0.145 0.105 0.065 0.06 0.05 0.035 0.015 0.01 0.1
 0.08 0.175 0.14 0.105 0.12 0.095 0.025 0.07 0.065 0.01 0.005 0.11
 0.08 0.17 0.215 0.17 0.025 0.045 0.09 0.03 0.045 0.015 0.02 0.095
 0.05 0.2 0.155 0.13 0.13 0.06 0.03 0.06 0.03 0.02 0.04 0.095
 0.07 0.105 0.22 0.11 0.16 0.1 0.02 0.045 0.045 0.025 0.005 0.095
 0.065 0.205 0.145 0.16 0.065 0.11 0.06 0.045 0.025 0.03 0.025 0.065
 0.07 0.2 0.22 0.115 0.125 0.06 0.065 0.06 0.035 0.01 0.01 0.03
 0.13 0.15 0.145 0.195 0.105 0.075 0.05 0.055 0.01 0.025 0.005 0.055
 0.085 0.195 0.135 0.165 0.125 0.085 0.075 0.03 0.01 0.015 0.015 0.065
 0.085 0.21 0.17 0.165 0.07 0.11 0.04 0.04 0.015 0.015 0.045 0.035
 0.115 0.23 0.215 0.13 0.07 0.055 0.04 0.01 0.05 0.01 0.025 0.05
 0.135 0.21 0.125 0.14 0.1 0.06 0.095 0.03 0.015 0.02 0.01 0.06
 0.08 0.165 0.26 0.145 0.115 0.1 0.025 0.03 0.025 0.01 0 0.045
 0.07 0.255 0.195 0.19 0.09 0.055 0.04 0.015 0.02 0.02 0.01 0.04
 0.1 0.17 0.18 0.185 0.135 0.065 0.05 0.045 0.01 0.005 0.025 0.03
 0.17 0.17 0.18 0.105 0.125 0.065 0.06 0.035 0.035 0.01 0.01 0.035
 0.155 0.24 0.17 0.17 0.09 0.055 0.025 0.03 0.03 0.01 0.025 0
 0.095 0.22 0.295 0.125 0.1 0.055 0.03 0.025 0.02 0.01 0.01 0.015
 0.12 0.175 0.29 0.165 0.07 0.04 0.03 0.035 0.02 0.02 0 0.035
 0.125 0.2 0.24 0.195 0.09 0.045 0.025 0.02 0.015 0.015 0.02 0.01
 0.09 0.28 0.17 0.15 0.105 0.09 0.04 0.02 0.035 0.005 0.005 0.01
 0.145 0.14 0.26 0.135 0.105 0.085 0.075 0.03 0.01 0.01 0 0.005
 0.16 0.235 0.155 0.17 0.11 0.09 0.04 0.01 0.005 0 0.01 0.015
 0.15 0.29 0.24 0.115 0.085 0.065 0.015 0.015 0 0.015 0.005 0.005
 0.075 0.335 0.29 0.1 0.055 0.06 0.035 0.015 0.015 0.01 0 0.01
# olc_ind

# obs_lse_ind
 0.198042 0.198042 0.198042 0.198042 0.198042 0.198042 0.198042 0.198042 0.198042 0.198042 0.198042 0.198042 0.198042 0.198042 0.198042 0.198042 0.198042 0.198042 0.198042 0.198042 0.198042 0.198042 0.198042 0.198042 0.198042 0.198042 0.198042 0.198042 0.198042 0.198042
# xages_fsh
 0 0 0 0 0 0 0 0 0 0 0 0
# xages_fsh
 0 0.0909091 0.181818 0.272727 0.363636 0.454545 0.545455 0.636364 0.727273 0.818182 0.909091 1
# xnodes_fsh

Yrs fsh_sel change:  1 0 0 0 0 0 0 0 0 0 0 0 0 0 0 0 0 0 0 0 0 0 0 0 0 0 0 0 0
Yrs ind_sel change:  1 0 0 0 0 0 0 0 0 0 0 0 0 0 0 0 0 0 0 0 0 0 0 0 0 0 0 0 0
# steepnessprior
0.75
# sigmarprior
0.2
#  SSB estimated in styr endyr: -12 28 
#  Rec estimated in styr endyr: -10 30 
#  SR Curve fit  in styr endyr: 1 30 
#             Model styr endyr: 1 30 
# qprior
 3.48998e-007
# q_power_prior 
 1 
# cv_catchbiomass 
0.05 
# CatchbiomassPen 
200 
# Number of projection years 
5 
# offset_fsh
 13378.2
# offset_ind
 13090.6
Mean Catch
1275.11
R_guess 
13.8155
# nfsh
1
# n_sel_ch_fsh
 1
# nselages_fsh
 11
# phase_selcoff_fsh
 -1
logRzero 13.8155
logmeanrec 13.8155
exp(log_sigmarprior 0.2
Fish sel phase: -1 OM1
Fixing fishery sel to
1
Fixing fishery sel to
1
Srvy sel phase: -1
Fixing survey_index1 indices sel to
1
Fixing index sel to
1
# logsel_slp_in_indv
 0.693147
Leaving parameter init secton
# M
 0.2 0.2 0.2 0.2 0.2 0.2 0.2 0.2 0.2 0.2 0.2 0.2
 0.2 0.2 0.2 0.2 0.2 0.2 0.2 0.2 0.2 0.2 0.2 0.2
 0.2 0.2 0.2 0.2 0.2 0.2 0.2 0.2 0.2 0.2 0.2 0.2
 0.2 0.2 0.2 0.2 0.2 0.2 0.2 0.2 0.2 0.2 0.2 0.2
 0.2 0.2 0.2 0.2 0.2 0.2 0.2 0.2 0.2 0.2 0.2 0.2
 0.2 0.2 0.2 0.2 0.2 0.2 0.2 0.2 0.2 0.2 0.2 0.2
 0.2 0.2 0.2 0.2 0.2 0.2 0.2 0.2 0.2 0.2 0.2 0.2
 0.2 0.2 0.2 0.2 0.2 0.2 0.2 0.2 0.2 0.2 0.2 0.2
 0.2 0.2 0.2 0.2 0.2 0.2 0.2 0.2 0.2 0.2 0.2 0.2
 0.2 0.2 0.2 0.2 0.2 0.2 0.2 0.2 0.2 0.2 0.2 0.2
 0.2 0.2 0.2 0.2 0.2 0.2 0.2 0.2 0.2 0.2 0.2 0.2
 0.2 0.2 0.2 0.2 0.2 0.2 0.2 0.2 0.2 0.2 0.2 0.2
 0.2 0.2 0.2 0.2 0.2 0.2 0.2 0.2 0.2 0.2 0.2 0.2
 0.2 0.2 0.2 0.2 0.2 0.2 0.2 0.2 0.2 0.2 0.2 0.2
 0.2 0.2 0.2 0.2 0.2 0.2 0.2 0.2 0.2 0.2 0.2 0.2
 0.2 0.2 0.2 0.2 0.2 0.2 0.2 0.2 0.2 0.2 0.2 0.2
 0.2 0.2 0.2 0.2 0.2 0.2 0.2 0.2 0.2 0.2 0.2 0.2
 0.2 0.2 0.2 0.2 0.2 0.2 0.2 0.2 0.2 0.2 0.2 0.2
 0.2 0.2 0.2 0.2 0.2 0.2 0.2 0.2 0.2 0.2 0.2 0.2
 0.2 0.2 0.2 0.2 0.2 0.2 0.2 0.2 0.2 0.2 0.2 0.2
 0.2 0.2 0.2 0.2 0.2 0.2 0.2 0.2 0.2 0.2 0.2 0.2
 0.2 0.2 0.2 0.2 0.2 0.2 0.2 0.2 0.2 0.2 0.2 0.2
 0.2 0.2 0.2 0.2 0.2 0.2 0.2 0.2 0.2 0.2 0.2 0.2
 0.2 0.2 0.2 0.2 0.2 0.2 0.2 0.2 0.2 0.2 0.2 0.2
 0.2 0.2 0.2 0.2 0.2 0.2 0.2 0.2 0.2 0.2 0.2 0.2
 0.2 0.2 0.2 0.2 0.2 0.2 0.2 0.2 0.2 0.2 0.2 0.2
 0.2 0.2 0.2 0.2 0.2 0.2 0.2 0.2 0.2 0.2 0.2 0.2
 0.2 0.2 0.2 0.2 0.2 0.2 0.2 0.2 0.2 0.2 0.2 0.2
 0.2 0.2 0.2 0.2 0.2 0.2 0.2 0.2 0.2 0.2 0.2 0.2
 0.2 0.2 0.2 0.2 0.2 0.2 0.2 0.2 0.2 0.2 0.2 0.2
# mean_log_rec
13.727
# log_Rzero
13.7934
# rec_dev
 -0.109552 -0.098129 -0.0764572 0.108855 -0.0481451 0.0626825 0.00364649 -0.0275897 0.0528068 0.142356 0.0713292 -0.00420597 0.300338 0.0407664 -0.141461 0.35478 0.369822 -0.0395696 0.2319 -0.053594 0.204293 0.0690157 -0.0628553 -0.00574224 0.132868 -0.0984694 0.180193 0.0530818 -0.210074 -0.210295 -0.248908 0.0284882 -0.0284978 -0.241691 -0.358468 -0.0879445 -0.477872 -0.196417 -0.0831958 -0.00510644 -0.381133
# fmort
 0.00940635 0.0278738 0.0463714 0.0626931 0.0503657 0.0903915 0.0916653 0.19132 0.113679 0.138837 0.158634 0.169417 0.122716 0.176546 0.188302 0.16699 0.325857 0.26649 0.267048 0.259141 0.359235 0.261091 0.429664 0.357503 0.355841 0.325004 0.315769 0.439624 0.322279 0.484963
# rec_dev_future
 0 0 0 0 0
