AMAK;August_2013
# styr
1
# endyr
30
# rec_age
1
# oldest_age
12
# nlength
81
# len_bins
 10 11 12 13 14 15 16 17 18 19 20 21 22 23 24 25 26 27 28 29 30 31 32 33 34 35 36 37 38 39 40 41 42 43 44 45 46 47 48 49 50 51 52 53 54 55 56 57 58 59 60 61 62 63 64 65 66 67 68 69 70 71 72 73 74 75 76 77 78 79 80 81 82 83 84 85 86 87 88 89 90
# datafile_name
amak_data.dat
# model_name
OM_1
# styr
1
# endyr
30
# rec_age
1
# oldest_age
12
# nfsh
1
# fshname
OM1
# catch_bio_in
 160.982 466.083 763.982 996.107 763.825 1331.59 1274.23 2495.03 1315.94 1531.95 1611.84 1607.95 1115.06 1519.14 1500.1 1277 2253.64 1603.43 1470.4 1318.42 1620.41 1072.14 1644.25 1196.81 1117.14 958.441 921.45 1210.79 872.747 1268.65
# catch_bio_sd_in
 0.01 0.01 0.01 0.01 0.01 0.01 0.01 0.01 0.01 0.01 0.01 0.01 0.01 0.01 0.01 0.01 0.01 0.01 0.01 0.01 0.01 0.01 0.01 0.01 0.01 0.01 0.01 0.01 0.01 0.01
# nyrs_fsh_age
 30
# nyrs_fsh_length
 0
# yrs_fsh_age_in
 1 2 3 4 5 6 7 8 9 10 11 12 13 14 15 16 17 18 19 20 21 22 23 24 25 26 27 28 29 30
# yrs_fsh_length_in

# n_sample_fsh_length_in

# olc_fsh_in

# nind
1
# indname
survey_index1
# nyrs_ind
 30
# yrs_ind_in
 1 2 3 4 5 6 7 8 9 10 11 12 13 14 15 16 17 18 19 20 21 22 23 24 25 26 27 28 29 30
# mo_ind
 1
# obs_ind_in
 1.7126 1.47324 1.55041 1.33616 1.44623 1.36075 1.48979 1.60276 1.12274 1.54388 1.12275 1.08181 1.22064 1.14376 1.08023 1.00344 1.05396 0.699221 0.729941 0.773786 0.580397 0.625675 0.673337 0.576384 0.627215 0.527545 0.63174 0.509698 0.549665 0.586588
# obs_se_ind_in
 0.34252 0.294647 0.310082 0.267233 0.289245 0.27215 0.297958 0.320552 0.224549 0.308776 0.22455 0.216362 0.244127 0.228752 0.216046 0.200688 0.210792 0.139844 0.145988 0.154757 0.116079 0.125135 0.134667 0.115277 0.125443 0.105509 0.126348 0.10194 0.109933 0.117318
# nyrs_ind_age
 30
# nyrs_ind_length
 0
# yrs_ind_age_in
 1 2 3 4 5 6 7 8 9 10 11 12 13 14 15 16 17 18 19 20 21 22 23 24 25 26 27 28 29 30
# yrs_ind_length_in

# yrs_ind_age_in
 1 2 3 4 5 6 7 8 9 10 11 12 13 14 15 16 17 18 19 20 21 22 23 24 25 26 27 28 29 30
# n_sample_ind_length_in

# olc_ind_in

# oac_ind_in
 0.08 0.16 0.175 0.09 0.045 0.07 0.07 0.075 0.04 0.035 0.02 0.14
 0.09 0.105 0.135 0.12 0.09 0.11 0.055 0.06 0.04 0.04 0.025 0.13
 0.055 0.135 0.17 0.125 0.1 0.1 0.055 0.06 0.05 0.025 0.025 0.1
 0.04 0.14 0.165 0.09 0.075 0.155 0.08 0.04 0.045 0.025 0.015 0.13
 0.085 0.09 0.13 0.14 0.12 0.07 0.06 0.035 0.05 0.02 0.05 0.15
 0.045 0.225 0.09 0.09 0.13 0.06 0.065 0.055 0.025 0.04 0.04 0.135
 0.08 0.15 0.15 0.11 0.07 0.105 0.05 0.055 0.04 0.035 0.025 0.13
 0.045 0.13 0.18 0.17 0.09 0.095 0.045 0.02 0.04 0.02 0.03 0.135
 0.07 0.175 0.175 0.185 0.125 0.045 0.025 0.04 0.02 0.02 0.025 0.095
 0.09 0.115 0.155 0.12 0.12 0.095 0.08 0.015 0.055 0.05 0.02 0.085
 0.04 0.155 0.175 0.135 0.13 0.105 0.06 0.04 0.015 0.02 0.015 0.11
 0.075 0.19 0.265 0.145 0.07 0.055 0.03 0.045 0.025 0.01 0.01 0.08
 0.095 0.145 0.205 0.155 0.08 0.06 0.06 0.095 0.015 0.015 0.015 0.06
 0.06 0.145 0.205 0.15 0.145 0.075 0.055 0.055 0.06 0 0.005 0.045
 0.08 0.225 0.18 0.105 0.11 0.09 0.055 0.04 0.025 0.03 0.02 0.04
 0.075 0.215 0.225 0.125 0.075 0.08 0.04 0.04 0.03 0.005 0 0.09
 0.09 0.18 0.185 0.115 0.105 0.07 0.05 0.05 0.035 0.015 0.005 0.1
 0.09 0.23 0.195 0.145 0.09 0.075 0.025 0.025 0.035 0.015 0.015 0.06
 0.125 0.14 0.26 0.175 0.085 0.07 0.04 0.005 0.04 0.015 0.015 0.03
 0.05 0.195 0.145 0.17 0.17 0.07 0.06 0.03 0.02 0.02 0.015 0.055
 0.125 0.16 0.19 0.145 0.145 0.105 0.045 0.03 0.005 0 0.015 0.035
 0.13 0.27 0.175 0.13 0.055 0.08 0.055 0.05 0.025 0.015 0.005 0.01
 0.075 0.27 0.265 0.115 0.085 0.04 0.05 0.025 0.01 0.01 0.01 0.045
 0.095 0.265 0.22 0.18 0.085 0.06 0.05 0.025 0.01 0 0 0.01
 0.125 0.165 0.19 0.21 0.13 0.06 0.03 0.02 0.015 0.015 0.02 0.02
 0.075 0.325 0.19 0.15 0.135 0.06 0.015 0.015 0.01 0.015 0 0.01
 0.11 0.155 0.3 0.16 0.095 0.085 0.04 0 0.02 0 0.015 0.02
 0.175 0.235 0.215 0.23 0.055 0.04 0.025 0.005 0 0.01 0 0.01
 0.235 0.265 0.225 0.09 0.065 0.05 0.03 0.025 0.01 0.005 0 0
 0.105 0.365 0.225 0.125 0.07 0.055 0.015 0.01 0.005 0.01 0.005 0.01
# wt_ind
 1 1 1 1 1 1 1 1 1 1 1 1
 1 1 1 1 1 1 1 1 1 1 1 1
 1 1 1 1 1 1 1 1 1 1 1 1
 1 1 1 1 1 1 1 1 1 1 1 1
 1 1 1 1 1 1 1 1 1 1 1 1
 1 1 1 1 1 1 1 1 1 1 1 1
 1 1 1 1 1 1 1 1 1 1 1 1
 1 1 1 1 1 1 1 1 1 1 1 1
 1 1 1 1 1 1 1 1 1 1 1 1
 1 1 1 1 1 1 1 1 1 1 1 1
 1 1 1 1 1 1 1 1 1 1 1 1
 1 1 1 1 1 1 1 1 1 1 1 1
 1 1 1 1 1 1 1 1 1 1 1 1
 1 1 1 1 1 1 1 1 1 1 1 1
 1 1 1 1 1 1 1 1 1 1 1 1
 1 1 1 1 1 1 1 1 1 1 1 1
 1 1 1 1 1 1 1 1 1 1 1 1
 1 1 1 1 1 1 1 1 1 1 1 1
 1 1 1 1 1 1 1 1 1 1 1 1
 1 1 1 1 1 1 1 1 1 1 1 1
 1 1 1 1 1 1 1 1 1 1 1 1
 1 1 1 1 1 1 1 1 1 1 1 1
 1 1 1 1 1 1 1 1 1 1 1 1
 1 1 1 1 1 1 1 1 1 1 1 1
 1 1 1 1 1 1 1 1 1 1 1 1
 1 1 1 1 1 1 1 1 1 1 1 1
 1 1 1 1 1 1 1 1 1 1 1 1
 1 1 1 1 1 1 1 1 1 1 1 1
 1 1 1 1 1 1 1 1 1 1 1 1
 1 1 1 1 1 1 1 1 1 1 1 1
# wt_pop
 0.000530656 0.00119633 0.00205827 0.00303499 0.00405521 0.0050647 0.00602623 0.00691692 0.00772489 0.00844611 0.00908185 0.0096367
# maturity
 0.0229774 0.320821 0.904651 0.99478 0.999739 0.999987 0.999999 1 1 1 1 1
# spawnmo
1
# age_err
 1 0 0 0 0 0 0 0 0 0 0 0
 0 1 0 0 0 0 0 0 0 0 0 0
 0 0 1 0 0 0 0 0 0 0 0 0
 0 0 0 1 0 0 0 0 0 0 0 0
 0 0 0 0 1 0 0 0 0 0 0 0
 0 0 0 0 0 1 0 0 0 0 0 0
 0 0 0 0 0 0 1 0 0 0 0 0
 0 0 0 0 0 0 0 1 0 0 0 0
 0 0 0 0 0 0 0 0 1 0 0 0
 0 0 0 0 0 0 0 0 0 1 0 0
 0 0 0 0 0 0 0 0 0 0 1 0
 0 0 0 0 0 0 0 0 0 0 0 1
# cntrlfile_name
C:\Users\bai.li\Desktop\s1_test\AMAK\s5\amak.dat
# Map shared selectivity: 
# sel_map
 1 2
 1 1
# datafile_name
amak_data.dat
# model_name
OM_1
# SrType
2
# use_age_err
0
# retro
0
# sigmarprior
0.2
# cvsigmarprior
0.25
# phase_sigmar
-3
# styr_rec_est
1
# endyr_rec_est
30
# Linfprior
80
# cvLinfprior
0.25
# kprior
0.18
# cvkprior
0.25
# Loprior
27.688
# cvLoprior
0.25
# sdageprior
0.1
# cvsdageprior
0.25
# natmortprior
0.2
# cvnatmortprior
0.25
# phase_M
-4
# npars_Mage
0
# ages_M_changes

# Mage_in

# phase_Mage
-5
# phase_rw_M
0
# npars_rw_M
0
# yrs_rw_M

# sigma_rw_M

# qprior
 3.48998e-007
# cvqprior
 1
# phase_q
 1
# q_power_prior
 1
# cvq_power_prior
 0.2
# phase_q_power
 -4
# phase_rw_q
 -1
# npars_rw_q
 0
# yrs_rw_q

# sigma_rw_q

# q_age_min
 1
# q_age_max
 12
# q_age_min
 1
# q_age_max
 12
# fsh_sel_opt(k)
2
# phase_sel_fsh(k)
-2
# n_sel_ch_fsh(k)
1
# sel_slp_in_fsh(k)(1,n_sel_ch_fsh(k))
 1
# sel_inf_in_fsh(k)(1,n_sel_ch_fsh(k))
 2
# logsel_slp_in_fsh(k)(1,n_sel_ch_fsh(k))
 0
# yrs_sel_ch_fsh(k)(1,n_sel_ch_fsh(k))
 1

Survey survey_index1
# ind_sel_opt(k)
2
# indname(k)
survey_index1
# nselages_in_ind(k)
11
# phase_sel_ind(k)
-2
# sel_change_in_ind(k)
 1 0 0 0 0 0 0 0 0 0 0 0 0 0 0 0 0 0 0 0 0 0 0 0 0 0 0 0 0 0
# n_sel_ch_ind(k)
1
# yrs_sel_ch_ind(k)(1,n_sel_ch_ind(k))
 1
# sel_slp_in_ind(k,1)
2
# sel_inf_in_ind(k,1)
1.5
# logsel_slp_in_ind(k,1)
0.693147
# logsel_slp_in_indv(k)
0.693147
survey_index1 ind sel opt 2  1 0 0 0 0 0 0 0 0 0 0 0 0 0 0 0 0 0 0 0 0 0 0 0 0 0 0 0 0 0
Phase indices Sel_Coffs:  -1
 Test: 1.23457e+008
# Fshry Selages:  11
# Srvy  Selages:  11
# Phase for age-spec fishery  -1
# Phase for logistic fishery  -2
# Phase for dble logistic fishery  -1
# Phase for age-spec indices   -1
# Phase for logistic indices   -2
# Phase for dble logistic ind  -1
# Curv_pen_fsh: 
 0
# Curv_pen_ind: 
 0
# styr_fut
31
# endyr_fut
35
# nyrs_fsh_age
 30
# nyrs_fsh_age
 30
# yrs_fsh_age
 1 2 3 4 5 6 7 8 9 10 11 12 13 14 15 16 17 18 19 20 21 22 23 24 25 26 27 28 29 30
# n_sample_fsh_age
 200 200 200 200 200 200 200 200 200 200 200 200 200 200 200 200 200 200 200 200 200 200 200 200 200 200 200 200 200 200
# oac_fsh
 0.065 0.09 0.1 0.09 0.105 0.125 0.105 0.065 0.045 0.04 0.045 0.125
 0.09 0.13 0.125 0.11 0.095 0.08 0.07 0.09 0.03 0.03 0.025 0.125
 0.04 0.13 0.125 0.18 0.105 0.085 0.06 0.05 0.06 0.03 0.025 0.11
 0.06 0.11 0.15 0.075 0.115 0.11 0.07 0.065 0.045 0.025 0.035 0.14
 0.07 0.06 0.11 0.155 0.125 0.085 0.085 0.04 0.06 0.04 0.03 0.14
 0.115 0.085 0.1 0.115 0.14 0.115 0.085 0.045 0.03 0.025 0.035 0.11
 0.09 0.135 0.2 0.125 0.085 0.095 0.025 0.035 0.045 0.02 0.025 0.12
 0.055 0.12 0.175 0.14 0.115 0.05 0.105 0.06 0.035 0.025 0.045 0.075
 0.075 0.135 0.12 0.17 0.16 0.05 0.065 0.05 0.015 0.015 0.035 0.11
 0.095 0.135 0.155 0.105 0.16 0.085 0.05 0.04 0.035 0.015 0.03 0.095
 0.09 0.115 0.145 0.16 0.11 0.105 0.07 0.045 0.025 0.035 0.015 0.085
 0.095 0.18 0.165 0.12 0.145 0.07 0.04 0.035 0.03 0.015 0.04 0.065
 0.08 0.135 0.14 0.16 0.095 0.11 0.07 0.07 0.035 0.01 0.025 0.07
 0.06 0.14 0.175 0.155 0.14 0.075 0.115 0.025 0.035 0.02 0.01 0.05
 0.14 0.15 0.12 0.115 0.105 0.165 0.06 0.055 0.025 0.02 0.02 0.025
 0.125 0.125 0.145 0.165 0.13 0.095 0.04 0.07 0.035 0.015 0.02 0.035
 0.15 0.15 0.195 0.145 0.1 0.07 0.035 0.035 0.035 0.025 0.02 0.04
 0.07 0.185 0.185 0.17 0.115 0.065 0.05 0.055 0.025 0.005 0.02 0.055
 0.11 0.14 0.21 0.205 0.12 0.025 0.07 0.035 0.02 0.035 0.01 0.02
 0.07 0.145 0.165 0.235 0.1 0.08 0.045 0.035 0 0.02 0.04 0.065
 0.165 0.16 0.17 0.15 0.115 0.1 0.035 0.045 0.02 0.02 0 0.02
 0.13 0.25 0.155 0.135 0.095 0.08 0.035 0.04 0.025 0.03 0.005 0.02
 0.135 0.2 0.265 0.125 0.08 0.035 0.07 0.015 0.04 0.015 0.01 0.01
 0.185 0.185 0.18 0.18 0.09 0.06 0.04 0.025 0.02 0.01 0.005 0.02
 0.1 0.14 0.225 0.175 0.12 0.065 0.05 0.03 0.015 0.02 0.025 0.035
 0.1 0.26 0.17 0.12 0.125 0.095 0.045 0.015 0.015 0.02 0.015 0.02
 0.185 0.17 0.245 0.11 0.08 0.08 0.035 0.02 0.03 0.01 0.005 0.03
 0.21 0.155 0.175 0.165 0.095 0.09 0.05 0.035 0.005 0.005 0.005 0.01
 0.215 0.21 0.24 0.12 0.12 0.045 0.015 0.015 0.01 0.005 0 0.005
 0.125 0.255 0.205 0.17 0.095 0.06 0.015 0.025 0.02 0.015 0.01 0.005
# olc_fsh

# wt_fsh
 0.000530656 0.00119633 0.00205827 0.00303499 0.00405521 0.0050647 0.00602623 0.00691692 0.00772489 0.00844611 0.00908185 0.0096367
 0.000530656 0.00119633 0.00205827 0.00303499 0.00405521 0.0050647 0.00602623 0.00691692 0.00772489 0.00844611 0.00908185 0.0096367
 0.000530656 0.00119633 0.00205827 0.00303499 0.00405521 0.0050647 0.00602623 0.00691692 0.00772489 0.00844611 0.00908185 0.0096367
 0.000530656 0.00119633 0.00205827 0.00303499 0.00405521 0.0050647 0.00602623 0.00691692 0.00772489 0.00844611 0.00908185 0.0096367
 0.000530656 0.00119633 0.00205827 0.00303499 0.00405521 0.0050647 0.00602623 0.00691692 0.00772489 0.00844611 0.00908185 0.0096367
 0.000530656 0.00119633 0.00205827 0.00303499 0.00405521 0.0050647 0.00602623 0.00691692 0.00772489 0.00844611 0.00908185 0.0096367
 0.000530656 0.00119633 0.00205827 0.00303499 0.00405521 0.0050647 0.00602623 0.00691692 0.00772489 0.00844611 0.00908185 0.0096367
 0.000530656 0.00119633 0.00205827 0.00303499 0.00405521 0.0050647 0.00602623 0.00691692 0.00772489 0.00844611 0.00908185 0.0096367
 0.000530656 0.00119633 0.00205827 0.00303499 0.00405521 0.0050647 0.00602623 0.00691692 0.00772489 0.00844611 0.00908185 0.0096367
 0.000530656 0.00119633 0.00205827 0.00303499 0.00405521 0.0050647 0.00602623 0.00691692 0.00772489 0.00844611 0.00908185 0.0096367
 0.000530656 0.00119633 0.00205827 0.00303499 0.00405521 0.0050647 0.00602623 0.00691692 0.00772489 0.00844611 0.00908185 0.0096367
 0.000530656 0.00119633 0.00205827 0.00303499 0.00405521 0.0050647 0.00602623 0.00691692 0.00772489 0.00844611 0.00908185 0.0096367
 0.000530656 0.00119633 0.00205827 0.00303499 0.00405521 0.0050647 0.00602623 0.00691692 0.00772489 0.00844611 0.00908185 0.0096367
 0.000530656 0.00119633 0.00205827 0.00303499 0.00405521 0.0050647 0.00602623 0.00691692 0.00772489 0.00844611 0.00908185 0.0096367
 0.000530656 0.00119633 0.00205827 0.00303499 0.00405521 0.0050647 0.00602623 0.00691692 0.00772489 0.00844611 0.00908185 0.0096367
 0.000530656 0.00119633 0.00205827 0.00303499 0.00405521 0.0050647 0.00602623 0.00691692 0.00772489 0.00844611 0.00908185 0.0096367
 0.000530656 0.00119633 0.00205827 0.00303499 0.00405521 0.0050647 0.00602623 0.00691692 0.00772489 0.00844611 0.00908185 0.0096367
 0.000530656 0.00119633 0.00205827 0.00303499 0.00405521 0.0050647 0.00602623 0.00691692 0.00772489 0.00844611 0.00908185 0.0096367
 0.000530656 0.00119633 0.00205827 0.00303499 0.00405521 0.0050647 0.00602623 0.00691692 0.00772489 0.00844611 0.00908185 0.0096367
 0.000530656 0.00119633 0.00205827 0.00303499 0.00405521 0.0050647 0.00602623 0.00691692 0.00772489 0.00844611 0.00908185 0.0096367
 0.000530656 0.00119633 0.00205827 0.00303499 0.00405521 0.0050647 0.00602623 0.00691692 0.00772489 0.00844611 0.00908185 0.0096367
 0.000530656 0.00119633 0.00205827 0.00303499 0.00405521 0.0050647 0.00602623 0.00691692 0.00772489 0.00844611 0.00908185 0.0096367
 0.000530656 0.00119633 0.00205827 0.00303499 0.00405521 0.0050647 0.00602623 0.00691692 0.00772489 0.00844611 0.00908185 0.0096367
 0.000530656 0.00119633 0.00205827 0.00303499 0.00405521 0.0050647 0.00602623 0.00691692 0.00772489 0.00844611 0.00908185 0.0096367
 0.000530656 0.00119633 0.00205827 0.00303499 0.00405521 0.0050647 0.00602623 0.00691692 0.00772489 0.00844611 0.00908185 0.0096367
 0.000530656 0.00119633 0.00205827 0.00303499 0.00405521 0.0050647 0.00602623 0.00691692 0.00772489 0.00844611 0.00908185 0.0096367
 0.000530656 0.00119633 0.00205827 0.00303499 0.00405521 0.0050647 0.00602623 0.00691692 0.00772489 0.00844611 0.00908185 0.0096367
 0.000530656 0.00119633 0.00205827 0.00303499 0.00405521 0.0050647 0.00602623 0.00691692 0.00772489 0.00844611 0.00908185 0.0096367
 0.000530656 0.00119633 0.00205827 0.00303499 0.00405521 0.0050647 0.00602623 0.00691692 0.00772489 0.00844611 0.00908185 0.0096367
 0.000530656 0.00119633 0.00205827 0.00303499 0.00405521 0.0050647 0.00602623 0.00691692 0.00772489 0.00844611 0.00908185 0.0096367
# nyrs_ind_age
 30
# yrs_ind_age
 1 2 3 4 5 6 7 8 9 10 11 12 13 14 15 16 17 18 19 20 21 22 23 24 25 26 27 28 29 30
# n_sample_ind_age
 200 200 200 200 200 200 200 200 200 200 200 200 200 200 200 200 200 200 200 200 200 200 200 200 200 200 200 200 200 200
# oac_ind
 0.08 0.16 0.175 0.09 0.045 0.07 0.07 0.075 0.04 0.035 0.02 0.14
 0.09 0.105 0.135 0.12 0.09 0.11 0.055 0.06 0.04 0.04 0.025 0.13
 0.055 0.135 0.17 0.125 0.1 0.1 0.055 0.06 0.05 0.025 0.025 0.1
 0.04 0.14 0.165 0.09 0.075 0.155 0.08 0.04 0.045 0.025 0.015 0.13
 0.085 0.09 0.13 0.14 0.12 0.07 0.06 0.035 0.05 0.02 0.05 0.15
 0.045 0.225 0.09 0.09 0.13 0.06 0.065 0.055 0.025 0.04 0.04 0.135
 0.08 0.15 0.15 0.11 0.07 0.105 0.05 0.055 0.04 0.035 0.025 0.13
 0.045 0.13 0.18 0.17 0.09 0.095 0.045 0.02 0.04 0.02 0.03 0.135
 0.07 0.175 0.175 0.185 0.125 0.045 0.025 0.04 0.02 0.02 0.025 0.095
 0.09 0.115 0.155 0.12 0.12 0.095 0.08 0.015 0.055 0.05 0.02 0.085
 0.04 0.155 0.175 0.135 0.13 0.105 0.06 0.04 0.015 0.02 0.015 0.11
 0.075 0.19 0.265 0.145 0.07 0.055 0.03 0.045 0.025 0.01 0.01 0.08
 0.095 0.145 0.205 0.155 0.08 0.06 0.06 0.095 0.015 0.015 0.015 0.06
 0.06 0.145 0.205 0.15 0.145 0.075 0.055 0.055 0.06 0 0.005 0.045
 0.08 0.225 0.18 0.105 0.11 0.09 0.055 0.04 0.025 0.03 0.02 0.04
 0.075 0.215 0.225 0.125 0.075 0.08 0.04 0.04 0.03 0.005 0 0.09
 0.09 0.18 0.185 0.115 0.105 0.07 0.05 0.05 0.035 0.015 0.005 0.1
 0.09 0.23 0.195 0.145 0.09 0.075 0.025 0.025 0.035 0.015 0.015 0.06
 0.125 0.14 0.26 0.175 0.085 0.07 0.04 0.005 0.04 0.015 0.015 0.03
 0.05 0.195 0.145 0.17 0.17 0.07 0.06 0.03 0.02 0.02 0.015 0.055
 0.125 0.16 0.19 0.145 0.145 0.105 0.045 0.03 0.005 0 0.015 0.035
 0.13 0.27 0.175 0.13 0.055 0.08 0.055 0.05 0.025 0.015 0.005 0.01
 0.075 0.27 0.265 0.115 0.085 0.04 0.05 0.025 0.01 0.01 0.01 0.045
 0.095 0.265 0.22 0.18 0.085 0.06 0.05 0.025 0.01 0 0 0.01
 0.125 0.165 0.19 0.21 0.13 0.06 0.03 0.02 0.015 0.015 0.02 0.02
 0.075 0.325 0.19 0.15 0.135 0.06 0.015 0.015 0.01 0.015 0 0.01
 0.11 0.155 0.3 0.16 0.095 0.085 0.04 0 0.02 0 0.015 0.02
 0.175 0.235 0.215 0.23 0.055 0.04 0.025 0.005 0 0.01 0 0.01
 0.235 0.265 0.225 0.09 0.065 0.05 0.03 0.025 0.01 0.005 0 0
 0.105 0.365 0.225 0.125 0.07 0.055 0.015 0.01 0.005 0.01 0.005 0.01
# olc_ind

# obs_lse_ind
 0.198042 0.198042 0.198042 0.198042 0.198042 0.198042 0.198042 0.198042 0.198042 0.198042 0.198042 0.198042 0.198042 0.198042 0.198042 0.198042 0.198042 0.198042 0.198042 0.198042 0.198042 0.198042 0.198042 0.198042 0.198042 0.198042 0.198042 0.198042 0.198042 0.198042
# xages_fsh
 0 0 0 0 0 0 0 0 0 0 0 0
# xages_fsh
 0 0.0909091 0.181818 0.272727 0.363636 0.454545 0.545455 0.636364 0.727273 0.818182 0.909091 1
# xnodes_fsh

Yrs fsh_sel change:  1 0 0 0 0 0 0 0 0 0 0 0 0 0 0 0 0 0 0 0 0 0 0 0 0 0 0 0 0
Yrs ind_sel change:  1 0 0 0 0 0 0 0 0 0 0 0 0 0 0 0 0 0 0 0 0 0 0 0 0 0 0 0 0
# steepnessprior
0.75
# sigmarprior
0.2
#  SSB estimated in styr endyr: -12 28 
#  Rec estimated in styr endyr: -10 30 
#  SR Curve fit  in styr endyr: 1 30 
#             Model styr endyr: 1 30 
# qprior
 3.48998e-007
# q_power_prior 
 1 
# cv_catchbiomass 
0.05 
# CatchbiomassPen 
200 
# Number of projection years 
5 
# offset_fsh
 13457.5
# offset_ind
 13049.8
Mean Catch
1275.32
R_guess 
13.8155
# nfsh
1
# n_sel_ch_fsh
 1
# nselages_fsh
 11
# phase_selcoff_fsh
 -1
logRzero 13.8155
logmeanrec 13.8155
exp(log_sigmarprior 0.2
Fish sel phase: -1 OM1
Fixing fishery sel to
1
Fixing fishery sel to
1
Srvy sel phase: -1
Fixing survey_index1 indices sel to
1
Fixing index sel to
1
# logsel_slp_in_indv
 0.693147
Leaving parameter init secton
# M
 0.2 0.2 0.2 0.2 0.2 0.2 0.2 0.2 0.2 0.2 0.2 0.2
 0.2 0.2 0.2 0.2 0.2 0.2 0.2 0.2 0.2 0.2 0.2 0.2
 0.2 0.2 0.2 0.2 0.2 0.2 0.2 0.2 0.2 0.2 0.2 0.2
 0.2 0.2 0.2 0.2 0.2 0.2 0.2 0.2 0.2 0.2 0.2 0.2
 0.2 0.2 0.2 0.2 0.2 0.2 0.2 0.2 0.2 0.2 0.2 0.2
 0.2 0.2 0.2 0.2 0.2 0.2 0.2 0.2 0.2 0.2 0.2 0.2
 0.2 0.2 0.2 0.2 0.2 0.2 0.2 0.2 0.2 0.2 0.2 0.2
 0.2 0.2 0.2 0.2 0.2 0.2 0.2 0.2 0.2 0.2 0.2 0.2
 0.2 0.2 0.2 0.2 0.2 0.2 0.2 0.2 0.2 0.2 0.2 0.2
 0.2 0.2 0.2 0.2 0.2 0.2 0.2 0.2 0.2 0.2 0.2 0.2
 0.2 0.2 0.2 0.2 0.2 0.2 0.2 0.2 0.2 0.2 0.2 0.2
 0.2 0.2 0.2 0.2 0.2 0.2 0.2 0.2 0.2 0.2 0.2 0.2
 0.2 0.2 0.2 0.2 0.2 0.2 0.2 0.2 0.2 0.2 0.2 0.2
 0.2 0.2 0.2 0.2 0.2 0.2 0.2 0.2 0.2 0.2 0.2 0.2
 0.2 0.2 0.2 0.2 0.2 0.2 0.2 0.2 0.2 0.2 0.2 0.2
 0.2 0.2 0.2 0.2 0.2 0.2 0.2 0.2 0.2 0.2 0.2 0.2
 0.2 0.2 0.2 0.2 0.2 0.2 0.2 0.2 0.2 0.2 0.2 0.2
 0.2 0.2 0.2 0.2 0.2 0.2 0.2 0.2 0.2 0.2 0.2 0.2
 0.2 0.2 0.2 0.2 0.2 0.2 0.2 0.2 0.2 0.2 0.2 0.2
 0.2 0.2 0.2 0.2 0.2 0.2 0.2 0.2 0.2 0.2 0.2 0.2
 0.2 0.2 0.2 0.2 0.2 0.2 0.2 0.2 0.2 0.2 0.2 0.2
 0.2 0.2 0.2 0.2 0.2 0.2 0.2 0.2 0.2 0.2 0.2 0.2
 0.2 0.2 0.2 0.2 0.2 0.2 0.2 0.2 0.2 0.2 0.2 0.2
 0.2 0.2 0.2 0.2 0.2 0.2 0.2 0.2 0.2 0.2 0.2 0.2
 0.2 0.2 0.2 0.2 0.2 0.2 0.2 0.2 0.2 0.2 0.2 0.2
 0.2 0.2 0.2 0.2 0.2 0.2 0.2 0.2 0.2 0.2 0.2 0.2
 0.2 0.2 0.2 0.2 0.2 0.2 0.2 0.2 0.2 0.2 0.2 0.2
 0.2 0.2 0.2 0.2 0.2 0.2 0.2 0.2 0.2 0.2 0.2 0.2
 0.2 0.2 0.2 0.2 0.2 0.2 0.2 0.2 0.2 0.2 0.2 0.2
 0.2 0.2 0.2 0.2 0.2 0.2 0.2 0.2 0.2 0.2 0.2 0.2
# mean_log_rec
13.7719
# log_Rzero
13.8043
# rec_dev
 -0.0628316 -0.0162184 -0.0532232 -0.0326211 -0.0196339 0.166771 0.0540749 -0.0160985 -0.0444421 0.119569 0.0775217 0.00600562 0.23714 -0.107198 -0.136548 0.239734 0.300291 0.0491814 0.121129 0.00229011 0.190547 0.0476272 -0.10673 -0.0624665 -0.0461806 0.0403936 0.0599939 0.117867 -0.329233 -0.237017 -0.399325 0.0168009 -0.0945999 -0.290164 -0.457314 -0.144845 -0.522279 -0.277084 -0.155598 0.0813663 -0.379719
# fmort
 0.00901135 0.0263754 0.0443596 0.0602442 0.048167 0.0881097 0.0891933 0.191093 0.110613 0.13625 0.153254 0.16394 0.119494 0.171119 0.181623 0.163536 0.317952 0.256299 0.256114 0.250308 0.345469 0.251075 0.421324 0.345091 0.34702 0.314156 0.310061 0.432954 0.321619 0.472628
# rec_dev_future
 0 0 0 0 0
