AMAK;August_2013
# styr
1
# endyr
30
# rec_age
1
# oldest_age
12
# nlength
81
# len_bins
 10 11 12 13 14 15 16 17 18 19 20 21 22 23 24 25 26 27 28 29 30 31 32 33 34 35 36 37 38 39 40 41 42 43 44 45 46 47 48 49 50 51 52 53 54 55 56 57 58 59 60 61 62 63 64 65 66 67 68 69 70 71 72 73 74 75 76 77 78 79 80 81 82 83 84 85 86 87 88 89 90
# datafile_name
amak_data.dat
# model_name
OM_1
# styr
1
# endyr
30
# rec_age
1
# oldest_age
12
# nfsh
1
# fshname
OM1
# catch_bio_in
 160.672 466.001 763.138 992.726 761.611 1326.68 1266.85 2464.89 1332.29 1522.12 1606.76 1611.63 1110.02 1522.28 1524.39 1271.92 2273 1611.66 1453.42 1313.12 1637.06 1069.91 1635.3 1210.67 1120.74 973.133 921.663 1206.37 878.323 1274.35
# catch_bio_sd_in
 0.01 0.01 0.01 0.01 0.01 0.01 0.01 0.01 0.01 0.01 0.01 0.01 0.01 0.01 0.01 0.01 0.01 0.01 0.01 0.01 0.01 0.01 0.01 0.01 0.01 0.01 0.01 0.01 0.01 0.01
# nyrs_fsh_age
 30
# nyrs_fsh_length
 0
# yrs_fsh_age_in
 1 2 3 4 5 6 7 8 9 10 11 12 13 14 15 16 17 18 19 20 21 22 23 24 25 26 27 28 29 30
# yrs_fsh_length_in

# n_sample_fsh_length_in

# olc_fsh_in

# nind
1
# indname
survey_index1
# nyrs_ind
 30
# yrs_ind_in
 1 2 3 4 5 6 7 8 9 10 11 12 13 14 15 16 17 18 19 20 21 22 23 24 25 26 27 28 29 30
# mo_ind
 1
# obs_ind_in
 1.51976 1.57523 1.37246 1.53166 1.54568 1.41499 1.67283 1.63546 1.06741 1.28927 1.21411 0.927807 1.09081 0.972584 0.83515 1.05212 0.978274 0.940293 0.757677 0.815554 0.668656 0.659961 0.638731 0.598159 0.655388 0.531529 0.542151 0.612612 0.575567 0.549919
# obs_se_ind_in
 0.303953 0.315046 0.274491 0.306332 0.309136 0.282998 0.334566 0.327091 0.213482 0.257854 0.242822 0.185561 0.218162 0.194517 0.16703 0.210423 0.195655 0.188059 0.151535 0.163111 0.133731 0.131992 0.127746 0.119632 0.131078 0.106306 0.10843 0.122522 0.115113 0.109984
# nyrs_ind_age
 30
# nyrs_ind_length
 0
# yrs_ind_age_in
 1 2 3 4 5 6 7 8 9 10 11 12 13 14 15 16 17 18 19 20 21 22 23 24 25 26 27 28 29 30
# yrs_ind_length_in

# yrs_ind_age_in
 1 2 3 4 5 6 7 8 9 10 11 12 13 14 15 16 17 18 19 20 21 22 23 24 25 26 27 28 29 30
# n_sample_ind_length_in

# olc_ind_in

# oac_ind_in
 0.05 0.15 0.14 0.115 0.07 0.08 0.09 0.045 0.075 0.02 0.02 0.145
 0.055 0.175 0.18 0.135 0.095 0.06 0.065 0.045 0.02 0.03 0.03 0.11
 0.06 0.195 0.11 0.095 0.085 0.08 0.07 0.07 0.02 0.025 0.04 0.15
 0.055 0.135 0.17 0.11 0.115 0.085 0.065 0.055 0.075 0.02 0.025 0.09
 0.08 0.095 0.13 0.185 0.12 0.11 0.065 0.035 0.035 0.025 0.045 0.075
 0.075 0.2 0.115 0.105 0.125 0.105 0.075 0.035 0.03 0.005 0.03 0.1
 0.06 0.18 0.215 0.06 0.065 0.085 0.065 0.04 0.055 0.025 0.02 0.13
 0.115 0.125 0.195 0.155 0.05 0.07 0.075 0.035 0.035 0.04 0.01 0.095
 0.045 0.185 0.105 0.16 0.145 0.07 0.045 0.055 0.035 0.035 0.035 0.085
 0.11 0.155 0.205 0.11 0.125 0.055 0.02 0.04 0.05 0.035 0.03 0.065
 0.085 0.185 0.18 0.18 0.065 0.075 0.065 0.015 0.03 0.04 0.015 0.065
 0.08 0.16 0.25 0.135 0.13 0.065 0.06 0.03 0.02 0.005 0.015 0.05
 0.09 0.14 0.205 0.13 0.105 0.09 0.06 0.065 0.03 0.005 0.01 0.07
 0.09 0.13 0.18 0.12 0.11 0.065 0.065 0.035 0.065 0.045 0.015 0.08
 0.085 0.27 0.16 0.075 0.1 0.095 0.02 0.045 0.015 0.06 0.025 0.05
 0.09 0.195 0.22 0.15 0.09 0.045 0.05 0.035 0.035 0.02 0.03 0.04
 0.1 0.195 0.155 0.175 0.08 0.08 0.08 0.045 0.02 0.02 0.005 0.045
 0.06 0.23 0.23 0.15 0.08 0.05 0.02 0.06 0.04 0.025 0.01 0.045
 0.09 0.18 0.255 0.155 0.065 0.085 0.04 0.055 0.01 0.01 0.01 0.045
 0.08 0.26 0.15 0.13 0.17 0.03 0.025 0.04 0.03 0.035 0.005 0.045
 0.115 0.215 0.22 0.13 0.095 0.08 0.045 0.02 0.025 0.02 0.005 0.03
 0.13 0.345 0.14 0.14 0.07 0.075 0.035 0.025 0.02 0.01 0.005 0.005
 0.125 0.27 0.215 0.125 0.105 0.035 0.05 0.015 0.01 0.01 0.01 0.03
 0.095 0.235 0.24 0.17 0.09 0.055 0.01 0.025 0.02 0.005 0.01 0.045
 0.19 0.155 0.24 0.17 0.13 0.045 0.015 0.015 0.015 0.02 0 0.005
 0.065 0.3 0.205 0.13 0.14 0.07 0.025 0.02 0 0.015 0.015 0.015
 0.12 0.21 0.285 0.17 0.095 0.065 0.005 0 0.02 0.005 0.02 0.005
 0.16 0.24 0.2 0.17 0.065 0.045 0.04 0.045 0.015 0.01 0 0.01
 0.135 0.315 0.205 0.1 0.125 0.025 0.03 0.03 0.01 0 0.01 0.015
 0.18 0.315 0.195 0.09 0.06 0.085 0.03 0.015 0.02 0.005 0 0.005
# wt_ind
 1 1 1 1 1 1 1 1 1 1 1 1
 1 1 1 1 1 1 1 1 1 1 1 1
 1 1 1 1 1 1 1 1 1 1 1 1
 1 1 1 1 1 1 1 1 1 1 1 1
 1 1 1 1 1 1 1 1 1 1 1 1
 1 1 1 1 1 1 1 1 1 1 1 1
 1 1 1 1 1 1 1 1 1 1 1 1
 1 1 1 1 1 1 1 1 1 1 1 1
 1 1 1 1 1 1 1 1 1 1 1 1
 1 1 1 1 1 1 1 1 1 1 1 1
 1 1 1 1 1 1 1 1 1 1 1 1
 1 1 1 1 1 1 1 1 1 1 1 1
 1 1 1 1 1 1 1 1 1 1 1 1
 1 1 1 1 1 1 1 1 1 1 1 1
 1 1 1 1 1 1 1 1 1 1 1 1
 1 1 1 1 1 1 1 1 1 1 1 1
 1 1 1 1 1 1 1 1 1 1 1 1
 1 1 1 1 1 1 1 1 1 1 1 1
 1 1 1 1 1 1 1 1 1 1 1 1
 1 1 1 1 1 1 1 1 1 1 1 1
 1 1 1 1 1 1 1 1 1 1 1 1
 1 1 1 1 1 1 1 1 1 1 1 1
 1 1 1 1 1 1 1 1 1 1 1 1
 1 1 1 1 1 1 1 1 1 1 1 1
 1 1 1 1 1 1 1 1 1 1 1 1
 1 1 1 1 1 1 1 1 1 1 1 1
 1 1 1 1 1 1 1 1 1 1 1 1
 1 1 1 1 1 1 1 1 1 1 1 1
 1 1 1 1 1 1 1 1 1 1 1 1
 1 1 1 1 1 1 1 1 1 1 1 1
# wt_pop
 0.000530656 0.00119633 0.00205827 0.00303499 0.00405521 0.0050647 0.00602623 0.00691692 0.00772489 0.00844611 0.00908185 0.0096367
# maturity
 0.0229774 0.320821 0.904651 0.99478 0.999739 0.999987 0.999999 1 1 1 1 1
# spawnmo
1
# age_err
 1 0 0 0 0 0 0 0 0 0 0 0
 0 1 0 0 0 0 0 0 0 0 0 0
 0 0 1 0 0 0 0 0 0 0 0 0
 0 0 0 1 0 0 0 0 0 0 0 0
 0 0 0 0 1 0 0 0 0 0 0 0
 0 0 0 0 0 1 0 0 0 0 0 0
 0 0 0 0 0 0 1 0 0 0 0 0
 0 0 0 0 0 0 0 1 0 0 0 0
 0 0 0 0 0 0 0 0 1 0 0 0
 0 0 0 0 0 0 0 0 0 1 0 0
 0 0 0 0 0 0 0 0 0 0 1 0
 0 0 0 0 0 0 0 0 0 0 0 1
# cntrlfile_name
C:\Users\bai.li\Desktop\s1_test\AMAK\s8\amak.dat
# Map shared selectivity: 
# sel_map
 1 2
 1 1
# datafile_name
amak_data.dat
# model_name
OM_1
# SrType
2
# use_age_err
0
# retro
0
# sigmarprior
0.2
# cvsigmarprior
0.25
# phase_sigmar
-3
# styr_rec_est
1
# endyr_rec_est
30
# Linfprior
80
# cvLinfprior
0.25
# kprior
0.18
# cvkprior
0.25
# Loprior
27.688
# cvLoprior
0.25
# sdageprior
0.1
# cvsdageprior
0.25
# natmortprior
0.2
# cvnatmortprior
0.25
# phase_M
-4
# npars_Mage
0
# ages_M_changes

# Mage_in

# phase_Mage
-5
# phase_rw_M
0
# npars_rw_M
0
# yrs_rw_M

# sigma_rw_M

# qprior
 3.48998e-007
# cvqprior
 1
# phase_q
 1
# q_power_prior
 1
# cvq_power_prior
 0.2
# phase_q_power
 -4
# phase_rw_q
 -1
# npars_rw_q
 0
# yrs_rw_q

# sigma_rw_q

# q_age_min
 1
# q_age_max
 12
# q_age_min
 1
# q_age_max
 12
# fsh_sel_opt(k)
2
# phase_sel_fsh(k)
-2
# n_sel_ch_fsh(k)
1
# sel_slp_in_fsh(k)(1,n_sel_ch_fsh(k))
 1
# sel_inf_in_fsh(k)(1,n_sel_ch_fsh(k))
 2
# logsel_slp_in_fsh(k)(1,n_sel_ch_fsh(k))
 0
# yrs_sel_ch_fsh(k)(1,n_sel_ch_fsh(k))
 1

Survey survey_index1
# ind_sel_opt(k)
2
# indname(k)
survey_index1
# nselages_in_ind(k)
11
# phase_sel_ind(k)
-2
# sel_change_in_ind(k)
 1 0 0 0 0 0 0 0 0 0 0 0 0 0 0 0 0 0 0 0 0 0 0 0 0 0 0 0 0 0
# n_sel_ch_ind(k)
1
# yrs_sel_ch_ind(k)(1,n_sel_ch_ind(k))
 1
# sel_slp_in_ind(k,1)
2
# sel_inf_in_ind(k,1)
1.5
# logsel_slp_in_ind(k,1)
0.693147
# logsel_slp_in_indv(k)
0.693147
survey_index1 ind sel opt 2  1 0 0 0 0 0 0 0 0 0 0 0 0 0 0 0 0 0 0 0 0 0 0 0 0 0 0 0 0 0
Phase indices Sel_Coffs:  -1
 Test: 1.23457e+008
# Fshry Selages:  11
# Srvy  Selages:  11
# Phase for age-spec fishery  -1
# Phase for logistic fishery  -2
# Phase for dble logistic fishery  -1
# Phase for age-spec indices   -1
# Phase for logistic indices   -2
# Phase for dble logistic ind  -1
# Curv_pen_fsh: 
 0
# Curv_pen_ind: 
 0
# styr_fut
31
# endyr_fut
35
# nyrs_fsh_age
 30
# nyrs_fsh_age
 30
# yrs_fsh_age
 1 2 3 4 5 6 7 8 9 10 11 12 13 14 15 16 17 18 19 20 21 22 23 24 25 26 27 28 29 30
# n_sample_fsh_age
 200 200 200 200 200 200 200 200 200 200 200 200 200 200 200 200 200 200 200 200 200 200 200 200 200 200 200 200 200 200
# oac_fsh
 0.07 0.09 0.14 0.165 0.09 0.08 0.105 0.05 0.055 0.02 0.05 0.085
 0.09 0.095 0.115 0.085 0.1 0.095 0.085 0.06 0.04 0.03 0.045 0.16
 0.05 0.135 0.08 0.15 0.085 0.14 0.075 0.095 0.025 0.035 0.025 0.105
 0.07 0.1 0.155 0.115 0.115 0.075 0.04 0.085 0.06 0.055 0.01 0.12
 0.07 0.11 0.155 0.105 0.13 0.125 0.07 0.06 0.03 0.025 0.025 0.095
 0.07 0.115 0.06 0.145 0.125 0.09 0.065 0.05 0.035 0.065 0.03 0.15
 0.115 0.16 0.2 0.065 0.065 0.1 0.04 0.075 0.025 0.03 0.04 0.085
 0.085 0.105 0.165 0.145 0.04 0.1 0.075 0.085 0.05 0.03 0.015 0.105
 0.055 0.14 0.145 0.185 0.13 0.055 0.045 0.045 0.055 0.005 0.02 0.12
 0.085 0.115 0.135 0.135 0.125 0.12 0.055 0.03 0.04 0.01 0.025 0.125
 0.08 0.16 0.14 0.155 0.07 0.125 0.07 0.02 0.015 0.035 0.03 0.1
 0.105 0.15 0.145 0.13 0.14 0.085 0.08 0.035 0.025 0.015 0.015 0.075
 0.11 0.15 0.165 0.185 0.095 0.045 0.065 0.07 0.035 0.02 0.02 0.04
 0.1 0.11 0.105 0.14 0.13 0.09 0.11 0.07 0.04 0.045 0.01 0.05
 0.09 0.155 0.155 0.13 0.15 0.085 0.05 0.055 0.06 0.02 0.025 0.025
 0.11 0.14 0.18 0.15 0.085 0.09 0.06 0.025 0.055 0.02 0.02 0.065
 0.13 0.21 0.115 0.14 0.08 0.095 0.065 0.05 0.02 0.03 0 0.065
 0.085 0.18 0.21 0.175 0.09 0.045 0.065 0.025 0.045 0.03 0.005 0.045
 0.13 0.145 0.245 0.18 0.105 0.035 0.055 0.045 0.02 0.01 0 0.03
 0.095 0.17 0.145 0.17 0.135 0.075 0.065 0.03 0.05 0.005 0.035 0.025
 0.125 0.17 0.225 0.1 0.13 0.065 0.08 0.025 0.005 0.015 0.02 0.04
 0.15 0.18 0.18 0.205 0.07 0.105 0.035 0.015 0.02 0.01 0.005 0.025
 0.135 0.195 0.215 0.135 0.1 0.04 0.05 0.03 0.005 0.03 0.005 0.06
 0.145 0.21 0.255 0.165 0.06 0.04 0.025 0.035 0.015 0.005 0.02 0.025
 0.15 0.16 0.19 0.22 0.145 0.045 0.035 0 0.025 0.03 0 0
 0.135 0.215 0.17 0.165 0.1 0.105 0.035 0.025 0.015 0.02 0 0.015
 0.14 0.185 0.225 0.14 0.09 0.12 0.045 0.01 0.02 0.01 0 0.015
 0.155 0.17 0.2 0.195 0.12 0.06 0.03 0.035 0.015 0.005 0.005 0.01
 0.17 0.25 0.17 0.14 0.13 0.06 0.035 0.015 0.01 0.01 0.005 0.005
 0.135 0.29 0.215 0.1 0.08 0.06 0.035 0.035 0.03 0.01 0.005 0.005
# olc_fsh

# wt_fsh
 0.000530656 0.00119633 0.00205827 0.00303499 0.00405521 0.0050647 0.00602623 0.00691692 0.00772489 0.00844611 0.00908185 0.0096367
 0.000530656 0.00119633 0.00205827 0.00303499 0.00405521 0.0050647 0.00602623 0.00691692 0.00772489 0.00844611 0.00908185 0.0096367
 0.000530656 0.00119633 0.00205827 0.00303499 0.00405521 0.0050647 0.00602623 0.00691692 0.00772489 0.00844611 0.00908185 0.0096367
 0.000530656 0.00119633 0.00205827 0.00303499 0.00405521 0.0050647 0.00602623 0.00691692 0.00772489 0.00844611 0.00908185 0.0096367
 0.000530656 0.00119633 0.00205827 0.00303499 0.00405521 0.0050647 0.00602623 0.00691692 0.00772489 0.00844611 0.00908185 0.0096367
 0.000530656 0.00119633 0.00205827 0.00303499 0.00405521 0.0050647 0.00602623 0.00691692 0.00772489 0.00844611 0.00908185 0.0096367
 0.000530656 0.00119633 0.00205827 0.00303499 0.00405521 0.0050647 0.00602623 0.00691692 0.00772489 0.00844611 0.00908185 0.0096367
 0.000530656 0.00119633 0.00205827 0.00303499 0.00405521 0.0050647 0.00602623 0.00691692 0.00772489 0.00844611 0.00908185 0.0096367
 0.000530656 0.00119633 0.00205827 0.00303499 0.00405521 0.0050647 0.00602623 0.00691692 0.00772489 0.00844611 0.00908185 0.0096367
 0.000530656 0.00119633 0.00205827 0.00303499 0.00405521 0.0050647 0.00602623 0.00691692 0.00772489 0.00844611 0.00908185 0.0096367
 0.000530656 0.00119633 0.00205827 0.00303499 0.00405521 0.0050647 0.00602623 0.00691692 0.00772489 0.00844611 0.00908185 0.0096367
 0.000530656 0.00119633 0.00205827 0.00303499 0.00405521 0.0050647 0.00602623 0.00691692 0.00772489 0.00844611 0.00908185 0.0096367
 0.000530656 0.00119633 0.00205827 0.00303499 0.00405521 0.0050647 0.00602623 0.00691692 0.00772489 0.00844611 0.00908185 0.0096367
 0.000530656 0.00119633 0.00205827 0.00303499 0.00405521 0.0050647 0.00602623 0.00691692 0.00772489 0.00844611 0.00908185 0.0096367
 0.000530656 0.00119633 0.00205827 0.00303499 0.00405521 0.0050647 0.00602623 0.00691692 0.00772489 0.00844611 0.00908185 0.0096367
 0.000530656 0.00119633 0.00205827 0.00303499 0.00405521 0.0050647 0.00602623 0.00691692 0.00772489 0.00844611 0.00908185 0.0096367
 0.000530656 0.00119633 0.00205827 0.00303499 0.00405521 0.0050647 0.00602623 0.00691692 0.00772489 0.00844611 0.00908185 0.0096367
 0.000530656 0.00119633 0.00205827 0.00303499 0.00405521 0.0050647 0.00602623 0.00691692 0.00772489 0.00844611 0.00908185 0.0096367
 0.000530656 0.00119633 0.00205827 0.00303499 0.00405521 0.0050647 0.00602623 0.00691692 0.00772489 0.00844611 0.00908185 0.0096367
 0.000530656 0.00119633 0.00205827 0.00303499 0.00405521 0.0050647 0.00602623 0.00691692 0.00772489 0.00844611 0.00908185 0.0096367
 0.000530656 0.00119633 0.00205827 0.00303499 0.00405521 0.0050647 0.00602623 0.00691692 0.00772489 0.00844611 0.00908185 0.0096367
 0.000530656 0.00119633 0.00205827 0.00303499 0.00405521 0.0050647 0.00602623 0.00691692 0.00772489 0.00844611 0.00908185 0.0096367
 0.000530656 0.00119633 0.00205827 0.00303499 0.00405521 0.0050647 0.00602623 0.00691692 0.00772489 0.00844611 0.00908185 0.0096367
 0.000530656 0.00119633 0.00205827 0.00303499 0.00405521 0.0050647 0.00602623 0.00691692 0.00772489 0.00844611 0.00908185 0.0096367
 0.000530656 0.00119633 0.00205827 0.00303499 0.00405521 0.0050647 0.00602623 0.00691692 0.00772489 0.00844611 0.00908185 0.0096367
 0.000530656 0.00119633 0.00205827 0.00303499 0.00405521 0.0050647 0.00602623 0.00691692 0.00772489 0.00844611 0.00908185 0.0096367
 0.000530656 0.00119633 0.00205827 0.00303499 0.00405521 0.0050647 0.00602623 0.00691692 0.00772489 0.00844611 0.00908185 0.0096367
 0.000530656 0.00119633 0.00205827 0.00303499 0.00405521 0.0050647 0.00602623 0.00691692 0.00772489 0.00844611 0.00908185 0.0096367
 0.000530656 0.00119633 0.00205827 0.00303499 0.00405521 0.0050647 0.00602623 0.00691692 0.00772489 0.00844611 0.00908185 0.0096367
 0.000530656 0.00119633 0.00205827 0.00303499 0.00405521 0.0050647 0.00602623 0.00691692 0.00772489 0.00844611 0.00908185 0.0096367
# nyrs_ind_age
 30
# yrs_ind_age
 1 2 3 4 5 6 7 8 9 10 11 12 13 14 15 16 17 18 19 20 21 22 23 24 25 26 27 28 29 30
# n_sample_ind_age
 200 200 200 200 200 200 200 200 200 200 200 200 200 200 200 200 200 200 200 200 200 200 200 200 200 200 200 200 200 200
# oac_ind
 0.05 0.15 0.14 0.115 0.07 0.08 0.09 0.045 0.075 0.02 0.02 0.145
 0.055 0.175 0.18 0.135 0.095 0.06 0.065 0.045 0.02 0.03 0.03 0.11
 0.06 0.195 0.11 0.095 0.085 0.08 0.07 0.07 0.02 0.025 0.04 0.15
 0.055 0.135 0.17 0.11 0.115 0.085 0.065 0.055 0.075 0.02 0.025 0.09
 0.08 0.095 0.13 0.185 0.12 0.11 0.065 0.035 0.035 0.025 0.045 0.075
 0.075 0.2 0.115 0.105 0.125 0.105 0.075 0.035 0.03 0.005 0.03 0.1
 0.06 0.18 0.215 0.06 0.065 0.085 0.065 0.04 0.055 0.025 0.02 0.13
 0.115 0.125 0.195 0.155 0.05 0.07 0.075 0.035 0.035 0.04 0.01 0.095
 0.045 0.185 0.105 0.16 0.145 0.07 0.045 0.055 0.035 0.035 0.035 0.085
 0.11 0.155 0.205 0.11 0.125 0.055 0.02 0.04 0.05 0.035 0.03 0.065
 0.085 0.185 0.18 0.18 0.065 0.075 0.065 0.015 0.03 0.04 0.015 0.065
 0.08 0.16 0.25 0.135 0.13 0.065 0.06 0.03 0.02 0.005 0.015 0.05
 0.09 0.14 0.205 0.13 0.105 0.09 0.06 0.065 0.03 0.005 0.01 0.07
 0.09 0.13 0.18 0.12 0.11 0.065 0.065 0.035 0.065 0.045 0.015 0.08
 0.085 0.27 0.16 0.075 0.1 0.095 0.02 0.045 0.015 0.06 0.025 0.05
 0.09 0.195 0.22 0.15 0.09 0.045 0.05 0.035 0.035 0.02 0.03 0.04
 0.1 0.195 0.155 0.175 0.08 0.08 0.08 0.045 0.02 0.02 0.005 0.045
 0.06 0.23 0.23 0.15 0.08 0.05 0.02 0.06 0.04 0.025 0.01 0.045
 0.09 0.18 0.255 0.155 0.065 0.085 0.04 0.055 0.01 0.01 0.01 0.045
 0.08 0.26 0.15 0.13 0.17 0.03 0.025 0.04 0.03 0.035 0.005 0.045
 0.115 0.215 0.22 0.13 0.095 0.08 0.045 0.02 0.025 0.02 0.005 0.03
 0.13 0.345 0.14 0.14 0.07 0.075 0.035 0.025 0.02 0.01 0.005 0.005
 0.125 0.27 0.215 0.125 0.105 0.035 0.05 0.015 0.01 0.01 0.01 0.03
 0.095 0.235 0.24 0.17 0.09 0.055 0.01 0.025 0.02 0.005 0.01 0.045
 0.19 0.155 0.24 0.17 0.13 0.045 0.015 0.015 0.015 0.02 0 0.005
 0.065 0.3 0.205 0.13 0.14 0.07 0.025 0.02 0 0.015 0.015 0.015
 0.12 0.21 0.285 0.17 0.095 0.065 0.005 0 0.02 0.005 0.02 0.005
 0.16 0.24 0.2 0.17 0.065 0.045 0.04 0.045 0.015 0.01 0 0.01
 0.135 0.315 0.205 0.1 0.125 0.025 0.03 0.03 0.01 0 0.01 0.015
 0.18 0.315 0.195 0.09 0.06 0.085 0.03 0.015 0.02 0.005 0 0.005
# olc_ind

# obs_lse_ind
 0.198042 0.198042 0.198042 0.198042 0.198042 0.198042 0.198042 0.198042 0.198042 0.198042 0.198042 0.198042 0.198042 0.198042 0.198042 0.198042 0.198042 0.198042 0.198042 0.198042 0.198042 0.198042 0.198042 0.198042 0.198042 0.198042 0.198042 0.198042 0.198042 0.198042
# xages_fsh
 0 0 0 0 0 0 0 0 0 0 0 0
# xages_fsh
 0 0.0909091 0.181818 0.272727 0.363636 0.454545 0.545455 0.636364 0.727273 0.818182 0.909091 1
# xnodes_fsh

Yrs fsh_sel change:  1 0 0 0 0 0 0 0 0 0 0 0 0 0 0 0 0 0 0 0 0 0 0 0 0 0 0 0 0
Yrs ind_sel change:  1 0 0 0 0 0 0 0 0 0 0 0 0 0 0 0 0 0 0 0 0 0 0 0 0 0 0 0 0
# steepnessprior
0.75
# sigmarprior
0.2
#  SSB estimated in styr endyr: -12 28 
#  Rec estimated in styr endyr: -10 30 
#  SR Curve fit  in styr endyr: 1 30 
#             Model styr endyr: 1 30 
# qprior
 3.48998e-007
# q_power_prior 
 1 
# cv_catchbiomass 
0.05 
# CatchbiomassPen 
200 
# Number of projection years 
5 
# offset_fsh
 13420.6
# offset_ind
 13068.8
Mean Catch
1276.09
R_guess 
13.8155
# nfsh
1
# n_sel_ch_fsh
 1
# nselages_fsh
 11
# phase_selcoff_fsh
 -1
logRzero 13.8155
logmeanrec 13.8155
exp(log_sigmarprior 0.2
Fish sel phase: -1 OM1
Fixing fishery sel to
1
Fixing fishery sel to
1
Srvy sel phase: -1
Fixing survey_index1 indices sel to
1
Fixing index sel to
1
# logsel_slp_in_indv
 0.693147
Leaving parameter init secton
# M
 0.2 0.2 0.2 0.2 0.2 0.2 0.2 0.2 0.2 0.2 0.2 0.2
 0.2 0.2 0.2 0.2 0.2 0.2 0.2 0.2 0.2 0.2 0.2 0.2
 0.2 0.2 0.2 0.2 0.2 0.2 0.2 0.2 0.2 0.2 0.2 0.2
 0.2 0.2 0.2 0.2 0.2 0.2 0.2 0.2 0.2 0.2 0.2 0.2
 0.2 0.2 0.2 0.2 0.2 0.2 0.2 0.2 0.2 0.2 0.2 0.2
 0.2 0.2 0.2 0.2 0.2 0.2 0.2 0.2 0.2 0.2 0.2 0.2
 0.2 0.2 0.2 0.2 0.2 0.2 0.2 0.2 0.2 0.2 0.2 0.2
 0.2 0.2 0.2 0.2 0.2 0.2 0.2 0.2 0.2 0.2 0.2 0.2
 0.2 0.2 0.2 0.2 0.2 0.2 0.2 0.2 0.2 0.2 0.2 0.2
 0.2 0.2 0.2 0.2 0.2 0.2 0.2 0.2 0.2 0.2 0.2 0.2
 0.2 0.2 0.2 0.2 0.2 0.2 0.2 0.2 0.2 0.2 0.2 0.2
 0.2 0.2 0.2 0.2 0.2 0.2 0.2 0.2 0.2 0.2 0.2 0.2
 0.2 0.2 0.2 0.2 0.2 0.2 0.2 0.2 0.2 0.2 0.2 0.2
 0.2 0.2 0.2 0.2 0.2 0.2 0.2 0.2 0.2 0.2 0.2 0.2
 0.2 0.2 0.2 0.2 0.2 0.2 0.2 0.2 0.2 0.2 0.2 0.2
 0.2 0.2 0.2 0.2 0.2 0.2 0.2 0.2 0.2 0.2 0.2 0.2
 0.2 0.2 0.2 0.2 0.2 0.2 0.2 0.2 0.2 0.2 0.2 0.2
 0.2 0.2 0.2 0.2 0.2 0.2 0.2 0.2 0.2 0.2 0.2 0.2
 0.2 0.2 0.2 0.2 0.2 0.2 0.2 0.2 0.2 0.2 0.2 0.2
 0.2 0.2 0.2 0.2 0.2 0.2 0.2 0.2 0.2 0.2 0.2 0.2
 0.2 0.2 0.2 0.2 0.2 0.2 0.2 0.2 0.2 0.2 0.2 0.2
 0.2 0.2 0.2 0.2 0.2 0.2 0.2 0.2 0.2 0.2 0.2 0.2
 0.2 0.2 0.2 0.2 0.2 0.2 0.2 0.2 0.2 0.2 0.2 0.2
 0.2 0.2 0.2 0.2 0.2 0.2 0.2 0.2 0.2 0.2 0.2 0.2
 0.2 0.2 0.2 0.2 0.2 0.2 0.2 0.2 0.2 0.2 0.2 0.2
 0.2 0.2 0.2 0.2 0.2 0.2 0.2 0.2 0.2 0.2 0.2 0.2
 0.2 0.2 0.2 0.2 0.2 0.2 0.2 0.2 0.2 0.2 0.2 0.2
 0.2 0.2 0.2 0.2 0.2 0.2 0.2 0.2 0.2 0.2 0.2 0.2
 0.2 0.2 0.2 0.2 0.2 0.2 0.2 0.2 0.2 0.2 0.2 0.2
 0.2 0.2 0.2 0.2 0.2 0.2 0.2 0.2 0.2 0.2 0.2 0.2
# mean_log_rec
13.7384
# log_Rzero
13.7905
# rec_dev
 -0.137124 -0.0217155 -0.130138 0.0402941 -0.205025 0.0628839 0.143224 0.0100273 0.0450616 0.0292487 0.162758 0.0853168 0.268936 -0.0148106 -0.286053 0.322894 0.37258 0.0317726 0.262911 -0.0321429 0.196561 0.0712609 -0.0449211 -0.107342 0.0636518 -0.0982385 0.123654 0.113344 -0.380212 -0.0581655 -0.294189 0.0265819 0.0287111 -0.173714 -0.350619 -0.0602653 -0.410327 -0.389318 -0.133563 -0.0478165 -0.146613
# fmort
 0.00936455 0.027346 0.0457144 0.0616654 0.0491747 0.0896719 0.0903319 0.191427 0.113102 0.136266 0.153456 0.165158 0.119743 0.172778 0.186834 0.165865 0.329743 0.268543 0.265939 0.261868 0.365362 0.260148 0.428841 0.351207 0.34322 0.308172 0.295532 0.408315 0.3106 0.464916
# rec_dev_future
 0 0 0 0 0
