AMAK;August_2013
# styr
1
# endyr
30
# rec_age
1
# oldest_age
12
# nlength
81
# len_bins
 10 11 12 13 14 15 16 17 18 19 20 21 22 23 24 25 26 27 28 29 30 31 32 33 34 35 36 37 38 39 40 41 42 43 44 45 46 47 48 49 50 51 52 53 54 55 56 57 58 59 60 61 62 63 64 65 66 67 68 69 70 71 72 73 74 75 76 77 78 79 80 81 82 83 84 85 86 87 88 89 90
# datafile_name
amak_data.dat
# model_name
OM_1
# styr
1
# endyr
30
# rec_age
1
# oldest_age
12
# nfsh
1
# fshname
OM1
# catch_bio_in
 161.79 467.755 762.292 1004.64 773.227 1323.13 1275.57 2502.52 1319.23 1524.99 1624.44 1608.89 1103.65 1531.52 1490.89 1272.65 2254.65 1609.63 1462.56 1309.94 1632.8 1077.64 1641.22 1189.74 1108.9 971.209 928.614 1208.66 874.097 1285.24
# catch_bio_sd_in
 0.01 0.01 0.01 0.01 0.01 0.01 0.01 0.01 0.01 0.01 0.01 0.01 0.01 0.01 0.01 0.01 0.01 0.01 0.01 0.01 0.01 0.01 0.01 0.01 0.01 0.01 0.01 0.01 0.01 0.01
# nyrs_fsh_age
 30
# nyrs_fsh_length
 0
# yrs_fsh_age_in
 1 2 3 4 5 6 7 8 9 10 11 12 13 14 15 16 17 18 19 20 21 22 23 24 25 26 27 28 29 30
# yrs_fsh_length_in

# n_sample_fsh_length_in

# olc_fsh_in

# nind
1
# indname
survey_index1
# nyrs_ind
 30
# yrs_ind_in
 1 2 3 4 5 6 7 8 9 10 11 12 13 14 15 16 17 18 19 20 21 22 23 24 25 26 27 28 29 30
# mo_ind
 1
# obs_ind_in
 1.53127 1.49322 1.56731 1.42218 1.35669 1.53505 1.33191 1.33098 1.3062 1.05534 1.12352 1.09931 1.05832 1.1542 1.08513 0.92363 0.966592 0.806484 0.869226 0.613372 0.655538 0.717554 0.715605 0.662882 0.567479 0.535577 0.55066 0.515916 0.579844 0.491832
# obs_se_ind_in
 0.306254 0.298645 0.313461 0.284437 0.271338 0.307011 0.266381 0.266196 0.26124 0.211068 0.224704 0.219862 0.211663 0.230839 0.217025 0.184726 0.193318 0.161297 0.173845 0.122674 0.131108 0.143511 0.143121 0.132576 0.113496 0.107115 0.110132 0.103183 0.115969 0.0983664
# nyrs_ind_age
 30
# nyrs_ind_length
 0
# yrs_ind_age_in
 1 2 3 4 5 6 7 8 9 10 11 12 13 14 15 16 17 18 19 20 21 22 23 24 25 26 27 28 29 30
# yrs_ind_length_in

# yrs_ind_age_in
 1 2 3 4 5 6 7 8 9 10 11 12 13 14 15 16 17 18 19 20 21 22 23 24 25 26 27 28 29 30
# n_sample_ind_length_in

# olc_ind_in

# oac_ind_in
 0.06 0.155 0.13 0.135 0.085 0.075 0.085 0.035 0.05 0.04 0.02 0.13
 0.04 0.11 0.19 0.145 0.125 0.05 0.065 0.04 0.015 0.03 0.025 0.165
 0.045 0.155 0.125 0.125 0.15 0.09 0.05 0.055 0.03 0.02 0.035 0.12
 0.03 0.11 0.225 0.14 0.09 0.07 0.055 0.05 0.055 0.03 0.03 0.115
 0.08 0.095 0.14 0.14 0.11 0.095 0.04 0.05 0.055 0.03 0.025 0.14
 0.055 0.16 0.135 0.1 0.105 0.1 0.055 0.07 0.04 0.02 0.025 0.135
 0.04 0.165 0.21 0.08 0.115 0.12 0.055 0.04 0.035 0.025 0.02 0.095
 0.07 0.11 0.22 0.235 0.065 0.04 0.055 0.015 0.045 0.055 0.01 0.08
 0.065 0.205 0.175 0.14 0.09 0.07 0.06 0.045 0.035 0.02 0.005 0.09
 0.065 0.165 0.165 0.13 0.105 0.065 0.07 0.035 0.05 0.02 0.015 0.115
 0.08 0.145 0.115 0.14 0.12 0.08 0.105 0.03 0.025 0.04 0.015 0.105
 0.07 0.15 0.165 0.15 0.115 0.12 0.065 0.035 0.03 0.025 0.015 0.06
 0.045 0.165 0.255 0.14 0.105 0.06 0.035 0.055 0.055 0.025 0.005 0.055
 0.09 0.18 0.15 0.145 0.145 0.085 0.04 0.02 0.025 0.035 0.01 0.075
 0.08 0.255 0.245 0.07 0.09 0.055 0.03 0.055 0.035 0 0.04 0.045
 0.115 0.21 0.14 0.135 0.105 0.125 0.04 0.02 0.035 0.025 0.015 0.035
 0.11 0.21 0.165 0.14 0.135 0.075 0.03 0.015 0.035 0.03 0.01 0.045
 0.055 0.215 0.195 0.15 0.12 0.075 0.05 0.035 0.045 0.015 0.01 0.035
 0.1 0.185 0.2 0.135 0.06 0.09 0.07 0.065 0.005 0.035 0.005 0.05
 0.1 0.25 0.16 0.13 0.11 0.055 0.045 0.055 0.03 0.025 0.01 0.03
 0.16 0.175 0.215 0.085 0.12 0.075 0.045 0.05 0.025 0.005 0.015 0.03
 0.11 0.26 0.165 0.135 0.085 0.1 0.065 0.025 0.005 0.015 0 0.035
 0.1 0.245 0.265 0.095 0.11 0.065 0.035 0.025 0.015 0.025 0.005 0.015
 0.1 0.26 0.235 0.2 0.065 0.065 0.02 0.025 0.005 0 0 0.025
 0.17 0.185 0.195 0.13 0.165 0.075 0.02 0.03 0.02 0 0 0.01
 0.105 0.27 0.22 0.13 0.1 0.075 0.03 0.035 0.015 0.01 0 0.01
 0.15 0.195 0.25 0.09 0.105 0.085 0.055 0.01 0.005 0.01 0.005 0.04
 0.15 0.235 0.165 0.19 0.055 0.07 0.06 0.035 0.01 0.015 0.01 0.005
 0.165 0.27 0.245 0.105 0.11 0.03 0.02 0.02 0.015 0.015 0 0.005
 0.125 0.325 0.26 0.1 0.06 0.07 0.025 0 0.01 0.01 0 0.015
# wt_ind
 1 1 1 1 1 1 1 1 1 1 1 1
 1 1 1 1 1 1 1 1 1 1 1 1
 1 1 1 1 1 1 1 1 1 1 1 1
 1 1 1 1 1 1 1 1 1 1 1 1
 1 1 1 1 1 1 1 1 1 1 1 1
 1 1 1 1 1 1 1 1 1 1 1 1
 1 1 1 1 1 1 1 1 1 1 1 1
 1 1 1 1 1 1 1 1 1 1 1 1
 1 1 1 1 1 1 1 1 1 1 1 1
 1 1 1 1 1 1 1 1 1 1 1 1
 1 1 1 1 1 1 1 1 1 1 1 1
 1 1 1 1 1 1 1 1 1 1 1 1
 1 1 1 1 1 1 1 1 1 1 1 1
 1 1 1 1 1 1 1 1 1 1 1 1
 1 1 1 1 1 1 1 1 1 1 1 1
 1 1 1 1 1 1 1 1 1 1 1 1
 1 1 1 1 1 1 1 1 1 1 1 1
 1 1 1 1 1 1 1 1 1 1 1 1
 1 1 1 1 1 1 1 1 1 1 1 1
 1 1 1 1 1 1 1 1 1 1 1 1
 1 1 1 1 1 1 1 1 1 1 1 1
 1 1 1 1 1 1 1 1 1 1 1 1
 1 1 1 1 1 1 1 1 1 1 1 1
 1 1 1 1 1 1 1 1 1 1 1 1
 1 1 1 1 1 1 1 1 1 1 1 1
 1 1 1 1 1 1 1 1 1 1 1 1
 1 1 1 1 1 1 1 1 1 1 1 1
 1 1 1 1 1 1 1 1 1 1 1 1
 1 1 1 1 1 1 1 1 1 1 1 1
 1 1 1 1 1 1 1 1 1 1 1 1
# wt_pop
 0.000530656 0.00119633 0.00205827 0.00303499 0.00405521 0.0050647 0.00602623 0.00691692 0.00772489 0.00844611 0.00908185 0.0096367
# maturity
 0.0229774 0.320821 0.904651 0.99478 0.999739 0.999987 0.999999 1 1 1 1 1
# spawnmo
1
# age_err
 1 0 0 0 0 0 0 0 0 0 0 0
 0 1 0 0 0 0 0 0 0 0 0 0
 0 0 1 0 0 0 0 0 0 0 0 0
 0 0 0 1 0 0 0 0 0 0 0 0
 0 0 0 0 1 0 0 0 0 0 0 0
 0 0 0 0 0 1 0 0 0 0 0 0
 0 0 0 0 0 0 1 0 0 0 0 0
 0 0 0 0 0 0 0 1 0 0 0 0
 0 0 0 0 0 0 0 0 1 0 0 0
 0 0 0 0 0 0 0 0 0 1 0 0
 0 0 0 0 0 0 0 0 0 0 1 0
 0 0 0 0 0 0 0 0 0 0 0 1
# cntrlfile_name
C:\Users\bai.li\Desktop\s1_test\AMAK\s127\amak.dat
# Map shared selectivity: 
# sel_map
 1 2
 1 1
# datafile_name
amak_data.dat
# model_name
OM_1
# SrType
2
# use_age_err
0
# retro
0
# sigmarprior
0.2
# cvsigmarprior
0.25
# phase_sigmar
-3
# styr_rec_est
1
# endyr_rec_est
30
# Linfprior
80
# cvLinfprior
0.25
# kprior
0.18
# cvkprior
0.25
# Loprior
27.688
# cvLoprior
0.25
# sdageprior
0.1
# cvsdageprior
0.25
# natmortprior
0.2
# cvnatmortprior
0.25
# phase_M
-4
# npars_Mage
0
# ages_M_changes

# Mage_in

# phase_Mage
-5
# phase_rw_M
0
# npars_rw_M
0
# yrs_rw_M

# sigma_rw_M

# qprior
 3.48998e-007
# cvqprior
 1
# phase_q
 1
# q_power_prior
 1
# cvq_power_prior
 0.2
# phase_q_power
 -4
# phase_rw_q
 -1
# npars_rw_q
 0
# yrs_rw_q

# sigma_rw_q

# q_age_min
 1
# q_age_max
 12
# q_age_min
 1
# q_age_max
 12
# fsh_sel_opt(k)
2
# phase_sel_fsh(k)
-2
# n_sel_ch_fsh(k)
1
# sel_slp_in_fsh(k)(1,n_sel_ch_fsh(k))
 1
# sel_inf_in_fsh(k)(1,n_sel_ch_fsh(k))
 2
# logsel_slp_in_fsh(k)(1,n_sel_ch_fsh(k))
 0
# yrs_sel_ch_fsh(k)(1,n_sel_ch_fsh(k))
 1

Survey survey_index1
# ind_sel_opt(k)
2
# indname(k)
survey_index1
# nselages_in_ind(k)
11
# phase_sel_ind(k)
-2
# sel_change_in_ind(k)
 1 0 0 0 0 0 0 0 0 0 0 0 0 0 0 0 0 0 0 0 0 0 0 0 0 0 0 0 0 0
# n_sel_ch_ind(k)
1
# yrs_sel_ch_ind(k)(1,n_sel_ch_ind(k))
 1
# sel_slp_in_ind(k,1)
2
# sel_inf_in_ind(k,1)
1.5
# logsel_slp_in_ind(k,1)
0.693147
# logsel_slp_in_indv(k)
0.693147
survey_index1 ind sel opt 2  1 0 0 0 0 0 0 0 0 0 0 0 0 0 0 0 0 0 0 0 0 0 0 0 0 0 0 0 0 0
Phase indices Sel_Coffs:  -1
 Test: 1.23457e+008
# Fshry Selages:  11
# Srvy  Selages:  11
# Phase for age-spec fishery  -1
# Phase for logistic fishery  -2
# Phase for dble logistic fishery  -1
# Phase for age-spec indices   -1
# Phase for logistic indices   -2
# Phase for dble logistic ind  -1
# Curv_pen_fsh: 
 0
# Curv_pen_ind: 
 0
# styr_fut
31
# endyr_fut
35
# nyrs_fsh_age
 30
# nyrs_fsh_age
 30
# yrs_fsh_age
 1 2 3 4 5 6 7 8 9 10 11 12 13 14 15 16 17 18 19 20 21 22 23 24 25 26 27 28 29 30
# n_sample_fsh_age
 200 200 200 200 200 200 200 200 200 200 200 200 200 200 200 200 200 200 200 200 200 200 200 200 200 200 200 200 200 200
# oac_fsh
 0.1 0.125 0.11 0.12 0.11 0.075 0.065 0.05 0.065 0.05 0.015 0.115
 0.07 0.095 0.15 0.105 0.13 0.085 0.06 0.035 0.05 0.035 0.03 0.155
 0.035 0.16 0.11 0.175 0.09 0.08 0.1 0.055 0.025 0.02 0.04 0.11
 0.06 0.08 0.18 0.155 0.1 0.095 0.07 0.065 0.05 0.035 0.03 0.08
 0.11 0.08 0.115 0.16 0.08 0.1 0.055 0.06 0.05 0.055 0.03 0.105
 0.11 0.13 0.095 0.115 0.13 0.085 0.04 0.06 0.05 0.03 0.015 0.14
 0.065 0.145 0.19 0.155 0.1 0.095 0.065 0.035 0.02 0.015 0.015 0.1
 0.085 0.095 0.185 0.205 0.065 0.065 0.05 0.04 0.04 0.02 0.05 0.1
 0.09 0.185 0.09 0.12 0.13 0.085 0.05 0.06 0.04 0.03 0.055 0.065
 0.105 0.095 0.175 0.14 0.13 0.085 0.045 0.04 0.045 0.02 0.02 0.1
 0.08 0.14 0.13 0.15 0.145 0.095 0.095 0.03 0.015 0.015 0.025 0.08
 0.085 0.1 0.14 0.175 0.125 0.1 0.06 0.07 0.02 0.03 0.03 0.065
 0.05 0.125 0.165 0.155 0.14 0.08 0.065 0.055 0.035 0.02 0.02 0.09
 0.1 0.165 0.12 0.155 0.09 0.08 0.085 0.05 0.05 0.025 0.015 0.065
 0.075 0.17 0.18 0.12 0.11 0.14 0.07 0.04 0.01 0.045 0.005 0.035
 0.1 0.21 0.135 0.15 0.08 0.07 0.075 0.06 0.04 0.01 0.03 0.04
 0.115 0.145 0.185 0.185 0.095 0.075 0.045 0.04 0.045 0.02 0 0.05
 0.085 0.19 0.225 0.11 0.155 0.05 0.03 0.02 0.05 0.03 0.015 0.04
 0.125 0.11 0.21 0.2 0.105 0.055 0.035 0.07 0.03 0.005 0.015 0.04
 0.07 0.17 0.16 0.175 0.135 0.08 0.105 0.01 0.04 0.015 0.01 0.03
 0.155 0.17 0.2 0.095 0.14 0.09 0.04 0.025 0.005 0.025 0.02 0.035
 0.16 0.27 0.16 0.16 0.06 0.075 0.02 0.03 0.015 0.02 0.005 0.025
 0.115 0.285 0.24 0.105 0.075 0.05 0.055 0.025 0.02 0.01 0 0.02
 0.11 0.21 0.205 0.19 0.1 0.045 0.065 0.025 0.025 0 0.01 0.015
 0.12 0.18 0.195 0.17 0.15 0.075 0.025 0.03 0.03 0 0.01 0.015
 0.155 0.27 0.155 0.14 0.085 0.065 0.045 0.055 0.015 0.01 0 0.005
 0.14 0.125 0.275 0.19 0.1 0.055 0.055 0.025 0.015 0.005 0.005 0.01
 0.215 0.19 0.16 0.175 0.075 0.07 0.03 0.065 0 0 0 0.02
 0.2 0.22 0.155 0.15 0.105 0.05 0.06 0.005 0.03 0.015 0.005 0.005
 0.175 0.205 0.265 0.15 0.05 0.085 0.025 0.015 0.015 0.015 0 0
# olc_fsh

# wt_fsh
 0.000530656 0.00119633 0.00205827 0.00303499 0.00405521 0.0050647 0.00602623 0.00691692 0.00772489 0.00844611 0.00908185 0.0096367
 0.000530656 0.00119633 0.00205827 0.00303499 0.00405521 0.0050647 0.00602623 0.00691692 0.00772489 0.00844611 0.00908185 0.0096367
 0.000530656 0.00119633 0.00205827 0.00303499 0.00405521 0.0050647 0.00602623 0.00691692 0.00772489 0.00844611 0.00908185 0.0096367
 0.000530656 0.00119633 0.00205827 0.00303499 0.00405521 0.0050647 0.00602623 0.00691692 0.00772489 0.00844611 0.00908185 0.0096367
 0.000530656 0.00119633 0.00205827 0.00303499 0.00405521 0.0050647 0.00602623 0.00691692 0.00772489 0.00844611 0.00908185 0.0096367
 0.000530656 0.00119633 0.00205827 0.00303499 0.00405521 0.0050647 0.00602623 0.00691692 0.00772489 0.00844611 0.00908185 0.0096367
 0.000530656 0.00119633 0.00205827 0.00303499 0.00405521 0.0050647 0.00602623 0.00691692 0.00772489 0.00844611 0.00908185 0.0096367
 0.000530656 0.00119633 0.00205827 0.00303499 0.00405521 0.0050647 0.00602623 0.00691692 0.00772489 0.00844611 0.00908185 0.0096367
 0.000530656 0.00119633 0.00205827 0.00303499 0.00405521 0.0050647 0.00602623 0.00691692 0.00772489 0.00844611 0.00908185 0.0096367
 0.000530656 0.00119633 0.00205827 0.00303499 0.00405521 0.0050647 0.00602623 0.00691692 0.00772489 0.00844611 0.00908185 0.0096367
 0.000530656 0.00119633 0.00205827 0.00303499 0.00405521 0.0050647 0.00602623 0.00691692 0.00772489 0.00844611 0.00908185 0.0096367
 0.000530656 0.00119633 0.00205827 0.00303499 0.00405521 0.0050647 0.00602623 0.00691692 0.00772489 0.00844611 0.00908185 0.0096367
 0.000530656 0.00119633 0.00205827 0.00303499 0.00405521 0.0050647 0.00602623 0.00691692 0.00772489 0.00844611 0.00908185 0.0096367
 0.000530656 0.00119633 0.00205827 0.00303499 0.00405521 0.0050647 0.00602623 0.00691692 0.00772489 0.00844611 0.00908185 0.0096367
 0.000530656 0.00119633 0.00205827 0.00303499 0.00405521 0.0050647 0.00602623 0.00691692 0.00772489 0.00844611 0.00908185 0.0096367
 0.000530656 0.00119633 0.00205827 0.00303499 0.00405521 0.0050647 0.00602623 0.00691692 0.00772489 0.00844611 0.00908185 0.0096367
 0.000530656 0.00119633 0.00205827 0.00303499 0.00405521 0.0050647 0.00602623 0.00691692 0.00772489 0.00844611 0.00908185 0.0096367
 0.000530656 0.00119633 0.00205827 0.00303499 0.00405521 0.0050647 0.00602623 0.00691692 0.00772489 0.00844611 0.00908185 0.0096367
 0.000530656 0.00119633 0.00205827 0.00303499 0.00405521 0.0050647 0.00602623 0.00691692 0.00772489 0.00844611 0.00908185 0.0096367
 0.000530656 0.00119633 0.00205827 0.00303499 0.00405521 0.0050647 0.00602623 0.00691692 0.00772489 0.00844611 0.00908185 0.0096367
 0.000530656 0.00119633 0.00205827 0.00303499 0.00405521 0.0050647 0.00602623 0.00691692 0.00772489 0.00844611 0.00908185 0.0096367
 0.000530656 0.00119633 0.00205827 0.00303499 0.00405521 0.0050647 0.00602623 0.00691692 0.00772489 0.00844611 0.00908185 0.0096367
 0.000530656 0.00119633 0.00205827 0.00303499 0.00405521 0.0050647 0.00602623 0.00691692 0.00772489 0.00844611 0.00908185 0.0096367
 0.000530656 0.00119633 0.00205827 0.00303499 0.00405521 0.0050647 0.00602623 0.00691692 0.00772489 0.00844611 0.00908185 0.0096367
 0.000530656 0.00119633 0.00205827 0.00303499 0.00405521 0.0050647 0.00602623 0.00691692 0.00772489 0.00844611 0.00908185 0.0096367
 0.000530656 0.00119633 0.00205827 0.00303499 0.00405521 0.0050647 0.00602623 0.00691692 0.00772489 0.00844611 0.00908185 0.0096367
 0.000530656 0.00119633 0.00205827 0.00303499 0.00405521 0.0050647 0.00602623 0.00691692 0.00772489 0.00844611 0.00908185 0.0096367
 0.000530656 0.00119633 0.00205827 0.00303499 0.00405521 0.0050647 0.00602623 0.00691692 0.00772489 0.00844611 0.00908185 0.0096367
 0.000530656 0.00119633 0.00205827 0.00303499 0.00405521 0.0050647 0.00602623 0.00691692 0.00772489 0.00844611 0.00908185 0.0096367
 0.000530656 0.00119633 0.00205827 0.00303499 0.00405521 0.0050647 0.00602623 0.00691692 0.00772489 0.00844611 0.00908185 0.0096367
# nyrs_ind_age
 30
# yrs_ind_age
 1 2 3 4 5 6 7 8 9 10 11 12 13 14 15 16 17 18 19 20 21 22 23 24 25 26 27 28 29 30
# n_sample_ind_age
 200 200 200 200 200 200 200 200 200 200 200 200 200 200 200 200 200 200 200 200 200 200 200 200 200 200 200 200 200 200
# oac_ind
 0.06 0.155 0.13 0.135 0.085 0.075 0.085 0.035 0.05 0.04 0.02 0.13
 0.04 0.11 0.19 0.145 0.125 0.05 0.065 0.04 0.015 0.03 0.025 0.165
 0.045 0.155 0.125 0.125 0.15 0.09 0.05 0.055 0.03 0.02 0.035 0.12
 0.03 0.11 0.225 0.14 0.09 0.07 0.055 0.05 0.055 0.03 0.03 0.115
 0.08 0.095 0.14 0.14 0.11 0.095 0.04 0.05 0.055 0.03 0.025 0.14
 0.055 0.16 0.135 0.1 0.105 0.1 0.055 0.07 0.04 0.02 0.025 0.135
 0.04 0.165 0.21 0.08 0.115 0.12 0.055 0.04 0.035 0.025 0.02 0.095
 0.07 0.11 0.22 0.235 0.065 0.04 0.055 0.015 0.045 0.055 0.01 0.08
 0.065 0.205 0.175 0.14 0.09 0.07 0.06 0.045 0.035 0.02 0.005 0.09
 0.065 0.165 0.165 0.13 0.105 0.065 0.07 0.035 0.05 0.02 0.015 0.115
 0.08 0.145 0.115 0.14 0.12 0.08 0.105 0.03 0.025 0.04 0.015 0.105
 0.07 0.15 0.165 0.15 0.115 0.12 0.065 0.035 0.03 0.025 0.015 0.06
 0.045 0.165 0.255 0.14 0.105 0.06 0.035 0.055 0.055 0.025 0.005 0.055
 0.09 0.18 0.15 0.145 0.145 0.085 0.04 0.02 0.025 0.035 0.01 0.075
 0.08 0.255 0.245 0.07 0.09 0.055 0.03 0.055 0.035 0 0.04 0.045
 0.115 0.21 0.14 0.135 0.105 0.125 0.04 0.02 0.035 0.025 0.015 0.035
 0.11 0.21 0.165 0.14 0.135 0.075 0.03 0.015 0.035 0.03 0.01 0.045
 0.055 0.215 0.195 0.15 0.12 0.075 0.05 0.035 0.045 0.015 0.01 0.035
 0.1 0.185 0.2 0.135 0.06 0.09 0.07 0.065 0.005 0.035 0.005 0.05
 0.1 0.25 0.16 0.13 0.11 0.055 0.045 0.055 0.03 0.025 0.01 0.03
 0.16 0.175 0.215 0.085 0.12 0.075 0.045 0.05 0.025 0.005 0.015 0.03
 0.11 0.26 0.165 0.135 0.085 0.1 0.065 0.025 0.005 0.015 0 0.035
 0.1 0.245 0.265 0.095 0.11 0.065 0.035 0.025 0.015 0.025 0.005 0.015
 0.1 0.26 0.235 0.2 0.065 0.065 0.02 0.025 0.005 0 0 0.025
 0.17 0.185 0.195 0.13 0.165 0.075 0.02 0.03 0.02 0 0 0.01
 0.105 0.27 0.22 0.13 0.1 0.075 0.03 0.035 0.015 0.01 0 0.01
 0.15 0.195 0.25 0.09 0.105 0.085 0.055 0.01 0.005 0.01 0.005 0.04
 0.15 0.235 0.165 0.19 0.055 0.07 0.06 0.035 0.01 0.015 0.01 0.005
 0.165 0.27 0.245 0.105 0.11 0.03 0.02 0.02 0.015 0.015 0 0.005
 0.125 0.325 0.26 0.1 0.06 0.07 0.025 0 0.01 0.01 0 0.015
# olc_ind

# obs_lse_ind
 0.198042 0.198042 0.198042 0.198042 0.198042 0.198042 0.198042 0.198042 0.198042 0.198042 0.198042 0.198042 0.198042 0.198042 0.198042 0.198042 0.198042 0.198042 0.198042 0.198042 0.198042 0.198042 0.198042 0.198042 0.198042 0.198042 0.198042 0.198042 0.198042 0.198042
# xages_fsh
 0 0 0 0 0 0 0 0 0 0 0 0
# xages_fsh
 0 0.0909091 0.181818 0.272727 0.363636 0.454545 0.545455 0.636364 0.727273 0.818182 0.909091 1
# xnodes_fsh

Yrs fsh_sel change:  1 0 0 0 0 0 0 0 0 0 0 0 0 0 0 0 0 0 0 0 0 0 0 0 0 0 0 0 0
Yrs ind_sel change:  1 0 0 0 0 0 0 0 0 0 0 0 0 0 0 0 0 0 0 0 0 0 0 0 0 0 0 0 0
# steepnessprior
0.75
# sigmarprior
0.2
#  SSB estimated in styr endyr: -12 28 
#  Rec estimated in styr endyr: -10 30 
#  SR Curve fit  in styr endyr: 1 30 
#             Model styr endyr: 1 30 
# qprior
 3.48998e-007
# q_power_prior 
 1 
# cv_catchbiomass 
0.05 
# CatchbiomassPen 
200 
# Number of projection years 
5 
# offset_fsh
 13361.7
# offset_ind
 13115.6
Mean Catch
1276.74
R_guess 
13.8155
# nfsh
1
# n_sel_ch_fsh
 1
# nselages_fsh
 11
# phase_selcoff_fsh
 -1
logRzero 13.8155
logmeanrec 13.8155
exp(log_sigmarprior 0.2
Fish sel phase: -1 OM1
Fixing fishery sel to
1
Fixing fishery sel to
1
Srvy sel phase: -1
Fixing survey_index1 indices sel to
1
Fixing index sel to
1
# logsel_slp_in_indv
 0.693147
Leaving parameter init secton
# M
 0.2 0.2 0.2 0.2 0.2 0.2 0.2 0.2 0.2 0.2 0.2 0.2
 0.2 0.2 0.2 0.2 0.2 0.2 0.2 0.2 0.2 0.2 0.2 0.2
 0.2 0.2 0.2 0.2 0.2 0.2 0.2 0.2 0.2 0.2 0.2 0.2
 0.2 0.2 0.2 0.2 0.2 0.2 0.2 0.2 0.2 0.2 0.2 0.2
 0.2 0.2 0.2 0.2 0.2 0.2 0.2 0.2 0.2 0.2 0.2 0.2
 0.2 0.2 0.2 0.2 0.2 0.2 0.2 0.2 0.2 0.2 0.2 0.2
 0.2 0.2 0.2 0.2 0.2 0.2 0.2 0.2 0.2 0.2 0.2 0.2
 0.2 0.2 0.2 0.2 0.2 0.2 0.2 0.2 0.2 0.2 0.2 0.2
 0.2 0.2 0.2 0.2 0.2 0.2 0.2 0.2 0.2 0.2 0.2 0.2
 0.2 0.2 0.2 0.2 0.2 0.2 0.2 0.2 0.2 0.2 0.2 0.2
 0.2 0.2 0.2 0.2 0.2 0.2 0.2 0.2 0.2 0.2 0.2 0.2
 0.2 0.2 0.2 0.2 0.2 0.2 0.2 0.2 0.2 0.2 0.2 0.2
 0.2 0.2 0.2 0.2 0.2 0.2 0.2 0.2 0.2 0.2 0.2 0.2
 0.2 0.2 0.2 0.2 0.2 0.2 0.2 0.2 0.2 0.2 0.2 0.2
 0.2 0.2 0.2 0.2 0.2 0.2 0.2 0.2 0.2 0.2 0.2 0.2
 0.2 0.2 0.2 0.2 0.2 0.2 0.2 0.2 0.2 0.2 0.2 0.2
 0.2 0.2 0.2 0.2 0.2 0.2 0.2 0.2 0.2 0.2 0.2 0.2
 0.2 0.2 0.2 0.2 0.2 0.2 0.2 0.2 0.2 0.2 0.2 0.2
 0.2 0.2 0.2 0.2 0.2 0.2 0.2 0.2 0.2 0.2 0.2 0.2
 0.2 0.2 0.2 0.2 0.2 0.2 0.2 0.2 0.2 0.2 0.2 0.2
 0.2 0.2 0.2 0.2 0.2 0.2 0.2 0.2 0.2 0.2 0.2 0.2
 0.2 0.2 0.2 0.2 0.2 0.2 0.2 0.2 0.2 0.2 0.2 0.2
 0.2 0.2 0.2 0.2 0.2 0.2 0.2 0.2 0.2 0.2 0.2 0.2
 0.2 0.2 0.2 0.2 0.2 0.2 0.2 0.2 0.2 0.2 0.2 0.2
 0.2 0.2 0.2 0.2 0.2 0.2 0.2 0.2 0.2 0.2 0.2 0.2
 0.2 0.2 0.2 0.2 0.2 0.2 0.2 0.2 0.2 0.2 0.2 0.2
 0.2 0.2 0.2 0.2 0.2 0.2 0.2 0.2 0.2 0.2 0.2 0.2
 0.2 0.2 0.2 0.2 0.2 0.2 0.2 0.2 0.2 0.2 0.2 0.2
 0.2 0.2 0.2 0.2 0.2 0.2 0.2 0.2 0.2 0.2 0.2 0.2
 0.2 0.2 0.2 0.2 0.2 0.2 0.2 0.2 0.2 0.2 0.2 0.2
# mean_log_rec
13.7244
# log_Rzero
13.8102
# rec_dev
 -0.0716551 -0.149004 -0.00470317 0.0727368 -0.166624 -0.081865 0.013423 0.00766295 0.109942 0.0878913 0.160499 0.0732235 0.29613 -0.0441392 -0.0791696 0.403652 0.290937 0.0758623 0.223001 0.0748658 0.103896 0.0592486 -0.0720035 0.0270253 0.117379 -0.0269419 0.0724895 0.0785311 -0.307095 -0.0848986 -0.276905 0.172994 -0.0639991 -0.203551 -0.405685 -0.0802678 -0.476765 -0.292547 -0.0633311 -0.0573127 -0.178714
# fmort
 0.00956004 0.0278219 0.0462704 0.0631952 0.050418 0.0898511 0.0909043 0.194109 0.111906 0.136487 0.155595 0.166305 0.120559 0.17616 0.184038 0.165684 0.324719 0.26588 0.266229 0.260674 0.362768 0.259532 0.424863 0.341562 0.338683 0.310802 0.305083 0.422371 0.31795 0.480945
# rec_dev_future
 0 0 0 0 0
