AMAK;August_2013
# styr
1
# endyr
30
# rec_age
1
# oldest_age
12
# nlength
81
# len_bins
 10 11 12 13 14 15 16 17 18 19 20 21 22 23 24 25 26 27 28 29 30 31 32 33 34 35 36 37 38 39 40 41 42 43 44 45 46 47 48 49 50 51 52 53 54 55 56 57 58 59 60 61 62 63 64 65 66 67 68 69 70 71 72 73 74 75 76 77 78 79 80 81 82 83 84 85 86 87 88 89 90
# datafile_name
amak_data.dat
# model_name
OM_1
# styr
1
# endyr
30
# rec_age
1
# oldest_age
12
# nfsh
1
# fshname
OM1
# catch_bio_in
 160.959 468.247 760.108 998.669 768.39 1326.05 1281.05 2470.54 1336.15 1521.94 1620.36 1610.94 1108.29 1516.3 1495.33 1269.99 2243.91 1617.43 1468.55 1313.38 1632.46 1079.06 1622.78 1204.81 1122.38 960.745 911.984 1212.64 874.451 1267.53
# catch_bio_sd_in
 0.01 0.01 0.01 0.01 0.01 0.01 0.01 0.01 0.01 0.01 0.01 0.01 0.01 0.01 0.01 0.01 0.01 0.01 0.01 0.01 0.01 0.01 0.01 0.01 0.01 0.01 0.01 0.01 0.01 0.01
# nyrs_fsh_age
 30
# nyrs_fsh_length
 0
# yrs_fsh_age_in
 1 2 3 4 5 6 7 8 9 10 11 12 13 14 15 16 17 18 19 20 21 22 23 24 25 26 27 28 29 30
# yrs_fsh_length_in

# n_sample_fsh_length_in

# olc_fsh_in

# nind
1
# indname
survey_index1
# nyrs_ind
 30
# yrs_ind_in
 1 2 3 4 5 6 7 8 9 10 11 12 13 14 15 16 17 18 19 20 21 22 23 24 25 26 27 28 29 30
# mo_ind
 1
# obs_ind_in
 1.62908 1.48075 1.62566 1.5854 1.30074 1.31133 1.45927 1.37378 1.0975 1.29646 1.27151 0.939751 1.07093 1.06954 1.29108 0.975066 0.963011 0.910127 0.835446 0.819984 0.758387 0.807593 0.773472 0.644541 0.562931 0.495848 0.526567 0.530502 0.544855 0.498096
# obs_se_ind_in
 0.325817 0.296151 0.325131 0.317081 0.260149 0.262265 0.291854 0.274756 0.2195 0.259293 0.254303 0.18795 0.214186 0.213908 0.258215 0.195013 0.192602 0.182025 0.167089 0.163997 0.151677 0.161519 0.154694 0.128908 0.112586 0.0991696 0.105313 0.1061 0.108971 0.0996191
# nyrs_ind_age
 30
# nyrs_ind_length
 0
# yrs_ind_age_in
 1 2 3 4 5 6 7 8 9 10 11 12 13 14 15 16 17 18 19 20 21 22 23 24 25 26 27 28 29 30
# yrs_ind_length_in

# yrs_ind_age_in
 1 2 3 4 5 6 7 8 9 10 11 12 13 14 15 16 17 18 19 20 21 22 23 24 25 26 27 28 29 30
# n_sample_ind_length_in

# olc_ind_in

# oac_ind_in
 0.035 0.15 0.13 0.17 0.115 0.07 0.035 0.06 0.055 0.015 0.03 0.135
 0.065 0.16 0.11 0.145 0.105 0.09 0.06 0.05 0.025 0.03 0.02 0.14
 0.06 0.18 0.115 0.18 0.115 0.04 0.065 0.03 0.035 0.04 0.02 0.12
 0.06 0.11 0.2 0.105 0.12 0.065 0.055 0.055 0.045 0.035 0.015 0.135
 0.07 0.095 0.17 0.175 0.075 0.08 0.07 0.055 0.045 0.03 0.03 0.105
 0.055 0.17 0.12 0.095 0.135 0.07 0.07 0.055 0.025 0.03 0.04 0.135
 0.05 0.215 0.16 0.085 0.1 0.09 0.065 0.05 0.04 0.01 0.025 0.11
 0.085 0.125 0.175 0.125 0.1 0.085 0.06 0.045 0.055 0.04 0.02 0.085
 0.08 0.17 0.155 0.18 0.115 0.055 0.035 0.09 0.025 0.01 0.005 0.08
 0.08 0.14 0.195 0.145 0.085 0.105 0.035 0.06 0.045 0.015 0 0.095
 0.06 0.185 0.145 0.095 0.11 0.13 0.09 0.04 0.04 0.04 0.01 0.055
 0.06 0.135 0.235 0.1 0.115 0.035 0.085 0.105 0.01 0.02 0.015 0.085
 0.065 0.185 0.215 0.105 0.125 0.08 0.075 0.025 0.035 0.01 0.015 0.065
 0.11 0.215 0.11 0.17 0.12 0.05 0.05 0.06 0.03 0.025 0.015 0.045
 0.04 0.205 0.21 0.17 0.11 0.035 0.045 0.035 0.025 0.05 0.025 0.05
 0.105 0.14 0.22 0.11 0.12 0.05 0.06 0.04 0.045 0.025 0.02 0.065
 0.115 0.24 0.165 0.15 0.095 0.065 0.045 0.025 0.025 0.015 0.005 0.055
 0.105 0.185 0.19 0.205 0.08 0.07 0.04 0.03 0.02 0.02 0.015 0.04
 0.105 0.175 0.24 0.185 0.115 0.045 0.03 0.025 0.025 0.02 0.005 0.03
 0.12 0.215 0.155 0.16 0.115 0.08 0.045 0.035 0.015 0.015 0.02 0.025
 0.14 0.165 0.185 0.1 0.12 0.07 0.075 0.04 0.025 0.03 0.015 0.035
 0.125 0.27 0.135 0.125 0.065 0.08 0.01 0.06 0.025 0.01 0.025 0.07
 0.09 0.25 0.29 0.115 0.1 0.05 0.035 0.02 0.015 0.02 0 0.015
 0.075 0.19 0.28 0.22 0.08 0.055 0.035 0.02 0.025 0.005 0 0.015
 0.155 0.2 0.15 0.195 0.125 0.06 0.03 0.02 0.045 0 0.005 0.015
 0.08 0.305 0.185 0.135 0.105 0.08 0.035 0.03 0.015 0.005 0.015 0.01
 0.09 0.24 0.265 0.115 0.125 0.08 0.05 0.005 0.01 0.01 0.005 0.005
 0.16 0.195 0.195 0.175 0.115 0.04 0.055 0.035 0 0.02 0 0.01
 0.16 0.285 0.21 0.095 0.1 0.065 0.02 0.04 0.015 0.005 0.005 0
 0.1 0.295 0.26 0.14 0.05 0.095 0.015 0.02 0.015 0.01 0 0
# wt_ind
 1 1 1 1 1 1 1 1 1 1 1 1
 1 1 1 1 1 1 1 1 1 1 1 1
 1 1 1 1 1 1 1 1 1 1 1 1
 1 1 1 1 1 1 1 1 1 1 1 1
 1 1 1 1 1 1 1 1 1 1 1 1
 1 1 1 1 1 1 1 1 1 1 1 1
 1 1 1 1 1 1 1 1 1 1 1 1
 1 1 1 1 1 1 1 1 1 1 1 1
 1 1 1 1 1 1 1 1 1 1 1 1
 1 1 1 1 1 1 1 1 1 1 1 1
 1 1 1 1 1 1 1 1 1 1 1 1
 1 1 1 1 1 1 1 1 1 1 1 1
 1 1 1 1 1 1 1 1 1 1 1 1
 1 1 1 1 1 1 1 1 1 1 1 1
 1 1 1 1 1 1 1 1 1 1 1 1
 1 1 1 1 1 1 1 1 1 1 1 1
 1 1 1 1 1 1 1 1 1 1 1 1
 1 1 1 1 1 1 1 1 1 1 1 1
 1 1 1 1 1 1 1 1 1 1 1 1
 1 1 1 1 1 1 1 1 1 1 1 1
 1 1 1 1 1 1 1 1 1 1 1 1
 1 1 1 1 1 1 1 1 1 1 1 1
 1 1 1 1 1 1 1 1 1 1 1 1
 1 1 1 1 1 1 1 1 1 1 1 1
 1 1 1 1 1 1 1 1 1 1 1 1
 1 1 1 1 1 1 1 1 1 1 1 1
 1 1 1 1 1 1 1 1 1 1 1 1
 1 1 1 1 1 1 1 1 1 1 1 1
 1 1 1 1 1 1 1 1 1 1 1 1
 1 1 1 1 1 1 1 1 1 1 1 1
# wt_pop
 0.000530656 0.00119633 0.00205827 0.00303499 0.00405521 0.0050647 0.00602623 0.00691692 0.00772489 0.00844611 0.00908185 0.0096367
# maturity
 0.0229774 0.320821 0.904651 0.99478 0.999739 0.999987 0.999999 1 1 1 1 1
# spawnmo
1
# age_err
 1 0 0 0 0 0 0 0 0 0 0 0
 0 1 0 0 0 0 0 0 0 0 0 0
 0 0 1 0 0 0 0 0 0 0 0 0
 0 0 0 1 0 0 0 0 0 0 0 0
 0 0 0 0 1 0 0 0 0 0 0 0
 0 0 0 0 0 1 0 0 0 0 0 0
 0 0 0 0 0 0 1 0 0 0 0 0
 0 0 0 0 0 0 0 1 0 0 0 0
 0 0 0 0 0 0 0 0 1 0 0 0
 0 0 0 0 0 0 0 0 0 1 0 0
 0 0 0 0 0 0 0 0 0 0 1 0
 0 0 0 0 0 0 0 0 0 0 0 1
# cntrlfile_name
C:\Users\bai.li\Desktop\s1_test\AMAK\s4\amak.dat
# Map shared selectivity: 
# sel_map
 1 2
 1 1
# datafile_name
amak_data.dat
# model_name
OM_1
# SrType
2
# use_age_err
0
# retro
0
# sigmarprior
0.2
# cvsigmarprior
0.25
# phase_sigmar
-3
# styr_rec_est
1
# endyr_rec_est
30
# Linfprior
80
# cvLinfprior
0.25
# kprior
0.18
# cvkprior
0.25
# Loprior
27.688
# cvLoprior
0.25
# sdageprior
0.1
# cvsdageprior
0.25
# natmortprior
0.2
# cvnatmortprior
0.25
# phase_M
-4
# npars_Mage
0
# ages_M_changes

# Mage_in

# phase_Mage
-5
# phase_rw_M
0
# npars_rw_M
0
# yrs_rw_M

# sigma_rw_M

# qprior
 3.48998e-007
# cvqprior
 1
# phase_q
 1
# q_power_prior
 1
# cvq_power_prior
 0.2
# phase_q_power
 -4
# phase_rw_q
 -1
# npars_rw_q
 0
# yrs_rw_q

# sigma_rw_q

# q_age_min
 1
# q_age_max
 12
# q_age_min
 1
# q_age_max
 12
# fsh_sel_opt(k)
2
# phase_sel_fsh(k)
-2
# n_sel_ch_fsh(k)
1
# sel_slp_in_fsh(k)(1,n_sel_ch_fsh(k))
 1
# sel_inf_in_fsh(k)(1,n_sel_ch_fsh(k))
 2
# logsel_slp_in_fsh(k)(1,n_sel_ch_fsh(k))
 0
# yrs_sel_ch_fsh(k)(1,n_sel_ch_fsh(k))
 1

Survey survey_index1
# ind_sel_opt(k)
2
# indname(k)
survey_index1
# nselages_in_ind(k)
11
# phase_sel_ind(k)
-2
# sel_change_in_ind(k)
 1 0 0 0 0 0 0 0 0 0 0 0 0 0 0 0 0 0 0 0 0 0 0 0 0 0 0 0 0 0
# n_sel_ch_ind(k)
1
# yrs_sel_ch_ind(k)(1,n_sel_ch_ind(k))
 1
# sel_slp_in_ind(k,1)
2
# sel_inf_in_ind(k,1)
1.5
# logsel_slp_in_ind(k,1)
0.693147
# logsel_slp_in_indv(k)
0.693147
survey_index1 ind sel opt 2  1 0 0 0 0 0 0 0 0 0 0 0 0 0 0 0 0 0 0 0 0 0 0 0 0 0 0 0 0 0
Phase indices Sel_Coffs:  -1
 Test: 1.23457e+008
# Fshry Selages:  11
# Srvy  Selages:  11
# Phase for age-spec fishery  -1
# Phase for logistic fishery  -2
# Phase for dble logistic fishery  -1
# Phase for age-spec indices   -1
# Phase for logistic indices   -2
# Phase for dble logistic ind  -1
# Curv_pen_fsh: 
 0
# Curv_pen_ind: 
 0
# styr_fut
31
# endyr_fut
35
# nyrs_fsh_age
 30
# nyrs_fsh_age
 30
# yrs_fsh_age
 1 2 3 4 5 6 7 8 9 10 11 12 13 14 15 16 17 18 19 20 21 22 23 24 25 26 27 28 29 30
# n_sample_fsh_age
 200 200 200 200 200 200 200 200 200 200 200 200 200 200 200 200 200 200 200 200 200 200 200 200 200 200 200 200 200 200
# oac_fsh
 0.09 0.085 0.14 0.11 0.06 0.09 0.09 0.08 0.045 0.07 0.025 0.115
 0.065 0.095 0.095 0.16 0.095 0.105 0.095 0.075 0.03 0.015 0.02 0.15
 0.035 0.14 0.15 0.09 0.115 0.08 0.085 0.1 0.065 0.03 0.025 0.085
 0.06 0.115 0.135 0.11 0.075 0.095 0.05 0.075 0.035 0.055 0.03 0.165
 0.08 0.095 0.095 0.115 0.085 0.095 0.07 0.08 0.045 0.045 0.05 0.145
 0.095 0.13 0.09 0.125 0.1 0.05 0.085 0.03 0.05 0.06 0.03 0.155
 0.055 0.175 0.195 0.095 0.055 0.085 0.07 0.055 0.05 0.035 0.02 0.11
 0.09 0.105 0.165 0.16 0.045 0.085 0.08 0.04 0.04 0.045 0.02 0.125
 0.075 0.11 0.135 0.14 0.145 0.065 0.05 0.085 0.025 0.015 0.03 0.125
 0.105 0.095 0.12 0.16 0.155 0.11 0.04 0.02 0.055 0.015 0.01 0.115
 0.14 0.125 0.095 0.155 0.105 0.1 0.085 0.06 0.01 0.035 0.01 0.08
 0.06 0.125 0.225 0.135 0.11 0.07 0.06 0.06 0.02 0.015 0.025 0.095
 0.13 0.125 0.15 0.14 0.115 0.085 0.06 0.06 0.025 0 0 0.11
 0.09 0.135 0.14 0.15 0.09 0.1 0.075 0.08 0.035 0.025 0 0.08
 0.07 0.155 0.14 0.125 0.14 0.075 0.055 0.08 0.045 0.02 0.03 0.065
 0.11 0.145 0.245 0.13 0.12 0.07 0.035 0.025 0.025 0.035 0.015 0.045
 0.085 0.16 0.175 0.16 0.09 0.065 0.055 0.075 0.03 0.03 0.01 0.065
 0.095 0.205 0.24 0.155 0.08 0.075 0.05 0.015 0.02 0.005 0.01 0.05
 0.17 0.155 0.16 0.195 0.075 0.085 0.03 0.04 0.025 0.005 0.015 0.045
 0.09 0.18 0.165 0.175 0.15 0.08 0.05 0.035 0.01 0.02 0.02 0.025
 0.215 0.14 0.17 0.095 0.12 0.09 0.025 0.055 0.02 0.02 0.01 0.04
 0.17 0.21 0.175 0.16 0.065 0.065 0.065 0.01 0.015 0.03 0.01 0.025
 0.11 0.195 0.24 0.1 0.115 0.09 0.065 0.04 0.005 0.02 0.01 0.01
 0.085 0.23 0.195 0.17 0.11 0.06 0.05 0.04 0.02 0.02 0.01 0.01
 0.175 0.185 0.155 0.125 0.17 0.085 0.025 0.01 0.02 0.015 0.01 0.025
 0.13 0.225 0.18 0.145 0.125 0.08 0.055 0.015 0.02 0 0.01 0.015
 0.14 0.19 0.24 0.13 0.09 0.105 0.05 0.015 0.03 0.01 0 0
 0.175 0.205 0.175 0.22 0.04 0.07 0.04 0.015 0.01 0.015 0 0.035
 0.26 0.18 0.185 0.155 0.11 0.055 0.025 0.01 0.005 0.005 0.005 0.005
 0.17 0.295 0.185 0.155 0.05 0.055 0.035 0.025 0.01 0.01 0.005 0.005
# olc_fsh

# wt_fsh
 0.000530656 0.00119633 0.00205827 0.00303499 0.00405521 0.0050647 0.00602623 0.00691692 0.00772489 0.00844611 0.00908185 0.0096367
 0.000530656 0.00119633 0.00205827 0.00303499 0.00405521 0.0050647 0.00602623 0.00691692 0.00772489 0.00844611 0.00908185 0.0096367
 0.000530656 0.00119633 0.00205827 0.00303499 0.00405521 0.0050647 0.00602623 0.00691692 0.00772489 0.00844611 0.00908185 0.0096367
 0.000530656 0.00119633 0.00205827 0.00303499 0.00405521 0.0050647 0.00602623 0.00691692 0.00772489 0.00844611 0.00908185 0.0096367
 0.000530656 0.00119633 0.00205827 0.00303499 0.00405521 0.0050647 0.00602623 0.00691692 0.00772489 0.00844611 0.00908185 0.0096367
 0.000530656 0.00119633 0.00205827 0.00303499 0.00405521 0.0050647 0.00602623 0.00691692 0.00772489 0.00844611 0.00908185 0.0096367
 0.000530656 0.00119633 0.00205827 0.00303499 0.00405521 0.0050647 0.00602623 0.00691692 0.00772489 0.00844611 0.00908185 0.0096367
 0.000530656 0.00119633 0.00205827 0.00303499 0.00405521 0.0050647 0.00602623 0.00691692 0.00772489 0.00844611 0.00908185 0.0096367
 0.000530656 0.00119633 0.00205827 0.00303499 0.00405521 0.0050647 0.00602623 0.00691692 0.00772489 0.00844611 0.00908185 0.0096367
 0.000530656 0.00119633 0.00205827 0.00303499 0.00405521 0.0050647 0.00602623 0.00691692 0.00772489 0.00844611 0.00908185 0.0096367
 0.000530656 0.00119633 0.00205827 0.00303499 0.00405521 0.0050647 0.00602623 0.00691692 0.00772489 0.00844611 0.00908185 0.0096367
 0.000530656 0.00119633 0.00205827 0.00303499 0.00405521 0.0050647 0.00602623 0.00691692 0.00772489 0.00844611 0.00908185 0.0096367
 0.000530656 0.00119633 0.00205827 0.00303499 0.00405521 0.0050647 0.00602623 0.00691692 0.00772489 0.00844611 0.00908185 0.0096367
 0.000530656 0.00119633 0.00205827 0.00303499 0.00405521 0.0050647 0.00602623 0.00691692 0.00772489 0.00844611 0.00908185 0.0096367
 0.000530656 0.00119633 0.00205827 0.00303499 0.00405521 0.0050647 0.00602623 0.00691692 0.00772489 0.00844611 0.00908185 0.0096367
 0.000530656 0.00119633 0.00205827 0.00303499 0.00405521 0.0050647 0.00602623 0.00691692 0.00772489 0.00844611 0.00908185 0.0096367
 0.000530656 0.00119633 0.00205827 0.00303499 0.00405521 0.0050647 0.00602623 0.00691692 0.00772489 0.00844611 0.00908185 0.0096367
 0.000530656 0.00119633 0.00205827 0.00303499 0.00405521 0.0050647 0.00602623 0.00691692 0.00772489 0.00844611 0.00908185 0.0096367
 0.000530656 0.00119633 0.00205827 0.00303499 0.00405521 0.0050647 0.00602623 0.00691692 0.00772489 0.00844611 0.00908185 0.0096367
 0.000530656 0.00119633 0.00205827 0.00303499 0.00405521 0.0050647 0.00602623 0.00691692 0.00772489 0.00844611 0.00908185 0.0096367
 0.000530656 0.00119633 0.00205827 0.00303499 0.00405521 0.0050647 0.00602623 0.00691692 0.00772489 0.00844611 0.00908185 0.0096367
 0.000530656 0.00119633 0.00205827 0.00303499 0.00405521 0.0050647 0.00602623 0.00691692 0.00772489 0.00844611 0.00908185 0.0096367
 0.000530656 0.00119633 0.00205827 0.00303499 0.00405521 0.0050647 0.00602623 0.00691692 0.00772489 0.00844611 0.00908185 0.0096367
 0.000530656 0.00119633 0.00205827 0.00303499 0.00405521 0.0050647 0.00602623 0.00691692 0.00772489 0.00844611 0.00908185 0.0096367
 0.000530656 0.00119633 0.00205827 0.00303499 0.00405521 0.0050647 0.00602623 0.00691692 0.00772489 0.00844611 0.00908185 0.0096367
 0.000530656 0.00119633 0.00205827 0.00303499 0.00405521 0.0050647 0.00602623 0.00691692 0.00772489 0.00844611 0.00908185 0.0096367
 0.000530656 0.00119633 0.00205827 0.00303499 0.00405521 0.0050647 0.00602623 0.00691692 0.00772489 0.00844611 0.00908185 0.0096367
 0.000530656 0.00119633 0.00205827 0.00303499 0.00405521 0.0050647 0.00602623 0.00691692 0.00772489 0.00844611 0.00908185 0.0096367
 0.000530656 0.00119633 0.00205827 0.00303499 0.00405521 0.0050647 0.00602623 0.00691692 0.00772489 0.00844611 0.00908185 0.0096367
 0.000530656 0.00119633 0.00205827 0.00303499 0.00405521 0.0050647 0.00602623 0.00691692 0.00772489 0.00844611 0.00908185 0.0096367
# nyrs_ind_age
 30
# yrs_ind_age
 1 2 3 4 5 6 7 8 9 10 11 12 13 14 15 16 17 18 19 20 21 22 23 24 25 26 27 28 29 30
# n_sample_ind_age
 200 200 200 200 200 200 200 200 200 200 200 200 200 200 200 200 200 200 200 200 200 200 200 200 200 200 200 200 200 200
# oac_ind
 0.035 0.15 0.13 0.17 0.115 0.07 0.035 0.06 0.055 0.015 0.03 0.135
 0.065 0.16 0.11 0.145 0.105 0.09 0.06 0.05 0.025 0.03 0.02 0.14
 0.06 0.18 0.115 0.18 0.115 0.04 0.065 0.03 0.035 0.04 0.02 0.12
 0.06 0.11 0.2 0.105 0.12 0.065 0.055 0.055 0.045 0.035 0.015 0.135
 0.07 0.095 0.17 0.175 0.075 0.08 0.07 0.055 0.045 0.03 0.03 0.105
 0.055 0.17 0.12 0.095 0.135 0.07 0.07 0.055 0.025 0.03 0.04 0.135
 0.05 0.215 0.16 0.085 0.1 0.09 0.065 0.05 0.04 0.01 0.025 0.11
 0.085 0.125 0.175 0.125 0.1 0.085 0.06 0.045 0.055 0.04 0.02 0.085
 0.08 0.17 0.155 0.18 0.115 0.055 0.035 0.09 0.025 0.01 0.005 0.08
 0.08 0.14 0.195 0.145 0.085 0.105 0.035 0.06 0.045 0.015 0 0.095
 0.06 0.185 0.145 0.095 0.11 0.13 0.09 0.04 0.04 0.04 0.01 0.055
 0.06 0.135 0.235 0.1 0.115 0.035 0.085 0.105 0.01 0.02 0.015 0.085
 0.065 0.185 0.215 0.105 0.125 0.08 0.075 0.025 0.035 0.01 0.015 0.065
 0.11 0.215 0.11 0.17 0.12 0.05 0.05 0.06 0.03 0.025 0.015 0.045
 0.04 0.205 0.21 0.17 0.11 0.035 0.045 0.035 0.025 0.05 0.025 0.05
 0.105 0.14 0.22 0.11 0.12 0.05 0.06 0.04 0.045 0.025 0.02 0.065
 0.115 0.24 0.165 0.15 0.095 0.065 0.045 0.025 0.025 0.015 0.005 0.055
 0.105 0.185 0.19 0.205 0.08 0.07 0.04 0.03 0.02 0.02 0.015 0.04
 0.105 0.175 0.24 0.185 0.115 0.045 0.03 0.025 0.025 0.02 0.005 0.03
 0.12 0.215 0.155 0.16 0.115 0.08 0.045 0.035 0.015 0.015 0.02 0.025
 0.14 0.165 0.185 0.1 0.12 0.07 0.075 0.04 0.025 0.03 0.015 0.035
 0.125 0.27 0.135 0.125 0.065 0.08 0.01 0.06 0.025 0.01 0.025 0.07
 0.09 0.25 0.29 0.115 0.1 0.05 0.035 0.02 0.015 0.02 0 0.015
 0.075 0.19 0.28 0.22 0.08 0.055 0.035 0.02 0.025 0.005 0 0.015
 0.155 0.2 0.15 0.195 0.125 0.06 0.03 0.02 0.045 0 0.005 0.015
 0.08 0.305 0.185 0.135 0.105 0.08 0.035 0.03 0.015 0.005 0.015 0.01
 0.09 0.24 0.265 0.115 0.125 0.08 0.05 0.005 0.01 0.01 0.005 0.005
 0.16 0.195 0.195 0.175 0.115 0.04 0.055 0.035 0 0.02 0 0.01
 0.16 0.285 0.21 0.095 0.1 0.065 0.02 0.04 0.015 0.005 0.005 0
 0.1 0.295 0.26 0.14 0.05 0.095 0.015 0.02 0.015 0.01 0 0
# olc_ind

# obs_lse_ind
 0.198042 0.198042 0.198042 0.198042 0.198042 0.198042 0.198042 0.198042 0.198042 0.198042 0.198042 0.198042 0.198042 0.198042 0.198042 0.198042 0.198042 0.198042 0.198042 0.198042 0.198042 0.198042 0.198042 0.198042 0.198042 0.198042 0.198042 0.198042 0.198042 0.198042
# xages_fsh
 0 0 0 0 0 0 0 0 0 0 0 0
# xages_fsh
 0 0.0909091 0.181818 0.272727 0.363636 0.454545 0.545455 0.636364 0.727273 0.818182 0.909091 1
# xnodes_fsh

Yrs fsh_sel change:  1 0 0 0 0 0 0 0 0 0 0 0 0 0 0 0 0 0 0 0 0 0 0 0 0 0 0 0 0
Yrs ind_sel change:  1 0 0 0 0 0 0 0 0 0 0 0 0 0 0 0 0 0 0 0 0 0 0 0 0 0 0 0 0
# steepnessprior
0.75
# sigmarprior
0.2
#  SSB estimated in styr endyr: -12 28 
#  Rec estimated in styr endyr: -10 30 
#  SR Curve fit  in styr endyr: 1 30 
#             Model styr endyr: 1 30 
# qprior
 3.48998e-007
# q_power_prior 
 1 
# cv_catchbiomass 
0.05 
# CatchbiomassPen 
200 
# Number of projection years 
5 
# offset_fsh
 13406
# offset_ind
 13145.4
Mean Catch
1274.85
R_guess 
13.8155
# nfsh
1
# n_sel_ch_fsh
 1
# nselages_fsh
 11
# phase_selcoff_fsh
 -1
logRzero 13.8155
logmeanrec 13.8155
exp(log_sigmarprior 0.2
Fish sel phase: -1 OM1
Fixing fishery sel to
1
Fixing fishery sel to
1
Srvy sel phase: -1
Fixing survey_index1 indices sel to
1
Fixing index sel to
1
# logsel_slp_in_indv
 0.693147
Leaving parameter init secton
# M
 0.2 0.2 0.2 0.2 0.2 0.2 0.2 0.2 0.2 0.2 0.2 0.2
 0.2 0.2 0.2 0.2 0.2 0.2 0.2 0.2 0.2 0.2 0.2 0.2
 0.2 0.2 0.2 0.2 0.2 0.2 0.2 0.2 0.2 0.2 0.2 0.2
 0.2 0.2 0.2 0.2 0.2 0.2 0.2 0.2 0.2 0.2 0.2 0.2
 0.2 0.2 0.2 0.2 0.2 0.2 0.2 0.2 0.2 0.2 0.2 0.2
 0.2 0.2 0.2 0.2 0.2 0.2 0.2 0.2 0.2 0.2 0.2 0.2
 0.2 0.2 0.2 0.2 0.2 0.2 0.2 0.2 0.2 0.2 0.2 0.2
 0.2 0.2 0.2 0.2 0.2 0.2 0.2 0.2 0.2 0.2 0.2 0.2
 0.2 0.2 0.2 0.2 0.2 0.2 0.2 0.2 0.2 0.2 0.2 0.2
 0.2 0.2 0.2 0.2 0.2 0.2 0.2 0.2 0.2 0.2 0.2 0.2
 0.2 0.2 0.2 0.2 0.2 0.2 0.2 0.2 0.2 0.2 0.2 0.2
 0.2 0.2 0.2 0.2 0.2 0.2 0.2 0.2 0.2 0.2 0.2 0.2
 0.2 0.2 0.2 0.2 0.2 0.2 0.2 0.2 0.2 0.2 0.2 0.2
 0.2 0.2 0.2 0.2 0.2 0.2 0.2 0.2 0.2 0.2 0.2 0.2
 0.2 0.2 0.2 0.2 0.2 0.2 0.2 0.2 0.2 0.2 0.2 0.2
 0.2 0.2 0.2 0.2 0.2 0.2 0.2 0.2 0.2 0.2 0.2 0.2
 0.2 0.2 0.2 0.2 0.2 0.2 0.2 0.2 0.2 0.2 0.2 0.2
 0.2 0.2 0.2 0.2 0.2 0.2 0.2 0.2 0.2 0.2 0.2 0.2
 0.2 0.2 0.2 0.2 0.2 0.2 0.2 0.2 0.2 0.2 0.2 0.2
 0.2 0.2 0.2 0.2 0.2 0.2 0.2 0.2 0.2 0.2 0.2 0.2
 0.2 0.2 0.2 0.2 0.2 0.2 0.2 0.2 0.2 0.2 0.2 0.2
 0.2 0.2 0.2 0.2 0.2 0.2 0.2 0.2 0.2 0.2 0.2 0.2
 0.2 0.2 0.2 0.2 0.2 0.2 0.2 0.2 0.2 0.2 0.2 0.2
 0.2 0.2 0.2 0.2 0.2 0.2 0.2 0.2 0.2 0.2 0.2 0.2
 0.2 0.2 0.2 0.2 0.2 0.2 0.2 0.2 0.2 0.2 0.2 0.2
 0.2 0.2 0.2 0.2 0.2 0.2 0.2 0.2 0.2 0.2 0.2 0.2
 0.2 0.2 0.2 0.2 0.2 0.2 0.2 0.2 0.2 0.2 0.2 0.2
 0.2 0.2 0.2 0.2 0.2 0.2 0.2 0.2 0.2 0.2 0.2 0.2
 0.2 0.2 0.2 0.2 0.2 0.2 0.2 0.2 0.2 0.2 0.2 0.2
 0.2 0.2 0.2 0.2 0.2 0.2 0.2 0.2 0.2 0.2 0.2 0.2
# mean_log_rec
13.7738
# log_Rzero
13.8024
# rec_dev
 -0.0284969 -0.020359 -0.0390381 -0.0606844 -0.0306143 0.112827 0.0734188 0.085489 -0.000118688 0.120776 0.0270028 -0.0299261 0.273517 -0.0660841 -0.200707 0.303282 0.297618 0.0657974 0.0963455 -0.0927976 0.0573859 0.0101197 -0.0983746 -0.0532864 0.0634321 -0.0698753 0.104302 0.0124958 -0.296793 -0.138041 -0.329957 0.0795967 -0.0816992 -0.365514 -0.485583 -0.143911 -0.496346 -0.407994 -0.248369 -0.0442718 -0.342815
# fmort
 0.00894361 0.0263068 0.0438279 0.0599671 0.0480739 0.0869394 0.0886606 0.186473 0.110623 0.133939 0.153863 0.166167 0.121361 0.175206 0.185824 0.166478 0.3242 0.266347 0.265023 0.257868 0.356933 0.255894 0.414836 0.344023 0.346198 0.313998 0.307175 0.439418 0.335978 0.510549
# rec_dev_future
 0 0 0 0 0
