AMAK;August_2013
# styr
1
# endyr
30
# rec_age
1
# oldest_age
12
# nlength
81
# len_bins
 10 11 12 13 14 15 16 17 18 19 20 21 22 23 24 25 26 27 28 29 30 31 32 33 34 35 36 37 38 39 40 41 42 43 44 45 46 47 48 49 50 51 52 53 54 55 56 57 58 59 60 61 62 63 64 65 66 67 68 69 70 71 72 73 74 75 76 77 78 79 80 81 82 83 84 85 86 87 88 89 90
# datafile_name
amak_data.dat
# model_name
OM_1
# styr
1
# endyr
30
# rec_age
1
# oldest_age
12
# nfsh
1
# fshname
OM1
# catch_bio_in
 161.043 467.938 765.633 1003.22 765.307 1320.56 1283.58 2472.07 1318.29 1528.77 1619.31 1596.01 1106.37 1544.79 1515.89 1272.09 2248.33 1617.32 1453.12 1319.99 1618.69 1076.23 1616.81 1208.08 1119.77 968.895 933.867 1202.6 872.822 1274.01
# catch_bio_sd_in
 0.01 0.01 0.01 0.01 0.01 0.01 0.01 0.01 0.01 0.01 0.01 0.01 0.01 0.01 0.01 0.01 0.01 0.01 0.01 0.01 0.01 0.01 0.01 0.01 0.01 0.01 0.01 0.01 0.01 0.01
# nyrs_fsh_age
 30
# nyrs_fsh_length
 0
# yrs_fsh_age_in
 1 2 3 4 5 6 7 8 9 10 11 12 13 14 15 16 17 18 19 20 21 22 23 24 25 26 27 28 29 30
# yrs_fsh_length_in

# n_sample_fsh_length_in

# olc_fsh_in

# nind
1
# indname
survey_index1
# nyrs_ind
 30
# yrs_ind_in
 1 2 3 4 5 6 7 8 9 10 11 12 13 14 15 16 17 18 19 20 21 22 23 24 25 26 27 28 29 30
# mo_ind
 1
# obs_ind_in
 1.51741 1.39207 1.57401 1.62386 1.329 1.45751 1.42605 1.59018 1.07312 1.1321 1.319 1.07447 0.986166 1.10576 0.956565 0.926712 1.09148 0.961975 0.754961 0.695733 0.660811 0.614393 0.74809 0.63883 0.542446 0.56593 0.608197 0.538028 0.485647 0.548993
# obs_se_ind_in
 0.303481 0.278413 0.314802 0.324772 0.2658 0.291502 0.28521 0.318037 0.214624 0.226419 0.2638 0.214894 0.197233 0.221152 0.191313 0.185342 0.218297 0.192395 0.150992 0.139147 0.132162 0.122879 0.149618 0.127766 0.108489 0.113186 0.121639 0.107606 0.0971294 0.109799
# nyrs_ind_age
 30
# nyrs_ind_length
 0
# yrs_ind_age_in
 1 2 3 4 5 6 7 8 9 10 11 12 13 14 15 16 17 18 19 20 21 22 23 24 25 26 27 28 29 30
# yrs_ind_length_in

# yrs_ind_age_in
 1 2 3 4 5 6 7 8 9 10 11 12 13 14 15 16 17 18 19 20 21 22 23 24 25 26 27 28 29 30
# n_sample_ind_length_in

# olc_ind_in

# oac_ind_in
 0.075 0.13 0.2 0.115 0.07 0.08 0.055 0.045 0.055 0.04 0.015 0.12
 0.115 0.15 0.16 0.095 0.08 0.095 0.06 0.035 0.03 0.05 0.03 0.1
 0.055 0.155 0.11 0.125 0.105 0.065 0.05 0.08 0.045 0.02 0.065 0.125
 0.055 0.1 0.265 0.11 0.105 0.08 0.04 0.05 0.055 0.03 0.01 0.1
 0.095 0.15 0.135 0.07 0.095 0.11 0.085 0.07 0.035 0.045 0.025 0.085
 0.07 0.18 0.115 0.08 0.125 0.09 0.07 0.05 0.025 0.035 0.035 0.125
 0.095 0.205 0.145 0.05 0.08 0.1 0.05 0.05 0.05 0.03 0 0.145
 0.065 0.135 0.195 0.125 0.08 0.08 0.065 0.07 0.07 0.015 0.02 0.08
 0.06 0.18 0.185 0.18 0.105 0.04 0.03 0.045 0.025 0.045 0.03 0.075
 0.09 0.13 0.16 0.13 0.125 0.12 0.08 0.03 0.025 0.03 0.015 0.065
 0.105 0.165 0.175 0.11 0.09 0.11 0.06 0.04 0.015 0.035 0.005 0.09
 0.06 0.23 0.16 0.145 0.11 0.065 0.09 0.045 0.015 0.005 0.03 0.045
 0.07 0.135 0.21 0.17 0.065 0.07 0.05 0.065 0.02 0.025 0.015 0.105
 0.085 0.225 0.135 0.165 0.11 0.055 0.06 0.04 0.01 0.03 0.02 0.065
 0.09 0.22 0.155 0.125 0.12 0.075 0.035 0.065 0.005 0.03 0.035 0.045
 0.13 0.15 0.195 0.15 0.055 0.05 0.045 0.05 0.045 0.035 0.025 0.07
 0.11 0.215 0.14 0.165 0.08 0.05 0.045 0.04 0.03 0.035 0.005 0.085
 0.065 0.25 0.18 0.14 0.08 0.045 0.05 0.02 0.06 0.045 0.01 0.055
 0.09 0.155 0.235 0.165 0.105 0.05 0.035 0.05 0.045 0.025 0 0.045
 0.065 0.27 0.14 0.175 0.105 0.085 0.035 0.04 0.025 0.015 0.01 0.035
 0.115 0.15 0.24 0.16 0.11 0.09 0.035 0.025 0.025 0 0.005 0.045
 0.125 0.27 0.135 0.125 0.115 0.075 0.065 0.015 0.02 0.005 0.005 0.045
 0.095 0.25 0.275 0.11 0.13 0.025 0.055 0.025 0.015 0 0 0.02
 0.095 0.27 0.21 0.205 0.065 0.035 0.035 0.03 0.01 0.015 0.005 0.025
 0.14 0.175 0.19 0.21 0.135 0.05 0.055 0.01 0.01 0.015 0 0.01
 0.08 0.315 0.16 0.16 0.135 0.07 0.025 0.015 0.01 0.01 0 0.02
 0.14 0.25 0.26 0.12 0.07 0.06 0.045 0.015 0.02 0.005 0 0.015
 0.145 0.18 0.235 0.215 0.08 0.065 0.03 0.03 0 0.01 0 0.01
 0.145 0.335 0.19 0.1 0.115 0.03 0.02 0.045 0.01 0.005 0 0.005
 0.09 0.285 0.27 0.16 0.065 0.06 0.005 0.02 0.02 0.015 0 0.01
# wt_ind
 1 1 1 1 1 1 1 1 1 1 1 1
 1 1 1 1 1 1 1 1 1 1 1 1
 1 1 1 1 1 1 1 1 1 1 1 1
 1 1 1 1 1 1 1 1 1 1 1 1
 1 1 1 1 1 1 1 1 1 1 1 1
 1 1 1 1 1 1 1 1 1 1 1 1
 1 1 1 1 1 1 1 1 1 1 1 1
 1 1 1 1 1 1 1 1 1 1 1 1
 1 1 1 1 1 1 1 1 1 1 1 1
 1 1 1 1 1 1 1 1 1 1 1 1
 1 1 1 1 1 1 1 1 1 1 1 1
 1 1 1 1 1 1 1 1 1 1 1 1
 1 1 1 1 1 1 1 1 1 1 1 1
 1 1 1 1 1 1 1 1 1 1 1 1
 1 1 1 1 1 1 1 1 1 1 1 1
 1 1 1 1 1 1 1 1 1 1 1 1
 1 1 1 1 1 1 1 1 1 1 1 1
 1 1 1 1 1 1 1 1 1 1 1 1
 1 1 1 1 1 1 1 1 1 1 1 1
 1 1 1 1 1 1 1 1 1 1 1 1
 1 1 1 1 1 1 1 1 1 1 1 1
 1 1 1 1 1 1 1 1 1 1 1 1
 1 1 1 1 1 1 1 1 1 1 1 1
 1 1 1 1 1 1 1 1 1 1 1 1
 1 1 1 1 1 1 1 1 1 1 1 1
 1 1 1 1 1 1 1 1 1 1 1 1
 1 1 1 1 1 1 1 1 1 1 1 1
 1 1 1 1 1 1 1 1 1 1 1 1
 1 1 1 1 1 1 1 1 1 1 1 1
 1 1 1 1 1 1 1 1 1 1 1 1
# wt_pop
 0.000530656 0.00119633 0.00205827 0.00303499 0.00405521 0.0050647 0.00602623 0.00691692 0.00772489 0.00844611 0.00908185 0.0096367
# maturity
 0.0229774 0.320821 0.904651 0.99478 0.999739 0.999987 0.999999 1 1 1 1 1
# spawnmo
1
# age_err
 1 0 0 0 0 0 0 0 0 0 0 0
 0 1 0 0 0 0 0 0 0 0 0 0
 0 0 1 0 0 0 0 0 0 0 0 0
 0 0 0 1 0 0 0 0 0 0 0 0
 0 0 0 0 1 0 0 0 0 0 0 0
 0 0 0 0 0 1 0 0 0 0 0 0
 0 0 0 0 0 0 1 0 0 0 0 0
 0 0 0 0 0 0 0 1 0 0 0 0
 0 0 0 0 0 0 0 0 1 0 0 0
 0 0 0 0 0 0 0 0 0 1 0 0
 0 0 0 0 0 0 0 0 0 0 1 0
 0 0 0 0 0 0 0 0 0 0 0 1
# cntrlfile_name
C:\Users\bai.li\Desktop\s1_test\AMAK\s147\amak.dat
# Map shared selectivity: 
# sel_map
 1 2
 1 1
# datafile_name
amak_data.dat
# model_name
OM_1
# SrType
2
# use_age_err
0
# retro
0
# sigmarprior
0.2
# cvsigmarprior
0.25
# phase_sigmar
-3
# styr_rec_est
1
# endyr_rec_est
30
# Linfprior
80
# cvLinfprior
0.25
# kprior
0.18
# cvkprior
0.25
# Loprior
27.688
# cvLoprior
0.25
# sdageprior
0.1
# cvsdageprior
0.25
# natmortprior
0.2
# cvnatmortprior
0.25
# phase_M
-4
# npars_Mage
0
# ages_M_changes

# Mage_in

# phase_Mage
-5
# phase_rw_M
0
# npars_rw_M
0
# yrs_rw_M

# sigma_rw_M

# qprior
 3.48998e-007
# cvqprior
 1
# phase_q
 1
# q_power_prior
 1
# cvq_power_prior
 0.2
# phase_q_power
 -4
# phase_rw_q
 -1
# npars_rw_q
 0
# yrs_rw_q

# sigma_rw_q

# q_age_min
 1
# q_age_max
 12
# q_age_min
 1
# q_age_max
 12
# fsh_sel_opt(k)
2
# phase_sel_fsh(k)
-2
# n_sel_ch_fsh(k)
1
# sel_slp_in_fsh(k)(1,n_sel_ch_fsh(k))
 1
# sel_inf_in_fsh(k)(1,n_sel_ch_fsh(k))
 2
# logsel_slp_in_fsh(k)(1,n_sel_ch_fsh(k))
 0
# yrs_sel_ch_fsh(k)(1,n_sel_ch_fsh(k))
 1

Survey survey_index1
# ind_sel_opt(k)
2
# indname(k)
survey_index1
# nselages_in_ind(k)
11
# phase_sel_ind(k)
-2
# sel_change_in_ind(k)
 1 0 0 0 0 0 0 0 0 0 0 0 0 0 0 0 0 0 0 0 0 0 0 0 0 0 0 0 0 0
# n_sel_ch_ind(k)
1
# yrs_sel_ch_ind(k)(1,n_sel_ch_ind(k))
 1
# sel_slp_in_ind(k,1)
2
# sel_inf_in_ind(k,1)
1.5
# logsel_slp_in_ind(k,1)
0.693147
# logsel_slp_in_indv(k)
0.693147
survey_index1 ind sel opt 2  1 0 0 0 0 0 0 0 0 0 0 0 0 0 0 0 0 0 0 0 0 0 0 0 0 0 0 0 0 0
Phase indices Sel_Coffs:  -1
 Test: 1.23457e+008
# Fshry Selages:  11
# Srvy  Selages:  11
# Phase for age-spec fishery  -1
# Phase for logistic fishery  -2
# Phase for dble logistic fishery  -1
# Phase for age-spec indices   -1
# Phase for logistic indices   -2
# Phase for dble logistic ind  -1
# Curv_pen_fsh: 
 0
# Curv_pen_ind: 
 0
# styr_fut
31
# endyr_fut
35
# nyrs_fsh_age
 30
# nyrs_fsh_age
 30
# yrs_fsh_age
 1 2 3 4 5 6 7 8 9 10 11 12 13 14 15 16 17 18 19 20 21 22 23 24 25 26 27 28 29 30
# n_sample_fsh_age
 200 200 200 200 200 200 200 200 200 200 200 200 200 200 200 200 200 200 200 200 200 200 200 200 200 200 200 200 200 200
# oac_fsh
 0.03 0.115 0.14 0.065 0.125 0.08 0.07 0.075 0.07 0.055 0.04 0.135
 0.105 0.095 0.13 0.125 0.095 0.085 0.085 0.055 0.035 0.03 0.045 0.115
 0.035 0.16 0.105 0.09 0.095 0.085 0.09 0.075 0.065 0.035 0.025 0.14
 0.055 0.12 0.19 0.12 0.065 0.115 0.095 0.05 0.025 0.02 0.015 0.13
 0.095 0.09 0.12 0.125 0.125 0.095 0.05 0.095 0.035 0.05 0.03 0.09
 0.085 0.115 0.08 0.11 0.13 0.12 0.085 0.055 0.03 0.02 0.025 0.145
 0.05 0.11 0.19 0.075 0.135 0.11 0.075 0.025 0.05 0.05 0.005 0.125
 0.095 0.085 0.15 0.21 0.085 0.055 0.08 0.045 0.02 0.035 0.025 0.115
 0.085 0.12 0.115 0.18 0.135 0.05 0.07 0.03 0.04 0.045 0.03 0.1
 0.12 0.095 0.15 0.16 0.1 0.1 0.045 0.04 0.065 0.025 0.01 0.09
 0.115 0.16 0.125 0.105 0.105 0.09 0.125 0.025 0.035 0.015 0.015 0.085
 0.075 0.17 0.15 0.15 0.11 0.09 0.1 0.04 0.025 0.02 0.01 0.06
 0.1 0.155 0.18 0.15 0.09 0.105 0.06 0.05 0.025 0 0.015 0.07
 0.08 0.14 0.155 0.135 0.135 0.085 0.07 0.055 0.045 0.03 0.01 0.06
 0.09 0.175 0.15 0.135 0.145 0.11 0.04 0.04 0.02 0.04 0.01 0.045
 0.085 0.145 0.2 0.12 0.12 0.07 0.095 0.025 0.045 0.02 0.02 0.055
 0.145 0.19 0.135 0.135 0.12 0.065 0.065 0.035 0.035 0.025 0.015 0.035
 0.11 0.155 0.13 0.125 0.13 0.11 0.06 0.08 0.035 0.025 0.01 0.03
 0.105 0.18 0.22 0.15 0.11 0.09 0.06 0.005 0.01 0.01 0.01 0.05
 0.08 0.185 0.195 0.19 0.11 0.065 0.06 0.02 0.005 0.025 0.015 0.05
 0.16 0.185 0.18 0.11 0.125 0.06 0.075 0.035 0.015 0.035 0.005 0.015
 0.195 0.205 0.155 0.17 0.09 0.075 0.03 0.025 0.005 0.015 0.005 0.03
 0.13 0.245 0.27 0.085 0.09 0.05 0.04 0.03 0.015 0.02 0 0.025
 0.125 0.21 0.185 0.205 0.065 0.07 0.055 0.04 0.025 0.01 0.005 0.005
 0.17 0.17 0.25 0.15 0.115 0.035 0.04 0.015 0.015 0.02 0.005 0.015
 0.13 0.21 0.17 0.225 0.115 0.035 0.045 0.015 0.005 0.025 0.01 0.015
 0.14 0.22 0.215 0.115 0.11 0.085 0.05 0.02 0.025 0 0.005 0.015
 0.16 0.22 0.115 0.235 0.08 0.075 0.045 0.035 0.005 0.015 0 0.015
 0.235 0.175 0.185 0.165 0.095 0.045 0.025 0.035 0.02 0 0.01 0.01
 0.18 0.26 0.235 0.135 0.07 0.055 0.015 0.035 0.005 0.005 0 0.005
# olc_fsh

# wt_fsh
 0.000530656 0.00119633 0.00205827 0.00303499 0.00405521 0.0050647 0.00602623 0.00691692 0.00772489 0.00844611 0.00908185 0.0096367
 0.000530656 0.00119633 0.00205827 0.00303499 0.00405521 0.0050647 0.00602623 0.00691692 0.00772489 0.00844611 0.00908185 0.0096367
 0.000530656 0.00119633 0.00205827 0.00303499 0.00405521 0.0050647 0.00602623 0.00691692 0.00772489 0.00844611 0.00908185 0.0096367
 0.000530656 0.00119633 0.00205827 0.00303499 0.00405521 0.0050647 0.00602623 0.00691692 0.00772489 0.00844611 0.00908185 0.0096367
 0.000530656 0.00119633 0.00205827 0.00303499 0.00405521 0.0050647 0.00602623 0.00691692 0.00772489 0.00844611 0.00908185 0.0096367
 0.000530656 0.00119633 0.00205827 0.00303499 0.00405521 0.0050647 0.00602623 0.00691692 0.00772489 0.00844611 0.00908185 0.0096367
 0.000530656 0.00119633 0.00205827 0.00303499 0.00405521 0.0050647 0.00602623 0.00691692 0.00772489 0.00844611 0.00908185 0.0096367
 0.000530656 0.00119633 0.00205827 0.00303499 0.00405521 0.0050647 0.00602623 0.00691692 0.00772489 0.00844611 0.00908185 0.0096367
 0.000530656 0.00119633 0.00205827 0.00303499 0.00405521 0.0050647 0.00602623 0.00691692 0.00772489 0.00844611 0.00908185 0.0096367
 0.000530656 0.00119633 0.00205827 0.00303499 0.00405521 0.0050647 0.00602623 0.00691692 0.00772489 0.00844611 0.00908185 0.0096367
 0.000530656 0.00119633 0.00205827 0.00303499 0.00405521 0.0050647 0.00602623 0.00691692 0.00772489 0.00844611 0.00908185 0.0096367
 0.000530656 0.00119633 0.00205827 0.00303499 0.00405521 0.0050647 0.00602623 0.00691692 0.00772489 0.00844611 0.00908185 0.0096367
 0.000530656 0.00119633 0.00205827 0.00303499 0.00405521 0.0050647 0.00602623 0.00691692 0.00772489 0.00844611 0.00908185 0.0096367
 0.000530656 0.00119633 0.00205827 0.00303499 0.00405521 0.0050647 0.00602623 0.00691692 0.00772489 0.00844611 0.00908185 0.0096367
 0.000530656 0.00119633 0.00205827 0.00303499 0.00405521 0.0050647 0.00602623 0.00691692 0.00772489 0.00844611 0.00908185 0.0096367
 0.000530656 0.00119633 0.00205827 0.00303499 0.00405521 0.0050647 0.00602623 0.00691692 0.00772489 0.00844611 0.00908185 0.0096367
 0.000530656 0.00119633 0.00205827 0.00303499 0.00405521 0.0050647 0.00602623 0.00691692 0.00772489 0.00844611 0.00908185 0.0096367
 0.000530656 0.00119633 0.00205827 0.00303499 0.00405521 0.0050647 0.00602623 0.00691692 0.00772489 0.00844611 0.00908185 0.0096367
 0.000530656 0.00119633 0.00205827 0.00303499 0.00405521 0.0050647 0.00602623 0.00691692 0.00772489 0.00844611 0.00908185 0.0096367
 0.000530656 0.00119633 0.00205827 0.00303499 0.00405521 0.0050647 0.00602623 0.00691692 0.00772489 0.00844611 0.00908185 0.0096367
 0.000530656 0.00119633 0.00205827 0.00303499 0.00405521 0.0050647 0.00602623 0.00691692 0.00772489 0.00844611 0.00908185 0.0096367
 0.000530656 0.00119633 0.00205827 0.00303499 0.00405521 0.0050647 0.00602623 0.00691692 0.00772489 0.00844611 0.00908185 0.0096367
 0.000530656 0.00119633 0.00205827 0.00303499 0.00405521 0.0050647 0.00602623 0.00691692 0.00772489 0.00844611 0.00908185 0.0096367
 0.000530656 0.00119633 0.00205827 0.00303499 0.00405521 0.0050647 0.00602623 0.00691692 0.00772489 0.00844611 0.00908185 0.0096367
 0.000530656 0.00119633 0.00205827 0.00303499 0.00405521 0.0050647 0.00602623 0.00691692 0.00772489 0.00844611 0.00908185 0.0096367
 0.000530656 0.00119633 0.00205827 0.00303499 0.00405521 0.0050647 0.00602623 0.00691692 0.00772489 0.00844611 0.00908185 0.0096367
 0.000530656 0.00119633 0.00205827 0.00303499 0.00405521 0.0050647 0.00602623 0.00691692 0.00772489 0.00844611 0.00908185 0.0096367
 0.000530656 0.00119633 0.00205827 0.00303499 0.00405521 0.0050647 0.00602623 0.00691692 0.00772489 0.00844611 0.00908185 0.0096367
 0.000530656 0.00119633 0.00205827 0.00303499 0.00405521 0.0050647 0.00602623 0.00691692 0.00772489 0.00844611 0.00908185 0.0096367
 0.000530656 0.00119633 0.00205827 0.00303499 0.00405521 0.0050647 0.00602623 0.00691692 0.00772489 0.00844611 0.00908185 0.0096367
# nyrs_ind_age
 30
# yrs_ind_age
 1 2 3 4 5 6 7 8 9 10 11 12 13 14 15 16 17 18 19 20 21 22 23 24 25 26 27 28 29 30
# n_sample_ind_age
 200 200 200 200 200 200 200 200 200 200 200 200 200 200 200 200 200 200 200 200 200 200 200 200 200 200 200 200 200 200
# oac_ind
 0.075 0.13 0.2 0.115 0.07 0.08 0.055 0.045 0.055 0.04 0.015 0.12
 0.115 0.15 0.16 0.095 0.08 0.095 0.06 0.035 0.03 0.05 0.03 0.1
 0.055 0.155 0.11 0.125 0.105 0.065 0.05 0.08 0.045 0.02 0.065 0.125
 0.055 0.1 0.265 0.11 0.105 0.08 0.04 0.05 0.055 0.03 0.01 0.1
 0.095 0.15 0.135 0.07 0.095 0.11 0.085 0.07 0.035 0.045 0.025 0.085
 0.07 0.18 0.115 0.08 0.125 0.09 0.07 0.05 0.025 0.035 0.035 0.125
 0.095 0.205 0.145 0.05 0.08 0.1 0.05 0.05 0.05 0.03 0 0.145
 0.065 0.135 0.195 0.125 0.08 0.08 0.065 0.07 0.07 0.015 0.02 0.08
 0.06 0.18 0.185 0.18 0.105 0.04 0.03 0.045 0.025 0.045 0.03 0.075
 0.09 0.13 0.16 0.13 0.125 0.12 0.08 0.03 0.025 0.03 0.015 0.065
 0.105 0.165 0.175 0.11 0.09 0.11 0.06 0.04 0.015 0.035 0.005 0.09
 0.06 0.23 0.16 0.145 0.11 0.065 0.09 0.045 0.015 0.005 0.03 0.045
 0.07 0.135 0.21 0.17 0.065 0.07 0.05 0.065 0.02 0.025 0.015 0.105
 0.085 0.225 0.135 0.165 0.11 0.055 0.06 0.04 0.01 0.03 0.02 0.065
 0.09 0.22 0.155 0.125 0.12 0.075 0.035 0.065 0.005 0.03 0.035 0.045
 0.13 0.15 0.195 0.15 0.055 0.05 0.045 0.05 0.045 0.035 0.025 0.07
 0.11 0.215 0.14 0.165 0.08 0.05 0.045 0.04 0.03 0.035 0.005 0.085
 0.065 0.25 0.18 0.14 0.08 0.045 0.05 0.02 0.06 0.045 0.01 0.055
 0.09 0.155 0.235 0.165 0.105 0.05 0.035 0.05 0.045 0.025 0 0.045
 0.065 0.27 0.14 0.175 0.105 0.085 0.035 0.04 0.025 0.015 0.01 0.035
 0.115 0.15 0.24 0.16 0.11 0.09 0.035 0.025 0.025 0 0.005 0.045
 0.125 0.27 0.135 0.125 0.115 0.075 0.065 0.015 0.02 0.005 0.005 0.045
 0.095 0.25 0.275 0.11 0.13 0.025 0.055 0.025 0.015 0 0 0.02
 0.095 0.27 0.21 0.205 0.065 0.035 0.035 0.03 0.01 0.015 0.005 0.025
 0.14 0.175 0.19 0.21 0.135 0.05 0.055 0.01 0.01 0.015 0 0.01
 0.08 0.315 0.16 0.16 0.135 0.07 0.025 0.015 0.01 0.01 0 0.02
 0.14 0.25 0.26 0.12 0.07 0.06 0.045 0.015 0.02 0.005 0 0.015
 0.145 0.18 0.235 0.215 0.08 0.065 0.03 0.03 0 0.01 0 0.01
 0.145 0.335 0.19 0.1 0.115 0.03 0.02 0.045 0.01 0.005 0 0.005
 0.09 0.285 0.27 0.16 0.065 0.06 0.005 0.02 0.02 0.015 0 0.01
# olc_ind

# obs_lse_ind
 0.198042 0.198042 0.198042 0.198042 0.198042 0.198042 0.198042 0.198042 0.198042 0.198042 0.198042 0.198042 0.198042 0.198042 0.198042 0.198042 0.198042 0.198042 0.198042 0.198042 0.198042 0.198042 0.198042 0.198042 0.198042 0.198042 0.198042 0.198042 0.198042 0.198042
# xages_fsh
 0 0 0 0 0 0 0 0 0 0 0 0
# xages_fsh
 0 0.0909091 0.181818 0.272727 0.363636 0.454545 0.545455 0.636364 0.727273 0.818182 0.909091 1
# xnodes_fsh

Yrs fsh_sel change:  1 0 0 0 0 0 0 0 0 0 0 0 0 0 0 0 0 0 0 0 0 0 0 0 0 0 0 0 0
Yrs ind_sel change:  1 0 0 0 0 0 0 0 0 0 0 0 0 0 0 0 0 0 0 0 0 0 0 0 0 0 0 0 0
# steepnessprior
0.75
# sigmarprior
0.2
#  SSB estimated in styr endyr: -12 28 
#  Rec estimated in styr endyr: -10 30 
#  SR Curve fit  in styr endyr: 1 30 
#             Model styr endyr: 1 30 
# qprior
 3.48998e-007
# q_power_prior 
 1 
# cv_catchbiomass 
0.05 
# CatchbiomassPen 
200 
# Number of projection years 
5 
# offset_fsh
 13370.1
# offset_ind
 13125.5
Mean Catch
1275.71
R_guess 
13.8155
# nfsh
1
# n_sel_ch_fsh
 1
# nselages_fsh
 11
# phase_selcoff_fsh
 -1
logRzero 13.8155
logmeanrec 13.8155
exp(log_sigmarprior 0.2
Fish sel phase: -1 OM1
Fixing fishery sel to
1
Fixing fishery sel to
1
Srvy sel phase: -1
Fixing survey_index1 indices sel to
1
Fixing index sel to
1
# logsel_slp_in_indv
 0.693147
Leaving parameter init secton
# M
 0.2 0.2 0.2 0.2 0.2 0.2 0.2 0.2 0.2 0.2 0.2 0.2
 0.2 0.2 0.2 0.2 0.2 0.2 0.2 0.2 0.2 0.2 0.2 0.2
 0.2 0.2 0.2 0.2 0.2 0.2 0.2 0.2 0.2 0.2 0.2 0.2
 0.2 0.2 0.2 0.2 0.2 0.2 0.2 0.2 0.2 0.2 0.2 0.2
 0.2 0.2 0.2 0.2 0.2 0.2 0.2 0.2 0.2 0.2 0.2 0.2
 0.2 0.2 0.2 0.2 0.2 0.2 0.2 0.2 0.2 0.2 0.2 0.2
 0.2 0.2 0.2 0.2 0.2 0.2 0.2 0.2 0.2 0.2 0.2 0.2
 0.2 0.2 0.2 0.2 0.2 0.2 0.2 0.2 0.2 0.2 0.2 0.2
 0.2 0.2 0.2 0.2 0.2 0.2 0.2 0.2 0.2 0.2 0.2 0.2
 0.2 0.2 0.2 0.2 0.2 0.2 0.2 0.2 0.2 0.2 0.2 0.2
 0.2 0.2 0.2 0.2 0.2 0.2 0.2 0.2 0.2 0.2 0.2 0.2
 0.2 0.2 0.2 0.2 0.2 0.2 0.2 0.2 0.2 0.2 0.2 0.2
 0.2 0.2 0.2 0.2 0.2 0.2 0.2 0.2 0.2 0.2 0.2 0.2
 0.2 0.2 0.2 0.2 0.2 0.2 0.2 0.2 0.2 0.2 0.2 0.2
 0.2 0.2 0.2 0.2 0.2 0.2 0.2 0.2 0.2 0.2 0.2 0.2
 0.2 0.2 0.2 0.2 0.2 0.2 0.2 0.2 0.2 0.2 0.2 0.2
 0.2 0.2 0.2 0.2 0.2 0.2 0.2 0.2 0.2 0.2 0.2 0.2
 0.2 0.2 0.2 0.2 0.2 0.2 0.2 0.2 0.2 0.2 0.2 0.2
 0.2 0.2 0.2 0.2 0.2 0.2 0.2 0.2 0.2 0.2 0.2 0.2
 0.2 0.2 0.2 0.2 0.2 0.2 0.2 0.2 0.2 0.2 0.2 0.2
 0.2 0.2 0.2 0.2 0.2 0.2 0.2 0.2 0.2 0.2 0.2 0.2
 0.2 0.2 0.2 0.2 0.2 0.2 0.2 0.2 0.2 0.2 0.2 0.2
 0.2 0.2 0.2 0.2 0.2 0.2 0.2 0.2 0.2 0.2 0.2 0.2
 0.2 0.2 0.2 0.2 0.2 0.2 0.2 0.2 0.2 0.2 0.2 0.2
 0.2 0.2 0.2 0.2 0.2 0.2 0.2 0.2 0.2 0.2 0.2 0.2
 0.2 0.2 0.2 0.2 0.2 0.2 0.2 0.2 0.2 0.2 0.2 0.2
 0.2 0.2 0.2 0.2 0.2 0.2 0.2 0.2 0.2 0.2 0.2 0.2
 0.2 0.2 0.2 0.2 0.2 0.2 0.2 0.2 0.2 0.2 0.2 0.2
 0.2 0.2 0.2 0.2 0.2 0.2 0.2 0.2 0.2 0.2 0.2 0.2
 0.2 0.2 0.2 0.2 0.2 0.2 0.2 0.2 0.2 0.2 0.2 0.2
# mean_log_rec
13.7498
# log_Rzero
13.784
# rec_dev
 -0.127761 -0.117059 0.092058 0.158009 -0.159297 -0.0309748 0.115847 -0.053167 -0.014037 0.12882 0.0937127 0.0585802 0.311216 -0.0539061 -0.168011 0.316143 0.328078 0.0627062 0.126629 -0.0403257 0.15745 0.157224 -0.133471 -0.0423666 0.0284355 -0.106298 0.00580204 0.092773 -0.252758 -0.0867959 -0.446222 0.0539813 -0.031244 -0.148703 -0.500943 -0.118175 -0.414931 -0.358294 -0.173142 -0.10497 -0.327604
# fmort
 0.00926887 0.0271634 0.0454227 0.0617422 0.0489219 0.0881912 0.0902867 0.189551 0.110725 0.136102 0.154663 0.16396 0.119477 0.17546 0.185791 0.165946 0.327331 0.271798 0.268926 0.266372 0.366255 0.266786 0.434372 0.361193 0.357642 0.324956 0.321512 0.442157 0.337299 0.51682
# rec_dev_future
 0 0 0 0 0
