AMAK;August_2013
# styr
1
# endyr
30
# rec_age
1
# oldest_age
12
# nlength
81
# len_bins
 10 11 12 13 14 15 16 17 18 19 20 21 22 23 24 25 26 27 28 29 30 31 32 33 34 35 36 37 38 39 40 41 42 43 44 45 46 47 48 49 50 51 52 53 54 55 56 57 58 59 60 61 62 63 64 65 66 67 68 69 70 71 72 73 74 75 76 77 78 79 80 81 82 83 84 85 86 87 88 89 90
# datafile_name
amak_data.dat
# model_name
OM_1
# styr
1
# endyr
30
# rec_age
1
# oldest_age
12
# nfsh
1
# fshname
OM1
# catch_bio_in
 160.76 468.831 763.566 996.044 765.469 1325.32 1273.05 2490.25 1330.78 1530.57 1611.4 1614.01 1109.44 1520.2 1503.29 1270.04 2251.37 1603.27 1450.62 1307.19 1633.8 1078.47 1625.16 1206.65 1116.88 968.852 926.936 1206.48 875.847 1274.84
# catch_bio_sd_in
 0.01 0.01 0.01 0.01 0.01 0.01 0.01 0.01 0.01 0.01 0.01 0.01 0.01 0.01 0.01 0.01 0.01 0.01 0.01 0.01 0.01 0.01 0.01 0.01 0.01 0.01 0.01 0.01 0.01 0.01
# nyrs_fsh_age
 30
# nyrs_fsh_length
 0
# yrs_fsh_age_in
 1 2 3 4 5 6 7 8 9 10 11 12 13 14 15 16 17 18 19 20 21 22 23 24 25 26 27 28 29 30
# yrs_fsh_length_in

# n_sample_fsh_length_in

# olc_fsh_in

# nind
1
# indname
survey_index1
# nyrs_ind
 30
# yrs_ind_in
 1 2 3 4 5 6 7 8 9 10 11 12 13 14 15 16 17 18 19 20 21 22 23 24 25 26 27 28 29 30
# mo_ind
 1
# obs_ind_in
 1.78481 1.47984 1.54092 1.32185 1.34293 1.32986 1.90297 1.343 1.28442 1.2436 1.36653 1.06084 1.1059 1.14485 0.984095 1.14062 0.997929 1.01954 0.800372 0.681699 0.819975 0.635923 0.739287 0.54871 0.526734 0.608754 0.563351 0.494972 0.551804 0.554176
# obs_se_ind_in
 0.356962 0.295967 0.308184 0.264369 0.268586 0.265971 0.380593 0.2686 0.256885 0.248719 0.273305 0.212168 0.22118 0.22897 0.196819 0.228124 0.199586 0.203909 0.160074 0.13634 0.163995 0.127185 0.147857 0.109742 0.105347 0.121751 0.11267 0.0989945 0.110361 0.110835
# nyrs_ind_age
 30
# nyrs_ind_length
 0
# yrs_ind_age_in
 1 2 3 4 5 6 7 8 9 10 11 12 13 14 15 16 17 18 19 20 21 22 23 24 25 26 27 28 29 30
# yrs_ind_length_in

# yrs_ind_age_in
 1 2 3 4 5 6 7 8 9 10 11 12 13 14 15 16 17 18 19 20 21 22 23 24 25 26 27 28 29 30
# n_sample_ind_length_in

# olc_ind_in

# oac_ind_in
 0.07 0.12 0.125 0.125 0.115 0.085 0.07 0.04 0.04 0.065 0.02 0.125
 0.06 0.13 0.14 0.105 0.15 0.08 0.05 0.05 0.04 0.05 0.025 0.12
 0.075 0.135 0.145 0.135 0.165 0.085 0.025 0.035 0.02 0.025 0.04 0.115
 0.07 0.125 0.165 0.105 0.075 0.07 0.065 0.06 0.05 0.02 0.025 0.17
 0.1 0.105 0.105 0.175 0.11 0.075 0.05 0.05 0.045 0.01 0.03 0.145
 0.1 0.17 0.085 0.105 0.1 0.085 0.06 0.09 0.05 0.03 0.03 0.095
 0.055 0.13 0.215 0.09 0.085 0.095 0.09 0.055 0.045 0.03 0.005 0.105
 0.085 0.11 0.19 0.165 0.085 0.09 0.065 0.03 0.03 0.045 0.015 0.09
 0.07 0.2 0.125 0.18 0.11 0.065 0.035 0.05 0.035 0.035 0.02 0.075
 0.1 0.19 0.175 0.145 0.09 0.095 0.035 0.04 0.035 0.01 0.005 0.08
 0.11 0.16 0.11 0.14 0.095 0.09 0.105 0.025 0.025 0.035 0.015 0.09
 0.04 0.22 0.195 0.145 0.15 0.05 0.05 0.04 0.005 0.015 0.03 0.06
 0.07 0.175 0.205 0.15 0.11 0.055 0.05 0.05 0.03 0.03 0.005 0.07
 0.1 0.15 0.185 0.16 0.16 0.035 0.04 0.035 0.045 0.03 0.02 0.04
 0.06 0.26 0.145 0.12 0.09 0.075 0.07 0.035 0.035 0.04 0.015 0.055
 0.085 0.2 0.205 0.095 0.11 0.1 0.065 0.04 0.025 0.01 0.015 0.05
 0.055 0.225 0.175 0.145 0.14 0.065 0.045 0.02 0.04 0.03 0.005 0.055
 0.115 0.22 0.21 0.16 0.085 0.07 0.03 0.035 0.02 0.005 0.02 0.03
 0.07 0.175 0.265 0.165 0.095 0.065 0.04 0.04 0.02 0.015 0.02 0.03
 0.075 0.175 0.21 0.185 0.135 0.06 0.03 0.04 0.015 0.03 0.01 0.035
 0.155 0.215 0.14 0.12 0.135 0.105 0.045 0.025 0.01 0.015 0.015 0.02
 0.15 0.3 0.165 0.135 0.06 0.075 0.045 0.015 0.01 0.02 0.005 0.02
 0.13 0.265 0.295 0.095 0.09 0.05 0.035 0.01 0.015 0.005 0 0.01
 0.09 0.22 0.24 0.225 0.055 0.065 0.035 0.03 0.015 0.015 0.005 0.005
 0.14 0.195 0.225 0.175 0.13 0.025 0.04 0.03 0.025 0.005 0 0.01
 0.08 0.28 0.175 0.15 0.115 0.07 0.055 0.04 0.015 0.005 0 0.015
 0.12 0.175 0.29 0.16 0.09 0.07 0.05 0.015 0.02 0.01 0 0
 0.145 0.295 0.175 0.16 0.08 0.055 0.025 0.025 0.005 0.015 0.01 0.01
 0.18 0.315 0.175 0.115 0.085 0.055 0.025 0.025 0.01 0.005 0 0.01
 0.1 0.28 0.255 0.1 0.095 0.07 0.055 0.005 0.02 0.01 0 0.01
# wt_ind
 1 1 1 1 1 1 1 1 1 1 1 1
 1 1 1 1 1 1 1 1 1 1 1 1
 1 1 1 1 1 1 1 1 1 1 1 1
 1 1 1 1 1 1 1 1 1 1 1 1
 1 1 1 1 1 1 1 1 1 1 1 1
 1 1 1 1 1 1 1 1 1 1 1 1
 1 1 1 1 1 1 1 1 1 1 1 1
 1 1 1 1 1 1 1 1 1 1 1 1
 1 1 1 1 1 1 1 1 1 1 1 1
 1 1 1 1 1 1 1 1 1 1 1 1
 1 1 1 1 1 1 1 1 1 1 1 1
 1 1 1 1 1 1 1 1 1 1 1 1
 1 1 1 1 1 1 1 1 1 1 1 1
 1 1 1 1 1 1 1 1 1 1 1 1
 1 1 1 1 1 1 1 1 1 1 1 1
 1 1 1 1 1 1 1 1 1 1 1 1
 1 1 1 1 1 1 1 1 1 1 1 1
 1 1 1 1 1 1 1 1 1 1 1 1
 1 1 1 1 1 1 1 1 1 1 1 1
 1 1 1 1 1 1 1 1 1 1 1 1
 1 1 1 1 1 1 1 1 1 1 1 1
 1 1 1 1 1 1 1 1 1 1 1 1
 1 1 1 1 1 1 1 1 1 1 1 1
 1 1 1 1 1 1 1 1 1 1 1 1
 1 1 1 1 1 1 1 1 1 1 1 1
 1 1 1 1 1 1 1 1 1 1 1 1
 1 1 1 1 1 1 1 1 1 1 1 1
 1 1 1 1 1 1 1 1 1 1 1 1
 1 1 1 1 1 1 1 1 1 1 1 1
 1 1 1 1 1 1 1 1 1 1 1 1
# wt_pop
 0.000530656 0.00119633 0.00205827 0.00303499 0.00405521 0.0050647 0.00602623 0.00691692 0.00772489 0.00844611 0.00908185 0.0096367
# maturity
 0.0229774 0.320821 0.904651 0.99478 0.999739 0.999987 0.999999 1 1 1 1 1
# spawnmo
1
# age_err
 1 0 0 0 0 0 0 0 0 0 0 0
 0 1 0 0 0 0 0 0 0 0 0 0
 0 0 1 0 0 0 0 0 0 0 0 0
 0 0 0 1 0 0 0 0 0 0 0 0
 0 0 0 0 1 0 0 0 0 0 0 0
 0 0 0 0 0 1 0 0 0 0 0 0
 0 0 0 0 0 0 1 0 0 0 0 0
 0 0 0 0 0 0 0 1 0 0 0 0
 0 0 0 0 0 0 0 0 1 0 0 0
 0 0 0 0 0 0 0 0 0 1 0 0
 0 0 0 0 0 0 0 0 0 0 1 0
 0 0 0 0 0 0 0 0 0 0 0 1
# cntrlfile_name
C:\Users\bai.li\Desktop\s1_test\AMAK\s154\amak.dat
# Map shared selectivity: 
# sel_map
 1 2
 1 1
# datafile_name
amak_data.dat
# model_name
OM_1
# SrType
2
# use_age_err
0
# retro
0
# sigmarprior
0.2
# cvsigmarprior
0.25
# phase_sigmar
-3
# styr_rec_est
1
# endyr_rec_est
30
# Linfprior
80
# cvLinfprior
0.25
# kprior
0.18
# cvkprior
0.25
# Loprior
27.688
# cvLoprior
0.25
# sdageprior
0.1
# cvsdageprior
0.25
# natmortprior
0.2
# cvnatmortprior
0.25
# phase_M
-4
# npars_Mage
0
# ages_M_changes

# Mage_in

# phase_Mage
-5
# phase_rw_M
0
# npars_rw_M
0
# yrs_rw_M

# sigma_rw_M

# qprior
 3.48998e-007
# cvqprior
 1
# phase_q
 1
# q_power_prior
 1
# cvq_power_prior
 0.2
# phase_q_power
 -4
# phase_rw_q
 -1
# npars_rw_q
 0
# yrs_rw_q

# sigma_rw_q

# q_age_min
 1
# q_age_max
 12
# q_age_min
 1
# q_age_max
 12
# fsh_sel_opt(k)
2
# phase_sel_fsh(k)
-2
# n_sel_ch_fsh(k)
1
# sel_slp_in_fsh(k)(1,n_sel_ch_fsh(k))
 1
# sel_inf_in_fsh(k)(1,n_sel_ch_fsh(k))
 2
# logsel_slp_in_fsh(k)(1,n_sel_ch_fsh(k))
 0
# yrs_sel_ch_fsh(k)(1,n_sel_ch_fsh(k))
 1

Survey survey_index1
# ind_sel_opt(k)
2
# indname(k)
survey_index1
# nselages_in_ind(k)
11
# phase_sel_ind(k)
-2
# sel_change_in_ind(k)
 1 0 0 0 0 0 0 0 0 0 0 0 0 0 0 0 0 0 0 0 0 0 0 0 0 0 0 0 0 0
# n_sel_ch_ind(k)
1
# yrs_sel_ch_ind(k)(1,n_sel_ch_ind(k))
 1
# sel_slp_in_ind(k,1)
2
# sel_inf_in_ind(k,1)
1.5
# logsel_slp_in_ind(k,1)
0.693147
# logsel_slp_in_indv(k)
0.693147
survey_index1 ind sel opt 2  1 0 0 0 0 0 0 0 0 0 0 0 0 0 0 0 0 0 0 0 0 0 0 0 0 0 0 0 0 0
Phase indices Sel_Coffs:  -1
 Test: 1.23457e+008
# Fshry Selages:  11
# Srvy  Selages:  11
# Phase for age-spec fishery  -1
# Phase for logistic fishery  -2
# Phase for dble logistic fishery  -1
# Phase for age-spec indices   -1
# Phase for logistic indices   -2
# Phase for dble logistic ind  -1
# Curv_pen_fsh: 
 0
# Curv_pen_ind: 
 0
# styr_fut
31
# endyr_fut
35
# nyrs_fsh_age
 30
# nyrs_fsh_age
 30
# yrs_fsh_age
 1 2 3 4 5 6 7 8 9 10 11 12 13 14 15 16 17 18 19 20 21 22 23 24 25 26 27 28 29 30
# n_sample_fsh_age
 200 200 200 200 200 200 200 200 200 200 200 200 200 200 200 200 200 200 200 200 200 200 200 200 200 200 200 200 200 200
# oac_fsh
 0.055 0.13 0.105 0.145 0.115 0.095 0.075 0.06 0.055 0.04 0.035 0.09
 0.08 0.11 0.13 0.13 0.115 0.095 0.045 0.04 0.04 0.055 0.025 0.135
 0.06 0.095 0.135 0.14 0.075 0.095 0.065 0.055 0.045 0.035 0.03 0.17
 0.05 0.095 0.1 0.18 0.125 0.06 0.07 0.075 0.045 0.05 0.02 0.13
 0.085 0.125 0.13 0.13 0.13 0.045 0.065 0.045 0.075 0.035 0.025 0.11
 0.095 0.155 0.095 0.17 0.09 0.065 0.04 0.055 0.035 0.045 0.015 0.14
 0.055 0.135 0.21 0.125 0.035 0.1 0.085 0.055 0.045 0.035 0.02 0.1
 0.095 0.12 0.205 0.125 0.075 0.095 0.05 0.05 0.03 0.05 0.01 0.095
 0.065 0.185 0.145 0.095 0.155 0.05 0.06 0.05 0.025 0.04 0.02 0.11
 0.09 0.095 0.135 0.12 0.16 0.12 0.06 0.05 0.03 0.06 0.015 0.065
 0.12 0.15 0.13 0.14 0.105 0.09 0.05 0.02 0.02 0.035 0.025 0.115
 0.055 0.165 0.16 0.11 0.135 0.085 0.05 0.07 0.045 0.03 0.035 0.06
 0.09 0.1 0.14 0.205 0.1 0.09 0.06 0.045 0.045 0.02 0.015 0.09
 0.085 0.16 0.175 0.105 0.135 0.08 0.075 0.035 0.045 0.025 0.01 0.07
 0.07 0.125 0.19 0.16 0.12 0.095 0.05 0.055 0.04 0.03 0.015 0.05
 0.16 0.115 0.2 0.135 0.07 0.1 0.08 0.035 0.02 0.03 0.02 0.035
 0.11 0.185 0.17 0.13 0.14 0.065 0.055 0.035 0.025 0.02 0.01 0.055
 0.065 0.22 0.185 0.12 0.095 0.095 0.03 0.05 0.035 0.015 0.025 0.065
 0.14 0.13 0.25 0.135 0.095 0.07 0.06 0.03 0.035 0.015 0.015 0.025
 0.09 0.115 0.18 0.195 0.13 0.055 0.055 0.07 0.035 0.02 0.02 0.035
 0.18 0.13 0.195 0.11 0.155 0.065 0.05 0.025 0.025 0.015 0.005 0.045
 0.18 0.21 0.125 0.135 0.11 0.1 0.055 0.03 0.025 0.01 0.005 0.015
 0.135 0.245 0.205 0.11 0.125 0.035 0.05 0.015 0.01 0.025 0.02 0.025
 0.105 0.17 0.235 0.23 0.065 0.07 0.035 0.025 0.015 0.035 0.005 0.01
 0.13 0.205 0.18 0.185 0.135 0.055 0.045 0.02 0.015 0.01 0.005 0.015
 0.105 0.215 0.19 0.17 0.125 0.08 0.04 0.03 0.005 0.015 0.01 0.015
 0.155 0.215 0.18 0.155 0.085 0.08 0.08 0.005 0.015 0 0.01 0.02
 0.19 0.22 0.17 0.145 0.09 0.09 0.045 0.02 0.01 0.01 0.005 0.005
 0.185 0.215 0.24 0.1 0.105 0.065 0.025 0.025 0.01 0.01 0.01 0.01
 0.145 0.26 0.255 0.155 0.07 0.055 0.01 0.015 0.005 0.015 0 0.015
# olc_fsh

# wt_fsh
 0.000530656 0.00119633 0.00205827 0.00303499 0.00405521 0.0050647 0.00602623 0.00691692 0.00772489 0.00844611 0.00908185 0.0096367
 0.000530656 0.00119633 0.00205827 0.00303499 0.00405521 0.0050647 0.00602623 0.00691692 0.00772489 0.00844611 0.00908185 0.0096367
 0.000530656 0.00119633 0.00205827 0.00303499 0.00405521 0.0050647 0.00602623 0.00691692 0.00772489 0.00844611 0.00908185 0.0096367
 0.000530656 0.00119633 0.00205827 0.00303499 0.00405521 0.0050647 0.00602623 0.00691692 0.00772489 0.00844611 0.00908185 0.0096367
 0.000530656 0.00119633 0.00205827 0.00303499 0.00405521 0.0050647 0.00602623 0.00691692 0.00772489 0.00844611 0.00908185 0.0096367
 0.000530656 0.00119633 0.00205827 0.00303499 0.00405521 0.0050647 0.00602623 0.00691692 0.00772489 0.00844611 0.00908185 0.0096367
 0.000530656 0.00119633 0.00205827 0.00303499 0.00405521 0.0050647 0.00602623 0.00691692 0.00772489 0.00844611 0.00908185 0.0096367
 0.000530656 0.00119633 0.00205827 0.00303499 0.00405521 0.0050647 0.00602623 0.00691692 0.00772489 0.00844611 0.00908185 0.0096367
 0.000530656 0.00119633 0.00205827 0.00303499 0.00405521 0.0050647 0.00602623 0.00691692 0.00772489 0.00844611 0.00908185 0.0096367
 0.000530656 0.00119633 0.00205827 0.00303499 0.00405521 0.0050647 0.00602623 0.00691692 0.00772489 0.00844611 0.00908185 0.0096367
 0.000530656 0.00119633 0.00205827 0.00303499 0.00405521 0.0050647 0.00602623 0.00691692 0.00772489 0.00844611 0.00908185 0.0096367
 0.000530656 0.00119633 0.00205827 0.00303499 0.00405521 0.0050647 0.00602623 0.00691692 0.00772489 0.00844611 0.00908185 0.0096367
 0.000530656 0.00119633 0.00205827 0.00303499 0.00405521 0.0050647 0.00602623 0.00691692 0.00772489 0.00844611 0.00908185 0.0096367
 0.000530656 0.00119633 0.00205827 0.00303499 0.00405521 0.0050647 0.00602623 0.00691692 0.00772489 0.00844611 0.00908185 0.0096367
 0.000530656 0.00119633 0.00205827 0.00303499 0.00405521 0.0050647 0.00602623 0.00691692 0.00772489 0.00844611 0.00908185 0.0096367
 0.000530656 0.00119633 0.00205827 0.00303499 0.00405521 0.0050647 0.00602623 0.00691692 0.00772489 0.00844611 0.00908185 0.0096367
 0.000530656 0.00119633 0.00205827 0.00303499 0.00405521 0.0050647 0.00602623 0.00691692 0.00772489 0.00844611 0.00908185 0.0096367
 0.000530656 0.00119633 0.00205827 0.00303499 0.00405521 0.0050647 0.00602623 0.00691692 0.00772489 0.00844611 0.00908185 0.0096367
 0.000530656 0.00119633 0.00205827 0.00303499 0.00405521 0.0050647 0.00602623 0.00691692 0.00772489 0.00844611 0.00908185 0.0096367
 0.000530656 0.00119633 0.00205827 0.00303499 0.00405521 0.0050647 0.00602623 0.00691692 0.00772489 0.00844611 0.00908185 0.0096367
 0.000530656 0.00119633 0.00205827 0.00303499 0.00405521 0.0050647 0.00602623 0.00691692 0.00772489 0.00844611 0.00908185 0.0096367
 0.000530656 0.00119633 0.00205827 0.00303499 0.00405521 0.0050647 0.00602623 0.00691692 0.00772489 0.00844611 0.00908185 0.0096367
 0.000530656 0.00119633 0.00205827 0.00303499 0.00405521 0.0050647 0.00602623 0.00691692 0.00772489 0.00844611 0.00908185 0.0096367
 0.000530656 0.00119633 0.00205827 0.00303499 0.00405521 0.0050647 0.00602623 0.00691692 0.00772489 0.00844611 0.00908185 0.0096367
 0.000530656 0.00119633 0.00205827 0.00303499 0.00405521 0.0050647 0.00602623 0.00691692 0.00772489 0.00844611 0.00908185 0.0096367
 0.000530656 0.00119633 0.00205827 0.00303499 0.00405521 0.0050647 0.00602623 0.00691692 0.00772489 0.00844611 0.00908185 0.0096367
 0.000530656 0.00119633 0.00205827 0.00303499 0.00405521 0.0050647 0.00602623 0.00691692 0.00772489 0.00844611 0.00908185 0.0096367
 0.000530656 0.00119633 0.00205827 0.00303499 0.00405521 0.0050647 0.00602623 0.00691692 0.00772489 0.00844611 0.00908185 0.0096367
 0.000530656 0.00119633 0.00205827 0.00303499 0.00405521 0.0050647 0.00602623 0.00691692 0.00772489 0.00844611 0.00908185 0.0096367
 0.000530656 0.00119633 0.00205827 0.00303499 0.00405521 0.0050647 0.00602623 0.00691692 0.00772489 0.00844611 0.00908185 0.0096367
# nyrs_ind_age
 30
# yrs_ind_age
 1 2 3 4 5 6 7 8 9 10 11 12 13 14 15 16 17 18 19 20 21 22 23 24 25 26 27 28 29 30
# n_sample_ind_age
 200 200 200 200 200 200 200 200 200 200 200 200 200 200 200 200 200 200 200 200 200 200 200 200 200 200 200 200 200 200
# oac_ind
 0.07 0.12 0.125 0.125 0.115 0.085 0.07 0.04 0.04 0.065 0.02 0.125
 0.06 0.13 0.14 0.105 0.15 0.08 0.05 0.05 0.04 0.05 0.025 0.12
 0.075 0.135 0.145 0.135 0.165 0.085 0.025 0.035 0.02 0.025 0.04 0.115
 0.07 0.125 0.165 0.105 0.075 0.07 0.065 0.06 0.05 0.02 0.025 0.17
 0.1 0.105 0.105 0.175 0.11 0.075 0.05 0.05 0.045 0.01 0.03 0.145
 0.1 0.17 0.085 0.105 0.1 0.085 0.06 0.09 0.05 0.03 0.03 0.095
 0.055 0.13 0.215 0.09 0.085 0.095 0.09 0.055 0.045 0.03 0.005 0.105
 0.085 0.11 0.19 0.165 0.085 0.09 0.065 0.03 0.03 0.045 0.015 0.09
 0.07 0.2 0.125 0.18 0.11 0.065 0.035 0.05 0.035 0.035 0.02 0.075
 0.1 0.19 0.175 0.145 0.09 0.095 0.035 0.04 0.035 0.01 0.005 0.08
 0.11 0.16 0.11 0.14 0.095 0.09 0.105 0.025 0.025 0.035 0.015 0.09
 0.04 0.22 0.195 0.145 0.15 0.05 0.05 0.04 0.005 0.015 0.03 0.06
 0.07 0.175 0.205 0.15 0.11 0.055 0.05 0.05 0.03 0.03 0.005 0.07
 0.1 0.15 0.185 0.16 0.16 0.035 0.04 0.035 0.045 0.03 0.02 0.04
 0.06 0.26 0.145 0.12 0.09 0.075 0.07 0.035 0.035 0.04 0.015 0.055
 0.085 0.2 0.205 0.095 0.11 0.1 0.065 0.04 0.025 0.01 0.015 0.05
 0.055 0.225 0.175 0.145 0.14 0.065 0.045 0.02 0.04 0.03 0.005 0.055
 0.115 0.22 0.21 0.16 0.085 0.07 0.03 0.035 0.02 0.005 0.02 0.03
 0.07 0.175 0.265 0.165 0.095 0.065 0.04 0.04 0.02 0.015 0.02 0.03
 0.075 0.175 0.21 0.185 0.135 0.06 0.03 0.04 0.015 0.03 0.01 0.035
 0.155 0.215 0.14 0.12 0.135 0.105 0.045 0.025 0.01 0.015 0.015 0.02
 0.15 0.3 0.165 0.135 0.06 0.075 0.045 0.015 0.01 0.02 0.005 0.02
 0.13 0.265 0.295 0.095 0.09 0.05 0.035 0.01 0.015 0.005 0 0.01
 0.09 0.22 0.24 0.225 0.055 0.065 0.035 0.03 0.015 0.015 0.005 0.005
 0.14 0.195 0.225 0.175 0.13 0.025 0.04 0.03 0.025 0.005 0 0.01
 0.08 0.28 0.175 0.15 0.115 0.07 0.055 0.04 0.015 0.005 0 0.015
 0.12 0.175 0.29 0.16 0.09 0.07 0.05 0.015 0.02 0.01 0 0
 0.145 0.295 0.175 0.16 0.08 0.055 0.025 0.025 0.005 0.015 0.01 0.01
 0.18 0.315 0.175 0.115 0.085 0.055 0.025 0.025 0.01 0.005 0 0.01
 0.1 0.28 0.255 0.1 0.095 0.07 0.055 0.005 0.02 0.01 0 0.01
# olc_ind

# obs_lse_ind
 0.198042 0.198042 0.198042 0.198042 0.198042 0.198042 0.198042 0.198042 0.198042 0.198042 0.198042 0.198042 0.198042 0.198042 0.198042 0.198042 0.198042 0.198042 0.198042 0.198042 0.198042 0.198042 0.198042 0.198042 0.198042 0.198042 0.198042 0.198042 0.198042 0.198042
# xages_fsh
 0 0 0 0 0 0 0 0 0 0 0 0
# xages_fsh
 0 0.0909091 0.181818 0.272727 0.363636 0.454545 0.545455 0.636364 0.727273 0.818182 0.909091 1
# xnodes_fsh

Yrs fsh_sel change:  1 0 0 0 0 0 0 0 0 0 0 0 0 0 0 0 0 0 0 0 0 0 0 0 0 0 0 0 0
Yrs ind_sel change:  1 0 0 0 0 0 0 0 0 0 0 0 0 0 0 0 0 0 0 0 0 0 0 0 0 0 0 0 0
# steepnessprior
0.75
# sigmarprior
0.2
#  SSB estimated in styr endyr: -12 28 
#  Rec estimated in styr endyr: -10 30 
#  SR Curve fit  in styr endyr: 1 30 
#             Model styr endyr: 1 30 
# qprior
 3.48998e-007
# q_power_prior 
 1 
# cv_catchbiomass 
0.05 
# CatchbiomassPen 
200 
# Number of projection years 
5 
# offset_fsh
 13444
# offset_ind
 13090.8
Mean Catch
1275.31
R_guess 
13.8155
# nfsh
1
# n_sel_ch_fsh
 1
# nselages_fsh
 11
# phase_selcoff_fsh
 -1
logRzero 13.8155
logmeanrec 13.8155
exp(log_sigmarprior 0.2
Fish sel phase: -1 OM1
Fixing fishery sel to
1
Fixing fishery sel to
1
Srvy sel phase: -1
Fixing survey_index1 indices sel to
1
Fixing index sel to
1
# logsel_slp_in_indv
 0.693147
Leaving parameter init secton
# M
 0.2 0.2 0.2 0.2 0.2 0.2 0.2 0.2 0.2 0.2 0.2 0.2
 0.2 0.2 0.2 0.2 0.2 0.2 0.2 0.2 0.2 0.2 0.2 0.2
 0.2 0.2 0.2 0.2 0.2 0.2 0.2 0.2 0.2 0.2 0.2 0.2
 0.2 0.2 0.2 0.2 0.2 0.2 0.2 0.2 0.2 0.2 0.2 0.2
 0.2 0.2 0.2 0.2 0.2 0.2 0.2 0.2 0.2 0.2 0.2 0.2
 0.2 0.2 0.2 0.2 0.2 0.2 0.2 0.2 0.2 0.2 0.2 0.2
 0.2 0.2 0.2 0.2 0.2 0.2 0.2 0.2 0.2 0.2 0.2 0.2
 0.2 0.2 0.2 0.2 0.2 0.2 0.2 0.2 0.2 0.2 0.2 0.2
 0.2 0.2 0.2 0.2 0.2 0.2 0.2 0.2 0.2 0.2 0.2 0.2
 0.2 0.2 0.2 0.2 0.2 0.2 0.2 0.2 0.2 0.2 0.2 0.2
 0.2 0.2 0.2 0.2 0.2 0.2 0.2 0.2 0.2 0.2 0.2 0.2
 0.2 0.2 0.2 0.2 0.2 0.2 0.2 0.2 0.2 0.2 0.2 0.2
 0.2 0.2 0.2 0.2 0.2 0.2 0.2 0.2 0.2 0.2 0.2 0.2
 0.2 0.2 0.2 0.2 0.2 0.2 0.2 0.2 0.2 0.2 0.2 0.2
 0.2 0.2 0.2 0.2 0.2 0.2 0.2 0.2 0.2 0.2 0.2 0.2
 0.2 0.2 0.2 0.2 0.2 0.2 0.2 0.2 0.2 0.2 0.2 0.2
 0.2 0.2 0.2 0.2 0.2 0.2 0.2 0.2 0.2 0.2 0.2 0.2
 0.2 0.2 0.2 0.2 0.2 0.2 0.2 0.2 0.2 0.2 0.2 0.2
 0.2 0.2 0.2 0.2 0.2 0.2 0.2 0.2 0.2 0.2 0.2 0.2
 0.2 0.2 0.2 0.2 0.2 0.2 0.2 0.2 0.2 0.2 0.2 0.2
 0.2 0.2 0.2 0.2 0.2 0.2 0.2 0.2 0.2 0.2 0.2 0.2
 0.2 0.2 0.2 0.2 0.2 0.2 0.2 0.2 0.2 0.2 0.2 0.2
 0.2 0.2 0.2 0.2 0.2 0.2 0.2 0.2 0.2 0.2 0.2 0.2
 0.2 0.2 0.2 0.2 0.2 0.2 0.2 0.2 0.2 0.2 0.2 0.2
 0.2 0.2 0.2 0.2 0.2 0.2 0.2 0.2 0.2 0.2 0.2 0.2
 0.2 0.2 0.2 0.2 0.2 0.2 0.2 0.2 0.2 0.2 0.2 0.2
 0.2 0.2 0.2 0.2 0.2 0.2 0.2 0.2 0.2 0.2 0.2 0.2
 0.2 0.2 0.2 0.2 0.2 0.2 0.2 0.2 0.2 0.2 0.2 0.2
 0.2 0.2 0.2 0.2 0.2 0.2 0.2 0.2 0.2 0.2 0.2 0.2
 0.2 0.2 0.2 0.2 0.2 0.2 0.2 0.2 0.2 0.2 0.2 0.2
# mean_log_rec
13.7437
# log_Rzero
13.7925
# rec_dev
 -0.101303 -0.0459018 0.0799835 0.122708 -0.11883 -0.0746064 -0.10057 0.0504453 0.0952392 0.0619206 0.0378847 0.120255 0.140012 -0.0128127 -0.119887 0.350302 0.264645 0.00617672 0.194407 -0.0420082 0.169071 0.122958 -0.108236 0.0134712 0.0186291 -0.0905736 0.0830323 0.143486 -0.24273 -0.184328 -0.396237 0.133931 0.00369851 -0.236442 -0.353858 -0.2245 -0.49238 -0.271303 -0.111762 -0.0992187 -0.368111
# fmort
 0.00933866 0.0275364 0.0460087 0.0625368 0.0500472 0.0906161 0.0917495 0.196133 0.115266 0.140628 0.158759 0.171132 0.123705 0.177701 0.188726 0.168884 0.332264 0.270512 0.267222 0.261681 0.366574 0.264141 0.428313 0.351455 0.346291 0.316249 0.312898 0.435973 0.330975 0.501635
# rec_dev_future
 0 0 0 0 0
