AMAK;August_2013
# styr
1
# endyr
30
# rec_age
1
# oldest_age
12
# nlength
81
# len_bins
 10 11 12 13 14 15 16 17 18 19 20 21 22 23 24 25 26 27 28 29 30 31 32 33 34 35 36 37 38 39 40 41 42 43 44 45 46 47 48 49 50 51 52 53 54 55 56 57 58 59 60 61 62 63 64 65 66 67 68 69 70 71 72 73 74 75 76 77 78 79 80 81 82 83 84 85 86 87 88 89 90
# datafile_name
amak_data.dat
# model_name
OM_1
# styr
1
# endyr
30
# rec_age
1
# oldest_age
12
# nfsh
1
# fshname
OM1
# catch_bio_in
 161.289 468.984 762.067 994.518 761.013 1329.42 1283.54 2468.06 1335.43 1515.9 1603.23 1614.86 1103.76 1516.31 1517 1279.32 2246.25 1613.39 1470.62 1312.37 1623.73 1081.31 1641.66 1204.27 1115.97 972.703 927.36 1213.95 868.873 1277.38
# catch_bio_sd_in
 0.01 0.01 0.01 0.01 0.01 0.01 0.01 0.01 0.01 0.01 0.01 0.01 0.01 0.01 0.01 0.01 0.01 0.01 0.01 0.01 0.01 0.01 0.01 0.01 0.01 0.01 0.01 0.01 0.01 0.01
# nyrs_fsh_age
 30
# nyrs_fsh_length
 0
# yrs_fsh_age_in
 1 2 3 4 5 6 7 8 9 10 11 12 13 14 15 16 17 18 19 20 21 22 23 24 25 26 27 28 29 30
# yrs_fsh_length_in

# n_sample_fsh_length_in

# olc_fsh_in

# nind
1
# indname
survey_index1
# nyrs_ind
 30
# yrs_ind_in
 1 2 3 4 5 6 7 8 9 10 11 12 13 14 15 16 17 18 19 20 21 22 23 24 25 26 27 28 29 30
# mo_ind
 1
# obs_ind_in
 1.46367 1.71366 1.49851 1.80479 1.56371 1.41093 1.2903 1.27951 1.1095 1.28611 1.08632 1.32594 0.981857 0.874512 0.962179 1.02575 0.999263 0.925979 0.938809 0.703377 0.645156 0.63909 0.683776 0.736825 0.581912 0.520787 0.538168 0.498811 0.510786 0.613986
# obs_se_ind_in
 0.292734 0.342733 0.299702 0.360958 0.312742 0.282185 0.25806 0.255902 0.221899 0.257223 0.217264 0.265188 0.196371 0.174902 0.192436 0.205149 0.199853 0.185196 0.187762 0.140675 0.129031 0.127818 0.136755 0.147365 0.116382 0.104157 0.107634 0.0997623 0.102157 0.122797
# nyrs_ind_age
 30
# nyrs_ind_length
 0
# yrs_ind_age_in
 1 2 3 4 5 6 7 8 9 10 11 12 13 14 15 16 17 18 19 20 21 22 23 24 25 26 27 28 29 30
# yrs_ind_length_in

# yrs_ind_age_in
 1 2 3 4 5 6 7 8 9 10 11 12 13 14 15 16 17 18 19 20 21 22 23 24 25 26 27 28 29 30
# n_sample_ind_length_in

# olc_ind_in

# oac_ind_in
 0.045 0.12 0.19 0.17 0.095 0.08 0.05 0.045 0.055 0.025 0.03 0.095
 0.06 0.18 0.125 0.155 0.08 0.08 0.07 0.06 0.02 0.035 0.025 0.11
 0.065 0.19 0.165 0.125 0.1 0.08 0.075 0.035 0.03 0.035 0.025 0.075
 0.05 0.145 0.17 0.145 0.075 0.075 0.045 0.07 0.05 0.04 0.045 0.09
 0.135 0.085 0.18 0.13 0.075 0.06 0.065 0.05 0.03 0.035 0.01 0.145
 0.11 0.18 0.15 0.16 0.095 0.09 0.04 0.025 0.025 0.035 0.015 0.075
 0.07 0.24 0.145 0.09 0.04 0.095 0.065 0.045 0.055 0.02 0.02 0.115
 0.095 0.14 0.175 0.165 0.075 0.055 0.075 0.045 0.04 0.035 0.015 0.085
 0.075 0.15 0.14 0.155 0.16 0.05 0.065 0.035 0.035 0.01 0.03 0.095
 0.095 0.185 0.145 0.085 0.09 0.15 0.055 0.025 0.02 0.02 0.025 0.105
 0.115 0.145 0.175 0.135 0.12 0.075 0.055 0.035 0.025 0.025 0.02 0.075
 0.04 0.18 0.22 0.16 0.1 0.045 0.06 0.07 0.015 0.03 0.005 0.075
 0.08 0.175 0.205 0.125 0.085 0.09 0.06 0.045 0.035 0.01 0.005 0.085
 0.085 0.23 0.165 0.15 0.095 0.06 0.045 0.05 0.045 0.01 0.01 0.055
 0.07 0.295 0.185 0.065 0.13 0.085 0.025 0.025 0.025 0.04 0.015 0.04
 0.08 0.135 0.2 0.19 0.11 0.05 0.045 0.045 0.045 0.005 0.015 0.08
 0.1 0.255 0.15 0.11 0.075 0.085 0.045 0.055 0.03 0.015 0.01 0.07
 0.04 0.225 0.225 0.13 0.115 0.065 0.05 0.055 0.015 0.015 0.005 0.06
 0.095 0.14 0.18 0.22 0.12 0.07 0.035 0.01 0.035 0.045 0.01 0.04
 0.115 0.215 0.185 0.165 0.13 0.055 0.045 0.03 0.005 0.02 0 0.035
 0.11 0.185 0.205 0.135 0.12 0.08 0.045 0.06 0.03 0.005 0.015 0.01
 0.105 0.28 0.185 0.165 0.08 0.08 0.05 0.025 0.005 0.01 0.005 0.01
 0.07 0.285 0.255 0.125 0.085 0.05 0.035 0.045 0.02 0.005 0 0.025
 0.07 0.205 0.275 0.2 0.1 0.06 0.025 0.03 0.01 0 0.005 0.02
 0.145 0.225 0.205 0.205 0.09 0.045 0.02 0.015 0.03 0.02 0 0
 0.095 0.305 0.17 0.145 0.1 0.105 0.035 0.015 0.01 0.01 0.005 0.005
 0.15 0.2 0.25 0.115 0.1 0.085 0.07 0.005 0.02 0 0 0.005
 0.155 0.225 0.195 0.16 0.11 0.055 0.035 0.025 0.025 0.005 0.01 0
 0.15 0.32 0.105 0.105 0.14 0.05 0.05 0.03 0.015 0.02 0.005 0.01
 0.15 0.28 0.285 0.085 0.085 0.05 0.02 0.025 0.005 0.005 0 0.01
# wt_ind
 1 1 1 1 1 1 1 1 1 1 1 1
 1 1 1 1 1 1 1 1 1 1 1 1
 1 1 1 1 1 1 1 1 1 1 1 1
 1 1 1 1 1 1 1 1 1 1 1 1
 1 1 1 1 1 1 1 1 1 1 1 1
 1 1 1 1 1 1 1 1 1 1 1 1
 1 1 1 1 1 1 1 1 1 1 1 1
 1 1 1 1 1 1 1 1 1 1 1 1
 1 1 1 1 1 1 1 1 1 1 1 1
 1 1 1 1 1 1 1 1 1 1 1 1
 1 1 1 1 1 1 1 1 1 1 1 1
 1 1 1 1 1 1 1 1 1 1 1 1
 1 1 1 1 1 1 1 1 1 1 1 1
 1 1 1 1 1 1 1 1 1 1 1 1
 1 1 1 1 1 1 1 1 1 1 1 1
 1 1 1 1 1 1 1 1 1 1 1 1
 1 1 1 1 1 1 1 1 1 1 1 1
 1 1 1 1 1 1 1 1 1 1 1 1
 1 1 1 1 1 1 1 1 1 1 1 1
 1 1 1 1 1 1 1 1 1 1 1 1
 1 1 1 1 1 1 1 1 1 1 1 1
 1 1 1 1 1 1 1 1 1 1 1 1
 1 1 1 1 1 1 1 1 1 1 1 1
 1 1 1 1 1 1 1 1 1 1 1 1
 1 1 1 1 1 1 1 1 1 1 1 1
 1 1 1 1 1 1 1 1 1 1 1 1
 1 1 1 1 1 1 1 1 1 1 1 1
 1 1 1 1 1 1 1 1 1 1 1 1
 1 1 1 1 1 1 1 1 1 1 1 1
 1 1 1 1 1 1 1 1 1 1 1 1
# wt_pop
 0.000530656 0.00119633 0.00205827 0.00303499 0.00405521 0.0050647 0.00602623 0.00691692 0.00772489 0.00844611 0.00908185 0.0096367
# maturity
 0.0229774 0.320821 0.904651 0.99478 0.999739 0.999987 0.999999 1 1 1 1 1
# spawnmo
1
# age_err
 1 0 0 0 0 0 0 0 0 0 0 0
 0 1 0 0 0 0 0 0 0 0 0 0
 0 0 1 0 0 0 0 0 0 0 0 0
 0 0 0 1 0 0 0 0 0 0 0 0
 0 0 0 0 1 0 0 0 0 0 0 0
 0 0 0 0 0 1 0 0 0 0 0 0
 0 0 0 0 0 0 1 0 0 0 0 0
 0 0 0 0 0 0 0 1 0 0 0 0
 0 0 0 0 0 0 0 0 1 0 0 0
 0 0 0 0 0 0 0 0 0 1 0 0
 0 0 0 0 0 0 0 0 0 0 1 0
 0 0 0 0 0 0 0 0 0 0 0 1
# cntrlfile_name
C:\Users\bai.li\Desktop\s1_test\AMAK\s2\amak.dat
# Map shared selectivity: 
# sel_map
 1 2
 1 1
# datafile_name
amak_data.dat
# model_name
OM_1
# SrType
2
# use_age_err
0
# retro
0
# sigmarprior
0.2
# cvsigmarprior
0.25
# phase_sigmar
-3
# styr_rec_est
1
# endyr_rec_est
30
# Linfprior
80
# cvLinfprior
0.25
# kprior
0.18
# cvkprior
0.25
# Loprior
27.688
# cvLoprior
0.25
# sdageprior
0.1
# cvsdageprior
0.25
# natmortprior
0.2
# cvnatmortprior
0.25
# phase_M
-4
# npars_Mage
0
# ages_M_changes

# Mage_in

# phase_Mage
-5
# phase_rw_M
0
# npars_rw_M
0
# yrs_rw_M

# sigma_rw_M

# qprior
 3.48998e-007
# cvqprior
 1
# phase_q
 1
# q_power_prior
 1
# cvq_power_prior
 0.2
# phase_q_power
 -4
# phase_rw_q
 -1
# npars_rw_q
 0
# yrs_rw_q

# sigma_rw_q

# q_age_min
 1
# q_age_max
 12
# q_age_min
 1
# q_age_max
 12
# fsh_sel_opt(k)
2
# phase_sel_fsh(k)
-2
# n_sel_ch_fsh(k)
1
# sel_slp_in_fsh(k)(1,n_sel_ch_fsh(k))
 1
# sel_inf_in_fsh(k)(1,n_sel_ch_fsh(k))
 2
# logsel_slp_in_fsh(k)(1,n_sel_ch_fsh(k))
 0
# yrs_sel_ch_fsh(k)(1,n_sel_ch_fsh(k))
 1

Survey survey_index1
# ind_sel_opt(k)
2
# indname(k)
survey_index1
# nselages_in_ind(k)
11
# phase_sel_ind(k)
-2
# sel_change_in_ind(k)
 1 0 0 0 0 0 0 0 0 0 0 0 0 0 0 0 0 0 0 0 0 0 0 0 0 0 0 0 0 0
# n_sel_ch_ind(k)
1
# yrs_sel_ch_ind(k)(1,n_sel_ch_ind(k))
 1
# sel_slp_in_ind(k,1)
2
# sel_inf_in_ind(k,1)
1.5
# logsel_slp_in_ind(k,1)
0.693147
# logsel_slp_in_indv(k)
0.693147
survey_index1 ind sel opt 2  1 0 0 0 0 0 0 0 0 0 0 0 0 0 0 0 0 0 0 0 0 0 0 0 0 0 0 0 0 0
Phase indices Sel_Coffs:  -1
 Test: 1.23457e+008
# Fshry Selages:  11
# Srvy  Selages:  11
# Phase for age-spec fishery  -1
# Phase for logistic fishery  -2
# Phase for dble logistic fishery  -1
# Phase for age-spec indices   -1
# Phase for logistic indices   -2
# Phase for dble logistic ind  -1
# Curv_pen_fsh: 
 0
# Curv_pen_ind: 
 0
# styr_fut
31
# endyr_fut
35
# nyrs_fsh_age
 30
# nyrs_fsh_age
 30
# yrs_fsh_age
 1 2 3 4 5 6 7 8 9 10 11 12 13 14 15 16 17 18 19 20 21 22 23 24 25 26 27 28 29 30
# n_sample_fsh_age
 200 200 200 200 200 200 200 200 200 200 200 200 200 200 200 200 200 200 200 200 200 200 200 200 200 200 200 200 200 200
# oac_fsh
 0.06 0.13 0.125 0.075 0.1 0.1 0.06 0.085 0.03 0.065 0.035 0.135
 0.08 0.115 0.115 0.115 0.14 0.095 0.065 0.09 0.035 0.02 0.02 0.11
 0.065 0.135 0.105 0.19 0.09 0.045 0.055 0.08 0.04 0.05 0.02 0.125
 0.05 0.115 0.105 0.145 0.125 0.115 0.075 0.05 0.045 0.045 0.02 0.11
 0.06 0.105 0.12 0.19 0.1 0.05 0.07 0.07 0.025 0.05 0.04 0.12
 0.125 0.14 0.065 0.13 0.14 0.085 0.06 0.035 0.025 0.06 0.01 0.125
 0.09 0.145 0.15 0.085 0.1 0.08 0.05 0.04 0.045 0.06 0.04 0.115
 0.095 0.12 0.165 0.125 0.09 0.03 0.06 0.04 0.04 0.05 0.02 0.165
 0.05 0.11 0.125 0.2 0.165 0.05 0.05 0.055 0.06 0.045 0.02 0.07
 0.12 0.145 0.195 0.105 0.115 0.065 0.055 0.02 0.06 0.02 0.025 0.075
 0.065 0.225 0.17 0.115 0.1 0.07 0.075 0.06 0.025 0.025 0.005 0.065
 0.105 0.1 0.16 0.12 0.12 0.055 0.1 0.075 0.03 0.025 0.025 0.085
 0.075 0.16 0.14 0.155 0.125 0.08 0.08 0.025 0.055 0.01 0.01 0.085
 0.08 0.155 0.17 0.135 0.13 0.065 0.06 0.025 0.03 0.035 0.02 0.095
 0.14 0.175 0.115 0.165 0.145 0.065 0.045 0.05 0.02 0.025 0.01 0.045
 0.11 0.125 0.18 0.09 0.16 0.1 0.05 0.055 0.03 0.015 0.03 0.055
 0.105 0.2 0.14 0.125 0.11 0.06 0.095 0.04 0.025 0.025 0.015 0.06
 0.085 0.245 0.185 0.13 0.09 0.07 0.06 0.03 0.05 0.02 0.005 0.03
 0.09 0.155 0.17 0.165 0.15 0.07 0.07 0.045 0.025 0.01 0.005 0.045
 0.11 0.135 0.175 0.165 0.145 0.065 0.055 0.03 0.02 0.04 0.005 0.055
 0.19 0.17 0.195 0.105 0.12 0.085 0.06 0.015 0.01 0.01 0.015 0.025
 0.165 0.235 0.14 0.145 0.055 0.07 0.065 0.04 0.025 0.01 0.005 0.045
 0.125 0.23 0.25 0.115 0.11 0.055 0.035 0.03 0.01 0.01 0.01 0.02
 0.115 0.175 0.265 0.205 0.075 0.05 0.04 0.035 0.02 0 0.01 0.01
 0.185 0.155 0.165 0.16 0.115 0.08 0.04 0.04 0.02 0.02 0 0.02
 0.18 0.24 0.185 0.105 0.105 0.065 0.065 0.02 0 0.01 0.01 0.015
 0.13 0.155 0.28 0.145 0.085 0.07 0.045 0.025 0.035 0 0.01 0.02
 0.155 0.205 0.17 0.205 0.08 0.09 0.045 0.03 0 0.005 0.01 0.005
 0.22 0.245 0.23 0.105 0.08 0.045 0.015 0.015 0.025 0.005 0.01 0.005
 0.17 0.23 0.22 0.16 0.06 0.08 0.015 0.015 0.02 0.02 0.005 0.005
# olc_fsh

# wt_fsh
 0.000530656 0.00119633 0.00205827 0.00303499 0.00405521 0.0050647 0.00602623 0.00691692 0.00772489 0.00844611 0.00908185 0.0096367
 0.000530656 0.00119633 0.00205827 0.00303499 0.00405521 0.0050647 0.00602623 0.00691692 0.00772489 0.00844611 0.00908185 0.0096367
 0.000530656 0.00119633 0.00205827 0.00303499 0.00405521 0.0050647 0.00602623 0.00691692 0.00772489 0.00844611 0.00908185 0.0096367
 0.000530656 0.00119633 0.00205827 0.00303499 0.00405521 0.0050647 0.00602623 0.00691692 0.00772489 0.00844611 0.00908185 0.0096367
 0.000530656 0.00119633 0.00205827 0.00303499 0.00405521 0.0050647 0.00602623 0.00691692 0.00772489 0.00844611 0.00908185 0.0096367
 0.000530656 0.00119633 0.00205827 0.00303499 0.00405521 0.0050647 0.00602623 0.00691692 0.00772489 0.00844611 0.00908185 0.0096367
 0.000530656 0.00119633 0.00205827 0.00303499 0.00405521 0.0050647 0.00602623 0.00691692 0.00772489 0.00844611 0.00908185 0.0096367
 0.000530656 0.00119633 0.00205827 0.00303499 0.00405521 0.0050647 0.00602623 0.00691692 0.00772489 0.00844611 0.00908185 0.0096367
 0.000530656 0.00119633 0.00205827 0.00303499 0.00405521 0.0050647 0.00602623 0.00691692 0.00772489 0.00844611 0.00908185 0.0096367
 0.000530656 0.00119633 0.00205827 0.00303499 0.00405521 0.0050647 0.00602623 0.00691692 0.00772489 0.00844611 0.00908185 0.0096367
 0.000530656 0.00119633 0.00205827 0.00303499 0.00405521 0.0050647 0.00602623 0.00691692 0.00772489 0.00844611 0.00908185 0.0096367
 0.000530656 0.00119633 0.00205827 0.00303499 0.00405521 0.0050647 0.00602623 0.00691692 0.00772489 0.00844611 0.00908185 0.0096367
 0.000530656 0.00119633 0.00205827 0.00303499 0.00405521 0.0050647 0.00602623 0.00691692 0.00772489 0.00844611 0.00908185 0.0096367
 0.000530656 0.00119633 0.00205827 0.00303499 0.00405521 0.0050647 0.00602623 0.00691692 0.00772489 0.00844611 0.00908185 0.0096367
 0.000530656 0.00119633 0.00205827 0.00303499 0.00405521 0.0050647 0.00602623 0.00691692 0.00772489 0.00844611 0.00908185 0.0096367
 0.000530656 0.00119633 0.00205827 0.00303499 0.00405521 0.0050647 0.00602623 0.00691692 0.00772489 0.00844611 0.00908185 0.0096367
 0.000530656 0.00119633 0.00205827 0.00303499 0.00405521 0.0050647 0.00602623 0.00691692 0.00772489 0.00844611 0.00908185 0.0096367
 0.000530656 0.00119633 0.00205827 0.00303499 0.00405521 0.0050647 0.00602623 0.00691692 0.00772489 0.00844611 0.00908185 0.0096367
 0.000530656 0.00119633 0.00205827 0.00303499 0.00405521 0.0050647 0.00602623 0.00691692 0.00772489 0.00844611 0.00908185 0.0096367
 0.000530656 0.00119633 0.00205827 0.00303499 0.00405521 0.0050647 0.00602623 0.00691692 0.00772489 0.00844611 0.00908185 0.0096367
 0.000530656 0.00119633 0.00205827 0.00303499 0.00405521 0.0050647 0.00602623 0.00691692 0.00772489 0.00844611 0.00908185 0.0096367
 0.000530656 0.00119633 0.00205827 0.00303499 0.00405521 0.0050647 0.00602623 0.00691692 0.00772489 0.00844611 0.00908185 0.0096367
 0.000530656 0.00119633 0.00205827 0.00303499 0.00405521 0.0050647 0.00602623 0.00691692 0.00772489 0.00844611 0.00908185 0.0096367
 0.000530656 0.00119633 0.00205827 0.00303499 0.00405521 0.0050647 0.00602623 0.00691692 0.00772489 0.00844611 0.00908185 0.0096367
 0.000530656 0.00119633 0.00205827 0.00303499 0.00405521 0.0050647 0.00602623 0.00691692 0.00772489 0.00844611 0.00908185 0.0096367
 0.000530656 0.00119633 0.00205827 0.00303499 0.00405521 0.0050647 0.00602623 0.00691692 0.00772489 0.00844611 0.00908185 0.0096367
 0.000530656 0.00119633 0.00205827 0.00303499 0.00405521 0.0050647 0.00602623 0.00691692 0.00772489 0.00844611 0.00908185 0.0096367
 0.000530656 0.00119633 0.00205827 0.00303499 0.00405521 0.0050647 0.00602623 0.00691692 0.00772489 0.00844611 0.00908185 0.0096367
 0.000530656 0.00119633 0.00205827 0.00303499 0.00405521 0.0050647 0.00602623 0.00691692 0.00772489 0.00844611 0.00908185 0.0096367
 0.000530656 0.00119633 0.00205827 0.00303499 0.00405521 0.0050647 0.00602623 0.00691692 0.00772489 0.00844611 0.00908185 0.0096367
# nyrs_ind_age
 30
# yrs_ind_age
 1 2 3 4 5 6 7 8 9 10 11 12 13 14 15 16 17 18 19 20 21 22 23 24 25 26 27 28 29 30
# n_sample_ind_age
 200 200 200 200 200 200 200 200 200 200 200 200 200 200 200 200 200 200 200 200 200 200 200 200 200 200 200 200 200 200
# oac_ind
 0.045 0.12 0.19 0.17 0.095 0.08 0.05 0.045 0.055 0.025 0.03 0.095
 0.06 0.18 0.125 0.155 0.08 0.08 0.07 0.06 0.02 0.035 0.025 0.11
 0.065 0.19 0.165 0.125 0.1 0.08 0.075 0.035 0.03 0.035 0.025 0.075
 0.05 0.145 0.17 0.145 0.075 0.075 0.045 0.07 0.05 0.04 0.045 0.09
 0.135 0.085 0.18 0.13 0.075 0.06 0.065 0.05 0.03 0.035 0.01 0.145
 0.11 0.18 0.15 0.16 0.095 0.09 0.04 0.025 0.025 0.035 0.015 0.075
 0.07 0.24 0.145 0.09 0.04 0.095 0.065 0.045 0.055 0.02 0.02 0.115
 0.095 0.14 0.175 0.165 0.075 0.055 0.075 0.045 0.04 0.035 0.015 0.085
 0.075 0.15 0.14 0.155 0.16 0.05 0.065 0.035 0.035 0.01 0.03 0.095
 0.095 0.185 0.145 0.085 0.09 0.15 0.055 0.025 0.02 0.02 0.025 0.105
 0.115 0.145 0.175 0.135 0.12 0.075 0.055 0.035 0.025 0.025 0.02 0.075
 0.04 0.18 0.22 0.16 0.1 0.045 0.06 0.07 0.015 0.03 0.005 0.075
 0.08 0.175 0.205 0.125 0.085 0.09 0.06 0.045 0.035 0.01 0.005 0.085
 0.085 0.23 0.165 0.15 0.095 0.06 0.045 0.05 0.045 0.01 0.01 0.055
 0.07 0.295 0.185 0.065 0.13 0.085 0.025 0.025 0.025 0.04 0.015 0.04
 0.08 0.135 0.2 0.19 0.11 0.05 0.045 0.045 0.045 0.005 0.015 0.08
 0.1 0.255 0.15 0.11 0.075 0.085 0.045 0.055 0.03 0.015 0.01 0.07
 0.04 0.225 0.225 0.13 0.115 0.065 0.05 0.055 0.015 0.015 0.005 0.06
 0.095 0.14 0.18 0.22 0.12 0.07 0.035 0.01 0.035 0.045 0.01 0.04
 0.115 0.215 0.185 0.165 0.13 0.055 0.045 0.03 0.005 0.02 0 0.035
 0.11 0.185 0.205 0.135 0.12 0.08 0.045 0.06 0.03 0.005 0.015 0.01
 0.105 0.28 0.185 0.165 0.08 0.08 0.05 0.025 0.005 0.01 0.005 0.01
 0.07 0.285 0.255 0.125 0.085 0.05 0.035 0.045 0.02 0.005 0 0.025
 0.07 0.205 0.275 0.2 0.1 0.06 0.025 0.03 0.01 0 0.005 0.02
 0.145 0.225 0.205 0.205 0.09 0.045 0.02 0.015 0.03 0.02 0 0
 0.095 0.305 0.17 0.145 0.1 0.105 0.035 0.015 0.01 0.01 0.005 0.005
 0.15 0.2 0.25 0.115 0.1 0.085 0.07 0.005 0.02 0 0 0.005
 0.155 0.225 0.195 0.16 0.11 0.055 0.035 0.025 0.025 0.005 0.01 0
 0.15 0.32 0.105 0.105 0.14 0.05 0.05 0.03 0.015 0.02 0.005 0.01
 0.15 0.28 0.285 0.085 0.085 0.05 0.02 0.025 0.005 0.005 0 0.01
# olc_ind

# obs_lse_ind
 0.198042 0.198042 0.198042 0.198042 0.198042 0.198042 0.198042 0.198042 0.198042 0.198042 0.198042 0.198042 0.198042 0.198042 0.198042 0.198042 0.198042 0.198042 0.198042 0.198042 0.198042 0.198042 0.198042 0.198042 0.198042 0.198042 0.198042 0.198042 0.198042 0.198042
# xages_fsh
 0 0 0 0 0 0 0 0 0 0 0 0
# xages_fsh
 0 0.0909091 0.181818 0.272727 0.363636 0.454545 0.545455 0.636364 0.727273 0.818182 0.909091 1
# xnodes_fsh

Yrs fsh_sel change:  1 0 0 0 0 0 0 0 0 0 0 0 0 0 0 0 0 0 0 0 0 0 0 0 0 0 0 0 0
Yrs ind_sel change:  1 0 0 0 0 0 0 0 0 0 0 0 0 0 0 0 0 0 0 0 0 0 0 0 0 0 0 0 0
# steepnessprior
0.75
# sigmarprior
0.2
#  SSB estimated in styr endyr: -12 28 
#  Rec estimated in styr endyr: -10 30 
#  SR Curve fit  in styr endyr: 1 30 
#             Model styr endyr: 1 30 
# qprior
 3.48998e-007
# q_power_prior 
 1 
# cv_catchbiomass 
0.05 
# CatchbiomassPen 
200 
# Number of projection years 
5 
# offset_fsh
 13405.6
# offset_ind
 13046.6
Mean Catch
1276.15
R_guess 
13.8155
# nfsh
1
# n_sel_ch_fsh
 1
# nselages_fsh
 11
# phase_selcoff_fsh
 -1
logRzero 13.8155
logmeanrec 13.8155
exp(log_sigmarprior 0.2
Fish sel phase: -1 OM1
Fixing fishery sel to
1
Fixing fishery sel to
1
Srvy sel phase: -1
Fixing survey_index1 indices sel to
1
Fixing index sel to
1
# logsel_slp_in_indv
 0.693147
Leaving parameter init secton
# M
 0.2 0.2 0.2 0.2 0.2 0.2 0.2 0.2 0.2 0.2 0.2 0.2
 0.2 0.2 0.2 0.2 0.2 0.2 0.2 0.2 0.2 0.2 0.2 0.2
 0.2 0.2 0.2 0.2 0.2 0.2 0.2 0.2 0.2 0.2 0.2 0.2
 0.2 0.2 0.2 0.2 0.2 0.2 0.2 0.2 0.2 0.2 0.2 0.2
 0.2 0.2 0.2 0.2 0.2 0.2 0.2 0.2 0.2 0.2 0.2 0.2
 0.2 0.2 0.2 0.2 0.2 0.2 0.2 0.2 0.2 0.2 0.2 0.2
 0.2 0.2 0.2 0.2 0.2 0.2 0.2 0.2 0.2 0.2 0.2 0.2
 0.2 0.2 0.2 0.2 0.2 0.2 0.2 0.2 0.2 0.2 0.2 0.2
 0.2 0.2 0.2 0.2 0.2 0.2 0.2 0.2 0.2 0.2 0.2 0.2
 0.2 0.2 0.2 0.2 0.2 0.2 0.2 0.2 0.2 0.2 0.2 0.2
 0.2 0.2 0.2 0.2 0.2 0.2 0.2 0.2 0.2 0.2 0.2 0.2
 0.2 0.2 0.2 0.2 0.2 0.2 0.2 0.2 0.2 0.2 0.2 0.2
 0.2 0.2 0.2 0.2 0.2 0.2 0.2 0.2 0.2 0.2 0.2 0.2
 0.2 0.2 0.2 0.2 0.2 0.2 0.2 0.2 0.2 0.2 0.2 0.2
 0.2 0.2 0.2 0.2 0.2 0.2 0.2 0.2 0.2 0.2 0.2 0.2
 0.2 0.2 0.2 0.2 0.2 0.2 0.2 0.2 0.2 0.2 0.2 0.2
 0.2 0.2 0.2 0.2 0.2 0.2 0.2 0.2 0.2 0.2 0.2 0.2
 0.2 0.2 0.2 0.2 0.2 0.2 0.2 0.2 0.2 0.2 0.2 0.2
 0.2 0.2 0.2 0.2 0.2 0.2 0.2 0.2 0.2 0.2 0.2 0.2
 0.2 0.2 0.2 0.2 0.2 0.2 0.2 0.2 0.2 0.2 0.2 0.2
 0.2 0.2 0.2 0.2 0.2 0.2 0.2 0.2 0.2 0.2 0.2 0.2
 0.2 0.2 0.2 0.2 0.2 0.2 0.2 0.2 0.2 0.2 0.2 0.2
 0.2 0.2 0.2 0.2 0.2 0.2 0.2 0.2 0.2 0.2 0.2 0.2
 0.2 0.2 0.2 0.2 0.2 0.2 0.2 0.2 0.2 0.2 0.2 0.2
 0.2 0.2 0.2 0.2 0.2 0.2 0.2 0.2 0.2 0.2 0.2 0.2
 0.2 0.2 0.2 0.2 0.2 0.2 0.2 0.2 0.2 0.2 0.2 0.2
 0.2 0.2 0.2 0.2 0.2 0.2 0.2 0.2 0.2 0.2 0.2 0.2
 0.2 0.2 0.2 0.2 0.2 0.2 0.2 0.2 0.2 0.2 0.2 0.2
 0.2 0.2 0.2 0.2 0.2 0.2 0.2 0.2 0.2 0.2 0.2 0.2
 0.2 0.2 0.2 0.2 0.2 0.2 0.2 0.2 0.2 0.2 0.2 0.2
# mean_log_rec
13.7272
# log_Rzero
13.7794
# rec_dev
 -0.170983 -0.0814418 -0.0488725 -0.119324 0.0308307 0.0234154 0.0552983 0.0613917 0.00875386 0.137416 0.0609269 0.111583 0.230941 0.0288953 -0.12951 0.347386 0.34102 0.00757765 0.112052 0.0508184 0.156347 0.115709 -0.0120412 -0.0220286 0.0631797 -0.0634128 0.185873 0.0585808 -0.296807 -0.14183 -0.210958 0.112143 0.0198244 -0.292033 -0.407268 -0.0783082 -0.439776 -0.365236 -0.0889118 -0.0983861 -0.157867
# fmort
 0.00951345 0.0278662 0.0462709 0.0626397 0.0497017 0.0905675 0.0920326 0.193125 0.114897 0.138541 0.157215 0.170565 0.122618 0.176404 0.189482 0.169073 0.328208 0.269204 0.26977 0.263005 0.363487 0.262161 0.428043 0.349294 0.346486 0.317618 0.311342 0.435895 0.32798 0.500669
# rec_dev_future
 0 0 0 0 0
