AMAK;August_2013
# styr
1
# endyr
30
# rec_age
1
# oldest_age
12
# nlength
81
# len_bins
 10 11 12 13 14 15 16 17 18 19 20 21 22 23 24 25 26 27 28 29 30 31 32 33 34 35 36 37 38 39 40 41 42 43 44 45 46 47 48 49 50 51 52 53 54 55 56 57 58 59 60 61 62 63 64 65 66 67 68 69 70 71 72 73 74 75 76 77 78 79 80 81 82 83 84 85 86 87 88 89 90
# datafile_name
amak_data.dat
# model_name
OM_1
# styr
1
# endyr
30
# rec_age
1
# oldest_age
12
# nfsh
1
# fshname
OM1
# catch_bio_in
 159.043 470.585 760.523 996.488 765.334 1337.64 1273.15 2473.11 1320.08 1542.08 1607.72 1611.07 1099.76 1523.09 1501.88 1267.79 2252.87 1617.34 1452.05 1317.05 1624.31 1080.19 1621.89 1199.4 1114.74 976.969 929.517 1218.98 879.812 1278.43
# catch_bio_sd_in
 0.01 0.01 0.01 0.01 0.01 0.01 0.01 0.01 0.01 0.01 0.01 0.01 0.01 0.01 0.01 0.01 0.01 0.01 0.01 0.01 0.01 0.01 0.01 0.01 0.01 0.01 0.01 0.01 0.01 0.01
# nyrs_fsh_age
 30
# nyrs_fsh_length
 0
# yrs_fsh_age_in
 1 2 3 4 5 6 7 8 9 10 11 12 13 14 15 16 17 18 19 20 21 22 23 24 25 26 27 28 29 30
# yrs_fsh_length_in

# n_sample_fsh_length_in

# olc_fsh_in

# nind
1
# indname
survey_index1
# nyrs_ind
 30
# yrs_ind_in
 1 2 3 4 5 6 7 8 9 10 11 12 13 14 15 16 17 18 19 20 21 22 23 24 25 26 27 28 29 30
# mo_ind
 1
# obs_ind_in
 1.17826 1.94086 1.51295 1.48197 1.68968 1.41673 1.37224 1.44685 1.19777 1.20734 1.15758 0.911285 1.05018 0.870027 1.10083 1.03524 1.0738 0.830032 0.806237 0.711076 0.760134 0.743897 0.652115 0.520435 0.617929 0.499014 0.552082 0.53988 0.549749 0.511687
# obs_se_ind_in
 0.235652 0.388171 0.302589 0.296393 0.337935 0.283346 0.274448 0.289371 0.239554 0.241467 0.231516 0.182257 0.210037 0.174005 0.220166 0.207047 0.214761 0.166006 0.161247 0.142215 0.152027 0.148779 0.130423 0.104087 0.123586 0.0998028 0.110416 0.107976 0.10995 0.102337
# nyrs_ind_age
 30
# nyrs_ind_length
 0
# yrs_ind_age_in
 1 2 3 4 5 6 7 8 9 10 11 12 13 14 15 16 17 18 19 20 21 22 23 24 25 26 27 28 29 30
# yrs_ind_length_in

# yrs_ind_age_in
 1 2 3 4 5 6 7 8 9 10 11 12 13 14 15 16 17 18 19 20 21 22 23 24 25 26 27 28 29 30
# n_sample_ind_length_in

# olc_ind_in

# oac_ind_in
 0.06 0.165 0.15 0.135 0.085 0.07 0.045 0.06 0.01 0.045 0.04 0.135
 0.075 0.165 0.14 0.11 0.05 0.115 0.03 0.06 0.025 0.07 0.025 0.135
 0.055 0.175 0.145 0.115 0.135 0.09 0.04 0.015 0.03 0.015 0.025 0.16
 0.07 0.16 0.205 0.12 0.06 0.07 0.05 0.07 0.065 0.025 0.005 0.1
 0.08 0.115 0.16 0.135 0.09 0.085 0.06 0.05 0.03 0.035 0.025 0.135
 0.06 0.16 0.095 0.18 0.09 0.08 0.06 0.065 0.05 0.03 0.025 0.105
 0.045 0.195 0.17 0.105 0.125 0.08 0.06 0.035 0.03 0.025 0.03 0.1
 0.08 0.145 0.175 0.175 0.05 0.085 0.07 0.01 0.05 0.04 0.015 0.105
 0.065 0.185 0.11 0.155 0.12 0.04 0.085 0.065 0.02 0.035 0.015 0.105
 0.04 0.2 0.225 0.12 0.125 0.09 0.015 0.03 0.04 0.02 0.01 0.085
 0.085 0.195 0.145 0.155 0.115 0.095 0.08 0.01 0.025 0.025 0.005 0.065
 0.055 0.245 0.195 0.08 0.075 0.055 0.045 0.07 0.045 0.03 0.02 0.085
 0.07 0.185 0.205 0.155 0.11 0.045 0.065 0.05 0.035 0.015 0.02 0.045
 0.075 0.16 0.15 0.195 0.12 0.085 0.06 0.025 0.025 0.045 0.01 0.05
 0.095 0.225 0.21 0.16 0.08 0.085 0.03 0.045 0.01 0.01 0.005 0.045
 0.11 0.205 0.22 0.16 0.06 0.075 0.06 0.015 0.015 0.015 0.02 0.045
 0.095 0.235 0.155 0.15 0.065 0.075 0.08 0.03 0.02 0.01 0.03 0.055
 0.07 0.195 0.265 0.14 0.095 0.065 0.055 0.035 0.03 0.01 0.01 0.03
 0.08 0.15 0.235 0.15 0.145 0.07 0.035 0.03 0.01 0.035 0.005 0.055
 0.115 0.235 0.14 0.14 0.12 0.08 0.03 0.045 0.01 0.01 0.015 0.06
 0.12 0.2 0.22 0.14 0.13 0.04 0.045 0.03 0.02 0.01 0.02 0.025
 0.135 0.25 0.145 0.14 0.095 0.065 0.06 0.025 0.025 0.005 0.01 0.045
 0.105 0.24 0.245 0.13 0.085 0.035 0.035 0.04 0.03 0.005 0.015 0.035
 0.12 0.19 0.275 0.15 0.085 0.05 0.03 0.025 0.025 0.01 0.015 0.025
 0.11 0.235 0.23 0.235 0.11 0.04 0.01 0.005 0.02 0.005 0 0
 0.105 0.28 0.15 0.125 0.135 0.08 0.045 0.015 0.025 0.01 0.015 0.015
 0.095 0.185 0.275 0.145 0.085 0.1 0.05 0.02 0.015 0 0.01 0.02
 0.15 0.225 0.22 0.195 0.06 0.06 0.035 0.04 0 0 0.01 0.005
 0.14 0.265 0.225 0.095 0.12 0.045 0.015 0.05 0.005 0.015 0 0.025
 0.1 0.33 0.22 0.17 0.055 0.035 0.04 0.03 0.005 0.01 0.005 0
# wt_ind
 1 1 1 1 1 1 1 1 1 1 1 1
 1 1 1 1 1 1 1 1 1 1 1 1
 1 1 1 1 1 1 1 1 1 1 1 1
 1 1 1 1 1 1 1 1 1 1 1 1
 1 1 1 1 1 1 1 1 1 1 1 1
 1 1 1 1 1 1 1 1 1 1 1 1
 1 1 1 1 1 1 1 1 1 1 1 1
 1 1 1 1 1 1 1 1 1 1 1 1
 1 1 1 1 1 1 1 1 1 1 1 1
 1 1 1 1 1 1 1 1 1 1 1 1
 1 1 1 1 1 1 1 1 1 1 1 1
 1 1 1 1 1 1 1 1 1 1 1 1
 1 1 1 1 1 1 1 1 1 1 1 1
 1 1 1 1 1 1 1 1 1 1 1 1
 1 1 1 1 1 1 1 1 1 1 1 1
 1 1 1 1 1 1 1 1 1 1 1 1
 1 1 1 1 1 1 1 1 1 1 1 1
 1 1 1 1 1 1 1 1 1 1 1 1
 1 1 1 1 1 1 1 1 1 1 1 1
 1 1 1 1 1 1 1 1 1 1 1 1
 1 1 1 1 1 1 1 1 1 1 1 1
 1 1 1 1 1 1 1 1 1 1 1 1
 1 1 1 1 1 1 1 1 1 1 1 1
 1 1 1 1 1 1 1 1 1 1 1 1
 1 1 1 1 1 1 1 1 1 1 1 1
 1 1 1 1 1 1 1 1 1 1 1 1
 1 1 1 1 1 1 1 1 1 1 1 1
 1 1 1 1 1 1 1 1 1 1 1 1
 1 1 1 1 1 1 1 1 1 1 1 1
 1 1 1 1 1 1 1 1 1 1 1 1
# wt_pop
 0.000530656 0.00119633 0.00205827 0.00303499 0.00405521 0.0050647 0.00602623 0.00691692 0.00772489 0.00844611 0.00908185 0.0096367
# maturity
 0.0229774 0.320821 0.904651 0.99478 0.999739 0.999987 0.999999 1 1 1 1 1
# spawnmo
1
# age_err
 1 0 0 0 0 0 0 0 0 0 0 0
 0 1 0 0 0 0 0 0 0 0 0 0
 0 0 1 0 0 0 0 0 0 0 0 0
 0 0 0 1 0 0 0 0 0 0 0 0
 0 0 0 0 1 0 0 0 0 0 0 0
 0 0 0 0 0 1 0 0 0 0 0 0
 0 0 0 0 0 0 1 0 0 0 0 0
 0 0 0 0 0 0 0 1 0 0 0 0
 0 0 0 0 0 0 0 0 1 0 0 0
 0 0 0 0 0 0 0 0 0 1 0 0
 0 0 0 0 0 0 0 0 0 0 1 0
 0 0 0 0 0 0 0 0 0 0 0 1
# cntrlfile_name
C:\Users\bai.li\Desktop\s1_test\AMAK\s16\amak.dat
# Map shared selectivity: 
# sel_map
 1 2
 1 1
# datafile_name
amak_data.dat
# model_name
OM_1
# SrType
2
# use_age_err
0
# retro
0
# sigmarprior
0.2
# cvsigmarprior
0.25
# phase_sigmar
-3
# styr_rec_est
1
# endyr_rec_est
30
# Linfprior
80
# cvLinfprior
0.25
# kprior
0.18
# cvkprior
0.25
# Loprior
27.688
# cvLoprior
0.25
# sdageprior
0.1
# cvsdageprior
0.25
# natmortprior
0.2
# cvnatmortprior
0.25
# phase_M
-4
# npars_Mage
0
# ages_M_changes

# Mage_in

# phase_Mage
-5
# phase_rw_M
0
# npars_rw_M
0
# yrs_rw_M

# sigma_rw_M

# qprior
 3.48998e-007
# cvqprior
 1
# phase_q
 1
# q_power_prior
 1
# cvq_power_prior
 0.2
# phase_q_power
 -4
# phase_rw_q
 -1
# npars_rw_q
 0
# yrs_rw_q

# sigma_rw_q

# q_age_min
 1
# q_age_max
 12
# q_age_min
 1
# q_age_max
 12
# fsh_sel_opt(k)
2
# phase_sel_fsh(k)
-2
# n_sel_ch_fsh(k)
1
# sel_slp_in_fsh(k)(1,n_sel_ch_fsh(k))
 1
# sel_inf_in_fsh(k)(1,n_sel_ch_fsh(k))
 2
# logsel_slp_in_fsh(k)(1,n_sel_ch_fsh(k))
 0
# yrs_sel_ch_fsh(k)(1,n_sel_ch_fsh(k))
 1

Survey survey_index1
# ind_sel_opt(k)
2
# indname(k)
survey_index1
# nselages_in_ind(k)
11
# phase_sel_ind(k)
-2
# sel_change_in_ind(k)
 1 0 0 0 0 0 0 0 0 0 0 0 0 0 0 0 0 0 0 0 0 0 0 0 0 0 0 0 0 0
# n_sel_ch_ind(k)
1
# yrs_sel_ch_ind(k)(1,n_sel_ch_ind(k))
 1
# sel_slp_in_ind(k,1)
2
# sel_inf_in_ind(k,1)
1.5
# logsel_slp_in_ind(k,1)
0.693147
# logsel_slp_in_indv(k)
0.693147
survey_index1 ind sel opt 2  1 0 0 0 0 0 0 0 0 0 0 0 0 0 0 0 0 0 0 0 0 0 0 0 0 0 0 0 0 0
Phase indices Sel_Coffs:  -1
 Test: 1.23457e+008
# Fshry Selages:  11
# Srvy  Selages:  11
# Phase for age-spec fishery  -1
# Phase for logistic fishery  -2
# Phase for dble logistic fishery  -1
# Phase for age-spec indices   -1
# Phase for logistic indices   -2
# Phase for dble logistic ind  -1
# Curv_pen_fsh: 
 0
# Curv_pen_ind: 
 0
# styr_fut
31
# endyr_fut
35
# nyrs_fsh_age
 30
# nyrs_fsh_age
 30
# yrs_fsh_age
 1 2 3 4 5 6 7 8 9 10 11 12 13 14 15 16 17 18 19 20 21 22 23 24 25 26 27 28 29 30
# n_sample_fsh_age
 200 200 200 200 200 200 200 200 200 200 200 200 200 200 200 200 200 200 200 200 200 200 200 200 200 200 200 200 200 200
# oac_fsh
 0.085 0.11 0.115 0.13 0.085 0.095 0.075 0.04 0.035 0.055 0.005 0.17
 0.105 0.11 0.14 0.125 0.055 0.09 0.07 0.065 0.025 0.025 0.035 0.155
 0.045 0.145 0.125 0.125 0.12 0.06 0.1 0.065 0.045 0.02 0.025 0.125
 0.065 0.06 0.145 0.15 0.1 0.085 0.075 0.06 0.045 0.07 0.02 0.125
 0.09 0.055 0.105 0.15 0.12 0.075 0.08 0.055 0.045 0.07 0.025 0.13
 0.09 0.155 0.165 0.11 0.075 0.055 0.055 0.065 0.05 0.05 0.03 0.1
 0.07 0.185 0.175 0.085 0.055 0.095 0.065 0.045 0.04 0.035 0.04 0.11
 0.07 0.12 0.165 0.16 0.075 0.04 0.085 0.055 0.05 0.025 0.045 0.11
 0.115 0.135 0.12 0.115 0.11 0.1 0.09 0.025 0.035 0.035 0.02 0.1
 0.08 0.115 0.15 0.135 0.11 0.14 0.055 0.05 0.03 0.025 0.015 0.095
 0.095 0.14 0.14 0.14 0.085 0.095 0.07 0.025 0.05 0.04 0.035 0.085
 0.095 0.215 0.155 0.095 0.085 0.075 0.08 0.035 0.02 0.03 0.01 0.105
 0.095 0.095 0.165 0.185 0.075 0.12 0.06 0.06 0.04 0.03 0.01 0.065
 0.1 0.135 0.135 0.145 0.125 0.06 0.075 0.05 0.035 0.05 0.005 0.085
 0.085 0.12 0.17 0.125 0.155 0.075 0.07 0.06 0.055 0.045 0.01 0.03
 0.105 0.135 0.19 0.15 0.085 0.04 0.09 0.035 0.04 0.015 0.05 0.065
 0.16 0.175 0.115 0.13 0.09 0.085 0.09 0.04 0.03 0.01 0.005 0.07
 0.12 0.17 0.17 0.16 0.135 0.04 0.045 0.05 0.02 0.02 0.025 0.045
 0.14 0.11 0.19 0.18 0.145 0.075 0.04 0.02 0.01 0.04 0.005 0.045
 0.11 0.145 0.1 0.225 0.155 0.055 0.095 0.025 0.035 0.01 0.005 0.04
 0.155 0.11 0.175 0.17 0.145 0.07 0.06 0.04 0.015 0.02 0.01 0.03
 0.17 0.24 0.145 0.125 0.1 0.05 0.045 0.05 0.025 0.005 0.015 0.03
 0.18 0.2 0.205 0.12 0.095 0.06 0.035 0.035 0.01 0.02 0.015 0.025
 0.1 0.185 0.235 0.135 0.085 0.1 0.05 0.035 0.03 0.01 0.01 0.025
 0.17 0.17 0.185 0.175 0.12 0.065 0.035 0.025 0.025 0.01 0.005 0.015
 0.09 0.285 0.21 0.15 0.08 0.095 0.03 0.01 0.01 0.02 0.005 0.015
 0.18 0.125 0.27 0.155 0.09 0.105 0.03 0.015 0.01 0 0.01 0.01
 0.18 0.155 0.175 0.18 0.14 0.045 0.045 0.04 0.005 0.015 0.01 0.01
 0.225 0.24 0.175 0.105 0.115 0.065 0.035 0.015 0.01 0 0 0.015
 0.11 0.27 0.265 0.12 0.095 0.05 0.05 0.015 0.01 0.005 0 0.01
# olc_fsh

# wt_fsh
 0.000530656 0.00119633 0.00205827 0.00303499 0.00405521 0.0050647 0.00602623 0.00691692 0.00772489 0.00844611 0.00908185 0.0096367
 0.000530656 0.00119633 0.00205827 0.00303499 0.00405521 0.0050647 0.00602623 0.00691692 0.00772489 0.00844611 0.00908185 0.0096367
 0.000530656 0.00119633 0.00205827 0.00303499 0.00405521 0.0050647 0.00602623 0.00691692 0.00772489 0.00844611 0.00908185 0.0096367
 0.000530656 0.00119633 0.00205827 0.00303499 0.00405521 0.0050647 0.00602623 0.00691692 0.00772489 0.00844611 0.00908185 0.0096367
 0.000530656 0.00119633 0.00205827 0.00303499 0.00405521 0.0050647 0.00602623 0.00691692 0.00772489 0.00844611 0.00908185 0.0096367
 0.000530656 0.00119633 0.00205827 0.00303499 0.00405521 0.0050647 0.00602623 0.00691692 0.00772489 0.00844611 0.00908185 0.0096367
 0.000530656 0.00119633 0.00205827 0.00303499 0.00405521 0.0050647 0.00602623 0.00691692 0.00772489 0.00844611 0.00908185 0.0096367
 0.000530656 0.00119633 0.00205827 0.00303499 0.00405521 0.0050647 0.00602623 0.00691692 0.00772489 0.00844611 0.00908185 0.0096367
 0.000530656 0.00119633 0.00205827 0.00303499 0.00405521 0.0050647 0.00602623 0.00691692 0.00772489 0.00844611 0.00908185 0.0096367
 0.000530656 0.00119633 0.00205827 0.00303499 0.00405521 0.0050647 0.00602623 0.00691692 0.00772489 0.00844611 0.00908185 0.0096367
 0.000530656 0.00119633 0.00205827 0.00303499 0.00405521 0.0050647 0.00602623 0.00691692 0.00772489 0.00844611 0.00908185 0.0096367
 0.000530656 0.00119633 0.00205827 0.00303499 0.00405521 0.0050647 0.00602623 0.00691692 0.00772489 0.00844611 0.00908185 0.0096367
 0.000530656 0.00119633 0.00205827 0.00303499 0.00405521 0.0050647 0.00602623 0.00691692 0.00772489 0.00844611 0.00908185 0.0096367
 0.000530656 0.00119633 0.00205827 0.00303499 0.00405521 0.0050647 0.00602623 0.00691692 0.00772489 0.00844611 0.00908185 0.0096367
 0.000530656 0.00119633 0.00205827 0.00303499 0.00405521 0.0050647 0.00602623 0.00691692 0.00772489 0.00844611 0.00908185 0.0096367
 0.000530656 0.00119633 0.00205827 0.00303499 0.00405521 0.0050647 0.00602623 0.00691692 0.00772489 0.00844611 0.00908185 0.0096367
 0.000530656 0.00119633 0.00205827 0.00303499 0.00405521 0.0050647 0.00602623 0.00691692 0.00772489 0.00844611 0.00908185 0.0096367
 0.000530656 0.00119633 0.00205827 0.00303499 0.00405521 0.0050647 0.00602623 0.00691692 0.00772489 0.00844611 0.00908185 0.0096367
 0.000530656 0.00119633 0.00205827 0.00303499 0.00405521 0.0050647 0.00602623 0.00691692 0.00772489 0.00844611 0.00908185 0.0096367
 0.000530656 0.00119633 0.00205827 0.00303499 0.00405521 0.0050647 0.00602623 0.00691692 0.00772489 0.00844611 0.00908185 0.0096367
 0.000530656 0.00119633 0.00205827 0.00303499 0.00405521 0.0050647 0.00602623 0.00691692 0.00772489 0.00844611 0.00908185 0.0096367
 0.000530656 0.00119633 0.00205827 0.00303499 0.00405521 0.0050647 0.00602623 0.00691692 0.00772489 0.00844611 0.00908185 0.0096367
 0.000530656 0.00119633 0.00205827 0.00303499 0.00405521 0.0050647 0.00602623 0.00691692 0.00772489 0.00844611 0.00908185 0.0096367
 0.000530656 0.00119633 0.00205827 0.00303499 0.00405521 0.0050647 0.00602623 0.00691692 0.00772489 0.00844611 0.00908185 0.0096367
 0.000530656 0.00119633 0.00205827 0.00303499 0.00405521 0.0050647 0.00602623 0.00691692 0.00772489 0.00844611 0.00908185 0.0096367
 0.000530656 0.00119633 0.00205827 0.00303499 0.00405521 0.0050647 0.00602623 0.00691692 0.00772489 0.00844611 0.00908185 0.0096367
 0.000530656 0.00119633 0.00205827 0.00303499 0.00405521 0.0050647 0.00602623 0.00691692 0.00772489 0.00844611 0.00908185 0.0096367
 0.000530656 0.00119633 0.00205827 0.00303499 0.00405521 0.0050647 0.00602623 0.00691692 0.00772489 0.00844611 0.00908185 0.0096367
 0.000530656 0.00119633 0.00205827 0.00303499 0.00405521 0.0050647 0.00602623 0.00691692 0.00772489 0.00844611 0.00908185 0.0096367
 0.000530656 0.00119633 0.00205827 0.00303499 0.00405521 0.0050647 0.00602623 0.00691692 0.00772489 0.00844611 0.00908185 0.0096367
# nyrs_ind_age
 30
# yrs_ind_age
 1 2 3 4 5 6 7 8 9 10 11 12 13 14 15 16 17 18 19 20 21 22 23 24 25 26 27 28 29 30
# n_sample_ind_age
 200 200 200 200 200 200 200 200 200 200 200 200 200 200 200 200 200 200 200 200 200 200 200 200 200 200 200 200 200 200
# oac_ind
 0.06 0.165 0.15 0.135 0.085 0.07 0.045 0.06 0.01 0.045 0.04 0.135
 0.075 0.165 0.14 0.11 0.05 0.115 0.03 0.06 0.025 0.07 0.025 0.135
 0.055 0.175 0.145 0.115 0.135 0.09 0.04 0.015 0.03 0.015 0.025 0.16
 0.07 0.16 0.205 0.12 0.06 0.07 0.05 0.07 0.065 0.025 0.005 0.1
 0.08 0.115 0.16 0.135 0.09 0.085 0.06 0.05 0.03 0.035 0.025 0.135
 0.06 0.16 0.095 0.18 0.09 0.08 0.06 0.065 0.05 0.03 0.025 0.105
 0.045 0.195 0.17 0.105 0.125 0.08 0.06 0.035 0.03 0.025 0.03 0.1
 0.08 0.145 0.175 0.175 0.05 0.085 0.07 0.01 0.05 0.04 0.015 0.105
 0.065 0.185 0.11 0.155 0.12 0.04 0.085 0.065 0.02 0.035 0.015 0.105
 0.04 0.2 0.225 0.12 0.125 0.09 0.015 0.03 0.04 0.02 0.01 0.085
 0.085 0.195 0.145 0.155 0.115 0.095 0.08 0.01 0.025 0.025 0.005 0.065
 0.055 0.245 0.195 0.08 0.075 0.055 0.045 0.07 0.045 0.03 0.02 0.085
 0.07 0.185 0.205 0.155 0.11 0.045 0.065 0.05 0.035 0.015 0.02 0.045
 0.075 0.16 0.15 0.195 0.12 0.085 0.06 0.025 0.025 0.045 0.01 0.05
 0.095 0.225 0.21 0.16 0.08 0.085 0.03 0.045 0.01 0.01 0.005 0.045
 0.11 0.205 0.22 0.16 0.06 0.075 0.06 0.015 0.015 0.015 0.02 0.045
 0.095 0.235 0.155 0.15 0.065 0.075 0.08 0.03 0.02 0.01 0.03 0.055
 0.07 0.195 0.265 0.14 0.095 0.065 0.055 0.035 0.03 0.01 0.01 0.03
 0.08 0.15 0.235 0.15 0.145 0.07 0.035 0.03 0.01 0.035 0.005 0.055
 0.115 0.235 0.14 0.14 0.12 0.08 0.03 0.045 0.01 0.01 0.015 0.06
 0.12 0.2 0.22 0.14 0.13 0.04 0.045 0.03 0.02 0.01 0.02 0.025
 0.135 0.25 0.145 0.14 0.095 0.065 0.06 0.025 0.025 0.005 0.01 0.045
 0.105 0.24 0.245 0.13 0.085 0.035 0.035 0.04 0.03 0.005 0.015 0.035
 0.12 0.19 0.275 0.15 0.085 0.05 0.03 0.025 0.025 0.01 0.015 0.025
 0.11 0.235 0.23 0.235 0.11 0.04 0.01 0.005 0.02 0.005 0 0
 0.105 0.28 0.15 0.125 0.135 0.08 0.045 0.015 0.025 0.01 0.015 0.015
 0.095 0.185 0.275 0.145 0.085 0.1 0.05 0.02 0.015 0 0.01 0.02
 0.15 0.225 0.22 0.195 0.06 0.06 0.035 0.04 0 0 0.01 0.005
 0.14 0.265 0.225 0.095 0.12 0.045 0.015 0.05 0.005 0.015 0 0.025
 0.1 0.33 0.22 0.17 0.055 0.035 0.04 0.03 0.005 0.01 0.005 0
# olc_ind

# obs_lse_ind
 0.198042 0.198042 0.198042 0.198042 0.198042 0.198042 0.198042 0.198042 0.198042 0.198042 0.198042 0.198042 0.198042 0.198042 0.198042 0.198042 0.198042 0.198042 0.198042 0.198042 0.198042 0.198042 0.198042 0.198042 0.198042 0.198042 0.198042 0.198042 0.198042 0.198042
# xages_fsh
 0 0 0 0 0 0 0 0 0 0 0 0
# xages_fsh
 0 0.0909091 0.181818 0.272727 0.363636 0.454545 0.545455 0.636364 0.727273 0.818182 0.909091 1
# xnodes_fsh

Yrs fsh_sel change:  1 0 0 0 0 0 0 0 0 0 0 0 0 0 0 0 0 0 0 0 0 0 0 0 0 0 0 0 0
Yrs ind_sel change:  1 0 0 0 0 0 0 0 0 0 0 0 0 0 0 0 0 0 0 0 0 0 0 0 0 0 0 0 0
# steepnessprior
0.75
# sigmarprior
0.2
#  SSB estimated in styr endyr: -12 28 
#  Rec estimated in styr endyr: -10 30 
#  SR Curve fit  in styr endyr: 1 30 
#             Model styr endyr: 1 30 
# qprior
 3.48998e-007
# q_power_prior 
 1 
# cv_catchbiomass 
0.05 
# CatchbiomassPen 
200 
# Number of projection years 
5 
# offset_fsh
 13478.2
# offset_ind
 13062.4
Mean Catch
1275.76
R_guess 
13.8155
# nfsh
1
# n_sel_ch_fsh
 1
# nselages_fsh
 11
# phase_selcoff_fsh
 -1
logRzero 13.8155
logmeanrec 13.8155
exp(log_sigmarprior 0.2
Fish sel phase: -1 OM1
Fixing fishery sel to
1
Fixing fishery sel to
1
Srvy sel phase: -1
Fixing survey_index1 indices sel to
1
Fixing index sel to
1
# logsel_slp_in_indv
 0.693147
Leaving parameter init secton
# M
 0.2 0.2 0.2 0.2 0.2 0.2 0.2 0.2 0.2 0.2 0.2 0.2
 0.2 0.2 0.2 0.2 0.2 0.2 0.2 0.2 0.2 0.2 0.2 0.2
 0.2 0.2 0.2 0.2 0.2 0.2 0.2 0.2 0.2 0.2 0.2 0.2
 0.2 0.2 0.2 0.2 0.2 0.2 0.2 0.2 0.2 0.2 0.2 0.2
 0.2 0.2 0.2 0.2 0.2 0.2 0.2 0.2 0.2 0.2 0.2 0.2
 0.2 0.2 0.2 0.2 0.2 0.2 0.2 0.2 0.2 0.2 0.2 0.2
 0.2 0.2 0.2 0.2 0.2 0.2 0.2 0.2 0.2 0.2 0.2 0.2
 0.2 0.2 0.2 0.2 0.2 0.2 0.2 0.2 0.2 0.2 0.2 0.2
 0.2 0.2 0.2 0.2 0.2 0.2 0.2 0.2 0.2 0.2 0.2 0.2
 0.2 0.2 0.2 0.2 0.2 0.2 0.2 0.2 0.2 0.2 0.2 0.2
 0.2 0.2 0.2 0.2 0.2 0.2 0.2 0.2 0.2 0.2 0.2 0.2
 0.2 0.2 0.2 0.2 0.2 0.2 0.2 0.2 0.2 0.2 0.2 0.2
 0.2 0.2 0.2 0.2 0.2 0.2 0.2 0.2 0.2 0.2 0.2 0.2
 0.2 0.2 0.2 0.2 0.2 0.2 0.2 0.2 0.2 0.2 0.2 0.2
 0.2 0.2 0.2 0.2 0.2 0.2 0.2 0.2 0.2 0.2 0.2 0.2
 0.2 0.2 0.2 0.2 0.2 0.2 0.2 0.2 0.2 0.2 0.2 0.2
 0.2 0.2 0.2 0.2 0.2 0.2 0.2 0.2 0.2 0.2 0.2 0.2
 0.2 0.2 0.2 0.2 0.2 0.2 0.2 0.2 0.2 0.2 0.2 0.2
 0.2 0.2 0.2 0.2 0.2 0.2 0.2 0.2 0.2 0.2 0.2 0.2
 0.2 0.2 0.2 0.2 0.2 0.2 0.2 0.2 0.2 0.2 0.2 0.2
 0.2 0.2 0.2 0.2 0.2 0.2 0.2 0.2 0.2 0.2 0.2 0.2
 0.2 0.2 0.2 0.2 0.2 0.2 0.2 0.2 0.2 0.2 0.2 0.2
 0.2 0.2 0.2 0.2 0.2 0.2 0.2 0.2 0.2 0.2 0.2 0.2
 0.2 0.2 0.2 0.2 0.2 0.2 0.2 0.2 0.2 0.2 0.2 0.2
 0.2 0.2 0.2 0.2 0.2 0.2 0.2 0.2 0.2 0.2 0.2 0.2
 0.2 0.2 0.2 0.2 0.2 0.2 0.2 0.2 0.2 0.2 0.2 0.2
 0.2 0.2 0.2 0.2 0.2 0.2 0.2 0.2 0.2 0.2 0.2 0.2
 0.2 0.2 0.2 0.2 0.2 0.2 0.2 0.2 0.2 0.2 0.2 0.2
 0.2 0.2 0.2 0.2 0.2 0.2 0.2 0.2 0.2 0.2 0.2 0.2
 0.2 0.2 0.2 0.2 0.2 0.2 0.2 0.2 0.2 0.2 0.2 0.2
# mean_log_rec
13.7328
# log_Rzero
13.8295
# rec_dev
 0.0105624 -0.0837067 0.0930646 -0.100875 -0.271081 0.0213684 0.0235848 0.103613 -0.00709223 0.108539 0.0749182 0.097176 0.245214 0.101726 -0.117554 0.350029 0.305624 0.0323752 0.166186 -0.0329549 0.155616 0.190958 -0.0724411 -0.0374614 0.0937048 0.0230651 0.136033 0.0843814 -0.276411 -0.166667 -0.307468 -0.0045497 0.0305607 -0.238185 -0.290626 -0.0764563 -0.486245 -0.301831 -0.0991035 0.0165781 -0.397162
# fmort
 0.00926261 0.0276988 0.0458071 0.0622359 0.0494801 0.0900165 0.090031 0.190486 0.11155 0.138374 0.154947 0.167045 0.119765 0.173695 0.183487 0.163005 0.318151 0.259231 0.254217 0.250929 0.347164 0.253224 0.413582 0.339492 0.333955 0.303762 0.2944 0.409132 0.306925 0.459024
# rec_dev_future
 0 0 0 0 0
