AMAK;August_2013
# styr
1
# endyr
30
# rec_age
1
# oldest_age
12
# nlength
81
# len_bins
 10 11 12 13 14 15 16 17 18 19 20 21 22 23 24 25 26 27 28 29 30 31 32 33 34 35 36 37 38 39 40 41 42 43 44 45 46 47 48 49 50 51 52 53 54 55 56 57 58 59 60 61 62 63 64 65 66 67 68 69 70 71 72 73 74 75 76 77 78 79 80 81 82 83 84 85 86 87 88 89 90
# datafile_name
amak_data.dat
# model_name
OM_1
# styr
1
# endyr
30
# rec_age
1
# oldest_age
12
# nfsh
1
# fshname
OM1
# catch_bio_in
 160.361 471.679 763.212 1000.51 762.793 1323.72 1282.45 2490.29 1313.23 1532.98 1607.89 1604.98 1114.38 1527.91 1518.51 1270.82 2246.85 1609.73 1452.31 1314.69 1631.29 1073.89 1635.27 1217.17 1126.6 965.85 924.245 1207.06 882.752 1277.59
# catch_bio_sd_in
 0.01 0.01 0.01 0.01 0.01 0.01 0.01 0.01 0.01 0.01 0.01 0.01 0.01 0.01 0.01 0.01 0.01 0.01 0.01 0.01 0.01 0.01 0.01 0.01 0.01 0.01 0.01 0.01 0.01 0.01
# nyrs_fsh_age
 30
# nyrs_fsh_length
 0
# yrs_fsh_age_in
 1 2 3 4 5 6 7 8 9 10 11 12 13 14 15 16 17 18 19 20 21 22 23 24 25 26 27 28 29 30
# yrs_fsh_length_in

# n_sample_fsh_length_in

# olc_fsh_in

# nind
1
# indname
survey_index1
# nyrs_ind
 30
# yrs_ind_in
 1 2 3 4 5 6 7 8 9 10 11 12 13 14 15 16 17 18 19 20 21 22 23 24 25 26 27 28 29 30
# mo_ind
 1
# obs_ind_in
 1.53929 1.66864 1.61935 1.4529 1.27616 1.47154 1.33523 1.44563 1.26308 1.23091 1.15274 1.19319 1.07157 0.858697 1.03068 1.03552 0.977891 0.823831 0.733284 0.719646 0.632148 0.715369 0.776722 0.677347 0.537724 0.530121 0.452729 0.474421 0.55976 0.571154
# obs_se_ind_in
 0.307858 0.333728 0.32387 0.290579 0.255232 0.294307 0.267045 0.289127 0.252615 0.246183 0.230549 0.238638 0.214313 0.171739 0.206137 0.207104 0.195578 0.164766 0.146657 0.143929 0.12643 0.143074 0.155344 0.135469 0.107545 0.106024 0.0905457 0.0948842 0.111952 0.114231
# nyrs_ind_age
 30
# nyrs_ind_length
 0
# yrs_ind_age_in
 1 2 3 4 5 6 7 8 9 10 11 12 13 14 15 16 17 18 19 20 21 22 23 24 25 26 27 28 29 30
# yrs_ind_length_in

# yrs_ind_age_in
 1 2 3 4 5 6 7 8 9 10 11 12 13 14 15 16 17 18 19 20 21 22 23 24 25 26 27 28 29 30
# n_sample_ind_length_in

# olc_ind_in

# oac_ind_in
 0.06 0.17 0.105 0.145 0.1 0.115 0.095 0.065 0.02 0.025 0.01 0.09
 0.085 0.13 0.145 0.08 0.12 0.06 0.06 0.08 0.075 0.05 0.025 0.09
 0.045 0.185 0.185 0.085 0.1 0.06 0.05 0.065 0.06 0.035 0.025 0.105
 0.055 0.09 0.195 0.13 0.085 0.08 0.04 0.075 0.05 0.03 0.03 0.14
 0.075 0.09 0.21 0.15 0.075 0.08 0.06 0.03 0.03 0.01 0.04 0.15
 0.075 0.26 0.07 0.115 0.095 0.08 0.05 0.035 0.04 0.055 0.025 0.1
 0.045 0.18 0.195 0.075 0.1 0.07 0.065 0.045 0.065 0.045 0.025 0.09
 0.045 0.14 0.125 0.185 0.08 0.105 0.075 0.035 0.04 0.025 0.035 0.11
 0.08 0.155 0.14 0.155 0.145 0.055 0.035 0.06 0.03 0.025 0.02 0.1
 0.06 0.135 0.215 0.14 0.12 0.07 0.045 0.045 0.06 0.02 0.01 0.08
 0.09 0.17 0.135 0.13 0.13 0.085 0.09 0.03 0.025 0.02 0.01 0.085
 0.1 0.175 0.175 0.125 0.14 0.08 0.06 0.06 0.005 0.015 0.01 0.055
 0.065 0.13 0.16 0.22 0.1 0.08 0.05 0.05 0.025 0.015 0.03 0.075
 0.09 0.19 0.19 0.145 0.085 0.065 0.085 0.03 0.04 0.02 0.005 0.055
 0.07 0.17 0.185 0.135 0.11 0.115 0.065 0.035 0.03 0.01 0.025 0.05
 0.13 0.17 0.17 0.14 0.095 0.045 0.055 0.035 0.03 0.035 0.03 0.065
 0.095 0.225 0.19 0.12 0.1 0.08 0.055 0.04 0.02 0.01 0.025 0.04
 0.05 0.23 0.195 0.115 0.135 0.065 0.07 0.045 0.035 0.01 0.005 0.045
 0.105 0.18 0.245 0.195 0.065 0.06 0.06 0.015 0.03 0.01 0.015 0.02
 0.085 0.21 0.22 0.15 0.11 0.06 0.035 0.025 0.025 0.02 0.015 0.045
 0.145 0.225 0.225 0.09 0.105 0.075 0.035 0.025 0.015 0.015 0.02 0.025
 0.19 0.255 0.115 0.115 0.08 0.09 0.05 0.025 0.01 0.025 0.01 0.035
 0.125 0.2 0.27 0.1 0.085 0.055 0.065 0.045 0.01 0.02 0 0.025
 0.12 0.23 0.215 0.16 0.1 0.07 0.04 0.015 0.015 0.02 0.005 0.01
 0.1 0.21 0.21 0.195 0.135 0.045 0.035 0.025 0.005 0.01 0.01 0.02
 0.07 0.36 0.165 0.125 0.135 0.075 0.015 0.02 0.015 0.005 0 0.015
 0.13 0.205 0.25 0.14 0.09 0.075 0.04 0.01 0.025 0.005 0.02 0.01
 0.15 0.275 0.13 0.215 0.115 0.065 0.025 0.005 0.015 0 0 0.005
 0.13 0.345 0.2 0.1 0.11 0.05 0.045 0 0 0 0.015 0.005
 0.095 0.27 0.275 0.15 0.065 0.07 0.05 0.01 0.01 0.005 0 0
# wt_ind
 1 1 1 1 1 1 1 1 1 1 1 1
 1 1 1 1 1 1 1 1 1 1 1 1
 1 1 1 1 1 1 1 1 1 1 1 1
 1 1 1 1 1 1 1 1 1 1 1 1
 1 1 1 1 1 1 1 1 1 1 1 1
 1 1 1 1 1 1 1 1 1 1 1 1
 1 1 1 1 1 1 1 1 1 1 1 1
 1 1 1 1 1 1 1 1 1 1 1 1
 1 1 1 1 1 1 1 1 1 1 1 1
 1 1 1 1 1 1 1 1 1 1 1 1
 1 1 1 1 1 1 1 1 1 1 1 1
 1 1 1 1 1 1 1 1 1 1 1 1
 1 1 1 1 1 1 1 1 1 1 1 1
 1 1 1 1 1 1 1 1 1 1 1 1
 1 1 1 1 1 1 1 1 1 1 1 1
 1 1 1 1 1 1 1 1 1 1 1 1
 1 1 1 1 1 1 1 1 1 1 1 1
 1 1 1 1 1 1 1 1 1 1 1 1
 1 1 1 1 1 1 1 1 1 1 1 1
 1 1 1 1 1 1 1 1 1 1 1 1
 1 1 1 1 1 1 1 1 1 1 1 1
 1 1 1 1 1 1 1 1 1 1 1 1
 1 1 1 1 1 1 1 1 1 1 1 1
 1 1 1 1 1 1 1 1 1 1 1 1
 1 1 1 1 1 1 1 1 1 1 1 1
 1 1 1 1 1 1 1 1 1 1 1 1
 1 1 1 1 1 1 1 1 1 1 1 1
 1 1 1 1 1 1 1 1 1 1 1 1
 1 1 1 1 1 1 1 1 1 1 1 1
 1 1 1 1 1 1 1 1 1 1 1 1
# wt_pop
 0.000530656 0.00119633 0.00205827 0.00303499 0.00405521 0.0050647 0.00602623 0.00691692 0.00772489 0.00844611 0.00908185 0.0096367
# maturity
 0.0229774 0.320821 0.904651 0.99478 0.999739 0.999987 0.999999 1 1 1 1 1
# spawnmo
1
# age_err
 1 0 0 0 0 0 0 0 0 0 0 0
 0 1 0 0 0 0 0 0 0 0 0 0
 0 0 1 0 0 0 0 0 0 0 0 0
 0 0 0 1 0 0 0 0 0 0 0 0
 0 0 0 0 1 0 0 0 0 0 0 0
 0 0 0 0 0 1 0 0 0 0 0 0
 0 0 0 0 0 0 1 0 0 0 0 0
 0 0 0 0 0 0 0 1 0 0 0 0
 0 0 0 0 0 0 0 0 1 0 0 0
 0 0 0 0 0 0 0 0 0 1 0 0
 0 0 0 0 0 0 0 0 0 0 1 0
 0 0 0 0 0 0 0 0 0 0 0 1
# cntrlfile_name
C:\Users\bai.li\Desktop\s1_test\AMAK\s125\amak.dat
# Map shared selectivity: 
# sel_map
 1 2
 1 1
# datafile_name
amak_data.dat
# model_name
OM_1
# SrType
2
# use_age_err
0
# retro
0
# sigmarprior
0.2
# cvsigmarprior
0.25
# phase_sigmar
-3
# styr_rec_est
1
# endyr_rec_est
30
# Linfprior
80
# cvLinfprior
0.25
# kprior
0.18
# cvkprior
0.25
# Loprior
27.688
# cvLoprior
0.25
# sdageprior
0.1
# cvsdageprior
0.25
# natmortprior
0.2
# cvnatmortprior
0.25
# phase_M
-4
# npars_Mage
0
# ages_M_changes

# Mage_in

# phase_Mage
-5
# phase_rw_M
0
# npars_rw_M
0
# yrs_rw_M

# sigma_rw_M

# qprior
 3.48998e-007
# cvqprior
 1
# phase_q
 1
# q_power_prior
 1
# cvq_power_prior
 0.2
# phase_q_power
 -4
# phase_rw_q
 -1
# npars_rw_q
 0
# yrs_rw_q

# sigma_rw_q

# q_age_min
 1
# q_age_max
 12
# q_age_min
 1
# q_age_max
 12
# fsh_sel_opt(k)
2
# phase_sel_fsh(k)
-2
# n_sel_ch_fsh(k)
1
# sel_slp_in_fsh(k)(1,n_sel_ch_fsh(k))
 1
# sel_inf_in_fsh(k)(1,n_sel_ch_fsh(k))
 2
# logsel_slp_in_fsh(k)(1,n_sel_ch_fsh(k))
 0
# yrs_sel_ch_fsh(k)(1,n_sel_ch_fsh(k))
 1

Survey survey_index1
# ind_sel_opt(k)
2
# indname(k)
survey_index1
# nselages_in_ind(k)
11
# phase_sel_ind(k)
-2
# sel_change_in_ind(k)
 1 0 0 0 0 0 0 0 0 0 0 0 0 0 0 0 0 0 0 0 0 0 0 0 0 0 0 0 0 0
# n_sel_ch_ind(k)
1
# yrs_sel_ch_ind(k)(1,n_sel_ch_ind(k))
 1
# sel_slp_in_ind(k,1)
2
# sel_inf_in_ind(k,1)
1.5
# logsel_slp_in_ind(k,1)
0.693147
# logsel_slp_in_indv(k)
0.693147
survey_index1 ind sel opt 2  1 0 0 0 0 0 0 0 0 0 0 0 0 0 0 0 0 0 0 0 0 0 0 0 0 0 0 0 0 0
Phase indices Sel_Coffs:  -1
 Test: 1.23457e+008
# Fshry Selages:  11
# Srvy  Selages:  11
# Phase for age-spec fishery  -1
# Phase for logistic fishery  -2
# Phase for dble logistic fishery  -1
# Phase for age-spec indices   -1
# Phase for logistic indices   -2
# Phase for dble logistic ind  -1
# Curv_pen_fsh: 
 0
# Curv_pen_ind: 
 0
# styr_fut
31
# endyr_fut
35
# nyrs_fsh_age
 30
# nyrs_fsh_age
 30
# yrs_fsh_age
 1 2 3 4 5 6 7 8 9 10 11 12 13 14 15 16 17 18 19 20 21 22 23 24 25 26 27 28 29 30
# n_sample_fsh_age
 200 200 200 200 200 200 200 200 200 200 200 200 200 200 200 200 200 200 200 200 200 200 200 200 200 200 200 200 200 200
# oac_fsh
 0.075 0.15 0.115 0.08 0.13 0.09 0.05 0.065 0.045 0.05 0.03 0.12
 0.08 0.125 0.125 0.13 0.105 0.055 0.07 0.05 0.055 0.04 0.02 0.145
 0.055 0.095 0.16 0.115 0.105 0.085 0.075 0.06 0.065 0.025 0.03 0.13
 0.05 0.1 0.135 0.1 0.13 0.08 0.065 0.085 0.04 0.045 0.02 0.15
 0.1 0.1 0.125 0.175 0.085 0.1 0.045 0.05 0.04 0.04 0.02 0.12
 0.07 0.14 0.105 0.14 0.13 0.075 0.045 0.035 0.055 0.055 0.025 0.125
 0.11 0.135 0.185 0.07 0.095 0.08 0.05 0.025 0.05 0.025 0.015 0.16
 0.085 0.115 0.125 0.21 0.075 0.08 0.07 0.035 0.045 0.03 0.02 0.11
 0.085 0.15 0.12 0.14 0.15 0.035 0.065 0.055 0.045 0.02 0.025 0.11
 0.105 0.13 0.18 0.115 0.115 0.085 0.045 0.07 0.025 0.035 0.015 0.08
 0.12 0.135 0.085 0.11 0.125 0.11 0.04 0.055 0.055 0.04 0.03 0.095
 0.105 0.155 0.17 0.1 0.11 0.1 0.06 0.055 0.005 0.025 0.035 0.08
 0.095 0.125 0.215 0.115 0.14 0.105 0.045 0.06 0.025 0.01 0.005 0.06
 0.135 0.155 0.165 0.13 0.1 0.075 0.07 0.04 0.03 0.01 0.025 0.065
 0.12 0.165 0.16 0.13 0.125 0.07 0.05 0.045 0.025 0.035 0.015 0.06
 0.11 0.115 0.215 0.175 0.085 0.075 0.055 0.03 0.035 0.015 0.02 0.07
 0.1 0.165 0.165 0.17 0.125 0.07 0.05 0.05 0.015 0.03 0.025 0.035
 0.11 0.22 0.165 0.17 0.08 0.065 0.04 0.03 0.04 0.03 0.03 0.02
 0.125 0.13 0.24 0.165 0.105 0.09 0.03 0.02 0.035 0.005 0.01 0.045
 0.095 0.19 0.125 0.185 0.16 0.1 0.035 0.015 0.025 0.025 0.01 0.035
 0.165 0.115 0.18 0.12 0.15 0.065 0.065 0.065 0.015 0.01 0.02 0.03
 0.17 0.225 0.16 0.125 0.12 0.06 0.03 0.03 0.025 0.015 0.005 0.035
 0.165 0.21 0.275 0.1 0.075 0.07 0.06 0.025 0 0 0.005 0.015
 0.1 0.165 0.27 0.19 0.055 0.065 0.03 0.045 0.03 0.005 0.02 0.025
 0.14 0.185 0.15 0.23 0.135 0.035 0.03 0.03 0.025 0.02 0.005 0.015
 0.15 0.205 0.16 0.135 0.125 0.1 0.055 0.02 0.02 0.005 0 0.025
 0.155 0.14 0.265 0.19 0.08 0.08 0.045 0.02 0.01 0.005 0.01 0
 0.21 0.19 0.15 0.165 0.085 0.06 0.04 0.05 0.015 0.015 0.005 0.015
 0.195 0.25 0.18 0.11 0.125 0.04 0.045 0.035 0 0.01 0.005 0.005
 0.165 0.24 0.205 0.18 0.055 0.06 0.035 0.02 0.005 0.01 0.005 0.02
# olc_fsh

# wt_fsh
 0.000530656 0.00119633 0.00205827 0.00303499 0.00405521 0.0050647 0.00602623 0.00691692 0.00772489 0.00844611 0.00908185 0.0096367
 0.000530656 0.00119633 0.00205827 0.00303499 0.00405521 0.0050647 0.00602623 0.00691692 0.00772489 0.00844611 0.00908185 0.0096367
 0.000530656 0.00119633 0.00205827 0.00303499 0.00405521 0.0050647 0.00602623 0.00691692 0.00772489 0.00844611 0.00908185 0.0096367
 0.000530656 0.00119633 0.00205827 0.00303499 0.00405521 0.0050647 0.00602623 0.00691692 0.00772489 0.00844611 0.00908185 0.0096367
 0.000530656 0.00119633 0.00205827 0.00303499 0.00405521 0.0050647 0.00602623 0.00691692 0.00772489 0.00844611 0.00908185 0.0096367
 0.000530656 0.00119633 0.00205827 0.00303499 0.00405521 0.0050647 0.00602623 0.00691692 0.00772489 0.00844611 0.00908185 0.0096367
 0.000530656 0.00119633 0.00205827 0.00303499 0.00405521 0.0050647 0.00602623 0.00691692 0.00772489 0.00844611 0.00908185 0.0096367
 0.000530656 0.00119633 0.00205827 0.00303499 0.00405521 0.0050647 0.00602623 0.00691692 0.00772489 0.00844611 0.00908185 0.0096367
 0.000530656 0.00119633 0.00205827 0.00303499 0.00405521 0.0050647 0.00602623 0.00691692 0.00772489 0.00844611 0.00908185 0.0096367
 0.000530656 0.00119633 0.00205827 0.00303499 0.00405521 0.0050647 0.00602623 0.00691692 0.00772489 0.00844611 0.00908185 0.0096367
 0.000530656 0.00119633 0.00205827 0.00303499 0.00405521 0.0050647 0.00602623 0.00691692 0.00772489 0.00844611 0.00908185 0.0096367
 0.000530656 0.00119633 0.00205827 0.00303499 0.00405521 0.0050647 0.00602623 0.00691692 0.00772489 0.00844611 0.00908185 0.0096367
 0.000530656 0.00119633 0.00205827 0.00303499 0.00405521 0.0050647 0.00602623 0.00691692 0.00772489 0.00844611 0.00908185 0.0096367
 0.000530656 0.00119633 0.00205827 0.00303499 0.00405521 0.0050647 0.00602623 0.00691692 0.00772489 0.00844611 0.00908185 0.0096367
 0.000530656 0.00119633 0.00205827 0.00303499 0.00405521 0.0050647 0.00602623 0.00691692 0.00772489 0.00844611 0.00908185 0.0096367
 0.000530656 0.00119633 0.00205827 0.00303499 0.00405521 0.0050647 0.00602623 0.00691692 0.00772489 0.00844611 0.00908185 0.0096367
 0.000530656 0.00119633 0.00205827 0.00303499 0.00405521 0.0050647 0.00602623 0.00691692 0.00772489 0.00844611 0.00908185 0.0096367
 0.000530656 0.00119633 0.00205827 0.00303499 0.00405521 0.0050647 0.00602623 0.00691692 0.00772489 0.00844611 0.00908185 0.0096367
 0.000530656 0.00119633 0.00205827 0.00303499 0.00405521 0.0050647 0.00602623 0.00691692 0.00772489 0.00844611 0.00908185 0.0096367
 0.000530656 0.00119633 0.00205827 0.00303499 0.00405521 0.0050647 0.00602623 0.00691692 0.00772489 0.00844611 0.00908185 0.0096367
 0.000530656 0.00119633 0.00205827 0.00303499 0.00405521 0.0050647 0.00602623 0.00691692 0.00772489 0.00844611 0.00908185 0.0096367
 0.000530656 0.00119633 0.00205827 0.00303499 0.00405521 0.0050647 0.00602623 0.00691692 0.00772489 0.00844611 0.00908185 0.0096367
 0.000530656 0.00119633 0.00205827 0.00303499 0.00405521 0.0050647 0.00602623 0.00691692 0.00772489 0.00844611 0.00908185 0.0096367
 0.000530656 0.00119633 0.00205827 0.00303499 0.00405521 0.0050647 0.00602623 0.00691692 0.00772489 0.00844611 0.00908185 0.0096367
 0.000530656 0.00119633 0.00205827 0.00303499 0.00405521 0.0050647 0.00602623 0.00691692 0.00772489 0.00844611 0.00908185 0.0096367
 0.000530656 0.00119633 0.00205827 0.00303499 0.00405521 0.0050647 0.00602623 0.00691692 0.00772489 0.00844611 0.00908185 0.0096367
 0.000530656 0.00119633 0.00205827 0.00303499 0.00405521 0.0050647 0.00602623 0.00691692 0.00772489 0.00844611 0.00908185 0.0096367
 0.000530656 0.00119633 0.00205827 0.00303499 0.00405521 0.0050647 0.00602623 0.00691692 0.00772489 0.00844611 0.00908185 0.0096367
 0.000530656 0.00119633 0.00205827 0.00303499 0.00405521 0.0050647 0.00602623 0.00691692 0.00772489 0.00844611 0.00908185 0.0096367
 0.000530656 0.00119633 0.00205827 0.00303499 0.00405521 0.0050647 0.00602623 0.00691692 0.00772489 0.00844611 0.00908185 0.0096367
# nyrs_ind_age
 30
# yrs_ind_age
 1 2 3 4 5 6 7 8 9 10 11 12 13 14 15 16 17 18 19 20 21 22 23 24 25 26 27 28 29 30
# n_sample_ind_age
 200 200 200 200 200 200 200 200 200 200 200 200 200 200 200 200 200 200 200 200 200 200 200 200 200 200 200 200 200 200
# oac_ind
 0.06 0.17 0.105 0.145 0.1 0.115 0.095 0.065 0.02 0.025 0.01 0.09
 0.085 0.13 0.145 0.08 0.12 0.06 0.06 0.08 0.075 0.05 0.025 0.09
 0.045 0.185 0.185 0.085 0.1 0.06 0.05 0.065 0.06 0.035 0.025 0.105
 0.055 0.09 0.195 0.13 0.085 0.08 0.04 0.075 0.05 0.03 0.03 0.14
 0.075 0.09 0.21 0.15 0.075 0.08 0.06 0.03 0.03 0.01 0.04 0.15
 0.075 0.26 0.07 0.115 0.095 0.08 0.05 0.035 0.04 0.055 0.025 0.1
 0.045 0.18 0.195 0.075 0.1 0.07 0.065 0.045 0.065 0.045 0.025 0.09
 0.045 0.14 0.125 0.185 0.08 0.105 0.075 0.035 0.04 0.025 0.035 0.11
 0.08 0.155 0.14 0.155 0.145 0.055 0.035 0.06 0.03 0.025 0.02 0.1
 0.06 0.135 0.215 0.14 0.12 0.07 0.045 0.045 0.06 0.02 0.01 0.08
 0.09 0.17 0.135 0.13 0.13 0.085 0.09 0.03 0.025 0.02 0.01 0.085
 0.1 0.175 0.175 0.125 0.14 0.08 0.06 0.06 0.005 0.015 0.01 0.055
 0.065 0.13 0.16 0.22 0.1 0.08 0.05 0.05 0.025 0.015 0.03 0.075
 0.09 0.19 0.19 0.145 0.085 0.065 0.085 0.03 0.04 0.02 0.005 0.055
 0.07 0.17 0.185 0.135 0.11 0.115 0.065 0.035 0.03 0.01 0.025 0.05
 0.13 0.17 0.17 0.14 0.095 0.045 0.055 0.035 0.03 0.035 0.03 0.065
 0.095 0.225 0.19 0.12 0.1 0.08 0.055 0.04 0.02 0.01 0.025 0.04
 0.05 0.23 0.195 0.115 0.135 0.065 0.07 0.045 0.035 0.01 0.005 0.045
 0.105 0.18 0.245 0.195 0.065 0.06 0.06 0.015 0.03 0.01 0.015 0.02
 0.085 0.21 0.22 0.15 0.11 0.06 0.035 0.025 0.025 0.02 0.015 0.045
 0.145 0.225 0.225 0.09 0.105 0.075 0.035 0.025 0.015 0.015 0.02 0.025
 0.19 0.255 0.115 0.115 0.08 0.09 0.05 0.025 0.01 0.025 0.01 0.035
 0.125 0.2 0.27 0.1 0.085 0.055 0.065 0.045 0.01 0.02 0 0.025
 0.12 0.23 0.215 0.16 0.1 0.07 0.04 0.015 0.015 0.02 0.005 0.01
 0.1 0.21 0.21 0.195 0.135 0.045 0.035 0.025 0.005 0.01 0.01 0.02
 0.07 0.36 0.165 0.125 0.135 0.075 0.015 0.02 0.015 0.005 0 0.015
 0.13 0.205 0.25 0.14 0.09 0.075 0.04 0.01 0.025 0.005 0.02 0.01
 0.15 0.275 0.13 0.215 0.115 0.065 0.025 0.005 0.015 0 0 0.005
 0.13 0.345 0.2 0.1 0.11 0.05 0.045 0 0 0 0.015 0.005
 0.095 0.27 0.275 0.15 0.065 0.07 0.05 0.01 0.01 0.005 0 0
# olc_ind

# obs_lse_ind
 0.198042 0.198042 0.198042 0.198042 0.198042 0.198042 0.198042 0.198042 0.198042 0.198042 0.198042 0.198042 0.198042 0.198042 0.198042 0.198042 0.198042 0.198042 0.198042 0.198042 0.198042 0.198042 0.198042 0.198042 0.198042 0.198042 0.198042 0.198042 0.198042 0.198042
# xages_fsh
 0 0 0 0 0 0 0 0 0 0 0 0
# xages_fsh
 0 0.0909091 0.181818 0.272727 0.363636 0.454545 0.545455 0.636364 0.727273 0.818182 0.909091 1
# xnodes_fsh

Yrs fsh_sel change:  1 0 0 0 0 0 0 0 0 0 0 0 0 0 0 0 0 0 0 0 0 0 0 0 0 0 0 0 0
Yrs ind_sel change:  1 0 0 0 0 0 0 0 0 0 0 0 0 0 0 0 0 0 0 0 0 0 0 0 0 0 0 0 0
# steepnessprior
0.75
# sigmarprior
0.2
#  SSB estimated in styr endyr: -12 28 
#  Rec estimated in styr endyr: -10 30 
#  SR Curve fit  in styr endyr: 1 30 
#             Model styr endyr: 1 30 
# qprior
 3.48998e-007
# q_power_prior 
 1 
# cv_catchbiomass 
0.05 
# CatchbiomassPen 
200 
# Number of projection years 
5 
# offset_fsh
 13417.4
# offset_ind
 13130.7
Mean Catch
1277.03
R_guess 
13.8155
# nfsh
1
# n_sel_ch_fsh
 1
# nselages_fsh
 11
# phase_selcoff_fsh
 -1
logRzero 13.8155
logmeanrec 13.8155
exp(log_sigmarprior 0.2
Fish sel phase: -1 OM1
Fixing fishery sel to
1
Fixing fishery sel to
1
Srvy sel phase: -1
Fixing survey_index1 indices sel to
1
Fixing index sel to
1
# logsel_slp_in_indv
 0.693147
Leaving parameter init secton
# M
 0.2 0.2 0.2 0.2 0.2 0.2 0.2 0.2 0.2 0.2 0.2 0.2
 0.2 0.2 0.2 0.2 0.2 0.2 0.2 0.2 0.2 0.2 0.2 0.2
 0.2 0.2 0.2 0.2 0.2 0.2 0.2 0.2 0.2 0.2 0.2 0.2
 0.2 0.2 0.2 0.2 0.2 0.2 0.2 0.2 0.2 0.2 0.2 0.2
 0.2 0.2 0.2 0.2 0.2 0.2 0.2 0.2 0.2 0.2 0.2 0.2
 0.2 0.2 0.2 0.2 0.2 0.2 0.2 0.2 0.2 0.2 0.2 0.2
 0.2 0.2 0.2 0.2 0.2 0.2 0.2 0.2 0.2 0.2 0.2 0.2
 0.2 0.2 0.2 0.2 0.2 0.2 0.2 0.2 0.2 0.2 0.2 0.2
 0.2 0.2 0.2 0.2 0.2 0.2 0.2 0.2 0.2 0.2 0.2 0.2
 0.2 0.2 0.2 0.2 0.2 0.2 0.2 0.2 0.2 0.2 0.2 0.2
 0.2 0.2 0.2 0.2 0.2 0.2 0.2 0.2 0.2 0.2 0.2 0.2
 0.2 0.2 0.2 0.2 0.2 0.2 0.2 0.2 0.2 0.2 0.2 0.2
 0.2 0.2 0.2 0.2 0.2 0.2 0.2 0.2 0.2 0.2 0.2 0.2
 0.2 0.2 0.2 0.2 0.2 0.2 0.2 0.2 0.2 0.2 0.2 0.2
 0.2 0.2 0.2 0.2 0.2 0.2 0.2 0.2 0.2 0.2 0.2 0.2
 0.2 0.2 0.2 0.2 0.2 0.2 0.2 0.2 0.2 0.2 0.2 0.2
 0.2 0.2 0.2 0.2 0.2 0.2 0.2 0.2 0.2 0.2 0.2 0.2
 0.2 0.2 0.2 0.2 0.2 0.2 0.2 0.2 0.2 0.2 0.2 0.2
 0.2 0.2 0.2 0.2 0.2 0.2 0.2 0.2 0.2 0.2 0.2 0.2
 0.2 0.2 0.2 0.2 0.2 0.2 0.2 0.2 0.2 0.2 0.2 0.2
 0.2 0.2 0.2 0.2 0.2 0.2 0.2 0.2 0.2 0.2 0.2 0.2
 0.2 0.2 0.2 0.2 0.2 0.2 0.2 0.2 0.2 0.2 0.2 0.2
 0.2 0.2 0.2 0.2 0.2 0.2 0.2 0.2 0.2 0.2 0.2 0.2
 0.2 0.2 0.2 0.2 0.2 0.2 0.2 0.2 0.2 0.2 0.2 0.2
 0.2 0.2 0.2 0.2 0.2 0.2 0.2 0.2 0.2 0.2 0.2 0.2
 0.2 0.2 0.2 0.2 0.2 0.2 0.2 0.2 0.2 0.2 0.2 0.2
 0.2 0.2 0.2 0.2 0.2 0.2 0.2 0.2 0.2 0.2 0.2 0.2
 0.2 0.2 0.2 0.2 0.2 0.2 0.2 0.2 0.2 0.2 0.2 0.2
 0.2 0.2 0.2 0.2 0.2 0.2 0.2 0.2 0.2 0.2 0.2 0.2
 0.2 0.2 0.2 0.2 0.2 0.2 0.2 0.2 0.2 0.2 0.2 0.2
# mean_log_rec
13.7461
# log_Rzero
13.7922
# rec_dev
 -0.115258 -0.13411 -0.0477864 -0.0131421 0.0919052 0.124243 0.0577842 0.0624417 6.97591e-005 -0.0314314 0.0565852 0.0699258 0.240233 0.0900587 -0.25709 0.365078 0.194412 0.0921315 0.169872 -0.0543977 0.09247 0.0934461 -0.0443143 -0.00586521 0.0564809 -0.055286 0.0909969 0.119519 -0.244819 -0.149965 -0.38273 0.0739573 0.00856846 -0.256667 -0.338259 -0.118127 -0.575098 -0.262079 -0.0580729 -0.154369 -0.31535
# fmort
 0.00917746 0.0273606 0.0454308 0.0619316 0.0490368 0.0889974 0.0910683 0.193692 0.112317 0.139212 0.157106 0.169476 0.124181 0.178775 0.190825 0.168714 0.329522 0.269091 0.264731 0.260015 0.360895 0.259379 0.42714 0.353539 0.348891 0.313116 0.307157 0.426228 0.324596 0.487211
# rec_dev_future
 0 0 0 0 0
