AMAK;August_2013
# styr
1
# endyr
30
# rec_age
1
# oldest_age
12
# nlength
81
# len_bins
 10 11 12 13 14 15 16 17 18 19 20 21 22 23 24 25 26 27 28 29 30 31 32 33 34 35 36 37 38 39 40 41 42 43 44 45 46 47 48 49 50 51 52 53 54 55 56 57 58 59 60 61 62 63 64 65 66 67 68 69 70 71 72 73 74 75 76 77 78 79 80 81 82 83 84 85 86 87 88 89 90
# datafile_name
amak_data.dat
# model_name
OM_1
# styr
1
# endyr
30
# rec_age
1
# oldest_age
12
# nfsh
1
# fshname
OM1
# catch_bio_in
 161.162 464.925 759.919 998.928 766.676 1323.64 1279.12 2486.7 1333.26 1528.32 1630.41 1615.75 1104.36 1531.78 1503.34 1274.99 2257.89 1612.93 1461.3 1321.51 1631.29 1083.74 1630.11 1207.56 1125.44 969.239 926.698 1204.54 870.606 1263.79
# catch_bio_sd_in
 0.01 0.01 0.01 0.01 0.01 0.01 0.01 0.01 0.01 0.01 0.01 0.01 0.01 0.01 0.01 0.01 0.01 0.01 0.01 0.01 0.01 0.01 0.01 0.01 0.01 0.01 0.01 0.01 0.01 0.01
# nyrs_fsh_age
 30
# nyrs_fsh_length
 0
# yrs_fsh_age_in
 1 2 3 4 5 6 7 8 9 10 11 12 13 14 15 16 17 18 19 20 21 22 23 24 25 26 27 28 29 30
# yrs_fsh_length_in

# n_sample_fsh_length_in

# olc_fsh_in

# nind
1
# indname
survey_index1
# nyrs_ind
 30
# yrs_ind_in
 1 2 3 4 5 6 7 8 9 10 11 12 13 14 15 16 17 18 19 20 21 22 23 24 25 26 27 28 29 30
# mo_ind
 1
# obs_ind_in
 1.50713 1.71689 1.63027 1.62893 1.54798 1.51964 1.4841 1.30256 1.13036 1.2945 1.29199 1.00752 0.977524 0.925871 1.14552 0.940435 0.958787 1.0131 0.658358 0.716829 0.909187 0.732638 0.618814 0.626015 0.545934 0.573177 0.531432 0.513885 0.569148 0.522376
# obs_se_ind_in
 0.301425 0.343378 0.326054 0.325786 0.309597 0.303927 0.296821 0.260512 0.226072 0.258899 0.258398 0.201503 0.195505 0.185174 0.229105 0.188087 0.191757 0.20262 0.131672 0.143366 0.181837 0.146528 0.123763 0.125203 0.109187 0.114635 0.106286 0.102777 0.11383 0.104475
# nyrs_ind_age
 30
# nyrs_ind_length
 0
# yrs_ind_age_in
 1 2 3 4 5 6 7 8 9 10 11 12 13 14 15 16 17 18 19 20 21 22 23 24 25 26 27 28 29 30
# yrs_ind_length_in

# yrs_ind_age_in
 1 2 3 4 5 6 7 8 9 10 11 12 13 14 15 16 17 18 19 20 21 22 23 24 25 26 27 28 29 30
# n_sample_ind_length_in

# olc_ind_in

# oac_ind_in
 0.065 0.15 0.175 0.14 0.07 0.1 0.07 0.035 0.04 0.025 0.02 0.11
 0.095 0.135 0.105 0.145 0.06 0.08 0.07 0.085 0.06 0.04 0.03 0.095
 0.06 0.2 0.13 0.145 0.07 0.065 0.035 0.075 0.05 0.055 0.02 0.095
 0.04 0.145 0.19 0.15 0.065 0.09 0.05 0.085 0.03 0.035 0.025 0.095
 0.075 0.115 0.21 0.125 0.09 0.065 0.055 0.03 0.035 0.015 0.035 0.15
 0.07 0.19 0.13 0.11 0.115 0.065 0.055 0.035 0.055 0.045 0.025 0.105
 0.045 0.155 0.215 0.1 0.085 0.095 0.05 0.02 0.05 0.02 0.01 0.155
 0.11 0.135 0.17 0.175 0.08 0.07 0.07 0.045 0.04 0.025 0.015 0.065
 0.08 0.21 0.12 0.135 0.145 0.055 0.035 0.05 0.035 0.04 0.035 0.06
 0.07 0.15 0.15 0.13 0.14 0.085 0.045 0.075 0.035 0.025 0.02 0.075
 0.06 0.155 0.17 0.145 0.11 0.09 0.06 0.05 0.015 0.02 0.005 0.12
 0.06 0.15 0.255 0.1 0.09 0.085 0.08 0.075 0.01 0.02 0.01 0.065
 0.085 0.195 0.175 0.135 0.085 0.08 0.07 0.035 0.055 0.01 0.02 0.055
 0.095 0.18 0.19 0.15 0.085 0.04 0.07 0.045 0.025 0.03 0.01 0.08
 0.115 0.155 0.2 0.14 0.08 0.085 0.03 0.045 0.005 0.025 0.045 0.075
 0.1 0.17 0.17 0.16 0.085 0.09 0.07 0.04 0.035 0.025 0.035 0.02
 0.12 0.17 0.185 0.145 0.095 0.085 0.045 0.03 0.055 0.01 0.01 0.05
 0.06 0.245 0.24 0.125 0.12 0.055 0.035 0.04 0.02 0.01 0.01 0.04
 0.09 0.115 0.26 0.165 0.1 0.06 0.035 0.035 0.03 0.03 0.015 0.065
 0.095 0.18 0.175 0.215 0.1 0.065 0.04 0.04 0.015 0.03 0.01 0.035
 0.14 0.18 0.195 0.165 0.135 0.075 0.025 0.02 0.015 0.01 0.01 0.03
 0.115 0.285 0.17 0.155 0.08 0.07 0.045 0.035 0.02 0.005 0.015 0.005
 0.12 0.305 0.235 0.095 0.065 0.045 0.055 0.04 0.02 0.015 0 0.005
 0.085 0.215 0.275 0.19 0.09 0.05 0.02 0.04 0.005 0.005 0.005 0.02
 0.105 0.18 0.215 0.2 0.155 0.06 0.025 0.02 0.01 0.01 0 0.02
 0.075 0.295 0.155 0.185 0.15 0.075 0.03 0.01 0 0.005 0.01 0.01
 0.115 0.235 0.255 0.15 0.11 0.055 0.035 0.01 0.015 0.005 0.01 0.005
 0.14 0.265 0.18 0.155 0.13 0.055 0.03 0.025 0.01 0.005 0.005 0
 0.12 0.325 0.185 0.09 0.14 0.05 0.045 0.025 0.01 0 0.01 0
 0.095 0.28 0.235 0.125 0.065 0.1 0.025 0.02 0.03 0.01 0 0.015
# wt_ind
 1 1 1 1 1 1 1 1 1 1 1 1
 1 1 1 1 1 1 1 1 1 1 1 1
 1 1 1 1 1 1 1 1 1 1 1 1
 1 1 1 1 1 1 1 1 1 1 1 1
 1 1 1 1 1 1 1 1 1 1 1 1
 1 1 1 1 1 1 1 1 1 1 1 1
 1 1 1 1 1 1 1 1 1 1 1 1
 1 1 1 1 1 1 1 1 1 1 1 1
 1 1 1 1 1 1 1 1 1 1 1 1
 1 1 1 1 1 1 1 1 1 1 1 1
 1 1 1 1 1 1 1 1 1 1 1 1
 1 1 1 1 1 1 1 1 1 1 1 1
 1 1 1 1 1 1 1 1 1 1 1 1
 1 1 1 1 1 1 1 1 1 1 1 1
 1 1 1 1 1 1 1 1 1 1 1 1
 1 1 1 1 1 1 1 1 1 1 1 1
 1 1 1 1 1 1 1 1 1 1 1 1
 1 1 1 1 1 1 1 1 1 1 1 1
 1 1 1 1 1 1 1 1 1 1 1 1
 1 1 1 1 1 1 1 1 1 1 1 1
 1 1 1 1 1 1 1 1 1 1 1 1
 1 1 1 1 1 1 1 1 1 1 1 1
 1 1 1 1 1 1 1 1 1 1 1 1
 1 1 1 1 1 1 1 1 1 1 1 1
 1 1 1 1 1 1 1 1 1 1 1 1
 1 1 1 1 1 1 1 1 1 1 1 1
 1 1 1 1 1 1 1 1 1 1 1 1
 1 1 1 1 1 1 1 1 1 1 1 1
 1 1 1 1 1 1 1 1 1 1 1 1
 1 1 1 1 1 1 1 1 1 1 1 1
# wt_pop
 0.000530656 0.00119633 0.00205827 0.00303499 0.00405521 0.0050647 0.00602623 0.00691692 0.00772489 0.00844611 0.00908185 0.0096367
# maturity
 0.0229774 0.320821 0.904651 0.99478 0.999739 0.999987 0.999999 1 1 1 1 1
# spawnmo
1
# age_err
 1 0 0 0 0 0 0 0 0 0 0 0
 0 1 0 0 0 0 0 0 0 0 0 0
 0 0 1 0 0 0 0 0 0 0 0 0
 0 0 0 1 0 0 0 0 0 0 0 0
 0 0 0 0 1 0 0 0 0 0 0 0
 0 0 0 0 0 1 0 0 0 0 0 0
 0 0 0 0 0 0 1 0 0 0 0 0
 0 0 0 0 0 0 0 1 0 0 0 0
 0 0 0 0 0 0 0 0 1 0 0 0
 0 0 0 0 0 0 0 0 0 1 0 0
 0 0 0 0 0 0 0 0 0 0 1 0
 0 0 0 0 0 0 0 0 0 0 0 1
# cntrlfile_name
C:\Users\bai.li\Desktop\s1_test\AMAK\s35\amak.dat
# Map shared selectivity: 
# sel_map
 1 2
 1 1
# datafile_name
amak_data.dat
# model_name
OM_1
# SrType
2
# use_age_err
0
# retro
0
# sigmarprior
0.2
# cvsigmarprior
0.25
# phase_sigmar
-3
# styr_rec_est
1
# endyr_rec_est
30
# Linfprior
80
# cvLinfprior
0.25
# kprior
0.18
# cvkprior
0.25
# Loprior
27.688
# cvLoprior
0.25
# sdageprior
0.1
# cvsdageprior
0.25
# natmortprior
0.2
# cvnatmortprior
0.25
# phase_M
-4
# npars_Mage
0
# ages_M_changes

# Mage_in

# phase_Mage
-5
# phase_rw_M
0
# npars_rw_M
0
# yrs_rw_M

# sigma_rw_M

# qprior
 3.48998e-007
# cvqprior
 1
# phase_q
 1
# q_power_prior
 1
# cvq_power_prior
 0.2
# phase_q_power
 -4
# phase_rw_q
 -1
# npars_rw_q
 0
# yrs_rw_q

# sigma_rw_q

# q_age_min
 1
# q_age_max
 12
# q_age_min
 1
# q_age_max
 12
# fsh_sel_opt(k)
2
# phase_sel_fsh(k)
-2
# n_sel_ch_fsh(k)
1
# sel_slp_in_fsh(k)(1,n_sel_ch_fsh(k))
 1
# sel_inf_in_fsh(k)(1,n_sel_ch_fsh(k))
 2
# logsel_slp_in_fsh(k)(1,n_sel_ch_fsh(k))
 0
# yrs_sel_ch_fsh(k)(1,n_sel_ch_fsh(k))
 1

Survey survey_index1
# ind_sel_opt(k)
2
# indname(k)
survey_index1
# nselages_in_ind(k)
11
# phase_sel_ind(k)
-2
# sel_change_in_ind(k)
 1 0 0 0 0 0 0 0 0 0 0 0 0 0 0 0 0 0 0 0 0 0 0 0 0 0 0 0 0 0
# n_sel_ch_ind(k)
1
# yrs_sel_ch_ind(k)(1,n_sel_ch_ind(k))
 1
# sel_slp_in_ind(k,1)
2
# sel_inf_in_ind(k,1)
1.5
# logsel_slp_in_ind(k,1)
0.693147
# logsel_slp_in_indv(k)
0.693147
survey_index1 ind sel opt 2  1 0 0 0 0 0 0 0 0 0 0 0 0 0 0 0 0 0 0 0 0 0 0 0 0 0 0 0 0 0
Phase indices Sel_Coffs:  -1
 Test: 1.23457e+008
# Fshry Selages:  11
# Srvy  Selages:  11
# Phase for age-spec fishery  -1
# Phase for logistic fishery  -2
# Phase for dble logistic fishery  -1
# Phase for age-spec indices   -1
# Phase for logistic indices   -2
# Phase for dble logistic ind  -1
# Curv_pen_fsh: 
 0
# Curv_pen_ind: 
 0
# styr_fut
31
# endyr_fut
35
# nyrs_fsh_age
 30
# nyrs_fsh_age
 30
# yrs_fsh_age
 1 2 3 4 5 6 7 8 9 10 11 12 13 14 15 16 17 18 19 20 21 22 23 24 25 26 27 28 29 30
# n_sample_fsh_age
 200 200 200 200 200 200 200 200 200 200 200 200 200 200 200 200 200 200 200 200 200 200 200 200 200 200 200 200 200 200
# oac_fsh
 0.045 0.1 0.115 0.125 0.16 0.085 0.095 0.05 0.035 0.04 0.015 0.135
 0.065 0.14 0.115 0.125 0.085 0.075 0.08 0.07 0.045 0.035 0.025 0.14
 0.075 0.13 0.13 0.095 0.13 0.12 0.085 0.035 0.035 0.04 0.015 0.11
 0.035 0.115 0.175 0.135 0.065 0.095 0.08 0.055 0.04 0.04 0.03 0.135
 0.095 0.08 0.105 0.15 0.09 0.095 0.085 0.045 0.055 0.035 0.015 0.15
 0.075 0.155 0.08 0.1 0.12 0.095 0.07 0.06 0.06 0.015 0.035 0.135
 0.075 0.16 0.195 0.055 0.085 0.11 0.065 0.045 0.03 0.04 0.035 0.105
 0.07 0.115 0.13 0.155 0.09 0.085 0.085 0.06 0.045 0.055 0.03 0.08
 0.065 0.14 0.13 0.115 0.17 0.045 0.055 0.075 0.045 0.02 0.035 0.105
 0.105 0.075 0.16 0.125 0.125 0.11 0.045 0.045 0.06 0.045 0.03 0.075
 0.15 0.115 0.13 0.125 0.09 0.1 0.095 0.035 0.045 0.035 0.015 0.065
 0.075 0.07 0.19 0.135 0.15 0.075 0.08 0.07 0.04 0.015 0.03 0.07
 0.115 0.18 0.155 0.115 0.11 0.09 0.045 0.045 0.04 0.005 0.005 0.095
 0.1 0.175 0.18 0.145 0.09 0.075 0.075 0.025 0.05 0.015 0.015 0.055
 0.09 0.16 0.195 0.12 0.15 0.09 0.04 0.045 0.02 0.03 0.01 0.05
 0.12 0.125 0.18 0.135 0.11 0.075 0.05 0.05 0.045 0.01 0.015 0.085
 0.115 0.145 0.155 0.15 0.115 0.075 0.075 0.07 0.015 0.02 0.015 0.05
 0.095 0.2 0.205 0.11 0.175 0.065 0.04 0.035 0.03 0.005 0.005 0.035
 0.125 0.145 0.22 0.17 0.07 0.06 0.085 0.045 0.01 0.02 0.005 0.045
 0.11 0.2 0.125 0.165 0.17 0.07 0.035 0.02 0.025 0.02 0.015 0.045
 0.145 0.14 0.18 0.155 0.11 0.1 0.04 0.025 0.025 0.01 0.025 0.045
 0.17 0.275 0.17 0.11 0.05 0.08 0.045 0.025 0.015 0.05 0.005 0.005
 0.11 0.215 0.26 0.15 0.06 0.055 0.045 0.045 0.01 0.01 0.015 0.025
 0.12 0.19 0.215 0.165 0.1 0.085 0.04 0.025 0.03 0.005 0.005 0.02
 0.185 0.17 0.195 0.17 0.12 0.055 0.025 0.01 0.025 0.015 0.015 0.015
 0.1 0.23 0.16 0.17 0.13 0.08 0.065 0.02 0.005 0.01 0.01 0.02
 0.145 0.175 0.19 0.16 0.155 0.1 0.03 0.02 0.015 0.01 0 0
 0.175 0.215 0.13 0.25 0.065 0.05 0.04 0.03 0.01 0.005 0.01 0.02
 0.23 0.21 0.175 0.09 0.125 0.08 0.015 0.035 0.02 0.005 0.005 0.01
 0.165 0.285 0.185 0.12 0.085 0.055 0.04 0.025 0.015 0.01 0 0.015
# olc_fsh

# wt_fsh
 0.000530656 0.00119633 0.00205827 0.00303499 0.00405521 0.0050647 0.00602623 0.00691692 0.00772489 0.00844611 0.00908185 0.0096367
 0.000530656 0.00119633 0.00205827 0.00303499 0.00405521 0.0050647 0.00602623 0.00691692 0.00772489 0.00844611 0.00908185 0.0096367
 0.000530656 0.00119633 0.00205827 0.00303499 0.00405521 0.0050647 0.00602623 0.00691692 0.00772489 0.00844611 0.00908185 0.0096367
 0.000530656 0.00119633 0.00205827 0.00303499 0.00405521 0.0050647 0.00602623 0.00691692 0.00772489 0.00844611 0.00908185 0.0096367
 0.000530656 0.00119633 0.00205827 0.00303499 0.00405521 0.0050647 0.00602623 0.00691692 0.00772489 0.00844611 0.00908185 0.0096367
 0.000530656 0.00119633 0.00205827 0.00303499 0.00405521 0.0050647 0.00602623 0.00691692 0.00772489 0.00844611 0.00908185 0.0096367
 0.000530656 0.00119633 0.00205827 0.00303499 0.00405521 0.0050647 0.00602623 0.00691692 0.00772489 0.00844611 0.00908185 0.0096367
 0.000530656 0.00119633 0.00205827 0.00303499 0.00405521 0.0050647 0.00602623 0.00691692 0.00772489 0.00844611 0.00908185 0.0096367
 0.000530656 0.00119633 0.00205827 0.00303499 0.00405521 0.0050647 0.00602623 0.00691692 0.00772489 0.00844611 0.00908185 0.0096367
 0.000530656 0.00119633 0.00205827 0.00303499 0.00405521 0.0050647 0.00602623 0.00691692 0.00772489 0.00844611 0.00908185 0.0096367
 0.000530656 0.00119633 0.00205827 0.00303499 0.00405521 0.0050647 0.00602623 0.00691692 0.00772489 0.00844611 0.00908185 0.0096367
 0.000530656 0.00119633 0.00205827 0.00303499 0.00405521 0.0050647 0.00602623 0.00691692 0.00772489 0.00844611 0.00908185 0.0096367
 0.000530656 0.00119633 0.00205827 0.00303499 0.00405521 0.0050647 0.00602623 0.00691692 0.00772489 0.00844611 0.00908185 0.0096367
 0.000530656 0.00119633 0.00205827 0.00303499 0.00405521 0.0050647 0.00602623 0.00691692 0.00772489 0.00844611 0.00908185 0.0096367
 0.000530656 0.00119633 0.00205827 0.00303499 0.00405521 0.0050647 0.00602623 0.00691692 0.00772489 0.00844611 0.00908185 0.0096367
 0.000530656 0.00119633 0.00205827 0.00303499 0.00405521 0.0050647 0.00602623 0.00691692 0.00772489 0.00844611 0.00908185 0.0096367
 0.000530656 0.00119633 0.00205827 0.00303499 0.00405521 0.0050647 0.00602623 0.00691692 0.00772489 0.00844611 0.00908185 0.0096367
 0.000530656 0.00119633 0.00205827 0.00303499 0.00405521 0.0050647 0.00602623 0.00691692 0.00772489 0.00844611 0.00908185 0.0096367
 0.000530656 0.00119633 0.00205827 0.00303499 0.00405521 0.0050647 0.00602623 0.00691692 0.00772489 0.00844611 0.00908185 0.0096367
 0.000530656 0.00119633 0.00205827 0.00303499 0.00405521 0.0050647 0.00602623 0.00691692 0.00772489 0.00844611 0.00908185 0.0096367
 0.000530656 0.00119633 0.00205827 0.00303499 0.00405521 0.0050647 0.00602623 0.00691692 0.00772489 0.00844611 0.00908185 0.0096367
 0.000530656 0.00119633 0.00205827 0.00303499 0.00405521 0.0050647 0.00602623 0.00691692 0.00772489 0.00844611 0.00908185 0.0096367
 0.000530656 0.00119633 0.00205827 0.00303499 0.00405521 0.0050647 0.00602623 0.00691692 0.00772489 0.00844611 0.00908185 0.0096367
 0.000530656 0.00119633 0.00205827 0.00303499 0.00405521 0.0050647 0.00602623 0.00691692 0.00772489 0.00844611 0.00908185 0.0096367
 0.000530656 0.00119633 0.00205827 0.00303499 0.00405521 0.0050647 0.00602623 0.00691692 0.00772489 0.00844611 0.00908185 0.0096367
 0.000530656 0.00119633 0.00205827 0.00303499 0.00405521 0.0050647 0.00602623 0.00691692 0.00772489 0.00844611 0.00908185 0.0096367
 0.000530656 0.00119633 0.00205827 0.00303499 0.00405521 0.0050647 0.00602623 0.00691692 0.00772489 0.00844611 0.00908185 0.0096367
 0.000530656 0.00119633 0.00205827 0.00303499 0.00405521 0.0050647 0.00602623 0.00691692 0.00772489 0.00844611 0.00908185 0.0096367
 0.000530656 0.00119633 0.00205827 0.00303499 0.00405521 0.0050647 0.00602623 0.00691692 0.00772489 0.00844611 0.00908185 0.0096367
 0.000530656 0.00119633 0.00205827 0.00303499 0.00405521 0.0050647 0.00602623 0.00691692 0.00772489 0.00844611 0.00908185 0.0096367
# nyrs_ind_age
 30
# yrs_ind_age
 1 2 3 4 5 6 7 8 9 10 11 12 13 14 15 16 17 18 19 20 21 22 23 24 25 26 27 28 29 30
# n_sample_ind_age
 200 200 200 200 200 200 200 200 200 200 200 200 200 200 200 200 200 200 200 200 200 200 200 200 200 200 200 200 200 200
# oac_ind
 0.065 0.15 0.175 0.14 0.07 0.1 0.07 0.035 0.04 0.025 0.02 0.11
 0.095 0.135 0.105 0.145 0.06 0.08 0.07 0.085 0.06 0.04 0.03 0.095
 0.06 0.2 0.13 0.145 0.07 0.065 0.035 0.075 0.05 0.055 0.02 0.095
 0.04 0.145 0.19 0.15 0.065 0.09 0.05 0.085 0.03 0.035 0.025 0.095
 0.075 0.115 0.21 0.125 0.09 0.065 0.055 0.03 0.035 0.015 0.035 0.15
 0.07 0.19 0.13 0.11 0.115 0.065 0.055 0.035 0.055 0.045 0.025 0.105
 0.045 0.155 0.215 0.1 0.085 0.095 0.05 0.02 0.05 0.02 0.01 0.155
 0.11 0.135 0.17 0.175 0.08 0.07 0.07 0.045 0.04 0.025 0.015 0.065
 0.08 0.21 0.12 0.135 0.145 0.055 0.035 0.05 0.035 0.04 0.035 0.06
 0.07 0.15 0.15 0.13 0.14 0.085 0.045 0.075 0.035 0.025 0.02 0.075
 0.06 0.155 0.17 0.145 0.11 0.09 0.06 0.05 0.015 0.02 0.005 0.12
 0.06 0.15 0.255 0.1 0.09 0.085 0.08 0.075 0.01 0.02 0.01 0.065
 0.085 0.195 0.175 0.135 0.085 0.08 0.07 0.035 0.055 0.01 0.02 0.055
 0.095 0.18 0.19 0.15 0.085 0.04 0.07 0.045 0.025 0.03 0.01 0.08
 0.115 0.155 0.2 0.14 0.08 0.085 0.03 0.045 0.005 0.025 0.045 0.075
 0.1 0.17 0.17 0.16 0.085 0.09 0.07 0.04 0.035 0.025 0.035 0.02
 0.12 0.17 0.185 0.145 0.095 0.085 0.045 0.03 0.055 0.01 0.01 0.05
 0.06 0.245 0.24 0.125 0.12 0.055 0.035 0.04 0.02 0.01 0.01 0.04
 0.09 0.115 0.26 0.165 0.1 0.06 0.035 0.035 0.03 0.03 0.015 0.065
 0.095 0.18 0.175 0.215 0.1 0.065 0.04 0.04 0.015 0.03 0.01 0.035
 0.14 0.18 0.195 0.165 0.135 0.075 0.025 0.02 0.015 0.01 0.01 0.03
 0.115 0.285 0.17 0.155 0.08 0.07 0.045 0.035 0.02 0.005 0.015 0.005
 0.12 0.305 0.235 0.095 0.065 0.045 0.055 0.04 0.02 0.015 0 0.005
 0.085 0.215 0.275 0.19 0.09 0.05 0.02 0.04 0.005 0.005 0.005 0.02
 0.105 0.18 0.215 0.2 0.155 0.06 0.025 0.02 0.01 0.01 0 0.02
 0.075 0.295 0.155 0.185 0.15 0.075 0.03 0.01 0 0.005 0.01 0.01
 0.115 0.235 0.255 0.15 0.11 0.055 0.035 0.01 0.015 0.005 0.01 0.005
 0.14 0.265 0.18 0.155 0.13 0.055 0.03 0.025 0.01 0.005 0.005 0
 0.12 0.325 0.185 0.09 0.14 0.05 0.045 0.025 0.01 0 0.01 0
 0.095 0.28 0.235 0.125 0.065 0.1 0.025 0.02 0.03 0.01 0 0.015
# olc_ind

# obs_lse_ind
 0.198042 0.198042 0.198042 0.198042 0.198042 0.198042 0.198042 0.198042 0.198042 0.198042 0.198042 0.198042 0.198042 0.198042 0.198042 0.198042 0.198042 0.198042 0.198042 0.198042 0.198042 0.198042 0.198042 0.198042 0.198042 0.198042 0.198042 0.198042 0.198042 0.198042
# xages_fsh
 0 0 0 0 0 0 0 0 0 0 0 0
# xages_fsh
 0 0.0909091 0.181818 0.272727 0.363636 0.454545 0.545455 0.636364 0.727273 0.818182 0.909091 1
# xnodes_fsh

Yrs fsh_sel change:  1 0 0 0 0 0 0 0 0 0 0 0 0 0 0 0 0 0 0 0 0 0 0 0 0 0 0 0 0
Yrs ind_sel change:  1 0 0 0 0 0 0 0 0 0 0 0 0 0 0 0 0 0 0 0 0 0 0 0 0 0 0 0 0
# steepnessprior
0.75
# sigmarprior
0.2
#  SSB estimated in styr endyr: -12 28 
#  Rec estimated in styr endyr: -10 30 
#  SR Curve fit  in styr endyr: 1 30 
#             Model styr endyr: 1 30 
# qprior
 3.48998e-007
# q_power_prior 
 1 
# cv_catchbiomass 
0.05 
# CatchbiomassPen 
200 
# Number of projection years 
5 
# offset_fsh
 13443.4
# offset_ind
 13117.2
Mean Catch
1277.66
R_guess 
13.8155
# nfsh
1
# n_sel_ch_fsh
 1
# nselages_fsh
 11
# phase_selcoff_fsh
 -1
logRzero 13.8155
logmeanrec 13.8155
exp(log_sigmarprior 0.2
Fish sel phase: -1 OM1
Fixing fishery sel to
1
Fixing fishery sel to
1
Srvy sel phase: -1
Fixing survey_index1 indices sel to
1
Fixing index sel to
1
# logsel_slp_in_indv
 0.693147
Leaving parameter init secton
# M
 0.2 0.2 0.2 0.2 0.2 0.2 0.2 0.2 0.2 0.2 0.2 0.2
 0.2 0.2 0.2 0.2 0.2 0.2 0.2 0.2 0.2 0.2 0.2 0.2
 0.2 0.2 0.2 0.2 0.2 0.2 0.2 0.2 0.2 0.2 0.2 0.2
 0.2 0.2 0.2 0.2 0.2 0.2 0.2 0.2 0.2 0.2 0.2 0.2
 0.2 0.2 0.2 0.2 0.2 0.2 0.2 0.2 0.2 0.2 0.2 0.2
 0.2 0.2 0.2 0.2 0.2 0.2 0.2 0.2 0.2 0.2 0.2 0.2
 0.2 0.2 0.2 0.2 0.2 0.2 0.2 0.2 0.2 0.2 0.2 0.2
 0.2 0.2 0.2 0.2 0.2 0.2 0.2 0.2 0.2 0.2 0.2 0.2
 0.2 0.2 0.2 0.2 0.2 0.2 0.2 0.2 0.2 0.2 0.2 0.2
 0.2 0.2 0.2 0.2 0.2 0.2 0.2 0.2 0.2 0.2 0.2 0.2
 0.2 0.2 0.2 0.2 0.2 0.2 0.2 0.2 0.2 0.2 0.2 0.2
 0.2 0.2 0.2 0.2 0.2 0.2 0.2 0.2 0.2 0.2 0.2 0.2
 0.2 0.2 0.2 0.2 0.2 0.2 0.2 0.2 0.2 0.2 0.2 0.2
 0.2 0.2 0.2 0.2 0.2 0.2 0.2 0.2 0.2 0.2 0.2 0.2
 0.2 0.2 0.2 0.2 0.2 0.2 0.2 0.2 0.2 0.2 0.2 0.2
 0.2 0.2 0.2 0.2 0.2 0.2 0.2 0.2 0.2 0.2 0.2 0.2
 0.2 0.2 0.2 0.2 0.2 0.2 0.2 0.2 0.2 0.2 0.2 0.2
 0.2 0.2 0.2 0.2 0.2 0.2 0.2 0.2 0.2 0.2 0.2 0.2
 0.2 0.2 0.2 0.2 0.2 0.2 0.2 0.2 0.2 0.2 0.2 0.2
 0.2 0.2 0.2 0.2 0.2 0.2 0.2 0.2 0.2 0.2 0.2 0.2
 0.2 0.2 0.2 0.2 0.2 0.2 0.2 0.2 0.2 0.2 0.2 0.2
 0.2 0.2 0.2 0.2 0.2 0.2 0.2 0.2 0.2 0.2 0.2 0.2
 0.2 0.2 0.2 0.2 0.2 0.2 0.2 0.2 0.2 0.2 0.2 0.2
 0.2 0.2 0.2 0.2 0.2 0.2 0.2 0.2 0.2 0.2 0.2 0.2
 0.2 0.2 0.2 0.2 0.2 0.2 0.2 0.2 0.2 0.2 0.2 0.2
 0.2 0.2 0.2 0.2 0.2 0.2 0.2 0.2 0.2 0.2 0.2 0.2
 0.2 0.2 0.2 0.2 0.2 0.2 0.2 0.2 0.2 0.2 0.2 0.2
 0.2 0.2 0.2 0.2 0.2 0.2 0.2 0.2 0.2 0.2 0.2 0.2
 0.2 0.2 0.2 0.2 0.2 0.2 0.2 0.2 0.2 0.2 0.2 0.2
 0.2 0.2 0.2 0.2 0.2 0.2 0.2 0.2 0.2 0.2 0.2 0.2
# mean_log_rec
13.7396
# log_Rzero
13.7975
# rec_dev
 -0.106089 -0.185423 -0.0720861 -0.0912807 0.0531974 0.126983 0.0283827 0.0527631 0.0317763 0.148499 0.00190981 0.105935 0.321897 0.0838119 -0.18226 0.420838 0.237621 0.0013266 0.177038 -0.0864767 0.0905236 0.0325632 0.00462583 0.0710333 0.0196855 -0.104453 0.109284 0.144251 -0.316863 -0.19496 -0.245154 0.0975716 0.0524893 -0.159825 -0.364466 -0.0952503 -0.529321 -0.333417 -0.170105 -0.0679253 -0.302122
# fmort
 0.00930812 0.0270675 0.0451479 0.0613677 0.0486536 0.0873526 0.088697 0.188077 0.110924 0.135498 0.156387 0.168619 0.122078 0.177928 0.187383 0.168059 0.329974 0.269653 0.267857 0.26446 0.36617 0.264325 0.42494 0.344447 0.337188 0.301156 0.294017 0.407372 0.309405 0.468061
# rec_dev_future
 0 0 0 0 0
