AMAK;August_2013
# styr
1
# endyr
30
# rec_age
1
# oldest_age
12
# nlength
81
# len_bins
 10 11 12 13 14 15 16 17 18 19 20 21 22 23 24 25 26 27 28 29 30 31 32 33 34 35 36 37 38 39 40 41 42 43 44 45 46 47 48 49 50 51 52 53 54 55 56 57 58 59 60 61 62 63 64 65 66 67 68 69 70 71 72 73 74 75 76 77 78 79 80 81 82 83 84 85 86 87 88 89 90
# datafile_name
amak_data.dat
# model_name
OM_1
# styr
1
# endyr
30
# rec_age
1
# oldest_age
12
# nfsh
1
# fshname
OM1
# catch_bio_in
 160.321 468.095 758.961 1007.05 765.504 1322.47 1274.47 2489.08 1318.92 1531.1 1645.05 1618.9 1091.36 1507.19 1506.81 1267.14 2250.43 1611.46 1458.56 1298.96 1634.66 1062.54 1649.4 1208.23 1126.14 968.265 921.243 1200.41 870.692 1266.93
# catch_bio_sd_in
 0.01 0.01 0.01 0.01 0.01 0.01 0.01 0.01 0.01 0.01 0.01 0.01 0.01 0.01 0.01 0.01 0.01 0.01 0.01 0.01 0.01 0.01 0.01 0.01 0.01 0.01 0.01 0.01 0.01 0.01
# nyrs_fsh_age
 30
# nyrs_fsh_length
 0
# yrs_fsh_age_in
 1 2 3 4 5 6 7 8 9 10 11 12 13 14 15 16 17 18 19 20 21 22 23 24 25 26 27 28 29 30
# yrs_fsh_length_in

# n_sample_fsh_length_in

# olc_fsh_in

# nind
1
# indname
survey_index1
# nyrs_ind
 30
# yrs_ind_in
 1 2 3 4 5 6 7 8 9 10 11 12 13 14 15 16 17 18 19 20 21 22 23 24 25 26 27 28 29 30
# mo_ind
 1
# obs_ind_in
 1.43126 1.63983 1.69263 1.61102 1.40453 1.96117 1.38477 1.55363 1.23345 1.18472 0.881437 1.20904 1.04021 1.20539 1.23179 1.10059 1.22922 0.886221 0.763112 0.718319 0.697586 0.633481 0.781014 0.516685 0.619756 0.551419 0.560661 0.596515 0.52073 0.579031
# obs_se_ind_in
 0.286251 0.327965 0.338525 0.322204 0.280907 0.392235 0.276953 0.310727 0.246691 0.236944 0.176287 0.241808 0.208042 0.241078 0.246357 0.220119 0.245845 0.177244 0.152622 0.143664 0.139517 0.126696 0.156203 0.103337 0.123951 0.110284 0.112132 0.119303 0.104146 0.115806
# nyrs_ind_age
 30
# nyrs_ind_length
 0
# yrs_ind_age_in
 1 2 3 4 5 6 7 8 9 10 11 12 13 14 15 16 17 18 19 20 21 22 23 24 25 26 27 28 29 30
# yrs_ind_length_in

# yrs_ind_age_in
 1 2 3 4 5 6 7 8 9 10 11 12 13 14 15 16 17 18 19 20 21 22 23 24 25 26 27 28 29 30
# n_sample_ind_length_in

# olc_ind_in

# oac_ind_in
 0.065 0.13 0.165 0.125 0.13 0.095 0.035 0.06 0.03 0.02 0.01 0.135
 0.085 0.095 0.19 0.085 0.08 0.1 0.065 0.04 0.045 0.045 0.04 0.13
 0.045 0.18 0.105 0.15 0.09 0.085 0.035 0.065 0.055 0.045 0.025 0.12
 0.06 0.135 0.19 0.105 0.095 0.085 0.06 0.04 0.065 0.025 0.03 0.11
 0.065 0.14 0.125 0.155 0.11 0.055 0.04 0.07 0.03 0.04 0.05 0.12
 0.07 0.19 0.13 0.105 0.09 0.07 0.035 0.04 0.05 0.04 0.03 0.15
 0.03 0.135 0.23 0.125 0.12 0.085 0.065 0.04 0.035 0.015 0.025 0.095
 0.12 0.14 0.22 0.1 0.06 0.04 0.06 0.045 0.04 0.04 0.02 0.115
 0.075 0.185 0.115 0.16 0.115 0.05 0.045 0.055 0.025 0.025 0.045 0.105
 0.09 0.18 0.195 0.15 0.12 0.08 0.04 0.03 0.02 0.01 0.02 0.065
 0.045 0.21 0.155 0.145 0.075 0.08 0.08 0.045 0.03 0.04 0.01 0.085
 0.05 0.175 0.185 0.125 0.12 0.075 0.07 0.08 0.01 0.02 0.015 0.075
 0.06 0.135 0.225 0.155 0.095 0.07 0.07 0.045 0.04 0.02 0.015 0.07
 0.065 0.17 0.17 0.15 0.1 0.11 0.05 0.035 0.04 0.025 0.015 0.07
 0.095 0.195 0.16 0.115 0.14 0.08 0.065 0.025 0.025 0.025 0.035 0.04
 0.095 0.15 0.22 0.115 0.075 0.11 0.06 0.055 0.055 0.005 0.015 0.045
 0.09 0.195 0.14 0.18 0.08 0.08 0.075 0.045 0.035 0.035 0.01 0.035
 0.09 0.21 0.19 0.19 0.09 0.075 0.05 0.035 0.01 0.02 0.015 0.025
 0.105 0.125 0.295 0.14 0.11 0.05 0.07 0.025 0.04 0.015 0 0.025
 0.07 0.195 0.15 0.205 0.12 0.065 0.025 0.035 0.005 0.03 0.025 0.075
 0.175 0.145 0.19 0.14 0.145 0.06 0.04 0.02 0.02 0.015 0.005 0.045
 0.125 0.245 0.185 0.15 0.095 0.06 0.035 0.02 0.025 0.03 0.005 0.025
 0.11 0.25 0.265 0.14 0.08 0.045 0.035 0.025 0.015 0.005 0.005 0.025
 0.125 0.245 0.215 0.195 0.085 0.04 0.03 0.02 0.015 0.02 0.005 0.005
 0.145 0.225 0.255 0.205 0.07 0.05 0.015 0.01 0.015 0.005 0 0.005
 0.045 0.325 0.18 0.165 0.11 0.075 0.01 0.06 0.005 0.01 0.005 0.01
 0.095 0.225 0.22 0.15 0.095 0.085 0.075 0.02 0.01 0.01 0.005 0.01
 0.155 0.225 0.205 0.17 0.06 0.07 0.04 0.05 0.01 0.005 0.005 0.005
 0.165 0.27 0.18 0.135 0.08 0.05 0.025 0.025 0.025 0.015 0.01 0.02
 0.145 0.295 0.22 0.16 0.06 0.04 0.025 0.03 0.005 0 0.01 0.01
# wt_ind
 1 1 1 1 1 1 1 1 1 1 1 1
 1 1 1 1 1 1 1 1 1 1 1 1
 1 1 1 1 1 1 1 1 1 1 1 1
 1 1 1 1 1 1 1 1 1 1 1 1
 1 1 1 1 1 1 1 1 1 1 1 1
 1 1 1 1 1 1 1 1 1 1 1 1
 1 1 1 1 1 1 1 1 1 1 1 1
 1 1 1 1 1 1 1 1 1 1 1 1
 1 1 1 1 1 1 1 1 1 1 1 1
 1 1 1 1 1 1 1 1 1 1 1 1
 1 1 1 1 1 1 1 1 1 1 1 1
 1 1 1 1 1 1 1 1 1 1 1 1
 1 1 1 1 1 1 1 1 1 1 1 1
 1 1 1 1 1 1 1 1 1 1 1 1
 1 1 1 1 1 1 1 1 1 1 1 1
 1 1 1 1 1 1 1 1 1 1 1 1
 1 1 1 1 1 1 1 1 1 1 1 1
 1 1 1 1 1 1 1 1 1 1 1 1
 1 1 1 1 1 1 1 1 1 1 1 1
 1 1 1 1 1 1 1 1 1 1 1 1
 1 1 1 1 1 1 1 1 1 1 1 1
 1 1 1 1 1 1 1 1 1 1 1 1
 1 1 1 1 1 1 1 1 1 1 1 1
 1 1 1 1 1 1 1 1 1 1 1 1
 1 1 1 1 1 1 1 1 1 1 1 1
 1 1 1 1 1 1 1 1 1 1 1 1
 1 1 1 1 1 1 1 1 1 1 1 1
 1 1 1 1 1 1 1 1 1 1 1 1
 1 1 1 1 1 1 1 1 1 1 1 1
 1 1 1 1 1 1 1 1 1 1 1 1
# wt_pop
 0.000530656 0.00119633 0.00205827 0.00303499 0.00405521 0.0050647 0.00602623 0.00691692 0.00772489 0.00844611 0.00908185 0.0096367
# maturity
 0.0229774 0.320821 0.904651 0.99478 0.999739 0.999987 0.999999 1 1 1 1 1
# spawnmo
1
# age_err
 1 0 0 0 0 0 0 0 0 0 0 0
 0 1 0 0 0 0 0 0 0 0 0 0
 0 0 1 0 0 0 0 0 0 0 0 0
 0 0 0 1 0 0 0 0 0 0 0 0
 0 0 0 0 1 0 0 0 0 0 0 0
 0 0 0 0 0 1 0 0 0 0 0 0
 0 0 0 0 0 0 1 0 0 0 0 0
 0 0 0 0 0 0 0 1 0 0 0 0
 0 0 0 0 0 0 0 0 1 0 0 0
 0 0 0 0 0 0 0 0 0 1 0 0
 0 0 0 0 0 0 0 0 0 0 1 0
 0 0 0 0 0 0 0 0 0 0 0 1
# cntrlfile_name
C:\Users\bai.li\Desktop\s1_test\AMAK\s114\amak.dat
# Map shared selectivity: 
# sel_map
 1 2
 1 1
# datafile_name
amak_data.dat
# model_name
OM_1
# SrType
2
# use_age_err
0
# retro
0
# sigmarprior
0.2
# cvsigmarprior
0.25
# phase_sigmar
-3
# styr_rec_est
1
# endyr_rec_est
30
# Linfprior
80
# cvLinfprior
0.25
# kprior
0.18
# cvkprior
0.25
# Loprior
27.688
# cvLoprior
0.25
# sdageprior
0.1
# cvsdageprior
0.25
# natmortprior
0.2
# cvnatmortprior
0.25
# phase_M
-4
# npars_Mage
0
# ages_M_changes

# Mage_in

# phase_Mage
-5
# phase_rw_M
0
# npars_rw_M
0
# yrs_rw_M

# sigma_rw_M

# qprior
 3.48998e-007
# cvqprior
 1
# phase_q
 1
# q_power_prior
 1
# cvq_power_prior
 0.2
# phase_q_power
 -4
# phase_rw_q
 -1
# npars_rw_q
 0
# yrs_rw_q

# sigma_rw_q

# q_age_min
 1
# q_age_max
 12
# q_age_min
 1
# q_age_max
 12
# fsh_sel_opt(k)
2
# phase_sel_fsh(k)
-2
# n_sel_ch_fsh(k)
1
# sel_slp_in_fsh(k)(1,n_sel_ch_fsh(k))
 1
# sel_inf_in_fsh(k)(1,n_sel_ch_fsh(k))
 2
# logsel_slp_in_fsh(k)(1,n_sel_ch_fsh(k))
 0
# yrs_sel_ch_fsh(k)(1,n_sel_ch_fsh(k))
 1

Survey survey_index1
# ind_sel_opt(k)
2
# indname(k)
survey_index1
# nselages_in_ind(k)
11
# phase_sel_ind(k)
-2
# sel_change_in_ind(k)
 1 0 0 0 0 0 0 0 0 0 0 0 0 0 0 0 0 0 0 0 0 0 0 0 0 0 0 0 0 0
# n_sel_ch_ind(k)
1
# yrs_sel_ch_ind(k)(1,n_sel_ch_ind(k))
 1
# sel_slp_in_ind(k,1)
2
# sel_inf_in_ind(k,1)
1.5
# logsel_slp_in_ind(k,1)
0.693147
# logsel_slp_in_indv(k)
0.693147
survey_index1 ind sel opt 2  1 0 0 0 0 0 0 0 0 0 0 0 0 0 0 0 0 0 0 0 0 0 0 0 0 0 0 0 0 0
Phase indices Sel_Coffs:  -1
 Test: 1.23457e+008
# Fshry Selages:  11
# Srvy  Selages:  11
# Phase for age-spec fishery  -1
# Phase for logistic fishery  -2
# Phase for dble logistic fishery  -1
# Phase for age-spec indices   -1
# Phase for logistic indices   -2
# Phase for dble logistic ind  -1
# Curv_pen_fsh: 
 0
# Curv_pen_ind: 
 0
# styr_fut
31
# endyr_fut
35
# nyrs_fsh_age
 30
# nyrs_fsh_age
 30
# yrs_fsh_age
 1 2 3 4 5 6 7 8 9 10 11 12 13 14 15 16 17 18 19 20 21 22 23 24 25 26 27 28 29 30
# n_sample_fsh_age
 200 200 200 200 200 200 200 200 200 200 200 200 200 200 200 200 200 200 200 200 200 200 200 200 200 200 200 200 200 200
# oac_fsh
 0.095 0.17 0.13 0.095 0.07 0.09 0.04 0.075 0.045 0.045 0.025 0.12
 0.1 0.08 0.16 0.085 0.105 0.115 0.065 0.075 0.035 0.02 0.015 0.145
 0.05 0.13 0.125 0.135 0.085 0.07 0.07 0.055 0.05 0.07 0.025 0.135
 0.08 0.095 0.16 0.065 0.085 0.1 0.1 0.055 0.055 0.025 0.03 0.15
 0.145 0.045 0.11 0.16 0.12 0.06 0.055 0.07 0.07 0.025 0.03 0.11
 0.065 0.145 0.11 0.12 0.13 0.085 0.07 0.04 0.05 0.02 0.02 0.145
 0.055 0.175 0.215 0.09 0.085 0.085 0.06 0.05 0.04 0.025 0.03 0.09
 0.08 0.1 0.15 0.165 0.11 0.085 0.09 0.03 0.05 0.025 0.03 0.085
 0.055 0.08 0.13 0.155 0.215 0.03 0.06 0.06 0.05 0.04 0.04 0.085
 0.12 0.15 0.145 0.095 0.14 0.11 0.04 0.035 0.04 0.01 0.01 0.105
 0.13 0.165 0.135 0.155 0.065 0.08 0.065 0.035 0.015 0.06 0.025 0.07
 0.105 0.12 0.165 0.095 0.12 0.06 0.065 0.075 0.04 0.03 0.03 0.095
 0.105 0.12 0.15 0.175 0.105 0.07 0.075 0.075 0.045 0.02 0.02 0.04
 0.085 0.15 0.16 0.17 0.135 0.07 0.075 0.015 0.025 0.035 0.015 0.065
 0.105 0.155 0.155 0.1 0.11 0.115 0.055 0.055 0.045 0.03 0.005 0.07
 0.1 0.145 0.2 0.14 0.115 0.09 0.075 0.03 0.03 0.015 0.005 0.055
 0.135 0.175 0.15 0.13 0.115 0.05 0.07 0.045 0.035 0.04 0.01 0.045
 0.1 0.145 0.22 0.13 0.145 0.065 0.06 0.025 0.035 0.02 0.005 0.05
 0.06 0.14 0.245 0.175 0.085 0.115 0.045 0.035 0.025 0.01 0.015 0.05
 0.08 0.145 0.165 0.175 0.16 0.09 0.045 0.035 0.03 0.03 0.005 0.04
 0.18 0.125 0.185 0.14 0.12 0.07 0.055 0.03 0.025 0.025 0.01 0.035
 0.135 0.205 0.1 0.205 0.09 0.07 0.07 0.035 0.025 0.02 0.005 0.04
 0.115 0.23 0.23 0.135 0.09 0.06 0.07 0.015 0.015 0.015 0.01 0.015
 0.125 0.18 0.235 0.2 0.095 0.065 0.03 0.035 0.025 0 0 0.01
 0.22 0.095 0.21 0.15 0.14 0.07 0.04 0.02 0.015 0.01 0.015 0.015
 0.135 0.285 0.17 0.115 0.115 0.095 0.04 0.015 0.015 0 0.005 0.01
 0.15 0.12 0.33 0.12 0.095 0.085 0.035 0.015 0.02 0 0.005 0.025
 0.185 0.175 0.18 0.22 0.105 0.055 0.04 0.015 0 0.01 0.005 0.01
 0.2 0.245 0.195 0.13 0.085 0.065 0.03 0.01 0.025 0 0 0.015
 0.17 0.24 0.235 0.12 0.11 0.05 0.025 0.025 0.01 0.005 0 0.01
# olc_fsh

# wt_fsh
 0.000530656 0.00119633 0.00205827 0.00303499 0.00405521 0.0050647 0.00602623 0.00691692 0.00772489 0.00844611 0.00908185 0.0096367
 0.000530656 0.00119633 0.00205827 0.00303499 0.00405521 0.0050647 0.00602623 0.00691692 0.00772489 0.00844611 0.00908185 0.0096367
 0.000530656 0.00119633 0.00205827 0.00303499 0.00405521 0.0050647 0.00602623 0.00691692 0.00772489 0.00844611 0.00908185 0.0096367
 0.000530656 0.00119633 0.00205827 0.00303499 0.00405521 0.0050647 0.00602623 0.00691692 0.00772489 0.00844611 0.00908185 0.0096367
 0.000530656 0.00119633 0.00205827 0.00303499 0.00405521 0.0050647 0.00602623 0.00691692 0.00772489 0.00844611 0.00908185 0.0096367
 0.000530656 0.00119633 0.00205827 0.00303499 0.00405521 0.0050647 0.00602623 0.00691692 0.00772489 0.00844611 0.00908185 0.0096367
 0.000530656 0.00119633 0.00205827 0.00303499 0.00405521 0.0050647 0.00602623 0.00691692 0.00772489 0.00844611 0.00908185 0.0096367
 0.000530656 0.00119633 0.00205827 0.00303499 0.00405521 0.0050647 0.00602623 0.00691692 0.00772489 0.00844611 0.00908185 0.0096367
 0.000530656 0.00119633 0.00205827 0.00303499 0.00405521 0.0050647 0.00602623 0.00691692 0.00772489 0.00844611 0.00908185 0.0096367
 0.000530656 0.00119633 0.00205827 0.00303499 0.00405521 0.0050647 0.00602623 0.00691692 0.00772489 0.00844611 0.00908185 0.0096367
 0.000530656 0.00119633 0.00205827 0.00303499 0.00405521 0.0050647 0.00602623 0.00691692 0.00772489 0.00844611 0.00908185 0.0096367
 0.000530656 0.00119633 0.00205827 0.00303499 0.00405521 0.0050647 0.00602623 0.00691692 0.00772489 0.00844611 0.00908185 0.0096367
 0.000530656 0.00119633 0.00205827 0.00303499 0.00405521 0.0050647 0.00602623 0.00691692 0.00772489 0.00844611 0.00908185 0.0096367
 0.000530656 0.00119633 0.00205827 0.00303499 0.00405521 0.0050647 0.00602623 0.00691692 0.00772489 0.00844611 0.00908185 0.0096367
 0.000530656 0.00119633 0.00205827 0.00303499 0.00405521 0.0050647 0.00602623 0.00691692 0.00772489 0.00844611 0.00908185 0.0096367
 0.000530656 0.00119633 0.00205827 0.00303499 0.00405521 0.0050647 0.00602623 0.00691692 0.00772489 0.00844611 0.00908185 0.0096367
 0.000530656 0.00119633 0.00205827 0.00303499 0.00405521 0.0050647 0.00602623 0.00691692 0.00772489 0.00844611 0.00908185 0.0096367
 0.000530656 0.00119633 0.00205827 0.00303499 0.00405521 0.0050647 0.00602623 0.00691692 0.00772489 0.00844611 0.00908185 0.0096367
 0.000530656 0.00119633 0.00205827 0.00303499 0.00405521 0.0050647 0.00602623 0.00691692 0.00772489 0.00844611 0.00908185 0.0096367
 0.000530656 0.00119633 0.00205827 0.00303499 0.00405521 0.0050647 0.00602623 0.00691692 0.00772489 0.00844611 0.00908185 0.0096367
 0.000530656 0.00119633 0.00205827 0.00303499 0.00405521 0.0050647 0.00602623 0.00691692 0.00772489 0.00844611 0.00908185 0.0096367
 0.000530656 0.00119633 0.00205827 0.00303499 0.00405521 0.0050647 0.00602623 0.00691692 0.00772489 0.00844611 0.00908185 0.0096367
 0.000530656 0.00119633 0.00205827 0.00303499 0.00405521 0.0050647 0.00602623 0.00691692 0.00772489 0.00844611 0.00908185 0.0096367
 0.000530656 0.00119633 0.00205827 0.00303499 0.00405521 0.0050647 0.00602623 0.00691692 0.00772489 0.00844611 0.00908185 0.0096367
 0.000530656 0.00119633 0.00205827 0.00303499 0.00405521 0.0050647 0.00602623 0.00691692 0.00772489 0.00844611 0.00908185 0.0096367
 0.000530656 0.00119633 0.00205827 0.00303499 0.00405521 0.0050647 0.00602623 0.00691692 0.00772489 0.00844611 0.00908185 0.0096367
 0.000530656 0.00119633 0.00205827 0.00303499 0.00405521 0.0050647 0.00602623 0.00691692 0.00772489 0.00844611 0.00908185 0.0096367
 0.000530656 0.00119633 0.00205827 0.00303499 0.00405521 0.0050647 0.00602623 0.00691692 0.00772489 0.00844611 0.00908185 0.0096367
 0.000530656 0.00119633 0.00205827 0.00303499 0.00405521 0.0050647 0.00602623 0.00691692 0.00772489 0.00844611 0.00908185 0.0096367
 0.000530656 0.00119633 0.00205827 0.00303499 0.00405521 0.0050647 0.00602623 0.00691692 0.00772489 0.00844611 0.00908185 0.0096367
# nyrs_ind_age
 30
# yrs_ind_age
 1 2 3 4 5 6 7 8 9 10 11 12 13 14 15 16 17 18 19 20 21 22 23 24 25 26 27 28 29 30
# n_sample_ind_age
 200 200 200 200 200 200 200 200 200 200 200 200 200 200 200 200 200 200 200 200 200 200 200 200 200 200 200 200 200 200
# oac_ind
 0.065 0.13 0.165 0.125 0.13 0.095 0.035 0.06 0.03 0.02 0.01 0.135
 0.085 0.095 0.19 0.085 0.08 0.1 0.065 0.04 0.045 0.045 0.04 0.13
 0.045 0.18 0.105 0.15 0.09 0.085 0.035 0.065 0.055 0.045 0.025 0.12
 0.06 0.135 0.19 0.105 0.095 0.085 0.06 0.04 0.065 0.025 0.03 0.11
 0.065 0.14 0.125 0.155 0.11 0.055 0.04 0.07 0.03 0.04 0.05 0.12
 0.07 0.19 0.13 0.105 0.09 0.07 0.035 0.04 0.05 0.04 0.03 0.15
 0.03 0.135 0.23 0.125 0.12 0.085 0.065 0.04 0.035 0.015 0.025 0.095
 0.12 0.14 0.22 0.1 0.06 0.04 0.06 0.045 0.04 0.04 0.02 0.115
 0.075 0.185 0.115 0.16 0.115 0.05 0.045 0.055 0.025 0.025 0.045 0.105
 0.09 0.18 0.195 0.15 0.12 0.08 0.04 0.03 0.02 0.01 0.02 0.065
 0.045 0.21 0.155 0.145 0.075 0.08 0.08 0.045 0.03 0.04 0.01 0.085
 0.05 0.175 0.185 0.125 0.12 0.075 0.07 0.08 0.01 0.02 0.015 0.075
 0.06 0.135 0.225 0.155 0.095 0.07 0.07 0.045 0.04 0.02 0.015 0.07
 0.065 0.17 0.17 0.15 0.1 0.11 0.05 0.035 0.04 0.025 0.015 0.07
 0.095 0.195 0.16 0.115 0.14 0.08 0.065 0.025 0.025 0.025 0.035 0.04
 0.095 0.15 0.22 0.115 0.075 0.11 0.06 0.055 0.055 0.005 0.015 0.045
 0.09 0.195 0.14 0.18 0.08 0.08 0.075 0.045 0.035 0.035 0.01 0.035
 0.09 0.21 0.19 0.19 0.09 0.075 0.05 0.035 0.01 0.02 0.015 0.025
 0.105 0.125 0.295 0.14 0.11 0.05 0.07 0.025 0.04 0.015 0 0.025
 0.07 0.195 0.15 0.205 0.12 0.065 0.025 0.035 0.005 0.03 0.025 0.075
 0.175 0.145 0.19 0.14 0.145 0.06 0.04 0.02 0.02 0.015 0.005 0.045
 0.125 0.245 0.185 0.15 0.095 0.06 0.035 0.02 0.025 0.03 0.005 0.025
 0.11 0.25 0.265 0.14 0.08 0.045 0.035 0.025 0.015 0.005 0.005 0.025
 0.125 0.245 0.215 0.195 0.085 0.04 0.03 0.02 0.015 0.02 0.005 0.005
 0.145 0.225 0.255 0.205 0.07 0.05 0.015 0.01 0.015 0.005 0 0.005
 0.045 0.325 0.18 0.165 0.11 0.075 0.01 0.06 0.005 0.01 0.005 0.01
 0.095 0.225 0.22 0.15 0.095 0.085 0.075 0.02 0.01 0.01 0.005 0.01
 0.155 0.225 0.205 0.17 0.06 0.07 0.04 0.05 0.01 0.005 0.005 0.005
 0.165 0.27 0.18 0.135 0.08 0.05 0.025 0.025 0.025 0.015 0.01 0.02
 0.145 0.295 0.22 0.16 0.06 0.04 0.025 0.03 0.005 0 0.01 0.01
# olc_ind

# obs_lse_ind
 0.198042 0.198042 0.198042 0.198042 0.198042 0.198042 0.198042 0.198042 0.198042 0.198042 0.198042 0.198042 0.198042 0.198042 0.198042 0.198042 0.198042 0.198042 0.198042 0.198042 0.198042 0.198042 0.198042 0.198042 0.198042 0.198042 0.198042 0.198042 0.198042 0.198042
# xages_fsh
 0 0 0 0 0 0 0 0 0 0 0 0
# xages_fsh
 0 0.0909091 0.181818 0.272727 0.363636 0.454545 0.545455 0.636364 0.727273 0.818182 0.909091 1
# xnodes_fsh

Yrs fsh_sel change:  1 0 0 0 0 0 0 0 0 0 0 0 0 0 0 0 0 0 0 0 0 0 0 0 0 0 0 0 0
Yrs ind_sel change:  1 0 0 0 0 0 0 0 0 0 0 0 0 0 0 0 0 0 0 0 0 0 0 0 0 0 0 0 0
# steepnessprior
0.75
# sigmarprior
0.2
#  SSB estimated in styr endyr: -12 28 
#  Rec estimated in styr endyr: -10 30 
#  SR Curve fit  in styr endyr: 1 30 
#             Model styr endyr: 1 30 
# qprior
 3.48998e-007
# q_power_prior 
 1 
# cv_catchbiomass 
0.05 
# CatchbiomassPen 
200 
# Number of projection years 
5 
# offset_fsh
 13394.8
# offset_ind
 13167.6
Mean Catch
1275.34
R_guess 
13.8155
# nfsh
1
# n_sel_ch_fsh
 1
# nselages_fsh
 11
# phase_selcoff_fsh
 -1
logRzero 13.8155
logmeanrec 13.8155
exp(log_sigmarprior 0.2
Fish sel phase: -1 OM1
Fixing fishery sel to
1
Fixing fishery sel to
1
Srvy sel phase: -1
Fixing survey_index1 indices sel to
1
Fixing index sel to
1
# logsel_slp_in_indv
 0.693147
Leaving parameter init secton
# M
 0.2 0.2 0.2 0.2 0.2 0.2 0.2 0.2 0.2 0.2 0.2 0.2
 0.2 0.2 0.2 0.2 0.2 0.2 0.2 0.2 0.2 0.2 0.2 0.2
 0.2 0.2 0.2 0.2 0.2 0.2 0.2 0.2 0.2 0.2 0.2 0.2
 0.2 0.2 0.2 0.2 0.2 0.2 0.2 0.2 0.2 0.2 0.2 0.2
 0.2 0.2 0.2 0.2 0.2 0.2 0.2 0.2 0.2 0.2 0.2 0.2
 0.2 0.2 0.2 0.2 0.2 0.2 0.2 0.2 0.2 0.2 0.2 0.2
 0.2 0.2 0.2 0.2 0.2 0.2 0.2 0.2 0.2 0.2 0.2 0.2
 0.2 0.2 0.2 0.2 0.2 0.2 0.2 0.2 0.2 0.2 0.2 0.2
 0.2 0.2 0.2 0.2 0.2 0.2 0.2 0.2 0.2 0.2 0.2 0.2
 0.2 0.2 0.2 0.2 0.2 0.2 0.2 0.2 0.2 0.2 0.2 0.2
 0.2 0.2 0.2 0.2 0.2 0.2 0.2 0.2 0.2 0.2 0.2 0.2
 0.2 0.2 0.2 0.2 0.2 0.2 0.2 0.2 0.2 0.2 0.2 0.2
 0.2 0.2 0.2 0.2 0.2 0.2 0.2 0.2 0.2 0.2 0.2 0.2
 0.2 0.2 0.2 0.2 0.2 0.2 0.2 0.2 0.2 0.2 0.2 0.2
 0.2 0.2 0.2 0.2 0.2 0.2 0.2 0.2 0.2 0.2 0.2 0.2
 0.2 0.2 0.2 0.2 0.2 0.2 0.2 0.2 0.2 0.2 0.2 0.2
 0.2 0.2 0.2 0.2 0.2 0.2 0.2 0.2 0.2 0.2 0.2 0.2
 0.2 0.2 0.2 0.2 0.2 0.2 0.2 0.2 0.2 0.2 0.2 0.2
 0.2 0.2 0.2 0.2 0.2 0.2 0.2 0.2 0.2 0.2 0.2 0.2
 0.2 0.2 0.2 0.2 0.2 0.2 0.2 0.2 0.2 0.2 0.2 0.2
 0.2 0.2 0.2 0.2 0.2 0.2 0.2 0.2 0.2 0.2 0.2 0.2
 0.2 0.2 0.2 0.2 0.2 0.2 0.2 0.2 0.2 0.2 0.2 0.2
 0.2 0.2 0.2 0.2 0.2 0.2 0.2 0.2 0.2 0.2 0.2 0.2
 0.2 0.2 0.2 0.2 0.2 0.2 0.2 0.2 0.2 0.2 0.2 0.2
 0.2 0.2 0.2 0.2 0.2 0.2 0.2 0.2 0.2 0.2 0.2 0.2
 0.2 0.2 0.2 0.2 0.2 0.2 0.2 0.2 0.2 0.2 0.2 0.2
 0.2 0.2 0.2 0.2 0.2 0.2 0.2 0.2 0.2 0.2 0.2 0.2
 0.2 0.2 0.2 0.2 0.2 0.2 0.2 0.2 0.2 0.2 0.2 0.2
 0.2 0.2 0.2 0.2 0.2 0.2 0.2 0.2 0.2 0.2 0.2 0.2
 0.2 0.2 0.2 0.2 0.2 0.2 0.2 0.2 0.2 0.2 0.2 0.2
# mean_log_rec
13.7335
# log_Rzero
13.8097
# rec_dev
 -0.046727 -0.139036 -0.0541297 -0.087353 0.133994 -0.041498 0.077885 0.0519883 0.0568075 0.0141133 0.134776 -0.0112511 0.30728 -0.0118575 -0.0772663 0.432171 0.282295 -0.0488682 0.191927 0.0561463 0.205043 0.151795 -0.097949 -0.0215293 0.055807 -0.0409935 0.0598925 0.110788 -0.27607 -0.177751 -0.366398 0.0833398 -0.0489908 -0.196405 -0.398654 -0.058231 -0.447609 -0.36491 -0.146287 -0.0892146 -0.175867
# fmort
 0.00926989 0.027372 0.045491 0.0627244 0.0494382 0.0888946 0.089881 0.191239 0.111234 0.136749 0.157212 0.166122 0.117423 0.169715 0.182077 0.162162 0.319265 0.261745 0.260338 0.253318 0.358595 0.255953 0.432903 0.355643 0.354845 0.319427 0.310304 0.430179 0.327873 0.496599
# rec_dev_future
 0 0 0 0 0
