AMAK;August_2013
# styr
1
# endyr
30
# rec_age
1
# oldest_age
12
# nlength
81
# len_bins
 10 11 12 13 14 15 16 17 18 19 20 21 22 23 24 25 26 27 28 29 30 31 32 33 34 35 36 37 38 39 40 41 42 43 44 45 46 47 48 49 50 51 52 53 54 55 56 57 58 59 60 61 62 63 64 65 66 67 68 69 70 71 72 73 74 75 76 77 78 79 80 81 82 83 84 85 86 87 88 89 90
# datafile_name
amak_data.dat
# model_name
OM_1
# styr
1
# endyr
30
# rec_age
1
# oldest_age
12
# nfsh
1
# fshname
OM1
# catch_bio_in
 161.847 468.568 757.974 997.355 772.155 1328.08 1271.38 2475.47 1329.22 1526.02 1621.9 1614.51 1115.01 1527.34 1501.62 1269.16 2231.38 1617.22 1464.1 1316.61 1613.92 1078.57 1638.95 1218.21 1114.05 978.212 917.182 1211.73 876.917 1282.4
# catch_bio_sd_in
 0.01 0.01 0.01 0.01 0.01 0.01 0.01 0.01 0.01 0.01 0.01 0.01 0.01 0.01 0.01 0.01 0.01 0.01 0.01 0.01 0.01 0.01 0.01 0.01 0.01 0.01 0.01 0.01 0.01 0.01
# nyrs_fsh_age
 30
# nyrs_fsh_length
 0
# yrs_fsh_age_in
 1 2 3 4 5 6 7 8 9 10 11 12 13 14 15 16 17 18 19 20 21 22 23 24 25 26 27 28 29 30
# yrs_fsh_length_in

# n_sample_fsh_length_in

# olc_fsh_in

# nind
1
# indname
survey_index1
# nyrs_ind
 30
# yrs_ind_in
 1 2 3 4 5 6 7 8 9 10 11 12 13 14 15 16 17 18 19 20 21 22 23 24 25 26 27 28 29 30
# mo_ind
 1
# obs_ind_in
 1.60545 1.4734 1.54974 1.33207 1.40642 1.49451 1.55488 1.42923 1.22513 1.16381 1.29231 1.06376 0.989846 1.31273 1.26932 1.12441 1.01671 0.970954 0.709021 0.74397 0.718512 0.566276 0.632094 0.537971 0.564908 0.543329 0.493693 0.520911 0.623156 0.485552
# obs_se_ind_in
 0.32109 0.29468 0.309947 0.266413 0.281284 0.298902 0.310977 0.285846 0.245026 0.232762 0.258462 0.212753 0.197969 0.262546 0.253865 0.224881 0.203342 0.194191 0.141804 0.148794 0.143702 0.113255 0.126419 0.107594 0.112982 0.108666 0.0987386 0.104182 0.124631 0.0971105
# nyrs_ind_age
 30
# nyrs_ind_length
 0
# yrs_ind_age_in
 1 2 3 4 5 6 7 8 9 10 11 12 13 14 15 16 17 18 19 20 21 22 23 24 25 26 27 28 29 30
# yrs_ind_length_in

# yrs_ind_age_in
 1 2 3 4 5 6 7 8 9 10 11 12 13 14 15 16 17 18 19 20 21 22 23 24 25 26 27 28 29 30
# n_sample_ind_length_in

# olc_ind_in

# oac_ind_in
 0.035 0.095 0.095 0.11 0.14 0.095 0.065 0.065 0.06 0.03 0.05 0.16
 0.075 0.1 0.115 0.15 0.095 0.105 0.075 0.04 0.035 0.03 0.04 0.14
 0.06 0.185 0.155 0.09 0.085 0.085 0.09 0.04 0.04 0.035 0.035 0.1
 0.05 0.16 0.175 0.105 0.075 0.08 0.06 0.055 0.075 0.025 0.025 0.115
 0.06 0.12 0.11 0.155 0.115 0.075 0.08 0.055 0.04 0.035 0.02 0.135
 0.115 0.15 0.11 0.13 0.12 0.06 0.08 0.05 0.02 0.055 0 0.11
 0.06 0.155 0.185 0.085 0.12 0.11 0.04 0.04 0.045 0.01 0.035 0.115
 0.075 0.11 0.22 0.14 0.065 0.075 0.06 0.03 0.03 0.05 0.02 0.125
 0.075 0.225 0.125 0.155 0.1 0.065 0.045 0.095 0.02 0.035 0.015 0.045
 0.08 0.145 0.165 0.13 0.145 0.09 0.045 0.03 0.035 0.02 0.015 0.1
 0.075 0.16 0.135 0.14 0.11 0.1 0.06 0.035 0.01 0.015 0.025 0.135
 0.075 0.25 0.22 0.14 0.08 0.055 0.035 0.06 0.01 0.02 0.02 0.035
 0.07 0.15 0.18 0.195 0.095 0.06 0.065 0.055 0.035 0.015 0.015 0.065
 0.1 0.2 0.18 0.19 0.1 0.05 0.045 0.03 0.04 0.02 0.015 0.03
 0.105 0.15 0.185 0.135 0.115 0.115 0.035 0.035 0.04 0.03 0.01 0.045
 0.1 0.16 0.215 0.125 0.11 0.1 0.075 0.035 0.015 0.02 0.02 0.025
 0.14 0.2 0.16 0.095 0.14 0.05 0.045 0.045 0.03 0.015 0.015 0.065
 0.06 0.215 0.21 0.125 0.1 0.08 0.06 0.055 0.03 0.005 0.01 0.05
 0.09 0.125 0.225 0.21 0.07 0.09 0.05 0.035 0.04 0.015 0 0.05
 0.075 0.215 0.19 0.175 0.1 0.065 0.02 0.035 0.01 0.03 0.01 0.075
 0.135 0.135 0.215 0.125 0.16 0.095 0.025 0.045 0.015 0.01 0.01 0.03
 0.155 0.29 0.155 0.145 0.055 0.05 0.055 0.02 0.035 0.015 0.005 0.02
 0.105 0.26 0.21 0.145 0.09 0.045 0.045 0.045 0.015 0.01 0.005 0.025
 0.075 0.26 0.225 0.23 0.07 0.045 0.01 0.045 0 0.005 0.005 0.03
 0.205 0.22 0.21 0.125 0.125 0.035 0.03 0.01 0.005 0.015 0 0.02
 0.08 0.295 0.2 0.13 0.14 0.085 0.03 0.025 0 0.005 0.005 0.005
 0.13 0.21 0.255 0.14 0.095 0.03 0.06 0.03 0.01 0 0.005 0.035
 0.12 0.275 0.21 0.16 0.095 0.065 0.03 0.015 0.005 0.01 0.005 0.01
 0.11 0.275 0.265 0.115 0.115 0.055 0.03 0.015 0 0.005 0.005 0.01
 0.1 0.335 0.2 0.16 0.065 0.065 0.03 0.01 0.005 0.01 0.01 0.01
# wt_ind
 1 1 1 1 1 1 1 1 1 1 1 1
 1 1 1 1 1 1 1 1 1 1 1 1
 1 1 1 1 1 1 1 1 1 1 1 1
 1 1 1 1 1 1 1 1 1 1 1 1
 1 1 1 1 1 1 1 1 1 1 1 1
 1 1 1 1 1 1 1 1 1 1 1 1
 1 1 1 1 1 1 1 1 1 1 1 1
 1 1 1 1 1 1 1 1 1 1 1 1
 1 1 1 1 1 1 1 1 1 1 1 1
 1 1 1 1 1 1 1 1 1 1 1 1
 1 1 1 1 1 1 1 1 1 1 1 1
 1 1 1 1 1 1 1 1 1 1 1 1
 1 1 1 1 1 1 1 1 1 1 1 1
 1 1 1 1 1 1 1 1 1 1 1 1
 1 1 1 1 1 1 1 1 1 1 1 1
 1 1 1 1 1 1 1 1 1 1 1 1
 1 1 1 1 1 1 1 1 1 1 1 1
 1 1 1 1 1 1 1 1 1 1 1 1
 1 1 1 1 1 1 1 1 1 1 1 1
 1 1 1 1 1 1 1 1 1 1 1 1
 1 1 1 1 1 1 1 1 1 1 1 1
 1 1 1 1 1 1 1 1 1 1 1 1
 1 1 1 1 1 1 1 1 1 1 1 1
 1 1 1 1 1 1 1 1 1 1 1 1
 1 1 1 1 1 1 1 1 1 1 1 1
 1 1 1 1 1 1 1 1 1 1 1 1
 1 1 1 1 1 1 1 1 1 1 1 1
 1 1 1 1 1 1 1 1 1 1 1 1
 1 1 1 1 1 1 1 1 1 1 1 1
 1 1 1 1 1 1 1 1 1 1 1 1
# wt_pop
 0.000530656 0.00119633 0.00205827 0.00303499 0.00405521 0.0050647 0.00602623 0.00691692 0.00772489 0.00844611 0.00908185 0.0096367
# maturity
 0.0229774 0.320821 0.904651 0.99478 0.999739 0.999987 0.999999 1 1 1 1 1
# spawnmo
1
# age_err
 1 0 0 0 0 0 0 0 0 0 0 0
 0 1 0 0 0 0 0 0 0 0 0 0
 0 0 1 0 0 0 0 0 0 0 0 0
 0 0 0 1 0 0 0 0 0 0 0 0
 0 0 0 0 1 0 0 0 0 0 0 0
 0 0 0 0 0 1 0 0 0 0 0 0
 0 0 0 0 0 0 1 0 0 0 0 0
 0 0 0 0 0 0 0 1 0 0 0 0
 0 0 0 0 0 0 0 0 1 0 0 0
 0 0 0 0 0 0 0 0 0 1 0 0
 0 0 0 0 0 0 0 0 0 0 1 0
 0 0 0 0 0 0 0 0 0 0 0 1
# cntrlfile_name
C:\Users\bai.li\Desktop\s1_test\AMAK\s52\amak.dat
# Map shared selectivity: 
# sel_map
 1 2
 1 1
# datafile_name
amak_data.dat
# model_name
OM_1
# SrType
2
# use_age_err
0
# retro
0
# sigmarprior
0.2
# cvsigmarprior
0.25
# phase_sigmar
-3
# styr_rec_est
1
# endyr_rec_est
30
# Linfprior
80
# cvLinfprior
0.25
# kprior
0.18
# cvkprior
0.25
# Loprior
27.688
# cvLoprior
0.25
# sdageprior
0.1
# cvsdageprior
0.25
# natmortprior
0.2
# cvnatmortprior
0.25
# phase_M
-4
# npars_Mage
0
# ages_M_changes

# Mage_in

# phase_Mage
-5
# phase_rw_M
0
# npars_rw_M
0
# yrs_rw_M

# sigma_rw_M

# qprior
 3.48998e-007
# cvqprior
 1
# phase_q
 1
# q_power_prior
 1
# cvq_power_prior
 0.2
# phase_q_power
 -4
# phase_rw_q
 -1
# npars_rw_q
 0
# yrs_rw_q

# sigma_rw_q

# q_age_min
 1
# q_age_max
 12
# q_age_min
 1
# q_age_max
 12
# fsh_sel_opt(k)
2
# phase_sel_fsh(k)
-2
# n_sel_ch_fsh(k)
1
# sel_slp_in_fsh(k)(1,n_sel_ch_fsh(k))
 1
# sel_inf_in_fsh(k)(1,n_sel_ch_fsh(k))
 2
# logsel_slp_in_fsh(k)(1,n_sel_ch_fsh(k))
 0
# yrs_sel_ch_fsh(k)(1,n_sel_ch_fsh(k))
 1

Survey survey_index1
# ind_sel_opt(k)
2
# indname(k)
survey_index1
# nselages_in_ind(k)
11
# phase_sel_ind(k)
-2
# sel_change_in_ind(k)
 1 0 0 0 0 0 0 0 0 0 0 0 0 0 0 0 0 0 0 0 0 0 0 0 0 0 0 0 0 0
# n_sel_ch_ind(k)
1
# yrs_sel_ch_ind(k)(1,n_sel_ch_ind(k))
 1
# sel_slp_in_ind(k,1)
2
# sel_inf_in_ind(k,1)
1.5
# logsel_slp_in_ind(k,1)
0.693147
# logsel_slp_in_indv(k)
0.693147
survey_index1 ind sel opt 2  1 0 0 0 0 0 0 0 0 0 0 0 0 0 0 0 0 0 0 0 0 0 0 0 0 0 0 0 0 0
Phase indices Sel_Coffs:  -1
 Test: 1.23457e+008
# Fshry Selages:  11
# Srvy  Selages:  11
# Phase for age-spec fishery  -1
# Phase for logistic fishery  -2
# Phase for dble logistic fishery  -1
# Phase for age-spec indices   -1
# Phase for logistic indices   -2
# Phase for dble logistic ind  -1
# Curv_pen_fsh: 
 0
# Curv_pen_ind: 
 0
# styr_fut
31
# endyr_fut
35
# nyrs_fsh_age
 30
# nyrs_fsh_age
 30
# yrs_fsh_age
 1 2 3 4 5 6 7 8 9 10 11 12 13 14 15 16 17 18 19 20 21 22 23 24 25 26 27 28 29 30
# n_sample_fsh_age
 200 200 200 200 200 200 200 200 200 200 200 200 200 200 200 200 200 200 200 200 200 200 200 200 200 200 200 200 200 200
# oac_fsh
 0.075 0.08 0.105 0.135 0.105 0.105 0.05 0.04 0.065 0.06 0.015 0.165
 0.105 0.12 0.11 0.115 0.105 0.08 0.085 0.05 0.02 0.025 0.03 0.155
 0.065 0.125 0.11 0.07 0.1 0.12 0.065 0.035 0.045 0.035 0.045 0.185
 0.075 0.11 0.12 0.125 0.11 0.085 0.07 0.045 0.03 0.055 0.025 0.15
 0.09 0.065 0.14 0.145 0.12 0.085 0.08 0.04 0.05 0.065 0.02 0.1
 0.125 0.125 0.125 0.095 0.12 0.09 0.045 0.03 0.05 0.03 0.015 0.15
 0.095 0.165 0.16 0.085 0.06 0.08 0.045 0.055 0.055 0.035 0.03 0.135
 0.09 0.105 0.19 0.155 0.095 0.09 0.075 0.02 0.025 0.035 0.03 0.09
 0.075 0.125 0.135 0.155 0.175 0.075 0.055 0.035 0.02 0.025 0.025 0.1
 0.11 0.105 0.115 0.105 0.12 0.085 0.08 0.035 0.06 0.035 0.02 0.13
 0.095 0.12 0.15 0.16 0.07 0.08 0.06 0.03 0.045 0.055 0.03 0.105
 0.06 0.15 0.13 0.12 0.16 0.075 0.08 0.055 0.035 0.03 0.025 0.08
 0.095 0.155 0.16 0.13 0.115 0.08 0.02 0.075 0.03 0.025 0.02 0.095
 0.12 0.15 0.125 0.19 0.105 0.065 0.065 0.035 0.035 0.04 0.01 0.06
 0.08 0.165 0.19 0.14 0.1 0.125 0.02 0.065 0.025 0.02 0.015 0.055
 0.095 0.145 0.235 0.14 0.08 0.065 0.045 0.04 0.05 0.03 0.03 0.045
 0.14 0.21 0.155 0.085 0.085 0.04 0.055 0.04 0.025 0.035 0.03 0.1
 0.08 0.155 0.19 0.105 0.125 0.085 0.05 0.08 0.045 0.03 0.02 0.035
 0.155 0.135 0.225 0.14 0.115 0.035 0.045 0.03 0.025 0.025 0.01 0.06
 0.085 0.21 0.13 0.21 0.155 0.065 0.04 0.015 0.01 0.01 0.015 0.055
 0.15 0.135 0.15 0.15 0.15 0.14 0.025 0.035 0.025 0 0.005 0.035
 0.2 0.235 0.09 0.15 0.08 0.065 0.08 0.025 0.01 0.015 0.005 0.045
 0.085 0.18 0.245 0.145 0.13 0.065 0.045 0.065 0.01 0.01 0 0.02
 0.075 0.245 0.245 0.2 0.07 0.045 0.03 0.035 0.03 0 0.005 0.02
 0.175 0.205 0.145 0.165 0.14 0.05 0.02 0.01 0.035 0.015 0.015 0.025
 0.105 0.225 0.19 0.15 0.155 0.065 0.03 0.02 0.01 0.01 0.02 0.02
 0.115 0.15 0.26 0.14 0.12 0.07 0.04 0.03 0.02 0.01 0.03 0.015
 0.215 0.185 0.21 0.195 0.06 0.045 0.03 0.03 0.015 0.005 0.005 0.005
 0.22 0.215 0.205 0.1 0.1 0.085 0.035 0.015 0.005 0 0.005 0.015
 0.16 0.28 0.215 0.125 0.07 0.065 0.035 0.02 0.015 0.01 0 0.005
# olc_fsh

# wt_fsh
 0.000530656 0.00119633 0.00205827 0.00303499 0.00405521 0.0050647 0.00602623 0.00691692 0.00772489 0.00844611 0.00908185 0.0096367
 0.000530656 0.00119633 0.00205827 0.00303499 0.00405521 0.0050647 0.00602623 0.00691692 0.00772489 0.00844611 0.00908185 0.0096367
 0.000530656 0.00119633 0.00205827 0.00303499 0.00405521 0.0050647 0.00602623 0.00691692 0.00772489 0.00844611 0.00908185 0.0096367
 0.000530656 0.00119633 0.00205827 0.00303499 0.00405521 0.0050647 0.00602623 0.00691692 0.00772489 0.00844611 0.00908185 0.0096367
 0.000530656 0.00119633 0.00205827 0.00303499 0.00405521 0.0050647 0.00602623 0.00691692 0.00772489 0.00844611 0.00908185 0.0096367
 0.000530656 0.00119633 0.00205827 0.00303499 0.00405521 0.0050647 0.00602623 0.00691692 0.00772489 0.00844611 0.00908185 0.0096367
 0.000530656 0.00119633 0.00205827 0.00303499 0.00405521 0.0050647 0.00602623 0.00691692 0.00772489 0.00844611 0.00908185 0.0096367
 0.000530656 0.00119633 0.00205827 0.00303499 0.00405521 0.0050647 0.00602623 0.00691692 0.00772489 0.00844611 0.00908185 0.0096367
 0.000530656 0.00119633 0.00205827 0.00303499 0.00405521 0.0050647 0.00602623 0.00691692 0.00772489 0.00844611 0.00908185 0.0096367
 0.000530656 0.00119633 0.00205827 0.00303499 0.00405521 0.0050647 0.00602623 0.00691692 0.00772489 0.00844611 0.00908185 0.0096367
 0.000530656 0.00119633 0.00205827 0.00303499 0.00405521 0.0050647 0.00602623 0.00691692 0.00772489 0.00844611 0.00908185 0.0096367
 0.000530656 0.00119633 0.00205827 0.00303499 0.00405521 0.0050647 0.00602623 0.00691692 0.00772489 0.00844611 0.00908185 0.0096367
 0.000530656 0.00119633 0.00205827 0.00303499 0.00405521 0.0050647 0.00602623 0.00691692 0.00772489 0.00844611 0.00908185 0.0096367
 0.000530656 0.00119633 0.00205827 0.00303499 0.00405521 0.0050647 0.00602623 0.00691692 0.00772489 0.00844611 0.00908185 0.0096367
 0.000530656 0.00119633 0.00205827 0.00303499 0.00405521 0.0050647 0.00602623 0.00691692 0.00772489 0.00844611 0.00908185 0.0096367
 0.000530656 0.00119633 0.00205827 0.00303499 0.00405521 0.0050647 0.00602623 0.00691692 0.00772489 0.00844611 0.00908185 0.0096367
 0.000530656 0.00119633 0.00205827 0.00303499 0.00405521 0.0050647 0.00602623 0.00691692 0.00772489 0.00844611 0.00908185 0.0096367
 0.000530656 0.00119633 0.00205827 0.00303499 0.00405521 0.0050647 0.00602623 0.00691692 0.00772489 0.00844611 0.00908185 0.0096367
 0.000530656 0.00119633 0.00205827 0.00303499 0.00405521 0.0050647 0.00602623 0.00691692 0.00772489 0.00844611 0.00908185 0.0096367
 0.000530656 0.00119633 0.00205827 0.00303499 0.00405521 0.0050647 0.00602623 0.00691692 0.00772489 0.00844611 0.00908185 0.0096367
 0.000530656 0.00119633 0.00205827 0.00303499 0.00405521 0.0050647 0.00602623 0.00691692 0.00772489 0.00844611 0.00908185 0.0096367
 0.000530656 0.00119633 0.00205827 0.00303499 0.00405521 0.0050647 0.00602623 0.00691692 0.00772489 0.00844611 0.00908185 0.0096367
 0.000530656 0.00119633 0.00205827 0.00303499 0.00405521 0.0050647 0.00602623 0.00691692 0.00772489 0.00844611 0.00908185 0.0096367
 0.000530656 0.00119633 0.00205827 0.00303499 0.00405521 0.0050647 0.00602623 0.00691692 0.00772489 0.00844611 0.00908185 0.0096367
 0.000530656 0.00119633 0.00205827 0.00303499 0.00405521 0.0050647 0.00602623 0.00691692 0.00772489 0.00844611 0.00908185 0.0096367
 0.000530656 0.00119633 0.00205827 0.00303499 0.00405521 0.0050647 0.00602623 0.00691692 0.00772489 0.00844611 0.00908185 0.0096367
 0.000530656 0.00119633 0.00205827 0.00303499 0.00405521 0.0050647 0.00602623 0.00691692 0.00772489 0.00844611 0.00908185 0.0096367
 0.000530656 0.00119633 0.00205827 0.00303499 0.00405521 0.0050647 0.00602623 0.00691692 0.00772489 0.00844611 0.00908185 0.0096367
 0.000530656 0.00119633 0.00205827 0.00303499 0.00405521 0.0050647 0.00602623 0.00691692 0.00772489 0.00844611 0.00908185 0.0096367
 0.000530656 0.00119633 0.00205827 0.00303499 0.00405521 0.0050647 0.00602623 0.00691692 0.00772489 0.00844611 0.00908185 0.0096367
# nyrs_ind_age
 30
# yrs_ind_age
 1 2 3 4 5 6 7 8 9 10 11 12 13 14 15 16 17 18 19 20 21 22 23 24 25 26 27 28 29 30
# n_sample_ind_age
 200 200 200 200 200 200 200 200 200 200 200 200 200 200 200 200 200 200 200 200 200 200 200 200 200 200 200 200 200 200
# oac_ind
 0.035 0.095 0.095 0.11 0.14 0.095 0.065 0.065 0.06 0.03 0.05 0.16
 0.075 0.1 0.115 0.15 0.095 0.105 0.075 0.04 0.035 0.03 0.04 0.14
 0.06 0.185 0.155 0.09 0.085 0.085 0.09 0.04 0.04 0.035 0.035 0.1
 0.05 0.16 0.175 0.105 0.075 0.08 0.06 0.055 0.075 0.025 0.025 0.115
 0.06 0.12 0.11 0.155 0.115 0.075 0.08 0.055 0.04 0.035 0.02 0.135
 0.115 0.15 0.11 0.13 0.12 0.06 0.08 0.05 0.02 0.055 0 0.11
 0.06 0.155 0.185 0.085 0.12 0.11 0.04 0.04 0.045 0.01 0.035 0.115
 0.075 0.11 0.22 0.14 0.065 0.075 0.06 0.03 0.03 0.05 0.02 0.125
 0.075 0.225 0.125 0.155 0.1 0.065 0.045 0.095 0.02 0.035 0.015 0.045
 0.08 0.145 0.165 0.13 0.145 0.09 0.045 0.03 0.035 0.02 0.015 0.1
 0.075 0.16 0.135 0.14 0.11 0.1 0.06 0.035 0.01 0.015 0.025 0.135
 0.075 0.25 0.22 0.14 0.08 0.055 0.035 0.06 0.01 0.02 0.02 0.035
 0.07 0.15 0.18 0.195 0.095 0.06 0.065 0.055 0.035 0.015 0.015 0.065
 0.1 0.2 0.18 0.19 0.1 0.05 0.045 0.03 0.04 0.02 0.015 0.03
 0.105 0.15 0.185 0.135 0.115 0.115 0.035 0.035 0.04 0.03 0.01 0.045
 0.1 0.16 0.215 0.125 0.11 0.1 0.075 0.035 0.015 0.02 0.02 0.025
 0.14 0.2 0.16 0.095 0.14 0.05 0.045 0.045 0.03 0.015 0.015 0.065
 0.06 0.215 0.21 0.125 0.1 0.08 0.06 0.055 0.03 0.005 0.01 0.05
 0.09 0.125 0.225 0.21 0.07 0.09 0.05 0.035 0.04 0.015 0 0.05
 0.075 0.215 0.19 0.175 0.1 0.065 0.02 0.035 0.01 0.03 0.01 0.075
 0.135 0.135 0.215 0.125 0.16 0.095 0.025 0.045 0.015 0.01 0.01 0.03
 0.155 0.29 0.155 0.145 0.055 0.05 0.055 0.02 0.035 0.015 0.005 0.02
 0.105 0.26 0.21 0.145 0.09 0.045 0.045 0.045 0.015 0.01 0.005 0.025
 0.075 0.26 0.225 0.23 0.07 0.045 0.01 0.045 0 0.005 0.005 0.03
 0.205 0.22 0.21 0.125 0.125 0.035 0.03 0.01 0.005 0.015 0 0.02
 0.08 0.295 0.2 0.13 0.14 0.085 0.03 0.025 0 0.005 0.005 0.005
 0.13 0.21 0.255 0.14 0.095 0.03 0.06 0.03 0.01 0 0.005 0.035
 0.12 0.275 0.21 0.16 0.095 0.065 0.03 0.015 0.005 0.01 0.005 0.01
 0.11 0.275 0.265 0.115 0.115 0.055 0.03 0.015 0 0.005 0.005 0.01
 0.1 0.335 0.2 0.16 0.065 0.065 0.03 0.01 0.005 0.01 0.01 0.01
# olc_ind

# obs_lse_ind
 0.198042 0.198042 0.198042 0.198042 0.198042 0.198042 0.198042 0.198042 0.198042 0.198042 0.198042 0.198042 0.198042 0.198042 0.198042 0.198042 0.198042 0.198042 0.198042 0.198042 0.198042 0.198042 0.198042 0.198042 0.198042 0.198042 0.198042 0.198042 0.198042 0.198042
# xages_fsh
 0 0 0 0 0 0 0 0 0 0 0 0
# xages_fsh
 0 0.0909091 0.181818 0.272727 0.363636 0.454545 0.545455 0.636364 0.727273 0.818182 0.909091 1
# xnodes_fsh

Yrs fsh_sel change:  1 0 0 0 0 0 0 0 0 0 0 0 0 0 0 0 0 0 0 0 0 0 0 0 0 0 0 0 0
Yrs ind_sel change:  1 0 0 0 0 0 0 0 0 0 0 0 0 0 0 0 0 0 0 0 0 0 0 0 0 0 0 0 0
# steepnessprior
0.75
# sigmarprior
0.2
#  SSB estimated in styr endyr: -12 28 
#  Rec estimated in styr endyr: -10 30 
#  SR Curve fit  in styr endyr: 1 30 
#             Model styr endyr: 1 30 
# qprior
 3.48998e-007
# q_power_prior 
 1 
# cv_catchbiomass 
0.05 
# CatchbiomassPen 
200 
# Number of projection years 
5 
# offset_fsh
 13430.7
# offset_ind
 13107.3
Mean Catch
1276.57
R_guess 
13.8155
# nfsh
1
# n_sel_ch_fsh
 1
# nselages_fsh
 11
# phase_selcoff_fsh
 -1
logRzero 13.8155
logmeanrec 13.8155
exp(log_sigmarprior 0.2
Fish sel phase: -1 OM1
Fixing fishery sel to
1
Fixing fishery sel to
1
Srvy sel phase: -1
Fixing survey_index1 indices sel to
1
Fixing index sel to
1
# logsel_slp_in_indv
 0.693147
Leaving parameter init secton
# M
 0.2 0.2 0.2 0.2 0.2 0.2 0.2 0.2 0.2 0.2 0.2 0.2
 0.2 0.2 0.2 0.2 0.2 0.2 0.2 0.2 0.2 0.2 0.2 0.2
 0.2 0.2 0.2 0.2 0.2 0.2 0.2 0.2 0.2 0.2 0.2 0.2
 0.2 0.2 0.2 0.2 0.2 0.2 0.2 0.2 0.2 0.2 0.2 0.2
 0.2 0.2 0.2 0.2 0.2 0.2 0.2 0.2 0.2 0.2 0.2 0.2
 0.2 0.2 0.2 0.2 0.2 0.2 0.2 0.2 0.2 0.2 0.2 0.2
 0.2 0.2 0.2 0.2 0.2 0.2 0.2 0.2 0.2 0.2 0.2 0.2
 0.2 0.2 0.2 0.2 0.2 0.2 0.2 0.2 0.2 0.2 0.2 0.2
 0.2 0.2 0.2 0.2 0.2 0.2 0.2 0.2 0.2 0.2 0.2 0.2
 0.2 0.2 0.2 0.2 0.2 0.2 0.2 0.2 0.2 0.2 0.2 0.2
 0.2 0.2 0.2 0.2 0.2 0.2 0.2 0.2 0.2 0.2 0.2 0.2
 0.2 0.2 0.2 0.2 0.2 0.2 0.2 0.2 0.2 0.2 0.2 0.2
 0.2 0.2 0.2 0.2 0.2 0.2 0.2 0.2 0.2 0.2 0.2 0.2
 0.2 0.2 0.2 0.2 0.2 0.2 0.2 0.2 0.2 0.2 0.2 0.2
 0.2 0.2 0.2 0.2 0.2 0.2 0.2 0.2 0.2 0.2 0.2 0.2
 0.2 0.2 0.2 0.2 0.2 0.2 0.2 0.2 0.2 0.2 0.2 0.2
 0.2 0.2 0.2 0.2 0.2 0.2 0.2 0.2 0.2 0.2 0.2 0.2
 0.2 0.2 0.2 0.2 0.2 0.2 0.2 0.2 0.2 0.2 0.2 0.2
 0.2 0.2 0.2 0.2 0.2 0.2 0.2 0.2 0.2 0.2 0.2 0.2
 0.2 0.2 0.2 0.2 0.2 0.2 0.2 0.2 0.2 0.2 0.2 0.2
 0.2 0.2 0.2 0.2 0.2 0.2 0.2 0.2 0.2 0.2 0.2 0.2
 0.2 0.2 0.2 0.2 0.2 0.2 0.2 0.2 0.2 0.2 0.2 0.2
 0.2 0.2 0.2 0.2 0.2 0.2 0.2 0.2 0.2 0.2 0.2 0.2
 0.2 0.2 0.2 0.2 0.2 0.2 0.2 0.2 0.2 0.2 0.2 0.2
 0.2 0.2 0.2 0.2 0.2 0.2 0.2 0.2 0.2 0.2 0.2 0.2
 0.2 0.2 0.2 0.2 0.2 0.2 0.2 0.2 0.2 0.2 0.2 0.2
 0.2 0.2 0.2 0.2 0.2 0.2 0.2 0.2 0.2 0.2 0.2 0.2
 0.2 0.2 0.2 0.2 0.2 0.2 0.2 0.2 0.2 0.2 0.2 0.2
 0.2 0.2 0.2 0.2 0.2 0.2 0.2 0.2 0.2 0.2 0.2 0.2
 0.2 0.2 0.2 0.2 0.2 0.2 0.2 0.2 0.2 0.2 0.2 0.2
# mean_log_rec
13.7696
# log_Rzero
13.8267
# rec_dev
 0.0477832 0.0203433 0.0856239 0.0910566 -0.117805 -0.0803411 0.0575657 0.12973 0.0290583 0.0419897 -0.101205 -0.0172168 0.263475 0.0178104 -0.102935 0.241155 0.358056 -0.0186902 0.146693 -0.0753116 0.133711 0.155187 -0.131113 -0.00057868 -0.0238996 -0.177296 0.147615 0.101859 -0.401875 -0.167909 -0.445715 0.0262491 -0.098977 -0.274386 -0.388256 -0.120866 -0.503151 -0.296017 -0.233598 -0.090474 -0.355818
# fmort
 0.00896463 0.0264345 0.0441253 0.0606008 0.0488758 0.0879007 0.0886398 0.18799 0.110682 0.134804 0.153736 0.164637 0.119444 0.171466 0.181134 0.16234 0.315771 0.260746 0.258431 0.253913 0.350161 0.257451 0.428998 0.35982 0.353748 0.32619 0.312614 0.438938 0.333238 0.510583
# rec_dev_future
 0 0 0 0 0
