AMAK;August_2013
# styr
1
# endyr
30
# rec_age
1
# oldest_age
12
# nlength
81
# len_bins
 10 11 12 13 14 15 16 17 18 19 20 21 22 23 24 25 26 27 28 29 30 31 32 33 34 35 36 37 38 39 40 41 42 43 44 45 46 47 48 49 50 51 52 53 54 55 56 57 58 59 60 61 62 63 64 65 66 67 68 69 70 71 72 73 74 75 76 77 78 79 80 81 82 83 84 85 86 87 88 89 90
# datafile_name
amak_data.dat
# model_name
OM_1
# styr
1
# endyr
30
# rec_age
1
# oldest_age
12
# nfsh
1
# fshname
OM1
# catch_bio_in
 161.547 467.668 764.159 993.748 766.451 1323.81 1271.46 2482.08 1334.53 1534.5 1621.72 1596.24 1106.22 1526.67 1514.37 1262.53 2241.71 1611.14 1475.69 1311.97 1621.46 1088.79 1626.22 1208.24 1119.92 971.069 920.465 1209.34 872.228 1267.7
# catch_bio_sd_in
 0.01 0.01 0.01 0.01 0.01 0.01 0.01 0.01 0.01 0.01 0.01 0.01 0.01 0.01 0.01 0.01 0.01 0.01 0.01 0.01 0.01 0.01 0.01 0.01 0.01 0.01 0.01 0.01 0.01 0.01
# nyrs_fsh_age
 30
# nyrs_fsh_length
 0
# yrs_fsh_age_in
 1 2 3 4 5 6 7 8 9 10 11 12 13 14 15 16 17 18 19 20 21 22 23 24 25 26 27 28 29 30
# yrs_fsh_length_in

# n_sample_fsh_length_in

# olc_fsh_in

# nind
1
# indname
survey_index1
# nyrs_ind
 30
# yrs_ind_in
 1 2 3 4 5 6 7 8 9 10 11 12 13 14 15 16 17 18 19 20 21 22 23 24 25 26 27 28 29 30
# mo_ind
 1
# obs_ind_in
 1.43311 1.41612 1.66975 1.39543 1.44212 1.3197 1.57053 1.4756 1.24691 1.3011 1.17049 1.05948 1.14651 0.959222 0.877478 1.0005 1.19839 0.790638 0.723744 0.667061 0.711383 0.612262 0.836386 0.553113 0.525272 0.599282 0.466253 0.446088 0.566832 0.479299
# obs_se_ind_in
 0.286621 0.283224 0.333949 0.279085 0.288423 0.263939 0.314106 0.29512 0.249383 0.260219 0.234098 0.211897 0.229301 0.191844 0.175496 0.2001 0.239678 0.158128 0.144749 0.133412 0.142277 0.122452 0.167277 0.110623 0.105054 0.119856 0.0932505 0.0892177 0.113366 0.0958598
# nyrs_ind_age
 30
# nyrs_ind_length
 0
# yrs_ind_age_in
 1 2 3 4 5 6 7 8 9 10 11 12 13 14 15 16 17 18 19 20 21 22 23 24 25 26 27 28 29 30
# yrs_ind_length_in

# yrs_ind_age_in
 1 2 3 4 5 6 7 8 9 10 11 12 13 14 15 16 17 18 19 20 21 22 23 24 25 26 27 28 29 30
# n_sample_ind_length_in

# olc_ind_in

# oac_ind_in
 0.1 0.13 0.11 0.105 0.11 0.07 0.07 0.065 0.065 0.04 0.02 0.115
 0.095 0.13 0.1 0.09 0.105 0.1 0.1 0.055 0.035 0.04 0.03 0.12
 0.04 0.21 0.145 0.155 0.07 0.085 0.05 0.05 0.035 0.035 0.02 0.105
 0.035 0.13 0.195 0.15 0.085 0.09 0.085 0.025 0.03 0.05 0.045 0.08
 0.085 0.11 0.13 0.105 0.12 0.075 0.085 0.07 0.055 0.04 0.03 0.095
 0.09 0.185 0.12 0.095 0.125 0.06 0.055 0.03 0.03 0.05 0.02 0.14
 0.08 0.17 0.19 0.105 0.065 0.09 0.045 0.045 0.02 0.01 0.045 0.135
 0.08 0.13 0.155 0.165 0.09 0.065 0.07 0.03 0.045 0.015 0.02 0.135
 0.08 0.185 0.135 0.12 0.11 0.05 0.08 0.095 0.03 0.01 0.03 0.075
 0.1 0.2 0.125 0.13 0.13 0.08 0.015 0.03 0.035 0.04 0.025 0.09
 0.09 0.175 0.125 0.125 0.12 0.095 0.085 0.04 0.03 0.04 0.01 0.065
 0.09 0.215 0.145 0.135 0.145 0.04 0.045 0.035 0.015 0.01 0.01 0.115
 0.08 0.17 0.16 0.18 0.085 0.11 0.04 0.04 0.06 0.015 0.015 0.045
 0.105 0.175 0.175 0.18 0.085 0.065 0.06 0.02 0.025 0.025 0.01 0.075
 0.06 0.235 0.17 0.12 0.07 0.12 0.06 0.06 0.01 0.03 0.015 0.05
 0.135 0.215 0.15 0.115 0.08 0.065 0.075 0.04 0.05 0.02 0.03 0.025
 0.09 0.17 0.23 0.1 0.13 0.07 0.045 0.035 0.04 0.02 0.015 0.055
 0.09 0.245 0.23 0.1 0.085 0.06 0.065 0.03 0.015 0.015 0.02 0.045
 0.08 0.215 0.22 0.17 0.11 0.05 0.045 0.015 0.015 0.02 0.005 0.055
 0.075 0.19 0.16 0.17 0.145 0.05 0.045 0.05 0.02 0.015 0.02 0.06
 0.175 0.175 0.19 0.11 0.13 0.105 0.03 0.025 0.01 0.005 0.015 0.03
 0.16 0.275 0.2 0.125 0.07 0.08 0.035 0.025 0.01 0.01 0 0.01
 0.08 0.225 0.285 0.145 0.085 0.09 0.025 0.03 0.005 0.005 0 0.025
 0.075 0.23 0.265 0.145 0.065 0.085 0.045 0.025 0.03 0.02 0.005 0.01
 0.185 0.22 0.19 0.165 0.105 0.04 0.04 0.005 0.03 0.01 0 0.01
 0.095 0.26 0.22 0.15 0.11 0.08 0.04 0.015 0.005 0 0.015 0.01
 0.09 0.23 0.27 0.145 0.095 0.085 0.03 0.025 0.005 0.005 0 0.02
 0.14 0.23 0.2 0.195 0.065 0.075 0.03 0.025 0.015 0.005 0.005 0.015
 0.125 0.3 0.235 0.09 0.075 0.03 0.05 0.035 0.03 0.005 0.01 0.015
 0.115 0.295 0.24 0.135 0.09 0.05 0.025 0.02 0.005 0.01 0.005 0.01
# wt_ind
 1 1 1 1 1 1 1 1 1 1 1 1
 1 1 1 1 1 1 1 1 1 1 1 1
 1 1 1 1 1 1 1 1 1 1 1 1
 1 1 1 1 1 1 1 1 1 1 1 1
 1 1 1 1 1 1 1 1 1 1 1 1
 1 1 1 1 1 1 1 1 1 1 1 1
 1 1 1 1 1 1 1 1 1 1 1 1
 1 1 1 1 1 1 1 1 1 1 1 1
 1 1 1 1 1 1 1 1 1 1 1 1
 1 1 1 1 1 1 1 1 1 1 1 1
 1 1 1 1 1 1 1 1 1 1 1 1
 1 1 1 1 1 1 1 1 1 1 1 1
 1 1 1 1 1 1 1 1 1 1 1 1
 1 1 1 1 1 1 1 1 1 1 1 1
 1 1 1 1 1 1 1 1 1 1 1 1
 1 1 1 1 1 1 1 1 1 1 1 1
 1 1 1 1 1 1 1 1 1 1 1 1
 1 1 1 1 1 1 1 1 1 1 1 1
 1 1 1 1 1 1 1 1 1 1 1 1
 1 1 1 1 1 1 1 1 1 1 1 1
 1 1 1 1 1 1 1 1 1 1 1 1
 1 1 1 1 1 1 1 1 1 1 1 1
 1 1 1 1 1 1 1 1 1 1 1 1
 1 1 1 1 1 1 1 1 1 1 1 1
 1 1 1 1 1 1 1 1 1 1 1 1
 1 1 1 1 1 1 1 1 1 1 1 1
 1 1 1 1 1 1 1 1 1 1 1 1
 1 1 1 1 1 1 1 1 1 1 1 1
 1 1 1 1 1 1 1 1 1 1 1 1
 1 1 1 1 1 1 1 1 1 1 1 1
# wt_pop
 0.000530656 0.00119633 0.00205827 0.00303499 0.00405521 0.0050647 0.00602623 0.00691692 0.00772489 0.00844611 0.00908185 0.0096367
# maturity
 0.0229774 0.320821 0.904651 0.99478 0.999739 0.999987 0.999999 1 1 1 1 1
# spawnmo
1
# age_err
 1 0 0 0 0 0 0 0 0 0 0 0
 0 1 0 0 0 0 0 0 0 0 0 0
 0 0 1 0 0 0 0 0 0 0 0 0
 0 0 0 1 0 0 0 0 0 0 0 0
 0 0 0 0 1 0 0 0 0 0 0 0
 0 0 0 0 0 1 0 0 0 0 0 0
 0 0 0 0 0 0 1 0 0 0 0 0
 0 0 0 0 0 0 0 1 0 0 0 0
 0 0 0 0 0 0 0 0 1 0 0 0
 0 0 0 0 0 0 0 0 0 1 0 0
 0 0 0 0 0 0 0 0 0 0 1 0
 0 0 0 0 0 0 0 0 0 0 0 1
# cntrlfile_name
C:\Users\bai.li\Desktop\s1_test\AMAK\s110\amak.dat
# Map shared selectivity: 
# sel_map
 1 2
 1 1
# datafile_name
amak_data.dat
# model_name
OM_1
# SrType
2
# use_age_err
0
# retro
0
# sigmarprior
0.2
# cvsigmarprior
0.25
# phase_sigmar
-3
# styr_rec_est
1
# endyr_rec_est
30
# Linfprior
80
# cvLinfprior
0.25
# kprior
0.18
# cvkprior
0.25
# Loprior
27.688
# cvLoprior
0.25
# sdageprior
0.1
# cvsdageprior
0.25
# natmortprior
0.2
# cvnatmortprior
0.25
# phase_M
-4
# npars_Mage
0
# ages_M_changes

# Mage_in

# phase_Mage
-5
# phase_rw_M
0
# npars_rw_M
0
# yrs_rw_M

# sigma_rw_M

# qprior
 3.48998e-007
# cvqprior
 1
# phase_q
 1
# q_power_prior
 1
# cvq_power_prior
 0.2
# phase_q_power
 -4
# phase_rw_q
 -1
# npars_rw_q
 0
# yrs_rw_q

# sigma_rw_q

# q_age_min
 1
# q_age_max
 12
# q_age_min
 1
# q_age_max
 12
# fsh_sel_opt(k)
2
# phase_sel_fsh(k)
-2
# n_sel_ch_fsh(k)
1
# sel_slp_in_fsh(k)(1,n_sel_ch_fsh(k))
 1
# sel_inf_in_fsh(k)(1,n_sel_ch_fsh(k))
 2
# logsel_slp_in_fsh(k)(1,n_sel_ch_fsh(k))
 0
# yrs_sel_ch_fsh(k)(1,n_sel_ch_fsh(k))
 1

Survey survey_index1
# ind_sel_opt(k)
2
# indname(k)
survey_index1
# nselages_in_ind(k)
11
# phase_sel_ind(k)
-2
# sel_change_in_ind(k)
 1 0 0 0 0 0 0 0 0 0 0 0 0 0 0 0 0 0 0 0 0 0 0 0 0 0 0 0 0 0
# n_sel_ch_ind(k)
1
# yrs_sel_ch_ind(k)(1,n_sel_ch_ind(k))
 1
# sel_slp_in_ind(k,1)
2
# sel_inf_in_ind(k,1)
1.5
# logsel_slp_in_ind(k,1)
0.693147
# logsel_slp_in_indv(k)
0.693147
survey_index1 ind sel opt 2  1 0 0 0 0 0 0 0 0 0 0 0 0 0 0 0 0 0 0 0 0 0 0 0 0 0 0 0 0 0
Phase indices Sel_Coffs:  -1
 Test: 1.23457e+008
# Fshry Selages:  11
# Srvy  Selages:  11
# Phase for age-spec fishery  -1
# Phase for logistic fishery  -2
# Phase for dble logistic fishery  -1
# Phase for age-spec indices   -1
# Phase for logistic indices   -2
# Phase for dble logistic ind  -1
# Curv_pen_fsh: 
 0
# Curv_pen_ind: 
 0
# styr_fut
31
# endyr_fut
35
# nyrs_fsh_age
 30
# nyrs_fsh_age
 30
# yrs_fsh_age
 1 2 3 4 5 6 7 8 9 10 11 12 13 14 15 16 17 18 19 20 21 22 23 24 25 26 27 28 29 30
# n_sample_fsh_age
 200 200 200 200 200 200 200 200 200 200 200 200 200 200 200 200 200 200 200 200 200 200 200 200 200 200 200 200 200 200
# oac_fsh
 0.055 0.095 0.11 0.11 0.185 0.09 0.07 0.07 0.035 0.015 0.02 0.145
 0.08 0.075 0.1 0.17 0.115 0.1 0.06 0.04 0.045 0.03 0.065 0.12
 0.065 0.17 0.13 0.06 0.1 0.135 0.075 0.07 0.04 0.035 0.01 0.11
 0.07 0.06 0.14 0.115 0.12 0.09 0.085 0.085 0.035 0.045 0.03 0.125
 0.105 0.1 0.12 0.13 0.145 0.09 0.095 0.025 0.04 0.01 0.025 0.115
 0.08 0.145 0.125 0.11 0.155 0.065 0.075 0.03 0.04 0.045 0.02 0.11
 0.1 0.125 0.2 0.07 0.08 0.085 0.04 0.06 0.035 0.07 0.035 0.1
 0.055 0.1 0.135 0.16 0.115 0.065 0.07 0.045 0.055 0.055 0.02 0.125
 0.1 0.115 0.115 0.155 0.16 0.03 0.065 0.04 0.045 0.055 0.035 0.085
 0.105 0.14 0.13 0.13 0.13 0.095 0.05 0.045 0.055 0.02 0.025 0.075
 0.11 0.12 0.17 0.125 0.08 0.08 0.085 0.025 0.05 0.02 0.03 0.105
 0.06 0.165 0.135 0.115 0.13 0.065 0.075 0.06 0.04 0.015 0.04 0.1
 0.07 0.125 0.15 0.16 0.12 0.095 0.07 0.07 0.055 0 0.015 0.07
 0.08 0.145 0.125 0.14 0.165 0.08 0.06 0.06 0.03 0.045 0.015 0.055
 0.105 0.11 0.155 0.115 0.125 0.095 0.085 0.06 0.02 0.055 0.02 0.055
 0.135 0.095 0.175 0.12 0.135 0.1 0.08 0.04 0.03 0.02 0.02 0.05
 0.11 0.175 0.145 0.15 0.105 0.125 0.03 0.055 0.015 0.03 0.01 0.05
 0.12 0.16 0.21 0.085 0.12 0.075 0.05 0.055 0.03 0.02 0.025 0.05
 0.165 0.12 0.195 0.215 0.075 0.05 0.045 0.035 0.025 0.02 0 0.055
 0.12 0.2 0.125 0.16 0.12 0.085 0.065 0.04 0.015 0.005 0.015 0.05
 0.175 0.185 0.175 0.12 0.11 0.065 0.04 0.05 0.02 0.025 0.005 0.03
 0.195 0.195 0.17 0.145 0.07 0.09 0.035 0.025 0.02 0.015 0 0.04
 0.15 0.21 0.22 0.135 0.08 0.055 0.06 0.035 0.015 0.005 0.015 0.02
 0.11 0.165 0.27 0.185 0.12 0.05 0.04 0.03 0.02 0 0 0.01
 0.185 0.13 0.185 0.22 0.1 0.07 0.025 0.025 0.02 0.015 0.01 0.015
 0.16 0.315 0.16 0.165 0.135 0.035 0.01 0 0.01 0 0.005 0.005
 0.13 0.16 0.28 0.14 0.135 0.07 0.04 0.015 0.005 0.005 0 0.02
 0.215 0.205 0.155 0.17 0.09 0.06 0.055 0.02 0 0.02 0 0.01
 0.195 0.21 0.24 0.105 0.12 0.04 0.035 0.02 0.01 0.005 0.01 0.01
 0.105 0.275 0.235 0.18 0.065 0.045 0.035 0.015 0.005 0.025 0.005 0.01
# olc_fsh

# wt_fsh
 0.000530656 0.00119633 0.00205827 0.00303499 0.00405521 0.0050647 0.00602623 0.00691692 0.00772489 0.00844611 0.00908185 0.0096367
 0.000530656 0.00119633 0.00205827 0.00303499 0.00405521 0.0050647 0.00602623 0.00691692 0.00772489 0.00844611 0.00908185 0.0096367
 0.000530656 0.00119633 0.00205827 0.00303499 0.00405521 0.0050647 0.00602623 0.00691692 0.00772489 0.00844611 0.00908185 0.0096367
 0.000530656 0.00119633 0.00205827 0.00303499 0.00405521 0.0050647 0.00602623 0.00691692 0.00772489 0.00844611 0.00908185 0.0096367
 0.000530656 0.00119633 0.00205827 0.00303499 0.00405521 0.0050647 0.00602623 0.00691692 0.00772489 0.00844611 0.00908185 0.0096367
 0.000530656 0.00119633 0.00205827 0.00303499 0.00405521 0.0050647 0.00602623 0.00691692 0.00772489 0.00844611 0.00908185 0.0096367
 0.000530656 0.00119633 0.00205827 0.00303499 0.00405521 0.0050647 0.00602623 0.00691692 0.00772489 0.00844611 0.00908185 0.0096367
 0.000530656 0.00119633 0.00205827 0.00303499 0.00405521 0.0050647 0.00602623 0.00691692 0.00772489 0.00844611 0.00908185 0.0096367
 0.000530656 0.00119633 0.00205827 0.00303499 0.00405521 0.0050647 0.00602623 0.00691692 0.00772489 0.00844611 0.00908185 0.0096367
 0.000530656 0.00119633 0.00205827 0.00303499 0.00405521 0.0050647 0.00602623 0.00691692 0.00772489 0.00844611 0.00908185 0.0096367
 0.000530656 0.00119633 0.00205827 0.00303499 0.00405521 0.0050647 0.00602623 0.00691692 0.00772489 0.00844611 0.00908185 0.0096367
 0.000530656 0.00119633 0.00205827 0.00303499 0.00405521 0.0050647 0.00602623 0.00691692 0.00772489 0.00844611 0.00908185 0.0096367
 0.000530656 0.00119633 0.00205827 0.00303499 0.00405521 0.0050647 0.00602623 0.00691692 0.00772489 0.00844611 0.00908185 0.0096367
 0.000530656 0.00119633 0.00205827 0.00303499 0.00405521 0.0050647 0.00602623 0.00691692 0.00772489 0.00844611 0.00908185 0.0096367
 0.000530656 0.00119633 0.00205827 0.00303499 0.00405521 0.0050647 0.00602623 0.00691692 0.00772489 0.00844611 0.00908185 0.0096367
 0.000530656 0.00119633 0.00205827 0.00303499 0.00405521 0.0050647 0.00602623 0.00691692 0.00772489 0.00844611 0.00908185 0.0096367
 0.000530656 0.00119633 0.00205827 0.00303499 0.00405521 0.0050647 0.00602623 0.00691692 0.00772489 0.00844611 0.00908185 0.0096367
 0.000530656 0.00119633 0.00205827 0.00303499 0.00405521 0.0050647 0.00602623 0.00691692 0.00772489 0.00844611 0.00908185 0.0096367
 0.000530656 0.00119633 0.00205827 0.00303499 0.00405521 0.0050647 0.00602623 0.00691692 0.00772489 0.00844611 0.00908185 0.0096367
 0.000530656 0.00119633 0.00205827 0.00303499 0.00405521 0.0050647 0.00602623 0.00691692 0.00772489 0.00844611 0.00908185 0.0096367
 0.000530656 0.00119633 0.00205827 0.00303499 0.00405521 0.0050647 0.00602623 0.00691692 0.00772489 0.00844611 0.00908185 0.0096367
 0.000530656 0.00119633 0.00205827 0.00303499 0.00405521 0.0050647 0.00602623 0.00691692 0.00772489 0.00844611 0.00908185 0.0096367
 0.000530656 0.00119633 0.00205827 0.00303499 0.00405521 0.0050647 0.00602623 0.00691692 0.00772489 0.00844611 0.00908185 0.0096367
 0.000530656 0.00119633 0.00205827 0.00303499 0.00405521 0.0050647 0.00602623 0.00691692 0.00772489 0.00844611 0.00908185 0.0096367
 0.000530656 0.00119633 0.00205827 0.00303499 0.00405521 0.0050647 0.00602623 0.00691692 0.00772489 0.00844611 0.00908185 0.0096367
 0.000530656 0.00119633 0.00205827 0.00303499 0.00405521 0.0050647 0.00602623 0.00691692 0.00772489 0.00844611 0.00908185 0.0096367
 0.000530656 0.00119633 0.00205827 0.00303499 0.00405521 0.0050647 0.00602623 0.00691692 0.00772489 0.00844611 0.00908185 0.0096367
 0.000530656 0.00119633 0.00205827 0.00303499 0.00405521 0.0050647 0.00602623 0.00691692 0.00772489 0.00844611 0.00908185 0.0096367
 0.000530656 0.00119633 0.00205827 0.00303499 0.00405521 0.0050647 0.00602623 0.00691692 0.00772489 0.00844611 0.00908185 0.0096367
 0.000530656 0.00119633 0.00205827 0.00303499 0.00405521 0.0050647 0.00602623 0.00691692 0.00772489 0.00844611 0.00908185 0.0096367
# nyrs_ind_age
 30
# yrs_ind_age
 1 2 3 4 5 6 7 8 9 10 11 12 13 14 15 16 17 18 19 20 21 22 23 24 25 26 27 28 29 30
# n_sample_ind_age
 200 200 200 200 200 200 200 200 200 200 200 200 200 200 200 200 200 200 200 200 200 200 200 200 200 200 200 200 200 200
# oac_ind
 0.1 0.13 0.11 0.105 0.11 0.07 0.07 0.065 0.065 0.04 0.02 0.115
 0.095 0.13 0.1 0.09 0.105 0.1 0.1 0.055 0.035 0.04 0.03 0.12
 0.04 0.21 0.145 0.155 0.07 0.085 0.05 0.05 0.035 0.035 0.02 0.105
 0.035 0.13 0.195 0.15 0.085 0.09 0.085 0.025 0.03 0.05 0.045 0.08
 0.085 0.11 0.13 0.105 0.12 0.075 0.085 0.07 0.055 0.04 0.03 0.095
 0.09 0.185 0.12 0.095 0.125 0.06 0.055 0.03 0.03 0.05 0.02 0.14
 0.08 0.17 0.19 0.105 0.065 0.09 0.045 0.045 0.02 0.01 0.045 0.135
 0.08 0.13 0.155 0.165 0.09 0.065 0.07 0.03 0.045 0.015 0.02 0.135
 0.08 0.185 0.135 0.12 0.11 0.05 0.08 0.095 0.03 0.01 0.03 0.075
 0.1 0.2 0.125 0.13 0.13 0.08 0.015 0.03 0.035 0.04 0.025 0.09
 0.09 0.175 0.125 0.125 0.12 0.095 0.085 0.04 0.03 0.04 0.01 0.065
 0.09 0.215 0.145 0.135 0.145 0.04 0.045 0.035 0.015 0.01 0.01 0.115
 0.08 0.17 0.16 0.18 0.085 0.11 0.04 0.04 0.06 0.015 0.015 0.045
 0.105 0.175 0.175 0.18 0.085 0.065 0.06 0.02 0.025 0.025 0.01 0.075
 0.06 0.235 0.17 0.12 0.07 0.12 0.06 0.06 0.01 0.03 0.015 0.05
 0.135 0.215 0.15 0.115 0.08 0.065 0.075 0.04 0.05 0.02 0.03 0.025
 0.09 0.17 0.23 0.1 0.13 0.07 0.045 0.035 0.04 0.02 0.015 0.055
 0.09 0.245 0.23 0.1 0.085 0.06 0.065 0.03 0.015 0.015 0.02 0.045
 0.08 0.215 0.22 0.17 0.11 0.05 0.045 0.015 0.015 0.02 0.005 0.055
 0.075 0.19 0.16 0.17 0.145 0.05 0.045 0.05 0.02 0.015 0.02 0.06
 0.175 0.175 0.19 0.11 0.13 0.105 0.03 0.025 0.01 0.005 0.015 0.03
 0.16 0.275 0.2 0.125 0.07 0.08 0.035 0.025 0.01 0.01 0 0.01
 0.08 0.225 0.285 0.145 0.085 0.09 0.025 0.03 0.005 0.005 0 0.025
 0.075 0.23 0.265 0.145 0.065 0.085 0.045 0.025 0.03 0.02 0.005 0.01
 0.185 0.22 0.19 0.165 0.105 0.04 0.04 0.005 0.03 0.01 0 0.01
 0.095 0.26 0.22 0.15 0.11 0.08 0.04 0.015 0.005 0 0.015 0.01
 0.09 0.23 0.27 0.145 0.095 0.085 0.03 0.025 0.005 0.005 0 0.02
 0.14 0.23 0.2 0.195 0.065 0.075 0.03 0.025 0.015 0.005 0.005 0.015
 0.125 0.3 0.235 0.09 0.075 0.03 0.05 0.035 0.03 0.005 0.01 0.015
 0.115 0.295 0.24 0.135 0.09 0.05 0.025 0.02 0.005 0.01 0.005 0.01
# olc_ind

# obs_lse_ind
 0.198042 0.198042 0.198042 0.198042 0.198042 0.198042 0.198042 0.198042 0.198042 0.198042 0.198042 0.198042 0.198042 0.198042 0.198042 0.198042 0.198042 0.198042 0.198042 0.198042 0.198042 0.198042 0.198042 0.198042 0.198042 0.198042 0.198042 0.198042 0.198042 0.198042
# xages_fsh
 0 0 0 0 0 0 0 0 0 0 0 0
# xages_fsh
 0 0.0909091 0.181818 0.272727 0.363636 0.454545 0.545455 0.636364 0.727273 0.818182 0.909091 1
# xnodes_fsh

Yrs fsh_sel change:  1 0 0 0 0 0 0 0 0 0 0 0 0 0 0 0 0 0 0 0 0 0 0 0 0 0 0 0 0
Yrs ind_sel change:  1 0 0 0 0 0 0 0 0 0 0 0 0 0 0 0 0 0 0 0 0 0 0 0 0 0 0 0 0
# steepnessprior
0.75
# sigmarprior
0.2
#  SSB estimated in styr endyr: -12 28 
#  Rec estimated in styr endyr: -10 30 
#  SR Curve fit  in styr endyr: 1 30 
#             Model styr endyr: 1 30 
# qprior
 3.48998e-007
# q_power_prior 
 1 
# cv_catchbiomass 
0.05 
# CatchbiomassPen 
200 
# Number of projection years 
5 
# offset_fsh
 13398.8
# offset_ind
 13167.6
Mean Catch
1275.79
R_guess 
13.8155
# nfsh
1
# n_sel_ch_fsh
 1
# nselages_fsh
 11
# phase_selcoff_fsh
 -1
logRzero 13.8155
logmeanrec 13.8155
exp(log_sigmarprior 0.2
Fish sel phase: -1 OM1
Fixing fishery sel to
1
Fixing fishery sel to
1
Srvy sel phase: -1
Fixing survey_index1 indices sel to
1
Fixing index sel to
1
# logsel_slp_in_indv
 0.693147
Leaving parameter init secton
# M
 0.2 0.2 0.2 0.2 0.2 0.2 0.2 0.2 0.2 0.2 0.2 0.2
 0.2 0.2 0.2 0.2 0.2 0.2 0.2 0.2 0.2 0.2 0.2 0.2
 0.2 0.2 0.2 0.2 0.2 0.2 0.2 0.2 0.2 0.2 0.2 0.2
 0.2 0.2 0.2 0.2 0.2 0.2 0.2 0.2 0.2 0.2 0.2 0.2
 0.2 0.2 0.2 0.2 0.2 0.2 0.2 0.2 0.2 0.2 0.2 0.2
 0.2 0.2 0.2 0.2 0.2 0.2 0.2 0.2 0.2 0.2 0.2 0.2
 0.2 0.2 0.2 0.2 0.2 0.2 0.2 0.2 0.2 0.2 0.2 0.2
 0.2 0.2 0.2 0.2 0.2 0.2 0.2 0.2 0.2 0.2 0.2 0.2
 0.2 0.2 0.2 0.2 0.2 0.2 0.2 0.2 0.2 0.2 0.2 0.2
 0.2 0.2 0.2 0.2 0.2 0.2 0.2 0.2 0.2 0.2 0.2 0.2
 0.2 0.2 0.2 0.2 0.2 0.2 0.2 0.2 0.2 0.2 0.2 0.2
 0.2 0.2 0.2 0.2 0.2 0.2 0.2 0.2 0.2 0.2 0.2 0.2
 0.2 0.2 0.2 0.2 0.2 0.2 0.2 0.2 0.2 0.2 0.2 0.2
 0.2 0.2 0.2 0.2 0.2 0.2 0.2 0.2 0.2 0.2 0.2 0.2
 0.2 0.2 0.2 0.2 0.2 0.2 0.2 0.2 0.2 0.2 0.2 0.2
 0.2 0.2 0.2 0.2 0.2 0.2 0.2 0.2 0.2 0.2 0.2 0.2
 0.2 0.2 0.2 0.2 0.2 0.2 0.2 0.2 0.2 0.2 0.2 0.2
 0.2 0.2 0.2 0.2 0.2 0.2 0.2 0.2 0.2 0.2 0.2 0.2
 0.2 0.2 0.2 0.2 0.2 0.2 0.2 0.2 0.2 0.2 0.2 0.2
 0.2 0.2 0.2 0.2 0.2 0.2 0.2 0.2 0.2 0.2 0.2 0.2
 0.2 0.2 0.2 0.2 0.2 0.2 0.2 0.2 0.2 0.2 0.2 0.2
 0.2 0.2 0.2 0.2 0.2 0.2 0.2 0.2 0.2 0.2 0.2 0.2
 0.2 0.2 0.2 0.2 0.2 0.2 0.2 0.2 0.2 0.2 0.2 0.2
 0.2 0.2 0.2 0.2 0.2 0.2 0.2 0.2 0.2 0.2 0.2 0.2
 0.2 0.2 0.2 0.2 0.2 0.2 0.2 0.2 0.2 0.2 0.2 0.2
 0.2 0.2 0.2 0.2 0.2 0.2 0.2 0.2 0.2 0.2 0.2 0.2
 0.2 0.2 0.2 0.2 0.2 0.2 0.2 0.2 0.2 0.2 0.2 0.2
 0.2 0.2 0.2 0.2 0.2 0.2 0.2 0.2 0.2 0.2 0.2 0.2
 0.2 0.2 0.2 0.2 0.2 0.2 0.2 0.2 0.2 0.2 0.2 0.2
 0.2 0.2 0.2 0.2 0.2 0.2 0.2 0.2 0.2 0.2 0.2 0.2
# mean_log_rec
13.761
# log_Rzero
13.7877
# rec_dev
 -0.110966 -0.184725 0.00502908 -0.0846736 0.0701659 0.0233499 -0.0057234 0.21904 0.0969851 0.0349192 0.0371838 0.0743005 0.303065 -0.0602608 -0.149776 0.362183 0.227559 -0.00321494 0.143865 0.0494189 0.129232 0.0343868 -0.0882209 -0.0843335 -0.0865969 -0.160215 0.123044 0.017001 -0.284085 -0.186971 -0.244979 0.00911878 0.0171698 -0.228702 -0.445549 -0.0953085 -0.475005 -0.303154 -0.162847 -0.148198 -0.468991
# fmort
 0.00911483 0.0265805 0.0443771 0.0598397 0.0478782 0.0863687 0.0874351 0.18651 0.110298 0.134688 0.152729 0.161921 0.118415 0.172601 0.185876 0.165972 0.330163 0.273854 0.27755 0.270594 0.375293 0.274802 0.443286 0.365766 0.361007 0.327394 0.316364 0.440275 0.331767 0.505676
# rec_dev_future
 0 0 0 0 0
