#nyears
 30
#year1
 1
#nages
 12
#nfleets
 1
#nselblocks
 1
#navailindices
 1
#M
  0.2 0.2 0.2 0.2 0.2 0.2 0.2 0.2 0.2 0.2 0.2 0.2
 0.2 0.2 0.2 0.2 0.2 0.2 0.2 0.2 0.2 0.2 0.2 0.2
 0.2 0.2 0.2 0.2 0.2 0.2 0.2 0.2 0.2 0.2 0.2 0.2
 0.2 0.2 0.2 0.2 0.2 0.2 0.2 0.2 0.2 0.2 0.2 0.2
 0.2 0.2 0.2 0.2 0.2 0.2 0.2 0.2 0.2 0.2 0.2 0.2
 0.2 0.2 0.2 0.2 0.2 0.2 0.2 0.2 0.2 0.2 0.2 0.2
 0.2 0.2 0.2 0.2 0.2 0.2 0.2 0.2 0.2 0.2 0.2 0.2
 0.2 0.2 0.2 0.2 0.2 0.2 0.2 0.2 0.2 0.2 0.2 0.2
 0.2 0.2 0.2 0.2 0.2 0.2 0.2 0.2 0.2 0.2 0.2 0.2
 0.2 0.2 0.2 0.2 0.2 0.2 0.2 0.2 0.2 0.2 0.2 0.2
 0.2 0.2 0.2 0.2 0.2 0.2 0.2 0.2 0.2 0.2 0.2 0.2
 0.2 0.2 0.2 0.2 0.2 0.2 0.2 0.2 0.2 0.2 0.2 0.2
 0.2 0.2 0.2 0.2 0.2 0.2 0.2 0.2 0.2 0.2 0.2 0.2
 0.2 0.2 0.2 0.2 0.2 0.2 0.2 0.2 0.2 0.2 0.2 0.2
 0.2 0.2 0.2 0.2 0.2 0.2 0.2 0.2 0.2 0.2 0.2 0.2
 0.2 0.2 0.2 0.2 0.2 0.2 0.2 0.2 0.2 0.2 0.2 0.2
 0.2 0.2 0.2 0.2 0.2 0.2 0.2 0.2 0.2 0.2 0.2 0.2
 0.2 0.2 0.2 0.2 0.2 0.2 0.2 0.2 0.2 0.2 0.2 0.2
 0.2 0.2 0.2 0.2 0.2 0.2 0.2 0.2 0.2 0.2 0.2 0.2
 0.2 0.2 0.2 0.2 0.2 0.2 0.2 0.2 0.2 0.2 0.2 0.2
 0.2 0.2 0.2 0.2 0.2 0.2 0.2 0.2 0.2 0.2 0.2 0.2
 0.2 0.2 0.2 0.2 0.2 0.2 0.2 0.2 0.2 0.2 0.2 0.2
 0.2 0.2 0.2 0.2 0.2 0.2 0.2 0.2 0.2 0.2 0.2 0.2
 0.2 0.2 0.2 0.2 0.2 0.2 0.2 0.2 0.2 0.2 0.2 0.2
 0.2 0.2 0.2 0.2 0.2 0.2 0.2 0.2 0.2 0.2 0.2 0.2
 0.2 0.2 0.2 0.2 0.2 0.2 0.2 0.2 0.2 0.2 0.2 0.2
 0.2 0.2 0.2 0.2 0.2 0.2 0.2 0.2 0.2 0.2 0.2 0.2
 0.2 0.2 0.2 0.2 0.2 0.2 0.2 0.2 0.2 0.2 0.2 0.2
 0.2 0.2 0.2 0.2 0.2 0.2 0.2 0.2 0.2 0.2 0.2 0.2
 0.2 0.2 0.2 0.2 0.2 0.2 0.2 0.2 0.2 0.2 0.2 0.2
#isfecund
 0
#fracyearSSB
 0
#mature
  0.0114887 0.160411 0.452325 0.49739 0.499869 0.499993 0.5 0.5 0.5 0.5 0.5 0.5
 0.0114887 0.160411 0.452325 0.49739 0.499869 0.499993 0.5 0.5 0.5 0.5 0.5 0.5
 0.0114887 0.160411 0.452325 0.49739 0.499869 0.499993 0.5 0.5 0.5 0.5 0.5 0.5
 0.0114887 0.160411 0.452325 0.49739 0.499869 0.499993 0.5 0.5 0.5 0.5 0.5 0.5
 0.0114887 0.160411 0.452325 0.49739 0.499869 0.499993 0.5 0.5 0.5 0.5 0.5 0.5
 0.0114887 0.160411 0.452325 0.49739 0.499869 0.499993 0.5 0.5 0.5 0.5 0.5 0.5
 0.0114887 0.160411 0.452325 0.49739 0.499869 0.499993 0.5 0.5 0.5 0.5 0.5 0.5
 0.0114887 0.160411 0.452325 0.49739 0.499869 0.499993 0.5 0.5 0.5 0.5 0.5 0.5
 0.0114887 0.160411 0.452325 0.49739 0.499869 0.499993 0.5 0.5 0.5 0.5 0.5 0.5
 0.0114887 0.160411 0.452325 0.49739 0.499869 0.499993 0.5 0.5 0.5 0.5 0.5 0.5
 0.0114887 0.160411 0.452325 0.49739 0.499869 0.499993 0.5 0.5 0.5 0.5 0.5 0.5
 0.0114887 0.160411 0.452325 0.49739 0.499869 0.499993 0.5 0.5 0.5 0.5 0.5 0.5
 0.0114887 0.160411 0.452325 0.49739 0.499869 0.499993 0.5 0.5 0.5 0.5 0.5 0.5
 0.0114887 0.160411 0.452325 0.49739 0.499869 0.499993 0.5 0.5 0.5 0.5 0.5 0.5
 0.0114887 0.160411 0.452325 0.49739 0.499869 0.499993 0.5 0.5 0.5 0.5 0.5 0.5
 0.0114887 0.160411 0.452325 0.49739 0.499869 0.499993 0.5 0.5 0.5 0.5 0.5 0.5
 0.0114887 0.160411 0.452325 0.49739 0.499869 0.499993 0.5 0.5 0.5 0.5 0.5 0.5
 0.0114887 0.160411 0.452325 0.49739 0.499869 0.499993 0.5 0.5 0.5 0.5 0.5 0.5
 0.0114887 0.160411 0.452325 0.49739 0.499869 0.499993 0.5 0.5 0.5 0.5 0.5 0.5
 0.0114887 0.160411 0.452325 0.49739 0.499869 0.499993 0.5 0.5 0.5 0.5 0.5 0.5
 0.0114887 0.160411 0.452325 0.49739 0.499869 0.499993 0.5 0.5 0.5 0.5 0.5 0.5
 0.0114887 0.160411 0.452325 0.49739 0.499869 0.499993 0.5 0.5 0.5 0.5 0.5 0.5
 0.0114887 0.160411 0.452325 0.49739 0.499869 0.499993 0.5 0.5 0.5 0.5 0.5 0.5
 0.0114887 0.160411 0.452325 0.49739 0.499869 0.499993 0.5 0.5 0.5 0.5 0.5 0.5
 0.0114887 0.160411 0.452325 0.49739 0.499869 0.499993 0.5 0.5 0.5 0.5 0.5 0.5
 0.0114887 0.160411 0.452325 0.49739 0.499869 0.499993 0.5 0.5 0.5 0.5 0.5 0.5
 0.0114887 0.160411 0.452325 0.49739 0.499869 0.499993 0.5 0.5 0.5 0.5 0.5 0.5
 0.0114887 0.160411 0.452325 0.49739 0.499869 0.499993 0.5 0.5 0.5 0.5 0.5 0.5
 0.0114887 0.160411 0.452325 0.49739 0.499869 0.499993 0.5 0.5 0.5 0.5 0.5 0.5
 0.0114887 0.160411 0.452325 0.49739 0.499869 0.499993 0.5 0.5 0.5 0.5 0.5 0.5
#nWAAmatrices
 1
#WAA_ini
  0.530655 1.19633 2.05827 3.03499 4.05521 5.0647 6.02623 6.91692 7.72489 8.44611 9.08185 9.63669
 0.530655 1.19633 2.05827 3.03499 4.05521 5.0647 6.02623 6.91692 7.72489 8.44611 9.08185 9.63669
 0.530655 1.19633 2.05827 3.03499 4.05521 5.0647 6.02623 6.91692 7.72489 8.44611 9.08185 9.63669
 0.530655 1.19633 2.05827 3.03499 4.05521 5.0647 6.02623 6.91692 7.72489 8.44611 9.08185 9.63669
 0.530655 1.19633 2.05827 3.03499 4.05521 5.0647 6.02623 6.91692 7.72489 8.44611 9.08185 9.63669
 0.530655 1.19633 2.05827 3.03499 4.05521 5.0647 6.02623 6.91692 7.72489 8.44611 9.08185 9.63669
 0.530655 1.19633 2.05827 3.03499 4.05521 5.0647 6.02623 6.91692 7.72489 8.44611 9.08185 9.63669
 0.530655 1.19633 2.05827 3.03499 4.05521 5.0647 6.02623 6.91692 7.72489 8.44611 9.08185 9.63669
 0.530655 1.19633 2.05827 3.03499 4.05521 5.0647 6.02623 6.91692 7.72489 8.44611 9.08185 9.63669
 0.530655 1.19633 2.05827 3.03499 4.05521 5.0647 6.02623 6.91692 7.72489 8.44611 9.08185 9.63669
 0.530655 1.19633 2.05827 3.03499 4.05521 5.0647 6.02623 6.91692 7.72489 8.44611 9.08185 9.63669
 0.530655 1.19633 2.05827 3.03499 4.05521 5.0647 6.02623 6.91692 7.72489 8.44611 9.08185 9.63669
 0.530655 1.19633 2.05827 3.03499 4.05521 5.0647 6.02623 6.91692 7.72489 8.44611 9.08185 9.63669
 0.530655 1.19633 2.05827 3.03499 4.05521 5.0647 6.02623 6.91692 7.72489 8.44611 9.08185 9.63669
 0.530655 1.19633 2.05827 3.03499 4.05521 5.0647 6.02623 6.91692 7.72489 8.44611 9.08185 9.63669
 0.530655 1.19633 2.05827 3.03499 4.05521 5.0647 6.02623 6.91692 7.72489 8.44611 9.08185 9.63669
 0.530655 1.19633 2.05827 3.03499 4.05521 5.0647 6.02623 6.91692 7.72489 8.44611 9.08185 9.63669
 0.530655 1.19633 2.05827 3.03499 4.05521 5.0647 6.02623 6.91692 7.72489 8.44611 9.08185 9.63669
 0.530655 1.19633 2.05827 3.03499 4.05521 5.0647 6.02623 6.91692 7.72489 8.44611 9.08185 9.63669
 0.530655 1.19633 2.05827 3.03499 4.05521 5.0647 6.02623 6.91692 7.72489 8.44611 9.08185 9.63669
 0.530655 1.19633 2.05827 3.03499 4.05521 5.0647 6.02623 6.91692 7.72489 8.44611 9.08185 9.63669
 0.530655 1.19633 2.05827 3.03499 4.05521 5.0647 6.02623 6.91692 7.72489 8.44611 9.08185 9.63669
 0.530655 1.19633 2.05827 3.03499 4.05521 5.0647 6.02623 6.91692 7.72489 8.44611 9.08185 9.63669
 0.530655 1.19633 2.05827 3.03499 4.05521 5.0647 6.02623 6.91692 7.72489 8.44611 9.08185 9.63669
 0.530655 1.19633 2.05827 3.03499 4.05521 5.0647 6.02623 6.91692 7.72489 8.44611 9.08185 9.63669
 0.530655 1.19633 2.05827 3.03499 4.05521 5.0647 6.02623 6.91692 7.72489 8.44611 9.08185 9.63669
 0.530655 1.19633 2.05827 3.03499 4.05521 5.0647 6.02623 6.91692 7.72489 8.44611 9.08185 9.63669
 0.530655 1.19633 2.05827 3.03499 4.05521 5.0647 6.02623 6.91692 7.72489 8.44611 9.08185 9.63669
 0.530655 1.19633 2.05827 3.03499 4.05521 5.0647 6.02623 6.91692 7.72489 8.44611 9.08185 9.63669
 0.530655 1.19633 2.05827 3.03499 4.05521 5.0647 6.02623 6.91692 7.72489 8.44611 9.08185 9.63669
#WAApointbio
  1 1 1 1 1 1
#sel_blocks
  1 1 1 1 1 1 1 1 1 1 1 1 1 1 1 1 1 1 1 1 1 1 1 1 1 1 1 1 1 1
#sel_option
  2
#sel_ini
  0 0 0 0
 0 0 0 0
 0 0 0 0
 0 0 0 0
 0 0 0 0
 0 0 0 0
 0 0 0 0
 0 0 0 0
 0 0 0 0
 0 0 0 0
 0 0 0 0
 0 0 0 0
 2 -2 0 0.5
 1 -2 0 0.5
 0 0 0 0
 0 0 0 0
 0 0 0 0
 0 0 0 0
#sel_start_age
  1
#sel_end_age
  12
#Freport_agemin
 6
#Freport_agemax
 12
#Freport_wtopt
 1
#use_likelihood_constants
 0
#release_mort
  0
#CAA_ini
  0.07 0.12 0.11 0.115 0.125 0.065 0.05 0.065 0.035 0.04 0.05 0.155 160.055
 0.14 0.125 0.125 0.095 0.075 0.085 0.08 0.055 0.06 0.04 0.025 0.095 469.474
 0.075 0.135 0.095 0.095 0.145 0.09 0.085 0.055 0.05 0.02 0.02 0.135 755.924
 0.025 0.12 0.16 0.095 0.09 0.12 0.06 0.05 0.045 0.055 0.05 0.13 995.214
 0.09 0.075 0.14 0.11 0.1 0.055 0.1 0.06 0.035 0.04 0.035 0.16 767.387
 0.09 0.165 0.045 0.09 0.14 0.08 0.07 0.065 0.065 0.05 0.025 0.115 1329.44
 0.06 0.145 0.17 0.105 0.06 0.095 0.075 0.08 0.05 0.03 0.035 0.095 1289.27
 0.095 0.135 0.135 0.175 0.055 0.075 0.06 0.075 0.045 0.05 0 0.1 2486.58
 0.09 0.145 0.14 0.155 0.13 0.03 0.08 0.06 0.04 0.03 0.015 0.085 1319.1
 0.1 0.125 0.13 0.15 0.13 0.09 0.05 0.04 0.045 0.02 0.015 0.105 1531.96
 0.12 0.16 0.12 0.155 0.085 0.095 0.065 0.06 0.015 0.03 0.015 0.08 1607.12
 0.07 0.13 0.18 0.13 0.105 0.07 0.09 0.065 0.03 0.01 0.035 0.085 1612.49
 0.09 0.085 0.2 0.14 0.11 0.075 0.03 0.055 0.095 0.025 0 0.095 1094.35
 0.1 0.125 0.145 0.21 0.085 0.11 0.07 0.04 0.015 0.05 0.015 0.035 1523.9
 0.08 0.115 0.12 0.14 0.115 0.13 0.055 0.075 0.035 0.04 0.045 0.05 1514
 0.145 0.135 0.155 0.135 0.115 0.075 0.075 0.025 0.035 0.015 0.03 0.06 1262.91
 0.145 0.165 0.13 0.18 0.075 0.065 0.055 0.055 0.04 0.025 0.005 0.06 2259.8
 0.105 0.155 0.165 0.17 0.12 0.07 0.05 0.035 0.03 0.02 0.005 0.075 1618.17
 0.175 0.15 0.195 0.155 0.08 0.085 0.05 0.02 0.025 0.01 0 0.055 1464.95
 0.09 0.18 0.19 0.15 0.105 0.06 0.035 0.035 0.03 0.015 0.045 0.065 1309.75
 0.2 0.145 0.16 0.12 0.12 0.12 0.035 0.02 0.005 0.03 0 0.045 1616.77
 0.15 0.285 0.1 0.14 0.1 0.085 0.05 0.035 0.01 0.02 0.005 0.02 1070.5
 0.09 0.21 0.245 0.115 0.075 0.065 0.06 0.055 0.015 0.02 0.005 0.045 1623.26
 0.13 0.19 0.23 0.17 0.08 0.055 0.025 0.04 0.035 0.015 0.015 0.015 1203.05
 0.15 0.21 0.18 0.185 0.135 0.045 0.025 0.02 0.02 0.015 0 0.015 1102.49
 0.16 0.195 0.16 0.14 0.14 0.115 0.015 0.02 0.02 0.005 0.015 0.015 959.664
 0.15 0.16 0.275 0.155 0.09 0.05 0.07 0.015 0.02 0.005 0.005 0.005 931.736
 0.2 0.19 0.11 0.2 0.1 0.045 0.09 0.035 0.01 0.01 0 0.01 1198.03
 0.2 0.26 0.175 0.115 0.09 0.03 0.055 0.035 0.02 0.005 0 0.015 874.441
 0.145 0.235 0.27 0.15 0.05 0.065 0.01 0.02 0.03 0.01 0 0.015 1276.06
#Discard_ini
  0 0 0 0 0 0 0 0 0 0 0 0 0
 0 0 0 0 0 0 0 0 0 0 0 0 0
 0 0 0 0 0 0 0 0 0 0 0 0 0
 0 0 0 0 0 0 0 0 0 0 0 0 0
 0 0 0 0 0 0 0 0 0 0 0 0 0
 0 0 0 0 0 0 0 0 0 0 0 0 0
 0 0 0 0 0 0 0 0 0 0 0 0 0
 0 0 0 0 0 0 0 0 0 0 0 0 0
 0 0 0 0 0 0 0 0 0 0 0 0 0
 0 0 0 0 0 0 0 0 0 0 0 0 0
 0 0 0 0 0 0 0 0 0 0 0 0 0
 0 0 0 0 0 0 0 0 0 0 0 0 0
 0 0 0 0 0 0 0 0 0 0 0 0 0
 0 0 0 0 0 0 0 0 0 0 0 0 0
 0 0 0 0 0 0 0 0 0 0 0 0 0
 0 0 0 0 0 0 0 0 0 0 0 0 0
 0 0 0 0 0 0 0 0 0 0 0 0 0
 0 0 0 0 0 0 0 0 0 0 0 0 0
 0 0 0 0 0 0 0 0 0 0 0 0 0
 0 0 0 0 0 0 0 0 0 0 0 0 0
 0 0 0 0 0 0 0 0 0 0 0 0 0
 0 0 0 0 0 0 0 0 0 0 0 0 0
 0 0 0 0 0 0 0 0 0 0 0 0 0
 0 0 0 0 0 0 0 0 0 0 0 0 0
 0 0 0 0 0 0 0 0 0 0 0 0 0
 0 0 0 0 0 0 0 0 0 0 0 0 0
 0 0 0 0 0 0 0 0 0 0 0 0 0
 0 0 0 0 0 0 0 0 0 0 0 0 0
 0 0 0 0 0 0 0 0 0 0 0 0 0
 0 0 0 0 0 0 0 0 0 0 0 0 0
#proportion_release_ini
  0 0 0 0 0 0 0 0 0 0 0 0
 0 0 0 0 0 0 0 0 0 0 0 0
 0 0 0 0 0 0 0 0 0 0 0 0
 0 0 0 0 0 0 0 0 0 0 0 0
 0 0 0 0 0 0 0 0 0 0 0 0
 0 0 0 0 0 0 0 0 0 0 0 0
 0 0 0 0 0 0 0 0 0 0 0 0
 0 0 0 0 0 0 0 0 0 0 0 0
 0 0 0 0 0 0 0 0 0 0 0 0
 0 0 0 0 0 0 0 0 0 0 0 0
 0 0 0 0 0 0 0 0 0 0 0 0
 0 0 0 0 0 0 0 0 0 0 0 0
 0 0 0 0 0 0 0 0 0 0 0 0
 0 0 0 0 0 0 0 0 0 0 0 0
 0 0 0 0 0 0 0 0 0 0 0 0
 0 0 0 0 0 0 0 0 0 0 0 0
 0 0 0 0 0 0 0 0 0 0 0 0
 0 0 0 0 0 0 0 0 0 0 0 0
 0 0 0 0 0 0 0 0 0 0 0 0
 0 0 0 0 0 0 0 0 0 0 0 0
 0 0 0 0 0 0 0 0 0 0 0 0
 0 0 0 0 0 0 0 0 0 0 0 0
 0 0 0 0 0 0 0 0 0 0 0 0
 0 0 0 0 0 0 0 0 0 0 0 0
 0 0 0 0 0 0 0 0 0 0 0 0
 0 0 0 0 0 0 0 0 0 0 0 0
 0 0 0 0 0 0 0 0 0 0 0 0
 0 0 0 0 0 0 0 0 0 0 0 0
 0 0 0 0 0 0 0 0 0 0 0 0
 0 0 0 0 0 0 0 0 0 0 0 0
#index_units_aggregate_ini
  2
#index_units_proportions_ini
  2
#index_WAApoint_ini
  1
#index_month_ini
  1
#index_sel_choice_ini
  -1
#index_sel_option_ini
  2
#index_start_age_ini
  1
#index_end_age_ini
  12
#index_estimate_proportions_ini
  1
#use_index
  1
#index_sel_ini
  0 0 0 0
 0 0 0 0
 0 0 0 0
 0 0 0 0
 0 0 0 0
 0 0 0 0
 0 0 0 0
 0 0 0 0
 0 0 0 0
 0 0 0 0
 0 0 0 0
 0 0 0 0
 1.5 -2 1 0.5
 0.5 -2 1 0.5
 0 0 0 0
 0 0 0 0
 0 0 0 0
 0 0 0 0
#index_ini
  1 1.58286 0.2 0.06 0.14 0.14 0.12 0.11 0.09 0.06 0.035 0.05 0.04 0.015 0.14 200
 2 1.90375 0.2 0.07 0.145 0.165 0.19 0.085 0.07 0.065 0.025 0.03 0.015 0.015 0.125 200
 3 1.61999 0.2 0.085 0.145 0.155 0.155 0.115 0.055 0.05 0.035 0.05 0.03 0.025 0.1 200
 4 1.31041 0.2 0.03 0.2 0.205 0.075 0.09 0.08 0.07 0.045 0.055 0.04 0.015 0.095 200
 5 1.80733 0.2 0.1 0.15 0.12 0.13 0.075 0.085 0.095 0.04 0.035 0.05 0.025 0.095 200
 6 1.328 0.2 0.14 0.165 0.1 0.14 0.11 0.045 0.05 0.05 0.035 0.055 0.02 0.09 200
 7 1.15465 0.2 0.075 0.18 0.2 0.065 0.07 0.1 0.07 0.05 0.045 0.015 0.02 0.11 200
 8 1.45358 0.2 0.075 0.11 0.22 0.155 0.075 0.06 0.09 0.035 0.04 0.055 0.02 0.065 200
 9 1.21094 0.2 0.06 0.165 0.13 0.18 0.12 0.07 0.065 0.05 0.025 0.045 0.01 0.08 200
 10 1.20037 0.2 0.04 0.155 0.185 0.165 0.11 0.115 0.03 0.05 0.03 0.04 0.025 0.055 200
 11 1.03778 0.2 0.11 0.175 0.17 0.185 0.105 0.08 0.06 0 0.015 0.02 0.02 0.06 200
 12 1.0157 0.2 0.08 0.18 0.135 0.175 0.105 0.075 0.085 0.04 0.04 0.01 0.015 0.06 200
 13 1.17551 0.2 0.075 0.145 0.205 0.145 0.08 0.095 0.045 0.065 0.055 0.02 0.02 0.05 200
 14 1.06771 0.2 0.08 0.135 0.14 0.16 0.13 0.065 0.075 0.06 0.075 0.035 0.01 0.035 200
 15 1.05993 0.2 0.09 0.19 0.13 0.145 0.125 0.1 0.07 0.035 0.025 0.015 0.01 0.065 200
 16 1.06872 0.2 0.105 0.2 0.195 0.105 0.1 0.1 0.055 0.015 0.025 0.02 0.025 0.055 200
 17 0.949907 0.2 0.1 0.155 0.16 0.17 0.13 0.055 0.07 0.035 0.025 0.03 0 0.07 200
 18 0.868438 0.2 0.055 0.21 0.21 0.145 0.165 0.06 0.04 0.03 0.015 0.025 0.005 0.04 200
 19 0.787535 0.2 0.085 0.19 0.23 0.185 0.11 0.06 0.035 0.015 0.035 0.02 0.01 0.025 200
 20 0.876199 0.2 0.05 0.205 0.14 0.225 0.105 0.065 0.065 0.045 0.04 0.02 0.005 0.035 200
 21 0.629066 0.2 0.12 0.13 0.26 0.14 0.125 0.065 0.055 0.04 0.015 0.015 0.015 0.02 200
 22 0.682866 0.2 0.15 0.24 0.185 0.11 0.04 0.1 0.05 0.04 0.01 0.015 0.02 0.04 200
 23 0.646281 0.2 0.105 0.28 0.22 0.13 0.1 0.03 0.045 0.035 0.01 0.005 0.005 0.035 200
 24 0.70328 0.2 0.11 0.195 0.265 0.16 0.1 0.075 0.035 0.035 0.01 0.005 0 0.01 200
 25 0.545517 0.2 0.105 0.25 0.21 0.175 0.14 0.015 0.055 0 0.015 0.02 0.01 0.005 200
 26 0.549544 0.2 0.1 0.275 0.21 0.125 0.09 0.075 0.035 0.045 0 0.015 0.01 0.02 200
 27 0.532082 0.2 0.13 0.23 0.265 0.135 0.08 0.08 0.035 0.025 0.015 0 0 0.005 200
 28 0.479751 0.2 0.15 0.24 0.22 0.135 0.1 0.05 0.025 0.03 0.015 0.005 0 0.03 200
 29 0.481992 0.2 0.165 0.285 0.17 0.135 0.135 0.035 0.015 0.02 0.02 0.005 0.005 0.01 200
 30 0.503693 0.2 0.1 0.315 0.225 0.155 0.075 0.06 0.02 0 0.015 0.025 0 0.01 200
#phase_Fmult_year1
 1
#phase_Fmult_devs
 2
#phase_recruit_devs
 2
#phase_N_year1_devs
 2
#phase_q_year1
 1
#phase_q_devs
 -5
#phase_SR_scaler
 1
#phase_steepness
 -3
#recruit_CV
  0.202017 0.202017 0.202017 0.202017 0.202017 0.202017 0.202017 0.202017 0.202017 0.202017 0.202017 0.202017 0.202017 0.202017 0.202017 0.202017 0.202017 0.202017 0.202017 0.202017 0.202017 0.202017 0.202017 0.202017 0.202017 0.202017 0.202017 0.202017 0.202017 0.202017
#lambda_ind_ini
  1
#lambda_catch_tot
  1
#lambda_Discard_tot
  0
#catch_tot_CV
  0.01
 0.01
 0.01
 0.01
 0.01
 0.01
 0.01
 0.01
 0.01
 0.01
 0.01
 0.01
 0.01
 0.01
 0.01
 0.01
 0.01
 0.01
 0.01
 0.01
 0.01
 0.01
 0.01
 0.01
 0.01
 0.01
 0.01
 0.01
 0.01
 0.01
#discard_tot_CV
  0
 0
 0
 0
 0
 0
 0
 0
 0
 0
 0
 0
 0
 0
 0
 0
 0
 0
 0
 0
 0
 0
 0
 0
 0
 0
 0
 0
 0
 0
#input_eff_samp_size_catch_ini
  200
 200
 200
 200
 200
 200
 200
 200
 200
 200
 200
 200
 200
 200
 200
 200
 200
 200
 200
 200
 200
 200
 200
 200
 200
 200
 200
 200
 200
 200
#input_eff_samp_size_discard_ini
  0
 0
 0
 0
 0
 0
 0
 0
 0
 0
 0
 0
 0
 0
 0
 0
 0
 0
 0
 0
 0
 0
 0
 0
 0
 0
 0
 0
 0
 0
#lambda_Fmult_year1
  0
#Fmult_year1_CV
  1
#lambda_Fmult_devs
  0
#Fmult_devs_CV
  1
#lambda_N_year1_devs
 0
#N_year1_CV
 1
#lambda_recruit_devs
 1
#lambda_q_year1_ini
  0
#q_year1_CV_ini
  1
#lambda_q_devs_ini
  0
#q_devs_CV_ini
  1
#lambda_steepness
 0
#steepness_CV
 1
#lambda_SR_scaler
 0
#SR_scaler_CV
 1
#NAA_year1_flag
 1
#NAA_year1_ini
  1000 818.731 670.32 548.812 449.329 367.879 301.194 246.597 201.897 165.299 135.335 611.263
#Fmult_year1_ini
  0.00945917
#q_year1_iniavail
  0.000348998
#is_SR_scaler_R
 1
#SR_scaler_ini
 1000
#SR_steepness_ini
 0.75
#Fmult_max_value
 4
#ignore_guesses
 0
#do_projections
 0
#directed_fleet
  1
#nfinalyear
 31
#project_ini
  31 -1 3 -99 1
#doMCMC
 0
#MCMCnyear_opt
 1
#MCMCnboot
 1000
#MCMCnthin
 200
#MCMCseed
 657483
#fillR_opt
 0
#Ravg_start
 1
#Ravg_end
 30
#make_Rfile
 1
#test_value
 -23456
