AMAK;August_2013
# styr
1
# endyr
30
# rec_age
1
# oldest_age
12
# nlength
81
# len_bins
 10 11 12 13 14 15 16 17 18 19 20 21 22 23 24 25 26 27 28 29 30 31 32 33 34 35 36 37 38 39 40 41 42 43 44 45 46 47 48 49 50 51 52 53 54 55 56 57 58 59 60 61 62 63 64 65 66 67 68 69 70 71 72 73 74 75 76 77 78 79 80 81 82 83 84 85 86 87 88 89 90
# datafile_name
amak_data.dat
# model_name
OM_1
# styr
1
# endyr
30
# rec_age
1
# oldest_age
12
# nfsh
1
# fshname
OM1
# catch_bio_in
 159.762 468.033 758.946 990.13 767.028 1326.17 1281.6 2476.12 1320.01 1547.23 1623.33 1618.09 1102.31 1519.66 1504.99 1283.15 2266.57 1603.72 1447.52 1321.59 1637.65 1086.24 1637.11 1212.82 1116.9 968.195 925.269 1206 884.653 1265.09
# catch_bio_sd_in
 0.01 0.01 0.01 0.01 0.01 0.01 0.01 0.01 0.01 0.01 0.01 0.01 0.01 0.01 0.01 0.01 0.01 0.01 0.01 0.01 0.01 0.01 0.01 0.01 0.01 0.01 0.01 0.01 0.01 0.01
# nyrs_fsh_age
 30
# nyrs_fsh_length
 0
# yrs_fsh_age_in
 1 2 3 4 5 6 7 8 9 10 11 12 13 14 15 16 17 18 19 20 21 22 23 24 25 26 27 28 29 30
# yrs_fsh_length_in

# n_sample_fsh_length_in

# olc_fsh_in

# nind
1
# indname
survey_index1
# nyrs_ind
 30
# yrs_ind_in
 1 2 3 4 5 6 7 8 9 10 11 12 13 14 15 16 17 18 19 20 21 22 23 24 25 26 27 28 29 30
# mo_ind
 1
# obs_ind_in
 1.51306 1.47997 1.56347 1.48901 1.37523 1.50278 1.50889 1.32987 1.34904 1.35543 1.15167 1.05121 0.985124 1.00566 1.06634 0.79781 0.921759 0.867186 0.905707 0.758909 0.724204 0.713515 0.61565 0.610563 0.572367 0.500754 0.565227 0.550593 0.539817 0.574637
# obs_se_ind_in
 0.302613 0.295995 0.312695 0.297802 0.275047 0.300557 0.301777 0.265975 0.269808 0.271086 0.230333 0.210242 0.197025 0.201132 0.213268 0.159562 0.184352 0.173437 0.181141 0.151782 0.144841 0.142703 0.12313 0.122113 0.114473 0.100151 0.113045 0.110119 0.107963 0.114927
# nyrs_ind_age
 30
# nyrs_ind_length
 0
# yrs_ind_age_in
 1 2 3 4 5 6 7 8 9 10 11 12 13 14 15 16 17 18 19 20 21 22 23 24 25 26 27 28 29 30
# yrs_ind_length_in

# yrs_ind_age_in
 1 2 3 4 5 6 7 8 9 10 11 12 13 14 15 16 17 18 19 20 21 22 23 24 25 26 27 28 29 30
# n_sample_ind_length_in

# olc_ind_in

# oac_ind_in
 0.045 0.14 0.175 0.125 0.1 0.065 0.07 0.045 0.03 0.02 0.015 0.17
 0.09 0.115 0.13 0.12 0.13 0.055 0.075 0.04 0.05 0.025 0.02 0.15
 0.07 0.165 0.16 0.135 0.12 0.06 0.065 0.035 0.02 0.025 0.03 0.115
 0.07 0.11 0.195 0.095 0.085 0.07 0.095 0.085 0.03 0.045 0.01 0.11
 0.075 0.14 0.12 0.18 0.065 0.115 0.09 0.045 0.04 0.015 0.01 0.105
 0.11 0.21 0.145 0.055 0.125 0.06 0.055 0.045 0.045 0.035 0.035 0.08
 0.06 0.145 0.205 0.105 0.1 0.115 0.055 0.025 0.03 0.02 0.015 0.125
 0.12 0.15 0.16 0.105 0.055 0.065 0.115 0.015 0.03 0.03 0.015 0.14
 0.095 0.17 0.18 0.13 0.115 0.055 0.05 0.035 0.045 0.02 0.025 0.08
 0.14 0.155 0.16 0.13 0.12 0.08 0.03 0.025 0.035 0.015 0.03 0.08
 0.085 0.17 0.14 0.16 0.075 0.12 0.06 0.045 0.035 0.035 0.02 0.055
 0.055 0.18 0.2 0.125 0.13 0.065 0.07 0.035 0.025 0.03 0.025 0.06
 0.08 0.185 0.21 0.135 0.07 0.08 0.08 0.04 0.04 0.005 0.015 0.06
 0.075 0.145 0.145 0.145 0.145 0.105 0.045 0.05 0.03 0.045 0.015 0.055
 0.045 0.175 0.205 0.125 0.145 0.08 0.03 0.045 0.025 0.035 0.02 0.07
 0.12 0.15 0.15 0.115 0.095 0.135 0.075 0.045 0.025 0.03 0.01 0.05
 0.105 0.2 0.15 0.135 0.1 0.055 0.08 0.04 0.015 0.025 0.02 0.075
 0.12 0.22 0.24 0.08 0.065 0.095 0.035 0.02 0.03 0.01 0.025 0.06
 0.105 0.17 0.275 0.155 0.105 0.05 0.04 0.015 0.025 0.025 0.005 0.03
 0.08 0.27 0.145 0.18 0.105 0.045 0.025 0.05 0.035 0.015 0.01 0.04
 0.165 0.16 0.185 0.105 0.095 0.115 0.055 0.05 0.025 0.015 0.005 0.025
 0.155 0.285 0.145 0.15 0.08 0.04 0.065 0.025 0.025 0.005 0 0.025
 0.13 0.26 0.265 0.085 0.115 0.045 0.04 0.025 0.01 0.01 0.015 0
 0.1 0.18 0.245 0.175 0.115 0.06 0.04 0.03 0.03 0 0.005 0.02
 0.125 0.21 0.23 0.18 0.095 0.05 0.045 0.03 0.01 0.015 0 0.01
 0.095 0.31 0.185 0.19 0.085 0.065 0.035 0.005 0.005 0.005 0.015 0.005
 0.075 0.22 0.27 0.175 0.1 0.04 0.04 0.02 0.015 0.01 0.01 0.025
 0.12 0.225 0.235 0.245 0.06 0.035 0.035 0.005 0.025 0.005 0 0.01
 0.15 0.26 0.24 0.13 0.08 0.04 0.025 0.035 0.01 0.015 0.005 0.01
 0.105 0.365 0.21 0.11 0.065 0.03 0.05 0.02 0.015 0.01 0.015 0.005
# wt_ind
 1 1 1 1 1 1 1 1 1 1 1 1
 1 1 1 1 1 1 1 1 1 1 1 1
 1 1 1 1 1 1 1 1 1 1 1 1
 1 1 1 1 1 1 1 1 1 1 1 1
 1 1 1 1 1 1 1 1 1 1 1 1
 1 1 1 1 1 1 1 1 1 1 1 1
 1 1 1 1 1 1 1 1 1 1 1 1
 1 1 1 1 1 1 1 1 1 1 1 1
 1 1 1 1 1 1 1 1 1 1 1 1
 1 1 1 1 1 1 1 1 1 1 1 1
 1 1 1 1 1 1 1 1 1 1 1 1
 1 1 1 1 1 1 1 1 1 1 1 1
 1 1 1 1 1 1 1 1 1 1 1 1
 1 1 1 1 1 1 1 1 1 1 1 1
 1 1 1 1 1 1 1 1 1 1 1 1
 1 1 1 1 1 1 1 1 1 1 1 1
 1 1 1 1 1 1 1 1 1 1 1 1
 1 1 1 1 1 1 1 1 1 1 1 1
 1 1 1 1 1 1 1 1 1 1 1 1
 1 1 1 1 1 1 1 1 1 1 1 1
 1 1 1 1 1 1 1 1 1 1 1 1
 1 1 1 1 1 1 1 1 1 1 1 1
 1 1 1 1 1 1 1 1 1 1 1 1
 1 1 1 1 1 1 1 1 1 1 1 1
 1 1 1 1 1 1 1 1 1 1 1 1
 1 1 1 1 1 1 1 1 1 1 1 1
 1 1 1 1 1 1 1 1 1 1 1 1
 1 1 1 1 1 1 1 1 1 1 1 1
 1 1 1 1 1 1 1 1 1 1 1 1
 1 1 1 1 1 1 1 1 1 1 1 1
# wt_pop
 0.000530656 0.00119633 0.00205827 0.00303499 0.00405521 0.0050647 0.00602623 0.00691692 0.00772489 0.00844611 0.00908185 0.0096367
# maturity
 0.0229774 0.320821 0.904651 0.99478 0.999739 0.999987 0.999999 1 1 1 1 1
# spawnmo
1
# age_err
 1 0 0 0 0 0 0 0 0 0 0 0
 0 1 0 0 0 0 0 0 0 0 0 0
 0 0 1 0 0 0 0 0 0 0 0 0
 0 0 0 1 0 0 0 0 0 0 0 0
 0 0 0 0 1 0 0 0 0 0 0 0
 0 0 0 0 0 1 0 0 0 0 0 0
 0 0 0 0 0 0 1 0 0 0 0 0
 0 0 0 0 0 0 0 1 0 0 0 0
 0 0 0 0 0 0 0 0 1 0 0 0
 0 0 0 0 0 0 0 0 0 1 0 0
 0 0 0 0 0 0 0 0 0 0 1 0
 0 0 0 0 0 0 0 0 0 0 0 1
# cntrlfile_name
C:\Users\bai.li\Desktop\s1_test\AMAK\s37\amak.dat
# Map shared selectivity: 
# sel_map
 1 2
 1 1
# datafile_name
amak_data.dat
# model_name
OM_1
# SrType
2
# use_age_err
0
# retro
0
# sigmarprior
0.2
# cvsigmarprior
0.25
# phase_sigmar
-3
# styr_rec_est
1
# endyr_rec_est
30
# Linfprior
80
# cvLinfprior
0.25
# kprior
0.18
# cvkprior
0.25
# Loprior
27.688
# cvLoprior
0.25
# sdageprior
0.1
# cvsdageprior
0.25
# natmortprior
0.2
# cvnatmortprior
0.25
# phase_M
-4
# npars_Mage
0
# ages_M_changes

# Mage_in

# phase_Mage
-5
# phase_rw_M
0
# npars_rw_M
0
# yrs_rw_M

# sigma_rw_M

# qprior
 3.48998e-007
# cvqprior
 1
# phase_q
 1
# q_power_prior
 1
# cvq_power_prior
 0.2
# phase_q_power
 -4
# phase_rw_q
 -1
# npars_rw_q
 0
# yrs_rw_q

# sigma_rw_q

# q_age_min
 1
# q_age_max
 12
# q_age_min
 1
# q_age_max
 12
# fsh_sel_opt(k)
2
# phase_sel_fsh(k)
-2
# n_sel_ch_fsh(k)
1
# sel_slp_in_fsh(k)(1,n_sel_ch_fsh(k))
 1
# sel_inf_in_fsh(k)(1,n_sel_ch_fsh(k))
 2
# logsel_slp_in_fsh(k)(1,n_sel_ch_fsh(k))
 0
# yrs_sel_ch_fsh(k)(1,n_sel_ch_fsh(k))
 1

Survey survey_index1
# ind_sel_opt(k)
2
# indname(k)
survey_index1
# nselages_in_ind(k)
11
# phase_sel_ind(k)
-2
# sel_change_in_ind(k)
 1 0 0 0 0 0 0 0 0 0 0 0 0 0 0 0 0 0 0 0 0 0 0 0 0 0 0 0 0 0
# n_sel_ch_ind(k)
1
# yrs_sel_ch_ind(k)(1,n_sel_ch_ind(k))
 1
# sel_slp_in_ind(k,1)
2
# sel_inf_in_ind(k,1)
1.5
# logsel_slp_in_ind(k,1)
0.693147
# logsel_slp_in_indv(k)
0.693147
survey_index1 ind sel opt 2  1 0 0 0 0 0 0 0 0 0 0 0 0 0 0 0 0 0 0 0 0 0 0 0 0 0 0 0 0 0
Phase indices Sel_Coffs:  -1
 Test: 1.23457e+008
# Fshry Selages:  11
# Srvy  Selages:  11
# Phase for age-spec fishery  -1
# Phase for logistic fishery  -2
# Phase for dble logistic fishery  -1
# Phase for age-spec indices   -1
# Phase for logistic indices   -2
# Phase for dble logistic ind  -1
# Curv_pen_fsh: 
 0
# Curv_pen_ind: 
 0
# styr_fut
31
# endyr_fut
35
# nyrs_fsh_age
 30
# nyrs_fsh_age
 30
# yrs_fsh_age
 1 2 3 4 5 6 7 8 9 10 11 12 13 14 15 16 17 18 19 20 21 22 23 24 25 26 27 28 29 30
# n_sample_fsh_age
 200 200 200 200 200 200 200 200 200 200 200 200 200 200 200 200 200 200 200 200 200 200 200 200 200 200 200 200 200 200
# oac_fsh
 0.05 0.085 0.16 0.135 0.13 0.09 0.065 0.04 0.055 0.015 0.015 0.16
 0.085 0.1 0.09 0.145 0.115 0.095 0.065 0.05 0.035 0.05 0.03 0.14
 0.03 0.14 0.13 0.11 0.09 0.105 0.06 0.06 0.06 0.03 0.04 0.145
 0.035 0.095 0.105 0.13 0.085 0.095 0.065 0.075 0.05 0.06 0.03 0.175
 0.13 0.115 0.135 0.155 0.1 0.055 0.055 0.05 0.03 0.05 0.03 0.095
 0.1 0.19 0.12 0.11 0.095 0.085 0.045 0.04 0.06 0.02 0.02 0.115
 0.075 0.1 0.175 0.11 0.09 0.085 0.075 0.04 0.035 0.06 0.03 0.125
 0.08 0.115 0.15 0.185 0.08 0.05 0.095 0.08 0.03 0.015 0.01 0.11
 0.11 0.185 0.11 0.165 0.135 0.07 0.035 0.04 0.03 0.015 0.01 0.095
 0.085 0.125 0.175 0.105 0.12 0.09 0.055 0.015 0.065 0.02 0.01 0.135
 0.075 0.115 0.14 0.205 0.055 0.065 0.13 0.045 0.025 0.04 0.02 0.085
 0.115 0.18 0.16 0.135 0.06 0.07 0.085 0.06 0.035 0.02 0.005 0.075
 0.075 0.155 0.135 0.205 0.115 0.08 0.045 0.05 0.04 0.035 0.005 0.06
 0.105 0.13 0.11 0.19 0.14 0.095 0.09 0.03 0.02 0.03 0.005 0.055
 0.115 0.155 0.145 0.155 0.1 0.055 0.035 0.065 0.05 0.035 0.055 0.035
 0.12 0.11 0.195 0.165 0.105 0.07 0.1 0.04 0.025 0.01 0.015 0.045
 0.105 0.235 0.155 0.17 0.09 0.06 0.035 0.045 0.015 0.04 0.015 0.035
 0.095 0.19 0.205 0.115 0.14 0.065 0.065 0.025 0.025 0.015 0.01 0.05
 0.115 0.105 0.205 0.205 0.12 0.075 0.025 0.035 0.035 0.015 0.015 0.05
 0.06 0.195 0.2 0.175 0.145 0.065 0.055 0.02 0.035 0.02 0.01 0.02
 0.19 0.115 0.175 0.135 0.13 0.075 0.04 0.045 0.025 0.035 0.01 0.025
 0.13 0.22 0.155 0.165 0.105 0.1 0.04 0.02 0.01 0.02 0.015 0.02
 0.125 0.25 0.25 0.08 0.135 0.065 0.05 0.02 0.005 0.005 0 0.015
 0.175 0.14 0.295 0.14 0.075 0.06 0.045 0.025 0.02 0.005 0.01 0.01
 0.23 0.145 0.17 0.175 0.105 0.055 0.035 0.015 0.015 0.015 0.005 0.035
 0.125 0.23 0.175 0.145 0.13 0.085 0.045 0.015 0.005 0.01 0.015 0.02
 0.14 0.17 0.255 0.13 0.125 0.08 0.05 0.03 0.01 0 0 0.01
 0.205 0.205 0.16 0.215 0.085 0.03 0.03 0.025 0.02 0.01 0 0.015
 0.185 0.235 0.155 0.095 0.18 0.05 0.035 0.02 0.01 0.005 0.01 0.02
 0.135 0.25 0.255 0.105 0.06 0.09 0.055 0.01 0.015 0.015 0 0.01
# olc_fsh

# wt_fsh
 0.000530656 0.00119633 0.00205827 0.00303499 0.00405521 0.0050647 0.00602623 0.00691692 0.00772489 0.00844611 0.00908185 0.0096367
 0.000530656 0.00119633 0.00205827 0.00303499 0.00405521 0.0050647 0.00602623 0.00691692 0.00772489 0.00844611 0.00908185 0.0096367
 0.000530656 0.00119633 0.00205827 0.00303499 0.00405521 0.0050647 0.00602623 0.00691692 0.00772489 0.00844611 0.00908185 0.0096367
 0.000530656 0.00119633 0.00205827 0.00303499 0.00405521 0.0050647 0.00602623 0.00691692 0.00772489 0.00844611 0.00908185 0.0096367
 0.000530656 0.00119633 0.00205827 0.00303499 0.00405521 0.0050647 0.00602623 0.00691692 0.00772489 0.00844611 0.00908185 0.0096367
 0.000530656 0.00119633 0.00205827 0.00303499 0.00405521 0.0050647 0.00602623 0.00691692 0.00772489 0.00844611 0.00908185 0.0096367
 0.000530656 0.00119633 0.00205827 0.00303499 0.00405521 0.0050647 0.00602623 0.00691692 0.00772489 0.00844611 0.00908185 0.0096367
 0.000530656 0.00119633 0.00205827 0.00303499 0.00405521 0.0050647 0.00602623 0.00691692 0.00772489 0.00844611 0.00908185 0.0096367
 0.000530656 0.00119633 0.00205827 0.00303499 0.00405521 0.0050647 0.00602623 0.00691692 0.00772489 0.00844611 0.00908185 0.0096367
 0.000530656 0.00119633 0.00205827 0.00303499 0.00405521 0.0050647 0.00602623 0.00691692 0.00772489 0.00844611 0.00908185 0.0096367
 0.000530656 0.00119633 0.00205827 0.00303499 0.00405521 0.0050647 0.00602623 0.00691692 0.00772489 0.00844611 0.00908185 0.0096367
 0.000530656 0.00119633 0.00205827 0.00303499 0.00405521 0.0050647 0.00602623 0.00691692 0.00772489 0.00844611 0.00908185 0.0096367
 0.000530656 0.00119633 0.00205827 0.00303499 0.00405521 0.0050647 0.00602623 0.00691692 0.00772489 0.00844611 0.00908185 0.0096367
 0.000530656 0.00119633 0.00205827 0.00303499 0.00405521 0.0050647 0.00602623 0.00691692 0.00772489 0.00844611 0.00908185 0.0096367
 0.000530656 0.00119633 0.00205827 0.00303499 0.00405521 0.0050647 0.00602623 0.00691692 0.00772489 0.00844611 0.00908185 0.0096367
 0.000530656 0.00119633 0.00205827 0.00303499 0.00405521 0.0050647 0.00602623 0.00691692 0.00772489 0.00844611 0.00908185 0.0096367
 0.000530656 0.00119633 0.00205827 0.00303499 0.00405521 0.0050647 0.00602623 0.00691692 0.00772489 0.00844611 0.00908185 0.0096367
 0.000530656 0.00119633 0.00205827 0.00303499 0.00405521 0.0050647 0.00602623 0.00691692 0.00772489 0.00844611 0.00908185 0.0096367
 0.000530656 0.00119633 0.00205827 0.00303499 0.00405521 0.0050647 0.00602623 0.00691692 0.00772489 0.00844611 0.00908185 0.0096367
 0.000530656 0.00119633 0.00205827 0.00303499 0.00405521 0.0050647 0.00602623 0.00691692 0.00772489 0.00844611 0.00908185 0.0096367
 0.000530656 0.00119633 0.00205827 0.00303499 0.00405521 0.0050647 0.00602623 0.00691692 0.00772489 0.00844611 0.00908185 0.0096367
 0.000530656 0.00119633 0.00205827 0.00303499 0.00405521 0.0050647 0.00602623 0.00691692 0.00772489 0.00844611 0.00908185 0.0096367
 0.000530656 0.00119633 0.00205827 0.00303499 0.00405521 0.0050647 0.00602623 0.00691692 0.00772489 0.00844611 0.00908185 0.0096367
 0.000530656 0.00119633 0.00205827 0.00303499 0.00405521 0.0050647 0.00602623 0.00691692 0.00772489 0.00844611 0.00908185 0.0096367
 0.000530656 0.00119633 0.00205827 0.00303499 0.00405521 0.0050647 0.00602623 0.00691692 0.00772489 0.00844611 0.00908185 0.0096367
 0.000530656 0.00119633 0.00205827 0.00303499 0.00405521 0.0050647 0.00602623 0.00691692 0.00772489 0.00844611 0.00908185 0.0096367
 0.000530656 0.00119633 0.00205827 0.00303499 0.00405521 0.0050647 0.00602623 0.00691692 0.00772489 0.00844611 0.00908185 0.0096367
 0.000530656 0.00119633 0.00205827 0.00303499 0.00405521 0.0050647 0.00602623 0.00691692 0.00772489 0.00844611 0.00908185 0.0096367
 0.000530656 0.00119633 0.00205827 0.00303499 0.00405521 0.0050647 0.00602623 0.00691692 0.00772489 0.00844611 0.00908185 0.0096367
 0.000530656 0.00119633 0.00205827 0.00303499 0.00405521 0.0050647 0.00602623 0.00691692 0.00772489 0.00844611 0.00908185 0.0096367
# nyrs_ind_age
 30
# yrs_ind_age
 1 2 3 4 5 6 7 8 9 10 11 12 13 14 15 16 17 18 19 20 21 22 23 24 25 26 27 28 29 30
# n_sample_ind_age
 200 200 200 200 200 200 200 200 200 200 200 200 200 200 200 200 200 200 200 200 200 200 200 200 200 200 200 200 200 200
# oac_ind
 0.045 0.14 0.175 0.125 0.1 0.065 0.07 0.045 0.03 0.02 0.015 0.17
 0.09 0.115 0.13 0.12 0.13 0.055 0.075 0.04 0.05 0.025 0.02 0.15
 0.07 0.165 0.16 0.135 0.12 0.06 0.065 0.035 0.02 0.025 0.03 0.115
 0.07 0.11 0.195 0.095 0.085 0.07 0.095 0.085 0.03 0.045 0.01 0.11
 0.075 0.14 0.12 0.18 0.065 0.115 0.09 0.045 0.04 0.015 0.01 0.105
 0.11 0.21 0.145 0.055 0.125 0.06 0.055 0.045 0.045 0.035 0.035 0.08
 0.06 0.145 0.205 0.105 0.1 0.115 0.055 0.025 0.03 0.02 0.015 0.125
 0.12 0.15 0.16 0.105 0.055 0.065 0.115 0.015 0.03 0.03 0.015 0.14
 0.095 0.17 0.18 0.13 0.115 0.055 0.05 0.035 0.045 0.02 0.025 0.08
 0.14 0.155 0.16 0.13 0.12 0.08 0.03 0.025 0.035 0.015 0.03 0.08
 0.085 0.17 0.14 0.16 0.075 0.12 0.06 0.045 0.035 0.035 0.02 0.055
 0.055 0.18 0.2 0.125 0.13 0.065 0.07 0.035 0.025 0.03 0.025 0.06
 0.08 0.185 0.21 0.135 0.07 0.08 0.08 0.04 0.04 0.005 0.015 0.06
 0.075 0.145 0.145 0.145 0.145 0.105 0.045 0.05 0.03 0.045 0.015 0.055
 0.045 0.175 0.205 0.125 0.145 0.08 0.03 0.045 0.025 0.035 0.02 0.07
 0.12 0.15 0.15 0.115 0.095 0.135 0.075 0.045 0.025 0.03 0.01 0.05
 0.105 0.2 0.15 0.135 0.1 0.055 0.08 0.04 0.015 0.025 0.02 0.075
 0.12 0.22 0.24 0.08 0.065 0.095 0.035 0.02 0.03 0.01 0.025 0.06
 0.105 0.17 0.275 0.155 0.105 0.05 0.04 0.015 0.025 0.025 0.005 0.03
 0.08 0.27 0.145 0.18 0.105 0.045 0.025 0.05 0.035 0.015 0.01 0.04
 0.165 0.16 0.185 0.105 0.095 0.115 0.055 0.05 0.025 0.015 0.005 0.025
 0.155 0.285 0.145 0.15 0.08 0.04 0.065 0.025 0.025 0.005 0 0.025
 0.13 0.26 0.265 0.085 0.115 0.045 0.04 0.025 0.01 0.01 0.015 0
 0.1 0.18 0.245 0.175 0.115 0.06 0.04 0.03 0.03 0 0.005 0.02
 0.125 0.21 0.23 0.18 0.095 0.05 0.045 0.03 0.01 0.015 0 0.01
 0.095 0.31 0.185 0.19 0.085 0.065 0.035 0.005 0.005 0.005 0.015 0.005
 0.075 0.22 0.27 0.175 0.1 0.04 0.04 0.02 0.015 0.01 0.01 0.025
 0.12 0.225 0.235 0.245 0.06 0.035 0.035 0.005 0.025 0.005 0 0.01
 0.15 0.26 0.24 0.13 0.08 0.04 0.025 0.035 0.01 0.015 0.005 0.01
 0.105 0.365 0.21 0.11 0.065 0.03 0.05 0.02 0.015 0.01 0.015 0.005
# olc_ind

# obs_lse_ind
 0.198042 0.198042 0.198042 0.198042 0.198042 0.198042 0.198042 0.198042 0.198042 0.198042 0.198042 0.198042 0.198042 0.198042 0.198042 0.198042 0.198042 0.198042 0.198042 0.198042 0.198042 0.198042 0.198042 0.198042 0.198042 0.198042 0.198042 0.198042 0.198042 0.198042
# xages_fsh
 0 0 0 0 0 0 0 0 0 0 0 0
# xages_fsh
 0 0.0909091 0.181818 0.272727 0.363636 0.454545 0.545455 0.636364 0.727273 0.818182 0.909091 1
# xnodes_fsh

Yrs fsh_sel change:  1 0 0 0 0 0 0 0 0 0 0 0 0 0 0 0 0 0 0 0 0 0 0 0 0 0 0 0 0
Yrs ind_sel change:  1 0 0 0 0 0 0 0 0 0 0 0 0 0 0 0 0 0 0 0 0 0 0 0 0 0 0 0 0
# steepnessprior
0.75
# sigmarprior
0.2
#  SSB estimated in styr endyr: -12 28 
#  Rec estimated in styr endyr: -10 30 
#  SR Curve fit  in styr endyr: 1 30 
#             Model styr endyr: 1 30 
# qprior
 3.48998e-007
# q_power_prior 
 1 
# cv_catchbiomass 
0.05 
# CatchbiomassPen 
200 
# Number of projection years 
5 
# offset_fsh
 13331.1
# offset_ind
 13122.5
Mean Catch
1277.53
R_guess 
13.8155
# nfsh
1
# n_sel_ch_fsh
 1
# nselages_fsh
 11
# phase_selcoff_fsh
 -1
logRzero 13.8155
logmeanrec 13.8155
exp(log_sigmarprior 0.2
Fish sel phase: -1 OM1
Fixing fishery sel to
1
Fixing fishery sel to
1
Srvy sel phase: -1
Fixing survey_index1 indices sel to
1
Fixing index sel to
1
# logsel_slp_in_indv
 0.693147
Leaving parameter init secton
# M
 0.2 0.2 0.2 0.2 0.2 0.2 0.2 0.2 0.2 0.2 0.2 0.2
 0.2 0.2 0.2 0.2 0.2 0.2 0.2 0.2 0.2 0.2 0.2 0.2
 0.2 0.2 0.2 0.2 0.2 0.2 0.2 0.2 0.2 0.2 0.2 0.2
 0.2 0.2 0.2 0.2 0.2 0.2 0.2 0.2 0.2 0.2 0.2 0.2
 0.2 0.2 0.2 0.2 0.2 0.2 0.2 0.2 0.2 0.2 0.2 0.2
 0.2 0.2 0.2 0.2 0.2 0.2 0.2 0.2 0.2 0.2 0.2 0.2
 0.2 0.2 0.2 0.2 0.2 0.2 0.2 0.2 0.2 0.2 0.2 0.2
 0.2 0.2 0.2 0.2 0.2 0.2 0.2 0.2 0.2 0.2 0.2 0.2
 0.2 0.2 0.2 0.2 0.2 0.2 0.2 0.2 0.2 0.2 0.2 0.2
 0.2 0.2 0.2 0.2 0.2 0.2 0.2 0.2 0.2 0.2 0.2 0.2
 0.2 0.2 0.2 0.2 0.2 0.2 0.2 0.2 0.2 0.2 0.2 0.2
 0.2 0.2 0.2 0.2 0.2 0.2 0.2 0.2 0.2 0.2 0.2 0.2
 0.2 0.2 0.2 0.2 0.2 0.2 0.2 0.2 0.2 0.2 0.2 0.2
 0.2 0.2 0.2 0.2 0.2 0.2 0.2 0.2 0.2 0.2 0.2 0.2
 0.2 0.2 0.2 0.2 0.2 0.2 0.2 0.2 0.2 0.2 0.2 0.2
 0.2 0.2 0.2 0.2 0.2 0.2 0.2 0.2 0.2 0.2 0.2 0.2
 0.2 0.2 0.2 0.2 0.2 0.2 0.2 0.2 0.2 0.2 0.2 0.2
 0.2 0.2 0.2 0.2 0.2 0.2 0.2 0.2 0.2 0.2 0.2 0.2
 0.2 0.2 0.2 0.2 0.2 0.2 0.2 0.2 0.2 0.2 0.2 0.2
 0.2 0.2 0.2 0.2 0.2 0.2 0.2 0.2 0.2 0.2 0.2 0.2
 0.2 0.2 0.2 0.2 0.2 0.2 0.2 0.2 0.2 0.2 0.2 0.2
 0.2 0.2 0.2 0.2 0.2 0.2 0.2 0.2 0.2 0.2 0.2 0.2
 0.2 0.2 0.2 0.2 0.2 0.2 0.2 0.2 0.2 0.2 0.2 0.2
 0.2 0.2 0.2 0.2 0.2 0.2 0.2 0.2 0.2 0.2 0.2 0.2
 0.2 0.2 0.2 0.2 0.2 0.2 0.2 0.2 0.2 0.2 0.2 0.2
 0.2 0.2 0.2 0.2 0.2 0.2 0.2 0.2 0.2 0.2 0.2 0.2
 0.2 0.2 0.2 0.2 0.2 0.2 0.2 0.2 0.2 0.2 0.2 0.2
 0.2 0.2 0.2 0.2 0.2 0.2 0.2 0.2 0.2 0.2 0.2 0.2
 0.2 0.2 0.2 0.2 0.2 0.2 0.2 0.2 0.2 0.2 0.2 0.2
 0.2 0.2 0.2 0.2 0.2 0.2 0.2 0.2 0.2 0.2 0.2 0.2
# mean_log_rec
13.693
# log_Rzero
13.842
# rec_dev
 0.0298974 -0.160942 -0.189123 0.0376592 -0.13977 0.0158005 0.0139182 0.0827052 0.142651 0.122564 -0.0298258 0.0403448 0.333624 -0.0713773 0.0127275 0.447811 0.290997 0.0859518 0.292567 0.0643035 0.232233 0.167203 0.00317649 -0.00723305 0.0480066 -0.140561 0.2378 0.133054 -0.180146 -0.0135866 -0.317717 0.0996592 0.0542581 -0.204148 -0.266934 0.0508536 -0.365234 -0.315942 -0.0762365 0.0545184 -0.263467
# fmort
 0.00951856 0.0282611 0.0471041 0.0639766 0.0514586 0.0926437 0.0939519 0.197481 0.115084 0.142183 0.159128 0.169813 0.121136 0.174788 0.186403 0.169214 0.33362 0.270561 0.266342 0.263051 0.363161 0.26259 0.428829 0.353781 0.345107 0.307833 0.295384 0.402937 0.306066 0.449123
# rec_dev_future
 0 0 0 0 0
