AMAK;August_2013
# styr
1
# endyr
30
# rec_age
1
# oldest_age
12
# nlength
81
# len_bins
 10 11 12 13 14 15 16 17 18 19 20 21 22 23 24 25 26 27 28 29 30 31 32 33 34 35 36 37 38 39 40 41 42 43 44 45 46 47 48 49 50 51 52 53 54 55 56 57 58 59 60 61 62 63 64 65 66 67 68 69 70 71 72 73 74 75 76 77 78 79 80 81 82 83 84 85 86 87 88 89 90
# datafile_name
amak_data.dat
# model_name
OM_1
# styr
1
# endyr
30
# rec_age
1
# oldest_age
12
# nfsh
1
# fshname
OM1
# catch_bio_in
 160.828 467.644 754.326 990.94 765.155 1319.29 1278.19 2476.69 1327.34 1513.21 1634.55 1602.45 1109.03 1516.34 1513.01 1278.25 2237.4 1616.15 1452.63 1312.5 1633.87 1066.06 1634.24 1209.9 1121.88 968.674 930.437 1210.7 873.492 1291.86
# catch_bio_sd_in
 0.01 0.01 0.01 0.01 0.01 0.01 0.01 0.01 0.01 0.01 0.01 0.01 0.01 0.01 0.01 0.01 0.01 0.01 0.01 0.01 0.01 0.01 0.01 0.01 0.01 0.01 0.01 0.01 0.01 0.01
# nyrs_fsh_age
 30
# nyrs_fsh_length
 0
# yrs_fsh_age_in
 1 2 3 4 5 6 7 8 9 10 11 12 13 14 15 16 17 18 19 20 21 22 23 24 25 26 27 28 29 30
# yrs_fsh_length_in

# n_sample_fsh_length_in

# olc_fsh_in

# nind
1
# indname
survey_index1
# nyrs_ind
 30
# yrs_ind_in
 1 2 3 4 5 6 7 8 9 10 11 12 13 14 15 16 17 18 19 20 21 22 23 24 25 26 27 28 29 30
# mo_ind
 1
# obs_ind_in
 1.36035 1.46411 1.56304 1.50853 1.3066 1.42398 1.3939 1.29715 1.1274 1.11174 1.33179 1.1681 1.15706 1.08656 0.94017 0.998137 0.921987 0.833781 0.838759 0.783747 0.763849 0.670764 0.701441 0.614947 0.660523 0.497509 0.534585 0.528739 0.496013 0.486468
# obs_se_ind_in
 0.27207 0.292821 0.312608 0.301705 0.261321 0.284796 0.27878 0.25943 0.225481 0.222349 0.266358 0.233619 0.231412 0.217312 0.188034 0.199627 0.184397 0.166756 0.167752 0.156749 0.15277 0.134153 0.140288 0.122989 0.132105 0.0995017 0.106917 0.105748 0.0992027 0.0972936
# nyrs_ind_age
 30
# nyrs_ind_length
 0
# yrs_ind_age_in
 1 2 3 4 5 6 7 8 9 10 11 12 13 14 15 16 17 18 19 20 21 22 23 24 25 26 27 28 29 30
# yrs_ind_length_in

# yrs_ind_age_in
 1 2 3 4 5 6 7 8 9 10 11 12 13 14 15 16 17 18 19 20 21 22 23 24 25 26 27 28 29 30
# n_sample_ind_length_in

# olc_ind_in

# oac_ind_in
 0.05 0.12 0.165 0.12 0.125 0.065 0.05 0.025 0.04 0.045 0.025 0.17
 0.08 0.135 0.155 0.12 0.09 0.055 0.04 0.045 0.03 0.04 0.04 0.17
 0.075 0.19 0.115 0.115 0.09 0.07 0.075 0.075 0.05 0.015 0.04 0.09
 0.05 0.14 0.185 0.095 0.085 0.135 0.065 0.05 0.05 0.045 0.025 0.075
 0.105 0.09 0.155 0.11 0.115 0.085 0.08 0.04 0.045 0.035 0.045 0.095
 0.085 0.165 0.16 0.105 0.135 0.07 0.025 0.03 0.045 0.03 0.025 0.125
 0.06 0.175 0.195 0.11 0.11 0.09 0.02 0.025 0.045 0.025 0.025 0.12
 0.085 0.14 0.21 0.13 0.08 0.06 0.075 0.04 0.025 0.02 0.03 0.105
 0.08 0.21 0.15 0.115 0.135 0.05 0.06 0.055 0.05 0.01 0.02 0.065
 0.08 0.14 0.18 0.1 0.17 0.1 0.025 0.025 0.065 0.025 0.025 0.065
 0.09 0.145 0.205 0.135 0.085 0.075 0.075 0.04 0.03 0.03 0.01 0.08
 0.055 0.18 0.155 0.17 0.105 0.05 0.085 0.065 0.01 0.01 0.03 0.085
 0.075 0.175 0.17 0.155 0.115 0.105 0.055 0.055 0.03 0.01 0.015 0.04
 0.075 0.175 0.19 0.17 0.115 0.08 0.055 0.03 0.015 0.035 0.005 0.055
 0.085 0.215 0.195 0.095 0.12 0.09 0.055 0.03 0.025 0.015 0.025 0.05
 0.085 0.175 0.2 0.105 0.14 0.1 0.065 0.015 0.025 0.03 0.015 0.045
 0.1 0.255 0.105 0.16 0.105 0.06 0.06 0.045 0.025 0.025 0.02 0.04
 0.045 0.24 0.185 0.135 0.135 0.06 0.065 0.035 0.025 0.025 0.015 0.035
 0.085 0.17 0.235 0.18 0.105 0.06 0.04 0.015 0.025 0.03 0.015 0.04
 0.065 0.205 0.205 0.2 0.09 0.08 0.06 0.035 0.005 0.02 0.005 0.03
 0.15 0.145 0.21 0.135 0.12 0.075 0.05 0.055 0.02 0.015 0 0.025
 0.15 0.28 0.145 0.155 0.055 0.09 0.04 0.025 0.02 0.015 0.01 0.015
 0.1 0.245 0.235 0.125 0.105 0.06 0.065 0.035 0.01 0 0.005 0.015
 0.07 0.185 0.285 0.19 0.1 0.06 0.02 0.035 0.02 0 0.005 0.03
 0.175 0.225 0.215 0.18 0.1 0.025 0.03 0.02 0.01 0.01 0 0.01
 0.115 0.295 0.165 0.145 0.1 0.08 0.025 0 0.02 0.015 0.015 0.025
 0.11 0.185 0.3 0.075 0.115 0.075 0.06 0.02 0.02 0.01 0.005 0.025
 0.12 0.22 0.13 0.22 0.1 0.05 0.065 0.035 0.015 0.02 0.005 0.02
 0.135 0.305 0.28 0.1 0.075 0.015 0.05 0.015 0.015 0 0.005 0.005
 0.13 0.355 0.2 0.1 0.07 0.05 0.045 0.02 0.01 0.015 0.005 0
# wt_ind
 1 1 1 1 1 1 1 1 1 1 1 1
 1 1 1 1 1 1 1 1 1 1 1 1
 1 1 1 1 1 1 1 1 1 1 1 1
 1 1 1 1 1 1 1 1 1 1 1 1
 1 1 1 1 1 1 1 1 1 1 1 1
 1 1 1 1 1 1 1 1 1 1 1 1
 1 1 1 1 1 1 1 1 1 1 1 1
 1 1 1 1 1 1 1 1 1 1 1 1
 1 1 1 1 1 1 1 1 1 1 1 1
 1 1 1 1 1 1 1 1 1 1 1 1
 1 1 1 1 1 1 1 1 1 1 1 1
 1 1 1 1 1 1 1 1 1 1 1 1
 1 1 1 1 1 1 1 1 1 1 1 1
 1 1 1 1 1 1 1 1 1 1 1 1
 1 1 1 1 1 1 1 1 1 1 1 1
 1 1 1 1 1 1 1 1 1 1 1 1
 1 1 1 1 1 1 1 1 1 1 1 1
 1 1 1 1 1 1 1 1 1 1 1 1
 1 1 1 1 1 1 1 1 1 1 1 1
 1 1 1 1 1 1 1 1 1 1 1 1
 1 1 1 1 1 1 1 1 1 1 1 1
 1 1 1 1 1 1 1 1 1 1 1 1
 1 1 1 1 1 1 1 1 1 1 1 1
 1 1 1 1 1 1 1 1 1 1 1 1
 1 1 1 1 1 1 1 1 1 1 1 1
 1 1 1 1 1 1 1 1 1 1 1 1
 1 1 1 1 1 1 1 1 1 1 1 1
 1 1 1 1 1 1 1 1 1 1 1 1
 1 1 1 1 1 1 1 1 1 1 1 1
 1 1 1 1 1 1 1 1 1 1 1 1
# wt_pop
 0.000530656 0.00119633 0.00205827 0.00303499 0.00405521 0.0050647 0.00602623 0.00691692 0.00772489 0.00844611 0.00908185 0.0096367
# maturity
 0.0229774 0.320821 0.904651 0.99478 0.999739 0.999987 0.999999 1 1 1 1 1
# spawnmo
1
# age_err
 1 0 0 0 0 0 0 0 0 0 0 0
 0 1 0 0 0 0 0 0 0 0 0 0
 0 0 1 0 0 0 0 0 0 0 0 0
 0 0 0 1 0 0 0 0 0 0 0 0
 0 0 0 0 1 0 0 0 0 0 0 0
 0 0 0 0 0 1 0 0 0 0 0 0
 0 0 0 0 0 0 1 0 0 0 0 0
 0 0 0 0 0 0 0 1 0 0 0 0
 0 0 0 0 0 0 0 0 1 0 0 0
 0 0 0 0 0 0 0 0 0 1 0 0
 0 0 0 0 0 0 0 0 0 0 1 0
 0 0 0 0 0 0 0 0 0 0 0 1
# cntrlfile_name
C:\Users\bai.li\Desktop\s1_test\AMAK\s81\amak.dat
# Map shared selectivity: 
# sel_map
 1 2
 1 1
# datafile_name
amak_data.dat
# model_name
OM_1
# SrType
2
# use_age_err
0
# retro
0
# sigmarprior
0.2
# cvsigmarprior
0.25
# phase_sigmar
-3
# styr_rec_est
1
# endyr_rec_est
30
# Linfprior
80
# cvLinfprior
0.25
# kprior
0.18
# cvkprior
0.25
# Loprior
27.688
# cvLoprior
0.25
# sdageprior
0.1
# cvsdageprior
0.25
# natmortprior
0.2
# cvnatmortprior
0.25
# phase_M
-4
# npars_Mage
0
# ages_M_changes

# Mage_in

# phase_Mage
-5
# phase_rw_M
0
# npars_rw_M
0
# yrs_rw_M

# sigma_rw_M

# qprior
 3.48998e-007
# cvqprior
 1
# phase_q
 1
# q_power_prior
 1
# cvq_power_prior
 0.2
# phase_q_power
 -4
# phase_rw_q
 -1
# npars_rw_q
 0
# yrs_rw_q

# sigma_rw_q

# q_age_min
 1
# q_age_max
 12
# q_age_min
 1
# q_age_max
 12
# fsh_sel_opt(k)
2
# phase_sel_fsh(k)
-2
# n_sel_ch_fsh(k)
1
# sel_slp_in_fsh(k)(1,n_sel_ch_fsh(k))
 1
# sel_inf_in_fsh(k)(1,n_sel_ch_fsh(k))
 2
# logsel_slp_in_fsh(k)(1,n_sel_ch_fsh(k))
 0
# yrs_sel_ch_fsh(k)(1,n_sel_ch_fsh(k))
 1

Survey survey_index1
# ind_sel_opt(k)
2
# indname(k)
survey_index1
# nselages_in_ind(k)
11
# phase_sel_ind(k)
-2
# sel_change_in_ind(k)
 1 0 0 0 0 0 0 0 0 0 0 0 0 0 0 0 0 0 0 0 0 0 0 0 0 0 0 0 0 0
# n_sel_ch_ind(k)
1
# yrs_sel_ch_ind(k)(1,n_sel_ch_ind(k))
 1
# sel_slp_in_ind(k,1)
2
# sel_inf_in_ind(k,1)
1.5
# logsel_slp_in_ind(k,1)
0.693147
# logsel_slp_in_indv(k)
0.693147
survey_index1 ind sel opt 2  1 0 0 0 0 0 0 0 0 0 0 0 0 0 0 0 0 0 0 0 0 0 0 0 0 0 0 0 0 0
Phase indices Sel_Coffs:  -1
 Test: 1.23457e+008
# Fshry Selages:  11
# Srvy  Selages:  11
# Phase for age-spec fishery  -1
# Phase for logistic fishery  -2
# Phase for dble logistic fishery  -1
# Phase for age-spec indices   -1
# Phase for logistic indices   -2
# Phase for dble logistic ind  -1
# Curv_pen_fsh: 
 0
# Curv_pen_ind: 
 0
# styr_fut
31
# endyr_fut
35
# nyrs_fsh_age
 30
# nyrs_fsh_age
 30
# yrs_fsh_age
 1 2 3 4 5 6 7 8 9 10 11 12 13 14 15 16 17 18 19 20 21 22 23 24 25 26 27 28 29 30
# n_sample_fsh_age
 200 200 200 200 200 200 200 200 200 200 200 200 200 200 200 200 200 200 200 200 200 200 200 200 200 200 200 200 200 200
# oac_fsh
 0.05 0.1 0.155 0.12 0.09 0.12 0.06 0.05 0.085 0.02 0.025 0.125
 0.065 0.12 0.125 0.145 0.125 0.055 0.095 0.06 0.02 0.035 0.025 0.13
 0.1 0.12 0.095 0.145 0.08 0.1 0.065 0.06 0.06 0.01 0.025 0.14
 0.07 0.08 0.135 0.135 0.095 0.14 0.065 0.04 0.06 0.045 0.035 0.1
 0.105 0.07 0.11 0.16 0.15 0.065 0.045 0.045 0.03 0.02 0.035 0.165
 0.095 0.165 0.11 0.105 0.135 0.07 0.055 0.025 0.05 0.035 0.045 0.11
 0.095 0.16 0.155 0.09 0.07 0.1 0.09 0.04 0.05 0.025 0.035 0.09
 0.08 0.135 0.16 0.175 0.085 0.07 0.045 0.065 0.035 0.045 0.01 0.095
 0.06 0.13 0.115 0.115 0.135 0.095 0.06 0.075 0.03 0.05 0.02 0.115
 0.09 0.12 0.15 0.12 0.12 0.105 0.045 0.025 0.045 0.025 0.035 0.12
 0.08 0.11 0.155 0.18 0.12 0.09 0.11 0.03 0.02 0.025 0.015 0.065
 0.095 0.105 0.18 0.15 0.175 0.055 0.055 0.075 0.015 0.005 0.02 0.07
 0.11 0.13 0.145 0.19 0.105 0.1 0.055 0.06 0.025 0.015 0.01 0.055
 0.085 0.14 0.17 0.235 0.105 0.07 0.055 0.05 0.015 0.03 0.005 0.04
 0.095 0.185 0.14 0.12 0.125 0.07 0.055 0.04 0.045 0.035 0.02 0.07
 0.135 0.13 0.195 0.125 0.105 0.07 0.055 0.04 0.045 0.005 0.025 0.07
 0.105 0.17 0.175 0.145 0.125 0.04 0.05 0.05 0.04 0.025 0.005 0.07
 0.075 0.135 0.28 0.12 0.07 0.08 0.06 0.06 0.025 0.015 0.035 0.045
 0.11 0.125 0.205 0.17 0.095 0.11 0.045 0.03 0.035 0.02 0.01 0.045
 0.13 0.175 0.135 0.19 0.12 0.095 0.05 0 0.035 0.03 0.005 0.035
 0.135 0.14 0.19 0.12 0.145 0.085 0.06 0.02 0.015 0.015 0.015 0.06
 0.145 0.225 0.145 0.16 0.105 0.07 0.03 0.035 0.025 0.01 0.015 0.035
 0.135 0.23 0.26 0.11 0.075 0.065 0.06 0.035 0 0.01 0 0.02
 0.115 0.195 0.215 0.21 0.085 0.045 0.045 0.025 0.025 0.005 0.01 0.025
 0.155 0.16 0.215 0.215 0.115 0.055 0.015 0.02 0.005 0.01 0.01 0.025
 0.15 0.185 0.24 0.185 0.08 0.065 0.02 0.02 0.02 0.005 0.01 0.02
 0.14 0.165 0.28 0.145 0.075 0.07 0.075 0.035 0.005 0 0 0.01
 0.135 0.25 0.18 0.18 0.105 0.055 0.05 0.03 0 0 0 0.015
 0.17 0.245 0.205 0.13 0.135 0.035 0.025 0.025 0 0.01 0.005 0.015
 0.145 0.255 0.25 0.145 0.075 0.075 0.02 0.02 0.005 0.005 0 0.005
# olc_fsh

# wt_fsh
 0.000530656 0.00119633 0.00205827 0.00303499 0.00405521 0.0050647 0.00602623 0.00691692 0.00772489 0.00844611 0.00908185 0.0096367
 0.000530656 0.00119633 0.00205827 0.00303499 0.00405521 0.0050647 0.00602623 0.00691692 0.00772489 0.00844611 0.00908185 0.0096367
 0.000530656 0.00119633 0.00205827 0.00303499 0.00405521 0.0050647 0.00602623 0.00691692 0.00772489 0.00844611 0.00908185 0.0096367
 0.000530656 0.00119633 0.00205827 0.00303499 0.00405521 0.0050647 0.00602623 0.00691692 0.00772489 0.00844611 0.00908185 0.0096367
 0.000530656 0.00119633 0.00205827 0.00303499 0.00405521 0.0050647 0.00602623 0.00691692 0.00772489 0.00844611 0.00908185 0.0096367
 0.000530656 0.00119633 0.00205827 0.00303499 0.00405521 0.0050647 0.00602623 0.00691692 0.00772489 0.00844611 0.00908185 0.0096367
 0.000530656 0.00119633 0.00205827 0.00303499 0.00405521 0.0050647 0.00602623 0.00691692 0.00772489 0.00844611 0.00908185 0.0096367
 0.000530656 0.00119633 0.00205827 0.00303499 0.00405521 0.0050647 0.00602623 0.00691692 0.00772489 0.00844611 0.00908185 0.0096367
 0.000530656 0.00119633 0.00205827 0.00303499 0.00405521 0.0050647 0.00602623 0.00691692 0.00772489 0.00844611 0.00908185 0.0096367
 0.000530656 0.00119633 0.00205827 0.00303499 0.00405521 0.0050647 0.00602623 0.00691692 0.00772489 0.00844611 0.00908185 0.0096367
 0.000530656 0.00119633 0.00205827 0.00303499 0.00405521 0.0050647 0.00602623 0.00691692 0.00772489 0.00844611 0.00908185 0.0096367
 0.000530656 0.00119633 0.00205827 0.00303499 0.00405521 0.0050647 0.00602623 0.00691692 0.00772489 0.00844611 0.00908185 0.0096367
 0.000530656 0.00119633 0.00205827 0.00303499 0.00405521 0.0050647 0.00602623 0.00691692 0.00772489 0.00844611 0.00908185 0.0096367
 0.000530656 0.00119633 0.00205827 0.00303499 0.00405521 0.0050647 0.00602623 0.00691692 0.00772489 0.00844611 0.00908185 0.0096367
 0.000530656 0.00119633 0.00205827 0.00303499 0.00405521 0.0050647 0.00602623 0.00691692 0.00772489 0.00844611 0.00908185 0.0096367
 0.000530656 0.00119633 0.00205827 0.00303499 0.00405521 0.0050647 0.00602623 0.00691692 0.00772489 0.00844611 0.00908185 0.0096367
 0.000530656 0.00119633 0.00205827 0.00303499 0.00405521 0.0050647 0.00602623 0.00691692 0.00772489 0.00844611 0.00908185 0.0096367
 0.000530656 0.00119633 0.00205827 0.00303499 0.00405521 0.0050647 0.00602623 0.00691692 0.00772489 0.00844611 0.00908185 0.0096367
 0.000530656 0.00119633 0.00205827 0.00303499 0.00405521 0.0050647 0.00602623 0.00691692 0.00772489 0.00844611 0.00908185 0.0096367
 0.000530656 0.00119633 0.00205827 0.00303499 0.00405521 0.0050647 0.00602623 0.00691692 0.00772489 0.00844611 0.00908185 0.0096367
 0.000530656 0.00119633 0.00205827 0.00303499 0.00405521 0.0050647 0.00602623 0.00691692 0.00772489 0.00844611 0.00908185 0.0096367
 0.000530656 0.00119633 0.00205827 0.00303499 0.00405521 0.0050647 0.00602623 0.00691692 0.00772489 0.00844611 0.00908185 0.0096367
 0.000530656 0.00119633 0.00205827 0.00303499 0.00405521 0.0050647 0.00602623 0.00691692 0.00772489 0.00844611 0.00908185 0.0096367
 0.000530656 0.00119633 0.00205827 0.00303499 0.00405521 0.0050647 0.00602623 0.00691692 0.00772489 0.00844611 0.00908185 0.0096367
 0.000530656 0.00119633 0.00205827 0.00303499 0.00405521 0.0050647 0.00602623 0.00691692 0.00772489 0.00844611 0.00908185 0.0096367
 0.000530656 0.00119633 0.00205827 0.00303499 0.00405521 0.0050647 0.00602623 0.00691692 0.00772489 0.00844611 0.00908185 0.0096367
 0.000530656 0.00119633 0.00205827 0.00303499 0.00405521 0.0050647 0.00602623 0.00691692 0.00772489 0.00844611 0.00908185 0.0096367
 0.000530656 0.00119633 0.00205827 0.00303499 0.00405521 0.0050647 0.00602623 0.00691692 0.00772489 0.00844611 0.00908185 0.0096367
 0.000530656 0.00119633 0.00205827 0.00303499 0.00405521 0.0050647 0.00602623 0.00691692 0.00772489 0.00844611 0.00908185 0.0096367
 0.000530656 0.00119633 0.00205827 0.00303499 0.00405521 0.0050647 0.00602623 0.00691692 0.00772489 0.00844611 0.00908185 0.0096367
# nyrs_ind_age
 30
# yrs_ind_age
 1 2 3 4 5 6 7 8 9 10 11 12 13 14 15 16 17 18 19 20 21 22 23 24 25 26 27 28 29 30
# n_sample_ind_age
 200 200 200 200 200 200 200 200 200 200 200 200 200 200 200 200 200 200 200 200 200 200 200 200 200 200 200 200 200 200
# oac_ind
 0.05 0.12 0.165 0.12 0.125 0.065 0.05 0.025 0.04 0.045 0.025 0.17
 0.08 0.135 0.155 0.12 0.09 0.055 0.04 0.045 0.03 0.04 0.04 0.17
 0.075 0.19 0.115 0.115 0.09 0.07 0.075 0.075 0.05 0.015 0.04 0.09
 0.05 0.14 0.185 0.095 0.085 0.135 0.065 0.05 0.05 0.045 0.025 0.075
 0.105 0.09 0.155 0.11 0.115 0.085 0.08 0.04 0.045 0.035 0.045 0.095
 0.085 0.165 0.16 0.105 0.135 0.07 0.025 0.03 0.045 0.03 0.025 0.125
 0.06 0.175 0.195 0.11 0.11 0.09 0.02 0.025 0.045 0.025 0.025 0.12
 0.085 0.14 0.21 0.13 0.08 0.06 0.075 0.04 0.025 0.02 0.03 0.105
 0.08 0.21 0.15 0.115 0.135 0.05 0.06 0.055 0.05 0.01 0.02 0.065
 0.08 0.14 0.18 0.1 0.17 0.1 0.025 0.025 0.065 0.025 0.025 0.065
 0.09 0.145 0.205 0.135 0.085 0.075 0.075 0.04 0.03 0.03 0.01 0.08
 0.055 0.18 0.155 0.17 0.105 0.05 0.085 0.065 0.01 0.01 0.03 0.085
 0.075 0.175 0.17 0.155 0.115 0.105 0.055 0.055 0.03 0.01 0.015 0.04
 0.075 0.175 0.19 0.17 0.115 0.08 0.055 0.03 0.015 0.035 0.005 0.055
 0.085 0.215 0.195 0.095 0.12 0.09 0.055 0.03 0.025 0.015 0.025 0.05
 0.085 0.175 0.2 0.105 0.14 0.1 0.065 0.015 0.025 0.03 0.015 0.045
 0.1 0.255 0.105 0.16 0.105 0.06 0.06 0.045 0.025 0.025 0.02 0.04
 0.045 0.24 0.185 0.135 0.135 0.06 0.065 0.035 0.025 0.025 0.015 0.035
 0.085 0.17 0.235 0.18 0.105 0.06 0.04 0.015 0.025 0.03 0.015 0.04
 0.065 0.205 0.205 0.2 0.09 0.08 0.06 0.035 0.005 0.02 0.005 0.03
 0.15 0.145 0.21 0.135 0.12 0.075 0.05 0.055 0.02 0.015 0 0.025
 0.15 0.28 0.145 0.155 0.055 0.09 0.04 0.025 0.02 0.015 0.01 0.015
 0.1 0.245 0.235 0.125 0.105 0.06 0.065 0.035 0.01 0 0.005 0.015
 0.07 0.185 0.285 0.19 0.1 0.06 0.02 0.035 0.02 0 0.005 0.03
 0.175 0.225 0.215 0.18 0.1 0.025 0.03 0.02 0.01 0.01 0 0.01
 0.115 0.295 0.165 0.145 0.1 0.08 0.025 0 0.02 0.015 0.015 0.025
 0.11 0.185 0.3 0.075 0.115 0.075 0.06 0.02 0.02 0.01 0.005 0.025
 0.12 0.22 0.13 0.22 0.1 0.05 0.065 0.035 0.015 0.02 0.005 0.02
 0.135 0.305 0.28 0.1 0.075 0.015 0.05 0.015 0.015 0 0.005 0.005
 0.13 0.355 0.2 0.1 0.07 0.05 0.045 0.02 0.01 0.015 0.005 0
# olc_ind

# obs_lse_ind
 0.198042 0.198042 0.198042 0.198042 0.198042 0.198042 0.198042 0.198042 0.198042 0.198042 0.198042 0.198042 0.198042 0.198042 0.198042 0.198042 0.198042 0.198042 0.198042 0.198042 0.198042 0.198042 0.198042 0.198042 0.198042 0.198042 0.198042 0.198042 0.198042 0.198042
# xages_fsh
 0 0 0 0 0 0 0 0 0 0 0 0
# xages_fsh
 0 0.0909091 0.181818 0.272727 0.363636 0.454545 0.545455 0.636364 0.727273 0.818182 0.909091 1
# xnodes_fsh

Yrs fsh_sel change:  1 0 0 0 0 0 0 0 0 0 0 0 0 0 0 0 0 0 0 0 0 0 0 0 0 0 0 0 0
Yrs ind_sel change:  1 0 0 0 0 0 0 0 0 0 0 0 0 0 0 0 0 0 0 0 0 0 0 0 0 0 0 0 0
# steepnessprior
0.75
# sigmarprior
0.2
#  SSB estimated in styr endyr: -12 28 
#  Rec estimated in styr endyr: -10 30 
#  SR Curve fit  in styr endyr: 1 30 
#             Model styr endyr: 1 30 
# qprior
 3.48998e-007
# q_power_prior 
 1 
# cv_catchbiomass 
0.05 
# CatchbiomassPen 
200 
# Number of projection years 
5 
# offset_fsh
 13338.5
# offset_ind
 13143.7
Mean Catch
1275.57
R_guess 
13.8155
# nfsh
1
# n_sel_ch_fsh
 1
# nselages_fsh
 11
# phase_selcoff_fsh
 -1
logRzero 13.8155
logmeanrec 13.8155
exp(log_sigmarprior 0.2
Fish sel phase: -1 OM1
Fixing fishery sel to
1
Fixing fishery sel to
1
Srvy sel phase: -1
Fixing survey_index1 indices sel to
1
Fixing index sel to
1
# logsel_slp_in_indv
 0.693147
Leaving parameter init secton
# M
 0.2 0.2 0.2 0.2 0.2 0.2 0.2 0.2 0.2 0.2 0.2 0.2
 0.2 0.2 0.2 0.2 0.2 0.2 0.2 0.2 0.2 0.2 0.2 0.2
 0.2 0.2 0.2 0.2 0.2 0.2 0.2 0.2 0.2 0.2 0.2 0.2
 0.2 0.2 0.2 0.2 0.2 0.2 0.2 0.2 0.2 0.2 0.2 0.2
 0.2 0.2 0.2 0.2 0.2 0.2 0.2 0.2 0.2 0.2 0.2 0.2
 0.2 0.2 0.2 0.2 0.2 0.2 0.2 0.2 0.2 0.2 0.2 0.2
 0.2 0.2 0.2 0.2 0.2 0.2 0.2 0.2 0.2 0.2 0.2 0.2
 0.2 0.2 0.2 0.2 0.2 0.2 0.2 0.2 0.2 0.2 0.2 0.2
 0.2 0.2 0.2 0.2 0.2 0.2 0.2 0.2 0.2 0.2 0.2 0.2
 0.2 0.2 0.2 0.2 0.2 0.2 0.2 0.2 0.2 0.2 0.2 0.2
 0.2 0.2 0.2 0.2 0.2 0.2 0.2 0.2 0.2 0.2 0.2 0.2
 0.2 0.2 0.2 0.2 0.2 0.2 0.2 0.2 0.2 0.2 0.2 0.2
 0.2 0.2 0.2 0.2 0.2 0.2 0.2 0.2 0.2 0.2 0.2 0.2
 0.2 0.2 0.2 0.2 0.2 0.2 0.2 0.2 0.2 0.2 0.2 0.2
 0.2 0.2 0.2 0.2 0.2 0.2 0.2 0.2 0.2 0.2 0.2 0.2
 0.2 0.2 0.2 0.2 0.2 0.2 0.2 0.2 0.2 0.2 0.2 0.2
 0.2 0.2 0.2 0.2 0.2 0.2 0.2 0.2 0.2 0.2 0.2 0.2
 0.2 0.2 0.2 0.2 0.2 0.2 0.2 0.2 0.2 0.2 0.2 0.2
 0.2 0.2 0.2 0.2 0.2 0.2 0.2 0.2 0.2 0.2 0.2 0.2
 0.2 0.2 0.2 0.2 0.2 0.2 0.2 0.2 0.2 0.2 0.2 0.2
 0.2 0.2 0.2 0.2 0.2 0.2 0.2 0.2 0.2 0.2 0.2 0.2
 0.2 0.2 0.2 0.2 0.2 0.2 0.2 0.2 0.2 0.2 0.2 0.2
 0.2 0.2 0.2 0.2 0.2 0.2 0.2 0.2 0.2 0.2 0.2 0.2
 0.2 0.2 0.2 0.2 0.2 0.2 0.2 0.2 0.2 0.2 0.2 0.2
 0.2 0.2 0.2 0.2 0.2 0.2 0.2 0.2 0.2 0.2 0.2 0.2
 0.2 0.2 0.2 0.2 0.2 0.2 0.2 0.2 0.2 0.2 0.2 0.2
 0.2 0.2 0.2 0.2 0.2 0.2 0.2 0.2 0.2 0.2 0.2 0.2
 0.2 0.2 0.2 0.2 0.2 0.2 0.2 0.2 0.2 0.2 0.2 0.2
 0.2 0.2 0.2 0.2 0.2 0.2 0.2 0.2 0.2 0.2 0.2 0.2
 0.2 0.2 0.2 0.2 0.2 0.2 0.2 0.2 0.2 0.2 0.2 0.2
# mean_log_rec
13.7
# log_Rzero
13.8012
# rec_dev
 -0.0594274 -0.105037 -0.0732689 0.0877688 -0.270902 0.0744265 0.117235 -0.0223488 0.0431329 0.153421 0.0213904 0.0657576 0.296727 0.0220866 -0.0847179 0.417821 0.315613 0.0766261 0.282574 0.124159 0.141383 0.170497 0.00511344 -0.0132065 0.125579 -0.0469708 0.165867 0.127417 -0.252606 -0.14444 -0.334487 0.100404 0.015528 -0.192066 -0.382935 -0.0667859 -0.470639 -0.266577 -0.197459 -0.101199 -0.300925
# fmort
 0.00961795 0.028286 0.046773 0.0638414 0.0511403 0.0918271 0.0934186 0.197021 0.115385 0.138378 0.159221 0.167294 0.121371 0.173594 0.185724 0.165926 0.320915 0.264507 0.26068 0.257333 0.361241 0.259132 0.432584 0.359198 0.357859 0.325995 0.322998 0.453511 0.348768 0.553493
# rec_dev_future
 0 0 0 0 0
