AMAK;August_2013
# styr
1
# endyr
30
# rec_age
1
# oldest_age
12
# nlength
81
# len_bins
 10 11 12 13 14 15 16 17 18 19 20 21 22 23 24 25 26 27 28 29 30 31 32 33 34 35 36 37 38 39 40 41 42 43 44 45 46 47 48 49 50 51 52 53 54 55 56 57 58 59 60 61 62 63 64 65 66 67 68 69 70 71 72 73 74 75 76 77 78 79 80 81 82 83 84 85 86 87 88 89 90
# datafile_name
amak_data.dat
# model_name
OM_1
# styr
1
# endyr
30
# rec_age
1
# oldest_age
12
# nfsh
1
# fshname
OM1
# catch_bio_in
 160.652 469.847 755.545 1000.32 765.916 1326.55 1285 2496.6 1323.59 1526.97 1624.61 1605.63 1104.98 1540.42 1503.33 1274.87 2264.98 1606.57 1458.06 1312.77 1621.68 1077.97 1647.16 1210.05 1111.66 960.729 930.096 1210.42 878.424 1280.95
# catch_bio_sd_in
 0.01 0.01 0.01 0.01 0.01 0.01 0.01 0.01 0.01 0.01 0.01 0.01 0.01 0.01 0.01 0.01 0.01 0.01 0.01 0.01 0.01 0.01 0.01 0.01 0.01 0.01 0.01 0.01 0.01 0.01
# nyrs_fsh_age
 30
# nyrs_fsh_length
 0
# yrs_fsh_age_in
 1 2 3 4 5 6 7 8 9 10 11 12 13 14 15 16 17 18 19 20 21 22 23 24 25 26 27 28 29 30
# yrs_fsh_length_in

# n_sample_fsh_length_in

# olc_fsh_in

# nind
1
# indname
survey_index1
# nyrs_ind
 30
# yrs_ind_in
 1 2 3 4 5 6 7 8 9 10 11 12 13 14 15 16 17 18 19 20 21 22 23 24 25 26 27 28 29 30
# mo_ind
 1
# obs_ind_in
 1.32827 1.44594 1.64125 1.37847 1.37023 1.45683 1.46078 1.51676 1.29459 1.27188 1.00613 1.27425 1.27252 1.08874 0.98391 1.02147 1.12713 0.776133 0.637723 0.702137 0.762322 0.736741 0.662452 0.623879 0.623805 0.597345 0.475023 0.586469 0.608317 0.506162
# obs_se_ind_in
 0.265653 0.289188 0.328249 0.275693 0.274046 0.291366 0.292156 0.303352 0.258919 0.254375 0.201227 0.254851 0.254504 0.217748 0.196782 0.204294 0.225427 0.155227 0.127545 0.140427 0.152464 0.147348 0.13249 0.124776 0.124761 0.119469 0.0950046 0.117294 0.121663 0.101232
# nyrs_ind_age
 30
# nyrs_ind_length
 0
# yrs_ind_age_in
 1 2 3 4 5 6 7 8 9 10 11 12 13 14 15 16 17 18 19 20 21 22 23 24 25 26 27 28 29 30
# yrs_ind_length_in

# yrs_ind_age_in
 1 2 3 4 5 6 7 8 9 10 11 12 13 14 15 16 17 18 19 20 21 22 23 24 25 26 27 28 29 30
# n_sample_ind_length_in

# olc_ind_in

# oac_ind_in
 0.055 0.11 0.135 0.135 0.065 0.1 0.09 0.055 0.045 0.045 0.035 0.13
 0.085 0.075 0.155 0.09 0.115 0.105 0.045 0.055 0.06 0.03 0.015 0.17
 0.06 0.215 0.135 0.115 0.105 0.05 0.06 0.025 0.045 0.02 0.05 0.12
 0.04 0.095 0.165 0.155 0.075 0.13 0.075 0.045 0.045 0.02 0.025 0.13
 0.095 0.095 0.11 0.18 0.075 0.105 0.06 0.05 0.035 0.05 0.04 0.105
 0.055 0.225 0.11 0.09 0.16 0.045 0.05 0.08 0.03 0.03 0.025 0.1
 0.08 0.195 0.165 0.1 0.08 0.095 0.05 0.03 0.055 0.04 0.03 0.08
 0.055 0.095 0.18 0.225 0.09 0.08 0.07 0.045 0.04 0.01 0.015 0.095
 0.07 0.2 0.155 0.13 0.14 0.055 0.04 0.04 0.03 0.015 0.02 0.105
 0.1 0.12 0.21 0.12 0.125 0.085 0.035 0.03 0.03 0.025 0.025 0.095
 0.11 0.165 0.12 0.125 0.115 0.14 0.065 0.045 0.015 0.025 0.03 0.045
 0.065 0.12 0.275 0.13 0.075 0.07 0.07 0.06 0.02 0.035 0.01 0.07
 0.045 0.13 0.195 0.185 0.13 0.085 0.055 0.05 0.045 0.005 0.015 0.06
 0.07 0.18 0.225 0.11 0.08 0.1 0.025 0.05 0.04 0.045 0.015 0.06
 0.1 0.205 0.19 0.13 0.09 0.055 0.025 0.055 0.04 0.02 0.01 0.08
 0.115 0.165 0.18 0.155 0.075 0.06 0.085 0.06 0.02 0.015 0.015 0.055
 0.09 0.2 0.195 0.13 0.095 0.07 0.06 0.055 0.01 0.02 0.01 0.065
 0.065 0.26 0.22 0.11 0.095 0.05 0.025 0.06 0.03 0.025 0.01 0.05
 0.08 0.145 0.26 0.185 0.085 0.045 0.075 0.03 0.02 0.025 0.015 0.035
 0.075 0.185 0.165 0.2 0.125 0.07 0.035 0.025 0.025 0.025 0.015 0.055
 0.12 0.155 0.22 0.095 0.135 0.125 0.04 0.055 0.01 0.005 0.005 0.035
 0.13 0.335 0.155 0.17 0.03 0.055 0.03 0.02 0.02 0.02 0.01 0.025
 0.085 0.225 0.265 0.14 0.08 0.05 0.04 0.03 0.035 0.025 0.005 0.02
 0.12 0.205 0.26 0.205 0.045 0.055 0.02 0.025 0.01 0.025 0 0.03
 0.18 0.205 0.195 0.145 0.13 0.045 0.025 0.015 0.025 0.015 0.005 0.015
 0.12 0.24 0.18 0.145 0.115 0.09 0.055 0.02 0.005 0.015 0.005 0.01
 0.09 0.235 0.28 0.1 0.105 0.08 0.025 0.02 0.025 0.01 0.015 0.015
 0.1 0.19 0.245 0.185 0.09 0.075 0.065 0.02 0.005 0.015 0 0.01
 0.195 0.25 0.24 0.11 0.1 0.035 0.03 0.02 0.015 0 0 0.005
 0.15 0.28 0.295 0.08 0.09 0.06 0.02 0.02 0 0 0.005 0
# wt_ind
 1 1 1 1 1 1 1 1 1 1 1 1
 1 1 1 1 1 1 1 1 1 1 1 1
 1 1 1 1 1 1 1 1 1 1 1 1
 1 1 1 1 1 1 1 1 1 1 1 1
 1 1 1 1 1 1 1 1 1 1 1 1
 1 1 1 1 1 1 1 1 1 1 1 1
 1 1 1 1 1 1 1 1 1 1 1 1
 1 1 1 1 1 1 1 1 1 1 1 1
 1 1 1 1 1 1 1 1 1 1 1 1
 1 1 1 1 1 1 1 1 1 1 1 1
 1 1 1 1 1 1 1 1 1 1 1 1
 1 1 1 1 1 1 1 1 1 1 1 1
 1 1 1 1 1 1 1 1 1 1 1 1
 1 1 1 1 1 1 1 1 1 1 1 1
 1 1 1 1 1 1 1 1 1 1 1 1
 1 1 1 1 1 1 1 1 1 1 1 1
 1 1 1 1 1 1 1 1 1 1 1 1
 1 1 1 1 1 1 1 1 1 1 1 1
 1 1 1 1 1 1 1 1 1 1 1 1
 1 1 1 1 1 1 1 1 1 1 1 1
 1 1 1 1 1 1 1 1 1 1 1 1
 1 1 1 1 1 1 1 1 1 1 1 1
 1 1 1 1 1 1 1 1 1 1 1 1
 1 1 1 1 1 1 1 1 1 1 1 1
 1 1 1 1 1 1 1 1 1 1 1 1
 1 1 1 1 1 1 1 1 1 1 1 1
 1 1 1 1 1 1 1 1 1 1 1 1
 1 1 1 1 1 1 1 1 1 1 1 1
 1 1 1 1 1 1 1 1 1 1 1 1
 1 1 1 1 1 1 1 1 1 1 1 1
# wt_pop
 0.000530656 0.00119633 0.00205827 0.00303499 0.00405521 0.0050647 0.00602623 0.00691692 0.00772489 0.00844611 0.00908185 0.0096367
# maturity
 0.0229774 0.320821 0.904651 0.99478 0.999739 0.999987 0.999999 1 1 1 1 1
# spawnmo
1
# age_err
 1 0 0 0 0 0 0 0 0 0 0 0
 0 1 0 0 0 0 0 0 0 0 0 0
 0 0 1 0 0 0 0 0 0 0 0 0
 0 0 0 1 0 0 0 0 0 0 0 0
 0 0 0 0 1 0 0 0 0 0 0 0
 0 0 0 0 0 1 0 0 0 0 0 0
 0 0 0 0 0 0 1 0 0 0 0 0
 0 0 0 0 0 0 0 1 0 0 0 0
 0 0 0 0 0 0 0 0 1 0 0 0
 0 0 0 0 0 0 0 0 0 1 0 0
 0 0 0 0 0 0 0 0 0 0 1 0
 0 0 0 0 0 0 0 0 0 0 0 1
# cntrlfile_name
C:\Users\bai.li\Desktop\s1_test\AMAK\s94\amak.dat
# Map shared selectivity: 
# sel_map
 1 2
 1 1
# datafile_name
amak_data.dat
# model_name
OM_1
# SrType
2
# use_age_err
0
# retro
0
# sigmarprior
0.2
# cvsigmarprior
0.25
# phase_sigmar
-3
# styr_rec_est
1
# endyr_rec_est
30
# Linfprior
80
# cvLinfprior
0.25
# kprior
0.18
# cvkprior
0.25
# Loprior
27.688
# cvLoprior
0.25
# sdageprior
0.1
# cvsdageprior
0.25
# natmortprior
0.2
# cvnatmortprior
0.25
# phase_M
-4
# npars_Mage
0
# ages_M_changes

# Mage_in

# phase_Mage
-5
# phase_rw_M
0
# npars_rw_M
0
# yrs_rw_M

# sigma_rw_M

# qprior
 3.48998e-007
# cvqprior
 1
# phase_q
 1
# q_power_prior
 1
# cvq_power_prior
 0.2
# phase_q_power
 -4
# phase_rw_q
 -1
# npars_rw_q
 0
# yrs_rw_q

# sigma_rw_q

# q_age_min
 1
# q_age_max
 12
# q_age_min
 1
# q_age_max
 12
# fsh_sel_opt(k)
2
# phase_sel_fsh(k)
-2
# n_sel_ch_fsh(k)
1
# sel_slp_in_fsh(k)(1,n_sel_ch_fsh(k))
 1
# sel_inf_in_fsh(k)(1,n_sel_ch_fsh(k))
 2
# logsel_slp_in_fsh(k)(1,n_sel_ch_fsh(k))
 0
# yrs_sel_ch_fsh(k)(1,n_sel_ch_fsh(k))
 1

Survey survey_index1
# ind_sel_opt(k)
2
# indname(k)
survey_index1
# nselages_in_ind(k)
11
# phase_sel_ind(k)
-2
# sel_change_in_ind(k)
 1 0 0 0 0 0 0 0 0 0 0 0 0 0 0 0 0 0 0 0 0 0 0 0 0 0 0 0 0 0
# n_sel_ch_ind(k)
1
# yrs_sel_ch_ind(k)(1,n_sel_ch_ind(k))
 1
# sel_slp_in_ind(k,1)
2
# sel_inf_in_ind(k,1)
1.5
# logsel_slp_in_ind(k,1)
0.693147
# logsel_slp_in_indv(k)
0.693147
survey_index1 ind sel opt 2  1 0 0 0 0 0 0 0 0 0 0 0 0 0 0 0 0 0 0 0 0 0 0 0 0 0 0 0 0 0
Phase indices Sel_Coffs:  -1
 Test: 1.23457e+008
# Fshry Selages:  11
# Srvy  Selages:  11
# Phase for age-spec fishery  -1
# Phase for logistic fishery  -2
# Phase for dble logistic fishery  -1
# Phase for age-spec indices   -1
# Phase for logistic indices   -2
# Phase for dble logistic ind  -1
# Curv_pen_fsh: 
 0
# Curv_pen_ind: 
 0
# styr_fut
31
# endyr_fut
35
# nyrs_fsh_age
 30
# nyrs_fsh_age
 30
# yrs_fsh_age
 1 2 3 4 5 6 7 8 9 10 11 12 13 14 15 16 17 18 19 20 21 22 23 24 25 26 27 28 29 30
# n_sample_fsh_age
 200 200 200 200 200 200 200 200 200 200 200 200 200 200 200 200 200 200 200 200 200 200 200 200 200 200 200 200 200 200
# oac_fsh
 0.04 0.095 0.125 0.09 0.105 0.075 0.075 0.04 0.08 0.03 0.04 0.205
 0.105 0.09 0.16 0.105 0.11 0.1 0.045 0.06 0.075 0.03 0.015 0.105
 0.075 0.13 0.12 0.085 0.115 0.105 0.06 0.055 0.05 0.03 0.025 0.15
 0.04 0.155 0.135 0.085 0.085 0.08 0.075 0.07 0.045 0.025 0.045 0.16
 0.115 0.065 0.105 0.15 0.085 0.11 0.08 0.04 0.055 0.03 0.04 0.125
 0.115 0.145 0.09 0.115 0.085 0.075 0.085 0.065 0.045 0.055 0.04 0.085
 0.095 0.15 0.12 0.095 0.075 0.1 0.07 0.06 0.045 0.025 0.025 0.14
 0.07 0.09 0.19 0.175 0.06 0.07 0.065 0.05 0.035 0.03 0.005 0.16
 0.075 0.13 0.115 0.155 0.12 0.1 0.055 0.06 0.065 0.015 0.015 0.095
 0.1 0.085 0.165 0.135 0.085 0.095 0.055 0.03 0.055 0.035 0.025 0.135
 0.115 0.15 0.105 0.135 0.08 0.125 0.1 0.045 0.01 0.02 0.03 0.085
 0.07 0.165 0.19 0.09 0.135 0.085 0.055 0.055 0.01 0.015 0.015 0.115
 0.085 0.1 0.2 0.16 0.09 0.085 0.065 0.065 0.05 0.01 0.005 0.085
 0.11 0.14 0.18 0.175 0.145 0.06 0.05 0.06 0.02 0.01 0.005 0.045
 0.105 0.155 0.17 0.13 0.085 0.065 0.05 0.04 0.055 0.035 0.03 0.08
 0.14 0.095 0.165 0.14 0.115 0.065 0.09 0.04 0.035 0.03 0.04 0.045
 0.06 0.14 0.15 0.19 0.155 0.06 0.06 0.05 0.025 0.035 0.005 0.07
 0.115 0.165 0.215 0.14 0.18 0.035 0.03 0.03 0.015 0.035 0.005 0.035
 0.085 0.125 0.245 0.19 0.1 0.085 0.06 0.02 0.025 0.01 0.02 0.035
 0.105 0.135 0.15 0.185 0.16 0.09 0.05 0.035 0 0.025 0.025 0.04
 0.125 0.17 0.225 0.12 0.125 0.05 0.08 0.02 0.025 0.02 0 0.04
 0.145 0.255 0.14 0.15 0.085 0.095 0.03 0.05 0.015 0.01 0.005 0.02
 0.145 0.24 0.175 0.105 0.065 0.065 0.07 0.05 0.035 0.01 0.01 0.03
 0.115 0.165 0.22 0.215 0.095 0.065 0.045 0.065 0.005 0.005 0 0.005
 0.175 0.16 0.21 0.18 0.125 0.035 0.04 0.025 0.015 0.005 0.015 0.015
 0.125 0.285 0.18 0.155 0.11 0.06 0.035 0.025 0 0.01 0.005 0.01
 0.15 0.19 0.195 0.165 0.125 0.1 0.04 0 0.01 0.015 0.01 0
 0.145 0.21 0.155 0.225 0.085 0.05 0.045 0.035 0.015 0 0.01 0.025
 0.16 0.26 0.175 0.155 0.09 0.04 0.03 0.035 0.025 0 0.01 0.02
 0.11 0.25 0.205 0.15 0.09 0.095 0.03 0.02 0.02 0.015 0 0.015
# olc_fsh

# wt_fsh
 0.000530656 0.00119633 0.00205827 0.00303499 0.00405521 0.0050647 0.00602623 0.00691692 0.00772489 0.00844611 0.00908185 0.0096367
 0.000530656 0.00119633 0.00205827 0.00303499 0.00405521 0.0050647 0.00602623 0.00691692 0.00772489 0.00844611 0.00908185 0.0096367
 0.000530656 0.00119633 0.00205827 0.00303499 0.00405521 0.0050647 0.00602623 0.00691692 0.00772489 0.00844611 0.00908185 0.0096367
 0.000530656 0.00119633 0.00205827 0.00303499 0.00405521 0.0050647 0.00602623 0.00691692 0.00772489 0.00844611 0.00908185 0.0096367
 0.000530656 0.00119633 0.00205827 0.00303499 0.00405521 0.0050647 0.00602623 0.00691692 0.00772489 0.00844611 0.00908185 0.0096367
 0.000530656 0.00119633 0.00205827 0.00303499 0.00405521 0.0050647 0.00602623 0.00691692 0.00772489 0.00844611 0.00908185 0.0096367
 0.000530656 0.00119633 0.00205827 0.00303499 0.00405521 0.0050647 0.00602623 0.00691692 0.00772489 0.00844611 0.00908185 0.0096367
 0.000530656 0.00119633 0.00205827 0.00303499 0.00405521 0.0050647 0.00602623 0.00691692 0.00772489 0.00844611 0.00908185 0.0096367
 0.000530656 0.00119633 0.00205827 0.00303499 0.00405521 0.0050647 0.00602623 0.00691692 0.00772489 0.00844611 0.00908185 0.0096367
 0.000530656 0.00119633 0.00205827 0.00303499 0.00405521 0.0050647 0.00602623 0.00691692 0.00772489 0.00844611 0.00908185 0.0096367
 0.000530656 0.00119633 0.00205827 0.00303499 0.00405521 0.0050647 0.00602623 0.00691692 0.00772489 0.00844611 0.00908185 0.0096367
 0.000530656 0.00119633 0.00205827 0.00303499 0.00405521 0.0050647 0.00602623 0.00691692 0.00772489 0.00844611 0.00908185 0.0096367
 0.000530656 0.00119633 0.00205827 0.00303499 0.00405521 0.0050647 0.00602623 0.00691692 0.00772489 0.00844611 0.00908185 0.0096367
 0.000530656 0.00119633 0.00205827 0.00303499 0.00405521 0.0050647 0.00602623 0.00691692 0.00772489 0.00844611 0.00908185 0.0096367
 0.000530656 0.00119633 0.00205827 0.00303499 0.00405521 0.0050647 0.00602623 0.00691692 0.00772489 0.00844611 0.00908185 0.0096367
 0.000530656 0.00119633 0.00205827 0.00303499 0.00405521 0.0050647 0.00602623 0.00691692 0.00772489 0.00844611 0.00908185 0.0096367
 0.000530656 0.00119633 0.00205827 0.00303499 0.00405521 0.0050647 0.00602623 0.00691692 0.00772489 0.00844611 0.00908185 0.0096367
 0.000530656 0.00119633 0.00205827 0.00303499 0.00405521 0.0050647 0.00602623 0.00691692 0.00772489 0.00844611 0.00908185 0.0096367
 0.000530656 0.00119633 0.00205827 0.00303499 0.00405521 0.0050647 0.00602623 0.00691692 0.00772489 0.00844611 0.00908185 0.0096367
 0.000530656 0.00119633 0.00205827 0.00303499 0.00405521 0.0050647 0.00602623 0.00691692 0.00772489 0.00844611 0.00908185 0.0096367
 0.000530656 0.00119633 0.00205827 0.00303499 0.00405521 0.0050647 0.00602623 0.00691692 0.00772489 0.00844611 0.00908185 0.0096367
 0.000530656 0.00119633 0.00205827 0.00303499 0.00405521 0.0050647 0.00602623 0.00691692 0.00772489 0.00844611 0.00908185 0.0096367
 0.000530656 0.00119633 0.00205827 0.00303499 0.00405521 0.0050647 0.00602623 0.00691692 0.00772489 0.00844611 0.00908185 0.0096367
 0.000530656 0.00119633 0.00205827 0.00303499 0.00405521 0.0050647 0.00602623 0.00691692 0.00772489 0.00844611 0.00908185 0.0096367
 0.000530656 0.00119633 0.00205827 0.00303499 0.00405521 0.0050647 0.00602623 0.00691692 0.00772489 0.00844611 0.00908185 0.0096367
 0.000530656 0.00119633 0.00205827 0.00303499 0.00405521 0.0050647 0.00602623 0.00691692 0.00772489 0.00844611 0.00908185 0.0096367
 0.000530656 0.00119633 0.00205827 0.00303499 0.00405521 0.0050647 0.00602623 0.00691692 0.00772489 0.00844611 0.00908185 0.0096367
 0.000530656 0.00119633 0.00205827 0.00303499 0.00405521 0.0050647 0.00602623 0.00691692 0.00772489 0.00844611 0.00908185 0.0096367
 0.000530656 0.00119633 0.00205827 0.00303499 0.00405521 0.0050647 0.00602623 0.00691692 0.00772489 0.00844611 0.00908185 0.0096367
 0.000530656 0.00119633 0.00205827 0.00303499 0.00405521 0.0050647 0.00602623 0.00691692 0.00772489 0.00844611 0.00908185 0.0096367
# nyrs_ind_age
 30
# yrs_ind_age
 1 2 3 4 5 6 7 8 9 10 11 12 13 14 15 16 17 18 19 20 21 22 23 24 25 26 27 28 29 30
# n_sample_ind_age
 200 200 200 200 200 200 200 200 200 200 200 200 200 200 200 200 200 200 200 200 200 200 200 200 200 200 200 200 200 200
# oac_ind
 0.055 0.11 0.135 0.135 0.065 0.1 0.09 0.055 0.045 0.045 0.035 0.13
 0.085 0.075 0.155 0.09 0.115 0.105 0.045 0.055 0.06 0.03 0.015 0.17
 0.06 0.215 0.135 0.115 0.105 0.05 0.06 0.025 0.045 0.02 0.05 0.12
 0.04 0.095 0.165 0.155 0.075 0.13 0.075 0.045 0.045 0.02 0.025 0.13
 0.095 0.095 0.11 0.18 0.075 0.105 0.06 0.05 0.035 0.05 0.04 0.105
 0.055 0.225 0.11 0.09 0.16 0.045 0.05 0.08 0.03 0.03 0.025 0.1
 0.08 0.195 0.165 0.1 0.08 0.095 0.05 0.03 0.055 0.04 0.03 0.08
 0.055 0.095 0.18 0.225 0.09 0.08 0.07 0.045 0.04 0.01 0.015 0.095
 0.07 0.2 0.155 0.13 0.14 0.055 0.04 0.04 0.03 0.015 0.02 0.105
 0.1 0.12 0.21 0.12 0.125 0.085 0.035 0.03 0.03 0.025 0.025 0.095
 0.11 0.165 0.12 0.125 0.115 0.14 0.065 0.045 0.015 0.025 0.03 0.045
 0.065 0.12 0.275 0.13 0.075 0.07 0.07 0.06 0.02 0.035 0.01 0.07
 0.045 0.13 0.195 0.185 0.13 0.085 0.055 0.05 0.045 0.005 0.015 0.06
 0.07 0.18 0.225 0.11 0.08 0.1 0.025 0.05 0.04 0.045 0.015 0.06
 0.1 0.205 0.19 0.13 0.09 0.055 0.025 0.055 0.04 0.02 0.01 0.08
 0.115 0.165 0.18 0.155 0.075 0.06 0.085 0.06 0.02 0.015 0.015 0.055
 0.09 0.2 0.195 0.13 0.095 0.07 0.06 0.055 0.01 0.02 0.01 0.065
 0.065 0.26 0.22 0.11 0.095 0.05 0.025 0.06 0.03 0.025 0.01 0.05
 0.08 0.145 0.26 0.185 0.085 0.045 0.075 0.03 0.02 0.025 0.015 0.035
 0.075 0.185 0.165 0.2 0.125 0.07 0.035 0.025 0.025 0.025 0.015 0.055
 0.12 0.155 0.22 0.095 0.135 0.125 0.04 0.055 0.01 0.005 0.005 0.035
 0.13 0.335 0.155 0.17 0.03 0.055 0.03 0.02 0.02 0.02 0.01 0.025
 0.085 0.225 0.265 0.14 0.08 0.05 0.04 0.03 0.035 0.025 0.005 0.02
 0.12 0.205 0.26 0.205 0.045 0.055 0.02 0.025 0.01 0.025 0 0.03
 0.18 0.205 0.195 0.145 0.13 0.045 0.025 0.015 0.025 0.015 0.005 0.015
 0.12 0.24 0.18 0.145 0.115 0.09 0.055 0.02 0.005 0.015 0.005 0.01
 0.09 0.235 0.28 0.1 0.105 0.08 0.025 0.02 0.025 0.01 0.015 0.015
 0.1 0.19 0.245 0.185 0.09 0.075 0.065 0.02 0.005 0.015 0 0.01
 0.195 0.25 0.24 0.11 0.1 0.035 0.03 0.02 0.015 0 0 0.005
 0.15 0.28 0.295 0.08 0.09 0.06 0.02 0.02 0 0 0.005 0
# olc_ind

# obs_lse_ind
 0.198042 0.198042 0.198042 0.198042 0.198042 0.198042 0.198042 0.198042 0.198042 0.198042 0.198042 0.198042 0.198042 0.198042 0.198042 0.198042 0.198042 0.198042 0.198042 0.198042 0.198042 0.198042 0.198042 0.198042 0.198042 0.198042 0.198042 0.198042 0.198042 0.198042
# xages_fsh
 0 0 0 0 0 0 0 0 0 0 0 0
# xages_fsh
 0 0.0909091 0.181818 0.272727 0.363636 0.454545 0.545455 0.636364 0.727273 0.818182 0.909091 1
# xnodes_fsh

Yrs fsh_sel change:  1 0 0 0 0 0 0 0 0 0 0 0 0 0 0 0 0 0 0 0 0 0 0 0 0 0 0 0 0
Yrs ind_sel change:  1 0 0 0 0 0 0 0 0 0 0 0 0 0 0 0 0 0 0 0 0 0 0 0 0 0 0 0 0
# steepnessprior
0.75
# sigmarprior
0.2
#  SSB estimated in styr endyr: -12 28 
#  Rec estimated in styr endyr: -10 30 
#  SR Curve fit  in styr endyr: 1 30 
#             Model styr endyr: 1 30 
# qprior
 3.48998e-007
# q_power_prior 
 1 
# cv_catchbiomass 
0.05 
# CatchbiomassPen 
200 
# Number of projection years 
5 
# offset_fsh
 13419.3
# offset_ind
 13147.3
Mean Catch
1277.88
R_guess 
13.8155
# nfsh
1
# n_sel_ch_fsh
 1
# nselages_fsh
 11
# phase_selcoff_fsh
 -1
logRzero 13.8155
logmeanrec 13.8155
exp(log_sigmarprior 0.2
Fish sel phase: -1 OM1
Fixing fishery sel to
1
Fixing fishery sel to
1
Srvy sel phase: -1
Fixing survey_index1 indices sel to
1
Fixing index sel to
1
# logsel_slp_in_indv
 0.693147
Leaving parameter init secton
# M
 0.2 0.2 0.2 0.2 0.2 0.2 0.2 0.2 0.2 0.2 0.2 0.2
 0.2 0.2 0.2 0.2 0.2 0.2 0.2 0.2 0.2 0.2 0.2 0.2
 0.2 0.2 0.2 0.2 0.2 0.2 0.2 0.2 0.2 0.2 0.2 0.2
 0.2 0.2 0.2 0.2 0.2 0.2 0.2 0.2 0.2 0.2 0.2 0.2
 0.2 0.2 0.2 0.2 0.2 0.2 0.2 0.2 0.2 0.2 0.2 0.2
 0.2 0.2 0.2 0.2 0.2 0.2 0.2 0.2 0.2 0.2 0.2 0.2
 0.2 0.2 0.2 0.2 0.2 0.2 0.2 0.2 0.2 0.2 0.2 0.2
 0.2 0.2 0.2 0.2 0.2 0.2 0.2 0.2 0.2 0.2 0.2 0.2
 0.2 0.2 0.2 0.2 0.2 0.2 0.2 0.2 0.2 0.2 0.2 0.2
 0.2 0.2 0.2 0.2 0.2 0.2 0.2 0.2 0.2 0.2 0.2 0.2
 0.2 0.2 0.2 0.2 0.2 0.2 0.2 0.2 0.2 0.2 0.2 0.2
 0.2 0.2 0.2 0.2 0.2 0.2 0.2 0.2 0.2 0.2 0.2 0.2
 0.2 0.2 0.2 0.2 0.2 0.2 0.2 0.2 0.2 0.2 0.2 0.2
 0.2 0.2 0.2 0.2 0.2 0.2 0.2 0.2 0.2 0.2 0.2 0.2
 0.2 0.2 0.2 0.2 0.2 0.2 0.2 0.2 0.2 0.2 0.2 0.2
 0.2 0.2 0.2 0.2 0.2 0.2 0.2 0.2 0.2 0.2 0.2 0.2
 0.2 0.2 0.2 0.2 0.2 0.2 0.2 0.2 0.2 0.2 0.2 0.2
 0.2 0.2 0.2 0.2 0.2 0.2 0.2 0.2 0.2 0.2 0.2 0.2
 0.2 0.2 0.2 0.2 0.2 0.2 0.2 0.2 0.2 0.2 0.2 0.2
 0.2 0.2 0.2 0.2 0.2 0.2 0.2 0.2 0.2 0.2 0.2 0.2
 0.2 0.2 0.2 0.2 0.2 0.2 0.2 0.2 0.2 0.2 0.2 0.2
 0.2 0.2 0.2 0.2 0.2 0.2 0.2 0.2 0.2 0.2 0.2 0.2
 0.2 0.2 0.2 0.2 0.2 0.2 0.2 0.2 0.2 0.2 0.2 0.2
 0.2 0.2 0.2 0.2 0.2 0.2 0.2 0.2 0.2 0.2 0.2 0.2
 0.2 0.2 0.2 0.2 0.2 0.2 0.2 0.2 0.2 0.2 0.2 0.2
 0.2 0.2 0.2 0.2 0.2 0.2 0.2 0.2 0.2 0.2 0.2 0.2
 0.2 0.2 0.2 0.2 0.2 0.2 0.2 0.2 0.2 0.2 0.2 0.2
 0.2 0.2 0.2 0.2 0.2 0.2 0.2 0.2 0.2 0.2 0.2 0.2
 0.2 0.2 0.2 0.2 0.2 0.2 0.2 0.2 0.2 0.2 0.2 0.2
 0.2 0.2 0.2 0.2 0.2 0.2 0.2 0.2 0.2 0.2 0.2 0.2
# mean_log_rec
13.7798
# log_Rzero
13.8297
# rec_dev
 0.0284042 0.0419765 -0.132925 0.0835012 0.0156953 0.053414 -0.0413395 0.0547774 0.00062005 0.0806197 0.0244845 -0.0297596 0.265372 -0.0823568 -0.194881 0.360505 0.301919 0.0474608 0.0950594 -0.106604 0.183566 0.0296649 -0.140462 -0.041506 0.0235721 -0.057473 0.0877099 0.0988619 -0.389678 -0.220596 -0.399525 0.0365348 -0.0528466 -0.255449 -0.416592 -0.0993534 -0.346689 -0.373723 -0.177161 -0.0925708 -0.296362
# fmort
 0.00887358 0.0263315 0.0435577 0.0601356 0.0479973 0.0869935 0.0887128 0.187577 0.108905 0.133159 0.152107 0.162069 0.117632 0.172711 0.181326 0.162489 0.318387 0.256449 0.253983 0.249329 0.34569 0.251556 0.417433 0.341333 0.332866 0.29725 0.289518 0.393155 0.294463 0.441835
# rec_dev_future
 0 0 0 0 0
