AMAK;August_2013
# styr
1
# endyr
30
# rec_age
1
# oldest_age
12
# nlength
81
# len_bins
 10 11 12 13 14 15 16 17 18 19 20 21 22 23 24 25 26 27 28 29 30 31 32 33 34 35 36 37 38 39 40 41 42 43 44 45 46 47 48 49 50 51 52 53 54 55 56 57 58 59 60 61 62 63 64 65 66 67 68 69 70 71 72 73 74 75 76 77 78 79 80 81 82 83 84 85 86 87 88 89 90
# datafile_name
amak_data.dat
# model_name
OM_1
# styr
1
# endyr
30
# rec_age
1
# oldest_age
12
# nfsh
1
# fshname
OM1
# catch_bio_in
 158.98 466.011 765.054 1002.11 773.134 1334.67 1271.8 2483.58 1327.35 1526.37 1625.37 1606.6 1110.87 1532 1513.98 1287.45 2233.44 1611.03 1446.82 1313.59 1621.38 1083.2 1628.05 1200.84 1122.84 976.227 919.307 1206 874.968 1271.41
# catch_bio_sd_in
 0.01 0.01 0.01 0.01 0.01 0.01 0.01 0.01 0.01 0.01 0.01 0.01 0.01 0.01 0.01 0.01 0.01 0.01 0.01 0.01 0.01 0.01 0.01 0.01 0.01 0.01 0.01 0.01 0.01 0.01
# nyrs_fsh_age
 30
# nyrs_fsh_length
 0
# yrs_fsh_age_in
 1 2 3 4 5 6 7 8 9 10 11 12 13 14 15 16 17 18 19 20 21 22 23 24 25 26 27 28 29 30
# yrs_fsh_length_in

# n_sample_fsh_length_in

# olc_fsh_in

# nind
1
# indname
survey_index1
# nyrs_ind
 30
# yrs_ind_in
 1 2 3 4 5 6 7 8 9 10 11 12 13 14 15 16 17 18 19 20 21 22 23 24 25 26 27 28 29 30
# mo_ind
 1
# obs_ind_in
 1.35658 1.58861 1.59106 1.42566 1.37364 1.33422 1.37418 1.15153 1.48353 1.29749 1.24496 1.05491 1.11169 0.936157 0.965118 1.16761 0.897749 0.625607 0.81646 0.62638 0.750544 0.693743 0.733879 0.579576 0.541043 0.580305 0.610122 0.529425 0.487034 0.650975
# obs_se_ind_in
 0.271317 0.317723 0.318211 0.285132 0.274727 0.266844 0.274836 0.230306 0.296707 0.259499 0.248992 0.210982 0.222338 0.187231 0.193024 0.233523 0.17955 0.125121 0.163292 0.125276 0.150109 0.138749 0.146776 0.115915 0.108209 0.116061 0.122024 0.105885 0.0974068 0.130195
# nyrs_ind_age
 30
# nyrs_ind_length
 0
# yrs_ind_age_in
 1 2 3 4 5 6 7 8 9 10 11 12 13 14 15 16 17 18 19 20 21 22 23 24 25 26 27 28 29 30
# yrs_ind_length_in

# yrs_ind_age_in
 1 2 3 4 5 6 7 8 9 10 11 12 13 14 15 16 17 18 19 20 21 22 23 24 25 26 27 28 29 30
# n_sample_ind_length_in

# olc_ind_in

# oac_ind_in
 0.07 0.17 0.12 0.145 0.11 0.065 0.06 0.05 0.04 0.02 0.005 0.145
 0.11 0.13 0.155 0.075 0.1 0.07 0.065 0.055 0.05 0.02 0.035 0.135
 0.06 0.17 0.13 0.1 0.105 0.105 0.06 0.065 0.035 0.02 0.045 0.105
 0.065 0.135 0.145 0.12 0.125 0.11 0.055 0.07 0.02 0.025 0.015 0.115
 0.085 0.105 0.13 0.2 0.13 0.1 0.09 0.015 0.02 0.025 0.01 0.09
 0.06 0.175 0.125 0.11 0.11 0.08 0.1 0.05 0.05 0.01 0.045 0.085
 0.065 0.2 0.23 0.085 0.09 0.07 0.045 0.05 0.04 0.035 0.02 0.07
 0.055 0.135 0.23 0.105 0.07 0.12 0.055 0.055 0.03 0.02 0.02 0.105
 0.075 0.205 0.115 0.13 0.145 0.09 0.045 0.045 0.02 0.03 0 0.1
 0.08 0.145 0.165 0.155 0.105 0.1 0.04 0.045 0.035 0.03 0.01 0.09
 0.11 0.18 0.155 0.155 0.07 0.08 0.045 0.055 0.035 0.01 0.02 0.085
 0.065 0.19 0.2 0.11 0.085 0.06 0.065 0.08 0.025 0.005 0.035 0.08
 0.065 0.185 0.155 0.13 0.13 0.095 0.04 0.045 0.045 0.02 0.01 0.08
 0.085 0.205 0.16 0.125 0.12 0.07 0.045 0.05 0.015 0.02 0.03 0.075
 0.11 0.2 0.195 0.11 0.095 0.085 0.04 0.06 0.025 0.01 0.015 0.055
 0.105 0.15 0.26 0.13 0.085 0.075 0.03 0.035 0.03 0.005 0.03 0.065
 0.065 0.16 0.2 0.155 0.1 0.085 0.05 0.04 0.055 0.04 0 0.05
 0.07 0.225 0.225 0.155 0.095 0.05 0.03 0.045 0.02 0.05 0 0.035
 0.095 0.18 0.25 0.175 0.075 0.08 0.045 0.015 0.015 0.015 0.015 0.04
 0.045 0.2 0.165 0.19 0.135 0.075 0.06 0.025 0.035 0.015 0.015 0.04
 0.135 0.16 0.185 0.135 0.15 0.06 0.04 0.04 0.025 0.01 0.02 0.04
 0.13 0.26 0.14 0.16 0.085 0.095 0.065 0.02 0.015 0.01 0.01 0.01
 0.105 0.225 0.245 0.155 0.085 0.055 0.045 0.04 0.005 0 0.01 0.03
 0.08 0.205 0.23 0.18 0.115 0.06 0.025 0.035 0.025 0.01 0.015 0.02
 0.135 0.205 0.195 0.165 0.12 0.07 0.035 0.025 0.015 0 0 0.035
 0.065 0.29 0.2 0.14 0.145 0.08 0.04 0.015 0.01 0.01 0 0.005
 0.13 0.235 0.295 0.085 0.105 0.08 0.03 0.01 0.01 0 0.005 0.015
 0.11 0.285 0.205 0.17 0.09 0.045 0.06 0.015 0.005 0 0.01 0.005
 0.215 0.24 0.19 0.085 0.1 0.08 0.04 0.015 0.01 0.005 0.005 0.015
 0.075 0.345 0.22 0.135 0.095 0.09 0.02 0.005 0.01 0 0.005 0
# wt_ind
 1 1 1 1 1 1 1 1 1 1 1 1
 1 1 1 1 1 1 1 1 1 1 1 1
 1 1 1 1 1 1 1 1 1 1 1 1
 1 1 1 1 1 1 1 1 1 1 1 1
 1 1 1 1 1 1 1 1 1 1 1 1
 1 1 1 1 1 1 1 1 1 1 1 1
 1 1 1 1 1 1 1 1 1 1 1 1
 1 1 1 1 1 1 1 1 1 1 1 1
 1 1 1 1 1 1 1 1 1 1 1 1
 1 1 1 1 1 1 1 1 1 1 1 1
 1 1 1 1 1 1 1 1 1 1 1 1
 1 1 1 1 1 1 1 1 1 1 1 1
 1 1 1 1 1 1 1 1 1 1 1 1
 1 1 1 1 1 1 1 1 1 1 1 1
 1 1 1 1 1 1 1 1 1 1 1 1
 1 1 1 1 1 1 1 1 1 1 1 1
 1 1 1 1 1 1 1 1 1 1 1 1
 1 1 1 1 1 1 1 1 1 1 1 1
 1 1 1 1 1 1 1 1 1 1 1 1
 1 1 1 1 1 1 1 1 1 1 1 1
 1 1 1 1 1 1 1 1 1 1 1 1
 1 1 1 1 1 1 1 1 1 1 1 1
 1 1 1 1 1 1 1 1 1 1 1 1
 1 1 1 1 1 1 1 1 1 1 1 1
 1 1 1 1 1 1 1 1 1 1 1 1
 1 1 1 1 1 1 1 1 1 1 1 1
 1 1 1 1 1 1 1 1 1 1 1 1
 1 1 1 1 1 1 1 1 1 1 1 1
 1 1 1 1 1 1 1 1 1 1 1 1
 1 1 1 1 1 1 1 1 1 1 1 1
# wt_pop
 0.000530656 0.00119633 0.00205827 0.00303499 0.00405521 0.0050647 0.00602623 0.00691692 0.00772489 0.00844611 0.00908185 0.0096367
# maturity
 0.0229774 0.320821 0.904651 0.99478 0.999739 0.999987 0.999999 1 1 1 1 1
# spawnmo
1
# age_err
 1 0 0 0 0 0 0 0 0 0 0 0
 0 1 0 0 0 0 0 0 0 0 0 0
 0 0 1 0 0 0 0 0 0 0 0 0
 0 0 0 1 0 0 0 0 0 0 0 0
 0 0 0 0 1 0 0 0 0 0 0 0
 0 0 0 0 0 1 0 0 0 0 0 0
 0 0 0 0 0 0 1 0 0 0 0 0
 0 0 0 0 0 0 0 1 0 0 0 0
 0 0 0 0 0 0 0 0 1 0 0 0
 0 0 0 0 0 0 0 0 0 1 0 0
 0 0 0 0 0 0 0 0 0 0 1 0
 0 0 0 0 0 0 0 0 0 0 0 1
# cntrlfile_name
C:\Users\bai.li\Desktop\s1_test\AMAK\s105\amak.dat
# Map shared selectivity: 
# sel_map
 1 2
 1 1
# datafile_name
amak_data.dat
# model_name
OM_1
# SrType
2
# use_age_err
0
# retro
0
# sigmarprior
0.2
# cvsigmarprior
0.25
# phase_sigmar
-3
# styr_rec_est
1
# endyr_rec_est
30
# Linfprior
80
# cvLinfprior
0.25
# kprior
0.18
# cvkprior
0.25
# Loprior
27.688
# cvLoprior
0.25
# sdageprior
0.1
# cvsdageprior
0.25
# natmortprior
0.2
# cvnatmortprior
0.25
# phase_M
-4
# npars_Mage
0
# ages_M_changes

# Mage_in

# phase_Mage
-5
# phase_rw_M
0
# npars_rw_M
0
# yrs_rw_M

# sigma_rw_M

# qprior
 3.48998e-007
# cvqprior
 1
# phase_q
 1
# q_power_prior
 1
# cvq_power_prior
 0.2
# phase_q_power
 -4
# phase_rw_q
 -1
# npars_rw_q
 0
# yrs_rw_q

# sigma_rw_q

# q_age_min
 1
# q_age_max
 12
# q_age_min
 1
# q_age_max
 12
# fsh_sel_opt(k)
2
# phase_sel_fsh(k)
-2
# n_sel_ch_fsh(k)
1
# sel_slp_in_fsh(k)(1,n_sel_ch_fsh(k))
 1
# sel_inf_in_fsh(k)(1,n_sel_ch_fsh(k))
 2
# logsel_slp_in_fsh(k)(1,n_sel_ch_fsh(k))
 0
# yrs_sel_ch_fsh(k)(1,n_sel_ch_fsh(k))
 1

Survey survey_index1
# ind_sel_opt(k)
2
# indname(k)
survey_index1
# nselages_in_ind(k)
11
# phase_sel_ind(k)
-2
# sel_change_in_ind(k)
 1 0 0 0 0 0 0 0 0 0 0 0 0 0 0 0 0 0 0 0 0 0 0 0 0 0 0 0 0 0
# n_sel_ch_ind(k)
1
# yrs_sel_ch_ind(k)(1,n_sel_ch_ind(k))
 1
# sel_slp_in_ind(k,1)
2
# sel_inf_in_ind(k,1)
1.5
# logsel_slp_in_ind(k,1)
0.693147
# logsel_slp_in_indv(k)
0.693147
survey_index1 ind sel opt 2  1 0 0 0 0 0 0 0 0 0 0 0 0 0 0 0 0 0 0 0 0 0 0 0 0 0 0 0 0 0
Phase indices Sel_Coffs:  -1
 Test: 1.23457e+008
# Fshry Selages:  11
# Srvy  Selages:  11
# Phase for age-spec fishery  -1
# Phase for logistic fishery  -2
# Phase for dble logistic fishery  -1
# Phase for age-spec indices   -1
# Phase for logistic indices   -2
# Phase for dble logistic ind  -1
# Curv_pen_fsh: 
 0
# Curv_pen_ind: 
 0
# styr_fut
31
# endyr_fut
35
# nyrs_fsh_age
 30
# nyrs_fsh_age
 30
# yrs_fsh_age
 1 2 3 4 5 6 7 8 9 10 11 12 13 14 15 16 17 18 19 20 21 22 23 24 25 26 27 28 29 30
# n_sample_fsh_age
 200 200 200 200 200 200 200 200 200 200 200 200 200 200 200 200 200 200 200 200 200 200 200 200 200 200 200 200 200 200
# oac_fsh
 0.07 0.12 0.14 0.095 0.095 0.075 0.1 0.05 0.03 0.035 0.035 0.155
 0.08 0.1 0.135 0.165 0.1 0.095 0.06 0.045 0.045 0.04 0.025 0.11
 0.035 0.1 0.125 0.13 0.12 0.085 0.08 0.055 0.06 0.055 0.035 0.12
 0.065 0.125 0.175 0.075 0.145 0.08 0.08 0.05 0.04 0.02 0.005 0.14
 0.115 0.075 0.115 0.18 0.085 0.05 0.06 0.08 0.075 0.005 0.02 0.14
 0.065 0.175 0.12 0.07 0.11 0.08 0.09 0.045 0.045 0.03 0.03 0.14
 0.065 0.135 0.24 0.105 0.12 0.065 0.04 0.055 0.025 0.015 0.025 0.11
 0.09 0.1 0.18 0.21 0.075 0.07 0.055 0.06 0.03 0.02 0.01 0.1
 0.085 0.12 0.135 0.185 0.11 0.06 0.05 0.035 0.06 0.02 0.035 0.105
 0.085 0.15 0.165 0.09 0.155 0.115 0.035 0.035 0.02 0.02 0.025 0.105
 0.075 0.125 0.185 0.155 0.095 0.06 0.1 0.06 0.035 0.015 0.01 0.085
 0.04 0.16 0.165 0.155 0.115 0.05 0.08 0.07 0.02 0.025 0.035 0.085
 0.08 0.135 0.185 0.15 0.1 0.075 0.045 0.04 0.05 0.025 0.02 0.095
 0.08 0.115 0.155 0.16 0.145 0.06 0.105 0.025 0.035 0.045 0 0.075
 0.09 0.145 0.16 0.105 0.13 0.135 0.035 0.055 0.025 0.035 0.02 0.065
 0.14 0.145 0.165 0.16 0.105 0.085 0.035 0.035 0.04 0.015 0.015 0.06
 0.115 0.165 0.145 0.175 0.1 0.1 0.04 0.045 0.02 0.03 0.005 0.06
 0.11 0.145 0.19 0.135 0.12 0.085 0.05 0.055 0.03 0.035 0.01 0.035
 0.14 0.13 0.19 0.16 0.105 0.095 0.05 0.035 0.015 0.015 0.01 0.055
 0.135 0.16 0.15 0.21 0.125 0.05 0.045 0.02 0.015 0.02 0.025 0.045
 0.14 0.15 0.19 0.105 0.085 0.105 0.05 0.04 0.02 0.03 0.025 0.06
 0.175 0.215 0.14 0.15 0.085 0.08 0.06 0.025 0.015 0.03 0 0.025
 0.12 0.18 0.225 0.105 0.105 0.055 0.08 0.06 0.025 0.025 0.005 0.015
 0.07 0.21 0.27 0.16 0.085 0.055 0.055 0.035 0.035 0.005 0.01 0.01
 0.16 0.18 0.18 0.16 0.135 0.03 0.045 0.02 0.045 0.015 0 0.03
 0.13 0.26 0.17 0.175 0.13 0.06 0.025 0.01 0.015 0.02 0 0.005
 0.16 0.155 0.28 0.13 0.105 0.085 0.025 0.005 0.02 0.005 0.005 0.025
 0.23 0.175 0.205 0.14 0.08 0.06 0.06 0.025 0.005 0.01 0.005 0.005
 0.15 0.27 0.18 0.12 0.115 0.065 0.04 0.01 0.015 0.005 0.01 0.02
 0.18 0.2 0.235 0.175 0.09 0.055 0.035 0.005 0.01 0.01 0.005 0
# olc_fsh

# wt_fsh
 0.000530656 0.00119633 0.00205827 0.00303499 0.00405521 0.0050647 0.00602623 0.00691692 0.00772489 0.00844611 0.00908185 0.0096367
 0.000530656 0.00119633 0.00205827 0.00303499 0.00405521 0.0050647 0.00602623 0.00691692 0.00772489 0.00844611 0.00908185 0.0096367
 0.000530656 0.00119633 0.00205827 0.00303499 0.00405521 0.0050647 0.00602623 0.00691692 0.00772489 0.00844611 0.00908185 0.0096367
 0.000530656 0.00119633 0.00205827 0.00303499 0.00405521 0.0050647 0.00602623 0.00691692 0.00772489 0.00844611 0.00908185 0.0096367
 0.000530656 0.00119633 0.00205827 0.00303499 0.00405521 0.0050647 0.00602623 0.00691692 0.00772489 0.00844611 0.00908185 0.0096367
 0.000530656 0.00119633 0.00205827 0.00303499 0.00405521 0.0050647 0.00602623 0.00691692 0.00772489 0.00844611 0.00908185 0.0096367
 0.000530656 0.00119633 0.00205827 0.00303499 0.00405521 0.0050647 0.00602623 0.00691692 0.00772489 0.00844611 0.00908185 0.0096367
 0.000530656 0.00119633 0.00205827 0.00303499 0.00405521 0.0050647 0.00602623 0.00691692 0.00772489 0.00844611 0.00908185 0.0096367
 0.000530656 0.00119633 0.00205827 0.00303499 0.00405521 0.0050647 0.00602623 0.00691692 0.00772489 0.00844611 0.00908185 0.0096367
 0.000530656 0.00119633 0.00205827 0.00303499 0.00405521 0.0050647 0.00602623 0.00691692 0.00772489 0.00844611 0.00908185 0.0096367
 0.000530656 0.00119633 0.00205827 0.00303499 0.00405521 0.0050647 0.00602623 0.00691692 0.00772489 0.00844611 0.00908185 0.0096367
 0.000530656 0.00119633 0.00205827 0.00303499 0.00405521 0.0050647 0.00602623 0.00691692 0.00772489 0.00844611 0.00908185 0.0096367
 0.000530656 0.00119633 0.00205827 0.00303499 0.00405521 0.0050647 0.00602623 0.00691692 0.00772489 0.00844611 0.00908185 0.0096367
 0.000530656 0.00119633 0.00205827 0.00303499 0.00405521 0.0050647 0.00602623 0.00691692 0.00772489 0.00844611 0.00908185 0.0096367
 0.000530656 0.00119633 0.00205827 0.00303499 0.00405521 0.0050647 0.00602623 0.00691692 0.00772489 0.00844611 0.00908185 0.0096367
 0.000530656 0.00119633 0.00205827 0.00303499 0.00405521 0.0050647 0.00602623 0.00691692 0.00772489 0.00844611 0.00908185 0.0096367
 0.000530656 0.00119633 0.00205827 0.00303499 0.00405521 0.0050647 0.00602623 0.00691692 0.00772489 0.00844611 0.00908185 0.0096367
 0.000530656 0.00119633 0.00205827 0.00303499 0.00405521 0.0050647 0.00602623 0.00691692 0.00772489 0.00844611 0.00908185 0.0096367
 0.000530656 0.00119633 0.00205827 0.00303499 0.00405521 0.0050647 0.00602623 0.00691692 0.00772489 0.00844611 0.00908185 0.0096367
 0.000530656 0.00119633 0.00205827 0.00303499 0.00405521 0.0050647 0.00602623 0.00691692 0.00772489 0.00844611 0.00908185 0.0096367
 0.000530656 0.00119633 0.00205827 0.00303499 0.00405521 0.0050647 0.00602623 0.00691692 0.00772489 0.00844611 0.00908185 0.0096367
 0.000530656 0.00119633 0.00205827 0.00303499 0.00405521 0.0050647 0.00602623 0.00691692 0.00772489 0.00844611 0.00908185 0.0096367
 0.000530656 0.00119633 0.00205827 0.00303499 0.00405521 0.0050647 0.00602623 0.00691692 0.00772489 0.00844611 0.00908185 0.0096367
 0.000530656 0.00119633 0.00205827 0.00303499 0.00405521 0.0050647 0.00602623 0.00691692 0.00772489 0.00844611 0.00908185 0.0096367
 0.000530656 0.00119633 0.00205827 0.00303499 0.00405521 0.0050647 0.00602623 0.00691692 0.00772489 0.00844611 0.00908185 0.0096367
 0.000530656 0.00119633 0.00205827 0.00303499 0.00405521 0.0050647 0.00602623 0.00691692 0.00772489 0.00844611 0.00908185 0.0096367
 0.000530656 0.00119633 0.00205827 0.00303499 0.00405521 0.0050647 0.00602623 0.00691692 0.00772489 0.00844611 0.00908185 0.0096367
 0.000530656 0.00119633 0.00205827 0.00303499 0.00405521 0.0050647 0.00602623 0.00691692 0.00772489 0.00844611 0.00908185 0.0096367
 0.000530656 0.00119633 0.00205827 0.00303499 0.00405521 0.0050647 0.00602623 0.00691692 0.00772489 0.00844611 0.00908185 0.0096367
 0.000530656 0.00119633 0.00205827 0.00303499 0.00405521 0.0050647 0.00602623 0.00691692 0.00772489 0.00844611 0.00908185 0.0096367
# nyrs_ind_age
 30
# yrs_ind_age
 1 2 3 4 5 6 7 8 9 10 11 12 13 14 15 16 17 18 19 20 21 22 23 24 25 26 27 28 29 30
# n_sample_ind_age
 200 200 200 200 200 200 200 200 200 200 200 200 200 200 200 200 200 200 200 200 200 200 200 200 200 200 200 200 200 200
# oac_ind
 0.07 0.17 0.12 0.145 0.11 0.065 0.06 0.05 0.04 0.02 0.005 0.145
 0.11 0.13 0.155 0.075 0.1 0.07 0.065 0.055 0.05 0.02 0.035 0.135
 0.06 0.17 0.13 0.1 0.105 0.105 0.06 0.065 0.035 0.02 0.045 0.105
 0.065 0.135 0.145 0.12 0.125 0.11 0.055 0.07 0.02 0.025 0.015 0.115
 0.085 0.105 0.13 0.2 0.13 0.1 0.09 0.015 0.02 0.025 0.01 0.09
 0.06 0.175 0.125 0.11 0.11 0.08 0.1 0.05 0.05 0.01 0.045 0.085
 0.065 0.2 0.23 0.085 0.09 0.07 0.045 0.05 0.04 0.035 0.02 0.07
 0.055 0.135 0.23 0.105 0.07 0.12 0.055 0.055 0.03 0.02 0.02 0.105
 0.075 0.205 0.115 0.13 0.145 0.09 0.045 0.045 0.02 0.03 0 0.1
 0.08 0.145 0.165 0.155 0.105 0.1 0.04 0.045 0.035 0.03 0.01 0.09
 0.11 0.18 0.155 0.155 0.07 0.08 0.045 0.055 0.035 0.01 0.02 0.085
 0.065 0.19 0.2 0.11 0.085 0.06 0.065 0.08 0.025 0.005 0.035 0.08
 0.065 0.185 0.155 0.13 0.13 0.095 0.04 0.045 0.045 0.02 0.01 0.08
 0.085 0.205 0.16 0.125 0.12 0.07 0.045 0.05 0.015 0.02 0.03 0.075
 0.11 0.2 0.195 0.11 0.095 0.085 0.04 0.06 0.025 0.01 0.015 0.055
 0.105 0.15 0.26 0.13 0.085 0.075 0.03 0.035 0.03 0.005 0.03 0.065
 0.065 0.16 0.2 0.155 0.1 0.085 0.05 0.04 0.055 0.04 0 0.05
 0.07 0.225 0.225 0.155 0.095 0.05 0.03 0.045 0.02 0.05 0 0.035
 0.095 0.18 0.25 0.175 0.075 0.08 0.045 0.015 0.015 0.015 0.015 0.04
 0.045 0.2 0.165 0.19 0.135 0.075 0.06 0.025 0.035 0.015 0.015 0.04
 0.135 0.16 0.185 0.135 0.15 0.06 0.04 0.04 0.025 0.01 0.02 0.04
 0.13 0.26 0.14 0.16 0.085 0.095 0.065 0.02 0.015 0.01 0.01 0.01
 0.105 0.225 0.245 0.155 0.085 0.055 0.045 0.04 0.005 0 0.01 0.03
 0.08 0.205 0.23 0.18 0.115 0.06 0.025 0.035 0.025 0.01 0.015 0.02
 0.135 0.205 0.195 0.165 0.12 0.07 0.035 0.025 0.015 0 0 0.035
 0.065 0.29 0.2 0.14 0.145 0.08 0.04 0.015 0.01 0.01 0 0.005
 0.13 0.235 0.295 0.085 0.105 0.08 0.03 0.01 0.01 0 0.005 0.015
 0.11 0.285 0.205 0.17 0.09 0.045 0.06 0.015 0.005 0 0.01 0.005
 0.215 0.24 0.19 0.085 0.1 0.08 0.04 0.015 0.01 0.005 0.005 0.015
 0.075 0.345 0.22 0.135 0.095 0.09 0.02 0.005 0.01 0 0.005 0
# olc_ind

# obs_lse_ind
 0.198042 0.198042 0.198042 0.198042 0.198042 0.198042 0.198042 0.198042 0.198042 0.198042 0.198042 0.198042 0.198042 0.198042 0.198042 0.198042 0.198042 0.198042 0.198042 0.198042 0.198042 0.198042 0.198042 0.198042 0.198042 0.198042 0.198042 0.198042 0.198042 0.198042
# xages_fsh
 0 0 0 0 0 0 0 0 0 0 0 0
# xages_fsh
 0 0.0909091 0.181818 0.272727 0.363636 0.454545 0.545455 0.636364 0.727273 0.818182 0.909091 1
# xnodes_fsh

Yrs fsh_sel change:  1 0 0 0 0 0 0 0 0 0 0 0 0 0 0 0 0 0 0 0 0 0 0 0 0 0 0 0 0
Yrs ind_sel change:  1 0 0 0 0 0 0 0 0 0 0 0 0 0 0 0 0 0 0 0 0 0 0 0 0 0 0 0 0
# steepnessprior
0.75
# sigmarprior
0.2
#  SSB estimated in styr endyr: -12 28 
#  Rec estimated in styr endyr: -10 30 
#  SR Curve fit  in styr endyr: 1 30 
#             Model styr endyr: 1 30 
# qprior
 3.48998e-007
# q_power_prior 
 1 
# cv_catchbiomass 
0.05 
# CatchbiomassPen 
200 
# Number of projection years 
5 
# offset_fsh
 13405.5
# offset_ind
 13123.4
Mean Catch
1276.48
R_guess 
13.8155
# nfsh
1
# n_sel_ch_fsh
 1
# nselages_fsh
 11
# phase_selcoff_fsh
 -1
logRzero 13.8155
logmeanrec 13.8155
exp(log_sigmarprior 0.2
Fish sel phase: -1 OM1
Fixing fishery sel to
1
Fixing fishery sel to
1
Srvy sel phase: -1
Fixing survey_index1 indices sel to
1
Fixing index sel to
1
# logsel_slp_in_indv
 0.693147
Leaving parameter init secton
# M
 0.2 0.2 0.2 0.2 0.2 0.2 0.2 0.2 0.2 0.2 0.2 0.2
 0.2 0.2 0.2 0.2 0.2 0.2 0.2 0.2 0.2 0.2 0.2 0.2
 0.2 0.2 0.2 0.2 0.2 0.2 0.2 0.2 0.2 0.2 0.2 0.2
 0.2 0.2 0.2 0.2 0.2 0.2 0.2 0.2 0.2 0.2 0.2 0.2
 0.2 0.2 0.2 0.2 0.2 0.2 0.2 0.2 0.2 0.2 0.2 0.2
 0.2 0.2 0.2 0.2 0.2 0.2 0.2 0.2 0.2 0.2 0.2 0.2
 0.2 0.2 0.2 0.2 0.2 0.2 0.2 0.2 0.2 0.2 0.2 0.2
 0.2 0.2 0.2 0.2 0.2 0.2 0.2 0.2 0.2 0.2 0.2 0.2
 0.2 0.2 0.2 0.2 0.2 0.2 0.2 0.2 0.2 0.2 0.2 0.2
 0.2 0.2 0.2 0.2 0.2 0.2 0.2 0.2 0.2 0.2 0.2 0.2
 0.2 0.2 0.2 0.2 0.2 0.2 0.2 0.2 0.2 0.2 0.2 0.2
 0.2 0.2 0.2 0.2 0.2 0.2 0.2 0.2 0.2 0.2 0.2 0.2
 0.2 0.2 0.2 0.2 0.2 0.2 0.2 0.2 0.2 0.2 0.2 0.2
 0.2 0.2 0.2 0.2 0.2 0.2 0.2 0.2 0.2 0.2 0.2 0.2
 0.2 0.2 0.2 0.2 0.2 0.2 0.2 0.2 0.2 0.2 0.2 0.2
 0.2 0.2 0.2 0.2 0.2 0.2 0.2 0.2 0.2 0.2 0.2 0.2
 0.2 0.2 0.2 0.2 0.2 0.2 0.2 0.2 0.2 0.2 0.2 0.2
 0.2 0.2 0.2 0.2 0.2 0.2 0.2 0.2 0.2 0.2 0.2 0.2
 0.2 0.2 0.2 0.2 0.2 0.2 0.2 0.2 0.2 0.2 0.2 0.2
 0.2 0.2 0.2 0.2 0.2 0.2 0.2 0.2 0.2 0.2 0.2 0.2
 0.2 0.2 0.2 0.2 0.2 0.2 0.2 0.2 0.2 0.2 0.2 0.2
 0.2 0.2 0.2 0.2 0.2 0.2 0.2 0.2 0.2 0.2 0.2 0.2
 0.2 0.2 0.2 0.2 0.2 0.2 0.2 0.2 0.2 0.2 0.2 0.2
 0.2 0.2 0.2 0.2 0.2 0.2 0.2 0.2 0.2 0.2 0.2 0.2
 0.2 0.2 0.2 0.2 0.2 0.2 0.2 0.2 0.2 0.2 0.2 0.2
 0.2 0.2 0.2 0.2 0.2 0.2 0.2 0.2 0.2 0.2 0.2 0.2
 0.2 0.2 0.2 0.2 0.2 0.2 0.2 0.2 0.2 0.2 0.2 0.2
 0.2 0.2 0.2 0.2 0.2 0.2 0.2 0.2 0.2 0.2 0.2 0.2
 0.2 0.2 0.2 0.2 0.2 0.2 0.2 0.2 0.2 0.2 0.2 0.2
 0.2 0.2 0.2 0.2 0.2 0.2 0.2 0.2 0.2 0.2 0.2 0.2
# mean_log_rec
13.729
# log_Rzero
13.8224
# rec_dev
 -0.044413 -0.150949 -0.0846809 -0.0191193 -0.0679832 -0.0196728 -0.0556564 0.0606614 0.0716492 0.0941196 0.190555 0.0683081 0.252955 0.0517796 -0.0319472 0.466146 0.304772 -0.0495193 0.22088 0.104969 0.145071 0.102631 -0.0672025 -0.00571756 0.116496 -0.0623949 0.131147 0.110235 -0.254238 -0.146465 -0.336854 -0.0110192 -0.0163143 -0.231598 -0.39663 -0.0610895 -0.376058 -0.224069 -0.0850689 -0.00573768 -0.248704
# fmort
 0.00934908 0.0275723 0.0461718 0.062589 0.0498706 0.0892137 0.0887983 0.187967 0.109829 0.133424 0.1518 0.161259 0.117424 0.170207 0.180723 0.162593 0.311336 0.255138 0.249975 0.246437 0.340527 0.250017 0.411439 0.340412 0.341292 0.310983 0.297181 0.406789 0.301922 0.445195
# rec_dev_future
 0 0 0 0 0
