AMAK;August_2013
# styr
1
# endyr
30
# rec_age
1
# oldest_age
12
# nlength
81
# len_bins
 10 11 12 13 14 15 16 17 18 19 20 21 22 23 24 25 26 27 28 29 30 31 32 33 34 35 36 37 38 39 40 41 42 43 44 45 46 47 48 49 50 51 52 53 54 55 56 57 58 59 60 61 62 63 64 65 66 67 68 69 70 71 72 73 74 75 76 77 78 79 80 81 82 83 84 85 86 87 88 89 90
# datafile_name
amak_data.dat
# model_name
OM_1
# styr
1
# endyr
30
# rec_age
1
# oldest_age
12
# nfsh
1
# fshname
OM1
# catch_bio_in
 159.494 470.353 759.234 989.979 763.886 1320.23 1273.87 2485.39 1315.33 1514.03 1619.29 1621.29 1102.83 1521.71 1507.47 1270.9 2254.86 1611.29 1447.84 1311.66 1610.83 1070.34 1631.68 1194.91 1116.28 963.673 922.815 1197.77 871.968 1278.02
# catch_bio_sd_in
 0.01 0.01 0.01 0.01 0.01 0.01 0.01 0.01 0.01 0.01 0.01 0.01 0.01 0.01 0.01 0.01 0.01 0.01 0.01 0.01 0.01 0.01 0.01 0.01 0.01 0.01 0.01 0.01 0.01 0.01
# nyrs_fsh_age
 30
# nyrs_fsh_length
 0
# yrs_fsh_age_in
 1 2 3 4 5 6 7 8 9 10 11 12 13 14 15 16 17 18 19 20 21 22 23 24 25 26 27 28 29 30
# yrs_fsh_length_in

# n_sample_fsh_length_in

# olc_fsh_in

# nind
1
# indname
survey_index1
# nyrs_ind
 30
# yrs_ind_in
 1 2 3 4 5 6 7 8 9 10 11 12 13 14 15 16 17 18 19 20 21 22 23 24 25 26 27 28 29 30
# mo_ind
 1
# obs_ind_in
 1.44274 1.39748 1.57141 1.63643 1.48218 1.44754 1.39218 1.55636 1.5384 1.36051 1.07821 1.05845 0.955637 1.0192 0.852628 0.873535 0.93824 0.912215 0.834917 0.844751 0.752916 0.660392 0.706515 0.727298 0.594917 0.526242 0.526876 0.51446 0.467176 0.654985
# obs_se_ind_in
 0.288549 0.279497 0.314282 0.327286 0.296436 0.289508 0.278436 0.311272 0.30768 0.272101 0.215642 0.211689 0.191127 0.20384 0.170526 0.174707 0.187648 0.182443 0.166983 0.16895 0.150583 0.132078 0.141303 0.14546 0.118983 0.105248 0.105375 0.102892 0.0934352 0.130997
# nyrs_ind_age
 30
# nyrs_ind_length
 0
# yrs_ind_age_in
 1 2 3 4 5 6 7 8 9 10 11 12 13 14 15 16 17 18 19 20 21 22 23 24 25 26 27 28 29 30
# yrs_ind_length_in

# yrs_ind_age_in
 1 2 3 4 5 6 7 8 9 10 11 12 13 14 15 16 17 18 19 20 21 22 23 24 25 26 27 28 29 30
# n_sample_ind_length_in

# olc_ind_in

# oac_ind_in
 0.05 0.09 0.135 0.15 0.08 0.075 0.05 0.07 0.09 0.035 0.03 0.145
 0.09 0.195 0.095 0.135 0.09 0.065 0.035 0.04 0.03 0.035 0.05 0.14
 0.065 0.13 0.14 0.12 0.095 0.095 0.085 0.07 0.025 0.03 0.04 0.105
 0.055 0.145 0.155 0.12 0.12 0.06 0.06 0.025 0.025 0.025 0.055 0.155
 0.065 0.13 0.11 0.16 0.125 0.09 0.08 0.03 0.02 0.03 0.03 0.13
 0.085 0.135 0.115 0.13 0.12 0.11 0.06 0.06 0.05 0.03 0.015 0.09
 0.06 0.21 0.25 0.09 0.065 0.085 0.045 0.02 0.035 0.02 0.025 0.095
 0.07 0.135 0.165 0.095 0.09 0.1 0.095 0.05 0.04 0.03 0.015 0.115
 0.085 0.145 0.15 0.145 0.15 0.055 0.04 0.05 0.05 0.03 0.015 0.085
 0.07 0.125 0.21 0.13 0.165 0.095 0.04 0.03 0.045 0.01 0.02 0.06
 0.05 0.18 0.155 0.135 0.08 0.11 0.07 0.045 0.06 0.02 0.015 0.08
 0.05 0.205 0.23 0.13 0.085 0.04 0.045 0.06 0.03 0.01 0.04 0.075
 0.085 0.125 0.225 0.15 0.115 0.095 0.075 0.03 0.025 0.01 0.01 0.055
 0.085 0.18 0.175 0.165 0.11 0.07 0.09 0.02 0.03 0.02 0.005 0.05
 0.05 0.18 0.16 0.145 0.125 0.12 0.065 0.03 0.04 0.02 0.015 0.05
 0.115 0.155 0.25 0.12 0.07 0.055 0.03 0.06 0.04 0.025 0.015 0.065
 0.09 0.175 0.185 0.17 0.11 0.065 0.06 0.065 0.015 0.01 0.04 0.015
 0.075 0.2 0.225 0.1 0.14 0.07 0.05 0.03 0.035 0.01 0.03 0.035
 0.07 0.16 0.19 0.15 0.115 0.105 0.02 0.045 0.03 0.03 0.03 0.055
 0.035 0.245 0.11 0.205 0.13 0.065 0.085 0.04 0.02 0.02 0.015 0.03
 0.105 0.165 0.22 0.11 0.185 0.065 0.04 0.03 0.02 0.025 0.01 0.025
 0.17 0.3 0.16 0.095 0.07 0.085 0.06 0.03 0.005 0.005 0 0.02
 0.105 0.28 0.275 0.095 0.095 0.03 0.04 0.04 0 0.03 0 0.01
 0.05 0.22 0.225 0.235 0.105 0.05 0.035 0.01 0.015 0.015 0.005 0.035
 0.175 0.195 0.195 0.195 0.08 0.06 0.035 0.03 0.025 0.005 0 0.005
 0.13 0.305 0.15 0.1 0.125 0.105 0.01 0.04 0.01 0.015 0.005 0.005
 0.115 0.215 0.285 0.16 0.105 0.035 0.04 0.01 0.01 0.01 0.015 0
 0.08 0.25 0.2 0.2 0.09 0.09 0.03 0.03 0.01 0.015 0 0.005
 0.175 0.255 0.225 0.1 0.11 0.045 0.02 0.035 0.02 0.005 0 0.01
 0.08 0.3 0.27 0.12 0.075 0.095 0.025 0.005 0.005 0.005 0 0.02
# wt_ind
 1 1 1 1 1 1 1 1 1 1 1 1
 1 1 1 1 1 1 1 1 1 1 1 1
 1 1 1 1 1 1 1 1 1 1 1 1
 1 1 1 1 1 1 1 1 1 1 1 1
 1 1 1 1 1 1 1 1 1 1 1 1
 1 1 1 1 1 1 1 1 1 1 1 1
 1 1 1 1 1 1 1 1 1 1 1 1
 1 1 1 1 1 1 1 1 1 1 1 1
 1 1 1 1 1 1 1 1 1 1 1 1
 1 1 1 1 1 1 1 1 1 1 1 1
 1 1 1 1 1 1 1 1 1 1 1 1
 1 1 1 1 1 1 1 1 1 1 1 1
 1 1 1 1 1 1 1 1 1 1 1 1
 1 1 1 1 1 1 1 1 1 1 1 1
 1 1 1 1 1 1 1 1 1 1 1 1
 1 1 1 1 1 1 1 1 1 1 1 1
 1 1 1 1 1 1 1 1 1 1 1 1
 1 1 1 1 1 1 1 1 1 1 1 1
 1 1 1 1 1 1 1 1 1 1 1 1
 1 1 1 1 1 1 1 1 1 1 1 1
 1 1 1 1 1 1 1 1 1 1 1 1
 1 1 1 1 1 1 1 1 1 1 1 1
 1 1 1 1 1 1 1 1 1 1 1 1
 1 1 1 1 1 1 1 1 1 1 1 1
 1 1 1 1 1 1 1 1 1 1 1 1
 1 1 1 1 1 1 1 1 1 1 1 1
 1 1 1 1 1 1 1 1 1 1 1 1
 1 1 1 1 1 1 1 1 1 1 1 1
 1 1 1 1 1 1 1 1 1 1 1 1
 1 1 1 1 1 1 1 1 1 1 1 1
# wt_pop
 0.000530656 0.00119633 0.00205827 0.00303499 0.00405521 0.0050647 0.00602623 0.00691692 0.00772489 0.00844611 0.00908185 0.0096367
# maturity
 0.0229774 0.320821 0.904651 0.99478 0.999739 0.999987 0.999999 1 1 1 1 1
# spawnmo
1
# age_err
 1 0 0 0 0 0 0 0 0 0 0 0
 0 1 0 0 0 0 0 0 0 0 0 0
 0 0 1 0 0 0 0 0 0 0 0 0
 0 0 0 1 0 0 0 0 0 0 0 0
 0 0 0 0 1 0 0 0 0 0 0 0
 0 0 0 0 0 1 0 0 0 0 0 0
 0 0 0 0 0 0 1 0 0 0 0 0
 0 0 0 0 0 0 0 1 0 0 0 0
 0 0 0 0 0 0 0 0 1 0 0 0
 0 0 0 0 0 0 0 0 0 1 0 0
 0 0 0 0 0 0 0 0 0 0 1 0
 0 0 0 0 0 0 0 0 0 0 0 1
# cntrlfile_name
C:\Users\bai.li\Desktop\s1_test\AMAK\s14\amak.dat
# Map shared selectivity: 
# sel_map
 1 2
 1 1
# datafile_name
amak_data.dat
# model_name
OM_1
# SrType
2
# use_age_err
0
# retro
0
# sigmarprior
0.2
# cvsigmarprior
0.25
# phase_sigmar
-3
# styr_rec_est
1
# endyr_rec_est
30
# Linfprior
80
# cvLinfprior
0.25
# kprior
0.18
# cvkprior
0.25
# Loprior
27.688
# cvLoprior
0.25
# sdageprior
0.1
# cvsdageprior
0.25
# natmortprior
0.2
# cvnatmortprior
0.25
# phase_M
-4
# npars_Mage
0
# ages_M_changes

# Mage_in

# phase_Mage
-5
# phase_rw_M
0
# npars_rw_M
0
# yrs_rw_M

# sigma_rw_M

# qprior
 3.48998e-007
# cvqprior
 1
# phase_q
 1
# q_power_prior
 1
# cvq_power_prior
 0.2
# phase_q_power
 -4
# phase_rw_q
 -1
# npars_rw_q
 0
# yrs_rw_q

# sigma_rw_q

# q_age_min
 1
# q_age_max
 12
# q_age_min
 1
# q_age_max
 12
# fsh_sel_opt(k)
2
# phase_sel_fsh(k)
-2
# n_sel_ch_fsh(k)
1
# sel_slp_in_fsh(k)(1,n_sel_ch_fsh(k))
 1
# sel_inf_in_fsh(k)(1,n_sel_ch_fsh(k))
 2
# logsel_slp_in_fsh(k)(1,n_sel_ch_fsh(k))
 0
# yrs_sel_ch_fsh(k)(1,n_sel_ch_fsh(k))
 1

Survey survey_index1
# ind_sel_opt(k)
2
# indname(k)
survey_index1
# nselages_in_ind(k)
11
# phase_sel_ind(k)
-2
# sel_change_in_ind(k)
 1 0 0 0 0 0 0 0 0 0 0 0 0 0 0 0 0 0 0 0 0 0 0 0 0 0 0 0 0 0
# n_sel_ch_ind(k)
1
# yrs_sel_ch_ind(k)(1,n_sel_ch_ind(k))
 1
# sel_slp_in_ind(k,1)
2
# sel_inf_in_ind(k,1)
1.5
# logsel_slp_in_ind(k,1)
0.693147
# logsel_slp_in_indv(k)
0.693147
survey_index1 ind sel opt 2  1 0 0 0 0 0 0 0 0 0 0 0 0 0 0 0 0 0 0 0 0 0 0 0 0 0 0 0 0 0
Phase indices Sel_Coffs:  -1
 Test: 1.23457e+008
# Fshry Selages:  11
# Srvy  Selages:  11
# Phase for age-spec fishery  -1
# Phase for logistic fishery  -2
# Phase for dble logistic fishery  -1
# Phase for age-spec indices   -1
# Phase for logistic indices   -2
# Phase for dble logistic ind  -1
# Curv_pen_fsh: 
 0
# Curv_pen_ind: 
 0
# styr_fut
31
# endyr_fut
35
# nyrs_fsh_age
 30
# nyrs_fsh_age
 30
# yrs_fsh_age
 1 2 3 4 5 6 7 8 9 10 11 12 13 14 15 16 17 18 19 20 21 22 23 24 25 26 27 28 29 30
# n_sample_fsh_age
 200 200 200 200 200 200 200 200 200 200 200 200 200 200 200 200 200 200 200 200 200 200 200 200 200 200 200 200 200 200
# oac_fsh
 0.085 0.1 0.115 0.15 0.1 0.09 0.08 0.04 0.055 0.015 0.05 0.12
 0.135 0.085 0.09 0.135 0.13 0.095 0.055 0.04 0.045 0.04 0.03 0.12
 0.06 0.125 0.17 0.105 0.115 0.1 0.055 0.05 0.035 0.055 0.03 0.1
 0.065 0.09 0.16 0.125 0.105 0.095 0.075 0.045 0.04 0.045 0.02 0.135
 0.08 0.08 0.115 0.145 0.09 0.065 0.07 0.105 0.04 0.035 0.03 0.145
 0.055 0.165 0.09 0.12 0.16 0.075 0.035 0.055 0.035 0.025 0.04 0.145
 0.08 0.145 0.16 0.11 0.09 0.095 0.065 0.055 0.035 0.04 0.025 0.1
 0.075 0.14 0.165 0.145 0.045 0.11 0.065 0.07 0.055 0.02 0.025 0.085
 0.055 0.115 0.175 0.175 0.105 0.045 0.07 0.06 0.035 0.03 0.01 0.125
 0.145 0.105 0.155 0.1 0.12 0.145 0.035 0.045 0.03 0.03 0.015 0.075
 0.085 0.14 0.135 0.165 0.08 0.095 0.08 0.035 0.03 0.02 0.04 0.095
 0.065 0.16 0.145 0.1 0.11 0.085 0.085 0.04 0.05 0.015 0.035 0.11
 0.1 0.125 0.13 0.21 0.12 0.1 0.02 0.04 0.055 0.025 0.01 0.065
 0.13 0.145 0.155 0.135 0.13 0.065 0.065 0.04 0.045 0.02 0.015 0.055
 0.1 0.16 0.155 0.09 0.135 0.125 0.06 0.035 0.015 0.04 0.03 0.055
 0.135 0.16 0.145 0.085 0.115 0.095 0.05 0.075 0.04 0.035 0.015 0.05
 0.16 0.125 0.225 0.145 0.105 0.07 0.055 0.015 0.025 0.02 0.005 0.05
 0.095 0.19 0.195 0.165 0.1 0.08 0.03 0.03 0.045 0.02 0.01 0.04
 0.085 0.15 0.15 0.2 0.145 0.09 0.035 0.045 0.025 0.025 0.005 0.045
 0.115 0.165 0.185 0.14 0.13 0.075 0.04 0.04 0.02 0.005 0.005 0.08
 0.18 0.125 0.2 0.105 0.12 0.105 0.055 0.015 0.045 0.005 0.015 0.03
 0.115 0.22 0.15 0.135 0.11 0.095 0.065 0.045 0.025 0.015 0 0.025
 0.11 0.21 0.265 0.125 0.1 0.045 0.05 0.035 0.005 0.015 0.01 0.03
 0.105 0.235 0.265 0.155 0.055 0.08 0.035 0.035 0.015 0.01 0 0.01
 0.23 0.155 0.125 0.17 0.15 0.07 0.04 0.01 0.015 0.025 0 0.01
 0.12 0.22 0.23 0.14 0.11 0.075 0.035 0.025 0.01 0.01 0.005 0.02
 0.17 0.14 0.225 0.15 0.115 0.07 0.04 0.035 0.025 0.01 0.015 0.005
 0.205 0.15 0.13 0.275 0.065 0.05 0.06 0.015 0.01 0.015 0.01 0.015
 0.185 0.275 0.205 0.115 0.075 0.09 0.02 0.01 0.02 0 0.005 0
 0.14 0.285 0.23 0.12 0.095 0.055 0.04 0.025 0.005 0.005 0 0
# olc_fsh

# wt_fsh
 0.000530656 0.00119633 0.00205827 0.00303499 0.00405521 0.0050647 0.00602623 0.00691692 0.00772489 0.00844611 0.00908185 0.0096367
 0.000530656 0.00119633 0.00205827 0.00303499 0.00405521 0.0050647 0.00602623 0.00691692 0.00772489 0.00844611 0.00908185 0.0096367
 0.000530656 0.00119633 0.00205827 0.00303499 0.00405521 0.0050647 0.00602623 0.00691692 0.00772489 0.00844611 0.00908185 0.0096367
 0.000530656 0.00119633 0.00205827 0.00303499 0.00405521 0.0050647 0.00602623 0.00691692 0.00772489 0.00844611 0.00908185 0.0096367
 0.000530656 0.00119633 0.00205827 0.00303499 0.00405521 0.0050647 0.00602623 0.00691692 0.00772489 0.00844611 0.00908185 0.0096367
 0.000530656 0.00119633 0.00205827 0.00303499 0.00405521 0.0050647 0.00602623 0.00691692 0.00772489 0.00844611 0.00908185 0.0096367
 0.000530656 0.00119633 0.00205827 0.00303499 0.00405521 0.0050647 0.00602623 0.00691692 0.00772489 0.00844611 0.00908185 0.0096367
 0.000530656 0.00119633 0.00205827 0.00303499 0.00405521 0.0050647 0.00602623 0.00691692 0.00772489 0.00844611 0.00908185 0.0096367
 0.000530656 0.00119633 0.00205827 0.00303499 0.00405521 0.0050647 0.00602623 0.00691692 0.00772489 0.00844611 0.00908185 0.0096367
 0.000530656 0.00119633 0.00205827 0.00303499 0.00405521 0.0050647 0.00602623 0.00691692 0.00772489 0.00844611 0.00908185 0.0096367
 0.000530656 0.00119633 0.00205827 0.00303499 0.00405521 0.0050647 0.00602623 0.00691692 0.00772489 0.00844611 0.00908185 0.0096367
 0.000530656 0.00119633 0.00205827 0.00303499 0.00405521 0.0050647 0.00602623 0.00691692 0.00772489 0.00844611 0.00908185 0.0096367
 0.000530656 0.00119633 0.00205827 0.00303499 0.00405521 0.0050647 0.00602623 0.00691692 0.00772489 0.00844611 0.00908185 0.0096367
 0.000530656 0.00119633 0.00205827 0.00303499 0.00405521 0.0050647 0.00602623 0.00691692 0.00772489 0.00844611 0.00908185 0.0096367
 0.000530656 0.00119633 0.00205827 0.00303499 0.00405521 0.0050647 0.00602623 0.00691692 0.00772489 0.00844611 0.00908185 0.0096367
 0.000530656 0.00119633 0.00205827 0.00303499 0.00405521 0.0050647 0.00602623 0.00691692 0.00772489 0.00844611 0.00908185 0.0096367
 0.000530656 0.00119633 0.00205827 0.00303499 0.00405521 0.0050647 0.00602623 0.00691692 0.00772489 0.00844611 0.00908185 0.0096367
 0.000530656 0.00119633 0.00205827 0.00303499 0.00405521 0.0050647 0.00602623 0.00691692 0.00772489 0.00844611 0.00908185 0.0096367
 0.000530656 0.00119633 0.00205827 0.00303499 0.00405521 0.0050647 0.00602623 0.00691692 0.00772489 0.00844611 0.00908185 0.0096367
 0.000530656 0.00119633 0.00205827 0.00303499 0.00405521 0.0050647 0.00602623 0.00691692 0.00772489 0.00844611 0.00908185 0.0096367
 0.000530656 0.00119633 0.00205827 0.00303499 0.00405521 0.0050647 0.00602623 0.00691692 0.00772489 0.00844611 0.00908185 0.0096367
 0.000530656 0.00119633 0.00205827 0.00303499 0.00405521 0.0050647 0.00602623 0.00691692 0.00772489 0.00844611 0.00908185 0.0096367
 0.000530656 0.00119633 0.00205827 0.00303499 0.00405521 0.0050647 0.00602623 0.00691692 0.00772489 0.00844611 0.00908185 0.0096367
 0.000530656 0.00119633 0.00205827 0.00303499 0.00405521 0.0050647 0.00602623 0.00691692 0.00772489 0.00844611 0.00908185 0.0096367
 0.000530656 0.00119633 0.00205827 0.00303499 0.00405521 0.0050647 0.00602623 0.00691692 0.00772489 0.00844611 0.00908185 0.0096367
 0.000530656 0.00119633 0.00205827 0.00303499 0.00405521 0.0050647 0.00602623 0.00691692 0.00772489 0.00844611 0.00908185 0.0096367
 0.000530656 0.00119633 0.00205827 0.00303499 0.00405521 0.0050647 0.00602623 0.00691692 0.00772489 0.00844611 0.00908185 0.0096367
 0.000530656 0.00119633 0.00205827 0.00303499 0.00405521 0.0050647 0.00602623 0.00691692 0.00772489 0.00844611 0.00908185 0.0096367
 0.000530656 0.00119633 0.00205827 0.00303499 0.00405521 0.0050647 0.00602623 0.00691692 0.00772489 0.00844611 0.00908185 0.0096367
 0.000530656 0.00119633 0.00205827 0.00303499 0.00405521 0.0050647 0.00602623 0.00691692 0.00772489 0.00844611 0.00908185 0.0096367
# nyrs_ind_age
 30
# yrs_ind_age
 1 2 3 4 5 6 7 8 9 10 11 12 13 14 15 16 17 18 19 20 21 22 23 24 25 26 27 28 29 30
# n_sample_ind_age
 200 200 200 200 200 200 200 200 200 200 200 200 200 200 200 200 200 200 200 200 200 200 200 200 200 200 200 200 200 200
# oac_ind
 0.05 0.09 0.135 0.15 0.08 0.075 0.05 0.07 0.09 0.035 0.03 0.145
 0.09 0.195 0.095 0.135 0.09 0.065 0.035 0.04 0.03 0.035 0.05 0.14
 0.065 0.13 0.14 0.12 0.095 0.095 0.085 0.07 0.025 0.03 0.04 0.105
 0.055 0.145 0.155 0.12 0.12 0.06 0.06 0.025 0.025 0.025 0.055 0.155
 0.065 0.13 0.11 0.16 0.125 0.09 0.08 0.03 0.02 0.03 0.03 0.13
 0.085 0.135 0.115 0.13 0.12 0.11 0.06 0.06 0.05 0.03 0.015 0.09
 0.06 0.21 0.25 0.09 0.065 0.085 0.045 0.02 0.035 0.02 0.025 0.095
 0.07 0.135 0.165 0.095 0.09 0.1 0.095 0.05 0.04 0.03 0.015 0.115
 0.085 0.145 0.15 0.145 0.15 0.055 0.04 0.05 0.05 0.03 0.015 0.085
 0.07 0.125 0.21 0.13 0.165 0.095 0.04 0.03 0.045 0.01 0.02 0.06
 0.05 0.18 0.155 0.135 0.08 0.11 0.07 0.045 0.06 0.02 0.015 0.08
 0.05 0.205 0.23 0.13 0.085 0.04 0.045 0.06 0.03 0.01 0.04 0.075
 0.085 0.125 0.225 0.15 0.115 0.095 0.075 0.03 0.025 0.01 0.01 0.055
 0.085 0.18 0.175 0.165 0.11 0.07 0.09 0.02 0.03 0.02 0.005 0.05
 0.05 0.18 0.16 0.145 0.125 0.12 0.065 0.03 0.04 0.02 0.015 0.05
 0.115 0.155 0.25 0.12 0.07 0.055 0.03 0.06 0.04 0.025 0.015 0.065
 0.09 0.175 0.185 0.17 0.11 0.065 0.06 0.065 0.015 0.01 0.04 0.015
 0.075 0.2 0.225 0.1 0.14 0.07 0.05 0.03 0.035 0.01 0.03 0.035
 0.07 0.16 0.19 0.15 0.115 0.105 0.02 0.045 0.03 0.03 0.03 0.055
 0.035 0.245 0.11 0.205 0.13 0.065 0.085 0.04 0.02 0.02 0.015 0.03
 0.105 0.165 0.22 0.11 0.185 0.065 0.04 0.03 0.02 0.025 0.01 0.025
 0.17 0.3 0.16 0.095 0.07 0.085 0.06 0.03 0.005 0.005 0 0.02
 0.105 0.28 0.275 0.095 0.095 0.03 0.04 0.04 0 0.03 0 0.01
 0.05 0.22 0.225 0.235 0.105 0.05 0.035 0.01 0.015 0.015 0.005 0.035
 0.175 0.195 0.195 0.195 0.08 0.06 0.035 0.03 0.025 0.005 0 0.005
 0.13 0.305 0.15 0.1 0.125 0.105 0.01 0.04 0.01 0.015 0.005 0.005
 0.115 0.215 0.285 0.16 0.105 0.035 0.04 0.01 0.01 0.01 0.015 0
 0.08 0.25 0.2 0.2 0.09 0.09 0.03 0.03 0.01 0.015 0 0.005
 0.175 0.255 0.225 0.1 0.11 0.045 0.02 0.035 0.02 0.005 0 0.01
 0.08 0.3 0.27 0.12 0.075 0.095 0.025 0.005 0.005 0.005 0 0.02
# olc_ind

# obs_lse_ind
 0.198042 0.198042 0.198042 0.198042 0.198042 0.198042 0.198042 0.198042 0.198042 0.198042 0.198042 0.198042 0.198042 0.198042 0.198042 0.198042 0.198042 0.198042 0.198042 0.198042 0.198042 0.198042 0.198042 0.198042 0.198042 0.198042 0.198042 0.198042 0.198042 0.198042
# xages_fsh
 0 0 0 0 0 0 0 0 0 0 0 0
# xages_fsh
 0 0.0909091 0.181818 0.272727 0.363636 0.454545 0.545455 0.636364 0.727273 0.818182 0.909091 1
# xnodes_fsh

Yrs fsh_sel change:  1 0 0 0 0 0 0 0 0 0 0 0 0 0 0 0 0 0 0 0 0 0 0 0 0 0 0 0 0
Yrs ind_sel change:  1 0 0 0 0 0 0 0 0 0 0 0 0 0 0 0 0 0 0 0 0 0 0 0 0 0 0 0 0
# steepnessprior
0.75
# sigmarprior
0.2
#  SSB estimated in styr endyr: -12 28 
#  Rec estimated in styr endyr: -10 30 
#  SR Curve fit  in styr endyr: 1 30 
#             Model styr endyr: 1 30 
# qprior
 3.48998e-007
# q_power_prior 
 1 
# cv_catchbiomass 
0.05 
# CatchbiomassPen 
200 
# Number of projection years 
5 
# offset_fsh
 13407
# offset_ind
 13123
Mean Catch
1272.64
R_guess 
13.8155
# nfsh
1
# n_sel_ch_fsh
 1
# nselages_fsh
 11
# phase_selcoff_fsh
 -1
logRzero 13.8155
logmeanrec 13.8155
exp(log_sigmarprior 0.2
Fish sel phase: -1 OM1
Fixing fishery sel to
1
Fixing fishery sel to
1
Srvy sel phase: -1
Fixing survey_index1 indices sel to
1
Fixing index sel to
1
# logsel_slp_in_indv
 0.693147
Leaving parameter init secton
# M
 0.2 0.2 0.2 0.2 0.2 0.2 0.2 0.2 0.2 0.2 0.2 0.2
 0.2 0.2 0.2 0.2 0.2 0.2 0.2 0.2 0.2 0.2 0.2 0.2
 0.2 0.2 0.2 0.2 0.2 0.2 0.2 0.2 0.2 0.2 0.2 0.2
 0.2 0.2 0.2 0.2 0.2 0.2 0.2 0.2 0.2 0.2 0.2 0.2
 0.2 0.2 0.2 0.2 0.2 0.2 0.2 0.2 0.2 0.2 0.2 0.2
 0.2 0.2 0.2 0.2 0.2 0.2 0.2 0.2 0.2 0.2 0.2 0.2
 0.2 0.2 0.2 0.2 0.2 0.2 0.2 0.2 0.2 0.2 0.2 0.2
 0.2 0.2 0.2 0.2 0.2 0.2 0.2 0.2 0.2 0.2 0.2 0.2
 0.2 0.2 0.2 0.2 0.2 0.2 0.2 0.2 0.2 0.2 0.2 0.2
 0.2 0.2 0.2 0.2 0.2 0.2 0.2 0.2 0.2 0.2 0.2 0.2
 0.2 0.2 0.2 0.2 0.2 0.2 0.2 0.2 0.2 0.2 0.2 0.2
 0.2 0.2 0.2 0.2 0.2 0.2 0.2 0.2 0.2 0.2 0.2 0.2
 0.2 0.2 0.2 0.2 0.2 0.2 0.2 0.2 0.2 0.2 0.2 0.2
 0.2 0.2 0.2 0.2 0.2 0.2 0.2 0.2 0.2 0.2 0.2 0.2
 0.2 0.2 0.2 0.2 0.2 0.2 0.2 0.2 0.2 0.2 0.2 0.2
 0.2 0.2 0.2 0.2 0.2 0.2 0.2 0.2 0.2 0.2 0.2 0.2
 0.2 0.2 0.2 0.2 0.2 0.2 0.2 0.2 0.2 0.2 0.2 0.2
 0.2 0.2 0.2 0.2 0.2 0.2 0.2 0.2 0.2 0.2 0.2 0.2
 0.2 0.2 0.2 0.2 0.2 0.2 0.2 0.2 0.2 0.2 0.2 0.2
 0.2 0.2 0.2 0.2 0.2 0.2 0.2 0.2 0.2 0.2 0.2 0.2
 0.2 0.2 0.2 0.2 0.2 0.2 0.2 0.2 0.2 0.2 0.2 0.2
 0.2 0.2 0.2 0.2 0.2 0.2 0.2 0.2 0.2 0.2 0.2 0.2
 0.2 0.2 0.2 0.2 0.2 0.2 0.2 0.2 0.2 0.2 0.2 0.2
 0.2 0.2 0.2 0.2 0.2 0.2 0.2 0.2 0.2 0.2 0.2 0.2
 0.2 0.2 0.2 0.2 0.2 0.2 0.2 0.2 0.2 0.2 0.2 0.2
 0.2 0.2 0.2 0.2 0.2 0.2 0.2 0.2 0.2 0.2 0.2 0.2
 0.2 0.2 0.2 0.2 0.2 0.2 0.2 0.2 0.2 0.2 0.2 0.2
 0.2 0.2 0.2 0.2 0.2 0.2 0.2 0.2 0.2 0.2 0.2 0.2
 0.2 0.2 0.2 0.2 0.2 0.2 0.2 0.2 0.2 0.2 0.2 0.2
 0.2 0.2 0.2 0.2 0.2 0.2 0.2 0.2 0.2 0.2 0.2 0.2
# mean_log_rec
13.7483
# log_Rzero
13.8001
# rec_dev
 -0.0924742 0.034695 -0.0563948 0.184708 0.0276626 -0.11204 -0.0775755 -0.0857218 0.143787 0.0509006 -0.0464439 0.151373 0.290312 0.0339674 -0.129954 0.29987 0.290615 0.0434552 0.157621 0.00412169 0.203763 0.0725453 -0.141373 -0.0711458 0.0972884 -0.0183576 0.0947621 0.0666567 -0.332409 -0.16146 -0.395686 0.0726967 -0.0450765 -0.29485 -0.392291 -0.0326238 -0.470146 -0.331146 -0.142264 -0.0418078 -0.409417
# fmort
 0.00919588 0.027457 0.0453861 0.0613136 0.0490069 0.0883183 0.0896808 0.190887 0.110778 0.134883 0.154281 0.166094 0.119109 0.173033 0.184573 0.164457 0.321895 0.262424 0.258623 0.256119 0.353505 0.257207 0.426718 0.350072 0.349707 0.314865 0.305971 0.418965 0.316567 0.480972
# rec_dev_future
 0 0 0 0 0
