AMAK;August_2013
# styr
1
# endyr
30
# rec_age
1
# oldest_age
12
# nlength
81
# len_bins
 10 11 12 13 14 15 16 17 18 19 20 21 22 23 24 25 26 27 28 29 30 31 32 33 34 35 36 37 38 39 40 41 42 43 44 45 46 47 48 49 50 51 52 53 54 55 56 57 58 59 60 61 62 63 64 65 66 67 68 69 70 71 72 73 74 75 76 77 78 79 80 81 82 83 84 85 86 87 88 89 90
# datafile_name
amak_data.dat
# model_name
OM_1
# styr
1
# endyr
30
# rec_age
1
# oldest_age
12
# nfsh
1
# fshname
OM1
# catch_bio_in
 160.391 470.089 761.932 999.11 765.316 1327.69 1280.15 2489.62 1321.7 1533.58 1622.39 1616.82 1109.12 1523.5 1527.02 1270 2251.69 1611.01 1450.79 1310.1 1630.61 1080.59 1645.61 1211.4 1122.12 966.564 929.399 1206.05 869.311 1271.63
# catch_bio_sd_in
 0.01 0.01 0.01 0.01 0.01 0.01 0.01 0.01 0.01 0.01 0.01 0.01 0.01 0.01 0.01 0.01 0.01 0.01 0.01 0.01 0.01 0.01 0.01 0.01 0.01 0.01 0.01 0.01 0.01 0.01
# nyrs_fsh_age
 30
# nyrs_fsh_length
 0
# yrs_fsh_age_in
 1 2 3 4 5 6 7 8 9 10 11 12 13 14 15 16 17 18 19 20 21 22 23 24 25 26 27 28 29 30
# yrs_fsh_length_in

# n_sample_fsh_length_in

# olc_fsh_in

# nind
1
# indname
survey_index1
# nyrs_ind
 30
# yrs_ind_in
 1 2 3 4 5 6 7 8 9 10 11 12 13 14 15 16 17 18 19 20 21 22 23 24 25 26 27 28 29 30
# mo_ind
 1
# obs_ind_in
 1.39589 1.37754 1.60133 1.53559 1.24617 1.36444 1.57727 1.18422 1.46469 1.4485 1.45255 1.13571 1.15862 1.02608 1.09328 0.951539 1.09273 0.71983 0.780289 0.831677 0.711624 0.842511 0.784359 0.635365 0.567423 0.592782 0.526469 0.513121 0.540453 0.497674
# obs_se_ind_in
 0.279179 0.275509 0.320266 0.307118 0.249234 0.272887 0.315453 0.236844 0.292938 0.2897 0.290509 0.227143 0.231724 0.205217 0.218655 0.190308 0.218545 0.143966 0.156058 0.166335 0.142325 0.168502 0.156872 0.127073 0.113485 0.118556 0.105294 0.102624 0.108091 0.0995348
# nyrs_ind_age
 30
# nyrs_ind_length
 0
# yrs_ind_age_in
 1 2 3 4 5 6 7 8 9 10 11 12 13 14 15 16 17 18 19 20 21 22 23 24 25 26 27 28 29 30
# yrs_ind_length_in

# yrs_ind_age_in
 1 2 3 4 5 6 7 8 9 10 11 12 13 14 15 16 17 18 19 20 21 22 23 24 25 26 27 28 29 30
# n_sample_ind_length_in

# olc_ind_in

# oac_ind_in
 0.04 0.115 0.115 0.115 0.08 0.09 0.075 0.065 0.055 0.07 0.02 0.16
 0.055 0.145 0.15 0.14 0.12 0.08 0.095 0.055 0.02 0.04 0.01 0.09
 0.09 0.165 0.105 0.1 0.13 0.05 0.06 0.07 0.025 0.04 0.02 0.145
 0.04 0.13 0.18 0.085 0.105 0.085 0.05 0.06 0.06 0.02 0.03 0.155
 0.08 0.115 0.155 0.175 0.07 0.09 0.055 0.06 0.05 0.045 0.025 0.08
 0.06 0.19 0.105 0.155 0.115 0.075 0.065 0.06 0.025 0.035 0.01 0.105
 0.035 0.18 0.2 0.085 0.08 0.08 0.065 0.04 0.06 0.015 0.045 0.115
 0.075 0.125 0.175 0.195 0.105 0.095 0.03 0.025 0.04 0.02 0.025 0.09
 0.095 0.205 0.155 0.165 0.105 0.03 0.045 0.04 0.035 0.02 0.01 0.095
 0.07 0.13 0.205 0.095 0.145 0.095 0.03 0.045 0.06 0.01 0.01 0.105
 0.065 0.235 0.185 0.18 0.075 0.08 0.055 0.015 0.035 0 0.01 0.065
 0.075 0.175 0.165 0.13 0.125 0.07 0.075 0.055 0.03 0.025 0.02 0.055
 0.06 0.15 0.185 0.18 0.09 0.095 0.055 0.05 0.035 0.005 0.035 0.06
 0.1 0.215 0.17 0.115 0.11 0.09 0.04 0.04 0.02 0.03 0.01 0.06
 0.07 0.19 0.175 0.125 0.15 0.085 0.035 0.055 0.03 0.04 0.01 0.035
 0.11 0.18 0.19 0.16 0.105 0.05 0.05 0.015 0.03 0.04 0.015 0.055
 0.11 0.245 0.12 0.165 0.07 0.065 0.035 0.045 0.05 0.03 0.01 0.055
 0.06 0.28 0.2 0.135 0.1 0.06 0.03 0.02 0.045 0.01 0.005 0.055
 0.11 0.14 0.205 0.205 0.12 0.06 0.06 0.01 0.02 0.03 0 0.04
 0.1 0.24 0.16 0.175 0.14 0.085 0.04 0.015 0.015 0 0.015 0.015
 0.125 0.215 0.22 0.11 0.1 0.085 0.055 0.03 0.01 0.01 0.01 0.03
 0.1 0.285 0.16 0.19 0.055 0.095 0.05 0.02 0.025 0.01 0.005 0.005
 0.06 0.255 0.285 0.115 0.11 0.04 0.07 0.02 0.015 0.02 0 0.01
 0.095 0.16 0.255 0.215 0.095 0.065 0.025 0.03 0.02 0.01 0.005 0.025
 0.145 0.23 0.24 0.145 0.14 0.025 0.03 0.015 0 0.02 0.005 0.005
 0.085 0.31 0.195 0.145 0.13 0.06 0.02 0.015 0.01 0.01 0 0.02
 0.14 0.175 0.235 0.16 0.09 0.055 0.09 0.03 0.015 0 0.005 0.005
 0.115 0.29 0.16 0.23 0.06 0.07 0.025 0.03 0.015 0.005 0 0
 0.14 0.285 0.235 0.1 0.125 0.03 0.04 0.03 0.01 0 0 0.005
 0.115 0.31 0.26 0.13 0.05 0.065 0.015 0.025 0.015 0.01 0 0.005
# wt_ind
 1 1 1 1 1 1 1 1 1 1 1 1
 1 1 1 1 1 1 1 1 1 1 1 1
 1 1 1 1 1 1 1 1 1 1 1 1
 1 1 1 1 1 1 1 1 1 1 1 1
 1 1 1 1 1 1 1 1 1 1 1 1
 1 1 1 1 1 1 1 1 1 1 1 1
 1 1 1 1 1 1 1 1 1 1 1 1
 1 1 1 1 1 1 1 1 1 1 1 1
 1 1 1 1 1 1 1 1 1 1 1 1
 1 1 1 1 1 1 1 1 1 1 1 1
 1 1 1 1 1 1 1 1 1 1 1 1
 1 1 1 1 1 1 1 1 1 1 1 1
 1 1 1 1 1 1 1 1 1 1 1 1
 1 1 1 1 1 1 1 1 1 1 1 1
 1 1 1 1 1 1 1 1 1 1 1 1
 1 1 1 1 1 1 1 1 1 1 1 1
 1 1 1 1 1 1 1 1 1 1 1 1
 1 1 1 1 1 1 1 1 1 1 1 1
 1 1 1 1 1 1 1 1 1 1 1 1
 1 1 1 1 1 1 1 1 1 1 1 1
 1 1 1 1 1 1 1 1 1 1 1 1
 1 1 1 1 1 1 1 1 1 1 1 1
 1 1 1 1 1 1 1 1 1 1 1 1
 1 1 1 1 1 1 1 1 1 1 1 1
 1 1 1 1 1 1 1 1 1 1 1 1
 1 1 1 1 1 1 1 1 1 1 1 1
 1 1 1 1 1 1 1 1 1 1 1 1
 1 1 1 1 1 1 1 1 1 1 1 1
 1 1 1 1 1 1 1 1 1 1 1 1
 1 1 1 1 1 1 1 1 1 1 1 1
# wt_pop
 0.000530656 0.00119633 0.00205827 0.00303499 0.00405521 0.0050647 0.00602623 0.00691692 0.00772489 0.00844611 0.00908185 0.0096367
# maturity
 0.0229774 0.320821 0.904651 0.99478 0.999739 0.999987 0.999999 1 1 1 1 1
# spawnmo
1
# age_err
 1 0 0 0 0 0 0 0 0 0 0 0
 0 1 0 0 0 0 0 0 0 0 0 0
 0 0 1 0 0 0 0 0 0 0 0 0
 0 0 0 1 0 0 0 0 0 0 0 0
 0 0 0 0 1 0 0 0 0 0 0 0
 0 0 0 0 0 1 0 0 0 0 0 0
 0 0 0 0 0 0 1 0 0 0 0 0
 0 0 0 0 0 0 0 1 0 0 0 0
 0 0 0 0 0 0 0 0 1 0 0 0
 0 0 0 0 0 0 0 0 0 1 0 0
 0 0 0 0 0 0 0 0 0 0 1 0
 0 0 0 0 0 0 0 0 0 0 0 1
# cntrlfile_name
C:\Users\bai.li\Desktop\s1_test\AMAK\s116\amak.dat
# Map shared selectivity: 
# sel_map
 1 2
 1 1
# datafile_name
amak_data.dat
# model_name
OM_1
# SrType
2
# use_age_err
0
# retro
0
# sigmarprior
0.2
# cvsigmarprior
0.25
# phase_sigmar
-3
# styr_rec_est
1
# endyr_rec_est
30
# Linfprior
80
# cvLinfprior
0.25
# kprior
0.18
# cvkprior
0.25
# Loprior
27.688
# cvLoprior
0.25
# sdageprior
0.1
# cvsdageprior
0.25
# natmortprior
0.2
# cvnatmortprior
0.25
# phase_M
-4
# npars_Mage
0
# ages_M_changes

# Mage_in

# phase_Mage
-5
# phase_rw_M
0
# npars_rw_M
0
# yrs_rw_M

# sigma_rw_M

# qprior
 3.48998e-007
# cvqprior
 1
# phase_q
 1
# q_power_prior
 1
# cvq_power_prior
 0.2
# phase_q_power
 -4
# phase_rw_q
 -1
# npars_rw_q
 0
# yrs_rw_q

# sigma_rw_q

# q_age_min
 1
# q_age_max
 12
# q_age_min
 1
# q_age_max
 12
# fsh_sel_opt(k)
2
# phase_sel_fsh(k)
-2
# n_sel_ch_fsh(k)
1
# sel_slp_in_fsh(k)(1,n_sel_ch_fsh(k))
 1
# sel_inf_in_fsh(k)(1,n_sel_ch_fsh(k))
 2
# logsel_slp_in_fsh(k)(1,n_sel_ch_fsh(k))
 0
# yrs_sel_ch_fsh(k)(1,n_sel_ch_fsh(k))
 1

Survey survey_index1
# ind_sel_opt(k)
2
# indname(k)
survey_index1
# nselages_in_ind(k)
11
# phase_sel_ind(k)
-2
# sel_change_in_ind(k)
 1 0 0 0 0 0 0 0 0 0 0 0 0 0 0 0 0 0 0 0 0 0 0 0 0 0 0 0 0 0
# n_sel_ch_ind(k)
1
# yrs_sel_ch_ind(k)(1,n_sel_ch_ind(k))
 1
# sel_slp_in_ind(k,1)
2
# sel_inf_in_ind(k,1)
1.5
# logsel_slp_in_ind(k,1)
0.693147
# logsel_slp_in_indv(k)
0.693147
survey_index1 ind sel opt 2  1 0 0 0 0 0 0 0 0 0 0 0 0 0 0 0 0 0 0 0 0 0 0 0 0 0 0 0 0 0
Phase indices Sel_Coffs:  -1
 Test: 1.23457e+008
# Fshry Selages:  11
# Srvy  Selages:  11
# Phase for age-spec fishery  -1
# Phase for logistic fishery  -2
# Phase for dble logistic fishery  -1
# Phase for age-spec indices   -1
# Phase for logistic indices   -2
# Phase for dble logistic ind  -1
# Curv_pen_fsh: 
 0
# Curv_pen_ind: 
 0
# styr_fut
31
# endyr_fut
35
# nyrs_fsh_age
 30
# nyrs_fsh_age
 30
# yrs_fsh_age
 1 2 3 4 5 6 7 8 9 10 11 12 13 14 15 16 17 18 19 20 21 22 23 24 25 26 27 28 29 30
# n_sample_fsh_age
 200 200 200 200 200 200 200 200 200 200 200 200 200 200 200 200 200 200 200 200 200 200 200 200 200 200 200 200 200 200
# oac_fsh
 0.04 0.13 0.115 0.145 0.105 0.07 0.105 0.055 0.065 0.03 0.03 0.11
 0.075 0.15 0.13 0.12 0.09 0.085 0.06 0.035 0.055 0.025 0.045 0.13
 0.06 0.12 0.15 0.08 0.085 0.11 0.095 0.06 0.055 0.045 0.02 0.12
 0.055 0.095 0.11 0.13 0.08 0.095 0.085 0.095 0.05 0.035 0.01 0.16
 0.135 0.08 0.085 0.135 0.105 0.08 0.095 0.05 0.04 0.055 0.02 0.12
 0.09 0.1 0.1 0.135 0.085 0.065 0.065 0.055 0.055 0.055 0.055 0.14
 0.08 0.14 0.22 0.055 0.12 0.085 0.045 0.04 0.05 0.06 0.02 0.085
 0.075 0.11 0.215 0.16 0.06 0.075 0.075 0.04 0.06 0.025 0.01 0.095
 0.09 0.14 0.17 0.15 0.155 0.035 0.04 0.04 0.025 0.035 0.025 0.095
 0.095 0.1 0.14 0.11 0.155 0.12 0.05 0.03 0.05 0.06 0.02 0.07
 0.08 0.13 0.13 0.155 0.11 0.105 0.095 0.03 0.065 0.005 0.025 0.07
 0.09 0.145 0.18 0.11 0.125 0.1 0.045 0.04 0.025 0.025 0.025 0.09
 0.08 0.125 0.13 0.19 0.105 0.095 0.07 0.045 0.04 0.025 0 0.095
 0.08 0.135 0.165 0.17 0.105 0.095 0.09 0.05 0.035 0.02 0.02 0.035
 0.085 0.145 0.175 0.145 0.14 0.07 0.065 0.03 0.03 0.04 0.025 0.05
 0.11 0.155 0.18 0.125 0.13 0.09 0.06 0.04 0.02 0.025 0.02 0.045
 0.14 0.185 0.15 0.155 0.11 0.05 0.075 0.05 0.04 0.01 0.01 0.025
 0.095 0.17 0.23 0.13 0.08 0.095 0.06 0.025 0.02 0.03 0.02 0.045
 0.13 0.115 0.23 0.135 0.085 0.06 0.06 0.035 0.045 0.025 0.02 0.06
 0.105 0.19 0.16 0.145 0.12 0.095 0.045 0.04 0.025 0.015 0.02 0.04
 0.165 0.165 0.16 0.135 0.15 0.08 0.04 0.03 0.02 0.01 0.005 0.04
 0.19 0.205 0.175 0.115 0.045 0.105 0.04 0.045 0.02 0.01 0.005 0.045
 0.105 0.205 0.285 0.125 0.11 0.04 0.05 0.035 0.015 0.005 0.005 0.02
 0.13 0.17 0.22 0.24 0.065 0.075 0.015 0.02 0.025 0.01 0.015 0.015
 0.155 0.165 0.2 0.145 0.16 0.045 0.04 0.035 0.02 0.02 0 0.015
 0.15 0.265 0.165 0.16 0.135 0.045 0.02 0.02 0.005 0.01 0 0.025
 0.17 0.215 0.215 0.13 0.115 0.05 0.06 0.025 0.005 0.01 0 0.005
 0.205 0.19 0.155 0.195 0.07 0.075 0.015 0.03 0.02 0.015 0.02 0.01
 0.2 0.275 0.17 0.12 0.105 0.045 0.035 0.015 0.005 0.01 0.01 0.01
 0.13 0.305 0.205 0.15 0.085 0.06 0.01 0.005 0.015 0.025 0.005 0.005
# olc_fsh

# wt_fsh
 0.000530656 0.00119633 0.00205827 0.00303499 0.00405521 0.0050647 0.00602623 0.00691692 0.00772489 0.00844611 0.00908185 0.0096367
 0.000530656 0.00119633 0.00205827 0.00303499 0.00405521 0.0050647 0.00602623 0.00691692 0.00772489 0.00844611 0.00908185 0.0096367
 0.000530656 0.00119633 0.00205827 0.00303499 0.00405521 0.0050647 0.00602623 0.00691692 0.00772489 0.00844611 0.00908185 0.0096367
 0.000530656 0.00119633 0.00205827 0.00303499 0.00405521 0.0050647 0.00602623 0.00691692 0.00772489 0.00844611 0.00908185 0.0096367
 0.000530656 0.00119633 0.00205827 0.00303499 0.00405521 0.0050647 0.00602623 0.00691692 0.00772489 0.00844611 0.00908185 0.0096367
 0.000530656 0.00119633 0.00205827 0.00303499 0.00405521 0.0050647 0.00602623 0.00691692 0.00772489 0.00844611 0.00908185 0.0096367
 0.000530656 0.00119633 0.00205827 0.00303499 0.00405521 0.0050647 0.00602623 0.00691692 0.00772489 0.00844611 0.00908185 0.0096367
 0.000530656 0.00119633 0.00205827 0.00303499 0.00405521 0.0050647 0.00602623 0.00691692 0.00772489 0.00844611 0.00908185 0.0096367
 0.000530656 0.00119633 0.00205827 0.00303499 0.00405521 0.0050647 0.00602623 0.00691692 0.00772489 0.00844611 0.00908185 0.0096367
 0.000530656 0.00119633 0.00205827 0.00303499 0.00405521 0.0050647 0.00602623 0.00691692 0.00772489 0.00844611 0.00908185 0.0096367
 0.000530656 0.00119633 0.00205827 0.00303499 0.00405521 0.0050647 0.00602623 0.00691692 0.00772489 0.00844611 0.00908185 0.0096367
 0.000530656 0.00119633 0.00205827 0.00303499 0.00405521 0.0050647 0.00602623 0.00691692 0.00772489 0.00844611 0.00908185 0.0096367
 0.000530656 0.00119633 0.00205827 0.00303499 0.00405521 0.0050647 0.00602623 0.00691692 0.00772489 0.00844611 0.00908185 0.0096367
 0.000530656 0.00119633 0.00205827 0.00303499 0.00405521 0.0050647 0.00602623 0.00691692 0.00772489 0.00844611 0.00908185 0.0096367
 0.000530656 0.00119633 0.00205827 0.00303499 0.00405521 0.0050647 0.00602623 0.00691692 0.00772489 0.00844611 0.00908185 0.0096367
 0.000530656 0.00119633 0.00205827 0.00303499 0.00405521 0.0050647 0.00602623 0.00691692 0.00772489 0.00844611 0.00908185 0.0096367
 0.000530656 0.00119633 0.00205827 0.00303499 0.00405521 0.0050647 0.00602623 0.00691692 0.00772489 0.00844611 0.00908185 0.0096367
 0.000530656 0.00119633 0.00205827 0.00303499 0.00405521 0.0050647 0.00602623 0.00691692 0.00772489 0.00844611 0.00908185 0.0096367
 0.000530656 0.00119633 0.00205827 0.00303499 0.00405521 0.0050647 0.00602623 0.00691692 0.00772489 0.00844611 0.00908185 0.0096367
 0.000530656 0.00119633 0.00205827 0.00303499 0.00405521 0.0050647 0.00602623 0.00691692 0.00772489 0.00844611 0.00908185 0.0096367
 0.000530656 0.00119633 0.00205827 0.00303499 0.00405521 0.0050647 0.00602623 0.00691692 0.00772489 0.00844611 0.00908185 0.0096367
 0.000530656 0.00119633 0.00205827 0.00303499 0.00405521 0.0050647 0.00602623 0.00691692 0.00772489 0.00844611 0.00908185 0.0096367
 0.000530656 0.00119633 0.00205827 0.00303499 0.00405521 0.0050647 0.00602623 0.00691692 0.00772489 0.00844611 0.00908185 0.0096367
 0.000530656 0.00119633 0.00205827 0.00303499 0.00405521 0.0050647 0.00602623 0.00691692 0.00772489 0.00844611 0.00908185 0.0096367
 0.000530656 0.00119633 0.00205827 0.00303499 0.00405521 0.0050647 0.00602623 0.00691692 0.00772489 0.00844611 0.00908185 0.0096367
 0.000530656 0.00119633 0.00205827 0.00303499 0.00405521 0.0050647 0.00602623 0.00691692 0.00772489 0.00844611 0.00908185 0.0096367
 0.000530656 0.00119633 0.00205827 0.00303499 0.00405521 0.0050647 0.00602623 0.00691692 0.00772489 0.00844611 0.00908185 0.0096367
 0.000530656 0.00119633 0.00205827 0.00303499 0.00405521 0.0050647 0.00602623 0.00691692 0.00772489 0.00844611 0.00908185 0.0096367
 0.000530656 0.00119633 0.00205827 0.00303499 0.00405521 0.0050647 0.00602623 0.00691692 0.00772489 0.00844611 0.00908185 0.0096367
 0.000530656 0.00119633 0.00205827 0.00303499 0.00405521 0.0050647 0.00602623 0.00691692 0.00772489 0.00844611 0.00908185 0.0096367
# nyrs_ind_age
 30
# yrs_ind_age
 1 2 3 4 5 6 7 8 9 10 11 12 13 14 15 16 17 18 19 20 21 22 23 24 25 26 27 28 29 30
# n_sample_ind_age
 200 200 200 200 200 200 200 200 200 200 200 200 200 200 200 200 200 200 200 200 200 200 200 200 200 200 200 200 200 200
# oac_ind
 0.04 0.115 0.115 0.115 0.08 0.09 0.075 0.065 0.055 0.07 0.02 0.16
 0.055 0.145 0.15 0.14 0.12 0.08 0.095 0.055 0.02 0.04 0.01 0.09
 0.09 0.165 0.105 0.1 0.13 0.05 0.06 0.07 0.025 0.04 0.02 0.145
 0.04 0.13 0.18 0.085 0.105 0.085 0.05 0.06 0.06 0.02 0.03 0.155
 0.08 0.115 0.155 0.175 0.07 0.09 0.055 0.06 0.05 0.045 0.025 0.08
 0.06 0.19 0.105 0.155 0.115 0.075 0.065 0.06 0.025 0.035 0.01 0.105
 0.035 0.18 0.2 0.085 0.08 0.08 0.065 0.04 0.06 0.015 0.045 0.115
 0.075 0.125 0.175 0.195 0.105 0.095 0.03 0.025 0.04 0.02 0.025 0.09
 0.095 0.205 0.155 0.165 0.105 0.03 0.045 0.04 0.035 0.02 0.01 0.095
 0.07 0.13 0.205 0.095 0.145 0.095 0.03 0.045 0.06 0.01 0.01 0.105
 0.065 0.235 0.185 0.18 0.075 0.08 0.055 0.015 0.035 0 0.01 0.065
 0.075 0.175 0.165 0.13 0.125 0.07 0.075 0.055 0.03 0.025 0.02 0.055
 0.06 0.15 0.185 0.18 0.09 0.095 0.055 0.05 0.035 0.005 0.035 0.06
 0.1 0.215 0.17 0.115 0.11 0.09 0.04 0.04 0.02 0.03 0.01 0.06
 0.07 0.19 0.175 0.125 0.15 0.085 0.035 0.055 0.03 0.04 0.01 0.035
 0.11 0.18 0.19 0.16 0.105 0.05 0.05 0.015 0.03 0.04 0.015 0.055
 0.11 0.245 0.12 0.165 0.07 0.065 0.035 0.045 0.05 0.03 0.01 0.055
 0.06 0.28 0.2 0.135 0.1 0.06 0.03 0.02 0.045 0.01 0.005 0.055
 0.11 0.14 0.205 0.205 0.12 0.06 0.06 0.01 0.02 0.03 0 0.04
 0.1 0.24 0.16 0.175 0.14 0.085 0.04 0.015 0.015 0 0.015 0.015
 0.125 0.215 0.22 0.11 0.1 0.085 0.055 0.03 0.01 0.01 0.01 0.03
 0.1 0.285 0.16 0.19 0.055 0.095 0.05 0.02 0.025 0.01 0.005 0.005
 0.06 0.255 0.285 0.115 0.11 0.04 0.07 0.02 0.015 0.02 0 0.01
 0.095 0.16 0.255 0.215 0.095 0.065 0.025 0.03 0.02 0.01 0.005 0.025
 0.145 0.23 0.24 0.145 0.14 0.025 0.03 0.015 0 0.02 0.005 0.005
 0.085 0.31 0.195 0.145 0.13 0.06 0.02 0.015 0.01 0.01 0 0.02
 0.14 0.175 0.235 0.16 0.09 0.055 0.09 0.03 0.015 0 0.005 0.005
 0.115 0.29 0.16 0.23 0.06 0.07 0.025 0.03 0.015 0.005 0 0
 0.14 0.285 0.235 0.1 0.125 0.03 0.04 0.03 0.01 0 0 0.005
 0.115 0.31 0.26 0.13 0.05 0.065 0.015 0.025 0.015 0.01 0 0.005
# olc_ind

# obs_lse_ind
 0.198042 0.198042 0.198042 0.198042 0.198042 0.198042 0.198042 0.198042 0.198042 0.198042 0.198042 0.198042 0.198042 0.198042 0.198042 0.198042 0.198042 0.198042 0.198042 0.198042 0.198042 0.198042 0.198042 0.198042 0.198042 0.198042 0.198042 0.198042 0.198042 0.198042
# xages_fsh
 0 0 0 0 0 0 0 0 0 0 0 0
# xages_fsh
 0 0.0909091 0.181818 0.272727 0.363636 0.454545 0.545455 0.636364 0.727273 0.818182 0.909091 1
# xnodes_fsh

Yrs fsh_sel change:  1 0 0 0 0 0 0 0 0 0 0 0 0 0 0 0 0 0 0 0 0 0 0 0 0 0 0 0 0
Yrs ind_sel change:  1 0 0 0 0 0 0 0 0 0 0 0 0 0 0 0 0 0 0 0 0 0 0 0 0 0 0 0 0
# steepnessprior
0.75
# sigmarprior
0.2
#  SSB estimated in styr endyr: -12 28 
#  Rec estimated in styr endyr: -10 30 
#  SR Curve fit  in styr endyr: 1 30 
#             Model styr endyr: 1 30 
# qprior
 3.48998e-007
# q_power_prior 
 1 
# cv_catchbiomass 
0.05 
# CatchbiomassPen 
200 
# Number of projection years 
5 
# offset_fsh
 13418.8
# offset_ind
 13006.4
Mean Catch
1277.84
R_guess 
13.8155
# nfsh
1
# n_sel_ch_fsh
 1
# nselages_fsh
 11
# phase_selcoff_fsh
 -1
logRzero 13.8155
logmeanrec 13.8155
exp(log_sigmarprior 0.2
Fish sel phase: -1 OM1
Fixing fishery sel to
1
Fixing fishery sel to
1
Srvy sel phase: -1
Fixing survey_index1 indices sel to
1
Fixing index sel to
1
# logsel_slp_in_indv
 0.693147
Leaving parameter init secton
# M
 0.2 0.2 0.2 0.2 0.2 0.2 0.2 0.2 0.2 0.2 0.2 0.2
 0.2 0.2 0.2 0.2 0.2 0.2 0.2 0.2 0.2 0.2 0.2 0.2
 0.2 0.2 0.2 0.2 0.2 0.2 0.2 0.2 0.2 0.2 0.2 0.2
 0.2 0.2 0.2 0.2 0.2 0.2 0.2 0.2 0.2 0.2 0.2 0.2
 0.2 0.2 0.2 0.2 0.2 0.2 0.2 0.2 0.2 0.2 0.2 0.2
 0.2 0.2 0.2 0.2 0.2 0.2 0.2 0.2 0.2 0.2 0.2 0.2
 0.2 0.2 0.2 0.2 0.2 0.2 0.2 0.2 0.2 0.2 0.2 0.2
 0.2 0.2 0.2 0.2 0.2 0.2 0.2 0.2 0.2 0.2 0.2 0.2
 0.2 0.2 0.2 0.2 0.2 0.2 0.2 0.2 0.2 0.2 0.2 0.2
 0.2 0.2 0.2 0.2 0.2 0.2 0.2 0.2 0.2 0.2 0.2 0.2
 0.2 0.2 0.2 0.2 0.2 0.2 0.2 0.2 0.2 0.2 0.2 0.2
 0.2 0.2 0.2 0.2 0.2 0.2 0.2 0.2 0.2 0.2 0.2 0.2
 0.2 0.2 0.2 0.2 0.2 0.2 0.2 0.2 0.2 0.2 0.2 0.2
 0.2 0.2 0.2 0.2 0.2 0.2 0.2 0.2 0.2 0.2 0.2 0.2
 0.2 0.2 0.2 0.2 0.2 0.2 0.2 0.2 0.2 0.2 0.2 0.2
 0.2 0.2 0.2 0.2 0.2 0.2 0.2 0.2 0.2 0.2 0.2 0.2
 0.2 0.2 0.2 0.2 0.2 0.2 0.2 0.2 0.2 0.2 0.2 0.2
 0.2 0.2 0.2 0.2 0.2 0.2 0.2 0.2 0.2 0.2 0.2 0.2
 0.2 0.2 0.2 0.2 0.2 0.2 0.2 0.2 0.2 0.2 0.2 0.2
 0.2 0.2 0.2 0.2 0.2 0.2 0.2 0.2 0.2 0.2 0.2 0.2
 0.2 0.2 0.2 0.2 0.2 0.2 0.2 0.2 0.2 0.2 0.2 0.2
 0.2 0.2 0.2 0.2 0.2 0.2 0.2 0.2 0.2 0.2 0.2 0.2
 0.2 0.2 0.2 0.2 0.2 0.2 0.2 0.2 0.2 0.2 0.2 0.2
 0.2 0.2 0.2 0.2 0.2 0.2 0.2 0.2 0.2 0.2 0.2 0.2
 0.2 0.2 0.2 0.2 0.2 0.2 0.2 0.2 0.2 0.2 0.2 0.2
 0.2 0.2 0.2 0.2 0.2 0.2 0.2 0.2 0.2 0.2 0.2 0.2
 0.2 0.2 0.2 0.2 0.2 0.2 0.2 0.2 0.2 0.2 0.2 0.2
 0.2 0.2 0.2 0.2 0.2 0.2 0.2 0.2 0.2 0.2 0.2 0.2
 0.2 0.2 0.2 0.2 0.2 0.2 0.2 0.2 0.2 0.2 0.2 0.2
 0.2 0.2 0.2 0.2 0.2 0.2 0.2 0.2 0.2 0.2 0.2 0.2
# mean_log_rec
13.7256
# log_Rzero
13.7845
# rec_dev
 -0.0970875 -0.123609 0.0580161 -0.0072385 -0.0582025 -0.0293278 0.120046 0.104903 0.050887 0.0779934 0.0197098 -0.00158795 0.142056 0.0893347 -0.241165 0.383572 0.331594 0.0785058 0.233785 0.0386054 0.183014 0.0410273 -0.0580511 -0.0142742 0.0119102 -0.0588652 0.144061 0.130623 -0.378519 -0.065346 -0.26324 0.163269 -0.07958 -0.270295 -0.423867 -0.105791 -0.502323 -0.278004 -0.159544 -0.0915818 -0.410599
# fmort
 0.00934007 0.0277426 0.0462962 0.0634867 0.0507544 0.0922382 0.0937395 0.198779 0.115446 0.14117 0.159481 0.170928 0.123583 0.178631 0.193467 0.171152 0.337189 0.276852 0.273931 0.26985 0.374992 0.269536 0.443608 0.36741 0.368764 0.33794 0.336932 0.472289 0.360429 0.559015
# rec_dev_future
 0 0 0 0 0
