AMAK;August_2013
# styr
1
# endyr
30
# rec_age
1
# oldest_age
12
# nlength
81
# len_bins
 10 11 12 13 14 15 16 17 18 19 20 21 22 23 24 25 26 27 28 29 30 31 32 33 34 35 36 37 38 39 40 41 42 43 44 45 46 47 48 49 50 51 52 53 54 55 56 57 58 59 60 61 62 63 64 65 66 67 68 69 70 71 72 73 74 75 76 77 78 79 80 81 82 83 84 85 86 87 88 89 90
# datafile_name
amak_data.dat
# model_name
OM_1
# styr
1
# endyr
30
# rec_age
1
# oldest_age
12
# nfsh
1
# fshname
OM1
# catch_bio_in
 161.087 470.829 763.241 1001.62 769.274 1329.25 1271.56 2472.21 1332.6 1515.82 1619.66 1614.57 1115.09 1530.99 1508.79 1282.1 2220.75 1624.76 1471.23 1316.61 1627.89 1077.46 1634.76 1201.94 1124.06 967.517 928.408 1210.58 877.208 1277.93
# catch_bio_sd_in
 0.01 0.01 0.01 0.01 0.01 0.01 0.01 0.01 0.01 0.01 0.01 0.01 0.01 0.01 0.01 0.01 0.01 0.01 0.01 0.01 0.01 0.01 0.01 0.01 0.01 0.01 0.01 0.01 0.01 0.01
# nyrs_fsh_age
 30
# nyrs_fsh_length
 0
# yrs_fsh_age_in
 1 2 3 4 5 6 7 8 9 10 11 12 13 14 15 16 17 18 19 20 21 22 23 24 25 26 27 28 29 30
# yrs_fsh_length_in

# n_sample_fsh_length_in

# olc_fsh_in

# nind
1
# indname
survey_index1
# nyrs_ind
 30
# yrs_ind_in
 1 2 3 4 5 6 7 8 9 10 11 12 13 14 15 16 17 18 19 20 21 22 23 24 25 26 27 28 29 30
# mo_ind
 1
# obs_ind_in
 1.31134 1.67217 1.8226 1.69717 1.45572 1.45583 1.41453 1.13869 1.24823 1.48701 1.08956 1.05965 1.09428 1.03591 0.914945 0.998079 0.947292 0.913239 0.75246 0.688824 0.879567 0.611389 0.664172 0.601202 0.682673 0.525416 0.544248 0.531755 0.445039 0.518966
# obs_se_ind_in
 0.262267 0.334434 0.364521 0.339433 0.291145 0.291167 0.282906 0.227738 0.249646 0.297403 0.217913 0.21193 0.218857 0.207181 0.182989 0.199616 0.189458 0.182648 0.150492 0.137765 0.175913 0.122278 0.132834 0.12024 0.136535 0.105083 0.10885 0.106351 0.0890078 0.103793
# nyrs_ind_age
 30
# nyrs_ind_length
 0
# yrs_ind_age_in
 1 2 3 4 5 6 7 8 9 10 11 12 13 14 15 16 17 18 19 20 21 22 23 24 25 26 27 28 29 30
# yrs_ind_length_in

# yrs_ind_age_in
 1 2 3 4 5 6 7 8 9 10 11 12 13 14 15 16 17 18 19 20 21 22 23 24 25 26 27 28 29 30
# n_sample_ind_length_in

# olc_ind_in

# oac_ind_in
 0.055 0.185 0.13 0.13 0.125 0.085 0.09 0.015 0.025 0.03 0.025 0.105
 0.075 0.165 0.16 0.13 0.075 0.09 0.065 0.025 0.075 0.01 0.025 0.105
 0.045 0.145 0.18 0.11 0.12 0.105 0.045 0.075 0.035 0.035 0.01 0.095
 0.035 0.09 0.205 0.11 0.07 0.08 0.085 0.08 0.06 0.04 0.02 0.125
 0.11 0.115 0.16 0.165 0.065 0.055 0.07 0.06 0.045 0.035 0.035 0.085
 0.115 0.15 0.065 0.105 0.125 0.07 0.085 0.05 0.035 0.03 0.03 0.14
 0.065 0.155 0.22 0.07 0.075 0.09 0.09 0.045 0.015 0.03 0.03 0.115
 0.08 0.18 0.22 0.15 0.04 0.045 0.07 0.03 0.045 0.035 0.03 0.075
 0.055 0.185 0.17 0.165 0.1 0.065 0.05 0.04 0.055 0.02 0.03 0.065
 0.04 0.18 0.15 0.11 0.135 0.11 0.06 0.075 0.05 0.02 0.015 0.055
 0.07 0.15 0.14 0.15 0.08 0.11 0.07 0.045 0.03 0.045 0.03 0.08
 0.03 0.175 0.22 0.12 0.08 0.105 0.065 0.035 0.035 0.045 0.02 0.07
 0.07 0.175 0.175 0.19 0.07 0.075 0.045 0.05 0.045 0.005 0.015 0.085
 0.105 0.17 0.165 0.165 0.11 0.075 0.05 0.045 0.025 0.025 0.005 0.06
 0.095 0.18 0.17 0.105 0.14 0.075 0.08 0.05 0.025 0.02 0.02 0.04
 0.1 0.18 0.225 0.155 0.07 0.1 0.03 0.015 0.045 0.02 0.005 0.055
 0.085 0.2 0.23 0.13 0.095 0.05 0.05 0.04 0.04 0.015 0.02 0.045
 0.07 0.225 0.19 0.17 0.105 0.025 0.05 0.035 0.015 0.015 0.02 0.08
 0.075 0.145 0.26 0.18 0.1 0.115 0.04 0.02 0.02 0.02 0 0.025
 0.12 0.135 0.165 0.235 0.13 0.075 0.045 0.025 0.015 0.01 0.01 0.035
 0.105 0.225 0.18 0.125 0.135 0.1 0.03 0.03 0.04 0.01 0.005 0.015
 0.15 0.28 0.18 0.115 0.085 0.05 0.015 0.03 0.035 0.005 0 0.055
 0.11 0.265 0.255 0.095 0.135 0.05 0.04 0.02 0 0.015 0 0.015
 0.115 0.24 0.225 0.13 0.105 0.06 0.025 0.05 0.01 0.025 0.01 0.005
 0.105 0.18 0.23 0.165 0.16 0.055 0.065 0.005 0.01 0.01 0.01 0.005
 0.11 0.32 0.22 0.11 0.115 0.045 0.035 0 0 0.02 0.005 0.02
 0.13 0.22 0.275 0.13 0.075 0.075 0.055 0.015 0 0.005 0.005 0.015
 0.155 0.23 0.175 0.21 0.095 0.05 0.045 0.03 0 0 0.005 0.005
 0.18 0.3 0.185 0.13 0.065 0.045 0.015 0.035 0.01 0.01 0.015 0.01
 0.155 0.285 0.21 0.175 0.055 0.06 0.015 0.02 0.01 0.005 0 0.01
# wt_ind
 1 1 1 1 1 1 1 1 1 1 1 1
 1 1 1 1 1 1 1 1 1 1 1 1
 1 1 1 1 1 1 1 1 1 1 1 1
 1 1 1 1 1 1 1 1 1 1 1 1
 1 1 1 1 1 1 1 1 1 1 1 1
 1 1 1 1 1 1 1 1 1 1 1 1
 1 1 1 1 1 1 1 1 1 1 1 1
 1 1 1 1 1 1 1 1 1 1 1 1
 1 1 1 1 1 1 1 1 1 1 1 1
 1 1 1 1 1 1 1 1 1 1 1 1
 1 1 1 1 1 1 1 1 1 1 1 1
 1 1 1 1 1 1 1 1 1 1 1 1
 1 1 1 1 1 1 1 1 1 1 1 1
 1 1 1 1 1 1 1 1 1 1 1 1
 1 1 1 1 1 1 1 1 1 1 1 1
 1 1 1 1 1 1 1 1 1 1 1 1
 1 1 1 1 1 1 1 1 1 1 1 1
 1 1 1 1 1 1 1 1 1 1 1 1
 1 1 1 1 1 1 1 1 1 1 1 1
 1 1 1 1 1 1 1 1 1 1 1 1
 1 1 1 1 1 1 1 1 1 1 1 1
 1 1 1 1 1 1 1 1 1 1 1 1
 1 1 1 1 1 1 1 1 1 1 1 1
 1 1 1 1 1 1 1 1 1 1 1 1
 1 1 1 1 1 1 1 1 1 1 1 1
 1 1 1 1 1 1 1 1 1 1 1 1
 1 1 1 1 1 1 1 1 1 1 1 1
 1 1 1 1 1 1 1 1 1 1 1 1
 1 1 1 1 1 1 1 1 1 1 1 1
 1 1 1 1 1 1 1 1 1 1 1 1
# wt_pop
 0.000530656 0.00119633 0.00205827 0.00303499 0.00405521 0.0050647 0.00602623 0.00691692 0.00772489 0.00844611 0.00908185 0.0096367
# maturity
 0.0229774 0.320821 0.904651 0.99478 0.999739 0.999987 0.999999 1 1 1 1 1
# spawnmo
1
# age_err
 1 0 0 0 0 0 0 0 0 0 0 0
 0 1 0 0 0 0 0 0 0 0 0 0
 0 0 1 0 0 0 0 0 0 0 0 0
 0 0 0 1 0 0 0 0 0 0 0 0
 0 0 0 0 1 0 0 0 0 0 0 0
 0 0 0 0 0 1 0 0 0 0 0 0
 0 0 0 0 0 0 1 0 0 0 0 0
 0 0 0 0 0 0 0 1 0 0 0 0
 0 0 0 0 0 0 0 0 1 0 0 0
 0 0 0 0 0 0 0 0 0 1 0 0
 0 0 0 0 0 0 0 0 0 0 1 0
 0 0 0 0 0 0 0 0 0 0 0 1
# cntrlfile_name
C:\Users\bai.li\Desktop\s1_test\AMAK\s71\amak.dat
# Map shared selectivity: 
# sel_map
 1 2
 1 1
# datafile_name
amak_data.dat
# model_name
OM_1
# SrType
2
# use_age_err
0
# retro
0
# sigmarprior
0.2
# cvsigmarprior
0.25
# phase_sigmar
-3
# styr_rec_est
1
# endyr_rec_est
30
# Linfprior
80
# cvLinfprior
0.25
# kprior
0.18
# cvkprior
0.25
# Loprior
27.688
# cvLoprior
0.25
# sdageprior
0.1
# cvsdageprior
0.25
# natmortprior
0.2
# cvnatmortprior
0.25
# phase_M
-4
# npars_Mage
0
# ages_M_changes

# Mage_in

# phase_Mage
-5
# phase_rw_M
0
# npars_rw_M
0
# yrs_rw_M

# sigma_rw_M

# qprior
 3.48998e-007
# cvqprior
 1
# phase_q
 1
# q_power_prior
 1
# cvq_power_prior
 0.2
# phase_q_power
 -4
# phase_rw_q
 -1
# npars_rw_q
 0
# yrs_rw_q

# sigma_rw_q

# q_age_min
 1
# q_age_max
 12
# q_age_min
 1
# q_age_max
 12
# fsh_sel_opt(k)
2
# phase_sel_fsh(k)
-2
# n_sel_ch_fsh(k)
1
# sel_slp_in_fsh(k)(1,n_sel_ch_fsh(k))
 1
# sel_inf_in_fsh(k)(1,n_sel_ch_fsh(k))
 2
# logsel_slp_in_fsh(k)(1,n_sel_ch_fsh(k))
 0
# yrs_sel_ch_fsh(k)(1,n_sel_ch_fsh(k))
 1

Survey survey_index1
# ind_sel_opt(k)
2
# indname(k)
survey_index1
# nselages_in_ind(k)
11
# phase_sel_ind(k)
-2
# sel_change_in_ind(k)
 1 0 0 0 0 0 0 0 0 0 0 0 0 0 0 0 0 0 0 0 0 0 0 0 0 0 0 0 0 0
# n_sel_ch_ind(k)
1
# yrs_sel_ch_ind(k)(1,n_sel_ch_ind(k))
 1
# sel_slp_in_ind(k,1)
2
# sel_inf_in_ind(k,1)
1.5
# logsel_slp_in_ind(k,1)
0.693147
# logsel_slp_in_indv(k)
0.693147
survey_index1 ind sel opt 2  1 0 0 0 0 0 0 0 0 0 0 0 0 0 0 0 0 0 0 0 0 0 0 0 0 0 0 0 0 0
Phase indices Sel_Coffs:  -1
 Test: 1.23457e+008
# Fshry Selages:  11
# Srvy  Selages:  11
# Phase for age-spec fishery  -1
# Phase for logistic fishery  -2
# Phase for dble logistic fishery  -1
# Phase for age-spec indices   -1
# Phase for logistic indices   -2
# Phase for dble logistic ind  -1
# Curv_pen_fsh: 
 0
# Curv_pen_ind: 
 0
# styr_fut
31
# endyr_fut
35
# nyrs_fsh_age
 30
# nyrs_fsh_age
 30
# yrs_fsh_age
 1 2 3 4 5 6 7 8 9 10 11 12 13 14 15 16 17 18 19 20 21 22 23 24 25 26 27 28 29 30
# n_sample_fsh_age
 200 200 200 200 200 200 200 200 200 200 200 200 200 200 200 200 200 200 200 200 200 200 200 200 200 200 200 200 200 200
# oac_fsh
 0.105 0.125 0.12 0.13 0.105 0.065 0.045 0.055 0.05 0.015 0.03 0.155
 0.08 0.07 0.125 0.09 0.1 0.09 0.11 0.04 0.05 0.075 0.045 0.125
 0.05 0.115 0.095 0.12 0.12 0.11 0.085 0.055 0.06 0.03 0.02 0.14
 0.05 0.12 0.17 0.145 0.085 0.08 0.105 0.05 0.025 0.04 0.03 0.1
 0.105 0.115 0.105 0.13 0.1 0.075 0.1 0.055 0.06 0.045 0.02 0.09
 0.08 0.155 0.065 0.105 0.14 0.09 0.06 0.07 0.065 0.02 0.03 0.12
 0.07 0.16 0.135 0.105 0.1 0.08 0.05 0.06 0.05 0.045 0.03 0.115
 0.105 0.11 0.13 0.19 0.055 0.075 0.035 0.035 0.065 0.03 0.055 0.115
 0.105 0.14 0.14 0.16 0.09 0.06 0.035 0.07 0.05 0.03 0.03 0.09
 0.12 0.095 0.15 0.12 0.13 0.11 0.03 0.04 0.055 0.03 0.02 0.1
 0.08 0.155 0.175 0.125 0.085 0.08 0.075 0.06 0.03 0.025 0.015 0.095
 0.095 0.175 0.165 0.115 0.08 0.1 0.08 0.045 0.025 0.005 0.02 0.095
 0.13 0.13 0.2 0.14 0.08 0.095 0.04 0.04 0.055 0.025 0.02 0.045
 0.11 0.13 0.08 0.14 0.16 0.095 0.08 0.005 0.055 0.02 0.02 0.105
 0.115 0.135 0.18 0.13 0.11 0.095 0.05 0.05 0.03 0.03 0.015 0.06
 0.175 0.16 0.125 0.14 0.075 0.095 0.065 0.03 0.045 0.01 0.04 0.04
 0.13 0.185 0.14 0.16 0.105 0.085 0.04 0.045 0.03 0.03 0.025 0.025
 0.115 0.185 0.175 0.135 0.12 0.05 0.045 0.055 0.055 0.02 0.015 0.03
 0.12 0.16 0.24 0.165 0.12 0.085 0.02 0.015 0.04 0.01 0.005 0.02
 0.1 0.2 0.185 0.19 0.085 0.045 0.04 0.025 0.035 0.025 0.025 0.045
 0.155 0.165 0.175 0.125 0.085 0.095 0.065 0.04 0.015 0.015 0.01 0.055
 0.175 0.2 0.185 0.135 0.065 0.085 0.06 0.025 0.02 0.005 0.015 0.03
 0.105 0.175 0.23 0.13 0.11 0.05 0.075 0.055 0.02 0.02 0.005 0.025
 0.115 0.185 0.17 0.265 0.075 0.06 0.03 0.025 0.03 0.02 0.005 0.02
 0.175 0.225 0.145 0.165 0.12 0.05 0.035 0.025 0.025 0.015 0.01 0.01
 0.13 0.245 0.2 0.17 0.105 0.07 0.035 0.015 0.005 0.015 0.005 0.005
 0.115 0.16 0.255 0.16 0.105 0.095 0.075 0.015 0.015 0 0 0.005
 0.155 0.195 0.165 0.205 0.115 0.05 0.05 0.02 0.025 0.005 0 0.015
 0.155 0.19 0.165 0.18 0.165 0.08 0.02 0.03 0.005 0 0 0.01
 0.15 0.275 0.275 0.14 0.05 0.04 0.025 0.015 0.02 0 0 0.01
# olc_fsh

# wt_fsh
 0.000530656 0.00119633 0.00205827 0.00303499 0.00405521 0.0050647 0.00602623 0.00691692 0.00772489 0.00844611 0.00908185 0.0096367
 0.000530656 0.00119633 0.00205827 0.00303499 0.00405521 0.0050647 0.00602623 0.00691692 0.00772489 0.00844611 0.00908185 0.0096367
 0.000530656 0.00119633 0.00205827 0.00303499 0.00405521 0.0050647 0.00602623 0.00691692 0.00772489 0.00844611 0.00908185 0.0096367
 0.000530656 0.00119633 0.00205827 0.00303499 0.00405521 0.0050647 0.00602623 0.00691692 0.00772489 0.00844611 0.00908185 0.0096367
 0.000530656 0.00119633 0.00205827 0.00303499 0.00405521 0.0050647 0.00602623 0.00691692 0.00772489 0.00844611 0.00908185 0.0096367
 0.000530656 0.00119633 0.00205827 0.00303499 0.00405521 0.0050647 0.00602623 0.00691692 0.00772489 0.00844611 0.00908185 0.0096367
 0.000530656 0.00119633 0.00205827 0.00303499 0.00405521 0.0050647 0.00602623 0.00691692 0.00772489 0.00844611 0.00908185 0.0096367
 0.000530656 0.00119633 0.00205827 0.00303499 0.00405521 0.0050647 0.00602623 0.00691692 0.00772489 0.00844611 0.00908185 0.0096367
 0.000530656 0.00119633 0.00205827 0.00303499 0.00405521 0.0050647 0.00602623 0.00691692 0.00772489 0.00844611 0.00908185 0.0096367
 0.000530656 0.00119633 0.00205827 0.00303499 0.00405521 0.0050647 0.00602623 0.00691692 0.00772489 0.00844611 0.00908185 0.0096367
 0.000530656 0.00119633 0.00205827 0.00303499 0.00405521 0.0050647 0.00602623 0.00691692 0.00772489 0.00844611 0.00908185 0.0096367
 0.000530656 0.00119633 0.00205827 0.00303499 0.00405521 0.0050647 0.00602623 0.00691692 0.00772489 0.00844611 0.00908185 0.0096367
 0.000530656 0.00119633 0.00205827 0.00303499 0.00405521 0.0050647 0.00602623 0.00691692 0.00772489 0.00844611 0.00908185 0.0096367
 0.000530656 0.00119633 0.00205827 0.00303499 0.00405521 0.0050647 0.00602623 0.00691692 0.00772489 0.00844611 0.00908185 0.0096367
 0.000530656 0.00119633 0.00205827 0.00303499 0.00405521 0.0050647 0.00602623 0.00691692 0.00772489 0.00844611 0.00908185 0.0096367
 0.000530656 0.00119633 0.00205827 0.00303499 0.00405521 0.0050647 0.00602623 0.00691692 0.00772489 0.00844611 0.00908185 0.0096367
 0.000530656 0.00119633 0.00205827 0.00303499 0.00405521 0.0050647 0.00602623 0.00691692 0.00772489 0.00844611 0.00908185 0.0096367
 0.000530656 0.00119633 0.00205827 0.00303499 0.00405521 0.0050647 0.00602623 0.00691692 0.00772489 0.00844611 0.00908185 0.0096367
 0.000530656 0.00119633 0.00205827 0.00303499 0.00405521 0.0050647 0.00602623 0.00691692 0.00772489 0.00844611 0.00908185 0.0096367
 0.000530656 0.00119633 0.00205827 0.00303499 0.00405521 0.0050647 0.00602623 0.00691692 0.00772489 0.00844611 0.00908185 0.0096367
 0.000530656 0.00119633 0.00205827 0.00303499 0.00405521 0.0050647 0.00602623 0.00691692 0.00772489 0.00844611 0.00908185 0.0096367
 0.000530656 0.00119633 0.00205827 0.00303499 0.00405521 0.0050647 0.00602623 0.00691692 0.00772489 0.00844611 0.00908185 0.0096367
 0.000530656 0.00119633 0.00205827 0.00303499 0.00405521 0.0050647 0.00602623 0.00691692 0.00772489 0.00844611 0.00908185 0.0096367
 0.000530656 0.00119633 0.00205827 0.00303499 0.00405521 0.0050647 0.00602623 0.00691692 0.00772489 0.00844611 0.00908185 0.0096367
 0.000530656 0.00119633 0.00205827 0.00303499 0.00405521 0.0050647 0.00602623 0.00691692 0.00772489 0.00844611 0.00908185 0.0096367
 0.000530656 0.00119633 0.00205827 0.00303499 0.00405521 0.0050647 0.00602623 0.00691692 0.00772489 0.00844611 0.00908185 0.0096367
 0.000530656 0.00119633 0.00205827 0.00303499 0.00405521 0.0050647 0.00602623 0.00691692 0.00772489 0.00844611 0.00908185 0.0096367
 0.000530656 0.00119633 0.00205827 0.00303499 0.00405521 0.0050647 0.00602623 0.00691692 0.00772489 0.00844611 0.00908185 0.0096367
 0.000530656 0.00119633 0.00205827 0.00303499 0.00405521 0.0050647 0.00602623 0.00691692 0.00772489 0.00844611 0.00908185 0.0096367
 0.000530656 0.00119633 0.00205827 0.00303499 0.00405521 0.0050647 0.00602623 0.00691692 0.00772489 0.00844611 0.00908185 0.0096367
# nyrs_ind_age
 30
# yrs_ind_age
 1 2 3 4 5 6 7 8 9 10 11 12 13 14 15 16 17 18 19 20 21 22 23 24 25 26 27 28 29 30
# n_sample_ind_age
 200 200 200 200 200 200 200 200 200 200 200 200 200 200 200 200 200 200 200 200 200 200 200 200 200 200 200 200 200 200
# oac_ind
 0.055 0.185 0.13 0.13 0.125 0.085 0.09 0.015 0.025 0.03 0.025 0.105
 0.075 0.165 0.16 0.13 0.075 0.09 0.065 0.025 0.075 0.01 0.025 0.105
 0.045 0.145 0.18 0.11 0.12 0.105 0.045 0.075 0.035 0.035 0.01 0.095
 0.035 0.09 0.205 0.11 0.07 0.08 0.085 0.08 0.06 0.04 0.02 0.125
 0.11 0.115 0.16 0.165 0.065 0.055 0.07 0.06 0.045 0.035 0.035 0.085
 0.115 0.15 0.065 0.105 0.125 0.07 0.085 0.05 0.035 0.03 0.03 0.14
 0.065 0.155 0.22 0.07 0.075 0.09 0.09 0.045 0.015 0.03 0.03 0.115
 0.08 0.18 0.22 0.15 0.04 0.045 0.07 0.03 0.045 0.035 0.03 0.075
 0.055 0.185 0.17 0.165 0.1 0.065 0.05 0.04 0.055 0.02 0.03 0.065
 0.04 0.18 0.15 0.11 0.135 0.11 0.06 0.075 0.05 0.02 0.015 0.055
 0.07 0.15 0.14 0.15 0.08 0.11 0.07 0.045 0.03 0.045 0.03 0.08
 0.03 0.175 0.22 0.12 0.08 0.105 0.065 0.035 0.035 0.045 0.02 0.07
 0.07 0.175 0.175 0.19 0.07 0.075 0.045 0.05 0.045 0.005 0.015 0.085
 0.105 0.17 0.165 0.165 0.11 0.075 0.05 0.045 0.025 0.025 0.005 0.06
 0.095 0.18 0.17 0.105 0.14 0.075 0.08 0.05 0.025 0.02 0.02 0.04
 0.1 0.18 0.225 0.155 0.07 0.1 0.03 0.015 0.045 0.02 0.005 0.055
 0.085 0.2 0.23 0.13 0.095 0.05 0.05 0.04 0.04 0.015 0.02 0.045
 0.07 0.225 0.19 0.17 0.105 0.025 0.05 0.035 0.015 0.015 0.02 0.08
 0.075 0.145 0.26 0.18 0.1 0.115 0.04 0.02 0.02 0.02 0 0.025
 0.12 0.135 0.165 0.235 0.13 0.075 0.045 0.025 0.015 0.01 0.01 0.035
 0.105 0.225 0.18 0.125 0.135 0.1 0.03 0.03 0.04 0.01 0.005 0.015
 0.15 0.28 0.18 0.115 0.085 0.05 0.015 0.03 0.035 0.005 0 0.055
 0.11 0.265 0.255 0.095 0.135 0.05 0.04 0.02 0 0.015 0 0.015
 0.115 0.24 0.225 0.13 0.105 0.06 0.025 0.05 0.01 0.025 0.01 0.005
 0.105 0.18 0.23 0.165 0.16 0.055 0.065 0.005 0.01 0.01 0.01 0.005
 0.11 0.32 0.22 0.11 0.115 0.045 0.035 0 0 0.02 0.005 0.02
 0.13 0.22 0.275 0.13 0.075 0.075 0.055 0.015 0 0.005 0.005 0.015
 0.155 0.23 0.175 0.21 0.095 0.05 0.045 0.03 0 0 0.005 0.005
 0.18 0.3 0.185 0.13 0.065 0.045 0.015 0.035 0.01 0.01 0.015 0.01
 0.155 0.285 0.21 0.175 0.055 0.06 0.015 0.02 0.01 0.005 0 0.01
# olc_ind

# obs_lse_ind
 0.198042 0.198042 0.198042 0.198042 0.198042 0.198042 0.198042 0.198042 0.198042 0.198042 0.198042 0.198042 0.198042 0.198042 0.198042 0.198042 0.198042 0.198042 0.198042 0.198042 0.198042 0.198042 0.198042 0.198042 0.198042 0.198042 0.198042 0.198042 0.198042 0.198042
# xages_fsh
 0 0 0 0 0 0 0 0 0 0 0 0
# xages_fsh
 0 0.0909091 0.181818 0.272727 0.363636 0.454545 0.545455 0.636364 0.727273 0.818182 0.909091 1
# xnodes_fsh

Yrs fsh_sel change:  1 0 0 0 0 0 0 0 0 0 0 0 0 0 0 0 0 0 0 0 0 0 0 0 0 0 0 0 0
Yrs ind_sel change:  1 0 0 0 0 0 0 0 0 0 0 0 0 0 0 0 0 0 0 0 0 0 0 0 0 0 0 0 0
# steepnessprior
0.75
# sigmarprior
0.2
#  SSB estimated in styr endyr: -12 28 
#  Rec estimated in styr endyr: -10 30 
#  SR Curve fit  in styr endyr: 1 30 
#             Model styr endyr: 1 30 
# qprior
 3.48998e-007
# q_power_prior 
 1 
# cv_catchbiomass 
0.05 
# CatchbiomassPen 
200 
# Number of projection years 
5 
# offset_fsh
 13454.5
# offset_ind
 13084.7
Mean Catch
1277.33
R_guess 
13.8155
# nfsh
1
# n_sel_ch_fsh
 1
# nselages_fsh
 11
# phase_selcoff_fsh
 -1
logRzero 13.8155
logmeanrec 13.8155
exp(log_sigmarprior 0.2
Fish sel phase: -1 OM1
Fixing fishery sel to
1
Fixing fishery sel to
1
Srvy sel phase: -1
Fixing survey_index1 indices sel to
1
Fixing index sel to
1
# logsel_slp_in_indv
 0.693147
Leaving parameter init secton
# M
 0.2 0.2 0.2 0.2 0.2 0.2 0.2 0.2 0.2 0.2 0.2 0.2
 0.2 0.2 0.2 0.2 0.2 0.2 0.2 0.2 0.2 0.2 0.2 0.2
 0.2 0.2 0.2 0.2 0.2 0.2 0.2 0.2 0.2 0.2 0.2 0.2
 0.2 0.2 0.2 0.2 0.2 0.2 0.2 0.2 0.2 0.2 0.2 0.2
 0.2 0.2 0.2 0.2 0.2 0.2 0.2 0.2 0.2 0.2 0.2 0.2
 0.2 0.2 0.2 0.2 0.2 0.2 0.2 0.2 0.2 0.2 0.2 0.2
 0.2 0.2 0.2 0.2 0.2 0.2 0.2 0.2 0.2 0.2 0.2 0.2
 0.2 0.2 0.2 0.2 0.2 0.2 0.2 0.2 0.2 0.2 0.2 0.2
 0.2 0.2 0.2 0.2 0.2 0.2 0.2 0.2 0.2 0.2 0.2 0.2
 0.2 0.2 0.2 0.2 0.2 0.2 0.2 0.2 0.2 0.2 0.2 0.2
 0.2 0.2 0.2 0.2 0.2 0.2 0.2 0.2 0.2 0.2 0.2 0.2
 0.2 0.2 0.2 0.2 0.2 0.2 0.2 0.2 0.2 0.2 0.2 0.2
 0.2 0.2 0.2 0.2 0.2 0.2 0.2 0.2 0.2 0.2 0.2 0.2
 0.2 0.2 0.2 0.2 0.2 0.2 0.2 0.2 0.2 0.2 0.2 0.2
 0.2 0.2 0.2 0.2 0.2 0.2 0.2 0.2 0.2 0.2 0.2 0.2
 0.2 0.2 0.2 0.2 0.2 0.2 0.2 0.2 0.2 0.2 0.2 0.2
 0.2 0.2 0.2 0.2 0.2 0.2 0.2 0.2 0.2 0.2 0.2 0.2
 0.2 0.2 0.2 0.2 0.2 0.2 0.2 0.2 0.2 0.2 0.2 0.2
 0.2 0.2 0.2 0.2 0.2 0.2 0.2 0.2 0.2 0.2 0.2 0.2
 0.2 0.2 0.2 0.2 0.2 0.2 0.2 0.2 0.2 0.2 0.2 0.2
 0.2 0.2 0.2 0.2 0.2 0.2 0.2 0.2 0.2 0.2 0.2 0.2
 0.2 0.2 0.2 0.2 0.2 0.2 0.2 0.2 0.2 0.2 0.2 0.2
 0.2 0.2 0.2 0.2 0.2 0.2 0.2 0.2 0.2 0.2 0.2 0.2
 0.2 0.2 0.2 0.2 0.2 0.2 0.2 0.2 0.2 0.2 0.2 0.2
 0.2 0.2 0.2 0.2 0.2 0.2 0.2 0.2 0.2 0.2 0.2 0.2
 0.2 0.2 0.2 0.2 0.2 0.2 0.2 0.2 0.2 0.2 0.2 0.2
 0.2 0.2 0.2 0.2 0.2 0.2 0.2 0.2 0.2 0.2 0.2 0.2
 0.2 0.2 0.2 0.2 0.2 0.2 0.2 0.2 0.2 0.2 0.2 0.2
 0.2 0.2 0.2 0.2 0.2 0.2 0.2 0.2 0.2 0.2 0.2 0.2
 0.2 0.2 0.2 0.2 0.2 0.2 0.2 0.2 0.2 0.2 0.2 0.2
# mean_log_rec
13.7429
# log_Rzero
13.7803
# rec_dev
 -0.114378 -0.109265 -0.114546 -0.11723 -0.0526315 -0.031261 0.0974066 0.102374 0.184072 0.103987 0.103589 0.0962565 0.265216 -0.0263737 -0.218966 0.301825 0.305258 0.0517145 0.135022 -0.0191714 0.142068 0.109924 -0.192409 -0.0828435 0.0574391 0.0240974 0.105637 0.143669 -0.292082 -0.202113 -0.239125 0.0329353 -0.0701235 -0.309817 -0.309057 -0.110232 -0.467584 -0.393162 -0.231318 -0.176356 -0.285002
# fmort
 0.00932874 0.0273291 0.0451121 0.0613079 0.0488959 0.0884661 0.0894089 0.190071 0.112693 0.136255 0.156511 0.168681 0.123389 0.179407 0.191447 0.172584 0.329562 0.273997 0.271289 0.264255 0.365952 0.264675 0.438105 0.362971 0.365641 0.330548 0.32557 0.457967 0.356209 0.559218
# rec_dev_future
 0 0 0 0 0
