AMAK;August_2013
# styr
1
# endyr
30
# rec_age
1
# oldest_age
12
# nlength
81
# len_bins
 10 11 12 13 14 15 16 17 18 19 20 21 22 23 24 25 26 27 28 29 30 31 32 33 34 35 36 37 38 39 40 41 42 43 44 45 46 47 48 49 50 51 52 53 54 55 56 57 58 59 60 61 62 63 64 65 66 67 68 69 70 71 72 73 74 75 76 77 78 79 80 81 82 83 84 85 86 87 88 89 90
# datafile_name
amak_data.dat
# model_name
OM_1
# styr
1
# endyr
30
# rec_age
1
# oldest_age
12
# nfsh
1
# fshname
OM1
# catch_bio_in
 163.197 464.453 758.921 994.992 765.916 1315.4 1276.75 2475.08 1319.35 1533.26 1615.17 1608.64 1106.06 1531.81 1496.28 1259.73 2256.4 1597.33 1457.46 1316.97 1637.81 1079.9 1645.24 1200.91 1121.86 961.784 924.066 1211.31 877.601 1283.71
# catch_bio_sd_in
 0.01 0.01 0.01 0.01 0.01 0.01 0.01 0.01 0.01 0.01 0.01 0.01 0.01 0.01 0.01 0.01 0.01 0.01 0.01 0.01 0.01 0.01 0.01 0.01 0.01 0.01 0.01 0.01 0.01 0.01
# nyrs_fsh_age
 30
# nyrs_fsh_length
 0
# yrs_fsh_age_in
 1 2 3 4 5 6 7 8 9 10 11 12 13 14 15 16 17 18 19 20 21 22 23 24 25 26 27 28 29 30
# yrs_fsh_length_in

# n_sample_fsh_length_in

# olc_fsh_in

# nind
1
# indname
survey_index1
# nyrs_ind
 30
# yrs_ind_in
 1 2 3 4 5 6 7 8 9 10 11 12 13 14 15 16 17 18 19 20 21 22 23 24 25 26 27 28 29 30
# mo_ind
 1
# obs_ind_in
 1.61895 1.87151 1.56692 1.35749 1.39048 1.75169 1.4221 1.60885 1.25877 1.0432 1.15805 0.989035 1.1029 1.02183 0.881721 0.933673 0.775539 0.848667 0.772497 0.701969 0.691233 0.591769 0.657949 0.540326 0.566493 0.532202 0.516053 0.505697 0.630238 0.471373
# obs_se_ind_in
 0.32379 0.374303 0.313384 0.271498 0.278095 0.350338 0.284419 0.32177 0.251755 0.208639 0.231609 0.197807 0.220581 0.204366 0.176344 0.186735 0.155108 0.169733 0.154499 0.140394 0.138247 0.118354 0.13159 0.108065 0.113299 0.10644 0.103211 0.101139 0.126048 0.0942746
# nyrs_ind_age
 30
# nyrs_ind_length
 0
# yrs_ind_age_in
 1 2 3 4 5 6 7 8 9 10 11 12 13 14 15 16 17 18 19 20 21 22 23 24 25 26 27 28 29 30
# yrs_ind_length_in

# yrs_ind_age_in
 1 2 3 4 5 6 7 8 9 10 11 12 13 14 15 16 17 18 19 20 21 22 23 24 25 26 27 28 29 30
# n_sample_ind_length_in

# olc_ind_in

# oac_ind_in
 0.055 0.14 0.15 0.11 0.12 0.06 0.05 0.05 0.04 0.045 0.015 0.165
 0.065 0.175 0.155 0.1 0.085 0.085 0.05 0.025 0.055 0.04 0.02 0.145
 0.065 0.16 0.13 0.155 0.07 0.065 0.085 0.04 0.03 0.03 0.03 0.14
 0.05 0.115 0.195 0.135 0.105 0.09 0.045 0.06 0.025 0.025 0.015 0.14
 0.085 0.08 0.14 0.19 0.12 0.055 0.055 0.04 0.025 0.035 0.025 0.15
 0.065 0.205 0.115 0.08 0.125 0.07 0.075 0.075 0.02 0.02 0.02 0.13
 0.07 0.14 0.24 0.095 0.105 0.085 0.045 0.035 0.045 0.015 0.01 0.115
 0.09 0.125 0.17 0.15 0.07 0.08 0.095 0.035 0.03 0.01 0.04 0.105
 0.055 0.165 0.15 0.175 0.105 0.07 0.075 0.065 0.015 0.01 0.01 0.105
 0.08 0.11 0.195 0.135 0.115 0.11 0.05 0.045 0.055 0.01 0.01 0.085
 0.1 0.16 0.18 0.14 0.07 0.105 0.06 0.025 0.035 0.03 0.025 0.07
 0.085 0.175 0.2 0.115 0.15 0.05 0.07 0.055 0.015 0 0.015 0.07
 0.085 0.155 0.205 0.165 0.12 0.08 0.035 0.02 0.03 0.02 0.035 0.05
 0.085 0.18 0.175 0.195 0.095 0.075 0.045 0.02 0.055 0.01 0.005 0.06
 0.09 0.21 0.165 0.14 0.13 0.065 0.035 0.055 0.025 0.025 0.02 0.04
 0.12 0.17 0.165 0.14 0.08 0.105 0.04 0.045 0.035 0.02 0.03 0.05
 0.08 0.22 0.165 0.165 0.065 0.08 0.055 0.065 0.035 0.015 0.025 0.03
 0.065 0.22 0.185 0.17 0.095 0.075 0.03 0.025 0.03 0.025 0.025 0.055
 0.1 0.225 0.22 0.175 0.07 0.065 0.045 0.015 0.02 0.01 0.02 0.035
 0.075 0.23 0.18 0.155 0.1 0.06 0.065 0.035 0.015 0.045 0.005 0.035
 0.125 0.13 0.225 0.175 0.095 0.055 0.045 0.04 0.025 0.03 0.005 0.05
 0.09 0.315 0.155 0.205 0.05 0.09 0.045 0.02 0.01 0.01 0 0.01
 0.115 0.29 0.235 0.095 0.1 0.04 0.04 0.05 0.01 0.005 0.01 0.01
 0.085 0.28 0.22 0.16 0.075 0.07 0.035 0.02 0.015 0.02 0.005 0.015
 0.145 0.205 0.215 0.17 0.095 0.055 0.06 0.015 0.015 0.005 0 0.02
 0.11 0.285 0.215 0.165 0.095 0.06 0.02 0.025 0.005 0.015 0 0.005
 0.165 0.17 0.22 0.115 0.14 0.075 0.055 0.03 0.015 0.01 0.005 0
 0.15 0.28 0.16 0.195 0.07 0.035 0.03 0.025 0.015 0.01 0.01 0.02
 0.19 0.305 0.19 0.115 0.085 0.03 0.03 0.02 0.02 0.01 0.005 0
 0.105 0.3 0.245 0.165 0.07 0.065 0.01 0.01 0.02 0.005 0 0.005
# wt_ind
 1 1 1 1 1 1 1 1 1 1 1 1
 1 1 1 1 1 1 1 1 1 1 1 1
 1 1 1 1 1 1 1 1 1 1 1 1
 1 1 1 1 1 1 1 1 1 1 1 1
 1 1 1 1 1 1 1 1 1 1 1 1
 1 1 1 1 1 1 1 1 1 1 1 1
 1 1 1 1 1 1 1 1 1 1 1 1
 1 1 1 1 1 1 1 1 1 1 1 1
 1 1 1 1 1 1 1 1 1 1 1 1
 1 1 1 1 1 1 1 1 1 1 1 1
 1 1 1 1 1 1 1 1 1 1 1 1
 1 1 1 1 1 1 1 1 1 1 1 1
 1 1 1 1 1 1 1 1 1 1 1 1
 1 1 1 1 1 1 1 1 1 1 1 1
 1 1 1 1 1 1 1 1 1 1 1 1
 1 1 1 1 1 1 1 1 1 1 1 1
 1 1 1 1 1 1 1 1 1 1 1 1
 1 1 1 1 1 1 1 1 1 1 1 1
 1 1 1 1 1 1 1 1 1 1 1 1
 1 1 1 1 1 1 1 1 1 1 1 1
 1 1 1 1 1 1 1 1 1 1 1 1
 1 1 1 1 1 1 1 1 1 1 1 1
 1 1 1 1 1 1 1 1 1 1 1 1
 1 1 1 1 1 1 1 1 1 1 1 1
 1 1 1 1 1 1 1 1 1 1 1 1
 1 1 1 1 1 1 1 1 1 1 1 1
 1 1 1 1 1 1 1 1 1 1 1 1
 1 1 1 1 1 1 1 1 1 1 1 1
 1 1 1 1 1 1 1 1 1 1 1 1
 1 1 1 1 1 1 1 1 1 1 1 1
# wt_pop
 0.000530656 0.00119633 0.00205827 0.00303499 0.00405521 0.0050647 0.00602623 0.00691692 0.00772489 0.00844611 0.00908185 0.0096367
# maturity
 0.0229774 0.320821 0.904651 0.99478 0.999739 0.999987 0.999999 1 1 1 1 1
# spawnmo
1
# age_err
 1 0 0 0 0 0 0 0 0 0 0 0
 0 1 0 0 0 0 0 0 0 0 0 0
 0 0 1 0 0 0 0 0 0 0 0 0
 0 0 0 1 0 0 0 0 0 0 0 0
 0 0 0 0 1 0 0 0 0 0 0 0
 0 0 0 0 0 1 0 0 0 0 0 0
 0 0 0 0 0 0 1 0 0 0 0 0
 0 0 0 0 0 0 0 1 0 0 0 0
 0 0 0 0 0 0 0 0 1 0 0 0
 0 0 0 0 0 0 0 0 0 1 0 0
 0 0 0 0 0 0 0 0 0 0 1 0
 0 0 0 0 0 0 0 0 0 0 0 1
# cntrlfile_name
C:\Users\bai.li\Desktop\s1_test\AMAK\s12\amak.dat
# Map shared selectivity: 
# sel_map
 1 2
 1 1
# datafile_name
amak_data.dat
# model_name
OM_1
# SrType
2
# use_age_err
0
# retro
0
# sigmarprior
0.2
# cvsigmarprior
0.25
# phase_sigmar
-3
# styr_rec_est
1
# endyr_rec_est
30
# Linfprior
80
# cvLinfprior
0.25
# kprior
0.18
# cvkprior
0.25
# Loprior
27.688
# cvLoprior
0.25
# sdageprior
0.1
# cvsdageprior
0.25
# natmortprior
0.2
# cvnatmortprior
0.25
# phase_M
-4
# npars_Mage
0
# ages_M_changes

# Mage_in

# phase_Mage
-5
# phase_rw_M
0
# npars_rw_M
0
# yrs_rw_M

# sigma_rw_M

# qprior
 3.48998e-007
# cvqprior
 1
# phase_q
 1
# q_power_prior
 1
# cvq_power_prior
 0.2
# phase_q_power
 -4
# phase_rw_q
 -1
# npars_rw_q
 0
# yrs_rw_q

# sigma_rw_q

# q_age_min
 1
# q_age_max
 12
# q_age_min
 1
# q_age_max
 12
# fsh_sel_opt(k)
2
# phase_sel_fsh(k)
-2
# n_sel_ch_fsh(k)
1
# sel_slp_in_fsh(k)(1,n_sel_ch_fsh(k))
 1
# sel_inf_in_fsh(k)(1,n_sel_ch_fsh(k))
 2
# logsel_slp_in_fsh(k)(1,n_sel_ch_fsh(k))
 0
# yrs_sel_ch_fsh(k)(1,n_sel_ch_fsh(k))
 1

Survey survey_index1
# ind_sel_opt(k)
2
# indname(k)
survey_index1
# nselages_in_ind(k)
11
# phase_sel_ind(k)
-2
# sel_change_in_ind(k)
 1 0 0 0 0 0 0 0 0 0 0 0 0 0 0 0 0 0 0 0 0 0 0 0 0 0 0 0 0 0
# n_sel_ch_ind(k)
1
# yrs_sel_ch_ind(k)(1,n_sel_ch_ind(k))
 1
# sel_slp_in_ind(k,1)
2
# sel_inf_in_ind(k,1)
1.5
# logsel_slp_in_ind(k,1)
0.693147
# logsel_slp_in_indv(k)
0.693147
survey_index1 ind sel opt 2  1 0 0 0 0 0 0 0 0 0 0 0 0 0 0 0 0 0 0 0 0 0 0 0 0 0 0 0 0 0
Phase indices Sel_Coffs:  -1
 Test: 1.23457e+008
# Fshry Selages:  11
# Srvy  Selages:  11
# Phase for age-spec fishery  -1
# Phase for logistic fishery  -2
# Phase for dble logistic fishery  -1
# Phase for age-spec indices   -1
# Phase for logistic indices   -2
# Phase for dble logistic ind  -1
# Curv_pen_fsh: 
 0
# Curv_pen_ind: 
 0
# styr_fut
31
# endyr_fut
35
# nyrs_fsh_age
 30
# nyrs_fsh_age
 30
# yrs_fsh_age
 1 2 3 4 5 6 7 8 9 10 11 12 13 14 15 16 17 18 19 20 21 22 23 24 25 26 27 28 29 30
# n_sample_fsh_age
 200 200 200 200 200 200 200 200 200 200 200 200 200 200 200 200 200 200 200 200 200 200 200 200 200 200 200 200 200 200
# oac_fsh
 0.08 0.085 0.175 0.14 0.125 0.055 0.075 0.055 0.035 0.045 0.03 0.1
 0.075 0.09 0.11 0.145 0.07 0.115 0.1 0.05 0.065 0.02 0.025 0.135
 0.055 0.1 0.11 0.11 0.12 0.08 0.095 0.055 0.05 0.03 0.01 0.185
 0.085 0.12 0.12 0.125 0.105 0.105 0.055 0.03 0.045 0.03 0.035 0.145
 0.1 0.08 0.13 0.145 0.095 0.07 0.08 0.045 0.025 0.06 0.035 0.135
 0.105 0.18 0.095 0.075 0.125 0.06 0.085 0.07 0.03 0.025 0.035 0.115
 0.085 0.15 0.155 0.115 0.1 0.085 0.065 0.05 0.02 0.04 0.015 0.12
 0.075 0.1 0.16 0.185 0.085 0.055 0.095 0.025 0.04 0.035 0.03 0.115
 0.11 0.165 0.095 0.16 0.18 0.08 0.015 0.045 0.02 0.035 0.02 0.075
 0.08 0.145 0.13 0.175 0.105 0.11 0.075 0.05 0.02 0.02 0.02 0.07
 0.085 0.1 0.15 0.19 0.09 0.125 0.11 0.02 0.03 0.015 0.015 0.07
 0.07 0.125 0.18 0.135 0.155 0.075 0.045 0.06 0.045 0.02 0.005 0.085
 0.11 0.155 0.18 0.105 0.09 0.105 0.045 0.045 0.055 0.025 0.005 0.08
 0.125 0.095 0.155 0.175 0.12 0.085 0.075 0.055 0.02 0.025 0.015 0.055
 0.115 0.13 0.18 0.115 0.085 0.1 0.07 0.08 0.025 0.03 0.015 0.055
 0.135 0.135 0.14 0.145 0.14 0.05 0.045 0.045 0.035 0.02 0.025 0.085
 0.11 0.2 0.145 0.155 0.11 0.06 0.05 0.045 0.02 0.035 0.01 0.06
 0.09 0.2 0.235 0.13 0.09 0.075 0.055 0.06 0.02 0.01 0.005 0.03
 0.08 0.085 0.21 0.18 0.145 0.12 0.055 0.03 0.01 0.015 0.02 0.05
 0.09 0.17 0.13 0.19 0.1 0.075 0.06 0.05 0.025 0.025 0.005 0.08
 0.125 0.165 0.18 0.15 0.165 0.06 0.03 0.035 0.02 0.02 0.01 0.04
 0.145 0.215 0.185 0.105 0.11 0.1 0.03 0.02 0.025 0.02 0.015 0.03
 0.1 0.185 0.18 0.15 0.17 0.05 0.04 0.035 0.02 0.03 0.005 0.035
 0.09 0.175 0.255 0.245 0.06 0.055 0.055 0.035 0.005 0.015 0 0.01
 0.165 0.195 0.14 0.17 0.15 0.06 0.05 0.015 0.02 0.01 0.005 0.02
 0.095 0.27 0.22 0.135 0.12 0.075 0.03 0.015 0.01 0.02 0.005 0.005
 0.125 0.19 0.23 0.145 0.1 0.08 0.06 0.02 0.025 0.005 0.005 0.015
 0.18 0.195 0.165 0.235 0.075 0.065 0.02 0.02 0.01 0 0.015 0.02
 0.21 0.22 0.205 0.125 0.13 0.04 0.02 0.015 0.01 0.02 0 0.005
 0.145 0.195 0.25 0.195 0.06 0.08 0.015 0.01 0.02 0.01 0.005 0.015
# olc_fsh

# wt_fsh
 0.000530656 0.00119633 0.00205827 0.00303499 0.00405521 0.0050647 0.00602623 0.00691692 0.00772489 0.00844611 0.00908185 0.0096367
 0.000530656 0.00119633 0.00205827 0.00303499 0.00405521 0.0050647 0.00602623 0.00691692 0.00772489 0.00844611 0.00908185 0.0096367
 0.000530656 0.00119633 0.00205827 0.00303499 0.00405521 0.0050647 0.00602623 0.00691692 0.00772489 0.00844611 0.00908185 0.0096367
 0.000530656 0.00119633 0.00205827 0.00303499 0.00405521 0.0050647 0.00602623 0.00691692 0.00772489 0.00844611 0.00908185 0.0096367
 0.000530656 0.00119633 0.00205827 0.00303499 0.00405521 0.0050647 0.00602623 0.00691692 0.00772489 0.00844611 0.00908185 0.0096367
 0.000530656 0.00119633 0.00205827 0.00303499 0.00405521 0.0050647 0.00602623 0.00691692 0.00772489 0.00844611 0.00908185 0.0096367
 0.000530656 0.00119633 0.00205827 0.00303499 0.00405521 0.0050647 0.00602623 0.00691692 0.00772489 0.00844611 0.00908185 0.0096367
 0.000530656 0.00119633 0.00205827 0.00303499 0.00405521 0.0050647 0.00602623 0.00691692 0.00772489 0.00844611 0.00908185 0.0096367
 0.000530656 0.00119633 0.00205827 0.00303499 0.00405521 0.0050647 0.00602623 0.00691692 0.00772489 0.00844611 0.00908185 0.0096367
 0.000530656 0.00119633 0.00205827 0.00303499 0.00405521 0.0050647 0.00602623 0.00691692 0.00772489 0.00844611 0.00908185 0.0096367
 0.000530656 0.00119633 0.00205827 0.00303499 0.00405521 0.0050647 0.00602623 0.00691692 0.00772489 0.00844611 0.00908185 0.0096367
 0.000530656 0.00119633 0.00205827 0.00303499 0.00405521 0.0050647 0.00602623 0.00691692 0.00772489 0.00844611 0.00908185 0.0096367
 0.000530656 0.00119633 0.00205827 0.00303499 0.00405521 0.0050647 0.00602623 0.00691692 0.00772489 0.00844611 0.00908185 0.0096367
 0.000530656 0.00119633 0.00205827 0.00303499 0.00405521 0.0050647 0.00602623 0.00691692 0.00772489 0.00844611 0.00908185 0.0096367
 0.000530656 0.00119633 0.00205827 0.00303499 0.00405521 0.0050647 0.00602623 0.00691692 0.00772489 0.00844611 0.00908185 0.0096367
 0.000530656 0.00119633 0.00205827 0.00303499 0.00405521 0.0050647 0.00602623 0.00691692 0.00772489 0.00844611 0.00908185 0.0096367
 0.000530656 0.00119633 0.00205827 0.00303499 0.00405521 0.0050647 0.00602623 0.00691692 0.00772489 0.00844611 0.00908185 0.0096367
 0.000530656 0.00119633 0.00205827 0.00303499 0.00405521 0.0050647 0.00602623 0.00691692 0.00772489 0.00844611 0.00908185 0.0096367
 0.000530656 0.00119633 0.00205827 0.00303499 0.00405521 0.0050647 0.00602623 0.00691692 0.00772489 0.00844611 0.00908185 0.0096367
 0.000530656 0.00119633 0.00205827 0.00303499 0.00405521 0.0050647 0.00602623 0.00691692 0.00772489 0.00844611 0.00908185 0.0096367
 0.000530656 0.00119633 0.00205827 0.00303499 0.00405521 0.0050647 0.00602623 0.00691692 0.00772489 0.00844611 0.00908185 0.0096367
 0.000530656 0.00119633 0.00205827 0.00303499 0.00405521 0.0050647 0.00602623 0.00691692 0.00772489 0.00844611 0.00908185 0.0096367
 0.000530656 0.00119633 0.00205827 0.00303499 0.00405521 0.0050647 0.00602623 0.00691692 0.00772489 0.00844611 0.00908185 0.0096367
 0.000530656 0.00119633 0.00205827 0.00303499 0.00405521 0.0050647 0.00602623 0.00691692 0.00772489 0.00844611 0.00908185 0.0096367
 0.000530656 0.00119633 0.00205827 0.00303499 0.00405521 0.0050647 0.00602623 0.00691692 0.00772489 0.00844611 0.00908185 0.0096367
 0.000530656 0.00119633 0.00205827 0.00303499 0.00405521 0.0050647 0.00602623 0.00691692 0.00772489 0.00844611 0.00908185 0.0096367
 0.000530656 0.00119633 0.00205827 0.00303499 0.00405521 0.0050647 0.00602623 0.00691692 0.00772489 0.00844611 0.00908185 0.0096367
 0.000530656 0.00119633 0.00205827 0.00303499 0.00405521 0.0050647 0.00602623 0.00691692 0.00772489 0.00844611 0.00908185 0.0096367
 0.000530656 0.00119633 0.00205827 0.00303499 0.00405521 0.0050647 0.00602623 0.00691692 0.00772489 0.00844611 0.00908185 0.0096367
 0.000530656 0.00119633 0.00205827 0.00303499 0.00405521 0.0050647 0.00602623 0.00691692 0.00772489 0.00844611 0.00908185 0.0096367
# nyrs_ind_age
 30
# yrs_ind_age
 1 2 3 4 5 6 7 8 9 10 11 12 13 14 15 16 17 18 19 20 21 22 23 24 25 26 27 28 29 30
# n_sample_ind_age
 200 200 200 200 200 200 200 200 200 200 200 200 200 200 200 200 200 200 200 200 200 200 200 200 200 200 200 200 200 200
# oac_ind
 0.055 0.14 0.15 0.11 0.12 0.06 0.05 0.05 0.04 0.045 0.015 0.165
 0.065 0.175 0.155 0.1 0.085 0.085 0.05 0.025 0.055 0.04 0.02 0.145
 0.065 0.16 0.13 0.155 0.07 0.065 0.085 0.04 0.03 0.03 0.03 0.14
 0.05 0.115 0.195 0.135 0.105 0.09 0.045 0.06 0.025 0.025 0.015 0.14
 0.085 0.08 0.14 0.19 0.12 0.055 0.055 0.04 0.025 0.035 0.025 0.15
 0.065 0.205 0.115 0.08 0.125 0.07 0.075 0.075 0.02 0.02 0.02 0.13
 0.07 0.14 0.24 0.095 0.105 0.085 0.045 0.035 0.045 0.015 0.01 0.115
 0.09 0.125 0.17 0.15 0.07 0.08 0.095 0.035 0.03 0.01 0.04 0.105
 0.055 0.165 0.15 0.175 0.105 0.07 0.075 0.065 0.015 0.01 0.01 0.105
 0.08 0.11 0.195 0.135 0.115 0.11 0.05 0.045 0.055 0.01 0.01 0.085
 0.1 0.16 0.18 0.14 0.07 0.105 0.06 0.025 0.035 0.03 0.025 0.07
 0.085 0.175 0.2 0.115 0.15 0.05 0.07 0.055 0.015 0 0.015 0.07
 0.085 0.155 0.205 0.165 0.12 0.08 0.035 0.02 0.03 0.02 0.035 0.05
 0.085 0.18 0.175 0.195 0.095 0.075 0.045 0.02 0.055 0.01 0.005 0.06
 0.09 0.21 0.165 0.14 0.13 0.065 0.035 0.055 0.025 0.025 0.02 0.04
 0.12 0.17 0.165 0.14 0.08 0.105 0.04 0.045 0.035 0.02 0.03 0.05
 0.08 0.22 0.165 0.165 0.065 0.08 0.055 0.065 0.035 0.015 0.025 0.03
 0.065 0.22 0.185 0.17 0.095 0.075 0.03 0.025 0.03 0.025 0.025 0.055
 0.1 0.225 0.22 0.175 0.07 0.065 0.045 0.015 0.02 0.01 0.02 0.035
 0.075 0.23 0.18 0.155 0.1 0.06 0.065 0.035 0.015 0.045 0.005 0.035
 0.125 0.13 0.225 0.175 0.095 0.055 0.045 0.04 0.025 0.03 0.005 0.05
 0.09 0.315 0.155 0.205 0.05 0.09 0.045 0.02 0.01 0.01 0 0.01
 0.115 0.29 0.235 0.095 0.1 0.04 0.04 0.05 0.01 0.005 0.01 0.01
 0.085 0.28 0.22 0.16 0.075 0.07 0.035 0.02 0.015 0.02 0.005 0.015
 0.145 0.205 0.215 0.17 0.095 0.055 0.06 0.015 0.015 0.005 0 0.02
 0.11 0.285 0.215 0.165 0.095 0.06 0.02 0.025 0.005 0.015 0 0.005
 0.165 0.17 0.22 0.115 0.14 0.075 0.055 0.03 0.015 0.01 0.005 0
 0.15 0.28 0.16 0.195 0.07 0.035 0.03 0.025 0.015 0.01 0.01 0.02
 0.19 0.305 0.19 0.115 0.085 0.03 0.03 0.02 0.02 0.01 0.005 0
 0.105 0.3 0.245 0.165 0.07 0.065 0.01 0.01 0.02 0.005 0 0.005
# olc_ind

# obs_lse_ind
 0.198042 0.198042 0.198042 0.198042 0.198042 0.198042 0.198042 0.198042 0.198042 0.198042 0.198042 0.198042 0.198042 0.198042 0.198042 0.198042 0.198042 0.198042 0.198042 0.198042 0.198042 0.198042 0.198042 0.198042 0.198042 0.198042 0.198042 0.198042 0.198042 0.198042
# xages_fsh
 0 0 0 0 0 0 0 0 0 0 0 0
# xages_fsh
 0 0.0909091 0.181818 0.272727 0.363636 0.454545 0.545455 0.636364 0.727273 0.818182 0.909091 1
# xnodes_fsh

Yrs fsh_sel change:  1 0 0 0 0 0 0 0 0 0 0 0 0 0 0 0 0 0 0 0 0 0 0 0 0 0 0 0 0
Yrs ind_sel change:  1 0 0 0 0 0 0 0 0 0 0 0 0 0 0 0 0 0 0 0 0 0 0 0 0 0 0 0 0
# steepnessprior
0.75
# sigmarprior
0.2
#  SSB estimated in styr endyr: -12 28 
#  Rec estimated in styr endyr: -10 30 
#  SR Curve fit  in styr endyr: 1 30 
#             Model styr endyr: 1 30 
# qprior
 3.48998e-007
# q_power_prior 
 1 
# cv_catchbiomass 
0.05 
# CatchbiomassPen 
200 
# Number of projection years 
5 
# offset_fsh
 13396.1
# offset_ind
 13071.9
Mean Catch
1275.25
R_guess 
13.8155
# nfsh
1
# n_sel_ch_fsh
 1
# nselages_fsh
 11
# phase_selcoff_fsh
 -1
logRzero 13.8155
logmeanrec 13.8155
exp(log_sigmarprior 0.2
Fish sel phase: -1 OM1
Fixing fishery sel to
1
Fixing fishery sel to
1
Srvy sel phase: -1
Fixing survey_index1 indices sel to
1
Fixing index sel to
1
# logsel_slp_in_indv
 0.693147
Leaving parameter init secton
# M
 0.2 0.2 0.2 0.2 0.2 0.2 0.2 0.2 0.2 0.2 0.2 0.2
 0.2 0.2 0.2 0.2 0.2 0.2 0.2 0.2 0.2 0.2 0.2 0.2
 0.2 0.2 0.2 0.2 0.2 0.2 0.2 0.2 0.2 0.2 0.2 0.2
 0.2 0.2 0.2 0.2 0.2 0.2 0.2 0.2 0.2 0.2 0.2 0.2
 0.2 0.2 0.2 0.2 0.2 0.2 0.2 0.2 0.2 0.2 0.2 0.2
 0.2 0.2 0.2 0.2 0.2 0.2 0.2 0.2 0.2 0.2 0.2 0.2
 0.2 0.2 0.2 0.2 0.2 0.2 0.2 0.2 0.2 0.2 0.2 0.2
 0.2 0.2 0.2 0.2 0.2 0.2 0.2 0.2 0.2 0.2 0.2 0.2
 0.2 0.2 0.2 0.2 0.2 0.2 0.2 0.2 0.2 0.2 0.2 0.2
 0.2 0.2 0.2 0.2 0.2 0.2 0.2 0.2 0.2 0.2 0.2 0.2
 0.2 0.2 0.2 0.2 0.2 0.2 0.2 0.2 0.2 0.2 0.2 0.2
 0.2 0.2 0.2 0.2 0.2 0.2 0.2 0.2 0.2 0.2 0.2 0.2
 0.2 0.2 0.2 0.2 0.2 0.2 0.2 0.2 0.2 0.2 0.2 0.2
 0.2 0.2 0.2 0.2 0.2 0.2 0.2 0.2 0.2 0.2 0.2 0.2
 0.2 0.2 0.2 0.2 0.2 0.2 0.2 0.2 0.2 0.2 0.2 0.2
 0.2 0.2 0.2 0.2 0.2 0.2 0.2 0.2 0.2 0.2 0.2 0.2
 0.2 0.2 0.2 0.2 0.2 0.2 0.2 0.2 0.2 0.2 0.2 0.2
 0.2 0.2 0.2 0.2 0.2 0.2 0.2 0.2 0.2 0.2 0.2 0.2
 0.2 0.2 0.2 0.2 0.2 0.2 0.2 0.2 0.2 0.2 0.2 0.2
 0.2 0.2 0.2 0.2 0.2 0.2 0.2 0.2 0.2 0.2 0.2 0.2
 0.2 0.2 0.2 0.2 0.2 0.2 0.2 0.2 0.2 0.2 0.2 0.2
 0.2 0.2 0.2 0.2 0.2 0.2 0.2 0.2 0.2 0.2 0.2 0.2
 0.2 0.2 0.2 0.2 0.2 0.2 0.2 0.2 0.2 0.2 0.2 0.2
 0.2 0.2 0.2 0.2 0.2 0.2 0.2 0.2 0.2 0.2 0.2 0.2
 0.2 0.2 0.2 0.2 0.2 0.2 0.2 0.2 0.2 0.2 0.2 0.2
 0.2 0.2 0.2 0.2 0.2 0.2 0.2 0.2 0.2 0.2 0.2 0.2
 0.2 0.2 0.2 0.2 0.2 0.2 0.2 0.2 0.2 0.2 0.2 0.2
 0.2 0.2 0.2 0.2 0.2 0.2 0.2 0.2 0.2 0.2 0.2 0.2
 0.2 0.2 0.2 0.2 0.2 0.2 0.2 0.2 0.2 0.2 0.2 0.2
 0.2 0.2 0.2 0.2 0.2 0.2 0.2 0.2 0.2 0.2 0.2 0.2
# mean_log_rec
13.7212
# log_Rzero
13.8336
# rec_dev
 0.0208751 -0.0270226 0.0665117 -0.111228 0.0359563 -0.0985156 -0.0302985 0.0587108 -0.0741 0.118469 0.0553956 0.0321479 0.26016 0.00335623 -0.0608522 0.446243 0.298461 0.0361012 0.293634 0.0768229 0.0713958 0.138244 -0.0191473 -5.32189e-005 0.0633082 -0.0389756 0.101785 0.10785 -0.223866 -0.0507466 -0.316591 0.0407323 -0.0677316 -0.232642 -0.389901 -0.0664116 -0.474242 -0.183107 -0.0743171 -0.0559524 -0.301984
# fmort
 0.00958051 0.0276877 0.0465288 0.0635594 0.0507866 0.0907481 0.0922385 0.194038 0.112738 0.137841 0.154911 0.165774 0.119874 0.174176 0.182633 0.162531 0.322369 0.260837 0.260075 0.254778 0.352998 0.254352 0.423661 0.348774 0.351167 0.317112 0.311409 0.430715 0.321965 0.484337
# rec_dev_future
 0 0 0 0 0
