AMAK;August_2013
# styr
1
# endyr
30
# rec_age
1
# oldest_age
12
# nlength
81
# len_bins
 10 11 12 13 14 15 16 17 18 19 20 21 22 23 24 25 26 27 28 29 30 31 32 33 34 35 36 37 38 39 40 41 42 43 44 45 46 47 48 49 50 51 52 53 54 55 56 57 58 59 60 61 62 63 64 65 66 67 68 69 70 71 72 73 74 75 76 77 78 79 80 81 82 83 84 85 86 87 88 89 90
# datafile_name
amak_data.dat
# model_name
OM_1
# styr
1
# endyr
30
# rec_age
1
# oldest_age
12
# nfsh
1
# fshname
OM1
# catch_bio_in
 160.954 466.524 766.484 996.922 766.858 1315.16 1287.26 2475.59 1325.85 1520.75 1638.9 1606.88 1109.07 1535.73 1500.93 1270.52 2246.23 1605.27 1457.89 1305.12 1627.11 1084.77 1625.31 1199.5 1119.02 971.925 927.078 1217.98 878.322 1268.43
# catch_bio_sd_in
 0.01 0.01 0.01 0.01 0.01 0.01 0.01 0.01 0.01 0.01 0.01 0.01 0.01 0.01 0.01 0.01 0.01 0.01 0.01 0.01 0.01 0.01 0.01 0.01 0.01 0.01 0.01 0.01 0.01 0.01
# nyrs_fsh_age
 30
# nyrs_fsh_length
 0
# yrs_fsh_age_in
 1 2 3 4 5 6 7 8 9 10 11 12 13 14 15 16 17 18 19 20 21 22 23 24 25 26 27 28 29 30
# yrs_fsh_length_in

# n_sample_fsh_length_in

# olc_fsh_in

# nind
1
# indname
survey_index1
# nyrs_ind
 30
# yrs_ind_in
 1 2 3 4 5 6 7 8 9 10 11 12 13 14 15 16 17 18 19 20 21 22 23 24 25 26 27 28 29 30
# mo_ind
 1
# obs_ind_in
 1.42453 1.45765 1.36022 1.95885 1.22124 1.34903 1.18234 1.433 1.38433 1.18458 1.182 1.09451 1.10683 1.04554 1.02479 0.85712 0.946585 0.933157 0.736505 0.761708 0.82614 0.712783 0.76019 0.649903 0.51547 0.554696 0.590236 0.538227 0.592865 0.493196
# obs_se_ind_in
 0.284905 0.291529 0.272044 0.39177 0.244248 0.269807 0.236468 0.286599 0.276867 0.236916 0.2364 0.218903 0.221366 0.209108 0.204959 0.171424 0.189317 0.186631 0.147301 0.152342 0.165228 0.142557 0.152038 0.129981 0.103094 0.110939 0.118047 0.107645 0.118573 0.0986392
# nyrs_ind_age
 30
# nyrs_ind_length
 0
# yrs_ind_age_in
 1 2 3 4 5 6 7 8 9 10 11 12 13 14 15 16 17 18 19 20 21 22 23 24 25 26 27 28 29 30
# yrs_ind_length_in

# yrs_ind_age_in
 1 2 3 4 5 6 7 8 9 10 11 12 13 14 15 16 17 18 19 20 21 22 23 24 25 26 27 28 29 30
# n_sample_ind_length_in

# olc_ind_in

# oac_ind_in
 0.06 0.095 0.155 0.095 0.075 0.1 0.1 0.075 0.035 0.05 0.015 0.145
 0.07 0.125 0.19 0.13 0.075 0.085 0.1 0.045 0.04 0.04 0.015 0.085
 0.035 0.145 0.17 0.155 0.1 0.115 0.04 0.03 0.035 0.045 0.045 0.085
 0.055 0.115 0.185 0.16 0.1 0.045 0.065 0.06 0.04 0.04 0.03 0.105
 0.05 0.14 0.14 0.13 0.105 0.05 0.045 0.08 0.035 0.045 0.03 0.15
 0.095 0.21 0.115 0.075 0.12 0.085 0.045 0.045 0.04 0.035 0.03 0.105
 0.075 0.14 0.2 0.1 0.105 0.095 0.07 0.03 0.045 0.03 0.01 0.1
 0.075 0.135 0.23 0.12 0.095 0.05 0.075 0.035 0.035 0.035 0.03 0.085
 0.055 0.12 0.16 0.2 0.155 0.03 0.05 0.015 0.04 0.03 0.02 0.125
 0.1 0.17 0.19 0.13 0.12 0.085 0.015 0.035 0.035 0.025 0.025 0.07
 0.105 0.14 0.11 0.12 0.105 0.095 0.105 0.03 0.04 0.045 0.02 0.085
 0.095 0.195 0.16 0.135 0.1 0.06 0.035 0.08 0.02 0.03 0.02 0.07
 0.095 0.145 0.195 0.155 0.075 0.105 0.1 0.04 0.02 0.01 0.01 0.05
 0.095 0.2 0.155 0.185 0.11 0.04 0.05 0.02 0.035 0.02 0.01 0.08
 0.08 0.195 0.17 0.14 0.115 0.08 0.05 0.035 0.05 0.035 0 0.05
 0.075 0.135 0.19 0.125 0.12 0.09 0.075 0.05 0.05 0.015 0.02 0.055
 0.075 0.195 0.175 0.13 0.115 0.1 0.065 0.045 0.025 0.025 0.015 0.035
 0.07 0.205 0.23 0.165 0.105 0.06 0.045 0.03 0.03 0.015 0.005 0.04
 0.115 0.135 0.2 0.21 0.06 0.12 0.065 0.025 0.01 0.015 0 0.045
 0.09 0.2 0.165 0.175 0.15 0.03 0.045 0.025 0.005 0.02 0.03 0.065
 0.155 0.2 0.245 0.145 0.105 0.06 0.015 0.02 0.015 0.01 0.01 0.02
 0.115 0.33 0.16 0.155 0.085 0.045 0.025 0.015 0.015 0.005 0.015 0.035
 0.09 0.305 0.22 0.095 0.045 0.07 0.065 0.02 0.03 0.01 0.005 0.045
 0.075 0.23 0.33 0.18 0.09 0.01 0.03 0.01 0.025 0.005 0.005 0.01
 0.105 0.265 0.23 0.17 0.08 0.075 0.035 0.005 0.01 0.01 0.005 0.01
 0.075 0.285 0.185 0.16 0.12 0.08 0.035 0.03 0.02 0.005 0 0.005
 0.1 0.24 0.275 0.14 0.09 0.07 0.04 0.005 0.015 0.01 0.005 0.01
 0.135 0.265 0.17 0.195 0.09 0.06 0.025 0.005 0.03 0.01 0 0.015
 0.17 0.29 0.215 0.09 0.105 0.055 0.025 0.04 0 0.005 0.005 0
 0.115 0.31 0.235 0.145 0.06 0.035 0.03 0.03 0.005 0.01 0.005 0.02
# wt_ind
 1 1 1 1 1 1 1 1 1 1 1 1
 1 1 1 1 1 1 1 1 1 1 1 1
 1 1 1 1 1 1 1 1 1 1 1 1
 1 1 1 1 1 1 1 1 1 1 1 1
 1 1 1 1 1 1 1 1 1 1 1 1
 1 1 1 1 1 1 1 1 1 1 1 1
 1 1 1 1 1 1 1 1 1 1 1 1
 1 1 1 1 1 1 1 1 1 1 1 1
 1 1 1 1 1 1 1 1 1 1 1 1
 1 1 1 1 1 1 1 1 1 1 1 1
 1 1 1 1 1 1 1 1 1 1 1 1
 1 1 1 1 1 1 1 1 1 1 1 1
 1 1 1 1 1 1 1 1 1 1 1 1
 1 1 1 1 1 1 1 1 1 1 1 1
 1 1 1 1 1 1 1 1 1 1 1 1
 1 1 1 1 1 1 1 1 1 1 1 1
 1 1 1 1 1 1 1 1 1 1 1 1
 1 1 1 1 1 1 1 1 1 1 1 1
 1 1 1 1 1 1 1 1 1 1 1 1
 1 1 1 1 1 1 1 1 1 1 1 1
 1 1 1 1 1 1 1 1 1 1 1 1
 1 1 1 1 1 1 1 1 1 1 1 1
 1 1 1 1 1 1 1 1 1 1 1 1
 1 1 1 1 1 1 1 1 1 1 1 1
 1 1 1 1 1 1 1 1 1 1 1 1
 1 1 1 1 1 1 1 1 1 1 1 1
 1 1 1 1 1 1 1 1 1 1 1 1
 1 1 1 1 1 1 1 1 1 1 1 1
 1 1 1 1 1 1 1 1 1 1 1 1
 1 1 1 1 1 1 1 1 1 1 1 1
# wt_pop
 0.000530656 0.00119633 0.00205827 0.00303499 0.00405521 0.0050647 0.00602623 0.00691692 0.00772489 0.00844611 0.00908185 0.0096367
# maturity
 0.0229774 0.320821 0.904651 0.99478 0.999739 0.999987 0.999999 1 1 1 1 1
# spawnmo
1
# age_err
 1 0 0 0 0 0 0 0 0 0 0 0
 0 1 0 0 0 0 0 0 0 0 0 0
 0 0 1 0 0 0 0 0 0 0 0 0
 0 0 0 1 0 0 0 0 0 0 0 0
 0 0 0 0 1 0 0 0 0 0 0 0
 0 0 0 0 0 1 0 0 0 0 0 0
 0 0 0 0 0 0 1 0 0 0 0 0
 0 0 0 0 0 0 0 1 0 0 0 0
 0 0 0 0 0 0 0 0 1 0 0 0
 0 0 0 0 0 0 0 0 0 1 0 0
 0 0 0 0 0 0 0 0 0 0 1 0
 0 0 0 0 0 0 0 0 0 0 0 1
# cntrlfile_name
C:\Users\bai.li\Desktop\s1_test\AMAK\s66\amak.dat
# Map shared selectivity: 
# sel_map
 1 2
 1 1
# datafile_name
amak_data.dat
# model_name
OM_1
# SrType
2
# use_age_err
0
# retro
0
# sigmarprior
0.2
# cvsigmarprior
0.25
# phase_sigmar
-3
# styr_rec_est
1
# endyr_rec_est
30
# Linfprior
80
# cvLinfprior
0.25
# kprior
0.18
# cvkprior
0.25
# Loprior
27.688
# cvLoprior
0.25
# sdageprior
0.1
# cvsdageprior
0.25
# natmortprior
0.2
# cvnatmortprior
0.25
# phase_M
-4
# npars_Mage
0
# ages_M_changes

# Mage_in

# phase_Mage
-5
# phase_rw_M
0
# npars_rw_M
0
# yrs_rw_M

# sigma_rw_M

# qprior
 3.48998e-007
# cvqprior
 1
# phase_q
 1
# q_power_prior
 1
# cvq_power_prior
 0.2
# phase_q_power
 -4
# phase_rw_q
 -1
# npars_rw_q
 0
# yrs_rw_q

# sigma_rw_q

# q_age_min
 1
# q_age_max
 12
# q_age_min
 1
# q_age_max
 12
# fsh_sel_opt(k)
2
# phase_sel_fsh(k)
-2
# n_sel_ch_fsh(k)
1
# sel_slp_in_fsh(k)(1,n_sel_ch_fsh(k))
 1
# sel_inf_in_fsh(k)(1,n_sel_ch_fsh(k))
 2
# logsel_slp_in_fsh(k)(1,n_sel_ch_fsh(k))
 0
# yrs_sel_ch_fsh(k)(1,n_sel_ch_fsh(k))
 1

Survey survey_index1
# ind_sel_opt(k)
2
# indname(k)
survey_index1
# nselages_in_ind(k)
11
# phase_sel_ind(k)
-2
# sel_change_in_ind(k)
 1 0 0 0 0 0 0 0 0 0 0 0 0 0 0 0 0 0 0 0 0 0 0 0 0 0 0 0 0 0
# n_sel_ch_ind(k)
1
# yrs_sel_ch_ind(k)(1,n_sel_ch_ind(k))
 1
# sel_slp_in_ind(k,1)
2
# sel_inf_in_ind(k,1)
1.5
# logsel_slp_in_ind(k,1)
0.693147
# logsel_slp_in_indv(k)
0.693147
survey_index1 ind sel opt 2  1 0 0 0 0 0 0 0 0 0 0 0 0 0 0 0 0 0 0 0 0 0 0 0 0 0 0 0 0 0
Phase indices Sel_Coffs:  -1
 Test: 1.23457e+008
# Fshry Selages:  11
# Srvy  Selages:  11
# Phase for age-spec fishery  -1
# Phase for logistic fishery  -2
# Phase for dble logistic fishery  -1
# Phase for age-spec indices   -1
# Phase for logistic indices   -2
# Phase for dble logistic ind  -1
# Curv_pen_fsh: 
 0
# Curv_pen_ind: 
 0
# styr_fut
31
# endyr_fut
35
# nyrs_fsh_age
 30
# nyrs_fsh_age
 30
# yrs_fsh_age
 1 2 3 4 5 6 7 8 9 10 11 12 13 14 15 16 17 18 19 20 21 22 23 24 25 26 27 28 29 30
# n_sample_fsh_age
 200 200 200 200 200 200 200 200 200 200 200 200 200 200 200 200 200 200 200 200 200 200 200 200 200 200 200 200 200 200
# oac_fsh
 0.085 0.085 0.14 0.11 0.1 0.15 0.05 0.08 0.045 0.025 0.025 0.105
 0.105 0.05 0.125 0.09 0.13 0.115 0.09 0.045 0.045 0.045 0.025 0.135
 0.055 0.125 0.155 0.13 0.075 0.095 0.06 0.045 0.085 0.035 0.025 0.115
 0.075 0.14 0.18 0.105 0.11 0.085 0.055 0.07 0.015 0.02 0.035 0.11
 0.105 0.08 0.12 0.14 0.095 0.085 0.06 0.06 0.02 0.04 0.065 0.13
 0.09 0.16 0.095 0.12 0.115 0.06 0.075 0.06 0.06 0.02 0.015 0.13
 0.075 0.17 0.185 0.11 0.07 0.095 0.05 0.05 0.05 0.025 0.03 0.09
 0.05 0.145 0.175 0.13 0.105 0.055 0.1 0.05 0.035 0.02 0.025 0.11
 0.055 0.185 0.15 0.145 0.14 0.08 0.035 0.035 0.035 0.03 0.02 0.09
 0.14 0.125 0.14 0.135 0.08 0.085 0.055 0.04 0.045 0.015 0.03 0.11
 0.105 0.16 0.145 0.13 0.085 0.1 0.105 0.04 0.025 0.035 0.015 0.055
 0.095 0.185 0.125 0.125 0.095 0.055 0.085 0.055 0.03 0.025 0.045 0.08
 0.085 0.13 0.155 0.17 0.06 0.145 0.075 0.04 0.035 0.035 0.005 0.065
 0.095 0.135 0.135 0.16 0.135 0.065 0.055 0.045 0.05 0.025 0.025 0.075
 0.095 0.15 0.195 0.135 0.075 0.085 0.035 0.09 0.02 0.025 0.045 0.05
 0.1 0.15 0.17 0.13 0.105 0.135 0.04 0.05 0.03 0.01 0.015 0.065
 0.145 0.15 0.165 0.17 0.095 0.065 0.06 0.075 0.015 0.02 0.015 0.025
 0.115 0.165 0.21 0.13 0.085 0.065 0.05 0.05 0.03 0.015 0.025 0.06
 0.11 0.18 0.205 0.16 0.115 0.045 0.03 0.025 0.03 0.025 0.015 0.06
 0.11 0.215 0.13 0.175 0.09 0.105 0.055 0.05 0.035 0.01 0.005 0.02
 0.15 0.145 0.22 0.085 0.14 0.08 0.06 0.025 0.03 0.01 0.015 0.04
 0.185 0.21 0.175 0.145 0.105 0.06 0.045 0.015 0.03 0.005 0.005 0.02
 0.125 0.175 0.27 0.1 0.11 0.08 0.04 0.03 0.015 0.04 0 0.015
 0.1 0.18 0.24 0.22 0.085 0.05 0.03 0.025 0.03 0.005 0.025 0.01
 0.16 0.19 0.16 0.165 0.18 0.045 0.035 0.03 0.01 0.01 0.005 0.01
 0.1 0.225 0.175 0.155 0.135 0.12 0.04 0.01 0.01 0.005 0.01 0.015
 0.16 0.185 0.235 0.16 0.055 0.07 0.06 0.02 0.025 0 0.02 0.01
 0.175 0.135 0.175 0.185 0.13 0.08 0.055 0.025 0.01 0.015 0.005 0.01
 0.2 0.3 0.145 0.065 0.125 0.07 0.035 0.035 0.005 0.005 0.005 0.01
 0.16 0.285 0.205 0.12 0.06 0.085 0.03 0.01 0.005 0.015 0.01 0.015
# olc_fsh

# wt_fsh
 0.000530656 0.00119633 0.00205827 0.00303499 0.00405521 0.0050647 0.00602623 0.00691692 0.00772489 0.00844611 0.00908185 0.0096367
 0.000530656 0.00119633 0.00205827 0.00303499 0.00405521 0.0050647 0.00602623 0.00691692 0.00772489 0.00844611 0.00908185 0.0096367
 0.000530656 0.00119633 0.00205827 0.00303499 0.00405521 0.0050647 0.00602623 0.00691692 0.00772489 0.00844611 0.00908185 0.0096367
 0.000530656 0.00119633 0.00205827 0.00303499 0.00405521 0.0050647 0.00602623 0.00691692 0.00772489 0.00844611 0.00908185 0.0096367
 0.000530656 0.00119633 0.00205827 0.00303499 0.00405521 0.0050647 0.00602623 0.00691692 0.00772489 0.00844611 0.00908185 0.0096367
 0.000530656 0.00119633 0.00205827 0.00303499 0.00405521 0.0050647 0.00602623 0.00691692 0.00772489 0.00844611 0.00908185 0.0096367
 0.000530656 0.00119633 0.00205827 0.00303499 0.00405521 0.0050647 0.00602623 0.00691692 0.00772489 0.00844611 0.00908185 0.0096367
 0.000530656 0.00119633 0.00205827 0.00303499 0.00405521 0.0050647 0.00602623 0.00691692 0.00772489 0.00844611 0.00908185 0.0096367
 0.000530656 0.00119633 0.00205827 0.00303499 0.00405521 0.0050647 0.00602623 0.00691692 0.00772489 0.00844611 0.00908185 0.0096367
 0.000530656 0.00119633 0.00205827 0.00303499 0.00405521 0.0050647 0.00602623 0.00691692 0.00772489 0.00844611 0.00908185 0.0096367
 0.000530656 0.00119633 0.00205827 0.00303499 0.00405521 0.0050647 0.00602623 0.00691692 0.00772489 0.00844611 0.00908185 0.0096367
 0.000530656 0.00119633 0.00205827 0.00303499 0.00405521 0.0050647 0.00602623 0.00691692 0.00772489 0.00844611 0.00908185 0.0096367
 0.000530656 0.00119633 0.00205827 0.00303499 0.00405521 0.0050647 0.00602623 0.00691692 0.00772489 0.00844611 0.00908185 0.0096367
 0.000530656 0.00119633 0.00205827 0.00303499 0.00405521 0.0050647 0.00602623 0.00691692 0.00772489 0.00844611 0.00908185 0.0096367
 0.000530656 0.00119633 0.00205827 0.00303499 0.00405521 0.0050647 0.00602623 0.00691692 0.00772489 0.00844611 0.00908185 0.0096367
 0.000530656 0.00119633 0.00205827 0.00303499 0.00405521 0.0050647 0.00602623 0.00691692 0.00772489 0.00844611 0.00908185 0.0096367
 0.000530656 0.00119633 0.00205827 0.00303499 0.00405521 0.0050647 0.00602623 0.00691692 0.00772489 0.00844611 0.00908185 0.0096367
 0.000530656 0.00119633 0.00205827 0.00303499 0.00405521 0.0050647 0.00602623 0.00691692 0.00772489 0.00844611 0.00908185 0.0096367
 0.000530656 0.00119633 0.00205827 0.00303499 0.00405521 0.0050647 0.00602623 0.00691692 0.00772489 0.00844611 0.00908185 0.0096367
 0.000530656 0.00119633 0.00205827 0.00303499 0.00405521 0.0050647 0.00602623 0.00691692 0.00772489 0.00844611 0.00908185 0.0096367
 0.000530656 0.00119633 0.00205827 0.00303499 0.00405521 0.0050647 0.00602623 0.00691692 0.00772489 0.00844611 0.00908185 0.0096367
 0.000530656 0.00119633 0.00205827 0.00303499 0.00405521 0.0050647 0.00602623 0.00691692 0.00772489 0.00844611 0.00908185 0.0096367
 0.000530656 0.00119633 0.00205827 0.00303499 0.00405521 0.0050647 0.00602623 0.00691692 0.00772489 0.00844611 0.00908185 0.0096367
 0.000530656 0.00119633 0.00205827 0.00303499 0.00405521 0.0050647 0.00602623 0.00691692 0.00772489 0.00844611 0.00908185 0.0096367
 0.000530656 0.00119633 0.00205827 0.00303499 0.00405521 0.0050647 0.00602623 0.00691692 0.00772489 0.00844611 0.00908185 0.0096367
 0.000530656 0.00119633 0.00205827 0.00303499 0.00405521 0.0050647 0.00602623 0.00691692 0.00772489 0.00844611 0.00908185 0.0096367
 0.000530656 0.00119633 0.00205827 0.00303499 0.00405521 0.0050647 0.00602623 0.00691692 0.00772489 0.00844611 0.00908185 0.0096367
 0.000530656 0.00119633 0.00205827 0.00303499 0.00405521 0.0050647 0.00602623 0.00691692 0.00772489 0.00844611 0.00908185 0.0096367
 0.000530656 0.00119633 0.00205827 0.00303499 0.00405521 0.0050647 0.00602623 0.00691692 0.00772489 0.00844611 0.00908185 0.0096367
 0.000530656 0.00119633 0.00205827 0.00303499 0.00405521 0.0050647 0.00602623 0.00691692 0.00772489 0.00844611 0.00908185 0.0096367
# nyrs_ind_age
 30
# yrs_ind_age
 1 2 3 4 5 6 7 8 9 10 11 12 13 14 15 16 17 18 19 20 21 22 23 24 25 26 27 28 29 30
# n_sample_ind_age
 200 200 200 200 200 200 200 200 200 200 200 200 200 200 200 200 200 200 200 200 200 200 200 200 200 200 200 200 200 200
# oac_ind
 0.06 0.095 0.155 0.095 0.075 0.1 0.1 0.075 0.035 0.05 0.015 0.145
 0.07 0.125 0.19 0.13 0.075 0.085 0.1 0.045 0.04 0.04 0.015 0.085
 0.035 0.145 0.17 0.155 0.1 0.115 0.04 0.03 0.035 0.045 0.045 0.085
 0.055 0.115 0.185 0.16 0.1 0.045 0.065 0.06 0.04 0.04 0.03 0.105
 0.05 0.14 0.14 0.13 0.105 0.05 0.045 0.08 0.035 0.045 0.03 0.15
 0.095 0.21 0.115 0.075 0.12 0.085 0.045 0.045 0.04 0.035 0.03 0.105
 0.075 0.14 0.2 0.1 0.105 0.095 0.07 0.03 0.045 0.03 0.01 0.1
 0.075 0.135 0.23 0.12 0.095 0.05 0.075 0.035 0.035 0.035 0.03 0.085
 0.055 0.12 0.16 0.2 0.155 0.03 0.05 0.015 0.04 0.03 0.02 0.125
 0.1 0.17 0.19 0.13 0.12 0.085 0.015 0.035 0.035 0.025 0.025 0.07
 0.105 0.14 0.11 0.12 0.105 0.095 0.105 0.03 0.04 0.045 0.02 0.085
 0.095 0.195 0.16 0.135 0.1 0.06 0.035 0.08 0.02 0.03 0.02 0.07
 0.095 0.145 0.195 0.155 0.075 0.105 0.1 0.04 0.02 0.01 0.01 0.05
 0.095 0.2 0.155 0.185 0.11 0.04 0.05 0.02 0.035 0.02 0.01 0.08
 0.08 0.195 0.17 0.14 0.115 0.08 0.05 0.035 0.05 0.035 0 0.05
 0.075 0.135 0.19 0.125 0.12 0.09 0.075 0.05 0.05 0.015 0.02 0.055
 0.075 0.195 0.175 0.13 0.115 0.1 0.065 0.045 0.025 0.025 0.015 0.035
 0.07 0.205 0.23 0.165 0.105 0.06 0.045 0.03 0.03 0.015 0.005 0.04
 0.115 0.135 0.2 0.21 0.06 0.12 0.065 0.025 0.01 0.015 0 0.045
 0.09 0.2 0.165 0.175 0.15 0.03 0.045 0.025 0.005 0.02 0.03 0.065
 0.155 0.2 0.245 0.145 0.105 0.06 0.015 0.02 0.015 0.01 0.01 0.02
 0.115 0.33 0.16 0.155 0.085 0.045 0.025 0.015 0.015 0.005 0.015 0.035
 0.09 0.305 0.22 0.095 0.045 0.07 0.065 0.02 0.03 0.01 0.005 0.045
 0.075 0.23 0.33 0.18 0.09 0.01 0.03 0.01 0.025 0.005 0.005 0.01
 0.105 0.265 0.23 0.17 0.08 0.075 0.035 0.005 0.01 0.01 0.005 0.01
 0.075 0.285 0.185 0.16 0.12 0.08 0.035 0.03 0.02 0.005 0 0.005
 0.1 0.24 0.275 0.14 0.09 0.07 0.04 0.005 0.015 0.01 0.005 0.01
 0.135 0.265 0.17 0.195 0.09 0.06 0.025 0.005 0.03 0.01 0 0.015
 0.17 0.29 0.215 0.09 0.105 0.055 0.025 0.04 0 0.005 0.005 0
 0.115 0.31 0.235 0.145 0.06 0.035 0.03 0.03 0.005 0.01 0.005 0.02
# olc_ind

# obs_lse_ind
 0.198042 0.198042 0.198042 0.198042 0.198042 0.198042 0.198042 0.198042 0.198042 0.198042 0.198042 0.198042 0.198042 0.198042 0.198042 0.198042 0.198042 0.198042 0.198042 0.198042 0.198042 0.198042 0.198042 0.198042 0.198042 0.198042 0.198042 0.198042 0.198042 0.198042
# xages_fsh
 0 0 0 0 0 0 0 0 0 0 0 0
# xages_fsh
 0 0.0909091 0.181818 0.272727 0.363636 0.454545 0.545455 0.636364 0.727273 0.818182 0.909091 1
# xnodes_fsh

Yrs fsh_sel change:  1 0 0 0 0 0 0 0 0 0 0 0 0 0 0 0 0 0 0 0 0 0 0 0 0 0 0 0 0
Yrs ind_sel change:  1 0 0 0 0 0 0 0 0 0 0 0 0 0 0 0 0 0 0 0 0 0 0 0 0 0 0 0 0
# steepnessprior
0.75
# sigmarprior
0.2
#  SSB estimated in styr endyr: -12 28 
#  Rec estimated in styr endyr: -10 30 
#  SR Curve fit  in styr endyr: 1 30 
#             Model styr endyr: 1 30 
# qprior
 3.48998e-007
# q_power_prior 
 1 
# cv_catchbiomass 
0.05 
# CatchbiomassPen 
200 
# Number of projection years 
5 
# offset_fsh
 13441.5
# offset_ind
 13073.5
Mean Catch
1275.94
R_guess 
13.8155
# nfsh
1
# n_sel_ch_fsh
 1
# nselages_fsh
 11
# phase_selcoff_fsh
 -1
logRzero 13.8155
logmeanrec 13.8155
exp(log_sigmarprior 0.2
Fish sel phase: -1 OM1
Fixing fishery sel to
1
Fixing fishery sel to
1
Srvy sel phase: -1
Fixing survey_index1 indices sel to
1
Fixing index sel to
1
# logsel_slp_in_indv
 0.693147
Leaving parameter init secton
# M
 0.2 0.2 0.2 0.2 0.2 0.2 0.2 0.2 0.2 0.2 0.2 0.2
 0.2 0.2 0.2 0.2 0.2 0.2 0.2 0.2 0.2 0.2 0.2 0.2
 0.2 0.2 0.2 0.2 0.2 0.2 0.2 0.2 0.2 0.2 0.2 0.2
 0.2 0.2 0.2 0.2 0.2 0.2 0.2 0.2 0.2 0.2 0.2 0.2
 0.2 0.2 0.2 0.2 0.2 0.2 0.2 0.2 0.2 0.2 0.2 0.2
 0.2 0.2 0.2 0.2 0.2 0.2 0.2 0.2 0.2 0.2 0.2 0.2
 0.2 0.2 0.2 0.2 0.2 0.2 0.2 0.2 0.2 0.2 0.2 0.2
 0.2 0.2 0.2 0.2 0.2 0.2 0.2 0.2 0.2 0.2 0.2 0.2
 0.2 0.2 0.2 0.2 0.2 0.2 0.2 0.2 0.2 0.2 0.2 0.2
 0.2 0.2 0.2 0.2 0.2 0.2 0.2 0.2 0.2 0.2 0.2 0.2
 0.2 0.2 0.2 0.2 0.2 0.2 0.2 0.2 0.2 0.2 0.2 0.2
 0.2 0.2 0.2 0.2 0.2 0.2 0.2 0.2 0.2 0.2 0.2 0.2
 0.2 0.2 0.2 0.2 0.2 0.2 0.2 0.2 0.2 0.2 0.2 0.2
 0.2 0.2 0.2 0.2 0.2 0.2 0.2 0.2 0.2 0.2 0.2 0.2
 0.2 0.2 0.2 0.2 0.2 0.2 0.2 0.2 0.2 0.2 0.2 0.2
 0.2 0.2 0.2 0.2 0.2 0.2 0.2 0.2 0.2 0.2 0.2 0.2
 0.2 0.2 0.2 0.2 0.2 0.2 0.2 0.2 0.2 0.2 0.2 0.2
 0.2 0.2 0.2 0.2 0.2 0.2 0.2 0.2 0.2 0.2 0.2 0.2
 0.2 0.2 0.2 0.2 0.2 0.2 0.2 0.2 0.2 0.2 0.2 0.2
 0.2 0.2 0.2 0.2 0.2 0.2 0.2 0.2 0.2 0.2 0.2 0.2
 0.2 0.2 0.2 0.2 0.2 0.2 0.2 0.2 0.2 0.2 0.2 0.2
 0.2 0.2 0.2 0.2 0.2 0.2 0.2 0.2 0.2 0.2 0.2 0.2
 0.2 0.2 0.2 0.2 0.2 0.2 0.2 0.2 0.2 0.2 0.2 0.2
 0.2 0.2 0.2 0.2 0.2 0.2 0.2 0.2 0.2 0.2 0.2 0.2
 0.2 0.2 0.2 0.2 0.2 0.2 0.2 0.2 0.2 0.2 0.2 0.2
 0.2 0.2 0.2 0.2 0.2 0.2 0.2 0.2 0.2 0.2 0.2 0.2
 0.2 0.2 0.2 0.2 0.2 0.2 0.2 0.2 0.2 0.2 0.2 0.2
 0.2 0.2 0.2 0.2 0.2 0.2 0.2 0.2 0.2 0.2 0.2 0.2
 0.2 0.2 0.2 0.2 0.2 0.2 0.2 0.2 0.2 0.2 0.2 0.2
 0.2 0.2 0.2 0.2 0.2 0.2 0.2 0.2 0.2 0.2 0.2 0.2
# mean_log_rec
13.7298
# log_Rzero
13.7844
# rec_dev
 -0.150089 -0.204509 -0.125872 0.0207804 0.123967 0.0898649 0.115347 -0.0306315 0.0899271 0.00727595 0.0687063 0.072435 0.273246 -0.0399903 -0.0555224 0.366783 0.317336 0.123087 0.177806 -0.0966163 0.157068 0.169443 -0.0327002 -0.0163043 0.0430238 -0.100193 0.0611334 0.0187725 -0.240022 -0.0921825 -0.258353 0.128616 0.0437902 -0.242728 -0.296409 -0.127878 -0.531813 -0.372468 -0.119888 -0.0220754 -0.272423
# fmort
 0.00935611 0.0274119 0.0461592 0.062397 0.0498333 0.0891213 0.0916336 0.191618 0.112233 0.136284 0.157817 0.166893 0.121102 0.175831 0.1847 0.165916 0.327274 0.27034 0.271912 0.266295 0.370515 0.267295 0.428299 0.347133 0.341869 0.309634 0.303821 0.430147 0.328284 0.493629
# rec_dev_future
 0 0 0 0 0
