AMAK;August_2013
# styr
1
# endyr
30
# rec_age
1
# oldest_age
12
# nlength
81
# len_bins
 10 11 12 13 14 15 16 17 18 19 20 21 22 23 24 25 26 27 28 29 30 31 32 33 34 35 36 37 38 39 40 41 42 43 44 45 46 47 48 49 50 51 52 53 54 55 56 57 58 59 60 61 62 63 64 65 66 67 68 69 70 71 72 73 74 75 76 77 78 79 80 81 82 83 84 85 86 87 88 89 90
# datafile_name
amak_data.dat
# model_name
OM_1
# styr
1
# endyr
30
# rec_age
1
# oldest_age
12
# nfsh
1
# fshname
OM1
# catch_bio_in
 161.169 469.33 760.781 989.141 762.449 1317.94 1276.05 2457.18 1329.64 1523.35 1626.63 1613.37 1096.91 1535.29 1500.09 1271.27 2250.27 1620.05 1445 1315.06 1623.16 1070.11 1646.31 1198.68 1125.93 969.256 922.123 1205.2 875.563 1279.7
# catch_bio_sd_in
 0.01 0.01 0.01 0.01 0.01 0.01 0.01 0.01 0.01 0.01 0.01 0.01 0.01 0.01 0.01 0.01 0.01 0.01 0.01 0.01 0.01 0.01 0.01 0.01 0.01 0.01 0.01 0.01 0.01 0.01
# nyrs_fsh_age
 30
# nyrs_fsh_length
 0
# yrs_fsh_age_in
 1 2 3 4 5 6 7 8 9 10 11 12 13 14 15 16 17 18 19 20 21 22 23 24 25 26 27 28 29 30
# yrs_fsh_length_in

# n_sample_fsh_length_in

# olc_fsh_in

# nind
1
# indname
survey_index1
# nyrs_ind
 30
# yrs_ind_in
 1 2 3 4 5 6 7 8 9 10 11 12 13 14 15 16 17 18 19 20 21 22 23 24 25 26 27 28 29 30
# mo_ind
 1
# obs_ind_in
 1.62279 1.65829 1.4489 1.50177 1.27553 1.45589 1.4139 1.63644 1.53582 1.32406 1.38992 1.1167 1.03888 1.13656 1.00942 0.798235 1.04382 0.803876 0.772027 0.701253 0.675816 0.627835 0.603345 0.62594 0.593268 0.474017 0.530091 0.565914 0.608437 0.765518
# obs_se_ind_in
 0.324557 0.331658 0.289779 0.300355 0.255106 0.291179 0.28278 0.327288 0.307164 0.264811 0.277985 0.223341 0.207776 0.227313 0.201884 0.159647 0.208764 0.160775 0.154405 0.140251 0.135163 0.125567 0.120669 0.125188 0.118654 0.0948034 0.106018 0.113183 0.121687 0.153104
# nyrs_ind_age
 30
# nyrs_ind_length
 0
# yrs_ind_age_in
 1 2 3 4 5 6 7 8 9 10 11 12 13 14 15 16 17 18 19 20 21 22 23 24 25 26 27 28 29 30
# yrs_ind_length_in

# yrs_ind_age_in
 1 2 3 4 5 6 7 8 9 10 11 12 13 14 15 16 17 18 19 20 21 22 23 24 25 26 27 28 29 30
# n_sample_ind_length_in

# olc_ind_in

# oac_ind_in
 0.055 0.145 0.175 0.12 0.09 0.095 0.045 0.045 0.055 0.035 0.035 0.105
 0.11 0.115 0.185 0.08 0.1 0.08 0.055 0.065 0.025 0.035 0.02 0.13
 0.05 0.175 0.135 0.1 0.125 0.085 0.085 0.035 0.065 0.02 0.02 0.105
 0.08 0.135 0.16 0.125 0.105 0.055 0.09 0.03 0.065 0.02 0.025 0.11
 0.11 0.11 0.14 0.12 0.105 0.095 0.07 0.04 0.01 0.055 0.035 0.11
 0.075 0.175 0.09 0.105 0.13 0.12 0.055 0.035 0.05 0.035 0.025 0.105
 0.055 0.175 0.225 0.045 0.105 0.095 0.07 0.045 0.02 0.03 0.03 0.105
 0.09 0.135 0.195 0.16 0.08 0.075 0.065 0.02 0.025 0.025 0.025 0.105
 0.05 0.15 0.135 0.155 0.12 0.075 0.06 0.05 0.04 0.025 0.035 0.105
 0.07 0.13 0.205 0.165 0.13 0.1 0.03 0.04 0.03 0.035 0.03 0.035
 0.075 0.15 0.175 0.13 0.11 0.1 0.07 0.03 0.03 0.02 0.01 0.1
 0.05 0.16 0.145 0.175 0.175 0.04 0.065 0.065 0.03 0.005 0.025 0.065
 0.12 0.145 0.16 0.145 0.12 0.065 0.06 0.07 0.05 0.015 0.01 0.04
 0.09 0.14 0.18 0.155 0.14 0.04 0.065 0.035 0.035 0.035 0 0.085
 0.085 0.155 0.16 0.19 0.125 0.085 0.065 0.03 0.03 0.02 0.02 0.035
 0.085 0.175 0.215 0.165 0.09 0.045 0.085 0.025 0.025 0.02 0.01 0.06
 0.08 0.24 0.175 0.12 0.1 0.05 0.04 0.065 0.03 0.025 0.01 0.065
 0.06 0.265 0.2 0.11 0.12 0.055 0.045 0.03 0.02 0.015 0.015 0.065
 0.125 0.145 0.27 0.145 0.1 0.075 0.02 0.01 0.04 0.025 0.005 0.04
 0.11 0.22 0.135 0.195 0.12 0.07 0.04 0.035 0.015 0.005 0.01 0.045
 0.145 0.155 0.235 0.17 0.12 0.06 0.03 0.03 0.025 0.005 0.015 0.01
 0.095 0.325 0.15 0.11 0.09 0.115 0.03 0.02 0.01 0.005 0.02 0.03
 0.095 0.26 0.3 0.11 0.075 0.045 0.02 0.025 0.02 0.015 0.015 0.02
 0.105 0.245 0.305 0.165 0.06 0.045 0.015 0.03 0.015 0.005 0.005 0.005
 0.145 0.205 0.23 0.17 0.075 0.055 0.05 0.02 0.01 0.03 0 0.01
 0.125 0.355 0.185 0.09 0.135 0.03 0.04 0.02 0.01 0.005 0 0.005
 0.16 0.22 0.23 0.135 0.125 0.05 0.02 0.005 0.025 0.01 0.005 0.015
 0.175 0.275 0.2 0.165 0.06 0.035 0.05 0.02 0.005 0 0.005 0.01
 0.175 0.23 0.19 0.125 0.12 0.05 0.035 0.015 0.015 0.025 0.015 0.005
 0.115 0.34 0.21 0.145 0.055 0.06 0.015 0.025 0.025 0.005 0 0.005
# wt_ind
 1 1 1 1 1 1 1 1 1 1 1 1
 1 1 1 1 1 1 1 1 1 1 1 1
 1 1 1 1 1 1 1 1 1 1 1 1
 1 1 1 1 1 1 1 1 1 1 1 1
 1 1 1 1 1 1 1 1 1 1 1 1
 1 1 1 1 1 1 1 1 1 1 1 1
 1 1 1 1 1 1 1 1 1 1 1 1
 1 1 1 1 1 1 1 1 1 1 1 1
 1 1 1 1 1 1 1 1 1 1 1 1
 1 1 1 1 1 1 1 1 1 1 1 1
 1 1 1 1 1 1 1 1 1 1 1 1
 1 1 1 1 1 1 1 1 1 1 1 1
 1 1 1 1 1 1 1 1 1 1 1 1
 1 1 1 1 1 1 1 1 1 1 1 1
 1 1 1 1 1 1 1 1 1 1 1 1
 1 1 1 1 1 1 1 1 1 1 1 1
 1 1 1 1 1 1 1 1 1 1 1 1
 1 1 1 1 1 1 1 1 1 1 1 1
 1 1 1 1 1 1 1 1 1 1 1 1
 1 1 1 1 1 1 1 1 1 1 1 1
 1 1 1 1 1 1 1 1 1 1 1 1
 1 1 1 1 1 1 1 1 1 1 1 1
 1 1 1 1 1 1 1 1 1 1 1 1
 1 1 1 1 1 1 1 1 1 1 1 1
 1 1 1 1 1 1 1 1 1 1 1 1
 1 1 1 1 1 1 1 1 1 1 1 1
 1 1 1 1 1 1 1 1 1 1 1 1
 1 1 1 1 1 1 1 1 1 1 1 1
 1 1 1 1 1 1 1 1 1 1 1 1
 1 1 1 1 1 1 1 1 1 1 1 1
# wt_pop
 0.000530656 0.00119633 0.00205827 0.00303499 0.00405521 0.0050647 0.00602623 0.00691692 0.00772489 0.00844611 0.00908185 0.0096367
# maturity
 0.0229774 0.320821 0.904651 0.99478 0.999739 0.999987 0.999999 1 1 1 1 1
# spawnmo
1
# age_err
 1 0 0 0 0 0 0 0 0 0 0 0
 0 1 0 0 0 0 0 0 0 0 0 0
 0 0 1 0 0 0 0 0 0 0 0 0
 0 0 0 1 0 0 0 0 0 0 0 0
 0 0 0 0 1 0 0 0 0 0 0 0
 0 0 0 0 0 1 0 0 0 0 0 0
 0 0 0 0 0 0 1 0 0 0 0 0
 0 0 0 0 0 0 0 1 0 0 0 0
 0 0 0 0 0 0 0 0 1 0 0 0
 0 0 0 0 0 0 0 0 0 1 0 0
 0 0 0 0 0 0 0 0 0 0 1 0
 0 0 0 0 0 0 0 0 0 0 0 1
# cntrlfile_name
C:\Users\bai.li\Desktop\s1_test\AMAK\s159\amak.dat
# Map shared selectivity: 
# sel_map
 1 2
 1 1
# datafile_name
amak_data.dat
# model_name
OM_1
# SrType
2
# use_age_err
0
# retro
0
# sigmarprior
0.2
# cvsigmarprior
0.25
# phase_sigmar
-3
# styr_rec_est
1
# endyr_rec_est
30
# Linfprior
80
# cvLinfprior
0.25
# kprior
0.18
# cvkprior
0.25
# Loprior
27.688
# cvLoprior
0.25
# sdageprior
0.1
# cvsdageprior
0.25
# natmortprior
0.2
# cvnatmortprior
0.25
# phase_M
-4
# npars_Mage
0
# ages_M_changes

# Mage_in

# phase_Mage
-5
# phase_rw_M
0
# npars_rw_M
0
# yrs_rw_M

# sigma_rw_M

# qprior
 3.48998e-007
# cvqprior
 1
# phase_q
 1
# q_power_prior
 1
# cvq_power_prior
 0.2
# phase_q_power
 -4
# phase_rw_q
 -1
# npars_rw_q
 0
# yrs_rw_q

# sigma_rw_q

# q_age_min
 1
# q_age_max
 12
# q_age_min
 1
# q_age_max
 12
# fsh_sel_opt(k)
2
# phase_sel_fsh(k)
-2
# n_sel_ch_fsh(k)
1
# sel_slp_in_fsh(k)(1,n_sel_ch_fsh(k))
 1
# sel_inf_in_fsh(k)(1,n_sel_ch_fsh(k))
 2
# logsel_slp_in_fsh(k)(1,n_sel_ch_fsh(k))
 0
# yrs_sel_ch_fsh(k)(1,n_sel_ch_fsh(k))
 1

Survey survey_index1
# ind_sel_opt(k)
2
# indname(k)
survey_index1
# nselages_in_ind(k)
11
# phase_sel_ind(k)
-2
# sel_change_in_ind(k)
 1 0 0 0 0 0 0 0 0 0 0 0 0 0 0 0 0 0 0 0 0 0 0 0 0 0 0 0 0 0
# n_sel_ch_ind(k)
1
# yrs_sel_ch_ind(k)(1,n_sel_ch_ind(k))
 1
# sel_slp_in_ind(k,1)
2
# sel_inf_in_ind(k,1)
1.5
# logsel_slp_in_ind(k,1)
0.693147
# logsel_slp_in_indv(k)
0.693147
survey_index1 ind sel opt 2  1 0 0 0 0 0 0 0 0 0 0 0 0 0 0 0 0 0 0 0 0 0 0 0 0 0 0 0 0 0
Phase indices Sel_Coffs:  -1
 Test: 1.23457e+008
# Fshry Selages:  11
# Srvy  Selages:  11
# Phase for age-spec fishery  -1
# Phase for logistic fishery  -2
# Phase for dble logistic fishery  -1
# Phase for age-spec indices   -1
# Phase for logistic indices   -2
# Phase for dble logistic ind  -1
# Curv_pen_fsh: 
 0
# Curv_pen_ind: 
 0
# styr_fut
31
# endyr_fut
35
# nyrs_fsh_age
 30
# nyrs_fsh_age
 30
# yrs_fsh_age
 1 2 3 4 5 6 7 8 9 10 11 12 13 14 15 16 17 18 19 20 21 22 23 24 25 26 27 28 29 30
# n_sample_fsh_age
 200 200 200 200 200 200 200 200 200 200 200 200 200 200 200 200 200 200 200 200 200 200 200 200 200 200 200 200 200 200
# oac_fsh
 0.095 0.115 0.105 0.1 0.1 0.085 0.075 0.055 0.025 0.055 0.03 0.16
 0.08 0.145 0.105 0.1 0.175 0.085 0.08 0.04 0.05 0.015 0.02 0.105
 0.07 0.1 0.165 0.105 0.095 0.09 0.08 0.045 0.035 0.04 0.035 0.14
 0.025 0.145 0.165 0.135 0.085 0.07 0.065 0.08 0.05 0.02 0.03 0.13
 0.1 0.06 0.135 0.135 0.145 0.085 0.05 0.06 0.035 0.035 0.055 0.105
 0.065 0.15 0.11 0.12 0.095 0.075 0.095 0.07 0.055 0.045 0.015 0.105
 0.05 0.12 0.195 0.065 0.1 0.13 0.045 0.075 0.025 0.04 0.02 0.135
 0.11 0.11 0.145 0.175 0.085 0.09 0.09 0.06 0.03 0.01 0.015 0.08
 0.105 0.09 0.12 0.16 0.185 0.09 0.035 0.04 0.035 0.035 0.015 0.09
 0.08 0.115 0.175 0.17 0.14 0.115 0.03 0.035 0.025 0.01 0.03 0.075
 0.09 0.16 0.085 0.185 0.095 0.09 0.085 0.03 0.035 0.03 0.04 0.075
 0.125 0.105 0.125 0.115 0.095 0.07 0.13 0.08 0.015 0.025 0.045 0.07
 0.06 0.165 0.17 0.125 0.11 0.07 0.055 0.065 0.045 0.005 0.05 0.08
 0.125 0.13 0.16 0.12 0.13 0.075 0.06 0.025 0.04 0.05 0.015 0.07
 0.1 0.19 0.155 0.125 0.115 0.075 0.065 0.075 0.01 0.015 0.025 0.05
 0.115 0.135 0.19 0.135 0.1 0.09 0.09 0.04 0.02 0.015 0.025 0.045
 0.12 0.175 0.14 0.17 0.09 0.095 0.015 0.05 0.02 0.05 0.015 0.06
 0.06 0.165 0.205 0.17 0.115 0.05 0.075 0.035 0.055 0.01 0.01 0.05
 0.155 0.105 0.195 0.2 0.085 0.085 0.055 0.02 0.02 0.02 0.01 0.05
 0.1 0.16 0.135 0.16 0.125 0.09 0.045 0.05 0.025 0.03 0.02 0.06
 0.13 0.125 0.14 0.175 0.19 0.08 0.045 0.035 0.02 0.015 0.025 0.02
 0.17 0.18 0.195 0.17 0.095 0.07 0.035 0.025 0.015 0.02 0.005 0.02
 0.14 0.17 0.25 0.145 0.085 0.045 0.045 0.04 0.03 0.015 0.01 0.025
 0.105 0.21 0.265 0.17 0.065 0.075 0.035 0.04 0.005 0.01 0.01 0.01
 0.2 0.195 0.19 0.19 0.115 0.03 0.015 0.015 0.02 0.015 0.005 0.01
 0.12 0.25 0.145 0.135 0.155 0.085 0.03 0.03 0.01 0.025 0.005 0.01
 0.2 0.18 0.24 0.115 0.1 0.08 0.045 0 0.02 0 0.01 0.01
 0.115 0.235 0.155 0.19 0.08 0.07 0.06 0.04 0.015 0.01 0.005 0.025
 0.17 0.23 0.19 0.115 0.14 0.035 0.055 0.035 0.02 0.005 0.005 0
 0.185 0.27 0.21 0.105 0.075 0.08 0.01 0.005 0.02 0.025 0.005 0.01
# olc_fsh

# wt_fsh
 0.000530656 0.00119633 0.00205827 0.00303499 0.00405521 0.0050647 0.00602623 0.00691692 0.00772489 0.00844611 0.00908185 0.0096367
 0.000530656 0.00119633 0.00205827 0.00303499 0.00405521 0.0050647 0.00602623 0.00691692 0.00772489 0.00844611 0.00908185 0.0096367
 0.000530656 0.00119633 0.00205827 0.00303499 0.00405521 0.0050647 0.00602623 0.00691692 0.00772489 0.00844611 0.00908185 0.0096367
 0.000530656 0.00119633 0.00205827 0.00303499 0.00405521 0.0050647 0.00602623 0.00691692 0.00772489 0.00844611 0.00908185 0.0096367
 0.000530656 0.00119633 0.00205827 0.00303499 0.00405521 0.0050647 0.00602623 0.00691692 0.00772489 0.00844611 0.00908185 0.0096367
 0.000530656 0.00119633 0.00205827 0.00303499 0.00405521 0.0050647 0.00602623 0.00691692 0.00772489 0.00844611 0.00908185 0.0096367
 0.000530656 0.00119633 0.00205827 0.00303499 0.00405521 0.0050647 0.00602623 0.00691692 0.00772489 0.00844611 0.00908185 0.0096367
 0.000530656 0.00119633 0.00205827 0.00303499 0.00405521 0.0050647 0.00602623 0.00691692 0.00772489 0.00844611 0.00908185 0.0096367
 0.000530656 0.00119633 0.00205827 0.00303499 0.00405521 0.0050647 0.00602623 0.00691692 0.00772489 0.00844611 0.00908185 0.0096367
 0.000530656 0.00119633 0.00205827 0.00303499 0.00405521 0.0050647 0.00602623 0.00691692 0.00772489 0.00844611 0.00908185 0.0096367
 0.000530656 0.00119633 0.00205827 0.00303499 0.00405521 0.0050647 0.00602623 0.00691692 0.00772489 0.00844611 0.00908185 0.0096367
 0.000530656 0.00119633 0.00205827 0.00303499 0.00405521 0.0050647 0.00602623 0.00691692 0.00772489 0.00844611 0.00908185 0.0096367
 0.000530656 0.00119633 0.00205827 0.00303499 0.00405521 0.0050647 0.00602623 0.00691692 0.00772489 0.00844611 0.00908185 0.0096367
 0.000530656 0.00119633 0.00205827 0.00303499 0.00405521 0.0050647 0.00602623 0.00691692 0.00772489 0.00844611 0.00908185 0.0096367
 0.000530656 0.00119633 0.00205827 0.00303499 0.00405521 0.0050647 0.00602623 0.00691692 0.00772489 0.00844611 0.00908185 0.0096367
 0.000530656 0.00119633 0.00205827 0.00303499 0.00405521 0.0050647 0.00602623 0.00691692 0.00772489 0.00844611 0.00908185 0.0096367
 0.000530656 0.00119633 0.00205827 0.00303499 0.00405521 0.0050647 0.00602623 0.00691692 0.00772489 0.00844611 0.00908185 0.0096367
 0.000530656 0.00119633 0.00205827 0.00303499 0.00405521 0.0050647 0.00602623 0.00691692 0.00772489 0.00844611 0.00908185 0.0096367
 0.000530656 0.00119633 0.00205827 0.00303499 0.00405521 0.0050647 0.00602623 0.00691692 0.00772489 0.00844611 0.00908185 0.0096367
 0.000530656 0.00119633 0.00205827 0.00303499 0.00405521 0.0050647 0.00602623 0.00691692 0.00772489 0.00844611 0.00908185 0.0096367
 0.000530656 0.00119633 0.00205827 0.00303499 0.00405521 0.0050647 0.00602623 0.00691692 0.00772489 0.00844611 0.00908185 0.0096367
 0.000530656 0.00119633 0.00205827 0.00303499 0.00405521 0.0050647 0.00602623 0.00691692 0.00772489 0.00844611 0.00908185 0.0096367
 0.000530656 0.00119633 0.00205827 0.00303499 0.00405521 0.0050647 0.00602623 0.00691692 0.00772489 0.00844611 0.00908185 0.0096367
 0.000530656 0.00119633 0.00205827 0.00303499 0.00405521 0.0050647 0.00602623 0.00691692 0.00772489 0.00844611 0.00908185 0.0096367
 0.000530656 0.00119633 0.00205827 0.00303499 0.00405521 0.0050647 0.00602623 0.00691692 0.00772489 0.00844611 0.00908185 0.0096367
 0.000530656 0.00119633 0.00205827 0.00303499 0.00405521 0.0050647 0.00602623 0.00691692 0.00772489 0.00844611 0.00908185 0.0096367
 0.000530656 0.00119633 0.00205827 0.00303499 0.00405521 0.0050647 0.00602623 0.00691692 0.00772489 0.00844611 0.00908185 0.0096367
 0.000530656 0.00119633 0.00205827 0.00303499 0.00405521 0.0050647 0.00602623 0.00691692 0.00772489 0.00844611 0.00908185 0.0096367
 0.000530656 0.00119633 0.00205827 0.00303499 0.00405521 0.0050647 0.00602623 0.00691692 0.00772489 0.00844611 0.00908185 0.0096367
 0.000530656 0.00119633 0.00205827 0.00303499 0.00405521 0.0050647 0.00602623 0.00691692 0.00772489 0.00844611 0.00908185 0.0096367
# nyrs_ind_age
 30
# yrs_ind_age
 1 2 3 4 5 6 7 8 9 10 11 12 13 14 15 16 17 18 19 20 21 22 23 24 25 26 27 28 29 30
# n_sample_ind_age
 200 200 200 200 200 200 200 200 200 200 200 200 200 200 200 200 200 200 200 200 200 200 200 200 200 200 200 200 200 200
# oac_ind
 0.055 0.145 0.175 0.12 0.09 0.095 0.045 0.045 0.055 0.035 0.035 0.105
 0.11 0.115 0.185 0.08 0.1 0.08 0.055 0.065 0.025 0.035 0.02 0.13
 0.05 0.175 0.135 0.1 0.125 0.085 0.085 0.035 0.065 0.02 0.02 0.105
 0.08 0.135 0.16 0.125 0.105 0.055 0.09 0.03 0.065 0.02 0.025 0.11
 0.11 0.11 0.14 0.12 0.105 0.095 0.07 0.04 0.01 0.055 0.035 0.11
 0.075 0.175 0.09 0.105 0.13 0.12 0.055 0.035 0.05 0.035 0.025 0.105
 0.055 0.175 0.225 0.045 0.105 0.095 0.07 0.045 0.02 0.03 0.03 0.105
 0.09 0.135 0.195 0.16 0.08 0.075 0.065 0.02 0.025 0.025 0.025 0.105
 0.05 0.15 0.135 0.155 0.12 0.075 0.06 0.05 0.04 0.025 0.035 0.105
 0.07 0.13 0.205 0.165 0.13 0.1 0.03 0.04 0.03 0.035 0.03 0.035
 0.075 0.15 0.175 0.13 0.11 0.1 0.07 0.03 0.03 0.02 0.01 0.1
 0.05 0.16 0.145 0.175 0.175 0.04 0.065 0.065 0.03 0.005 0.025 0.065
 0.12 0.145 0.16 0.145 0.12 0.065 0.06 0.07 0.05 0.015 0.01 0.04
 0.09 0.14 0.18 0.155 0.14 0.04 0.065 0.035 0.035 0.035 0 0.085
 0.085 0.155 0.16 0.19 0.125 0.085 0.065 0.03 0.03 0.02 0.02 0.035
 0.085 0.175 0.215 0.165 0.09 0.045 0.085 0.025 0.025 0.02 0.01 0.06
 0.08 0.24 0.175 0.12 0.1 0.05 0.04 0.065 0.03 0.025 0.01 0.065
 0.06 0.265 0.2 0.11 0.12 0.055 0.045 0.03 0.02 0.015 0.015 0.065
 0.125 0.145 0.27 0.145 0.1 0.075 0.02 0.01 0.04 0.025 0.005 0.04
 0.11 0.22 0.135 0.195 0.12 0.07 0.04 0.035 0.015 0.005 0.01 0.045
 0.145 0.155 0.235 0.17 0.12 0.06 0.03 0.03 0.025 0.005 0.015 0.01
 0.095 0.325 0.15 0.11 0.09 0.115 0.03 0.02 0.01 0.005 0.02 0.03
 0.095 0.26 0.3 0.11 0.075 0.045 0.02 0.025 0.02 0.015 0.015 0.02
 0.105 0.245 0.305 0.165 0.06 0.045 0.015 0.03 0.015 0.005 0.005 0.005
 0.145 0.205 0.23 0.17 0.075 0.055 0.05 0.02 0.01 0.03 0 0.01
 0.125 0.355 0.185 0.09 0.135 0.03 0.04 0.02 0.01 0.005 0 0.005
 0.16 0.22 0.23 0.135 0.125 0.05 0.02 0.005 0.025 0.01 0.005 0.015
 0.175 0.275 0.2 0.165 0.06 0.035 0.05 0.02 0.005 0 0.005 0.01
 0.175 0.23 0.19 0.125 0.12 0.05 0.035 0.015 0.015 0.025 0.015 0.005
 0.115 0.34 0.21 0.145 0.055 0.06 0.015 0.025 0.025 0.005 0 0.005
# olc_ind

# obs_lse_ind
 0.198042 0.198042 0.198042 0.198042 0.198042 0.198042 0.198042 0.198042 0.198042 0.198042 0.198042 0.198042 0.198042 0.198042 0.198042 0.198042 0.198042 0.198042 0.198042 0.198042 0.198042 0.198042 0.198042 0.198042 0.198042 0.198042 0.198042 0.198042 0.198042 0.198042
# xages_fsh
 0 0 0 0 0 0 0 0 0 0 0 0
# xages_fsh
 0 0.0909091 0.181818 0.272727 0.363636 0.454545 0.545455 0.636364 0.727273 0.818182 0.909091 1
# xnodes_fsh

Yrs fsh_sel change:  1 0 0 0 0 0 0 0 0 0 0 0 0 0 0 0 0 0 0 0 0 0 0 0 0 0 0 0 0
Yrs ind_sel change:  1 0 0 0 0 0 0 0 0 0 0 0 0 0 0 0 0 0 0 0 0 0 0 0 0 0 0 0 0
# steepnessprior
0.75
# sigmarprior
0.2
#  SSB estimated in styr endyr: -12 28 
#  Rec estimated in styr endyr: -10 30 
#  SR Curve fit  in styr endyr: 1 30 
#             Model styr endyr: 1 30 
# qprior
 3.48998e-007
# q_power_prior 
 1 
# cv_catchbiomass 
0.05 
# CatchbiomassPen 
200 
# Number of projection years 
5 
# offset_fsh
 13440.3
# offset_ind
 13074.6
Mean Catch
1274.57
R_guess 
13.8155
# nfsh
1
# n_sel_ch_fsh
 1
# nselages_fsh
 11
# phase_selcoff_fsh
 -1
logRzero 13.8155
logmeanrec 13.8155
exp(log_sigmarprior 0.2
Fish sel phase: -1 OM1
Fixing fishery sel to
1
Fixing fishery sel to
1
Srvy sel phase: -1
Fixing survey_index1 indices sel to
1
Fixing index sel to
1
# logsel_slp_in_indv
 0.693147
Leaving parameter init secton
# M
 0.2 0.2 0.2 0.2 0.2 0.2 0.2 0.2 0.2 0.2 0.2 0.2
 0.2 0.2 0.2 0.2 0.2 0.2 0.2 0.2 0.2 0.2 0.2 0.2
 0.2 0.2 0.2 0.2 0.2 0.2 0.2 0.2 0.2 0.2 0.2 0.2
 0.2 0.2 0.2 0.2 0.2 0.2 0.2 0.2 0.2 0.2 0.2 0.2
 0.2 0.2 0.2 0.2 0.2 0.2 0.2 0.2 0.2 0.2 0.2 0.2
 0.2 0.2 0.2 0.2 0.2 0.2 0.2 0.2 0.2 0.2 0.2 0.2
 0.2 0.2 0.2 0.2 0.2 0.2 0.2 0.2 0.2 0.2 0.2 0.2
 0.2 0.2 0.2 0.2 0.2 0.2 0.2 0.2 0.2 0.2 0.2 0.2
 0.2 0.2 0.2 0.2 0.2 0.2 0.2 0.2 0.2 0.2 0.2 0.2
 0.2 0.2 0.2 0.2 0.2 0.2 0.2 0.2 0.2 0.2 0.2 0.2
 0.2 0.2 0.2 0.2 0.2 0.2 0.2 0.2 0.2 0.2 0.2 0.2
 0.2 0.2 0.2 0.2 0.2 0.2 0.2 0.2 0.2 0.2 0.2 0.2
 0.2 0.2 0.2 0.2 0.2 0.2 0.2 0.2 0.2 0.2 0.2 0.2
 0.2 0.2 0.2 0.2 0.2 0.2 0.2 0.2 0.2 0.2 0.2 0.2
 0.2 0.2 0.2 0.2 0.2 0.2 0.2 0.2 0.2 0.2 0.2 0.2
 0.2 0.2 0.2 0.2 0.2 0.2 0.2 0.2 0.2 0.2 0.2 0.2
 0.2 0.2 0.2 0.2 0.2 0.2 0.2 0.2 0.2 0.2 0.2 0.2
 0.2 0.2 0.2 0.2 0.2 0.2 0.2 0.2 0.2 0.2 0.2 0.2
 0.2 0.2 0.2 0.2 0.2 0.2 0.2 0.2 0.2 0.2 0.2 0.2
 0.2 0.2 0.2 0.2 0.2 0.2 0.2 0.2 0.2 0.2 0.2 0.2
 0.2 0.2 0.2 0.2 0.2 0.2 0.2 0.2 0.2 0.2 0.2 0.2
 0.2 0.2 0.2 0.2 0.2 0.2 0.2 0.2 0.2 0.2 0.2 0.2
 0.2 0.2 0.2 0.2 0.2 0.2 0.2 0.2 0.2 0.2 0.2 0.2
 0.2 0.2 0.2 0.2 0.2 0.2 0.2 0.2 0.2 0.2 0.2 0.2
 0.2 0.2 0.2 0.2 0.2 0.2 0.2 0.2 0.2 0.2 0.2 0.2
 0.2 0.2 0.2 0.2 0.2 0.2 0.2 0.2 0.2 0.2 0.2 0.2
 0.2 0.2 0.2 0.2 0.2 0.2 0.2 0.2 0.2 0.2 0.2 0.2
 0.2 0.2 0.2 0.2 0.2 0.2 0.2 0.2 0.2 0.2 0.2 0.2
 0.2 0.2 0.2 0.2 0.2 0.2 0.2 0.2 0.2 0.2 0.2 0.2
 0.2 0.2 0.2 0.2 0.2 0.2 0.2 0.2 0.2 0.2 0.2 0.2
# mean_log_rec
13.7318
# log_Rzero
13.8146
# rec_dev
 -0.115726 -0.0553245 -0.0489036 -0.126076 -0.0943239 0.00139384 0.0534382 0.0246516 0.132846 -0.0335253 0.118558 0.170283 0.265848 0.105932 -0.211286 0.475209 0.334141 0.0432013 0.21233 -0.0106715 0.113424 -0.0152769 -0.00780567 -0.0707117 0.0692812 -0.0701238 0.0812697 0.141234 -0.322133 -0.11723 -0.330905 0.0419933 0.0558204 -0.180428 -0.406067 -0.00587714 -0.367951 -0.156185 -0.153307 0.0763839 -0.101522
# fmort
 0.00947802 0.0278131 0.0459583 0.0617324 0.0490913 0.0879749 0.0889795 0.185246 0.109205 0.132219 0.151606 0.162908 0.117538 0.174062 0.183965 0.165773 0.326353 0.26975 0.264195 0.262221 0.363501 0.261931 0.436023 0.351954 0.349621 0.311291 0.29634 0.399582 0.294281 0.430549
# rec_dev_future
 0 0 0 0 0
