AMAK;August_2013
# styr
1
# endyr
30
# rec_age
1
# oldest_age
12
# nlength
81
# len_bins
 10 11 12 13 14 15 16 17 18 19 20 21 22 23 24 25 26 27 28 29 30 31 32 33 34 35 36 37 38 39 40 41 42 43 44 45 46 47 48 49 50 51 52 53 54 55 56 57 58 59 60 61 62 63 64 65 66 67 68 69 70 71 72 73 74 75 76 77 78 79 80 81 82 83 84 85 86 87 88 89 90
# datafile_name
amak_data.dat
# model_name
OM_1
# styr
1
# endyr
30
# rec_age
1
# oldest_age
12
# nfsh
1
# fshname
OM1
# catch_bio_in
 161.462 466.135 754.236 997.251 771.6 1318.59 1278.95 2492.8 1332.22 1523.83 1610.03 1623.1 1112.35 1519.19 1510.08 1275.25 2237.66 1622.86 1462.84 1299.06 1609.92 1080.14 1620.84 1193.59 1128.12 977.152 920.694 1213.82 878.942 1271.56
# catch_bio_sd_in
 0.01 0.01 0.01 0.01 0.01 0.01 0.01 0.01 0.01 0.01 0.01 0.01 0.01 0.01 0.01 0.01 0.01 0.01 0.01 0.01 0.01 0.01 0.01 0.01 0.01 0.01 0.01 0.01 0.01 0.01
# nyrs_fsh_age
 30
# nyrs_fsh_length
 0
# yrs_fsh_age_in
 1 2 3 4 5 6 7 8 9 10 11 12 13 14 15 16 17 18 19 20 21 22 23 24 25 26 27 28 29 30
# yrs_fsh_length_in

# n_sample_fsh_length_in

# olc_fsh_in

# nind
1
# indname
survey_index1
# nyrs_ind
 30
# yrs_ind_in
 1 2 3 4 5 6 7 8 9 10 11 12 13 14 15 16 17 18 19 20 21 22 23 24 25 26 27 28 29 30
# mo_ind
 1
# obs_ind_in
 1.60813 1.30705 1.76525 1.42016 1.44925 1.30313 1.59099 1.51854 1.36584 1.22861 1.21729 1.02429 1.03532 1.03081 0.802893 0.956267 0.882718 0.800078 0.732161 0.869025 0.541149 0.64955 0.862545 0.576227 0.653412 0.619334 0.4903 0.57089 0.471795 0.53809
# obs_se_ind_in
 0.321625 0.26141 0.353049 0.284033 0.289851 0.260627 0.318199 0.303708 0.273169 0.245721 0.243457 0.204858 0.207064 0.206162 0.160579 0.191253 0.176544 0.160016 0.146432 0.173805 0.10823 0.12991 0.172509 0.115245 0.130682 0.123867 0.09806 0.114178 0.094359 0.107618
# nyrs_ind_age
 30
# nyrs_ind_length
 0
# yrs_ind_age_in
 1 2 3 4 5 6 7 8 9 10 11 12 13 14 15 16 17 18 19 20 21 22 23 24 25 26 27 28 29 30
# yrs_ind_length_in

# yrs_ind_age_in
 1 2 3 4 5 6 7 8 9 10 11 12 13 14 15 16 17 18 19 20 21 22 23 24 25 26 27 28 29 30
# n_sample_ind_length_in

# olc_ind_in

# oac_ind_in
 0.04 0.155 0.115 0.15 0.15 0.065 0.08 0.035 0.05 0.045 0.01 0.105
 0.07 0.12 0.15 0.105 0.14 0.085 0.06 0.05 0.045 0.025 0.03 0.12
 0.08 0.225 0.085 0.115 0.08 0.075 0.06 0.05 0.045 0.035 0.03 0.12
 0.07 0.13 0.17 0.13 0.095 0.045 0.08 0.025 0.05 0.035 0.045 0.125
 0.1 0.075 0.13 0.13 0.085 0.1 0.08 0.035 0.045 0.04 0.035 0.145
 0.105 0.22 0.1 0.145 0.085 0.065 0.04 0.025 0.06 0.025 0.025 0.105
 0.045 0.175 0.21 0.095 0.135 0.09 0.07 0.02 0.03 0.04 0.025 0.065
 0.045 0.17 0.215 0.185 0.065 0.075 0.06 0.03 0.03 0.02 0.015 0.09
 0.05 0.235 0.155 0.2 0.055 0.04 0.035 0.055 0.04 0.015 0.02 0.1
 0.11 0.155 0.18 0.115 0.115 0.105 0.035 0.01 0.05 0.005 0.015 0.105
 0.07 0.195 0.155 0.145 0.105 0.095 0.07 0.04 0.02 0.03 0.02 0.055
 0.06 0.145 0.195 0.125 0.155 0.065 0.055 0.055 0.02 0.015 0.025 0.085
 0.065 0.18 0.15 0.195 0.105 0.06 0.045 0.065 0.025 0.02 0.02 0.07
 0.12 0.17 0.12 0.18 0.1 0.05 0.065 0.035 0.04 0.03 0.005 0.085
 0.055 0.215 0.195 0.12 0.12 0.07 0.065 0.05 0.025 0.02 0.015 0.05
 0.085 0.21 0.22 0.13 0.055 0.1 0.07 0.035 0.02 0.01 0.015 0.05
 0.1 0.21 0.22 0.15 0.06 0.06 0.07 0.045 0.025 0.02 0 0.04
 0.055 0.215 0.23 0.18 0.11 0.06 0.035 0.035 0.025 0.015 0.005 0.035
 0.05 0.18 0.3 0.17 0.08 0.06 0.03 0.025 0.025 0.03 0.015 0.035
 0.055 0.22 0.18 0.2 0.1 0.055 0.06 0.045 0.025 0.025 0.02 0.015
 0.125 0.16 0.185 0.14 0.125 0.11 0.04 0.03 0.01 0.025 0.015 0.035
 0.115 0.295 0.18 0.13 0.075 0.075 0.055 0.03 0.02 0.005 0 0.02
 0.11 0.255 0.24 0.085 0.085 0.05 0.06 0.04 0.035 0.025 0 0.015
 0.08 0.175 0.295 0.19 0.09 0.08 0.02 0.01 0.01 0.03 0.01 0.01
 0.12 0.245 0.2 0.17 0.12 0.05 0.04 0.03 0.01 0.005 0 0.01
 0.105 0.335 0.195 0.17 0.075 0.055 0.02 0.015 0 0.01 0.005 0.015
 0.12 0.205 0.3 0.18 0.065 0.05 0.03 0.01 0.02 0.005 0.005 0.01
 0.135 0.25 0.195 0.18 0.075 0.04 0.06 0.015 0.015 0.005 0.015 0.015
 0.12 0.34 0.215 0.115 0.09 0.03 0.025 0.045 0.005 0 0.005 0.01
 0.095 0.32 0.275 0.145 0.07 0.03 0.02 0.015 0.01 0.015 0.005 0
# wt_ind
 1 1 1 1 1 1 1 1 1 1 1 1
 1 1 1 1 1 1 1 1 1 1 1 1
 1 1 1 1 1 1 1 1 1 1 1 1
 1 1 1 1 1 1 1 1 1 1 1 1
 1 1 1 1 1 1 1 1 1 1 1 1
 1 1 1 1 1 1 1 1 1 1 1 1
 1 1 1 1 1 1 1 1 1 1 1 1
 1 1 1 1 1 1 1 1 1 1 1 1
 1 1 1 1 1 1 1 1 1 1 1 1
 1 1 1 1 1 1 1 1 1 1 1 1
 1 1 1 1 1 1 1 1 1 1 1 1
 1 1 1 1 1 1 1 1 1 1 1 1
 1 1 1 1 1 1 1 1 1 1 1 1
 1 1 1 1 1 1 1 1 1 1 1 1
 1 1 1 1 1 1 1 1 1 1 1 1
 1 1 1 1 1 1 1 1 1 1 1 1
 1 1 1 1 1 1 1 1 1 1 1 1
 1 1 1 1 1 1 1 1 1 1 1 1
 1 1 1 1 1 1 1 1 1 1 1 1
 1 1 1 1 1 1 1 1 1 1 1 1
 1 1 1 1 1 1 1 1 1 1 1 1
 1 1 1 1 1 1 1 1 1 1 1 1
 1 1 1 1 1 1 1 1 1 1 1 1
 1 1 1 1 1 1 1 1 1 1 1 1
 1 1 1 1 1 1 1 1 1 1 1 1
 1 1 1 1 1 1 1 1 1 1 1 1
 1 1 1 1 1 1 1 1 1 1 1 1
 1 1 1 1 1 1 1 1 1 1 1 1
 1 1 1 1 1 1 1 1 1 1 1 1
 1 1 1 1 1 1 1 1 1 1 1 1
# wt_pop
 0.000530656 0.00119633 0.00205827 0.00303499 0.00405521 0.0050647 0.00602623 0.00691692 0.00772489 0.00844611 0.00908185 0.0096367
# maturity
 0.0229774 0.320821 0.904651 0.99478 0.999739 0.999987 0.999999 1 1 1 1 1
# spawnmo
1
# age_err
 1 0 0 0 0 0 0 0 0 0 0 0
 0 1 0 0 0 0 0 0 0 0 0 0
 0 0 1 0 0 0 0 0 0 0 0 0
 0 0 0 1 0 0 0 0 0 0 0 0
 0 0 0 0 1 0 0 0 0 0 0 0
 0 0 0 0 0 1 0 0 0 0 0 0
 0 0 0 0 0 0 1 0 0 0 0 0
 0 0 0 0 0 0 0 1 0 0 0 0
 0 0 0 0 0 0 0 0 1 0 0 0
 0 0 0 0 0 0 0 0 0 1 0 0
 0 0 0 0 0 0 0 0 0 0 1 0
 0 0 0 0 0 0 0 0 0 0 0 1
# cntrlfile_name
C:\Users\bai.li\Desktop\s1_test\AMAK\s42\amak.dat
# Map shared selectivity: 
# sel_map
 1 2
 1 1
# datafile_name
amak_data.dat
# model_name
OM_1
# SrType
2
# use_age_err
0
# retro
0
# sigmarprior
0.2
# cvsigmarprior
0.25
# phase_sigmar
-3
# styr_rec_est
1
# endyr_rec_est
30
# Linfprior
80
# cvLinfprior
0.25
# kprior
0.18
# cvkprior
0.25
# Loprior
27.688
# cvLoprior
0.25
# sdageprior
0.1
# cvsdageprior
0.25
# natmortprior
0.2
# cvnatmortprior
0.25
# phase_M
-4
# npars_Mage
0
# ages_M_changes

# Mage_in

# phase_Mage
-5
# phase_rw_M
0
# npars_rw_M
0
# yrs_rw_M

# sigma_rw_M

# qprior
 3.48998e-007
# cvqprior
 1
# phase_q
 1
# q_power_prior
 1
# cvq_power_prior
 0.2
# phase_q_power
 -4
# phase_rw_q
 -1
# npars_rw_q
 0
# yrs_rw_q

# sigma_rw_q

# q_age_min
 1
# q_age_max
 12
# q_age_min
 1
# q_age_max
 12
# fsh_sel_opt(k)
2
# phase_sel_fsh(k)
-2
# n_sel_ch_fsh(k)
1
# sel_slp_in_fsh(k)(1,n_sel_ch_fsh(k))
 1
# sel_inf_in_fsh(k)(1,n_sel_ch_fsh(k))
 2
# logsel_slp_in_fsh(k)(1,n_sel_ch_fsh(k))
 0
# yrs_sel_ch_fsh(k)(1,n_sel_ch_fsh(k))
 1

Survey survey_index1
# ind_sel_opt(k)
2
# indname(k)
survey_index1
# nselages_in_ind(k)
11
# phase_sel_ind(k)
-2
# sel_change_in_ind(k)
 1 0 0 0 0 0 0 0 0 0 0 0 0 0 0 0 0 0 0 0 0 0 0 0 0 0 0 0 0 0
# n_sel_ch_ind(k)
1
# yrs_sel_ch_ind(k)(1,n_sel_ch_ind(k))
 1
# sel_slp_in_ind(k,1)
2
# sel_inf_in_ind(k,1)
1.5
# logsel_slp_in_ind(k,1)
0.693147
# logsel_slp_in_indv(k)
0.693147
survey_index1 ind sel opt 2  1 0 0 0 0 0 0 0 0 0 0 0 0 0 0 0 0 0 0 0 0 0 0 0 0 0 0 0 0 0
Phase indices Sel_Coffs:  -1
 Test: 1.23457e+008
# Fshry Selages:  11
# Srvy  Selages:  11
# Phase for age-spec fishery  -1
# Phase for logistic fishery  -2
# Phase for dble logistic fishery  -1
# Phase for age-spec indices   -1
# Phase for logistic indices   -2
# Phase for dble logistic ind  -1
# Curv_pen_fsh: 
 0
# Curv_pen_ind: 
 0
# styr_fut
31
# endyr_fut
35
# nyrs_fsh_age
 30
# nyrs_fsh_age
 30
# yrs_fsh_age
 1 2 3 4 5 6 7 8 9 10 11 12 13 14 15 16 17 18 19 20 21 22 23 24 25 26 27 28 29 30
# n_sample_fsh_age
 200 200 200 200 200 200 200 200 200 200 200 200 200 200 200 200 200 200 200 200 200 200 200 200 200 200 200 200 200 200
# oac_fsh
 0.1 0.1 0.12 0.13 0.1 0.115 0.09 0.07 0.02 0.035 0.03 0.09
 0.115 0.075 0.1 0.11 0.1 0.115 0.07 0.08 0.05 0.045 0.045 0.095
 0.06 0.135 0.115 0.13 0.12 0.07 0.05 0.08 0.035 0.03 0.02 0.155
 0.07 0.11 0.135 0.14 0.08 0.065 0.085 0.05 0.06 0.02 0.04 0.145
 0.09 0.05 0.13 0.15 0.1 0.095 0.08 0.06 0.05 0.055 0.015 0.125
 0.07 0.115 0.065 0.1 0.165 0.075 0.08 0.055 0.05 0.03 0.035 0.16
 0.075 0.18 0.185 0.085 0.08 0.055 0.065 0.04 0.035 0.045 0.02 0.135
 0.07 0.085 0.18 0.19 0.06 0.1 0.045 0.05 0.05 0.03 0.035 0.105
 0.05 0.16 0.155 0.155 0.145 0.075 0.055 0.045 0.035 0.025 0.03 0.07
 0.09 0.09 0.16 0.125 0.1 0.145 0.065 0.06 0.035 0.02 0.04 0.07
 0.085 0.12 0.12 0.16 0.1 0.08 0.06 0.055 0.03 0.045 0.04 0.105
 0.12 0.15 0.165 0.13 0.065 0.055 0.065 0.075 0.03 0.03 0.025 0.09
 0.08 0.13 0.17 0.15 0.095 0.11 0.04 0.05 0.045 0.035 0.02 0.075
 0.08 0.17 0.16 0.105 0.1 0.105 0.06 0.02 0.06 0.03 0.01 0.1
 0.095 0.19 0.175 0.12 0.105 0.09 0.05 0.045 0.03 0.025 0.02 0.055
 0.1 0.145 0.2 0.115 0.125 0.08 0.05 0.04 0.035 0.025 0.03 0.055
 0.105 0.185 0.14 0.175 0.125 0.05 0.055 0.045 0.03 0.04 0.01 0.04
 0.09 0.195 0.2 0.135 0.13 0.06 0.02 0.055 0.04 0.01 0.015 0.05
 0.105 0.125 0.225 0.175 0.085 0.085 0.05 0.015 0.03 0.025 0.025 0.055
 0.15 0.165 0.135 0.175 0.1 0.105 0.055 0.035 0.025 0.015 0.015 0.025
 0.185 0.13 0.2 0.09 0.155 0.085 0.055 0.035 0.025 0.005 0 0.035
 0.165 0.245 0.135 0.15 0.095 0.06 0.035 0.045 0.035 0.015 0.01 0.01
 0.145 0.22 0.23 0.11 0.095 0.04 0.055 0.04 0.03 0.02 0.005 0.01
 0.145 0.145 0.21 0.21 0.095 0.06 0.03 0.025 0.025 0.01 0.015 0.03
 0.15 0.155 0.155 0.18 0.18 0.07 0.035 0.01 0.03 0.015 0.01 0.01
 0.12 0.26 0.16 0.15 0.12 0.07 0.06 0.03 0 0.005 0.02 0.005
 0.125 0.195 0.22 0.2 0.08 0.08 0.05 0.025 0.005 0.005 0.005 0.01
 0.175 0.225 0.195 0.155 0.1 0.06 0.045 0.025 0.005 0.005 0 0.01
 0.195 0.29 0.18 0.125 0.09 0.035 0.045 0.025 0.005 0 0.005 0.005
 0.19 0.19 0.24 0.15 0.085 0.065 0.02 0.015 0.02 0.01 0 0.015
# olc_fsh

# wt_fsh
 0.000530656 0.00119633 0.00205827 0.00303499 0.00405521 0.0050647 0.00602623 0.00691692 0.00772489 0.00844611 0.00908185 0.0096367
 0.000530656 0.00119633 0.00205827 0.00303499 0.00405521 0.0050647 0.00602623 0.00691692 0.00772489 0.00844611 0.00908185 0.0096367
 0.000530656 0.00119633 0.00205827 0.00303499 0.00405521 0.0050647 0.00602623 0.00691692 0.00772489 0.00844611 0.00908185 0.0096367
 0.000530656 0.00119633 0.00205827 0.00303499 0.00405521 0.0050647 0.00602623 0.00691692 0.00772489 0.00844611 0.00908185 0.0096367
 0.000530656 0.00119633 0.00205827 0.00303499 0.00405521 0.0050647 0.00602623 0.00691692 0.00772489 0.00844611 0.00908185 0.0096367
 0.000530656 0.00119633 0.00205827 0.00303499 0.00405521 0.0050647 0.00602623 0.00691692 0.00772489 0.00844611 0.00908185 0.0096367
 0.000530656 0.00119633 0.00205827 0.00303499 0.00405521 0.0050647 0.00602623 0.00691692 0.00772489 0.00844611 0.00908185 0.0096367
 0.000530656 0.00119633 0.00205827 0.00303499 0.00405521 0.0050647 0.00602623 0.00691692 0.00772489 0.00844611 0.00908185 0.0096367
 0.000530656 0.00119633 0.00205827 0.00303499 0.00405521 0.0050647 0.00602623 0.00691692 0.00772489 0.00844611 0.00908185 0.0096367
 0.000530656 0.00119633 0.00205827 0.00303499 0.00405521 0.0050647 0.00602623 0.00691692 0.00772489 0.00844611 0.00908185 0.0096367
 0.000530656 0.00119633 0.00205827 0.00303499 0.00405521 0.0050647 0.00602623 0.00691692 0.00772489 0.00844611 0.00908185 0.0096367
 0.000530656 0.00119633 0.00205827 0.00303499 0.00405521 0.0050647 0.00602623 0.00691692 0.00772489 0.00844611 0.00908185 0.0096367
 0.000530656 0.00119633 0.00205827 0.00303499 0.00405521 0.0050647 0.00602623 0.00691692 0.00772489 0.00844611 0.00908185 0.0096367
 0.000530656 0.00119633 0.00205827 0.00303499 0.00405521 0.0050647 0.00602623 0.00691692 0.00772489 0.00844611 0.00908185 0.0096367
 0.000530656 0.00119633 0.00205827 0.00303499 0.00405521 0.0050647 0.00602623 0.00691692 0.00772489 0.00844611 0.00908185 0.0096367
 0.000530656 0.00119633 0.00205827 0.00303499 0.00405521 0.0050647 0.00602623 0.00691692 0.00772489 0.00844611 0.00908185 0.0096367
 0.000530656 0.00119633 0.00205827 0.00303499 0.00405521 0.0050647 0.00602623 0.00691692 0.00772489 0.00844611 0.00908185 0.0096367
 0.000530656 0.00119633 0.00205827 0.00303499 0.00405521 0.0050647 0.00602623 0.00691692 0.00772489 0.00844611 0.00908185 0.0096367
 0.000530656 0.00119633 0.00205827 0.00303499 0.00405521 0.0050647 0.00602623 0.00691692 0.00772489 0.00844611 0.00908185 0.0096367
 0.000530656 0.00119633 0.00205827 0.00303499 0.00405521 0.0050647 0.00602623 0.00691692 0.00772489 0.00844611 0.00908185 0.0096367
 0.000530656 0.00119633 0.00205827 0.00303499 0.00405521 0.0050647 0.00602623 0.00691692 0.00772489 0.00844611 0.00908185 0.0096367
 0.000530656 0.00119633 0.00205827 0.00303499 0.00405521 0.0050647 0.00602623 0.00691692 0.00772489 0.00844611 0.00908185 0.0096367
 0.000530656 0.00119633 0.00205827 0.00303499 0.00405521 0.0050647 0.00602623 0.00691692 0.00772489 0.00844611 0.00908185 0.0096367
 0.000530656 0.00119633 0.00205827 0.00303499 0.00405521 0.0050647 0.00602623 0.00691692 0.00772489 0.00844611 0.00908185 0.0096367
 0.000530656 0.00119633 0.00205827 0.00303499 0.00405521 0.0050647 0.00602623 0.00691692 0.00772489 0.00844611 0.00908185 0.0096367
 0.000530656 0.00119633 0.00205827 0.00303499 0.00405521 0.0050647 0.00602623 0.00691692 0.00772489 0.00844611 0.00908185 0.0096367
 0.000530656 0.00119633 0.00205827 0.00303499 0.00405521 0.0050647 0.00602623 0.00691692 0.00772489 0.00844611 0.00908185 0.0096367
 0.000530656 0.00119633 0.00205827 0.00303499 0.00405521 0.0050647 0.00602623 0.00691692 0.00772489 0.00844611 0.00908185 0.0096367
 0.000530656 0.00119633 0.00205827 0.00303499 0.00405521 0.0050647 0.00602623 0.00691692 0.00772489 0.00844611 0.00908185 0.0096367
 0.000530656 0.00119633 0.00205827 0.00303499 0.00405521 0.0050647 0.00602623 0.00691692 0.00772489 0.00844611 0.00908185 0.0096367
# nyrs_ind_age
 30
# yrs_ind_age
 1 2 3 4 5 6 7 8 9 10 11 12 13 14 15 16 17 18 19 20 21 22 23 24 25 26 27 28 29 30
# n_sample_ind_age
 200 200 200 200 200 200 200 200 200 200 200 200 200 200 200 200 200 200 200 200 200 200 200 200 200 200 200 200 200 200
# oac_ind
 0.04 0.155 0.115 0.15 0.15 0.065 0.08 0.035 0.05 0.045 0.01 0.105
 0.07 0.12 0.15 0.105 0.14 0.085 0.06 0.05 0.045 0.025 0.03 0.12
 0.08 0.225 0.085 0.115 0.08 0.075 0.06 0.05 0.045 0.035 0.03 0.12
 0.07 0.13 0.17 0.13 0.095 0.045 0.08 0.025 0.05 0.035 0.045 0.125
 0.1 0.075 0.13 0.13 0.085 0.1 0.08 0.035 0.045 0.04 0.035 0.145
 0.105 0.22 0.1 0.145 0.085 0.065 0.04 0.025 0.06 0.025 0.025 0.105
 0.045 0.175 0.21 0.095 0.135 0.09 0.07 0.02 0.03 0.04 0.025 0.065
 0.045 0.17 0.215 0.185 0.065 0.075 0.06 0.03 0.03 0.02 0.015 0.09
 0.05 0.235 0.155 0.2 0.055 0.04 0.035 0.055 0.04 0.015 0.02 0.1
 0.11 0.155 0.18 0.115 0.115 0.105 0.035 0.01 0.05 0.005 0.015 0.105
 0.07 0.195 0.155 0.145 0.105 0.095 0.07 0.04 0.02 0.03 0.02 0.055
 0.06 0.145 0.195 0.125 0.155 0.065 0.055 0.055 0.02 0.015 0.025 0.085
 0.065 0.18 0.15 0.195 0.105 0.06 0.045 0.065 0.025 0.02 0.02 0.07
 0.12 0.17 0.12 0.18 0.1 0.05 0.065 0.035 0.04 0.03 0.005 0.085
 0.055 0.215 0.195 0.12 0.12 0.07 0.065 0.05 0.025 0.02 0.015 0.05
 0.085 0.21 0.22 0.13 0.055 0.1 0.07 0.035 0.02 0.01 0.015 0.05
 0.1 0.21 0.22 0.15 0.06 0.06 0.07 0.045 0.025 0.02 0 0.04
 0.055 0.215 0.23 0.18 0.11 0.06 0.035 0.035 0.025 0.015 0.005 0.035
 0.05 0.18 0.3 0.17 0.08 0.06 0.03 0.025 0.025 0.03 0.015 0.035
 0.055 0.22 0.18 0.2 0.1 0.055 0.06 0.045 0.025 0.025 0.02 0.015
 0.125 0.16 0.185 0.14 0.125 0.11 0.04 0.03 0.01 0.025 0.015 0.035
 0.115 0.295 0.18 0.13 0.075 0.075 0.055 0.03 0.02 0.005 0 0.02
 0.11 0.255 0.24 0.085 0.085 0.05 0.06 0.04 0.035 0.025 0 0.015
 0.08 0.175 0.295 0.19 0.09 0.08 0.02 0.01 0.01 0.03 0.01 0.01
 0.12 0.245 0.2 0.17 0.12 0.05 0.04 0.03 0.01 0.005 0 0.01
 0.105 0.335 0.195 0.17 0.075 0.055 0.02 0.015 0 0.01 0.005 0.015
 0.12 0.205 0.3 0.18 0.065 0.05 0.03 0.01 0.02 0.005 0.005 0.01
 0.135 0.25 0.195 0.18 0.075 0.04 0.06 0.015 0.015 0.005 0.015 0.015
 0.12 0.34 0.215 0.115 0.09 0.03 0.025 0.045 0.005 0 0.005 0.01
 0.095 0.32 0.275 0.145 0.07 0.03 0.02 0.015 0.01 0.015 0.005 0
# olc_ind

# obs_lse_ind
 0.198042 0.198042 0.198042 0.198042 0.198042 0.198042 0.198042 0.198042 0.198042 0.198042 0.198042 0.198042 0.198042 0.198042 0.198042 0.198042 0.198042 0.198042 0.198042 0.198042 0.198042 0.198042 0.198042 0.198042 0.198042 0.198042 0.198042 0.198042 0.198042 0.198042
# xages_fsh
 0 0 0 0 0 0 0 0 0 0 0 0
# xages_fsh
 0 0.0909091 0.181818 0.272727 0.363636 0.454545 0.545455 0.636364 0.727273 0.818182 0.909091 1
# xnodes_fsh

Yrs fsh_sel change:  1 0 0 0 0 0 0 0 0 0 0 0 0 0 0 0 0 0 0 0 0 0 0 0 0 0 0 0 0
Yrs ind_sel change:  1 0 0 0 0 0 0 0 0 0 0 0 0 0 0 0 0 0 0 0 0 0 0 0 0 0 0 0 0
# steepnessprior
0.75
# sigmarprior
0.2
#  SSB estimated in styr endyr: -12 28 
#  Rec estimated in styr endyr: -10 30 
#  SR Curve fit  in styr endyr: 1 30 
#             Model styr endyr: 1 30 
# qprior
 3.48998e-007
# q_power_prior 
 1 
# cv_catchbiomass 
0.05 
# CatchbiomassPen 
200 
# Number of projection years 
5 
# offset_fsh
 13474.8
# offset_ind
 13003.9
Mean Catch
1275.48
R_guess 
13.8155
# nfsh
1
# n_sel_ch_fsh
 1
# nselages_fsh
 11
# phase_selcoff_fsh
 -1
logRzero 13.8155
logmeanrec 13.8155
exp(log_sigmarprior 0.2
Fish sel phase: -1 OM1
Fixing fishery sel to
1
Fixing fishery sel to
1
Srvy sel phase: -1
Fixing survey_index1 indices sel to
1
Fixing index sel to
1
# logsel_slp_in_indv
 0.693147
Leaving parameter init secton
# M
 0.2 0.2 0.2 0.2 0.2 0.2 0.2 0.2 0.2 0.2 0.2 0.2
 0.2 0.2 0.2 0.2 0.2 0.2 0.2 0.2 0.2 0.2 0.2 0.2
 0.2 0.2 0.2 0.2 0.2 0.2 0.2 0.2 0.2 0.2 0.2 0.2
 0.2 0.2 0.2 0.2 0.2 0.2 0.2 0.2 0.2 0.2 0.2 0.2
 0.2 0.2 0.2 0.2 0.2 0.2 0.2 0.2 0.2 0.2 0.2 0.2
 0.2 0.2 0.2 0.2 0.2 0.2 0.2 0.2 0.2 0.2 0.2 0.2
 0.2 0.2 0.2 0.2 0.2 0.2 0.2 0.2 0.2 0.2 0.2 0.2
 0.2 0.2 0.2 0.2 0.2 0.2 0.2 0.2 0.2 0.2 0.2 0.2
 0.2 0.2 0.2 0.2 0.2 0.2 0.2 0.2 0.2 0.2 0.2 0.2
 0.2 0.2 0.2 0.2 0.2 0.2 0.2 0.2 0.2 0.2 0.2 0.2
 0.2 0.2 0.2 0.2 0.2 0.2 0.2 0.2 0.2 0.2 0.2 0.2
 0.2 0.2 0.2 0.2 0.2 0.2 0.2 0.2 0.2 0.2 0.2 0.2
 0.2 0.2 0.2 0.2 0.2 0.2 0.2 0.2 0.2 0.2 0.2 0.2
 0.2 0.2 0.2 0.2 0.2 0.2 0.2 0.2 0.2 0.2 0.2 0.2
 0.2 0.2 0.2 0.2 0.2 0.2 0.2 0.2 0.2 0.2 0.2 0.2
 0.2 0.2 0.2 0.2 0.2 0.2 0.2 0.2 0.2 0.2 0.2 0.2
 0.2 0.2 0.2 0.2 0.2 0.2 0.2 0.2 0.2 0.2 0.2 0.2
 0.2 0.2 0.2 0.2 0.2 0.2 0.2 0.2 0.2 0.2 0.2 0.2
 0.2 0.2 0.2 0.2 0.2 0.2 0.2 0.2 0.2 0.2 0.2 0.2
 0.2 0.2 0.2 0.2 0.2 0.2 0.2 0.2 0.2 0.2 0.2 0.2
 0.2 0.2 0.2 0.2 0.2 0.2 0.2 0.2 0.2 0.2 0.2 0.2
 0.2 0.2 0.2 0.2 0.2 0.2 0.2 0.2 0.2 0.2 0.2 0.2
 0.2 0.2 0.2 0.2 0.2 0.2 0.2 0.2 0.2 0.2 0.2 0.2
 0.2 0.2 0.2 0.2 0.2 0.2 0.2 0.2 0.2 0.2 0.2 0.2
 0.2 0.2 0.2 0.2 0.2 0.2 0.2 0.2 0.2 0.2 0.2 0.2
 0.2 0.2 0.2 0.2 0.2 0.2 0.2 0.2 0.2 0.2 0.2 0.2
 0.2 0.2 0.2 0.2 0.2 0.2 0.2 0.2 0.2 0.2 0.2 0.2
 0.2 0.2 0.2 0.2 0.2 0.2 0.2 0.2 0.2 0.2 0.2 0.2
 0.2 0.2 0.2 0.2 0.2 0.2 0.2 0.2 0.2 0.2 0.2 0.2
 0.2 0.2 0.2 0.2 0.2 0.2 0.2 0.2 0.2 0.2 0.2 0.2
# mean_log_rec
13.7453
# log_Rzero
13.7761
# rec_dev
 -0.12985 -0.135258 0.0991928 -0.0832706 0.049508 0.0447871 0.112086 0.0403695 0.143799 -0.037689 0.044527 0.00761683 0.256054 0.065899 -0.206406 0.369516 0.328478 -0.0144413 0.175277 -0.0650335 0.134248 0.0300208 -0.150564 -0.0701113 0.143488 0.0118025 0.0930385 0.120486 -0.353208 -0.195537 -0.353675 0.0603724 -0.0417492 -0.34419 -0.357084 -0.166692 -0.438336 -0.329694 -0.0986114 -0.233922 -0.324767
# fmort
 0.00922384 0.0269521 0.0447505 0.0615688 0.0495073 0.0883346 0.0901527 0.191627 0.112476 0.13665 0.155363 0.169805 0.123679 0.17877 0.191613 0.170673 0.329 0.271285 0.267939 0.260008 0.36224 0.266784 0.437123 0.3622 0.370633 0.341265 0.332364 0.469803 0.359572 0.551555
# rec_dev_future
 0 0 0 0 0
