AMAK;August_2013
# styr
1
# endyr
30
# rec_age
1
# oldest_age
12
# nlength
81
# len_bins
 10 11 12 13 14 15 16 17 18 19 20 21 22 23 24 25 26 27 28 29 30 31 32 33 34 35 36 37 38 39 40 41 42 43 44 45 46 47 48 49 50 51 52 53 54 55 56 57 58 59 60 61 62 63 64 65 66 67 68 69 70 71 72 73 74 75 76 77 78 79 80 81 82 83 84 85 86 87 88 89 90
# datafile_name
amak_data.dat
# model_name
OM_1
# styr
1
# endyr
30
# rec_age
1
# oldest_age
12
# nfsh
1
# fshname
OM1
# catch_bio_in
 159.942 463.289 759.24 987.87 773.092 1316.8 1280.57 2497.19 1323.4 1538.87 1618.23 1615.59 1103.15 1535.27 1508.1 1288.4 2243.56 1602.59 1471.54 1327.45 1627.53 1085.67 1628.84 1201.53 1111.53 968.196 921.312 1217.52 877.24 1274.11
# catch_bio_sd_in
 0.01 0.01 0.01 0.01 0.01 0.01 0.01 0.01 0.01 0.01 0.01 0.01 0.01 0.01 0.01 0.01 0.01 0.01 0.01 0.01 0.01 0.01 0.01 0.01 0.01 0.01 0.01 0.01 0.01 0.01
# nyrs_fsh_age
 30
# nyrs_fsh_length
 0
# yrs_fsh_age_in
 1 2 3 4 5 6 7 8 9 10 11 12 13 14 15 16 17 18 19 20 21 22 23 24 25 26 27 28 29 30
# yrs_fsh_length_in

# n_sample_fsh_length_in

# olc_fsh_in

# nind
1
# indname
survey_index1
# nyrs_ind
 30
# yrs_ind_in
 1 2 3 4 5 6 7 8 9 10 11 12 13 14 15 16 17 18 19 20 21 22 23 24 25 26 27 28 29 30
# mo_ind
 1
# obs_ind_in
 1.69843 1.77072 1.54663 1.36926 1.35825 1.30087 1.57702 1.52639 1.06637 1.05896 0.98183 1.25278 1.2371 1.00431 1.11087 1.07672 0.918676 0.801416 0.811153 0.590329 0.734213 0.728354 0.622403 0.577359 0.559158 0.477532 0.597418 0.523686 0.486684 0.43145
# obs_se_ind_in
 0.339685 0.354144 0.309326 0.273853 0.271651 0.260175 0.315403 0.305277 0.213274 0.211793 0.196366 0.250556 0.247421 0.200863 0.222173 0.215344 0.183735 0.160283 0.162231 0.118066 0.146843 0.145671 0.124481 0.115472 0.111832 0.0955064 0.119484 0.104737 0.0973367 0.08629
# nyrs_ind_age
 30
# nyrs_ind_length
 0
# yrs_ind_age_in
 1 2 3 4 5 6 7 8 9 10 11 12 13 14 15 16 17 18 19 20 21 22 23 24 25 26 27 28 29 30
# yrs_ind_length_in

# yrs_ind_age_in
 1 2 3 4 5 6 7 8 9 10 11 12 13 14 15 16 17 18 19 20 21 22 23 24 25 26 27 28 29 30
# n_sample_ind_length_in

# olc_ind_in

# oac_ind_in
 0.04 0.195 0.13 0.13 0.08 0.07 0.075 0.055 0.04 0.05 0.02 0.115
 0.065 0.135 0.13 0.1 0.115 0.065 0.045 0.07 0.075 0.02 0.025 0.155
 0.09 0.15 0.135 0.13 0.1 0.105 0.045 0.065 0.03 0.035 0.005 0.11
 0.09 0.18 0.15 0.145 0.06 0.055 0.07 0.02 0.05 0.04 0.03 0.11
 0.085 0.115 0.15 0.145 0.105 0.08 0.065 0.07 0.05 0.035 0.015 0.085
 0.1 0.18 0.09 0.1 0.165 0.065 0.075 0.04 0.04 0.02 0.015 0.11
 0.08 0.15 0.195 0.105 0.07 0.045 0.11 0.035 0.035 0.03 0.035 0.11
 0.09 0.085 0.2 0.155 0.06 0.08 0.07 0.04 0.05 0.035 0.015 0.12
 0.03 0.2 0.15 0.12 0.16 0.055 0.07 0.035 0.045 0.035 0.02 0.08
 0.05 0.205 0.19 0.11 0.125 0.105 0.03 0.035 0.035 0.05 0.02 0.045
 0.1 0.19 0.17 0.115 0.095 0.06 0.095 0.04 0.035 0.02 0.005 0.075
 0.055 0.18 0.18 0.145 0.12 0.05 0.07 0.075 0.01 0.015 0.045 0.055
 0.07 0.14 0.185 0.135 0.075 0.09 0.09 0.035 0.03 0.04 0.03 0.08
 0.1 0.2 0.12 0.15 0.115 0.065 0.055 0.05 0.03 0.035 0.025 0.055
 0.1 0.14 0.19 0.1 0.115 0.08 0.07 0.08 0.03 0.03 0.02 0.045
 0.135 0.15 0.2 0.135 0.09 0.075 0.075 0.035 0.035 0.02 0.005 0.045
 0.1 0.22 0.155 0.2 0.09 0.04 0.065 0.015 0.02 0.025 0.02 0.05
 0.07 0.21 0.225 0.14 0.085 0.065 0.045 0.04 0.04 0.015 0.015 0.05
 0.09 0.15 0.21 0.18 0.155 0.075 0.035 0.03 0.01 0.02 0.005 0.04
 0.1 0.22 0.17 0.185 0.105 0.075 0.035 0.025 0.02 0.025 0.02 0.02
 0.15 0.13 0.21 0.11 0.12 0.075 0.08 0.02 0.02 0.01 0.015 0.06
 0.165 0.26 0.165 0.16 0.09 0.055 0.05 0.015 0.005 0.015 0 0.02
 0.115 0.245 0.26 0.13 0.1 0.045 0.025 0.03 0.01 0.005 0 0.035
 0.13 0.215 0.28 0.145 0.07 0.055 0.025 0.04 0.01 0.005 0.01 0.015
 0.165 0.17 0.24 0.15 0.12 0.06 0.035 0.02 0.015 0 0.005 0.02
 0.105 0.29 0.225 0.12 0.11 0.065 0.03 0.015 0.02 0.01 0.005 0.005
 0.11 0.21 0.235 0.155 0.1 0.065 0.075 0.025 0 0.005 0 0.02
 0.195 0.225 0.2 0.175 0.07 0.055 0.025 0.03 0.015 0.005 0.005 0
 0.16 0.315 0.18 0.095 0.105 0.04 0.035 0.025 0.02 0.005 0 0.02
 0.13 0.315 0.21 0.14 0.085 0.045 0.025 0.01 0.015 0.005 0.01 0.01
# wt_ind
 1 1 1 1 1 1 1 1 1 1 1 1
 1 1 1 1 1 1 1 1 1 1 1 1
 1 1 1 1 1 1 1 1 1 1 1 1
 1 1 1 1 1 1 1 1 1 1 1 1
 1 1 1 1 1 1 1 1 1 1 1 1
 1 1 1 1 1 1 1 1 1 1 1 1
 1 1 1 1 1 1 1 1 1 1 1 1
 1 1 1 1 1 1 1 1 1 1 1 1
 1 1 1 1 1 1 1 1 1 1 1 1
 1 1 1 1 1 1 1 1 1 1 1 1
 1 1 1 1 1 1 1 1 1 1 1 1
 1 1 1 1 1 1 1 1 1 1 1 1
 1 1 1 1 1 1 1 1 1 1 1 1
 1 1 1 1 1 1 1 1 1 1 1 1
 1 1 1 1 1 1 1 1 1 1 1 1
 1 1 1 1 1 1 1 1 1 1 1 1
 1 1 1 1 1 1 1 1 1 1 1 1
 1 1 1 1 1 1 1 1 1 1 1 1
 1 1 1 1 1 1 1 1 1 1 1 1
 1 1 1 1 1 1 1 1 1 1 1 1
 1 1 1 1 1 1 1 1 1 1 1 1
 1 1 1 1 1 1 1 1 1 1 1 1
 1 1 1 1 1 1 1 1 1 1 1 1
 1 1 1 1 1 1 1 1 1 1 1 1
 1 1 1 1 1 1 1 1 1 1 1 1
 1 1 1 1 1 1 1 1 1 1 1 1
 1 1 1 1 1 1 1 1 1 1 1 1
 1 1 1 1 1 1 1 1 1 1 1 1
 1 1 1 1 1 1 1 1 1 1 1 1
 1 1 1 1 1 1 1 1 1 1 1 1
# wt_pop
 0.000530656 0.00119633 0.00205827 0.00303499 0.00405521 0.0050647 0.00602623 0.00691692 0.00772489 0.00844611 0.00908185 0.0096367
# maturity
 0.0229774 0.320821 0.904651 0.99478 0.999739 0.999987 0.999999 1 1 1 1 1
# spawnmo
1
# age_err
 1 0 0 0 0 0 0 0 0 0 0 0
 0 1 0 0 0 0 0 0 0 0 0 0
 0 0 1 0 0 0 0 0 0 0 0 0
 0 0 0 1 0 0 0 0 0 0 0 0
 0 0 0 0 1 0 0 0 0 0 0 0
 0 0 0 0 0 1 0 0 0 0 0 0
 0 0 0 0 0 0 1 0 0 0 0 0
 0 0 0 0 0 0 0 1 0 0 0 0
 0 0 0 0 0 0 0 0 1 0 0 0
 0 0 0 0 0 0 0 0 0 1 0 0
 0 0 0 0 0 0 0 0 0 0 1 0
 0 0 0 0 0 0 0 0 0 0 0 1
# cntrlfile_name
C:\Users\bai.li\Desktop\s1_test\AMAK\s59\amak.dat
# Map shared selectivity: 
# sel_map
 1 2
 1 1
# datafile_name
amak_data.dat
# model_name
OM_1
# SrType
2
# use_age_err
0
# retro
0
# sigmarprior
0.2
# cvsigmarprior
0.25
# phase_sigmar
-3
# styr_rec_est
1
# endyr_rec_est
30
# Linfprior
80
# cvLinfprior
0.25
# kprior
0.18
# cvkprior
0.25
# Loprior
27.688
# cvLoprior
0.25
# sdageprior
0.1
# cvsdageprior
0.25
# natmortprior
0.2
# cvnatmortprior
0.25
# phase_M
-4
# npars_Mage
0
# ages_M_changes

# Mage_in

# phase_Mage
-5
# phase_rw_M
0
# npars_rw_M
0
# yrs_rw_M

# sigma_rw_M

# qprior
 3.48998e-007
# cvqprior
 1
# phase_q
 1
# q_power_prior
 1
# cvq_power_prior
 0.2
# phase_q_power
 -4
# phase_rw_q
 -1
# npars_rw_q
 0
# yrs_rw_q

# sigma_rw_q

# q_age_min
 1
# q_age_max
 12
# q_age_min
 1
# q_age_max
 12
# fsh_sel_opt(k)
2
# phase_sel_fsh(k)
-2
# n_sel_ch_fsh(k)
1
# sel_slp_in_fsh(k)(1,n_sel_ch_fsh(k))
 1
# sel_inf_in_fsh(k)(1,n_sel_ch_fsh(k))
 2
# logsel_slp_in_fsh(k)(1,n_sel_ch_fsh(k))
 0
# yrs_sel_ch_fsh(k)(1,n_sel_ch_fsh(k))
 1

Survey survey_index1
# ind_sel_opt(k)
2
# indname(k)
survey_index1
# nselages_in_ind(k)
11
# phase_sel_ind(k)
-2
# sel_change_in_ind(k)
 1 0 0 0 0 0 0 0 0 0 0 0 0 0 0 0 0 0 0 0 0 0 0 0 0 0 0 0 0 0
# n_sel_ch_ind(k)
1
# yrs_sel_ch_ind(k)(1,n_sel_ch_ind(k))
 1
# sel_slp_in_ind(k,1)
2
# sel_inf_in_ind(k,1)
1.5
# logsel_slp_in_ind(k,1)
0.693147
# logsel_slp_in_indv(k)
0.693147
survey_index1 ind sel opt 2  1 0 0 0 0 0 0 0 0 0 0 0 0 0 0 0 0 0 0 0 0 0 0 0 0 0 0 0 0 0
Phase indices Sel_Coffs:  -1
 Test: 1.23457e+008
# Fshry Selages:  11
# Srvy  Selages:  11
# Phase for age-spec fishery  -1
# Phase for logistic fishery  -2
# Phase for dble logistic fishery  -1
# Phase for age-spec indices   -1
# Phase for logistic indices   -2
# Phase for dble logistic ind  -1
# Curv_pen_fsh: 
 0
# Curv_pen_ind: 
 0
# styr_fut
31
# endyr_fut
35
# nyrs_fsh_age
 30
# nyrs_fsh_age
 30
# yrs_fsh_age
 1 2 3 4 5 6 7 8 9 10 11 12 13 14 15 16 17 18 19 20 21 22 23 24 25 26 27 28 29 30
# n_sample_fsh_age
 200 200 200 200 200 200 200 200 200 200 200 200 200 200 200 200 200 200 200 200 200 200 200 200 200 200 200 200 200 200
# oac_fsh
 0.06 0.095 0.095 0.14 0.145 0.1 0.075 0.095 0.035 0.02 0.03 0.11
 0.065 0.1 0.12 0.11 0.115 0.045 0.055 0.075 0.09 0.05 0.045 0.13
 0.055 0.145 0.125 0.14 0.12 0.05 0.085 0.07 0.04 0.005 0.055 0.11
 0.055 0.085 0.12 0.12 0.13 0.1 0.07 0.055 0.05 0.05 0.015 0.15
 0.085 0.1 0.11 0.14 0.09 0.065 0.07 0.075 0.045 0.06 0.03 0.13
 0.1 0.145 0.12 0.08 0.115 0.055 0.075 0.075 0.035 0.015 0.04 0.145
 0.085 0.18 0.16 0.105 0.105 0.1 0.065 0.025 0.005 0 0.015 0.155
 0.08 0.125 0.2 0.115 0.085 0.04 0.075 0.07 0.05 0.025 0.035 0.1
 0.07 0.125 0.13 0.175 0.12 0.105 0.065 0.04 0.03 0.05 0.015 0.075
 0.11 0.125 0.165 0.085 0.095 0.09 0.065 0.05 0.03 0.02 0.035 0.13
 0.08 0.19 0.095 0.16 0.085 0.12 0.07 0.045 0.035 0.03 0.015 0.075
 0.06 0.13 0.155 0.12 0.105 0.09 0.09 0.085 0.03 0.025 0.04 0.07
 0.085 0.12 0.12 0.19 0.12 0.095 0.08 0.055 0.035 0.01 0.015 0.075
 0.12 0.145 0.135 0.155 0.13 0.075 0.06 0.045 0.025 0.02 0.025 0.065
 0.085 0.125 0.14 0.16 0.16 0.11 0.055 0.03 0.03 0.02 0.03 0.055
 0.1 0.15 0.15 0.15 0.075 0.115 0.07 0.05 0.025 0.02 0.04 0.055
 0.095 0.185 0.165 0.145 0.115 0.085 0.06 0.06 0.02 0.015 0.01 0.045
 0.12 0.175 0.22 0.115 0.095 0.095 0.05 0.035 0.025 0.005 0.025 0.04
 0.07 0.14 0.24 0.19 0.085 0.07 0.075 0.03 0.015 0.045 0 0.04
 0.095 0.17 0.15 0.21 0.13 0.06 0.055 0.02 0.03 0.02 0.015 0.045
 0.14 0.145 0.185 0.165 0.155 0.055 0.065 0.02 0.01 0.02 0.01 0.03
 0.2 0.21 0.115 0.13 0.115 0.06 0.075 0.04 0.02 0.01 0.005 0.02
 0.095 0.22 0.2 0.13 0.16 0.07 0.025 0.04 0.02 0.01 0 0.03
 0.14 0.2 0.25 0.18 0.055 0.06 0.05 0.015 0.01 0.01 0.005 0.025
 0.22 0.15 0.125 0.205 0.1 0.07 0.03 0.01 0.035 0.015 0.005 0.035
 0.13 0.225 0.18 0.135 0.12 0.09 0.02 0.035 0.005 0.02 0.005 0.035
 0.165 0.19 0.22 0.145 0.07 0.11 0.045 0.015 0.01 0.005 0.005 0.02
 0.125 0.2 0.175 0.175 0.11 0.08 0.03 0.05 0.025 0.005 0.005 0.02
 0.19 0.23 0.195 0.125 0.1 0.045 0.045 0.04 0.01 0 0 0.02
 0.205 0.245 0.23 0.135 0.045 0.055 0.03 0.025 0.01 0 0.005 0.015
# olc_fsh

# wt_fsh
 0.000530656 0.00119633 0.00205827 0.00303499 0.00405521 0.0050647 0.00602623 0.00691692 0.00772489 0.00844611 0.00908185 0.0096367
 0.000530656 0.00119633 0.00205827 0.00303499 0.00405521 0.0050647 0.00602623 0.00691692 0.00772489 0.00844611 0.00908185 0.0096367
 0.000530656 0.00119633 0.00205827 0.00303499 0.00405521 0.0050647 0.00602623 0.00691692 0.00772489 0.00844611 0.00908185 0.0096367
 0.000530656 0.00119633 0.00205827 0.00303499 0.00405521 0.0050647 0.00602623 0.00691692 0.00772489 0.00844611 0.00908185 0.0096367
 0.000530656 0.00119633 0.00205827 0.00303499 0.00405521 0.0050647 0.00602623 0.00691692 0.00772489 0.00844611 0.00908185 0.0096367
 0.000530656 0.00119633 0.00205827 0.00303499 0.00405521 0.0050647 0.00602623 0.00691692 0.00772489 0.00844611 0.00908185 0.0096367
 0.000530656 0.00119633 0.00205827 0.00303499 0.00405521 0.0050647 0.00602623 0.00691692 0.00772489 0.00844611 0.00908185 0.0096367
 0.000530656 0.00119633 0.00205827 0.00303499 0.00405521 0.0050647 0.00602623 0.00691692 0.00772489 0.00844611 0.00908185 0.0096367
 0.000530656 0.00119633 0.00205827 0.00303499 0.00405521 0.0050647 0.00602623 0.00691692 0.00772489 0.00844611 0.00908185 0.0096367
 0.000530656 0.00119633 0.00205827 0.00303499 0.00405521 0.0050647 0.00602623 0.00691692 0.00772489 0.00844611 0.00908185 0.0096367
 0.000530656 0.00119633 0.00205827 0.00303499 0.00405521 0.0050647 0.00602623 0.00691692 0.00772489 0.00844611 0.00908185 0.0096367
 0.000530656 0.00119633 0.00205827 0.00303499 0.00405521 0.0050647 0.00602623 0.00691692 0.00772489 0.00844611 0.00908185 0.0096367
 0.000530656 0.00119633 0.00205827 0.00303499 0.00405521 0.0050647 0.00602623 0.00691692 0.00772489 0.00844611 0.00908185 0.0096367
 0.000530656 0.00119633 0.00205827 0.00303499 0.00405521 0.0050647 0.00602623 0.00691692 0.00772489 0.00844611 0.00908185 0.0096367
 0.000530656 0.00119633 0.00205827 0.00303499 0.00405521 0.0050647 0.00602623 0.00691692 0.00772489 0.00844611 0.00908185 0.0096367
 0.000530656 0.00119633 0.00205827 0.00303499 0.00405521 0.0050647 0.00602623 0.00691692 0.00772489 0.00844611 0.00908185 0.0096367
 0.000530656 0.00119633 0.00205827 0.00303499 0.00405521 0.0050647 0.00602623 0.00691692 0.00772489 0.00844611 0.00908185 0.0096367
 0.000530656 0.00119633 0.00205827 0.00303499 0.00405521 0.0050647 0.00602623 0.00691692 0.00772489 0.00844611 0.00908185 0.0096367
 0.000530656 0.00119633 0.00205827 0.00303499 0.00405521 0.0050647 0.00602623 0.00691692 0.00772489 0.00844611 0.00908185 0.0096367
 0.000530656 0.00119633 0.00205827 0.00303499 0.00405521 0.0050647 0.00602623 0.00691692 0.00772489 0.00844611 0.00908185 0.0096367
 0.000530656 0.00119633 0.00205827 0.00303499 0.00405521 0.0050647 0.00602623 0.00691692 0.00772489 0.00844611 0.00908185 0.0096367
 0.000530656 0.00119633 0.00205827 0.00303499 0.00405521 0.0050647 0.00602623 0.00691692 0.00772489 0.00844611 0.00908185 0.0096367
 0.000530656 0.00119633 0.00205827 0.00303499 0.00405521 0.0050647 0.00602623 0.00691692 0.00772489 0.00844611 0.00908185 0.0096367
 0.000530656 0.00119633 0.00205827 0.00303499 0.00405521 0.0050647 0.00602623 0.00691692 0.00772489 0.00844611 0.00908185 0.0096367
 0.000530656 0.00119633 0.00205827 0.00303499 0.00405521 0.0050647 0.00602623 0.00691692 0.00772489 0.00844611 0.00908185 0.0096367
 0.000530656 0.00119633 0.00205827 0.00303499 0.00405521 0.0050647 0.00602623 0.00691692 0.00772489 0.00844611 0.00908185 0.0096367
 0.000530656 0.00119633 0.00205827 0.00303499 0.00405521 0.0050647 0.00602623 0.00691692 0.00772489 0.00844611 0.00908185 0.0096367
 0.000530656 0.00119633 0.00205827 0.00303499 0.00405521 0.0050647 0.00602623 0.00691692 0.00772489 0.00844611 0.00908185 0.0096367
 0.000530656 0.00119633 0.00205827 0.00303499 0.00405521 0.0050647 0.00602623 0.00691692 0.00772489 0.00844611 0.00908185 0.0096367
 0.000530656 0.00119633 0.00205827 0.00303499 0.00405521 0.0050647 0.00602623 0.00691692 0.00772489 0.00844611 0.00908185 0.0096367
# nyrs_ind_age
 30
# yrs_ind_age
 1 2 3 4 5 6 7 8 9 10 11 12 13 14 15 16 17 18 19 20 21 22 23 24 25 26 27 28 29 30
# n_sample_ind_age
 200 200 200 200 200 200 200 200 200 200 200 200 200 200 200 200 200 200 200 200 200 200 200 200 200 200 200 200 200 200
# oac_ind
 0.04 0.195 0.13 0.13 0.08 0.07 0.075 0.055 0.04 0.05 0.02 0.115
 0.065 0.135 0.13 0.1 0.115 0.065 0.045 0.07 0.075 0.02 0.025 0.155
 0.09 0.15 0.135 0.13 0.1 0.105 0.045 0.065 0.03 0.035 0.005 0.11
 0.09 0.18 0.15 0.145 0.06 0.055 0.07 0.02 0.05 0.04 0.03 0.11
 0.085 0.115 0.15 0.145 0.105 0.08 0.065 0.07 0.05 0.035 0.015 0.085
 0.1 0.18 0.09 0.1 0.165 0.065 0.075 0.04 0.04 0.02 0.015 0.11
 0.08 0.15 0.195 0.105 0.07 0.045 0.11 0.035 0.035 0.03 0.035 0.11
 0.09 0.085 0.2 0.155 0.06 0.08 0.07 0.04 0.05 0.035 0.015 0.12
 0.03 0.2 0.15 0.12 0.16 0.055 0.07 0.035 0.045 0.035 0.02 0.08
 0.05 0.205 0.19 0.11 0.125 0.105 0.03 0.035 0.035 0.05 0.02 0.045
 0.1 0.19 0.17 0.115 0.095 0.06 0.095 0.04 0.035 0.02 0.005 0.075
 0.055 0.18 0.18 0.145 0.12 0.05 0.07 0.075 0.01 0.015 0.045 0.055
 0.07 0.14 0.185 0.135 0.075 0.09 0.09 0.035 0.03 0.04 0.03 0.08
 0.1 0.2 0.12 0.15 0.115 0.065 0.055 0.05 0.03 0.035 0.025 0.055
 0.1 0.14 0.19 0.1 0.115 0.08 0.07 0.08 0.03 0.03 0.02 0.045
 0.135 0.15 0.2 0.135 0.09 0.075 0.075 0.035 0.035 0.02 0.005 0.045
 0.1 0.22 0.155 0.2 0.09 0.04 0.065 0.015 0.02 0.025 0.02 0.05
 0.07 0.21 0.225 0.14 0.085 0.065 0.045 0.04 0.04 0.015 0.015 0.05
 0.09 0.15 0.21 0.18 0.155 0.075 0.035 0.03 0.01 0.02 0.005 0.04
 0.1 0.22 0.17 0.185 0.105 0.075 0.035 0.025 0.02 0.025 0.02 0.02
 0.15 0.13 0.21 0.11 0.12 0.075 0.08 0.02 0.02 0.01 0.015 0.06
 0.165 0.26 0.165 0.16 0.09 0.055 0.05 0.015 0.005 0.015 0 0.02
 0.115 0.245 0.26 0.13 0.1 0.045 0.025 0.03 0.01 0.005 0 0.035
 0.13 0.215 0.28 0.145 0.07 0.055 0.025 0.04 0.01 0.005 0.01 0.015
 0.165 0.17 0.24 0.15 0.12 0.06 0.035 0.02 0.015 0 0.005 0.02
 0.105 0.29 0.225 0.12 0.11 0.065 0.03 0.015 0.02 0.01 0.005 0.005
 0.11 0.21 0.235 0.155 0.1 0.065 0.075 0.025 0 0.005 0 0.02
 0.195 0.225 0.2 0.175 0.07 0.055 0.025 0.03 0.015 0.005 0.005 0
 0.16 0.315 0.18 0.095 0.105 0.04 0.035 0.025 0.02 0.005 0 0.02
 0.13 0.315 0.21 0.14 0.085 0.045 0.025 0.01 0.015 0.005 0.01 0.01
# olc_ind

# obs_lse_ind
 0.198042 0.198042 0.198042 0.198042 0.198042 0.198042 0.198042 0.198042 0.198042 0.198042 0.198042 0.198042 0.198042 0.198042 0.198042 0.198042 0.198042 0.198042 0.198042 0.198042 0.198042 0.198042 0.198042 0.198042 0.198042 0.198042 0.198042 0.198042 0.198042 0.198042
# xages_fsh
 0 0 0 0 0 0 0 0 0 0 0 0
# xages_fsh
 0 0.0909091 0.181818 0.272727 0.363636 0.454545 0.545455 0.636364 0.727273 0.818182 0.909091 1
# xnodes_fsh

Yrs fsh_sel change:  1 0 0 0 0 0 0 0 0 0 0 0 0 0 0 0 0 0 0 0 0 0 0 0 0 0 0 0 0
Yrs ind_sel change:  1 0 0 0 0 0 0 0 0 0 0 0 0 0 0 0 0 0 0 0 0 0 0 0 0 0 0 0 0
# steepnessprior
0.75
# sigmarprior
0.2
#  SSB estimated in styr endyr: -12 28 
#  Rec estimated in styr endyr: -10 30 
#  SR Curve fit  in styr endyr: 1 30 
#             Model styr endyr: 1 30 
# qprior
 3.48998e-007
# q_power_prior 
 1 
# cv_catchbiomass 
0.05 
# CatchbiomassPen 
200 
# Number of projection years 
5 
# offset_fsh
 13468
# offset_ind
 13192.4
Mean Catch
1277.59
R_guess 
13.8155
# nfsh
1
# n_sel_ch_fsh
 1
# nselages_fsh
 11
# phase_selcoff_fsh
 -1
logRzero 13.8155
logmeanrec 13.8155
exp(log_sigmarprior 0.2
Fish sel phase: -1 OM1
Fixing fishery sel to
1
Fixing fishery sel to
1
Srvy sel phase: -1
Fixing survey_index1 indices sel to
1
Fixing index sel to
1
# logsel_slp_in_indv
 0.693147
Leaving parameter init secton
# M
 0.2 0.2 0.2 0.2 0.2 0.2 0.2 0.2 0.2 0.2 0.2 0.2
 0.2 0.2 0.2 0.2 0.2 0.2 0.2 0.2 0.2 0.2 0.2 0.2
 0.2 0.2 0.2 0.2 0.2 0.2 0.2 0.2 0.2 0.2 0.2 0.2
 0.2 0.2 0.2 0.2 0.2 0.2 0.2 0.2 0.2 0.2 0.2 0.2
 0.2 0.2 0.2 0.2 0.2 0.2 0.2 0.2 0.2 0.2 0.2 0.2
 0.2 0.2 0.2 0.2 0.2 0.2 0.2 0.2 0.2 0.2 0.2 0.2
 0.2 0.2 0.2 0.2 0.2 0.2 0.2 0.2 0.2 0.2 0.2 0.2
 0.2 0.2 0.2 0.2 0.2 0.2 0.2 0.2 0.2 0.2 0.2 0.2
 0.2 0.2 0.2 0.2 0.2 0.2 0.2 0.2 0.2 0.2 0.2 0.2
 0.2 0.2 0.2 0.2 0.2 0.2 0.2 0.2 0.2 0.2 0.2 0.2
 0.2 0.2 0.2 0.2 0.2 0.2 0.2 0.2 0.2 0.2 0.2 0.2
 0.2 0.2 0.2 0.2 0.2 0.2 0.2 0.2 0.2 0.2 0.2 0.2
 0.2 0.2 0.2 0.2 0.2 0.2 0.2 0.2 0.2 0.2 0.2 0.2
 0.2 0.2 0.2 0.2 0.2 0.2 0.2 0.2 0.2 0.2 0.2 0.2
 0.2 0.2 0.2 0.2 0.2 0.2 0.2 0.2 0.2 0.2 0.2 0.2
 0.2 0.2 0.2 0.2 0.2 0.2 0.2 0.2 0.2 0.2 0.2 0.2
 0.2 0.2 0.2 0.2 0.2 0.2 0.2 0.2 0.2 0.2 0.2 0.2
 0.2 0.2 0.2 0.2 0.2 0.2 0.2 0.2 0.2 0.2 0.2 0.2
 0.2 0.2 0.2 0.2 0.2 0.2 0.2 0.2 0.2 0.2 0.2 0.2
 0.2 0.2 0.2 0.2 0.2 0.2 0.2 0.2 0.2 0.2 0.2 0.2
 0.2 0.2 0.2 0.2 0.2 0.2 0.2 0.2 0.2 0.2 0.2 0.2
 0.2 0.2 0.2 0.2 0.2 0.2 0.2 0.2 0.2 0.2 0.2 0.2
 0.2 0.2 0.2 0.2 0.2 0.2 0.2 0.2 0.2 0.2 0.2 0.2
 0.2 0.2 0.2 0.2 0.2 0.2 0.2 0.2 0.2 0.2 0.2 0.2
 0.2 0.2 0.2 0.2 0.2 0.2 0.2 0.2 0.2 0.2 0.2 0.2
 0.2 0.2 0.2 0.2 0.2 0.2 0.2 0.2 0.2 0.2 0.2 0.2
 0.2 0.2 0.2 0.2 0.2 0.2 0.2 0.2 0.2 0.2 0.2 0.2
 0.2 0.2 0.2 0.2 0.2 0.2 0.2 0.2 0.2 0.2 0.2 0.2
 0.2 0.2 0.2 0.2 0.2 0.2 0.2 0.2 0.2 0.2 0.2 0.2
 0.2 0.2 0.2 0.2 0.2 0.2 0.2 0.2 0.2 0.2 0.2 0.2
# mean_log_rec
13.7628
# log_Rzero
13.798
# rec_dev
 -0.100581 -0.0852663 -0.0173583 -0.0588534 0.137467 0.0769552 0.0611941 -0.0849894 0.0753478 -0.0216299 0.108447 0.0656948 0.192782 0.0277048 -0.0386617 0.335984 0.300855 0.0323314 0.179335 -0.0359811 0.179561 0.076789 -0.186158 -0.039201 -0.0386164 -0.0534372 0.107902 0.0431847 -0.251735 -0.171719 -0.386723 -0.0145116 -0.00354368 -0.321174 -0.387551 -0.176131 -0.481691 -0.377586 -0.202382 -0.139026 -0.191642
# fmort
 0.00905207 0.0265241 0.0445573 0.0602184 0.0488621 0.0866449 0.0884045 0.187391 0.108564 0.133448 0.150085 0.161163 0.116073 0.170518 0.18122 0.16493 0.319023 0.260077 0.261571 0.257338 0.354374 0.259638 0.425242 0.351139 0.348467 0.319653 0.313587 0.446018 0.341624 0.521967
# rec_dev_future
 0 0 0 0 0
