AMAK;August_2013
# styr
1
# endyr
30
# rec_age
1
# oldest_age
12
# nlength
81
# len_bins
 10 11 12 13 14 15 16 17 18 19 20 21 22 23 24 25 26 27 28 29 30 31 32 33 34 35 36 37 38 39 40 41 42 43 44 45 46 47 48 49 50 51 52 53 54 55 56 57 58 59 60 61 62 63 64 65 66 67 68 69 70 71 72 73 74 75 76 77 78 79 80 81 82 83 84 85 86 87 88 89 90
# datafile_name
amak_data.dat
# model_name
OM_1
# styr
1
# endyr
30
# rec_age
1
# oldest_age
12
# nfsh
1
# fshname
OM1
# catch_bio_in
 161.281 470.562 759.118 990.599 761.674 1336.17 1272.9 2484.57 1314.09 1528.85 1613.61 1619.17 1112.98 1532.14 1519.82 1281.24 2241.15 1606.94 1453.91 1320.54 1628.06 1072.21 1634 1207.61 1123.26 977.52 917.036 1211.6 880.074 1276.22
# catch_bio_sd_in
 0.01 0.01 0.01 0.01 0.01 0.01 0.01 0.01 0.01 0.01 0.01 0.01 0.01 0.01 0.01 0.01 0.01 0.01 0.01 0.01 0.01 0.01 0.01 0.01 0.01 0.01 0.01 0.01 0.01 0.01
# nyrs_fsh_age
 30
# nyrs_fsh_length
 0
# yrs_fsh_age_in
 1 2 3 4 5 6 7 8 9 10 11 12 13 14 15 16 17 18 19 20 21 22 23 24 25 26 27 28 29 30
# yrs_fsh_length_in

# n_sample_fsh_length_in

# olc_fsh_in

# nind
1
# indname
survey_index1
# nyrs_ind
 30
# yrs_ind_in
 1 2 3 4 5 6 7 8 9 10 11 12 13 14 15 16 17 18 19 20 21 22 23 24 25 26 27 28 29 30
# mo_ind
 1
# obs_ind_in
 1.77884 1.6716 1.42527 1.4168 1.52105 1.44278 1.32711 1.29982 1.24887 1.1519 1.35383 1.22383 1.02044 1.18778 0.940117 1.10326 0.886391 0.966173 0.698454 0.766621 0.610372 0.663651 0.770168 0.624106 0.544332 0.55004 0.53713 0.589134 0.485535 0.588359
# obs_se_ind_in
 0.355767 0.334321 0.285055 0.28336 0.30421 0.288556 0.265422 0.259964 0.249775 0.23038 0.270766 0.244767 0.204088 0.237557 0.188023 0.220652 0.177278 0.193235 0.139691 0.153324 0.122074 0.13273 0.154034 0.124821 0.108866 0.110008 0.107426 0.117827 0.0971071 0.117672
# nyrs_ind_age
 30
# nyrs_ind_length
 0
# yrs_ind_age_in
 1 2 3 4 5 6 7 8 9 10 11 12 13 14 15 16 17 18 19 20 21 22 23 24 25 26 27 28 29 30
# yrs_ind_length_in

# yrs_ind_age_in
 1 2 3 4 5 6 7 8 9 10 11 12 13 14 15 16 17 18 19 20 21 22 23 24 25 26 27 28 29 30
# n_sample_ind_length_in

# olc_ind_in

# oac_ind_in
 0.055 0.115 0.16 0.12 0.155 0.085 0.07 0.045 0.04 0.03 0.01 0.115
 0.1 0.145 0.145 0.14 0.06 0.06 0.08 0.05 0.04 0.05 0.03 0.1
 0.035 0.16 0.175 0.14 0.11 0.065 0.04 0.055 0.045 0.05 0.015 0.11
 0.025 0.155 0.175 0.12 0.125 0.08 0.04 0.045 0.03 0.05 0.045 0.11
 0.075 0.125 0.15 0.145 0.08 0.07 0.04 0.03 0.035 0.035 0.035 0.18
 0.13 0.195 0.12 0.085 0.1 0.06 0.04 0.055 0.075 0.015 0.035 0.09
 0.06 0.16 0.255 0.1 0.09 0.06 0.065 0.01 0.03 0.01 0.02 0.14
 0.11 0.165 0.125 0.19 0.085 0.065 0.055 0.04 0.015 0.03 0.045 0.075
 0.095 0.175 0.14 0.16 0.125 0.05 0.075 0.035 0.02 0.03 0.01 0.085
 0.085 0.135 0.225 0.085 0.13 0.125 0.04 0.015 0.045 0.015 0.02 0.08
 0.105 0.185 0.145 0.175 0.08 0.085 0.075 0.025 0.01 0.03 0.015 0.07
 0.065 0.14 0.245 0.145 0.085 0.065 0.05 0.065 0.02 0.025 0.025 0.07
 0.055 0.155 0.225 0.19 0.08 0.095 0.03 0.05 0.035 0.01 0.01 0.065
 0.105 0.185 0.13 0.165 0.095 0.065 0.075 0.04 0.05 0.025 0.005 0.06
 0.075 0.23 0.16 0.135 0.09 0.105 0.03 0.05 0.025 0.02 0.02 0.06
 0.1 0.205 0.2 0.135 0.105 0.075 0.065 0.03 0.035 0.015 0.015 0.02
 0.065 0.245 0.13 0.175 0.115 0.05 0.085 0.03 0.035 0.02 0.01 0.04
 0.09 0.24 0.165 0.12 0.13 0.04 0.06 0.05 0.045 0.02 0 0.04
 0.105 0.155 0.215 0.19 0.085 0.07 0.055 0.04 0.015 0.025 0.005 0.04
 0.08 0.235 0.22 0.175 0.13 0.06 0.04 0.03 0 0 0.005 0.025
 0.115 0.155 0.23 0.1 0.12 0.09 0.06 0.03 0.04 0.03 0.01 0.02
 0.11 0.275 0.15 0.175 0.09 0.07 0.035 0.03 0.02 0.02 0.015 0.01
 0.115 0.255 0.315 0.11 0.085 0.035 0.04 0.015 0.01 0.005 0.005 0.01
 0.08 0.195 0.305 0.145 0.05 0.09 0.025 0.04 0.04 0.005 0.015 0.01
 0.185 0.18 0.25 0.145 0.115 0.03 0.035 0.01 0.015 0.005 0.01 0.02
 0.1 0.29 0.19 0.135 0.13 0.06 0.03 0.02 0.015 0.005 0.01 0.015
 0.145 0.23 0.25 0.16 0.085 0.075 0.02 0.015 0 0.015 0.005 0
 0.165 0.215 0.17 0.21 0.085 0.035 0.06 0.035 0.005 0.005 0.005 0.01
 0.135 0.28 0.17 0.13 0.115 0.07 0.035 0.025 0.02 0.005 0.015 0
 0.11 0.34 0.18 0.155 0.09 0.07 0.035 0.01 0 0.005 0 0.005
# wt_ind
 1 1 1 1 1 1 1 1 1 1 1 1
 1 1 1 1 1 1 1 1 1 1 1 1
 1 1 1 1 1 1 1 1 1 1 1 1
 1 1 1 1 1 1 1 1 1 1 1 1
 1 1 1 1 1 1 1 1 1 1 1 1
 1 1 1 1 1 1 1 1 1 1 1 1
 1 1 1 1 1 1 1 1 1 1 1 1
 1 1 1 1 1 1 1 1 1 1 1 1
 1 1 1 1 1 1 1 1 1 1 1 1
 1 1 1 1 1 1 1 1 1 1 1 1
 1 1 1 1 1 1 1 1 1 1 1 1
 1 1 1 1 1 1 1 1 1 1 1 1
 1 1 1 1 1 1 1 1 1 1 1 1
 1 1 1 1 1 1 1 1 1 1 1 1
 1 1 1 1 1 1 1 1 1 1 1 1
 1 1 1 1 1 1 1 1 1 1 1 1
 1 1 1 1 1 1 1 1 1 1 1 1
 1 1 1 1 1 1 1 1 1 1 1 1
 1 1 1 1 1 1 1 1 1 1 1 1
 1 1 1 1 1 1 1 1 1 1 1 1
 1 1 1 1 1 1 1 1 1 1 1 1
 1 1 1 1 1 1 1 1 1 1 1 1
 1 1 1 1 1 1 1 1 1 1 1 1
 1 1 1 1 1 1 1 1 1 1 1 1
 1 1 1 1 1 1 1 1 1 1 1 1
 1 1 1 1 1 1 1 1 1 1 1 1
 1 1 1 1 1 1 1 1 1 1 1 1
 1 1 1 1 1 1 1 1 1 1 1 1
 1 1 1 1 1 1 1 1 1 1 1 1
 1 1 1 1 1 1 1 1 1 1 1 1
# wt_pop
 0.000530656 0.00119633 0.00205827 0.00303499 0.00405521 0.0050647 0.00602623 0.00691692 0.00772489 0.00844611 0.00908185 0.0096367
# maturity
 0.0229774 0.320821 0.904651 0.99478 0.999739 0.999987 0.999999 1 1 1 1 1
# spawnmo
1
# age_err
 1 0 0 0 0 0 0 0 0 0 0 0
 0 1 0 0 0 0 0 0 0 0 0 0
 0 0 1 0 0 0 0 0 0 0 0 0
 0 0 0 1 0 0 0 0 0 0 0 0
 0 0 0 0 1 0 0 0 0 0 0 0
 0 0 0 0 0 1 0 0 0 0 0 0
 0 0 0 0 0 0 1 0 0 0 0 0
 0 0 0 0 0 0 0 1 0 0 0 0
 0 0 0 0 0 0 0 0 1 0 0 0
 0 0 0 0 0 0 0 0 0 1 0 0
 0 0 0 0 0 0 0 0 0 0 1 0
 0 0 0 0 0 0 0 0 0 0 0 1
# cntrlfile_name
C:\Users\bai.li\Desktop\s1_test\AMAK\s43\amak.dat
# Map shared selectivity: 
# sel_map
 1 2
 1 1
# datafile_name
amak_data.dat
# model_name
OM_1
# SrType
2
# use_age_err
0
# retro
0
# sigmarprior
0.2
# cvsigmarprior
0.25
# phase_sigmar
-3
# styr_rec_est
1
# endyr_rec_est
30
# Linfprior
80
# cvLinfprior
0.25
# kprior
0.18
# cvkprior
0.25
# Loprior
27.688
# cvLoprior
0.25
# sdageprior
0.1
# cvsdageprior
0.25
# natmortprior
0.2
# cvnatmortprior
0.25
# phase_M
-4
# npars_Mage
0
# ages_M_changes

# Mage_in

# phase_Mage
-5
# phase_rw_M
0
# npars_rw_M
0
# yrs_rw_M

# sigma_rw_M

# qprior
 3.48998e-007
# cvqprior
 1
# phase_q
 1
# q_power_prior
 1
# cvq_power_prior
 0.2
# phase_q_power
 -4
# phase_rw_q
 -1
# npars_rw_q
 0
# yrs_rw_q

# sigma_rw_q

# q_age_min
 1
# q_age_max
 12
# q_age_min
 1
# q_age_max
 12
# fsh_sel_opt(k)
2
# phase_sel_fsh(k)
-2
# n_sel_ch_fsh(k)
1
# sel_slp_in_fsh(k)(1,n_sel_ch_fsh(k))
 1
# sel_inf_in_fsh(k)(1,n_sel_ch_fsh(k))
 2
# logsel_slp_in_fsh(k)(1,n_sel_ch_fsh(k))
 0
# yrs_sel_ch_fsh(k)(1,n_sel_ch_fsh(k))
 1

Survey survey_index1
# ind_sel_opt(k)
2
# indname(k)
survey_index1
# nselages_in_ind(k)
11
# phase_sel_ind(k)
-2
# sel_change_in_ind(k)
 1 0 0 0 0 0 0 0 0 0 0 0 0 0 0 0 0 0 0 0 0 0 0 0 0 0 0 0 0 0
# n_sel_ch_ind(k)
1
# yrs_sel_ch_ind(k)(1,n_sel_ch_ind(k))
 1
# sel_slp_in_ind(k,1)
2
# sel_inf_in_ind(k,1)
1.5
# logsel_slp_in_ind(k,1)
0.693147
# logsel_slp_in_indv(k)
0.693147
survey_index1 ind sel opt 2  1 0 0 0 0 0 0 0 0 0 0 0 0 0 0 0 0 0 0 0 0 0 0 0 0 0 0 0 0 0
Phase indices Sel_Coffs:  -1
 Test: 1.23457e+008
# Fshry Selages:  11
# Srvy  Selages:  11
# Phase for age-spec fishery  -1
# Phase for logistic fishery  -2
# Phase for dble logistic fishery  -1
# Phase for age-spec indices   -1
# Phase for logistic indices   -2
# Phase for dble logistic ind  -1
# Curv_pen_fsh: 
 0
# Curv_pen_ind: 
 0
# styr_fut
31
# endyr_fut
35
# nyrs_fsh_age
 30
# nyrs_fsh_age
 30
# yrs_fsh_age
 1 2 3 4 5 6 7 8 9 10 11 12 13 14 15 16 17 18 19 20 21 22 23 24 25 26 27 28 29 30
# n_sample_fsh_age
 200 200 200 200 200 200 200 200 200 200 200 200 200 200 200 200 200 200 200 200 200 200 200 200 200 200 200 200 200 200
# oac_fsh
 0.055 0.115 0.115 0.075 0.1 0.095 0.08 0.07 0.055 0.035 0.05 0.155
 0.07 0.11 0.105 0.135 0.09 0.11 0.08 0.045 0.055 0.035 0.035 0.13
 0.075 0.125 0.115 0.14 0.09 0.07 0.08 0.03 0.055 0.06 0.045 0.115
 0.05 0.075 0.185 0.105 0.12 0.095 0.075 0.055 0.04 0.03 0.04 0.13
 0.11 0.115 0.125 0.155 0.1 0.04 0.07 0.06 0.04 0.035 0.025 0.125
 0.07 0.17 0.085 0.13 0.14 0.08 0.065 0.065 0.025 0.035 0.01 0.125
 0.065 0.1 0.19 0.065 0.08 0.11 0.06 0.09 0.025 0.025 0.035 0.155
 0.075 0.095 0.165 0.17 0.06 0.065 0.075 0.05 0.055 0.025 0.03 0.135
 0.075 0.12 0.145 0.145 0.14 0.065 0.065 0.07 0.04 0.015 0.03 0.09
 0.045 0.13 0.18 0.135 0.185 0.055 0.065 0.045 0.04 0.03 0.025 0.065
 0.105 0.17 0.12 0.165 0.085 0.11 0.035 0.05 0.02 0.035 0.025 0.08
 0.085 0.15 0.14 0.115 0.145 0.12 0.085 0.035 0.015 0.02 0.025 0.065
 0.055 0.11 0.185 0.155 0.13 0.08 0.05 0.07 0.04 0.02 0.035 0.07
 0.105 0.165 0.095 0.155 0.1 0.05 0.1 0.065 0.055 0.03 0.015 0.065
 0.1 0.155 0.13 0.095 0.15 0.1 0.08 0.045 0.025 0.035 0.02 0.065
 0.09 0.13 0.18 0.17 0.09 0.11 0.06 0.03 0.045 0.025 0.015 0.055
 0.09 0.205 0.18 0.155 0.105 0.065 0.075 0.045 0.01 0.025 0.01 0.035
 0.085 0.14 0.26 0.1 0.13 0.07 0.08 0.035 0.025 0.02 0.015 0.04
 0.11 0.15 0.215 0.18 0.09 0.085 0.04 0.05 0.02 0.035 0 0.025
 0.115 0.145 0.18 0.19 0.115 0.08 0.05 0.025 0.015 0.03 0.005 0.05
 0.145 0.14 0.18 0.17 0.115 0.105 0.045 0.035 0.015 0.005 0.01 0.035
 0.13 0.245 0.18 0.145 0.095 0.07 0.05 0.02 0.015 0.005 0.01 0.035
 0.175 0.23 0.21 0.125 0.075 0.06 0.015 0.04 0.01 0.02 0.01 0.03
 0.08 0.21 0.23 0.215 0.08 0.04 0.035 0.025 0.03 0.03 0.01 0.015
 0.195 0.18 0.22 0.16 0.12 0.025 0.04 0.02 0.025 0.01 0.005 0
 0.1 0.26 0.195 0.13 0.125 0.1 0.03 0.02 0.01 0.015 0.01 0.005
 0.135 0.17 0.255 0.105 0.12 0.075 0.06 0.03 0.015 0.015 0.01 0.01
 0.165 0.22 0.165 0.17 0.12 0.035 0.05 0.015 0.02 0.01 0.005 0.025
 0.22 0.28 0.17 0.1 0.105 0.045 0.04 0.015 0.01 0.01 0 0.005
 0.165 0.265 0.195 0.135 0.11 0.045 0.03 0.02 0.015 0 0 0.02
# olc_fsh

# wt_fsh
 0.000530656 0.00119633 0.00205827 0.00303499 0.00405521 0.0050647 0.00602623 0.00691692 0.00772489 0.00844611 0.00908185 0.0096367
 0.000530656 0.00119633 0.00205827 0.00303499 0.00405521 0.0050647 0.00602623 0.00691692 0.00772489 0.00844611 0.00908185 0.0096367
 0.000530656 0.00119633 0.00205827 0.00303499 0.00405521 0.0050647 0.00602623 0.00691692 0.00772489 0.00844611 0.00908185 0.0096367
 0.000530656 0.00119633 0.00205827 0.00303499 0.00405521 0.0050647 0.00602623 0.00691692 0.00772489 0.00844611 0.00908185 0.0096367
 0.000530656 0.00119633 0.00205827 0.00303499 0.00405521 0.0050647 0.00602623 0.00691692 0.00772489 0.00844611 0.00908185 0.0096367
 0.000530656 0.00119633 0.00205827 0.00303499 0.00405521 0.0050647 0.00602623 0.00691692 0.00772489 0.00844611 0.00908185 0.0096367
 0.000530656 0.00119633 0.00205827 0.00303499 0.00405521 0.0050647 0.00602623 0.00691692 0.00772489 0.00844611 0.00908185 0.0096367
 0.000530656 0.00119633 0.00205827 0.00303499 0.00405521 0.0050647 0.00602623 0.00691692 0.00772489 0.00844611 0.00908185 0.0096367
 0.000530656 0.00119633 0.00205827 0.00303499 0.00405521 0.0050647 0.00602623 0.00691692 0.00772489 0.00844611 0.00908185 0.0096367
 0.000530656 0.00119633 0.00205827 0.00303499 0.00405521 0.0050647 0.00602623 0.00691692 0.00772489 0.00844611 0.00908185 0.0096367
 0.000530656 0.00119633 0.00205827 0.00303499 0.00405521 0.0050647 0.00602623 0.00691692 0.00772489 0.00844611 0.00908185 0.0096367
 0.000530656 0.00119633 0.00205827 0.00303499 0.00405521 0.0050647 0.00602623 0.00691692 0.00772489 0.00844611 0.00908185 0.0096367
 0.000530656 0.00119633 0.00205827 0.00303499 0.00405521 0.0050647 0.00602623 0.00691692 0.00772489 0.00844611 0.00908185 0.0096367
 0.000530656 0.00119633 0.00205827 0.00303499 0.00405521 0.0050647 0.00602623 0.00691692 0.00772489 0.00844611 0.00908185 0.0096367
 0.000530656 0.00119633 0.00205827 0.00303499 0.00405521 0.0050647 0.00602623 0.00691692 0.00772489 0.00844611 0.00908185 0.0096367
 0.000530656 0.00119633 0.00205827 0.00303499 0.00405521 0.0050647 0.00602623 0.00691692 0.00772489 0.00844611 0.00908185 0.0096367
 0.000530656 0.00119633 0.00205827 0.00303499 0.00405521 0.0050647 0.00602623 0.00691692 0.00772489 0.00844611 0.00908185 0.0096367
 0.000530656 0.00119633 0.00205827 0.00303499 0.00405521 0.0050647 0.00602623 0.00691692 0.00772489 0.00844611 0.00908185 0.0096367
 0.000530656 0.00119633 0.00205827 0.00303499 0.00405521 0.0050647 0.00602623 0.00691692 0.00772489 0.00844611 0.00908185 0.0096367
 0.000530656 0.00119633 0.00205827 0.00303499 0.00405521 0.0050647 0.00602623 0.00691692 0.00772489 0.00844611 0.00908185 0.0096367
 0.000530656 0.00119633 0.00205827 0.00303499 0.00405521 0.0050647 0.00602623 0.00691692 0.00772489 0.00844611 0.00908185 0.0096367
 0.000530656 0.00119633 0.00205827 0.00303499 0.00405521 0.0050647 0.00602623 0.00691692 0.00772489 0.00844611 0.00908185 0.0096367
 0.000530656 0.00119633 0.00205827 0.00303499 0.00405521 0.0050647 0.00602623 0.00691692 0.00772489 0.00844611 0.00908185 0.0096367
 0.000530656 0.00119633 0.00205827 0.00303499 0.00405521 0.0050647 0.00602623 0.00691692 0.00772489 0.00844611 0.00908185 0.0096367
 0.000530656 0.00119633 0.00205827 0.00303499 0.00405521 0.0050647 0.00602623 0.00691692 0.00772489 0.00844611 0.00908185 0.0096367
 0.000530656 0.00119633 0.00205827 0.00303499 0.00405521 0.0050647 0.00602623 0.00691692 0.00772489 0.00844611 0.00908185 0.0096367
 0.000530656 0.00119633 0.00205827 0.00303499 0.00405521 0.0050647 0.00602623 0.00691692 0.00772489 0.00844611 0.00908185 0.0096367
 0.000530656 0.00119633 0.00205827 0.00303499 0.00405521 0.0050647 0.00602623 0.00691692 0.00772489 0.00844611 0.00908185 0.0096367
 0.000530656 0.00119633 0.00205827 0.00303499 0.00405521 0.0050647 0.00602623 0.00691692 0.00772489 0.00844611 0.00908185 0.0096367
 0.000530656 0.00119633 0.00205827 0.00303499 0.00405521 0.0050647 0.00602623 0.00691692 0.00772489 0.00844611 0.00908185 0.0096367
# nyrs_ind_age
 30
# yrs_ind_age
 1 2 3 4 5 6 7 8 9 10 11 12 13 14 15 16 17 18 19 20 21 22 23 24 25 26 27 28 29 30
# n_sample_ind_age
 200 200 200 200 200 200 200 200 200 200 200 200 200 200 200 200 200 200 200 200 200 200 200 200 200 200 200 200 200 200
# oac_ind
 0.055 0.115 0.16 0.12 0.155 0.085 0.07 0.045 0.04 0.03 0.01 0.115
 0.1 0.145 0.145 0.14 0.06 0.06 0.08 0.05 0.04 0.05 0.03 0.1
 0.035 0.16 0.175 0.14 0.11 0.065 0.04 0.055 0.045 0.05 0.015 0.11
 0.025 0.155 0.175 0.12 0.125 0.08 0.04 0.045 0.03 0.05 0.045 0.11
 0.075 0.125 0.15 0.145 0.08 0.07 0.04 0.03 0.035 0.035 0.035 0.18
 0.13 0.195 0.12 0.085 0.1 0.06 0.04 0.055 0.075 0.015 0.035 0.09
 0.06 0.16 0.255 0.1 0.09 0.06 0.065 0.01 0.03 0.01 0.02 0.14
 0.11 0.165 0.125 0.19 0.085 0.065 0.055 0.04 0.015 0.03 0.045 0.075
 0.095 0.175 0.14 0.16 0.125 0.05 0.075 0.035 0.02 0.03 0.01 0.085
 0.085 0.135 0.225 0.085 0.13 0.125 0.04 0.015 0.045 0.015 0.02 0.08
 0.105 0.185 0.145 0.175 0.08 0.085 0.075 0.025 0.01 0.03 0.015 0.07
 0.065 0.14 0.245 0.145 0.085 0.065 0.05 0.065 0.02 0.025 0.025 0.07
 0.055 0.155 0.225 0.19 0.08 0.095 0.03 0.05 0.035 0.01 0.01 0.065
 0.105 0.185 0.13 0.165 0.095 0.065 0.075 0.04 0.05 0.025 0.005 0.06
 0.075 0.23 0.16 0.135 0.09 0.105 0.03 0.05 0.025 0.02 0.02 0.06
 0.1 0.205 0.2 0.135 0.105 0.075 0.065 0.03 0.035 0.015 0.015 0.02
 0.065 0.245 0.13 0.175 0.115 0.05 0.085 0.03 0.035 0.02 0.01 0.04
 0.09 0.24 0.165 0.12 0.13 0.04 0.06 0.05 0.045 0.02 0 0.04
 0.105 0.155 0.215 0.19 0.085 0.07 0.055 0.04 0.015 0.025 0.005 0.04
 0.08 0.235 0.22 0.175 0.13 0.06 0.04 0.03 0 0 0.005 0.025
 0.115 0.155 0.23 0.1 0.12 0.09 0.06 0.03 0.04 0.03 0.01 0.02
 0.11 0.275 0.15 0.175 0.09 0.07 0.035 0.03 0.02 0.02 0.015 0.01
 0.115 0.255 0.315 0.11 0.085 0.035 0.04 0.015 0.01 0.005 0.005 0.01
 0.08 0.195 0.305 0.145 0.05 0.09 0.025 0.04 0.04 0.005 0.015 0.01
 0.185 0.18 0.25 0.145 0.115 0.03 0.035 0.01 0.015 0.005 0.01 0.02
 0.1 0.29 0.19 0.135 0.13 0.06 0.03 0.02 0.015 0.005 0.01 0.015
 0.145 0.23 0.25 0.16 0.085 0.075 0.02 0.015 0 0.015 0.005 0
 0.165 0.215 0.17 0.21 0.085 0.035 0.06 0.035 0.005 0.005 0.005 0.01
 0.135 0.28 0.17 0.13 0.115 0.07 0.035 0.025 0.02 0.005 0.015 0
 0.11 0.34 0.18 0.155 0.09 0.07 0.035 0.01 0 0.005 0 0.005
# olc_ind

# obs_lse_ind
 0.198042 0.198042 0.198042 0.198042 0.198042 0.198042 0.198042 0.198042 0.198042 0.198042 0.198042 0.198042 0.198042 0.198042 0.198042 0.198042 0.198042 0.198042 0.198042 0.198042 0.198042 0.198042 0.198042 0.198042 0.198042 0.198042 0.198042 0.198042 0.198042 0.198042
# xages_fsh
 0 0 0 0 0 0 0 0 0 0 0 0
# xages_fsh
 0 0.0909091 0.181818 0.272727 0.363636 0.454545 0.545455 0.636364 0.727273 0.818182 0.909091 1
# xnodes_fsh

Yrs fsh_sel change:  1 0 0 0 0 0 0 0 0 0 0 0 0 0 0 0 0 0 0 0 0 0 0 0 0 0 0 0 0
Yrs ind_sel change:  1 0 0 0 0 0 0 0 0 0 0 0 0 0 0 0 0 0 0 0 0 0 0 0 0 0 0 0 0
# steepnessprior
0.75
# sigmarprior
0.2
#  SSB estimated in styr endyr: -12 28 
#  Rec estimated in styr endyr: -10 30 
#  SR Curve fit  in styr endyr: 1 30 
#             Model styr endyr: 1 30 
# qprior
 3.48998e-007
# q_power_prior 
 1 
# cv_catchbiomass 
0.05 
# CatchbiomassPen 
200 
# Number of projection years 
5 
# offset_fsh
 13425.3
# offset_ind
 13040.6
Mean Catch
1276.96
R_guess 
13.8155
# nfsh
1
# n_sel_ch_fsh
 1
# nselages_fsh
 11
# phase_selcoff_fsh
 -1
logRzero 13.8155
logmeanrec 13.8155
exp(log_sigmarprior 0.2
Fish sel phase: -1 OM1
Fixing fishery sel to
1
Fixing fishery sel to
1
Srvy sel phase: -1
Fixing survey_index1 indices sel to
1
Fixing index sel to
1
# logsel_slp_in_indv
 0.693147
Leaving parameter init secton
# M
 0.2 0.2 0.2 0.2 0.2 0.2 0.2 0.2 0.2 0.2 0.2 0.2
 0.2 0.2 0.2 0.2 0.2 0.2 0.2 0.2 0.2 0.2 0.2 0.2
 0.2 0.2 0.2 0.2 0.2 0.2 0.2 0.2 0.2 0.2 0.2 0.2
 0.2 0.2 0.2 0.2 0.2 0.2 0.2 0.2 0.2 0.2 0.2 0.2
 0.2 0.2 0.2 0.2 0.2 0.2 0.2 0.2 0.2 0.2 0.2 0.2
 0.2 0.2 0.2 0.2 0.2 0.2 0.2 0.2 0.2 0.2 0.2 0.2
 0.2 0.2 0.2 0.2 0.2 0.2 0.2 0.2 0.2 0.2 0.2 0.2
 0.2 0.2 0.2 0.2 0.2 0.2 0.2 0.2 0.2 0.2 0.2 0.2
 0.2 0.2 0.2 0.2 0.2 0.2 0.2 0.2 0.2 0.2 0.2 0.2
 0.2 0.2 0.2 0.2 0.2 0.2 0.2 0.2 0.2 0.2 0.2 0.2
 0.2 0.2 0.2 0.2 0.2 0.2 0.2 0.2 0.2 0.2 0.2 0.2
 0.2 0.2 0.2 0.2 0.2 0.2 0.2 0.2 0.2 0.2 0.2 0.2
 0.2 0.2 0.2 0.2 0.2 0.2 0.2 0.2 0.2 0.2 0.2 0.2
 0.2 0.2 0.2 0.2 0.2 0.2 0.2 0.2 0.2 0.2 0.2 0.2
 0.2 0.2 0.2 0.2 0.2 0.2 0.2 0.2 0.2 0.2 0.2 0.2
 0.2 0.2 0.2 0.2 0.2 0.2 0.2 0.2 0.2 0.2 0.2 0.2
 0.2 0.2 0.2 0.2 0.2 0.2 0.2 0.2 0.2 0.2 0.2 0.2
 0.2 0.2 0.2 0.2 0.2 0.2 0.2 0.2 0.2 0.2 0.2 0.2
 0.2 0.2 0.2 0.2 0.2 0.2 0.2 0.2 0.2 0.2 0.2 0.2
 0.2 0.2 0.2 0.2 0.2 0.2 0.2 0.2 0.2 0.2 0.2 0.2
 0.2 0.2 0.2 0.2 0.2 0.2 0.2 0.2 0.2 0.2 0.2 0.2
 0.2 0.2 0.2 0.2 0.2 0.2 0.2 0.2 0.2 0.2 0.2 0.2
 0.2 0.2 0.2 0.2 0.2 0.2 0.2 0.2 0.2 0.2 0.2 0.2
 0.2 0.2 0.2 0.2 0.2 0.2 0.2 0.2 0.2 0.2 0.2 0.2
 0.2 0.2 0.2 0.2 0.2 0.2 0.2 0.2 0.2 0.2 0.2 0.2
 0.2 0.2 0.2 0.2 0.2 0.2 0.2 0.2 0.2 0.2 0.2 0.2
 0.2 0.2 0.2 0.2 0.2 0.2 0.2 0.2 0.2 0.2 0.2 0.2
 0.2 0.2 0.2 0.2 0.2 0.2 0.2 0.2 0.2 0.2 0.2 0.2
 0.2 0.2 0.2 0.2 0.2 0.2 0.2 0.2 0.2 0.2 0.2 0.2
 0.2 0.2 0.2 0.2 0.2 0.2 0.2 0.2 0.2 0.2 0.2 0.2
# mean_log_rec
13.7275
# log_Rzero
13.7967
# rec_dev
 -0.105971 -0.0785416 -0.0464447 0.0475117 0.166633 0.0404429 0.00475126 0.027357 -0.106066 0.0540617 0.0394256 0.0334902 0.263144 -0.00684509 -0.160513 0.383716 0.304872 0.0331738 0.269855 -0.025628 0.172448 0.16401 -0.124711 -0.0478939 0.125011 -0.0869106 0.165046 0.0277331 -0.198086 -0.118817 -0.361147 0.0646133 -0.0048228 -0.186093 -0.365212 -0.0554296 -0.424011 -0.326473 -0.172409 -0.0291621 -0.271074
# fmort
 0.00939155 0.0278525 0.0462516 0.0629365 0.0503683 0.0924412 0.0927994 0.197525 0.114384 0.140389 0.158231 0.170506 0.123275 0.178315 0.190501 0.170046 0.329404 0.270028 0.267793 0.26507 0.366893 0.264753 0.438375 0.36193 0.358791 0.325953 0.311154 0.43652 0.333132 0.504568
# rec_dev_future
 0 0 0 0 0
